('Under sample factor: ', 4)
FLAIR20201016-113444/jonatank_lat60_ns50_ps28_modalityFLAIR_step100000.ckpt
Read from existing u.s. pattern file
Read from existing sensmap pattern file
---- Defining VAE
>>> lat_dim value: 60
>>> mode is: MRIunproc
2020-10-19 15:09:00.081327: I tensorflow/core/platform/cpu_feature_guard.cc:141] Your CPU supports instructions that this TensorFlow binary was not compiled to use: AVX2 FMA
2020-10-19 15:09:00.305783: I tensorflow/core/common_runtime/gpu/gpu_device.cc:1432] Found device 0 with properties: 
name: TITAN Xp major: 6 minor: 1 memoryClockRate(GHz): 1.582
pciBusID: 0000:84:00.0
totalMemory: 11.91GiB freeMemory: 11.76GiB
2020-10-19 15:09:00.305819: I tensorflow/core/common_runtime/gpu/gpu_device.cc:1511] Adding visible gpu devices: 0
2020-10-19 15:09:07.824312: I tensorflow/core/common_runtime/gpu/gpu_device.cc:982] Device interconnect StreamExecutor with strength 1 edge matrix:
2020-10-19 15:09:07.824366: I tensorflow/core/common_runtime/gpu/gpu_device.cc:988]      0 
2020-10-19 15:09:07.824378: I tensorflow/core/common_runtime/gpu/gpu_device.cc:1001] 0:   N 
2020-10-19 15:09:07.824737: I tensorflow/core/common_runtime/gpu/gpu_device.cc:1115] Created TensorFlow device (/job:localhost/replica:0/task:0/device:GPU:0 with 11376 MB memory) -> physical GPU (device: 0, name: TITAN Xp, pci bus id: 0000:84:00.0, compute capability: 6.1)
Initialized parameters
KCT-info: loaded the new model, trained fastmri
KCT-INFO: the gradients: 
Tensor("gradients_2/AddN_3:0", shape=(1250, 784), dtype=float32)
Tensor("gradients_3/Reshape_2_grad/Reshape:0", shape=(1250, 784), dtype=float32)
Tensor("gradients_4/Reshape_2_grad/Reshape:0", shape=(1250, 784), dtype=float32)
KCT-INFO: there will be in total 1035 patches.
it no: 0 f_tot= -2606.594249952894 f_lik= -3450.360000697545 f_dc (1e6)= 0.0008437657507446506 |g_lik|= 94362.55617799761 |g_dc|= 58.0952924338849
f_dc (1e6): 0.0008401344199353938  perc: 100.00002348065533
it no: 2 f_tot= -1933.9932095753948 f_lik= -2774.1276295107887 f_dc (1e6)= 0.0008401344199353938 |g_lik|= 362153.5218648561 |g_dc|= 57.970144727623115
f_dc (1e6): 0.0008401342625164  perc: 100.00000474329295
it no: 4 f_tot= -1932.8981156458024 f_lik= -2773.0323781622023 f_dc (1e6)= 0.0008401342625164 |g_lik|= 362334.56907829695 |g_dc|= 57.97013929658612
f_dc (1e6): 0.0008401342649764677  perc: 100.00000503611138
it no: 6 f_tot= -1932.9310637995736 f_lik= -2773.0653287760415 f_dc (1e6)= 0.0008401342649764677 |g_lik|= 362297.7103038094 |g_dc|= 57.97013938145973
f_dc (1e6): 0.0008401342648074484  perc: 100.00000501599322
it no: 8 f_tot= -1932.923516070528 f_lik= -2773.0577808779763 f_dc (1e6)= 0.0008401342648074484 |g_lik|= 362319.5481205186 |g_dc|= 57.970139375628534
f_dc (1e6): 0.0008401342651936079  perc: 100.00000506195725
it no: 10 f_tot= -1932.9790720924784 f_lik= -2773.1133372860863 f_dc (1e6)= 0.0008401342651936079 |g_lik|= 362306.27516411984 |g_dc|= 57.970139388951196
f_dc (1e6): 0.0008401342651533383  perc: 100.00000505716402
it no: 12 f_tot= -1932.8850161431646 f_lik= -2773.019281296503 f_dc (1e6)= 0.0008401342651533383 |g_lik|= 362296.6937537645 |g_dc|= 57.97013938756189
f_dc (1e6): 0.0008401342647680638  perc: 100.00000501130532
it no: 14 f_tot= -1932.938343351356 f_lik= -2773.07260811942 f_dc (1e6)= 0.0008401342647680638 |g_lik|= 362304.3649287244 |g_dc|= 57.970139374269706
f_dc (1e6): 0.0008401342649914973  perc: 100.00000503790031
it no: 16 f_tot= -1933.0161672536665 f_lik= -2773.1504322451638 f_dc (1e6)= 0.0008401342649914973 |g_lik|= 362327.37326814607 |g_dc|= 57.97013938197831
f_dc (1e6): 0.0008401342652134301  perc: 100.00000506431667
it no: 18 f_tot= -1932.8526653576266 f_lik= -2772.9869305710567 f_dc (1e6)= 0.0008401342652134301 |g_lik|= 362312.2822199162 |g_dc|= 57.970139389635
f_dc (1e6): 0.0008401342646785289  perc: 100.00000500064812
it no: 20 f_tot= -1932.9146594751169 f_lik= -2773.0489241536457 f_dc (1e6)= 0.0008401342646785289 |g_lik|= 362321.3204873701 |g_dc|= 57.97013937118072
f_dc (1e6): 0.0008401342651167044  perc: 100.00000505280353
it no: 22 f_tot= -1932.9685634268226 f_lik= -2773.102828543527 f_dc (1e6)= 0.0008401342651167044 |g_lik|= 362309.1370645085 |g_dc|= 57.970139386297944
f_dc (1e6): 0.0008401342649144541  perc: 100.00000502872997
it no: 24 f_tot= -1932.9560659542217 f_lik= -2773.0903308686757 f_dc (1e6)= 0.0008401342649144541 |g_lik|= 362303.9044830317 |g_dc|= 57.97013937932036
f_dc (1e6): 0.0008401342652551406  perc: 100.0000050692814
it no: 26 f_tot= -1932.9140959799784 f_lik= -2773.048361235119 f_dc (1e6)= 0.0008401342652551406 |g_lik|= 362306.7393068315 |g_dc|= 57.97013939107416
f_dc (1e6): 0.0008401342650690518  perc: 100.00000504713151
it no: 28 f_tot= -1932.9416898695645 f_lik= -2773.075954938616 f_dc (1e6)= 0.0008401342650690518 |g_lik|= 362321.2010067035 |g_dc|= 57.97013938465396
f_dc (1e6): 0.000840134265068178  perc: 100.00000504702751
it no: 30 f_tot= -1932.9262278633696 f_lik= -2773.0604929315477 f_dc (1e6)= 0.000840134265068178 |g_lik|= 362304.19197724265 |g_dc|= 57.97013938462376
f_dc (1e6): 0.0008401342650504159  perc: 100.00000504491332
it no: 32 f_tot= -1932.9509690920693 f_lik= -2773.085234142485 f_dc (1e6)= 0.0008401342650504159 |g_lik|= 362320.5006697776 |g_dc|= 57.970139384011034
f_dc (1e6): 0.0008401342651649334  perc: 100.00000505854416
it no: 34 f_tot= -1932.9184341003197 f_lik= -2773.052699265253 f_dc (1e6)= 0.0008401342651649334 |g_lik|= 362327.0118185519 |g_dc|= 57.970139387961886
f_dc (1e6): 0.0008401342648497341  perc: 100.00000502102644
it no: 36 f_tot= -1932.95033708479 f_lik= -2773.084601934524 f_dc (1e6)= 0.0008401342648497341 |g_lik|= 362316.5962228742 |g_dc|= 57.97013937708738
f_dc (1e6): 0.0008401342652903561  perc: 100.00000507347306
it no: 38 f_tot= -1932.8652487535426 f_lik= -2772.9995140438987 f_dc (1e6)= 0.0008401342652903561 |g_lik|= 362329.81968896126 |g_dc|= 57.970139392288964
f_dc (1e6): 0.0008401342648723152  perc: 100.00000502371424
it no: 40 f_tot= -1932.893070739664 f_lik= -2773.027335611979 f_dc (1e6)= 0.0008401342648723152 |g_lik|= 362333.5063089736 |g_dc|= 57.97013937786646
f_dc (1e6): 0.0008401342649243708  perc: 100.00000502991035
it no: 42 f_tot= -1932.9304667534564 f_lik= -2773.0647316778272 f_dc (1e6)= 0.0008401342649243708 |g_lik|= 362327.60810007027 |g_dc|= 57.97013937966243
f_dc (1e6): 0.0008401342652554415  perc: 100.00000506931723
it no: 44 f_tot= -1932.8728018018503 f_lik= -2773.007067057292 f_dc (1e6)= 0.0008401342652554415 |g_lik|= 362300.7670437163 |g_dc|= 57.97013939108457
f_dc (1e6): 0.0008401342652522406  perc: 100.00000506893622
it no: 46 f_tot= -1932.9276167232056 f_lik= -2773.0618819754463 f_dc (1e6)= 0.0008401342652522406 |g_lik|= 362331.55048634403 |g_dc|= 57.97013939097403
f_dc (1e6): 0.000840134264963101  perc: 100.00000503452034
it no: 48 f_tot= -1932.9115534892799 f_lik= -2773.045818452381 f_dc (1e6)= 0.000840134264963101 |g_lik|= 362295.1198902385 |g_dc|= 57.97013938099858
f_dc (1e6): 0.0008401342651248875  perc: 100.00000505377756
it no: 50 f_tot= -1932.8792742166306 f_lik= -2773.013539341518 f_dc (1e6)= 0.0008401342651248875 |g_lik|= 362334.2683421648 |g_dc|= 57.97013938658024
f_dc (1e6): 0.0008401342649737604  perc: 100.0000050357891
it no: 52 f_tot= -1932.877957403472 f_lik= -2773.0122223772323 f_dc (1e6)= 0.0008401342649737604 |g_lik|= 362339.5207306986 |g_dc|= 57.97013938136637
f_dc (1e6): 0.0008401342647439564  perc: 100.00000500843586
it no: 54 f_tot= -1932.9454404271746 f_lik= -2773.079705171131 f_dc (1e6)= 0.0008401342647439564 |g_lik|= 362314.97231623245 |g_dc|= 57.97013937343794
f_dc (1e6): 0.0008401342650042708  perc: 100.00000503942073
it no: 56 f_tot= -1932.9108903156698 f_lik= -2773.0451553199405 f_dc (1e6)= 0.0008401342650042708 |g_lik|= 362330.6704149912 |g_dc|= 57.97013938241895
f_dc (1e6): 0.0008401342649177985  perc: 100.00000502912805
it no: 58 f_tot= -1932.9400005676926 f_lik= -2773.074265485491 f_dc (1e6)= 0.0008401342649177985 |g_lik|= 362333.83316797874 |g_dc|= 57.97013937943563
f_dc (1e6): 0.000840134265046858  perc: 100.00000504448982
it no: 60 f_tot= -1932.9389943467434 f_lik= -2773.0732593936013 f_dc (1e6)= 0.000840134265046858 |g_lik|= 362286.71509185486 |g_dc|= 57.97013938388825
f_dc (1e6): 0.0008401342647140522  perc: 100.0000050048764
it no: 62 f_tot= -1932.926934132674 f_lik= -2773.0611988467263 f_dc (1e6)= 0.0008401342647140522 |g_lik|= 362314.20619823347 |g_dc|= 57.97013937240627
f_dc (1e6): 0.000840134264685049  perc: 100.00000500142421
it no: 64 f_tot= -1932.9603037673319 f_lik= -2773.094568452381 f_dc (1e6)= 0.000840134264685049 |g_lik|= 362320.73314674525 |g_dc|= 57.97013937140566
f_dc (1e6): 0.0008401342650163655  perc: 100.00000504086034
it no: 66 f_tot= -1932.926298134676 f_lik= -2773.0605631510416 f_dc (1e6)= 0.0008401342650163655 |g_lik|= 362307.78987003106 |g_dc|= 57.97013938283624
f_dc (1e6): 0.0008401342649616277  perc: 100.00000503434497
it no: 68 f_tot= -1932.8646677950687 f_lik= -2772.9989327566964 f_dc (1e6)= 0.0008401342649616277 |g_lik|= 362313.8834678738 |g_dc|= 57.97013938094787
f_dc (1e6): 0.000840134264769663  perc: 100.00000501149569
it no: 70 f_tot= -1932.9451662664233 f_lik= -2773.079431036086 f_dc (1e6)= 0.000840134264769663 |g_lik|= 362315.93621814006 |g_dc|= 57.97013937432495
f_dc (1e6): 0.000840134264972077  perc: 100.00000503558874
it no: 72 f_tot= -1932.9080536663157 f_lik= -2773.0423186383928 f_dc (1e6)= 0.000840134264972077 |g_lik|= 362315.7271859083 |g_dc|= 57.970139381308165
f_dc (1e6): 0.0008401342650695981  perc: 100.00000504719654
it no: 74 f_tot= -1932.9142568333039 f_lik= -2773.048521902902 f_dc (1e6)= 0.0008401342650695981 |g_lik|= 362318.7311661664 |g_dc|= 57.97013938467273
f_dc (1e6): 0.0008401342647995903  perc: 100.0000050150579
it no: 76 f_tot= -1932.8528227190109 f_lik= -2772.987087518601 f_dc (1e6)= 0.0008401342647995903 |g_lik|= 362315.7897719938 |g_dc|= 57.970139375357356
f_dc (1e6): 0.0008401342648407647  perc: 100.00000501995883
it no: 78 f_tot= -1932.9412264631787 f_lik= -2773.0754913039436 f_dc (1e6)= 0.0008401342648407647 |g_lik|= 362295.1143739949 |g_dc|= 57.970139376777944
f_dc (1e6): 0.0008401342649978457  perc: 100.00000503865594
it no: 80 f_tot= -1932.9713793008896 f_lik= -2773.105644298735 f_dc (1e6)= 0.0008401342649978457 |g_lik|= 362317.68414027785 |g_dc|= 57.97013938219731
f_dc (1e6): 0.0008401342646280638  perc: 100.00000499464133
it no: 82 f_tot= -1932.8652329072788 f_lik= -2772.9994975353425 f_dc (1e6)= 0.0008401342646280638 |g_lik|= 362329.2889380156 |g_dc|= 57.97013936943962
f_dc (1e6): 0.0008401342649422218  perc: 100.00000503203512
it no: 84 f_tot= -1932.9746715347128 f_lik= -2773.1089364769346 f_dc (1e6)= 0.0008401342649422218 |g_lik|= 362305.192715816 |g_dc|= 57.97013938027824
f_dc (1e6): 0.0008401342649383914  perc: 100.00000503157919
it no: 86 f_tot= -1932.9569522770103 f_lik= -2773.0912172154017 f_dc (1e6)= 0.0008401342649383914 |g_lik|= 362306.8574368945 |g_dc|= 57.97013938014608
f_dc (1e6): 0.0008401342650513363  perc: 100.00000504502287
it no: 88 f_tot= -1932.9139620226963 f_lik= -2773.0482270740326 f_dc (1e6)= 0.0008401342650513363 |g_lik|= 362294.1916021626 |g_dc|= 57.97013938404283
f_dc (1e6): 0.0008401342650501898  perc: 100.00000504488641
it no: 90 f_tot= -1932.8217303460156 f_lik= -2772.9559953962053 f_dc (1e6)= 0.0008401342650501898 |g_lik|= 362317.5425516983 |g_dc|= 57.97013938400309
f_dc (1e6): 0.0008401342650300624  perc: 100.00000504249067
it no: 92 f_tot= -1932.9068463910685 f_lik= -2773.041111421131 f_dc (1e6)= 0.0008401342650300624 |g_lik|= 362316.9455551322 |g_dc|= 57.97013938330894
f_dc (1e6): 0.0008401342648251166  perc: 100.00000501809625
it no: 94 f_tot= -1932.9595965495114 f_lik= -2773.093861374628 f_dc (1e6)= 0.0008401342648251166 |g_lik|= 362314.8040233702 |g_dc|= 57.970139376238045
f_dc (1e6): 0.0008401342650430668  perc: 100.00000504403855
it no: 96 f_tot= -1932.931821731487 f_lik= -2773.0660867745537 f_dc (1e6)= 0.0008401342650430668 |g_lik|= 362324.7694322615 |g_dc|= 57.9701393837574
f_dc (1e6): 0.0008401342647903324  perc: 100.00000501395593
it no: 98 f_tot= -1932.8890987699356 f_lik= -2773.023363560268 f_dc (1e6)= 0.0008401342647903324 |g_lik|= 362328.1862591252 |g_dc|= 57.97013937503791
f_dc (1e6): 0.000840134264888953  perc: 100.0000050256946
it no: 100 f_tot= -1932.8966077393952 f_lik= -2773.0308726283483 f_dc (1e6)= 0.000840134264888953 |g_lik|= 362333.9181943815 |g_dc|= 57.97013937844039
f_dc (1e6): 0.0008401342650289216  perc: 100.00000504235487
it no: 102 f_tot= -1932.9304247962273 f_lik= -2773.064689825149 f_dc (1e6)= 0.0008401342650289216 |g_lik|= 362307.72358171793 |g_dc|= 57.97013938326943
f_dc (1e6): 0.0008401342649483831  perc: 100.0000050327685
it no: 104 f_tot= -1932.9572010579413 f_lik= -2773.0914660063245 f_dc (1e6)= 0.0008401342649483831 |g_lik|= 362313.93260799017 |g_dc|= 57.970139380490906
f_dc (1e6): 0.0008401342652420919  perc: 100.00000506772824
it no: 106 f_tot= -1932.9154429517323 f_lik= -2773.0497081938242 f_dc (1e6)= 0.0008401342652420919 |g_lik|= 362338.1575490758 |g_dc|= 57.970139390623984
f_dc (1e6): 0.0008401342648368568  perc: 100.00000501949366
it no: 108 f_tot= -1932.9170514298844 f_lik= -2773.051316266741 f_dc (1e6)= 0.0008401342648368568 |g_lik|= 362326.75764906564 |g_dc|= 57.97013937664307
f_dc (1e6): 0.00084013426495914  perc: 100.00000503404887
it no: 110 f_tot= -1932.8853411606517 f_lik= -2773.0196061197917 f_dc (1e6)= 0.00084013426495914 |g_lik|= 362308.3531864337 |g_dc|= 57.97013938086195
f_dc (1e6): 0.0008401342650391607  perc: 100.00000504357361
it no: 112 f_tot= -1932.881164648339 f_lik= -2773.0154296875 f_dc (1e6)= 0.0008401342650391607 |g_lik|= 362317.9297206188 |g_dc|= 57.97013938362265
f_dc (1e6): 0.0008401342646988356  perc: 100.0000050030652
it no: 114 f_tot= -1932.9559624682033 f_lik= -2773.090227167039 f_dc (1e6)= 0.0008401342646988356 |g_lik|= 362310.7552820159 |g_dc|= 57.97013937188123
f_dc (1e6): 0.0008401342648582412  perc: 100.00000502203902
it no: 116 f_tot= -1932.8966556681726 f_lik= -2773.030920526414 f_dc (1e6)= 0.0008401342648582412 |g_lik|= 362294.43982895196 |g_dc|= 57.97013937738095
f_dc (1e6): 0.0008401342650103374  perc: 100.00000504014282
it no: 118 f_tot= -1932.93015416749 f_lik= -2773.0644191778274 f_dc (1e6)= 0.0008401342650103374 |g_lik|= 362350.01004883146 |g_dc|= 57.970139382628275
f_dc (1e6): 0.0008401342652799148  perc: 100.00000507223022
it no: 120 f_tot= -1932.9686458063948 f_lik= -2773.1029110863096 f_dc (1e6)= 0.0008401342652799148 |g_lik|= 362307.32412670547 |g_dc|= 57.970139391928846
f_dc (1e6): 0.0008401342646054802  perc: 100.00000499195325
it no: 122 f_tot= -1932.942898712972 f_lik= -2773.077163318452 f_dc (1e6)= 0.0008401342646054802 |g_lik|= 362304.4551675794 |g_dc|= 57.97013936866047
f_dc (1e6): 0.0008401342650006441  perc: 100.00000503898906
it no: 124 f_tot= -1932.9465148542668 f_lik= -2773.080779854911 f_dc (1e6)= 0.0008401342650006441 |g_lik|= 362290.7869415498 |g_dc|= 57.970139382293894
f_dc (1e6): 0.0008401342652960992  perc: 100.00000507415665
it no: 126 f_tot= -1932.8661134706417 f_lik= -2773.000378766741 f_dc (1e6)= 0.0008401342652960992 |g_lik|= 362333.9951085308 |g_dc|= 57.970139392487255
f_dc (1e6): 0.0008401342648526597  perc: 100.00000502137466
it no: 128 f_tot= -1932.903676693099 f_lik= -2773.0379415457587 f_dc (1e6)= 0.0008401342648526597 |g_lik|= 362304.6763193917 |g_dc|= 57.97013937718823
f_dc (1e6): 0.0008401342649236903  perc: 100.00000502982932
it no: 130 f_tot= -1932.949118865372 f_lik= -2773.0833837890623 f_dc (1e6)= 0.0008401342649236903 |g_lik|= 362305.4507806994 |g_dc|= 57.970139379639065
f_dc (1e6): 0.0008401342649528114  perc: 100.00000503329558
it no: 132 f_tot= -1932.969919617501 f_lik= -2773.1041845703126 f_dc (1e6)= 0.0008401342649528114 |g_lik|= 362323.49122961384 |g_dc|= 57.97013938064368
f_dc (1e6): 0.0008401342651228502  perc: 100.00000505353506
it no: 134 f_tot= -1932.9086145739507 f_lik= -2773.042879696801 f_dc (1e6)= 0.0008401342651228502 |g_lik|= 362322.99214431114 |g_dc|= 57.97013938651007
f_dc (1e6): 0.000840134264564743  perc: 100.00000498710435
it no: 136 f_tot= -1932.874922563233 f_lik= -2773.009187127976 f_dc (1e6)= 0.000840134264564743 |g_lik|= 362313.8752107055 |g_dc|= 57.97013936725505
f_dc (1e6): 0.0008401342646367751  perc: 100.00000499567824
it no: 138 f_tot= -1932.8774059826442 f_lik= -2773.0116706194194 f_dc (1e6)= 0.0008401342646367751 |g_lik|= 362309.7419523749 |g_dc|= 57.970139369740195
f_dc (1e6): 0.0008401342653372899  perc: 100.0000050790595
it no: 140 f_tot= -1932.9003735671 f_lik= -2773.03463890439 f_dc (1e6)= 0.0008401342653372899 |g_lik|= 362308.5892460908 |g_dc|= 57.970139393908326
f_dc (1e6): 0.0008401342650377165  perc: 100.0000050434017
it no: 142 f_tot= -1932.9754605947242 f_lik= -2773.1097256324406 f_dc (1e6)= 0.0008401342650377165 |g_lik|= 362335.68399527366 |g_dc|= 57.970139383572835
f_dc (1e6): 0.0008401342646321167  perc: 100.00000499512373
it no: 144 f_tot= -1932.881632177779 f_lik= -2773.015896809896 f_dc (1e6)= 0.0008401342646321167 |g_lik|= 362307.5437583737 |g_dc|= 57.97013936957945
f_dc (1e6): 0.0008401342652671276  perc: 100.0000050707082
it no: 146 f_tot= -1932.9821958563841 f_lik= -2773.1164611235117 f_dc (1e6)= 0.0008401342652671276 |g_lik|= 362334.9778887437 |g_dc|= 57.97013939148767
f_dc (1e6): 0.0008401342649598717  perc: 100.00000503413597
it no: 148 f_tot= -1932.8696152484613 f_lik= -2773.003880208333 f_dc (1e6)= 0.0008401342649598717 |g_lik|= 362304.85379603313 |g_dc|= 57.970139380887154
f_dc (1e6): 0.0008401342652353114  perc: 100.00000506692116
it no: 150 f_tot= -1932.8699479343313 f_lik= -2773.0042131696428 f_dc (1e6)= 0.0008401342652353114 |g_lik|= 362316.7960042696 |g_dc|= 57.970139390390116
f_dc (1e6): 0.0008401342651892948  perc: 100.00000506144387
it no: 152 f_tot= -1932.9168048441875 f_lik= -2773.051070033482 f_dc (1e6)= 0.0008401342651892948 |g_lik|= 362314.1360672196 |g_dc|= 57.970139388802366
f_dc (1e6): 0.0008401342649264176  perc: 100.00000503015396
it no: 154 f_tot= -1932.981144299773 f_lik= -2773.1154092261904 f_dc (1e6)= 0.0008401342649264176 |g_lik|= 362302.8790648692 |g_dc|= 57.97013937973306
f_dc (1e6): 0.0008401342647880981  perc: 100.00000501368999
it no: 156 f_tot= -1932.8665608722442 f_lik= -2773.0008256603423 f_dc (1e6)= 0.0008401342647880981 |g_lik|= 362303.0064376683 |g_dc|= 57.970139374961015
f_dc (1e6): 0.0008401342649403287  perc: 100.00000503180979
it no: 158 f_tot= -1932.928159492335 f_lik= -2773.0624244326636 f_dc (1e6)= 0.0008401342649403287 |g_lik|= 362308.4825031785 |g_dc|= 57.970139380212956
f_dc (1e6): 0.0008401342648862622  perc: 100.00000502537434
it no: 160 f_tot= -1932.917908197815 f_lik= -2773.0521730840774 f_dc (1e6)= 0.0008401342648862622 |g_lik|= 362310.21009968926 |g_dc|= 57.97013937834757
f_dc (1e6): 0.0008401342648277754  perc: 100.00000501841271
it no: 162 f_tot= -1932.849402396927 f_lik= -2772.9836672247025 f_dc (1e6)= 0.0008401342648277754 |g_lik|= 362289.6735776087 |g_dc|= 57.970139376329726
f_dc (1e6): 0.0008401342648792546  perc: 100.00000502454022
it no: 164 f_tot= -1932.9813968580966 f_lik= -2773.1156617373513 f_dc (1e6)= 0.0008401342648792546 |g_lik|= 362325.55391495436 |g_dc|= 57.97013937810598
f_dc (1e6): 0.0008401342645047877  perc: 100.00000497996795
it no: 166 f_tot= -1932.9461963397064 f_lik= -2773.080460844494 f_dc (1e6)= 0.0008401342645047877 |g_lik|= 362310.1394156422 |g_dc|= 57.97013936518652
f_dc (1e6): 0.0008401342649778078  perc: 100.00000503627086
it no: 168 f_tot= -1932.89131561185 f_lik= -2773.0255805896577 f_dc (1e6)= 0.0008401342649778078 |g_lik|= 362312.4261060346 |g_dc|= 57.97013938150613
f_dc (1e6): 0.0008401342646514902  perc: 100.00000499742974
it no: 170 f_tot= -1932.9365770523789 f_lik= -2773.070841703869 f_dc (1e6)= 0.0008401342646514902 |g_lik|= 362305.1622056233 |g_dc|= 57.97013937024777
f_dc (1e6): 0.0008401342648791618  perc: 100.00000502452917
it no: 172 f_tot= -1932.9219369902578 f_lik= -2773.0562018694195 f_dc (1e6)= 0.0008401342648791618 |g_lik|= 362301.1885597344 |g_dc|= 57.97013937810262
f_dc (1e6): 0.0008401342650151309  perc: 100.00000504071339
