('Under sample factor: ', 4)
FLAIR20201016-113444/jonatank_lat60_ns50_ps28_modalityFLAIR_step100000.ckpt
Read from existing u.s. pattern file
Read from existing sensmap pattern file
---- Defining VAE
>>> lat_dim value: 60
>>> mode is: MRIunproc
2020-10-19 14:39:57.078285: I tensorflow/core/platform/cpu_feature_guard.cc:141] Your CPU supports instructions that this TensorFlow binary was not compiled to use: AVX2 FMA
2020-10-19 14:39:57.315056: I tensorflow/core/common_runtime/gpu/gpu_device.cc:1432] Found device 0 with properties: 
name: TITAN X (Pascal) major: 6 minor: 1 memoryClockRate(GHz): 1.531
pciBusID: 0000:87:00.0
totalMemory: 11.91GiB freeMemory: 11.77GiB
2020-10-19 14:39:57.315096: I tensorflow/core/common_runtime/gpu/gpu_device.cc:1511] Adding visible gpu devices: 0
2020-10-19 14:40:04.710605: I tensorflow/core/common_runtime/gpu/gpu_device.cc:982] Device interconnect StreamExecutor with strength 1 edge matrix:
2020-10-19 14:40:04.710649: I tensorflow/core/common_runtime/gpu/gpu_device.cc:988]      0 
2020-10-19 14:40:04.710661: I tensorflow/core/common_runtime/gpu/gpu_device.cc:1001] 0:   N 
2020-10-19 14:40:04.711480: I tensorflow/core/common_runtime/gpu/gpu_device.cc:1115] Created TensorFlow device (/job:localhost/replica:0/task:0/device:GPU:0 with 11385 MB memory) -> physical GPU (device: 0, name: TITAN X (Pascal), pci bus id: 0000:87:00.0, compute capability: 6.1)
Initialized parameters
KCT-info: loaded the new model, trained fastmri
KCT-INFO: the gradients: 
Tensor("gradients_2/AddN_3:0", shape=(1250, 784), dtype=float32)
Tensor("gradients_3/Reshape_2_grad/Reshape:0", shape=(1250, 784), dtype=float32)
Tensor("gradients_4/Reshape_2_grad/Reshape:0", shape=(1250, 784), dtype=float32)
KCT-INFO: there will be in total 1035 patches.
it no: 0 f_tot= nan f_lik= nan f_dc (1e6)= 5.273535942154066e-05 |g_lik|= nan |g_dc|= 14523.823108471228
f_dc (1e6): nan  perc: nan
Traceback (most recent call last):
  File "runrecon.py", line 114, in <module>
    maprecon = rec_vae[:, -1].reshape((img_sizex, img_sizey)) # this is the final reconstructed image
ValueError: cannot reshape array of size 204800 into shape (320,16)
