Modality:  FLAIR
/scratch_net/bmicdl03/jonatank/logs/ddp/vae/FLAIR20201019-131434
>>> lat_dim value: 60
>>> mode is: jonatank
CAME HERE!! 1
CAME HERE!! 11
2020-10-19 13:14:39.083261: I tensorflow/core/platform/cpu_feature_guard.cc:141] Your CPU supports instructions that this TensorFlow binary was not compiled to use: AVX2 FMA
2020-10-19 13:14:39.526636: I tensorflow/core/common_runtime/gpu/gpu_device.cc:1432] Found device 0 with properties: 
name: GeForce GTX 1080 Ti major: 6 minor: 1 memoryClockRate(GHz): 1.582
pciBusID: 0000:05:00.0
totalMemory: 10.92GiB freeMemory: 10.77GiB
2020-10-19 13:14:39.526679: I tensorflow/core/common_runtime/gpu/gpu_device.cc:1511] Adding visible gpu devices: 0
2020-10-19 13:14:45.715444: I tensorflow/core/common_runtime/gpu/gpu_device.cc:982] Device interconnect StreamExecutor with strength 1 edge matrix:
2020-10-19 13:14:45.715486: I tensorflow/core/common_runtime/gpu/gpu_device.cc:988]      0 
2020-10-19 13:14:45.715495: I tensorflow/core/common_runtime/gpu/gpu_device.cc:1001] 0:   N 
2020-10-19 13:14:45.717765: I tensorflow/core/common_runtime/gpu/gpu_device.cc:1115] Created TensorFlow device (/job:localhost/replica:0/task:0/device:GPU:0 with 10419 MB memory) -> physical GPU (device: 0, name: GeForce GTX 1080 Ti, pci bus id: 0000:05:00.0, compute capability: 6.1)
CAME HERE!! 12
CAME HERE!! 2
CAME HERE!! 3
CAME HERE!! 31
CAME HERE!! 32
Initialized parameters
CAME HERE!! 33
CAME HERE!! 4
TIME TO TRAIN START:  23.4634110928
Traceback (most recent call last):
  File "train_vae_original.py", line 342, in <module>
    test_batch = MRi.get_peatch_subj(batch_size, test=True)
AttributeError: MR_image_data instance has no attribute 'get_peatch_subj'
