('Under sample factor: ', 4)
FLAIR20201016-113444/jonatank_lat60_ns50_ps28_modalityFLAIR_step100000.ckpt
Read from existing u.s. pattern file
Read from existing sensmap pattern file
---- Defining VAE
>>> lat_dim value: 60
>>> mode is: MRIunproc
2020-10-19 19:06:37.506976: I tensorflow/core/platform/cpu_feature_guard.cc:141] Your CPU supports instructions that this TensorFlow binary was not compiled to use: AVX2 FMA
2020-10-19 19:06:37.816146: I tensorflow/core/common_runtime/gpu/gpu_device.cc:1432] Found device 0 with properties: 
name: GeForce GTX 1080 Ti major: 6 minor: 1 memoryClockRate(GHz): 1.582
pciBusID: 0000:84:00.0
totalMemory: 10.92GiB freeMemory: 10.77GiB
2020-10-19 19:06:37.816194: I tensorflow/core/common_runtime/gpu/gpu_device.cc:1511] Adding visible gpu devices: 0
2020-10-19 19:06:38.402372: I tensorflow/core/common_runtime/gpu/gpu_device.cc:982] Device interconnect StreamExecutor with strength 1 edge matrix:
2020-10-19 19:06:38.402425: I tensorflow/core/common_runtime/gpu/gpu_device.cc:988]      0 
2020-10-19 19:06:38.402434: I tensorflow/core/common_runtime/gpu/gpu_device.cc:1001] 0:   N 
2020-10-19 19:06:38.402760: I tensorflow/core/common_runtime/gpu/gpu_device.cc:1115] Created TensorFlow device (/job:localhost/replica:0/task:0/device:GPU:0 with 10419 MB memory) -> physical GPU (device: 0, name: GeForce GTX 1080 Ti, pci bus id: 0000:84:00.0, compute capability: 6.1)
Initialized parameters
KCT-info: loaded the new model, trained fastmri
KCT-INFO: the gradients: 
Tensor("gradients_2/AddN_3:0", shape=(1250, 784), dtype=float32)
Tensor("gradients_3/Reshape_2_grad/Reshape:0", shape=(1250, 784), dtype=float32)
Tensor("gradients_4/Reshape_2_grad/Reshape:0", shape=(1250, 784), dtype=float32)
KCT-INFO: there will be in total 1035 patches.
it no: 0 f_tot= -1931.3702981466965 f_lik= -3450.2837586030505 f_dc (1e6)= 0.001518913460456354 |g_lik|= 94374.37894754868 |g_dc|= 77.94648062501238
f_dc (1e6): 0.0015295813200005212  perc: 182.0639224939578
it no: 2 f_tot= -1841.7908016977674 f_lik= -3371.3721216982885 f_dc (1e6)= 0.0015295813200005212 |g_lik|= 91476.75372825089 |g_dc|= 78.21972436669732
f_dc (1e6): 0.0015265780367451304  perc: 181.70644589386654
it no: 4 f_tot= -1870.04864201231 f_lik= -3396.6266787574405 f_dc (1e6)= 0.0015265780367451304 |g_lik|= 92638.3501890567 |g_dc|= 78.14289569103863
f_dc (1e6): 0.0015284603195542788  perc: 181.93049138069063
it no: 6 f_tot= -1830.693876176748 f_lik= -3359.154195731027 f_dc (1e6)= 0.0015284603195542788 |g_lik|= 90199.37390484952 |g_dc|= 78.19105625464539
f_dc (1e6): 0.001526360522680574  perc: 181.6805554993691
it no: 8 f_tot= -1865.26010394703 f_lik= -3391.620626627604 f_dc (1e6)= 0.001526360522680574 |g_lik|= 92927.70226631337 |g_dc|= 78.13732840788896
f_dc (1e6): 0.0015285426368049297  perc: 181.9402894877585
it no: 10 f_tot= -1823.1503864698097 f_lik= -3351.6930232747395 f_dc (1e6)= 0.0015285426368049297 |g_lik|= 90019.46495478392 |g_dc|= 78.19316176763617
f_dc (1e6): 0.0015262611254507595  perc: 181.66872438630014
it no: 12 f_tot= -1868.5299227263238 f_lik= -3394.791048177083 f_dc (1e6)= 0.0015262611254507595 |g_lik|= 93173.18659647267 |g_dc|= 78.13478419886394
f_dc (1e6): 0.0015287651056019762  perc: 181.96676963712565
it no: 14 f_tot= -1818.4208560795714 f_lik= -3347.1859616815477 f_dc (1e6)= 0.0015287651056019762 |g_lik|= 90027.4845021789 |g_dc|= 78.19885179724776
f_dc (1e6): 0.0015262545318239608  perc: 181.66793955613602
it no: 16 f_tot= -1868.4519927761135 f_lik= -3394.7065246000743 f_dc (1e6)= 0.0015262545318239608 |g_lik|= 93121.05463667402 |g_dc|= 78.13461542297274
f_dc (1e6): 0.0015287508797943003  perc: 181.9650763591598
it no: 18 f_tot= -1816.2467183269794 f_lik= -3344.9975981212797 f_dc (1e6)= 0.0015287508797943003 |g_lik|= 90104.41944926442 |g_dc|= 78.19848795966058
f_dc (1e6): 0.0015262751897813667  perc: 181.67039844387662
it no: 20 f_tot= -1868.450228977934 f_lik= -3394.7254187593007 f_dc (1e6)= 0.0015262751897813667 |g_lik|= 93014.53724782777 |g_dc|= 78.13514419981233
f_dc (1e6): 0.0015287458781875975  perc: 181.96448102491823
it no: 22 f_tot= -1814.6256594333104 f_lik= -3343.371537620908 f_dc (1e6)= 0.0015287458781875975 |g_lik|= 90164.63372873567 |g_dc|= 78.19836003875264
f_dc (1e6): 0.0015262868388171956  perc: 181.67178501229802
it no: 24 f_tot= -1869.1954268078043 f_lik= -3395.482265625 f_dc (1e6)= 0.0015262868388171956 |g_lik|= 93036.34940987345 |g_dc|= 78.13544237584368
f_dc (1e6): 0.001528796755054336  perc: 181.97053682711814
it no: 26 f_tot= -1814.4289327246818 f_lik= -3343.225687779018 f_dc (1e6)= 0.001528796755054336 |g_lik|= 90351.0907094445 |g_dc|= 78.19966125385281
f_dc (1e6): 0.0015262983418382196  perc: 181.67315420078168
it no: 28 f_tot= -1869.929545764087 f_lik= -3396.2278876023065 f_dc (1e6)= 0.0015262983418382196 |g_lik|= 93059.54031106799 |g_dc|= 78.13573681327175
f_dc (1e6): 0.0015287216586155807  perc: 181.96159820317814
it no: 30 f_tot= -1816.5355948023882 f_lik= -3345.257253417969 f_dc (1e6)= 0.0015287216586155807 |g_lik|= 90219.42730604247 |g_dc|= 78.19774059691447
f_dc (1e6): 0.0015262920358959681  perc: 181.67240361330636
it no: 32 f_tot= -1868.1858642621419 f_lik= -3394.47790015811 f_dc (1e6)= 0.0015262920358959681 |g_lik|= 93356.29706662404 |g_dc|= 78.13557540316621
f_dc (1e6): 0.0015289528789500517  perc: 181.98912003578926
it no: 34 f_tot= -1812.8787416786688 f_lik= -3341.8316206287204 f_dc (1e6)= 0.0015289528789500517 |g_lik|= 89959.93650128183 |g_dc|= 78.20365410772195
f_dc (1e6): 0.001526173315625764  perc: 181.65827250579983
it no: 36 f_tot= -1872.4027883548908 f_lik= -3398.576103980655 f_dc (1e6)= 0.001526173315625764 |g_lik|= 93535.66594352784 |g_dc|= 78.13253651650548
f_dc (1e6): 0.001529055660810513  perc: 182.00135401670425
it no: 38 f_tot= -1810.655209376429 f_lik= -3339.710870186942 f_dc (1e6)= 0.001529055660810513 |g_lik|= 90078.67352013166 |g_dc|= 78.20628263280418
f_dc (1e6): 0.0015262290308471205  perc: 181.6649042105743
it no: 40 f_tot= -1871.3235549508706 f_lik= -3397.552585797991 f_dc (1e6)= 0.0015262290308471205 |g_lik|= 93377.17272661996 |g_dc|= 78.13396267557708
f_dc (1e6): 0.0015289113339171253  perc: 181.9841749886997
it no: 42 f_tot= -1811.8915994906129 f_lik= -3340.8029334077382 f_dc (1e6)= 0.0015289113339171253 |g_lik|= 90223.20400735948 |g_dc|= 78.20259161734032
f_dc (1e6): 0.0015262757979689454  perc: 181.67047083559243
it no: 44 f_tot= -1869.5040064860395 f_lik= -3395.779804454985 f_dc (1e6)= 0.0015262757979689454 |g_lik|= 93234.69686889635 |g_dc|= 78.1351597673914
f_dc (1e6): 0.0015288037963057158  perc: 181.9713749374093
it no: 46 f_tot= -1813.9348760343137 f_lik= -3342.7386723400296 f_dc (1e6)= 0.0015288037963057158 |g_lik|= 90251.93945057654 |g_dc|= 78.19984133758122
f_dc (1e6): 0.0015262560605901832  perc: 181.6681215230386
it no: 48 f_tot= -1869.7840021888346 f_lik= -3396.0400627790177 f_dc (1e6)= 0.0015262560605901832 |g_lik|= 93312.53023988583 |g_dc|= 78.134654554562
f_dc (1e6): 0.0015288950900392841  perc: 181.98224150266822
it no: 50 f_tot= -1814.1504371882083 f_lik= -3343.0455272274926 f_dc (1e6)= 0.0015288950900392841 |g_lik|= 90119.24050958146 |g_dc|= 78.20217618555851
f_dc (1e6): 0.001526261525002469  perc: 181.66877194438058
it no: 52 f_tot= -1869.2600302895696 f_lik= -3395.5215552920386 f_dc (1e6)= 0.001526261525002469 |g_lik|= 93336.01117819374 |g_dc|= 78.13479442610615
f_dc (1e6): 0.0015289582519388987  perc: 181.9897595751274
it no: 54 f_tot= -1812.4873255118082 f_lik= -3341.445577450707 f_dc (1e6)= 0.0015289582519388987 |g_lik|= 90075.7431461532 |g_dc|= 78.20379151777485
f_dc (1e6): 0.0015262516840427078  perc: 181.6676005887215
it no: 56 f_tot= -1870.8278018668902 f_lik= -3397.079485909598 f_dc (1e6)= 0.0015262516840427078 |g_lik|= 93456.93493982348 |g_dc|= 78.13454252871036
f_dc (1e6): 0.001528914323319351  perc: 181.98453081306025
it no: 58 f_tot= -1810.7782853813558 f_lik= -3339.692608700707 f_dc (1e6)= 0.001528914323319351 |g_lik|= 90323.87589110278 |g_dc|= 78.20266807006902
f_dc (1e6): 0.0015263134199353218  perc: 181.67494892556442
it no: 60 f_tot= -1870.3345427692914 f_lik= -3396.6479627046133 f_dc (1e6)= 0.0015263134199353218 |g_lik|= 93330.03383331414 |g_dc|= 78.13612275856342
f_dc (1e6): 0.0015288988543962557  perc: 181.9826895688069
it no: 62 f_tot= -1812.734261303149 f_lik= -3341.6331156994047 f_dc (1e6)= 0.0015288988543962557 |g_lik|= 90261.57475159677 |g_dc|= 78.20227245793454
f_dc (1e6): 0.0015262396864448094  perc: 181.6661725314451
it no: 64 f_tot= -1869.5781334956666 f_lik= -3395.817819940476 f_dc (1e6)= 0.0015262396864448094 |g_lik|= 93675.47514537744 |g_dc|= 78.13423542711122
f_dc (1e6): 0.0015290729152574983  perc: 182.0034077893658
it no: 66 f_tot= -1810.7892737538484 f_lik= -3339.862189011347 f_dc (1e6)= 0.0015290729152574983 |g_lik|= 89898.98037015958 |g_dc|= 78.20672388631301
f_dc (1e6): 0.0015261798391248162  perc: 181.65904898875652
it no: 68 f_tot= -1872.3200350846332 f_lik= -3398.4998742094494 f_dc (1e6)= 0.0015261798391248162 |g_lik|= 93444.12141429297 |g_dc|= 78.1327035017941
f_dc (1e6): 0.0015290030075904638  perc: 181.99508677765735
it no: 70 f_tot= -1811.4436332670512 f_lik= -3340.446640857515 f_dc (1e6)= 0.0015290030075904638 |g_lik|= 90057.58885591816 |g_dc|= 78.20493609972365
f_dc (1e6): 0.001526226016553518  perc: 181.66454542342802
it no: 72 f_tot= -1871.3569397569358 f_lik= -3397.582956310454 f_dc (1e6)= 0.001526226016553518 |g_lik|= 93671.33473444355 |g_dc|= 78.13388551847443
f_dc (1e6): 0.0015291796596517018  perc: 182.01611342512297
it no: 74 f_tot= -1812.765055517569 f_lik= -3341.9447151692707 f_dc (1e6)= 0.0015291796596517018 |g_lik|= 90117.94765453148 |g_dc|= 78.20945363961323
f_dc (1e6): 0.0015262917720253245  perc: 181.67237220515315
it no: 76 f_tot= -1868.0027136517588 f_lik= -3394.2944856770832 f_dc (1e6)= 0.0015262917720253245 |g_lik|= 93496.51392105312 |g_dc|= 78.13556864899165
f_dc (1e6): 0.0015289258302121776  perc: 181.9859004623992
it no: 78 f_tot= -1812.285394676215 f_lik= -3341.2112248883927 f_dc (1e6)= 0.0015289258302121776 |g_lik|= 90193.21356506518 |g_dc|= 78.202962353409
f_dc (1e6): 0.001526319932046296  perc: 181.6757240530141
it no: 80 f_tot= -1868.90032523142 f_lik= -3395.220257277716 f_dc (1e6)= 0.001526319932046296 |g_lik|= 93441.91140908004 |g_dc|= 78.13628944469528
f_dc (1e6): 0.0015290199308607606  perc: 181.99710113082145
it no: 82 f_tot= -1814.1310795326547 f_lik= -3343.151010393415 f_dc (1e6)= 0.0015290199308607606 |g_lik|= 90128.43927974149 |g_dc|= 78.20536889141967
f_dc (1e6): 0.0015263284055084632  perc: 181.67673263734966
it no: 84 f_tot= -1867.9618900179503 f_lik= -3394.2902955264135 f_dc (1e6)= 0.0015263284055084632 |g_lik|= 93400.45480545661 |g_dc|= 78.13650633368405
f_dc (1e6): 0.0015289264143952836  perc: 181.9859699968962
it no: 86 f_tot= -1812.8491945611895 f_lik= -3341.775608956473 f_dc (1e6)= 0.0015289264143952836 |g_lik|= 90126.13779678041 |g_dc|= 78.20297729358602
f_dc (1e6): 0.001526302534693068  perc: 181.67365327042262
it no: 88 f_tot= -1868.4400438969615 f_lik= -3394.7425785900296 f_dc (1e6)= 0.001526302534693068 |g_lik|= 93309.41585022518 |g_dc|= 78.13584413553276
f_dc (1e6): 0.0015288727040560003  perc: 181.97957693042724
it no: 90 f_tot= -1814.1707868061649 f_lik= -3343.043490862165 f_dc (1e6)= 0.0015288727040560003 |g_lik|= 90103.61889003927 |g_dc|= 78.20160366785322
f_dc (1e6): 0.0015263378964257767  perc: 181.67786232794637
it no: 92 f_tot= -1866.7811402650714 f_lik= -3393.119036690848 f_dc (1e6)= 0.0015263378964257767 |g_lik|= 93167.39475115397 |g_dc|= 78.1367492650105
f_dc (1e6): 0.0015288204907033562  perc: 181.97336204818163
it no: 94 f_tot= -1814.4899802555353 f_lik= -3343.3104709588915 f_dc (1e6)= 0.0015288204907033562 |g_lik|= 90034.59751723829 |g_dc|= 78.20026830397349
f_dc (1e6): 0.001526291519168665  perc: 181.6723421079791
it no: 96 f_tot= -1867.7744297245642 f_lik= -3394.0659488932292 f_dc (1e6)= 0.001526291519168665 |g_lik|= 93601.00441880366 |g_dc|= 78.13556217673656
f_dc (1e6): 0.0015289920073904156  perc: 181.9937774392503
it no: 98 f_tot= -1813.4778770496885 f_lik= -3342.469884440104 f_dc (1e6)= 0.0015289920073904156 |g_lik|= 90114.08972405475 |g_dc|= 78.20465478193529
f_dc (1e6): 0.0015263511751993039  perc: 181.67944288176372
it no: 100 f_tot= -1866.5634216198926 f_lik= -3392.9145968191965 f_dc (1e6)= 0.0015263511751993039 |g_lik|= 93489.81914701761 |g_dc|= 78.13708914975793
f_dc (1e6): 0.0015288688307030303  perc: 181.97911589064745
it no: 102 f_tot= -1813.5299701014715 f_lik= -3342.3988008045017 f_dc (1e6)= 0.0015288688307030303 |g_lik|= 90036.98439025127 |g_dc|= 78.20150460708625
f_dc (1e6): 0.0015262927324903367  perc: 181.6724865279585
it no: 104 f_tot= -1868.5765171841426 f_lik= -3394.8692496744793 f_dc (1e6)= 0.0015262927324903367 |g_lik|= 93436.67476618878 |g_dc|= 78.1355932335664
f_dc (1e6): 0.0015289733524529105  perc: 181.99155696816342
it no: 106 f_tot= -1812.741584303042 f_lik= -3341.7149367559523 f_dc (1e6)= 0.0015289733524529105 |g_lik|= 90079.46380290222 |g_dc|= 78.2041777005017
f_dc (1e6): 0.001526319490218143  perc: 181.67567146282775
it no: 108 f_tot= -1868.7865184314107 f_lik= -3395.1060086495536 f_dc (1e6)= 0.001526319490218143 |g_lik|= 93299.41124851655 |g_dc|= 78.13627813552789
f_dc (1e6): 0.0015289111704147394  perc: 181.9841555272397
it no: 110 f_tot= -1812.2861714751416 f_lik= -3341.197341889881 f_dc (1e6)= 0.0015289111704147394 |g_lik|= 90119.27390657908 |g_dc|= 78.20258743583202
f_dc (1e6): 0.0015262928738283212  perc: 181.67250335122088
it no: 112 f_tot= -1869.7869090027798 f_lik= -3396.079782831101 f_dc (1e6)= 0.0015262928738283212 |g_lik|= 93490.30415319667 |g_dc|= 78.13559685132826
f_dc (1e6): 0.0015290164282658041  perc: 181.99668422184882
it no: 114 f_tot= -1814.1287160096797 f_lik= -3343.1451442754837 f_dc (1e6)= 0.0015290164282658041 |g_lik|= 89950.17663107281 |g_dc|= 78.20527931708465
f_dc (1e6): 0.0015262754246128044  perc: 181.6704263955338
it no: 116 f_tot= -1867.0694907517789 f_lik= -3393.3449153645834 f_dc (1e6)= 0.0015262754246128044 |g_lik|= 93368.1205946036 |g_dc|= 78.13515021071639
f_dc (1e6): 0.00152885619322753  perc: 181.9776116696362
it no: 118 f_tot= -1813.239141710156 f_lik= -3342.095334937686 f_dc (1e6)= 0.00152885619322753 |g_lik|= 89923.72003593008 |g_dc|= 78.20118140354485
f_dc (1e6): 0.001526258211629832  perc: 181.6683775582757
it no: 120 f_tot= -1869.4785289765664 f_lik= -3395.7367406063986 f_dc (1e6)= 0.001526258211629832 |g_lik|= 93471.40307122529 |g_dc|= 78.13470961435343
f_dc (1e6): 0.0015290569260476676  perc: 182.0015046161109
it no: 122 f_tot= -1813.0478996824293 f_lik= -3342.1048257300968 f_dc (1e6)= 0.0015290569260476676 |g_lik|= 89790.58737212364 |g_dc|= 78.20631498920447
f_dc (1e6): 0.0015262720163483486  perc: 181.6700207145886
it no: 124 f_tot= -1867.5898602792554 f_lik= -3393.861876627604 f_dc (1e6)= 0.0015262720163483486 |g_lik|= 93392.16303595756 |g_dc|= 78.13506297043213
f_dc (1e6): 0.0015288829737949222  perc: 181.9807993230694
it no: 126 f_tot= -1815.283768206566 f_lik= -3344.1667420014883 f_dc (1e6)= 0.0015288829737949222 |g_lik|= 90231.55062360487 |g_dc|= 78.20186631519526
f_dc (1e6): 0.0015263733333577213  perc: 181.68208033632985
it no: 128 f_tot= -1865.090329681713 f_lik= -3391.4636630394343 f_dc (1e6)= 0.0015263733333577213 |g_lik|= 93484.74497362594 |g_dc|= 78.13765630879182
f_dc (1e6): 0.0015289316742566348  perc: 181.9865960708269
it no: 130 f_tot= -1815.8501822584321 f_lik= -3344.781856515067 f_dc (1e6)= 0.0015289316742566348 |g_lik|= 90069.77475653292 |g_dc|= 78.20311181165714
f_dc (1e6): 0.0015263759356675143  perc: 181.68239008562026
it no: 132 f_tot= -1865.5879710475153 f_lik= -3391.9639067150297 f_dc (1e6)= 0.0015263759356675143 |g_lik|= 93345.8894368474 |g_dc|= 78.13772291710364
f_dc (1e6): 0.0015288813983218028  perc: 181.98061179671026
it no: 134 f_tot= -1818.1895281337402 f_lik= -3347.070926455543 f_dc (1e6)= 0.0015288813983218028 |g_lik|= 90171.91033568332 |g_dc|= 78.20182602271653
f_dc (1e6): 0.0015264562052794111  perc: 181.69194446511474
it no: 136 f_tot= -1863.5948756822706 f_lik= -3390.0510809616817 f_dc (1e6)= 0.0015264562052794111 |g_lik|= 93327.05810446019 |g_dc|= 78.13977745756407
f_dc (1e6): 0.0015287674230255327  perc: 181.96704547680625
it no: 138 f_tot= -1818.4539979891622 f_lik= -3347.221421014695 f_dc (1e6)= 0.0015287674230255327 |g_lik|= 90012.48929325286 |g_dc|= 78.19891106724013
f_dc (1e6): 0.001526412877923995  perc: 181.6867872706752
it no: 140 f_tot= -1865.5617247080736 f_lik= -3391.9746026320686 f_dc (1e6)= 0.001526412877923995 |g_lik|= 93479.86937706353 |g_dc|= 78.13866847915939
f_dc (1e6): 0.0015288650347484616  perc: 181.978664063491
it no: 142 f_tot= -1817.1701576576027 f_lik= -3346.035192406064 f_dc (1e6)= 0.0015288650347484616 |g_lik|= 90152.94607429547 |g_dc|= 78.2014075256567
f_dc (1e6): 0.0015264227054720108  perc: 181.68795702995305
it no: 144 f_tot= -1863.6388186630338 f_lik= -3390.0615241350447 f_dc (1e6)= 0.0015264227054720108 |g_lik|= 93677.52159443847 |g_dc|= 78.13892001997502
f_dc (1e6): 0.0015287592328500081  perc: 181.96607061168308
it no: 146 f_tot= -1818.5328637366733 f_lik= -3347.2920965866815 f_dc (1e6)= 0.0015287592328500081 |g_lik|= 90136.09980823987 |g_dc|= 78.19870159663796
f_dc (1e6): 0.001526491403462089  perc: 181.69613405550737
it no: 148 f_tot= -1864.7832685756714 f_lik= -3391.2746720377604 f_dc (1e6)= 0.001526491403462089 |g_lik|= 94015.67476921169 |g_dc|= 78.14067835544031
f_dc (1e6): 0.0015290101637441776  perc: 181.99593856461243
it no: 150 f_tot= -1817.3541796337986 f_lik= -3346.364343377976 f_dc (1e6)= 0.0015290101637441776 |g_lik|= 90068.99204807132 |g_dc|= 78.20511910979174
f_dc (1e6): 0.001526461177826148  perc: 181.69253634038927
it no: 152 f_tot= -1862.7562226574832 f_lik= -3389.217400483631 f_dc (1e6)= 0.001526461177826148 |g_lik|= 93817.85432320698 |g_dc|= 78.13990473058307
f_dc (1e6): 0.0015288855994578287  perc: 181.98111185204817
it no: 154 f_tot= -1816.6891512862192 f_lik= -3345.574750744048 f_dc (1e6)= 0.0015288855994578287 |g_lik|= 90034.28708414122 |g_dc|= 78.20193346606789
f_dc (1e6): 0.001526416342657102  perc: 181.68719967300493
it no: 156 f_tot= -1864.5141345796912 f_lik= -3390.930477236793 f_dc (1e6)= 0.001526416342657102 |g_lik|= 93609.30027333628 |g_dc|= 78.13875716076122
f_dc (1e6): 0.0015288644772292323  perc: 181.97859770275792
it no: 158 f_tot= -1820.1163584292499 f_lik= -3348.980835658482 f_dc (1e6)= 0.0015288644772292323 |g_lik|= 90159.4028917148 |g_dc|= 78.20139326710819
f_dc (1e6): 0.0015265163195676338  perc: 181.69909978465785
it no: 160 f_tot= -1859.9867843897696 f_lik= -3386.5031039574033 f_dc (1e6)= 0.0015265163195676338 |g_lik|= 93631.00072770199 |g_dc|= 78.14131607715946
f_dc (1e6): 0.001528750694798608  perc: 181.96505433938157
it no: 162 f_tot= -1820.771254257382 f_lik= -3349.52194905599 f_dc (1e6)= 0.001528750694798608 |g_lik|= 90099.44656638658 |g_dc|= 78.19848322822149
f_dc (1e6): 0.0015265565765657375  perc: 181.70389151876623
it no: 164 f_tot= -1862.201375443191 f_lik= -3388.7579520089284 f_dc (1e6)= 0.0015265565765657375 |g_lik|= 93738.65346025047 |g_dc|= 78.14234643433063
f_dc (1e6): 0.001528772534261948  perc: 181.96765386011896
it no: 166 f_tot= -1821.0379507640937 f_lik= -3349.8104850260415 f_dc (1e6)= 0.001528772534261948 |g_lik|= 90159.7800377719 |g_dc|= 78.19904179111018
f_dc (1e6): 0.0015265707241551825  perc: 181.7055754865256
it no: 168 f_tot= -1862.5304184229424 f_lik= -3389.101142578125 f_dc (1e6)= 0.0015265707241551825 |g_lik|= 93827.47397170619 |g_dc|= 78.14270853138324
f_dc (1e6): 0.001528944712324706  perc: 181.9881479738109
it no: 170 f_tot= -1819.3218319228758 f_lik= -3348.266544247582 f_dc (1e6)= 0.001528944712324706 |g_lik|= 90235.26776480896 |g_dc|= 78.20344525210398
f_dc (1e6): 0.0015266037268024018  perc: 181.70950374540718
it no: 172 f_tot= -1860.4306022759095 f_lik= -3387.034329078311 f_dc (1e6)= 0.0015266037268024018 |g_lik|= 93726.40153817832 |g_dc|= 78.14355320312474
f_dc (1e6): 0.0015287943898795989  perc: 181.97025530368134
it no: 174 f_tot= -1820.2005078138536 f_lik= -3348.9948976934525 f_dc (1e6)= 0.0015287943898795989 |g_lik|= 90116.32109177849 |g_dc|= 78.19960076316495
f_dc (1e6): 0.0015265535890827203  perc: 181.70353592284638
it no: 176 f_tot= -1862.0687715246088 f_lik= -3388.622360607329 f_dc (1e6)= 0.0015265535890827203 |g_lik|= 93631.6846589711 |g_dc|= 78.14226997170535
f_dc (1e6): 0.0015287884379819043  perc: 181.9695468576338
it no: 178 f_tot= -1819.3853773547771 f_lik= -3348.1738153366814 f_dc (1e6)= 0.0015287884379819043 |g_lik|= 90244.38266670564 |g_dc|= 78.19944853979224
f_dc (1e6): 0.0015265831327387642  perc: 181.70705246285232
it no: 180 f_tot= -1862.8340187214294 f_lik= -3389.4171514601935 f_dc (1e6)= 0.0015265831327387642 |g_lik|= 93699.29090075665 |g_dc|= 78.14302611849028
f_dc (1e6): 0.0015288961719076303  perc: 181.9823702759424
it no: 182 f_tot= -1816.783435142221 f_lik= -3345.6796070498513 f_dc (1e6)= 0.0015288961719076303 |g_lik|= 90225.46181133328 |g_dc|= 78.20220385405081
f_dc (1e6): 0.0015264931910938997  perc: 181.6963468348184
it no: 184 f_tot= -1863.9417979779007 f_lik= -3390.4349890718004 f_dc (1e6)= 0.0015264931910938997 |g_lik|= 93661.4091230786 |g_dc|= 78.14072410961904
f_dc (1e6): 0.0015288865861423546  perc: 181.98122929572554
it no: 186 f_tot= -1820.0305839190291 f_lik= -3348.917170061384 f_dc (1e6)= 0.0015288865861423546 |g_lik|= 90357.66124360348 |g_dc|= 78.20195870033835
f_dc (1e6): 0.0015265783404912845  perc: 181.70648204834592
it no: 188 f_tot= -1861.8004164841618 f_lik= -3388.3787569754463 f_dc (1e6)= 0.0015265783404912845 |g_lik|= 93437.04787717784 |g_dc|= 78.14290346515898
f_dc (1e6): 0.0015287733545093364  perc: 181.96775149301695
it no: 190 f_tot= -1818.231916951787 f_lik= -3347.0052714611234 f_dc (1e6)= 0.0015287733545093364 |g_lik|= 90048.57255152002 |g_dc|= 78.1990627695586
f_dc (1e6): 0.00152642112141382  perc: 181.6877684817249
it no: 192 f_tot= -1865.8733093897513 f_lik= -3392.2944308035712 f_dc (1e6)= 0.00152642112141382 |g_lik|= 93707.20604910441 |g_dc|= 78.13887947529888
f_dc (1e6): 0.001528984501825095  perc: 181.99288406232102
it no: 194 f_tot= -1818.7273621304482 f_lik= -3347.7118639555433 f_dc (1e6)= 0.001528984501825095 |g_lik|= 90220.79719370263 |g_dc|= 78.20446283493274
f_dc (1e6): 0.0015265441995563314  perc: 181.7024183006694
it no: 196 f_tot= -1862.2257432450078 f_lik= -3388.7699428013393 f_dc (1e6)= 0.0015265441995563314 |g_lik|= 93675.9003418416 |g_dc|= 78.14202965258401
f_dc (1e6): 0.001528766614327316  perc: 181.96694921858997
it no: 198 f_tot= -1819.096749465467 f_lik= -3347.863363792783 f_dc (1e6)= 0.001528766614327316 |g_lik|= 90297.71031200349 |g_dc|= 78.19889038413064
f_dc (1e6): 0.001526483381720329  perc: 181.69517923881932
it no: 200 f_tot= -1861.4951139083912 f_lik= -3387.9784956287203 f_dc (1e6)= 0.001526483381720329 |g_lik|= 93640.66335809279 |g_dc|= 78.14047303978464
f_dc (1e6): 0.0015288541406748666  perc: 181.97736735716705
it no: 202 f_tot= -1817.3514661889728 f_lik= -3346.2056068638394 f_dc (1e6)= 0.0015288541406748666 |g_lik|= 90206.00585074961 |g_dc|= 78.20112890936723
f_dc (1e6): 0.0015264944212536925  perc: 181.69649325901582
it no: 204 f_tot= -1863.389165985891 f_lik= -3389.8835872395834 f_dc (1e6)= 0.0015264944212536925 |g_lik|= 93587.75658249899 |g_dc|= 78.14075559536627
f_dc (1e6): 0.0015287154408838196  perc: 181.9608581152739
it no: 206 f_tot= -1819.3025039171475 f_lik= -3348.017944800967 f_dc (1e6)= 0.0015287154408838196 |g_lik|= 90434.94724390961 |g_dc|= 78.19758157088543
f_dc (1e6): 0.001526554589926268  perc: 181.70365505185228
it no: 208 f_tot= -1864.5133809163656 f_lik= -3391.0679708426337 f_dc (1e6)= 0.001526554589926268 |g_lik|= 93787.50666436655 |g_dc|= 78.14229558763328
f_dc (1e6): 0.0015288855116198131  perc: 181.98110139681216
it no: 210 f_tot= -1817.1475515312284 f_lik= -3346.0330631510415 f_dc (1e6)= 0.0015288855116198131 |g_lik|= 90064.3462981696 |g_dc|= 78.20193121962686
f_dc (1e6): 0.0015264043234950748  perc: 181.68576904898043
it no: 212 f_tot= -1866.876395208422 f_lik= -3393.280718703497 f_dc (1e6)= 0.0015264043234950748 |g_lik|= 93578.99159041476 |g_dc|= 78.13844952377991
f_dc (1e6): 0.0015289761372298634  perc: 181.99188843626436
it no: 214 f_tot= -1814.583865676573 f_lik= -3343.5600029064362 f_dc (1e6)= 0.0015289761372298634 |g_lik|= 90163.92603962091 |g_dc|= 78.20424891858157
f_dc (1e6): 0.0015263751567937364  perc: 181.6822973773652
it no: 216 f_tot= -1867.4016038089424 f_lik= -3393.7767606026787 f_dc (1e6)= 0.0015263751567937364 |g_lik|= 93718.37765395653 |g_dc|= 78.13770298117903
f_dc (1e6): 0.0015290031380107586  perc: 181.9951023014024
it no: 218 f_tot= -1812.7533806601864 f_lik= -3341.756518670945 f_dc (1e6)= 0.0015290031380107586 |g_lik|= 90200.22522815627 |g_dc|= 78.20493943507057
f_dc (1e6): 0.0015263282951822402  perc: 181.67671950537382
it no: 220 f_tot= -1869.7765157831614 f_lik= -3396.1048109654016 f_dc (1e6)= 0.0015263282951822402 |g_lik|= 93999.23396966764 |g_dc|= 78.13650350974869
f_dc (1e6): 0.0015291213613222287  perc: 182.00917425660677
it no: 222 f_tot= -1814.5670559489765 f_lik= -3343.6884172712053 f_dc (1e6)= 0.0015291213613222287 |g_lik|= 90227.9118384471 |g_dc|= 78.20796279976165
f_dc (1e6): 0.0015263536045389623  perc: 181.67973204266121
it no: 224 f_tot= -1868.2163998788205 f_lik= -3394.570004417783 f_dc (1e6)= 0.0015263536045389623 |g_lik|= 93548.05208046312 |g_dc|= 78.13715133120652
f_dc (1e6): 0.0015290554317920026  perc: 182.00132675695167
it no: 226 f_tot= -1813.4962635902518 f_lik= -3342.5516953822544 f_dc (1e6)= 0.0015290554317920026 |g_lik|= 90181.5887974925 |g_dc|= 78.20627677602359
f_dc (1e6): 0.0015263635455077104  perc: 181.68091530224996
it no: 228 f_tot= -1867.9607125373047 f_lik= -3394.324258045015 f_dc (1e6)= 0.0015263635455077104 |g_lik|= 93435.503238452 |g_dc|= 78.13740578001591
f_dc (1e6): 0.001528887648979691  perc: 181.98135580376527
it no: 230 f_tot= -1815.8321273409936 f_lik= -3344.7197763206846 f_dc (1e6)= 0.001528887648979691 |g_lik|= 90131.67399999469 |g_dc|= 78.20198588219344
f_dc (1e6): 0.0015263524528439743  perc: 181.67959495801963
it no: 232 f_tot= -1868.3177387482874 f_lik= -3394.6701915922617 f_dc (1e6)= 0.0015263524528439743 |g_lik|= 93462.25907906235 |g_dc|= 78.13712185239427
f_dc (1e6): 0.0015289083924415166  perc: 181.98382486897725
it no: 234 f_tot= -1815.823539175857 f_lik= -3344.7319316173734 f_dc (1e6)= 0.0015289083924415166 |g_lik|= 90189.60522360065 |g_dc|= 78.20251639024205
f_dc (1e6): 0.001526377787965479  perc: 181.68261056205304
it no: 236 f_tot= -1865.565874143896 f_lik= -3391.943662109375 f_dc (1e6)= 0.001526377787965479 |g_lik|= 93377.25450628508 |g_dc|= 78.13777032819611
f_dc (1e6): 0.0015288296757261434  perc: 181.97445532858126
it no: 238 f_tot= -1815.5767308726288 f_lik= -3344.4064065987723 f_dc (1e6)= 0.0015288296757261434 |g_lik|= 90109.1373239151 |g_dc|= 78.20050321388324
f_dc (1e6): 0.001526340384203905  perc: 181.67815844469308
it no: 240 f_tot= -1865.8230721298003 f_lik= -3392.163456333705 f_dc (1e6)= 0.001526340384203905 |g_lik|= 93338.35386828354 |g_dc|= 78.13681294252807
f_dc (1e6): 0.0015288603256219135  perc: 181.97810354275265
it no: 242 f_tot= -1816.0235881848203 f_lik= -3344.8839138067337 f_dc (1e6)= 0.0015288603256219135 |g_lik|= 90108.19619344495 |g_dc|= 78.20128708971252
f_dc (1e6): 0.0015263319106795764  perc: 181.6771498529586
it no: 244 f_tot= -1867.4600561638015 f_lik= -3393.791966843378 f_dc (1e6)= 0.0015263319106795764 |g_lik|= 93461.10492458765 |g_dc|= 78.13659605279906
f_dc (1e6): 0.001529020783188935  perc: 181.99720258225045
it no: 246 f_tot= -1813.9488054922406 f_lik= -3342.9695886811755 f_dc (1e6)= 0.001529020783188935 |g_lik|= 90126.13025665816 |g_dc|= 78.20539068859468
f_dc (1e6): 0.0015262981322590311  perc: 181.6731292548644
it no: 248 f_tot= -1868.5384425642576 f_lik= -3394.8365748232886 f_dc (1e6)= 0.0015262981322590311 |g_lik|= 93718.00788221825 |g_dc|= 78.13573144878161
f_dc (1e6): 0.0015289871918887509  perc: 181.99320425683078
it no: 250 f_tot= -1815.3304711041808 f_lik= -3344.3176629929317 f_dc (1e6)= 0.0015289871918887509 |g_lik|= 90169.46462975584 |g_dc|= 78.20453163055832
f_dc (1e6): 0.0015263591719154991  perc: 181.68039471969382
it no: 252 f_tot= -1866.6270180956615 f_lik= -3392.9861900111605 f_dc (1e6)= 0.0015263591719154991 |g_lik|= 93524.33013440736 |g_dc|= 78.13729383375143
f_dc (1e6): 0.0015289012722867652  perc: 181.98297736692828
it no: 254 f_tot= -1816.01370248537 f_lik= -3344.9149747721353 f_dc (1e6)= 0.0015289012722867652 |g_lik|= 90098.59478451108 |g_dc|= 78.20233429474519
f_dc (1e6): 0.0015263457504168271  perc: 181.67879717750236
it no: 256 f_tot= -1866.726331753932 f_lik= -3393.072082170759 f_dc (1e6)= 0.0015263457504168271 |g_lik|= 93249.64036566156 |g_dc|= 78.13695029668932
f_dc (1e6): 0.0015288169306348755  perc: 181.97293829821584
it no: 258 f_tot= -1815.0164097901616 f_lik= -3343.833340425037 f_dc (1e6)= 0.0015288169306348755 |g_lik|= 90201.47890754473 |g_dc|= 78.20017725388803
f_dc (1e6): 0.0015263312799188018  perc: 181.6770747743869
it no: 260 f_tot= -1866.7396666492784 f_lik= -3393.07094656808 f_dc (1e6)= 0.0015263312799188018 |g_lik|= 93387.9176269569 |g_dc|= 78.13657990771806
f_dc (1e6): 0.0015289304677618542  perc: 181.9864524634427
it no: 262 f_tot= -1814.3743606421638 f_lik= -3343.304828404018 f_dc (1e6)= 0.0015289304677618542 |g_lik|= 90114.34627200081 |g_dc|= 78.20308095623474
f_dc (1e6): 0.0015263661801777182  perc: 181.68122890333143
it no: 264 f_tot= -1865.2567901998862 f_lik= -3391.6229703776044 f_dc (1e6)= 0.0015263661801777182 |g_lik|= 93465.89888684238 |g_dc|= 78.13747321683026
f_dc (1e6): 0.0015288487364425159  perc: 181.97672409895844
it no: 266 f_tot= -1816.596662320505 f_lik= -3345.445398763021 f_dc (1e6)= 0.0015288487364425159 |g_lik|= 90177.76954594103 |g_dc|= 78.20099069557914
f_dc (1e6): 0.0015263809664391667  perc: 181.68298889132495
it no: 268 f_tot= -1866.2806926707665 f_lik= -3392.661659109933 f_dc (1e6)= 0.0015263809664391667 |g_lik|= 93552.76025957154 |g_dc|= 78.13785168378172
f_dc (1e6): 0.001528895800472235  perc: 181.98232606450745
it no: 270 f_tot= -1815.214121402765 f_lik= -3344.109921875 f_dc (1e6)= 0.001528895800472235 |g_lik|= 90414.49912207264 |g_dc|= 78.20219435469151
f_dc (1e6): 0.0015263506218551927  perc: 181.67937701798905
it no: 272 f_tot= -1867.7157997407896 f_lik= -3394.0664215959823 f_dc (1e6)= 0.0015263506218551927 |g_lik|= 93459.37108852365 |g_dc|= 78.13707498633903
f_dc (1e6): 0.001528872919640375  perc: 181.9796025911335
it no: 274 f_tot= -1814.1913368932928 f_lik= -3343.064256533668 f_dc (1e6)= 0.001528872919640375 |g_lik|= 90227.24793460764 |g_dc|= 78.20160918140691
f_dc (1e6): 0.0015263563167785964  perc: 181.68005487674665
it no: 276 f_tot= -1868.1909782595358 f_lik= -3394.5472950381322 f_dc (1e6)= 0.0015263563167785964 |g_lik|= 93679.44970545427 |g_dc|= 78.1372207537124
f_dc (1e6): 0.001528974741702756  perc: 181.99172232862708
it no: 278 f_tot= -1815.5976384358228 f_lik= -3344.572380138579 f_dc (1e6)= 0.001528974741702756 |g_lik|= 90260.5095292685 |g_dc|= 78.20421322928212
f_dc (1e6): 0.0015263402420514648  perc: 181.67814152448722
it no: 280 f_tot= -1868.9207721784462 f_lik= -3395.261014229911 f_dc (1e6)= 0.0015263402420514648 |g_lik|= 93583.62084648144 |g_dc|= 78.13680930397562
f_dc (1e6): 0.0015290120596267228  perc: 181.9961642288568
it no: 282 f_tot= -1815.3258741297875 f_lik= -3344.33793375651 f_dc (1e6)= 0.0015290120596267228 |g_lik|= 90336.38250227828 |g_dc|= 78.20516759464738
f_dc (1e6): 0.0015263695485962755  perc: 181.68162984147514
it no: 284 f_tot= -1866.451264508263 f_lik= -3392.8208131045385 f_dc (1e6)= 0.0015263695485962755 |g_lik|= 93525.42255505804 |g_dc|= 78.13755943453262
f_dc (1e6): 0.0015288960362316018  perc: 181.98235412661472
it no: 286 f_tot= -1816.161291591129 f_lik= -3345.0573278227307 f_dc (1e6)= 0.0015288960362316018 |g_lik|= 90236.88328247168 |g_dc|= 78.20220038417345
f_dc (1e6): 0.0015263994457865322  perc: 181.68518846216338
it no: 288 f_tot= -1866.0388231401791 f_lik= -3392.4382689267113 f_dc (1e6)= 0.0015263994457865322 |g_lik|= 93362.29650028353 |g_dc|= 78.13832467583448
f_dc (1e6): 0.0015287985239767932  perc: 181.97074737948103
it no: 290 f_tot= -1816.3195447546059 f_lik= -3345.118068731399 f_dc (1e6)= 0.0015287985239767932 |g_lik|= 90065.97924846536 |g_dc|= 78.19970649501933
f_dc (1e6): 0.0015263514879542974  perc: 181.6794801085526
it no: 292 f_tot= -1866.8416265825329 f_lik= -3393.1931145368303 f_dc (1e6)= 0.0015263514879542974 |g_lik|= 93637.26276578954 |g_dc|= 78.13709715504662
f_dc (1e6): 0.0015289453133182696  perc: 181.98821950923315
it no: 294 f_tot= -1816.9159509813953 f_lik= -3345.861264299665 f_dc (1e6)= 0.0015289453133182696 |g_lik|= 90049.09078681609 |g_dc|= 78.20346062210467
f_dc (1e6): 0.001526329741920082  perc: 181.67689170855311
it no: 296 f_tot= -1868.4061783738166 f_lik= -3394.7359202938987 f_dc (1e6)= 0.001526329741920082 |g_lik|= 93582.08115282215 |g_dc|= 78.13654054077604
f_dc (1e6): 0.0015289790137917546  perc: 181.99223082939793
it no: 298 f_tot= -1816.8213346317946 f_lik= -3345.800348423549 f_dc (1e6)= 0.0015289790137917546 |g_lik|= 90225.89119813354 |g_dc|= 78.20432248390767
f_dc (1e6): 0.0015263664288523062  perc: 181.68125850271937
it no: 300 f_tot= -1866.6310037183782 f_lik= -3392.9974325706844 f_dc (1e6)= 0.0015263664288523062 |g_lik|= 93711.60982333166 |g_dc|= 78.13747958188331
f_dc (1e6): 0.001528892137987515  perc: 181.98189012408017
it no: 302 f_tot= -1817.4994233499106 f_lik= -3346.3915613374256 f_dc (1e6)= 0.001528892137987515 |g_lik|= 90220.28391525027 |g_dc|= 78.20210068757773
f_dc (1e6): 0.0015263574992860282  perc: 181.6801956289503
it no: 304 f_tot= -1867.1278346053407 f_lik= -3393.485333891369 f_dc (1e6)= 0.0015263574992860282 |g_lik|= 93662.9251459692 |g_dc|= 78.13725102116217
f_dc (1e6): 0.0015289167508970062  perc: 181.984819764229
it no: 306 f_tot= -1820.4339590871828 f_lik= -3349.350709984189 f_dc (1e6)= 0.0015289167508970062 |g_lik|= 90346.61128770212 |g_dc|= 78.20273015431111
f_dc (1e6): 0.0015264808376830195  perc: 181.69487642562103
it no: 308 f_tot= -1861.7833978080519 f_lik= -3388.2642354910713 f_dc (1e6)= 0.0015264808376830195 |g_lik|= 93445.19038945378 |g_dc|= 78.14040792529873
f_dc (1e6): 0.0015286483431047999  perc: 181.95287156060093
it no: 310 f_tot= -1820.2823951299472 f_lik= -3348.930738234747 f_dc (1e6)= 0.0015286483431047999 |g_lik|= 90255.75722064314 |g_dc|= 78.19586544325216
f_dc (1e6): 0.0015264561496779318  perc: 181.69193784694852
it no: 312 f_tot= -1862.1951291539133 f_lik= -3388.651278831845 f_dc (1e6)= 0.0015264561496779318 |g_lik|= 93718.43222295263 |g_dc|= 78.1397760344354
f_dc (1e6): 0.0015288199595600938  perc: 181.97329882694288
it no: 314 f_tot= -1818.8221093573168 f_lik= -3347.6420689174106 f_dc (1e6)= 0.0015288199595600938 |g_lik|= 90170.22919473516 |g_dc|= 78.20025471979217
f_dc (1e6): 0.001526463673938148  perc: 181.69283344910508
it no: 316 f_tot= -1863.435888468846 f_lik= -3389.899562406994 f_dc (1e6)= 0.001526463673938148 |g_lik|= 93730.44932354275 |g_dc|= 78.13996861883541
f_dc (1e6): 0.0015288418262139846  perc: 181.97590158413345
it no: 318 f_tot= -1819.5713155270867 f_lik= -3348.4131417410713 f_dc (1e6)= 0.0015288418262139846 |g_lik|= 90241.22388117261 |g_dc|= 78.2008139654309
f_dc (1e6): 0.0015264335142517738  perc: 181.6892435838716
it no: 320 f_tot= -1864.1078973460687 f_lik= -3390.5414115978424 f_dc (1e6)= 0.0015264335142517738 |g_lik|= 93667.87952789616 |g_dc|= 78.13919667495365
f_dc (1e6): 0.0015289368662724481  perc: 181.98721406919827
it no: 322 f_tot= -1817.245964247455 f_lik= -3346.1828305199033 f_dc (1e6)= 0.0015289368662724481 |g_lik|= 90288.48827503447 |g_dc|= 78.20324459438878
f_dc (1e6): 0.001526413366883517  perc: 181.68684547084237
it no: 324 f_tot= -1863.9327089628373 f_lik= -3390.3460758463543 f_dc (1e6)= 0.001526413366883517 |g_lik|= 93611.5416759658 |g_dc|= 78.13868099433269
f_dc (1e6): 0.0015288295649359468  perc: 181.9744421413793
it no: 326 f_tot= -1818.0388788419548 f_lik= -3346.8684437779016 f_dc (1e6)= 0.0015288295649359468 |g_lik|= 90371.89235817999 |g_dc|= 78.20050038039253
f_dc (1e6): 0.0015265086131113713  perc: 181.69818249596105
it no: 328 f_tot= -1864.5602168737478 f_lik= -3391.068829985119 f_dc (1e6)= 0.0015265086131113713 |g_lik|= 93612.23175567322 |g_dc|= 78.14111883282379
f_dc (1e6): 0.0015288367546645177  perc: 181.9752979247026
it no: 330 f_tot= -1818.75550061357 f_lik= -3347.5922552780876 f_dc (1e6)= 0.0015288367546645177 |g_lik|= 90363.53707136368 |g_dc|= 78.20068425952603
f_dc (1e6): 0.00152652042060197  perc: 181.6995879250318
it no: 332 f_tot= -1862.3756358293915 f_lik= -3388.8960564313616 f_dc (1e6)= 0.00152652042060197 |g_lik|= 93618.55084559372 |g_dc|= 78.1414210416466
f_dc (1e6): 0.001528850638880566  perc: 181.97695054349538
it no: 334 f_tot= -1819.6186992658252 f_lik= -3348.4693381463912 f_dc (1e6)= 0.001528850638880566 |g_lik|= 90450.47184827355 |g_dc|= 78.2010393506524
f_dc (1e6): 0.0015265349579665684  perc: 181.70131828718183
it no: 336 f_tot= -1862.823720070076 f_lik= -3389.3586780366445 f_dc (1e6)= 0.0015265349579665684 |g_lik|= 93722.43720287974 |g_dc|= 78.14179311908761
f_dc (1e6): 0.0015288919836271753  perc: 181.98187175078507
it no: 338 f_tot= -1819.6870070257264 f_lik= -3348.5789906529017 f_dc (1e6)= 0.0015288919836271753 |g_lik|= 90211.77816486786 |g_dc|= 78.20209673984905
f_dc (1e6): 0.0015265499868934139  perc: 181.70310715929773
it no: 340 f_tot= -1861.51985848419 f_lik= -3388.069845377604 f_dc (1e6)= 0.0015265499868934139 |g_lik|= 93479.18537924488 |g_dc|= 78.1421777759851
f_dc (1e6): 0.0015287088321988397  perc: 181.9600714927556
it no: 342 f_tot= -1820.3015602862795 f_lik= -3349.010392485119 f_dc (1e6)= 0.0015287088321988397 |g_lik|= 90196.57328740669 |g_dc|= 78.19741254539922
f_dc (1e6): 0.0015265069288177466  perc: 181.6979820168496
it no: 344 f_tot= -1861.8018614073278 f_lik= -3388.3087902250745 f_dc (1e6)= 0.0015265069288177466 |g_lik|= 93483.60288978444 |g_dc|= 78.14107572378926
f_dc (1e6): 0.0015286852314084307  perc: 181.95726232372377
it no: 346 f_tot= -1820.755171074828 f_lik= -3349.440402483259 f_dc (1e6)= 0.0015286852314084307 |g_lik|= 90415.01338758368 |g_dc|= 78.19680892231926
f_dc (1e6): 0.001526553377796944  perc: 181.70351077379632
it no: 348 f_tot= -1860.5195607261217 f_lik= -3387.0729385230657 f_dc (1e6)= 0.001526553377796944 |g_lik|= 93583.81207524426 |g_dc|= 78.14226456398485
f_dc (1e6): 0.0015286965785828487  perc: 181.9586129620041
it no: 350 f_tot= -1820.1186956684535 f_lik= -3348.815274251302 f_dc (1e6)= 0.0015286965785828487 |g_lik|= 90183.70093610151 |g_dc|= 78.19709914268817
f_dc (1e6): 0.0015264815510767256  perc: 181.69496133987485
it no: 352 f_tot= -1862.25771557134 f_lik= -3388.7392666480655 f_dc (1e6)= 0.0015264815510767256 |g_lik|= 93505.93783096962 |g_dc|= 78.14042618457427
f_dc (1e6): 0.0015287132125257237  perc: 181.96059287693038
it no: 354 f_tot= -1818.9725305918357 f_lik= -3347.6857431175595 f_dc (1e6)= 0.0015287132125257237 |g_lik|= 90253.58198860133 |g_dc|= 78.19752457784652
f_dc (1e6): 0.001526461641065906  perc: 181.69259147916898
it no: 356 f_tot= -1863.2256339759467 f_lik= -3389.687275041853 f_dc (1e6)= 0.001526461641065906 |g_lik|= 93420.83814088609 |g_dc|= 78.13991658725799
f_dc (1e6): 0.001528792655220276  perc: 181.97004882961136
it no: 358 f_tot= -1818.6342687241065 f_lik= -3347.4269239443825 f_dc (1e6)= 0.001528792655220276 |g_lik|= 90166.630778254 |g_dc|= 78.19955639823735
f_dc (1e6): 0.0015264339799399885  perc: 181.68929901408768
it no: 360 f_tot= -1865.9436169024593 f_lik= -3392.377596842448 f_dc (1e6)= 0.0015264339799399885 |g_lik|= 93850.07850949379 |g_dc|= 78.13920859440512
f_dc (1e6): 0.0015289809627863232  perc: 181.99246281549205
it no: 362 f_tot= -1818.719905889272 f_lik= -3347.7008686755953 f_dc (1e6)= 0.0015289809627863232 |g_lik|= 90260.50228729406 |g_dc|= 78.204372327545
f_dc (1e6): 0.001526514216511715  perc: 181.698849460857
it no: 364 f_tot= -1862.8186716718785 f_lik= -3389.3328881835937 f_dc (1e6)= 0.001526514216511715 |g_lik|= 93547.22714393323 |g_dc|= 78.14126225015099
f_dc (1e6): 0.0015288081654643488  perc: 181.97189499224282
it no: 366 f_tot= -1819.9200155717376 f_lik= -3348.7281810360864 f_dc (1e6)= 0.0015288081654643488 |g_lik|= 90252.47031235404 |g_dc|= 78.19995308091552
f_dc (1e6): 0.0015265056710757092  perc: 181.6978323095762
it no: 368 f_tot= -1863.4953478044993 f_lik= -3390.0010188802084 f_dc (1e6)= 0.0015265056710757092 |g_lik|= 93296.31544635225 |g_dc|= 78.14104353221063
f_dc (1e6): 0.0015287613473778093  perc: 181.96632230096606
it no: 370 f_tot= -1821.4779921636714 f_lik= -3350.2393395414806 f_dc (1e6)= 0.0015287613473778093 |g_lik|= 90136.2444048142 |g_dc|= 78.19875567751217
f_dc (1e6): 0.0015265273108211312  perc: 181.7004080581695
it no: 372 f_tot= -1863.4012666528272 f_lik= -3389.9285774739583 f_dc (1e6)= 0.0015265273108211312 |g_lik|= 93428.79105879043 |g_dc|= 78.14159739399071
f_dc (1e6): 0.0015287342472658713  perc: 181.9630966125931
it no: 374 f_tot= -1820.016213927395 f_lik= -3348.7504611932663 f_dc (1e6)= 0.0015287342472658713 |g_lik|= 90316.77882640775 |g_dc|= 78.19806256591973
f_dc (1e6): 0.0015265020995334868  perc: 181.69740719390708
it no: 376 f_tot= -1863.4374231134627 f_lik= -3389.9395226469496 f_dc (1e6)= 0.0015265020995334868 |g_lik|= 93515.81585698358 |g_dc|= 78.1409521194485
f_dc (1e6): 0.0015288493492282725  perc: 181.97679703798892
it no: 378 f_tot= -1815.904806510195 f_lik= -3344.7541557384675 f_dc (1e6)= 0.0015288493492282725 |g_lik|= 90245.71790918533 |g_dc|= 78.20100636764901
f_dc (1e6): 0.0015264678792570056  perc: 181.6933340023196
it no: 380 f_tot= -1865.657951053634 f_lik= -3392.1258303106397 f_dc (1e6)= 0.0015264678792570056 |g_lik|= 93641.26514623385 |g_dc|= 78.14007625430118
f_dc (1e6): 0.0015289328672709395  perc: 181.9867380736489
it no: 382 f_tot= -1819.149801302349 f_lik= -3348.0826685732886 f_dc (1e6)= 0.0015289328672709395 |g_lik|= 90335.0485522931 |g_dc|= 78.20314232231189
f_dc (1e6): 0.001526507449505622  perc: 181.69804399359822
it no: 384 f_tot= -1861.9596707975775 f_lik= -3388.4671203031994 f_dc (1e6)= 0.001526507449505622 |g_lik|= 93576.4389606153 |g_dc|= 78.1410890506556
f_dc (1e6): 0.0015287935951973307  perc: 181.97016071376385
it no: 386 f_tot= -1820.585507876516 f_lik= -3349.3791030738466 f_dc (1e6)= 0.0015287935951973307 |g_lik|= 90287.41535944602 |g_dc|= 78.1995804387039
f_dc (1e6): 0.0015265204545218155  perc: 181.6995919624635
it no: 388 f_tot= -1862.8942633213762 f_lik= -3389.4147178431917 f_dc (1e6)= 0.0015265204545218155 |g_lik|= 93858.66084344186 |g_dc|= 78.14142190981224
f_dc (1e6): 0.0015289317524336322  perc: 181.98660537612542
it no: 390 f_tot= -1816.3338093223203 f_lik= -3345.2655617559526 f_dc (1e6)= 0.0015289317524336322 |g_lik|= 90236.54283080364 |g_dc|= 78.20311381098928
f_dc (1e6): 0.0015264912161058826  perc: 181.6961117547605
it no: 392 f_tot= -1863.3732070246976 f_lik= -3389.8644231305802 f_dc (1e6)= 0.0015264912161058826 |g_lik|= 93788.24214214765 |g_dc|= 78.14067356008358
f_dc (1e6): 0.0015289208555879345  perc: 181.98530833984196
it no: 394 f_tot= -1818.7071564098333 f_lik= -3347.6280119977678 f_dc (1e6)= 0.0015289208555879345 |g_lik|= 90264.14689094998 |g_dc|= 78.20283512988343
f_dc (1e6): 0.0015265567935450156  perc: 181.70391734550586
it no: 396 f_tot= -1864.1978540786824 f_lik= -3390.754647623698 f_dc (1e6)= 0.0015265567935450156 |g_lik|= 93852.0018401706 |g_dc|= 78.14235198776699
f_dc (1e6): 0.0015289114615749998  perc: 181.98419018363774
it no: 398 f_tot= -1821.3673381831848 f_lik= -3350.2787997581845 f_dc (1e6)= 0.0015289114615749998 |g_lik|= 90331.73012428798 |g_dc|= 78.20259488213938
f_dc (1e6): 0.001526599997935514  perc: 181.70905990360345
it no: 400 f_tot= -1860.079167452321 f_lik= -3386.679165387835 f_dc (1e6)= 0.001526599997935514 |g_lik|= 93707.03720889936 |g_dc|= 78.14345776673852
f_dc (1e6): 0.0015287452382489175  perc: 181.9644048539133
it no: 402 f_tot= -1821.3784629229574 f_lik= -3350.123701171875 f_dc (1e6)= 0.0015287452382489175 |g_lik|= 90426.8889486248 |g_dc|= 78.19834367168949
f_dc (1e6): 0.0015266084236821463  perc: 181.71006280842568
it no: 404 f_tot= -1860.2958268061352 f_lik= -3386.9042504882814 f_dc (1e6)= 0.0015266084236821463 |g_lik|= 93859.11317774128 |g_dc|= 78.14367341460584
f_dc (1e6): 0.0015289061278183935  perc: 181.9835553140583
it no: 406 f_tot= -1819.3100231302674 f_lik= -3348.216150948661 f_dc (1e6)= 0.0015289061278183935 |g_lik|= 90154.67674667887 |g_dc|= 78.20245847333425
f_dc (1e6): 0.0015266013124266317  perc: 181.70921636564037
it no: 408 f_tot= -1862.2551899682715 f_lik= -3388.856502394903 f_dc (1e6)= 0.0015266013124266317 |g_lik|= 94060.22553598527 |g_dc|= 78.14349140975543
f_dc (1e6): 0.0015288925648799345  perc: 181.98194093648706
it no: 410 f_tot= -1819.9804068927588 f_lik= -3348.8729717726933 f_dc (1e6)= 0.0015288925648799345 |g_lik|= 90291.55568702483 |g_dc|= 78.20211160524843
f_dc (1e6): 0.0015265455524748677  perc: 181.70257933666815
it no: 412 f_tot= -1860.7759657310476 f_lik= -3387.3215182059153 f_dc (1e6)= 0.0015265455524748677 |g_lik|= 93547.54615726495 |g_dc|= 78.14206427974291
f_dc (1e6): 0.0015287736988990946  perc: 181.96779248524757
it no: 414 f_tot= -1819.937587140712 f_lik= -3348.7112860398065 f_dc (1e6)= 0.0015287736988990946 |g_lik|= 90276.00216902567 |g_dc|= 78.19907157758574
f_dc (1e6): 0.001526617087813427  perc: 181.71109408783875
it no: 416 f_tot= -1861.8999092568854 f_lik= -3388.5169970703123 f_dc (1e6)= 0.001526617087813427 |g_lik|= 93727.3685894294 |g_dc|= 78.14389516304973
f_dc (1e6): 0.0015288981156051029  perc: 181.98260163153057
it no: 418 f_tot= -1818.6883855109684 f_lik= -3347.5865011160713 f_dc (1e6)= 0.0015288981156051029 |g_lik|= 90380.24266908847 |g_dc|= 78.2022535635669
f_dc (1e6): 0.0015265906365724388  perc: 181.70794563366627
it no: 420 f_tot= -1861.6748435707902 f_lik= -3388.265480143229 f_dc (1e6)= 0.0015265906365724388 |g_lik|= 93530.37808956398 |g_dc|= 78.14321817208294
f_dc (1e6): 0.0015288323610053833  perc: 181.97477495360874
it no: 422 f_tot= -1819.2093432124368 f_lik= -3348.04170421782 f_dc (1e6)= 0.0015288323610053833 |g_lik|= 90175.80471694282 |g_dc|= 78.20057189062962
f_dc (1e6): 0.001526551498015676  perc: 181.7032870260644
it no: 424 f_tot= -1862.09419348358 f_lik= -3388.645691499256 f_dc (1e6)= 0.001526551498015676 |g_lik|= 93397.16870323995 |g_dc|= 78.14221645220145
f_dc (1e6): 0.0015286800122068227  perc: 181.95664108946534
it no: 426 f_tot= -1822.0758313571653 f_lik= -3350.755843563988 f_dc (1e6)= 0.0015286800122068227 |g_lik|= 90291.61236129247 |g_dc|= 78.19667543334104
f_dc (1e6): 0.001526576998128718  perc: 181.70632226880946
it no: 428 f_tot= -1857.9140572563265 f_lik= -3384.4910553850445 f_dc (1e6)= 0.001526576998128718 |g_lik|= 93220.86724223781 |g_dc|= 78.14286910854295
f_dc (1e6): 0.0015285948289169803  perc: 181.94650184176604
it no: 430 f_tot= -1822.9143208923576 f_lik= -3351.509149809338 f_dc (1e6)= 0.0015285948289169803 |g_lik|= 90185.99605798075 |g_dc|= 78.19449670960178
f_dc (1e6): 0.0015265861538693772  perc: 181.70741206379844
it no: 432 f_tot= -1859.4778600350126 f_lik= -3386.06401390439 f_dc (1e6)= 0.0015265861538693772 |g_lik|= 93559.98603686134 |g_dc|= 78.14310344155476
f_dc (1e6): 0.0015287409504533827  perc: 181.96389448361543
it no: 434 f_tot= -1820.3547875488496 f_lik= -3349.0957380022323 f_dc (1e6)= 0.0015287409504533827 |g_lik|= 90380.812919088 |g_dc|= 78.19823400700001
f_dc (1e6): 0.0015266344468494234  perc: 181.71316030958383
it no: 436 f_tot= -1858.4934844656807 f_lik= -3385.127931315104 f_dc (1e6)= 0.0015266344468494234 |g_lik|= 93386.3563881071 |g_dc|= 78.14433944565474
f_dc (1e6): 0.0015287115102695745  perc: 181.96039025976478
it no: 438 f_tot= -1821.735597942851 f_lik= -3350.4471082124255 f_dc (1e6)= 0.0015287115102695745 |g_lik|= 90241.04572454278 |g_dc|= 78.19748104049317
f_dc (1e6): 0.0015266253668317089  perc: 181.7120795277909
it no: 440 f_tot= -1858.2395786435516 f_lik= -3384.8649454752604 f_dc (1e6)= 0.0015266253668317089 |g_lik|= 93379.9183717136 |g_dc|= 78.14410705438283
f_dc (1e6): 0.001528647408394558  perc: 181.9527603033498
it no: 442 f_tot= -1820.7121692421608 f_lik= -3349.3595776367188 f_dc (1e6)= 0.001528647408394558 |g_lik|= 90194.90618607712 |g_dc|= 78.19584153635168
f_dc (1e6): 0.0015265831827194231  perc: 181.7070584119802
it no: 444 f_tot= -1858.5722209264102 f_lik= -3385.1554036458333 f_dc (1e6)= 0.0015265831827194231 |g_lik|= 93193.6660701895 |g_dc|= 78.14302739769991
f_dc (1e6): 0.0015285737793243363  perc: 181.94399633823147
it no: 446 f_tot= -1822.0032911044211 f_lik= -3350.5770704287575 f_dc (1e6)= 0.0015285737793243363 |g_lik|= 90564.30046484116 |g_dc|= 78.1939583171062
f_dc (1e6): 0.0015266831592519183  perc: 181.71895847863593
it no: 448 f_tot= -1858.0861618046292 f_lik= -3384.7693210565476 f_dc (1e6)= 0.0015266831592519183 |g_lik|= 93015.37250901673 |g_dc|= 78.1455861645921
f_dc (1e6): 0.0015285025684400105  perc: 181.93552020639387
it no: 450 f_tot= -1824.1603541557859 f_lik= -3352.6629225957963 f_dc (1e6)= 0.0015285025684400105 |g_lik|= 90554.58537126766 |g_dc|= 78.19213690493471
f_dc (1e6): 0.001526652024352132  perc: 181.7152525351157
it no: 452 f_tot= -1859.3698122829126 f_lik= -3386.0218366350446 f_dc (1e6)= 0.001526652024352132 |g_lik|= 93256.57229772862 |g_dc|= 78.14478931706537
f_dc (1e6): 0.0015287176584121874  perc: 181.9611220645701
it no: 454 f_tot= -1822.3947478843158 f_lik= -3351.112406296503 f_dc (1e6)= 0.0015287176584121874 |g_lik|= 90337.57255839414 |g_dc|= 78.19763828689943
f_dc (1e6): 0.0015265932901661905  perc: 181.70826148721443
it no: 456 f_tot= -1862.273780030052 f_lik= -3388.8670701962424 f_dc (1e6)= 0.0015265932901661905 |g_lik|= 93372.73253442775 |g_dc|= 78.1432860882161
f_dc (1e6): 0.0015286754915174586  perc: 181.95610299814106
it no: 458 f_tot= -1822.098313821083 f_lik= -3350.7738053385415 f_dc (1e6)= 0.0015286754915174586 |g_lik|= 90377.5430085366 |g_dc|= 78.19655980968619
f_dc (1e6): 0.0015266456584127552  perc: 181.71449480626654
it no: 460 f_tot= -1860.3189682846034 f_lik= -3386.9646266973587 f_dc (1e6)= 0.0015266456584127552 |g_lik|= 93358.15488523166 |g_dc|= 78.14462639011727
f_dc (1e6): 0.0015286904203856725  perc: 181.95787996041818
it no: 462 f_tot= -1823.3965706392532 f_lik= -3352.0869910249257 f_dc (1e6)= 0.0015286904203856725 |g_lik|= 90301.44617988984 |g_dc|= 78.19694163803784
f_dc (1e6): 0.0015266014129570527  perc: 181.7092283316356
it no: 464 f_tot= -1860.6713246731556 f_lik= -3387.272737630208 f_dc (1e6)= 0.0015266014129570527 |g_lik|= 93395.94637181971 |g_dc|= 78.14349398272526
f_dc (1e6): 0.001528791181455359  perc: 181.96987340943716
it no: 466 f_tot= -1823.3483628154745 f_lik= -3352.1395442708335 f_dc (1e6)= 0.001528791181455359 |g_lik|= 90303.36667437262 |g_dc|= 78.19951870581716
f_dc (1e6): 0.0015266650572417315  perc: 181.71680382171348
it no: 468 f_tot= -1858.65707794242 f_lik= -3385.3221351841516 f_dc (1e6)= 0.0015266650572417315 |g_lik|= 93543.8824350712 |g_dc|= 78.14512287383599
f_dc (1e6): 0.0015286744279561881  perc: 181.95597640393245
it no: 470 f_tot= -1820.4422726576513 f_lik= -3349.1167006138394 f_dc (1e6)= 0.0015286744279561881 |g_lik|= 90132.24197303811 |g_dc|= 78.19653260742925
f_dc (1e6): 0.001526503862763265  perc: 181.69761706867834
it no: 472 f_tot= -1861.380407721296 f_lik= -3387.884270484561 f_dc (1e6)= 0.001526503862763265 |g_lik|= 93409.11306616799 |g_dc|= 78.14099724890289
f_dc (1e6): 0.0015287716047410233  perc: 181.96754322054502
it no: 474 f_tot= -1821.406198342124 f_lik= -3350.1778030831474 f_dc (1e6)= 0.0015287716047410233 |g_lik|= 90199.13197522139 |g_dc|= 78.19901801790158
f_dc (1e6): 0.001526545205952648  perc: 181.7025380906136
it no: 476 f_tot= -1862.6640261669575 f_lik= -3389.2092321196055 f_dc (1e6)= 0.001526545205952648 |g_lik|= 93591.28808217903 |g_dc|= 78.14205541071068
f_dc (1e6): 0.0015288539362836046  perc: 181.97734302876137
it no: 478 f_tot= -1819.8758736354803 f_lik= -3348.729809919085 f_dc (1e6)= 0.0015288539362836046 |g_lik|= 90252.23549446792 |g_dc|= 78.20112368204443
f_dc (1e6): 0.0015265571739536252  perc: 181.70396262500992
it no: 480 f_tot= -1860.2439514183986 f_lik= -3386.8011253720238 f_dc (1e6)= 0.0015265571739536252 |g_lik|= 93238.63481273374 |g_dc|= 78.14236172406413
f_dc (1e6): 0.0015286532625585518  perc: 181.95345711629182
it no: 482 f_tot= -1822.4285591955406 f_lik= -3351.0818217540923 f_dc (1e6)= 0.0015286532625585518 |g_lik|= 90195.18608443711 |g_dc|= 78.19599126703493
f_dc (1e6): 0.0015265530054889625  perc: 181.70346645849864
it no: 484 f_tot= -1861.6392278164692 f_lik= -3388.1922333054317 f_dc (1e6)= 0.0015265530054889625 |g_lik|= 93618.10138180526 |g_dc|= 78.14225503500558
f_dc (1e6): 0.001528783373178111  perc: 181.96894400113104
it no: 486 f_tot= -1821.6557788401185 f_lik= -3350.4391520182294 f_dc (1e6)= 0.001528783373178111 |g_lik|= 90239.7007303994 |g_dc|= 78.19931900414767
f_dc (1e6): 0.0015265888887070057  perc: 181.7077375876915
it no: 488 f_tot= -1859.8045597211938 f_lik= -3386.3934484281995 f_dc (1e6)= 0.0015265888887070057 |g_lik|= 93468.76810065287 |g_dc|= 78.14317343714687
f_dc (1e6): 0.0015287512858404913  perc: 181.9651246902693
it no: 490 f_tot= -1822.103278194107 f_lik= -3350.8545640345983 f_dc (1e6)= 0.0015287512858404913 |g_lik|= 90263.32881100813 |g_dc|= 78.1984983446739
f_dc (1e6): 0.001526569181309941  perc: 181.7053918438171
it no: 492 f_tot= -1861.4263564969788 f_lik= -3387.99553780692 f_dc (1e6)= 0.001526569181309941 |g_lik|= 93561.32298639069 |g_dc|= 78.14266904348592
f_dc (1e6): 0.0015288947302933122  perc: 181.98219868260892
it no: 494 f_tot= -1821.2798229293442 f_lik= -3350.1745532226564 f_dc (1e6)= 0.0015288947302933122 |g_lik|= 90243.77605945611 |g_dc|= 78.20216698514976
f_dc (1e6): 0.0015265906084575148  perc: 181.70794228718623
it no: 496 f_tot= -1860.6239531356769 f_lik= -3387.214561593192 f_dc (1e6)= 0.0015265906084575148 |g_lik|= 93569.9767536169 |g_dc|= 78.14321745250872
f_dc (1e6): 0.001528780775181631  perc: 181.96863476524828
it no: 498 f_tot= -1821.1696549708988 f_lik= -3349.95043015253 f_dc (1e6)= 0.001528780775181631 |g_lik|= 90430.8292916539 |g_dc|= 78.19925255861796
f_dc (1e6): 0.001526592555798835  perc: 181.7081740764965
it no: 500 f_tot= -1858.429823525942 f_lik= -3385.022379324777 f_dc (1e6)= 0.001526592555798835 |g_lik|= 93332.2169686618 |g_dc|= 78.14326729280867
f_dc (1e6): 0.001528589546799449  perc: 181.94587311871337
it no: 502 f_tot= -1823.7428532191523 f_lik= -3352.332400018601 f_dc (1e6)= 0.001528589546799449 |g_lik|= 90263.4051499465 |g_dc|= 78.19436160745744
f_dc (1e6): 0.0015266480426767998  perc: 181.71477860187684
it no: 504 f_tot= -1857.2771547283342 f_lik= -3383.925197405134 f_dc (1e6)= 0.0015266480426767998 |g_lik|= 93109.62187423493 |g_dc|= 78.14468741192333
f_dc (1e6): 0.0015284868866440964  perc: 181.933653624187
it no: 506 f_tot= -1823.5630766185525 f_lik= -3352.049963262649 f_dc (1e6)= 0.0015284868866440964 |g_lik|= 90350.39169594429 |g_dc|= 78.1917357946247
f_dc (1e6): 0.001526639936923804  perc: 181.71381378544905
it no: 508 f_tot= -1858.158183890928 f_lik= -3384.798120814732 f_dc (1e6)= 0.001526639936923804 |g_lik|= 93312.40513884934 |g_dc|= 78.14447995664963
f_dc (1e6): 0.0015285785022289557  perc: 181.9445584989544
it no: 510 f_tot= -1823.992782299504 f_lik= -3352.5712845284597 f_dc (1e6)= 0.0015285785022289557 |g_lik|= 90298.54239513229 |g_dc|= 78.19407911674536
f_dc (1e6): 0.0015266447472147317  perc: 181.71438634764183
it no: 512 f_tot= -1856.9029913455363 f_lik= -3383.547738560268 f_dc (1e6)= 0.0015266447472147317 |g_lik|= 93248.50819772882 |g_dc|= 78.1446030693031
f_dc (1e6): 0.0015285731719361522  perc: 181.94392404166652
it no: 514 f_tot= -1823.7618945631036 f_lik= -3352.335066499256 f_dc (1e6)= 0.0015285731719361522 |g_lik|= 90279.14228676239 |g_dc|= 78.19394278167985
f_dc (1e6): 0.0015266504289173596  perc: 181.71506263274895
it no: 516 f_tot= -1858.8244714500142 f_lik= -3385.4749003673737 f_dc (1e6)= 0.0015266504289173596 |g_lik|= 93241.0426310448 |g_dc|= 78.14474848426754
f_dc (1e6): 0.001528543883039308  perc: 181.9404378252913
it no: 518 f_tot= -1823.6602454949182 f_lik= -3352.204128534226 f_dc (1e6)= 0.001528543883039308 |g_lik|= 90429.65382411015 |g_dc|= 78.19319364341904
f_dc (1e6): 0.0015267083736741798  perc: 181.72195971600743
it no: 520 f_tot= -1857.653211379764 f_lik= -3384.3615850539436 f_dc (1e6)= 0.0015267083736741798 |g_lik|= 93355.46769524952 |g_dc|= 78.14623148109388
f_dc (1e6): 0.0015286473022678  perc: 181.95274767123044
it no: 522 f_tot= -1820.557025182907 f_lik= -3349.204327450707 f_dc (1e6)= 0.0015286473022678 |g_lik|= 90300.61169330392 |g_dc|= 78.195838821968
f_dc (1e6): 0.0015266073561278533  perc: 181.70993573893318
it no: 524 f_tot= -1858.3255730946169 f_lik= -3384.93292922247 f_dc (1e6)= 0.0015266073561278533 |g_lik|= 93211.08008590245 |g_dc|= 78.14364609174201
f_dc (1e6): 0.0015285810686311914  perc: 181.9448639742185
it no: 526 f_tot= -1823.290544905825 f_lik= -3351.8716135370164 f_dc (1e6)= 0.0015285810686311914 |g_lik|= 90227.52631115704 |g_dc|= 78.19414475857363
f_dc (1e6): 0.0015266331529663441  perc: 181.71300630049285
it no: 528 f_tot= -1860.8363885143106 f_lik= -3387.4695414806547 f_dc (1e6)= 0.0015266331529663441 |g_lik|= 93657.71809404665 |g_dc|= 78.14430633043844
f_dc (1e6): 0.0015287102351832554  perc: 181.96023848802585
it no: 530 f_tot= -1819.50846005949 f_lik= -3348.2186952427455 f_dc (1e6)= 0.0015287102351832554 |g_lik|= 90186.59030905462 |g_dc|= 78.19744842853272
f_dc (1e6): 0.0015265956262033571  perc: 181.708539542447
it no: 532 f_tot= -1859.8809208344035 f_lik= -3386.4765470377606 f_dc (1e6)= 0.0015265956262033571 |g_lik|= 93289.65403339363 |g_dc|= 78.1433458767502
f_dc (1e6): 0.0015286841807222167  perc: 181.9571372620151
it no: 534 f_tot= -1821.9839411388325 f_lik= -3350.6681218610493 f_dc (1e6)= 0.0015286841807222167 |g_lik|= 90326.98726797181 |g_dc|= 78.19678204944803
f_dc (1e6): 0.0015266709368464194  perc: 181.71750366282566
it no: 536 f_tot= -1859.7371116561849 f_lik= -3386.4080485026043 f_dc (1e6)= 0.0015266709368464194 |g_lik|= 93472.18345563952 |g_dc|= 78.14527335281181
f_dc (1e6): 0.001528652078821053  perc: 181.95331621767508
it no: 538 f_tot= -1819.8218310329278 f_lik= -3348.473909853981 f_dc (1e6)= 0.001528652078821053 |g_lik|= 90124.03447796137 |g_dc|= 78.19596099086078
f_dc (1e6): 0.0015265759316755913  perc: 181.70619533038723
it no: 540 f_tot= -1861.8438437150337 f_lik= -3388.419775390625 f_dc (1e6)= 0.0015265759316755913 |g_lik|= 93575.29463835078 |g_dc|= 78.14284181358101
f_dc (1e6): 0.00152872795956378  perc: 181.96234819621844
it no: 542 f_tot= -1820.9175834747246 f_lik= -3349.6455430385045 f_dc (1e6)= 0.00152872795956378 |g_lik|= 90325.10752098294 |g_dc|= 78.19790175097492
f_dc (1e6): 0.0015266307839167735  perc: 181.7127243158401
it no: 544 f_tot= -1860.0866857400347 f_lik= -3386.717469656808 f_dc (1e6)= 0.0015266307839167735 |g_lik|= 93142.38601477547 |g_dc|= 78.14424569772945
f_dc (1e6): 0.0015284487316741759  perc: 181.92911209154963
it no: 546 f_tot= -1824.6867158007124 f_lik= -3353.135447474888 f_dc (1e6)= 0.0015284487316741759 |g_lik|= 90407.84331499838 |g_dc|= 78.19075985496427
f_dc (1e6): 0.0015266553485216892  perc: 181.71564820636289
it no: 548 f_tot= -1858.002411197433 f_lik= -3384.657759719122 f_dc (1e6)= 0.0015266553485216892 |g_lik|= 93719.16308334378 |g_dc|= 78.14487439420938
f_dc (1e6): 0.0015286490711618015  perc: 181.95295822020626
it no: 550 f_tot= -1822.8616139432954 f_lik= -3351.510685105097 f_dc (1e6)= 0.0015286490711618015 |g_lik|= 90454.16678585944 |g_dc|= 78.19588406461813
f_dc (1e6): 0.0015266335428302871  perc: 181.71305270545204
it no: 552 f_tot= -1859.1694358015955 f_lik= -3385.8029786318825 f_dc (1e6)= 0.0015266335428302871 |g_lik|= 93271.74898664103 |g_dc|= 78.14431630848877
f_dc (1e6): 0.0015286477695196277  perc: 181.95280328756112
it no: 554 f_tot= -1820.8912606608037 f_lik= -3349.5390301804314 f_dc (1e6)= 0.0015286477695196277 |g_lik|= 90332.36466087264 |g_dc|= 78.19585077277755
f_dc (1e6): 0.0015265588031178746  perc: 181.70415654214906
it no: 556 f_tot= -1860.7451873025122 f_lik= -3387.303990420387 f_dc (1e6)= 0.0015265588031178746 |g_lik|= 93493.15209510128 |g_dc|= 78.1424034213915
f_dc (1e6): 0.001528646169072283  perc: 181.95261278855494
it no: 558 f_tot= -1822.1991564485504 f_lik= -3350.8453255208333 f_dc (1e6)= 0.001528646169072283 |g_lik|= 90468.94251515524 |g_dc|= 78.19580983843785
f_dc (1e6): 0.0015266002523187027  perc: 181.70909018247815
it no: 560 f_tot= -1860.9990882690947 f_lik= -3387.5993405877975 f_dc (1e6)= 0.0015266002523187027 |g_lik|= 93713.51882115925 |g_dc|= 78.14346427740973
f_dc (1e6): 0.001528708485641824  perc: 181.9600302425593
it no: 562 f_tot= -1821.1684341172906 f_lik= -3349.8769197591146 f_dc (1e6)= 0.001528708485641824 |g_lik|= 90464.8080454241 |g_dc|= 78.19740368175462
f_dc (1e6): 0.0015266057774140113  perc: 181.70974782683538
it no: 564 f_tot= -1859.5486508318963 f_lik= -3386.1544282459076 f_dc (1e6)= 0.0015266057774140113 |g_lik|= 93303.14325969956 |g_dc|= 78.14360568630083
f_dc (1e6): 0.0015286347170541026  perc: 181.95124967086835
it no: 566 f_tot= -1822.7844225245804 f_lik= -3351.419139578683 f_dc (1e6)= 0.0015286347170541026 |g_lik|= 90389.21515485158 |g_dc|= 78.19551693170406
f_dc (1e6): 0.0015266598662102965  perc: 181.71618594051128
it no: 568 f_tot= -1858.3914326178283 f_lik= -3385.051298828125 f_dc (1e6)= 0.0015266598662102965 |g_lik|= 93413.55097347811 |g_dc|= 78.14499001753843
f_dc (1e6): 0.0015286341006574865  perc: 181.95117630204234
it no: 570 f_tot= -1820.413899365765 f_lik= -3349.0480000232515 f_dc (1e6)= 0.0015286341006574865 |g_lik|= 90513.50716633712 |g_dc|= 78.19550116617943
f_dc (1e6): 0.0015266980173637963  perc: 181.72072701888547
it no: 572 f_tot= -1858.5555015164123 f_lik= -3385.2535188802085 f_dc (1e6)= 0.0015266980173637963 |g_lik|= 93364.40604366634 |g_dc|= 78.14596643112932
f_dc (1e6): 0.0015284992562137577  perc: 181.93512595674147
it no: 574 f_tot= -1822.0443061467336 f_lik= -3350.5435623604913 f_dc (1e6)= 0.0015284992562137577 |g_lik|= 90524.03776759743 |g_dc|= 78.1920521847012
f_dc (1e6): 0.0015266155443617914  perc: 181.71091037295204
it no: 576 f_tot= -1860.3204089492206 f_lik= -3386.935953311012 f_dc (1e6)= 0.0015266155443617914 |g_lik|= 93403.5032494402 |g_dc|= 78.14385566023188
f_dc (1e6): 0.0015286625880143276  perc: 181.95456711223346
it no: 578 f_tot= -1821.4463532291618 f_lik= -3350.1089412434894 f_dc (1e6)= 0.0015286625880143276 |g_lik|= 90384.64920945543 |g_dc|= 78.19622978160335
f_dc (1e6): 0.0015266106329947598  perc: 181.7103257798121
it no: 580 f_tot= -1861.9339526637223 f_lik= -3388.544585658482 f_dc (1e6)= 0.0015266106329947598 |g_lik|= 93379.09092804926 |g_dc|= 78.14372995947303
f_dc (1e6): 0.001528737732613953  perc: 181.96351146869438
it no: 582 f_tot= -1819.099075886791 f_lik= -3347.836808500744 f_dc (1e6)= 0.001528737732613953 |g_lik|= 90125.86175307518 |g_dc|= 78.19815170741438
f_dc (1e6): 0.0015265431719215326  perc: 181.70229598273838
it no: 584 f_tot= -1864.8353537016073 f_lik= -3391.37852562314 f_dc (1e6)= 0.0015265431719215326 |g_lik|= 93428.90446053002 |g_dc|= 78.14200335086203
f_dc (1e6): 0.0015288565893366083  perc: 181.97765881794507
it no: 586 f_tot= -1818.7419572128708 f_lik= -3347.598546549479 f_dc (1e6)= 0.0015288565893366083 |g_lik|= 90407.32763917734 |g_dc|= 78.201191534058
f_dc (1e6): 0.0015266195120743195  perc: 181.71138264421788
it no: 588 f_tot= -1860.4389439106135 f_lik= -3387.058455984933 f_dc (1e6)= 0.0015266195120743195 |g_lik|= 93293.72285987256 |g_dc|= 78.14395720909761
f_dc (1e6): 0.001528614625350613  perc: 181.94885818353845
it no: 590 f_tot= -1822.158938404967 f_lik= -3350.77356375558 f_dc (1e6)= 0.001528614625350613 |g_lik|= 90445.57411999343 |g_dc|= 78.19500304624626
f_dc (1e6): 0.0015266616427315682  perc: 181.7163973973504
it no: 592 f_tot= -1861.0602841192501 f_lik= -3387.7219268508184 f_dc (1e6)= 0.0015266616427315682 |g_lik|= 93578.36422228882 |g_dc|= 78.1450354848361
f_dc (1e6): 0.0015287790170021764  perc: 181.96842549160996
it no: 594 f_tot= -1819.9047240460006 f_lik= -3348.683741048177 f_dc (1e6)= 0.0015287790170021764 |g_lik|= 90340.48978421793 |g_dc|= 78.19920759194879
f_dc (1e6): 0.0015266163630385235  perc: 181.711007818897
it no: 596 f_tot= -1860.696825205524 f_lik= -3387.3131882440475 f_dc (1e6)= 0.0015266163630385235 |g_lik|= 93445.57513589396 |g_dc|= 78.14387661329638
f_dc (1e6): 0.0015285617408734632  perc: 181.94256341828267
it no: 598 f_tot= -1820.3785355867305 f_lik= -3348.9402764601937 f_dc (1e6)= 0.0015285617408734632 |g_lik|= 90407.79945741654 |g_dc|= 78.19365040394166
f_dc (1e6): 0.0015266326040755344  perc: 181.71294096678844
it no: 600 f_tot= -1859.9803767652393 f_lik= -3386.6129808407736 f_dc (1e6)= 0.0015266326040755344 |g_lik|= 93330.13366439003 |g_dc|= 78.14429228230384
f_dc (1e6): 0.0015286216750113335  perc: 181.94969729478163
('<<RECONSTRUCTION DONE>>', '     Subject: ', 'file_brain_AXFLAIR_200_6002462.h5', '     MSE = ', (6.144623533441764e-05+0j), '     SSIM = ', -1)
