('Under sample factor: ', 4)
FLAIR20201020-125121/jonatank_lat60_ns50_ps28_modalityFLAIR_step100000.ckpt
Read from existing sensmap pattern file
Read from existing u.s. pattern file
xxxxxxxxxxxxxxxxxxx contRec is 
xxxxxxxxxxxxxxxxxxx parfact is 25
---- Defining VAE
>>> lat_dim value: 60
>>> mode is: MRIunproc
2020-10-22 11:44:45.148805: I tensorflow/core/common_runtime/gpu/gpu_device.cc:1432] Found device 0 with properties: 
name: GeForce GTX TITAN X major: 5 minor: 2 memoryClockRate(GHz): 1.076
pciBusID: 0000:86:00.0
totalMemory: 11.93GiB freeMemory: 11.82GiB
2020-10-22 11:44:45.151174: I tensorflow/core/common_runtime/gpu/gpu_device.cc:1511] Adding visible gpu devices: 0
2020-10-22 11:44:53.351707: I tensorflow/core/common_runtime/gpu/gpu_device.cc:982] Device interconnect StreamExecutor with strength 1 edge matrix:
2020-10-22 11:44:53.374401: I tensorflow/core/common_runtime/gpu/gpu_device.cc:988]      0 
2020-10-22 11:44:53.374417: I tensorflow/core/common_runtime/gpu/gpu_device.cc:1001] 0:   N 
2020-10-22 11:44:53.374595: I tensorflow/core/common_runtime/gpu/gpu_device.cc:1115] Created TensorFlow device (/job:localhost/replica:0/task:0/device:GPU:0 with 11435 MB memory) -> physical GPU (device: 0, name: GeForce GTX TITAN X, pci bus id: 0000:86:00.0, compute capability: 5.2)
Initialized parameters
KCT-info: loaded the new model, trained fastmri
KCT-INFO: the gradients: 
Tensor("gradients_2/AddN_3:0", shape=(1250, 784), dtype=float32)
Tensor("gradients_3/Reshape_2_grad/Reshape:0", shape=(1250, 784), dtype=float32)
Tensor("gradients_4/Reshape_2_grad/Reshape:0", shape=(1250, 784), dtype=float32)
KCT-INFO: there will be in total 1035 patches.
contRec is 
it no: 0 f_tot= 16156858033.08755 f_lik= 2004.5947431908335 f_dc (1e6)= 16156.856028492806 |g_lik|= 25682.17592247798 |g_dc|= 559.3671346824337
it no: 1 f_tot= 16155197489.874472 f_lik= 1959.1525527656645 f_dc (1e6)= 16155.195530721918 |g_lik|= 13825.253610719603 |g_dc|= 559.3431653974197
it no: 2 f_tot= 16152251438.73594 f_lik= 1911.9239377366928 f_dc (1e6)= 16152.249526812004 |g_lik|= 9964.125021065289 |g_dc|= 559.2985022893905
it no: 3 f_tot= 16149178560.26146 f_lik= 1894.0265344692411 f_dc (1e6)= 16149.176666234924 |g_lik|= 8693.15877493559 |g_dc|= 559.2515256277176
it no: 4 f_tot= 16146165215.31741 f_lik= 1886.2829783424027 f_dc (1e6)= 16146.16332903443 |g_lik|= 7815.311588070253 |g_dc|= 559.2051331353977
it no: 5 f_tot= 16143144411.699875 f_lik= 1874.0841033926465 f_dc (1e6)= 16143.142537615773 |g_lik|= 7559.982853238882 |g_dc|= 559.1581097309836
it no: 6 f_tot= 16140209879.526205 f_lik= 1881.0717804921242 f_dc (1e6)= 16140.207998454423 |g_lik|= 6964.26247137875 |g_dc|= 559.1122526050408
it no: 7 f_tot= 16137301145.179382 f_lik= 1852.712522050426 f_dc (1e6)= 16137.29929246686 |g_lik|= 6551.403220828069 |g_dc|= 559.0666128098882
it no: 8 f_tot= 16134442991.071838 f_lik= 1868.7624538031077 f_dc (1e6)= 16134.441122309385 |g_lik|= 5984.780933281633 |g_dc|= 559.021482943469
it no: 9 f_tot= 16131645229.05864 f_lik= 1838.12704297974 f_dc (1e6)= 16131.643390931597 |g_lik|= 5970.716418858262 |g_dc|= 558.9771844223596
f_dc (1e6): 16155.195530721918  perc: 352.5793661734116
it no: 13 f_tot= 16153207275.718716 f_lik= 1993.4862702771595 f_dc (1e6)= 16153.205282232444 |g_lik|= 18631.972984821783 |g_dc|= 559.4681994525898
it no: 14 f_tot= 16150956452.901838 f_lik= 1955.4270018473126 f_dc (1e6)= 16150.954497474837 |g_lik|= 11697.463274969 |g_dc|= 559.4353355687703
it no: 15 f_tot= 16147963857.955566 f_lik= 1934.959085826874 f_dc (1e6)= 16147.961922996481 |g_lik|= 9649.661705135675 |g_dc|= 559.3901685594188
it no: 16 f_tot= 16144856388.493793 f_lik= 1879.9918138366938 f_dc (1e6)= 16144.85450850198 |g_lik|= 8743.969616244032 |g_dc|= 559.3428337511707
it no: 17 f_tot= 16141803294.166811 f_lik= 1899.0122487240747 f_dc (1e6)= 16141.801395154562 |g_lik|= 8212.515406478304 |g_dc|= 559.29592518471
it no: 18 f_tot= 16138730057.410374 f_lik= 1841.0854146248953 f_dc (1e6)= 16138.728216324958 |g_lik|= 7242.92110355291 |g_dc|= 559.248359792834
it no: 19 f_tot= 16135728938.811167 f_lik= 1845.7385982397625 f_dc (1e6)= 16135.727093072568 |g_lik|= 6871.604145220706 |g_dc|= 559.2015905590084
it no: 20 f_tot= 16132746606.743542 f_lik= 1844.6957349586487 f_dc (1e6)= 16132.744762047807 |g_lik|= 6492.067154577925 |g_dc|= 559.1548223175758
it no: 21 f_tot= 16129863989.564333 f_lik= 1850.4355376623926 f_dc (1e6)= 16129.862139128796 |g_lik|= 6105.155434128047 |g_dc|= 559.1093092954724
it no: 22 f_tot= 16127007295.422703 f_lik= 1844.300422035399 f_dc (1e6)= 16127.00545112228 |g_lik|= 5766.432427641281 |g_dc|= 559.0639723428835
f_dc (1e6): 16150.954497474837  perc: 352.48680766421046
it no: 26 f_tot= 16154695795.948301 f_lik= 1976.9777302301497 f_dc (1e6)= 16154.69381897057 |g_lik|= 19753.272773315588 |g_dc|= 559.4285279580653
it no: 27 f_tot= 16152501708.200106 f_lik= 1938.4766896093458 f_dc (1e6)= 16152.499769723416 |g_lik|= 11686.426420242335 |g_dc|= 559.3961638832352
it no: 28 f_tot= 16149493354.709204 f_lik= 1890.9434309069884 f_dc (1e6)= 16149.491463765771 |g_lik|= 9423.59519165525 |g_dc|= 559.350598378104
it no: 29 f_tot= 16146416606.593666 f_lik= 1898.783950593358 f_dc (1e6)= 16146.414707809716 |g_lik|= 8299.574157675028 |g_dc|= 559.3035563961794
it no: 30 f_tot= 16143379207.629913 f_lik= 1886.328745111738 f_dc (1e6)= 16143.377321301168 |g_lik|= 7527.096723755715 |g_dc|= 559.2566934405565
it no: 31 f_tot= 16140360301.85865 f_lik= 1867.4889713287353 f_dc (1e6)= 16140.358434369678 |g_lik|= 7340.610557571258 |g_dc|= 559.2097629979886
it no: 32 f_tot= 16137393259.964237 f_lik= 1855.8783480280213 f_dc (1e6)= 16137.391404085889 |g_lik|= 7100.560156945337 |g_dc|= 559.1633146365592
it no: 33 f_tot= 16134491015.494545 f_lik= 1844.003957361068 f_dc (1e6)= 16134.489171490588 |g_lik|= 7092.207988550235 |g_dc|= 559.1175564559768
it no: 34 f_tot= 16131652133.065512 f_lik= 1821.3057916613986 f_dc (1e6)= 16131.65031175972 |g_lik|= 6383.009990552188 |g_dc|= 559.072642987854
it no: 35 f_tot= 16128843761.939222 f_lik= 1827.463232035864 f_dc (1e6)= 16128.84193447599 |g_lik|= 5907.116657103259 |g_dc|= 559.0280263562416
f_dc (1e6): 16152.499769723416  perc: 352.5205324872207
it no: 39 f_tot= 16152764058.77584 f_lik= 1971.484811622983 f_dc (1e6)= 16152.762087291028 |g_lik|= 18159.84089709601 |g_dc|= 559.4271753821547
it no: 40 f_tot= 16150580092.671864 f_lik= 1940.2710614867437 f_dc (1e6)= 16150.578152400803 |g_lik|= 11602.13656402707 |g_dc|= 559.395574272544
it no: 41 f_tot= 16147568137.839825 f_lik= 1911.9684277906872 f_dc (1e6)= 16147.566225871396 |g_lik|= 9379.395357359515 |g_dc|= 559.3500529377419
it no: 42 f_tot= 16144522039.478313 f_lik= 1908.3940400405156 f_dc (1e6)= 16144.520131084275 |g_lik|= 8582.918231915213 |g_dc|= 559.3037178410294
it no: 43 f_tot= 16141419353.393894 f_lik= 1848.6311622106462 f_dc (1e6)= 16141.417504762732 |g_lik|= 7971.118535358543 |g_dc|= 559.2559638047371
it no: 44 f_tot= 16138394325.648499 f_lik= 1854.8613591929845 f_dc (1e6)= 16138.39247078714 |g_lik|= 7614.341945974613 |g_dc|= 559.2092037939038
it no: 45 f_tot= 16135403955.953472 f_lik= 1858.2346569506328 f_dc (1e6)= 16135.402097718816 |g_lik|= 6725.218931708904 |g_dc|= 559.1626202557286
it no: 46 f_tot= 16132459941.47495 f_lik= 1835.7921919937362 f_dc (1e6)= 16132.45810568276 |g_lik|= 6488.982083595958 |g_dc|= 559.1165216490712
it no: 47 f_tot= 16129565731.94231 f_lik= 1846.6388630022323 f_dc (1e6)= 16129.563885303447 |g_lik|= 5989.317293202757 |g_dc|= 559.0709303297377
it no: 48 f_tot= 16126755522.301115 f_lik= 1810.0386664550078 f_dc (1e6)= 16126.753712262449 |g_lik|= 5888.400212602866 |g_dc|= 559.026504204484
f_dc (1e6): 16150.578152400803  perc: 352.4785941141229
it no: 52 f_tot= 16153652877.792849 f_lik= 1990.1606736001513 f_dc (1e6)= 16153.650887632175 |g_lik|= 19136.660305990154 |g_dc|= 559.4254714690298
it no: 53 f_tot= 16151451699.377043 f_lik= 1924.618851904188 f_dc (1e6)= 16151.44977475819 |g_lik|= 11598.606301850716 |g_dc|= 559.3931967994109
it no: 54 f_tot= 16148425906.76662 f_lik= 1905.0296022353002 f_dc (1e6)= 16148.42400173702 |g_lik|= 9097.132926667156 |g_dc|= 559.347456027557
it no: 55 f_tot= 16145360595.944698 f_lik= 1882.7860941051301 f_dc (1e6)= 16145.358713158603 |g_lik|= 8443.75589122839 |g_dc|= 559.3006059299114
it no: 56 f_tot= 16142304775.121283 f_lik= 1880.097583371557 f_dc (1e6)= 16142.302895023699 |g_lik|= 7637.8091741064245 |g_dc|= 559.2534183225748
it no: 57 f_tot= 16139291306.391632 f_lik= 1879.014391279107 f_dc (1e6)= 16139.289427377242 |g_lik|= 7394.850219033613 |g_dc|= 559.2066662008
it no: 58 f_tot= 16136313775.969461 f_lik= 1851.577274124509 f_dc (1e6)= 16136.311924392186 |g_lik|= 6820.818591386547 |g_dc|= 559.1600904235723
it no: 59 f_tot= 16133410590.632029 f_lik= 1849.8450566591534 f_dc (1e6)= 16133.408740786972 |g_lik|= 6427.467266410844 |g_dc|= 559.1144542104793
it no: 60 f_tot= 16130521417.844187 f_lik= 1827.156887974512 f_dc (1e6)= 16130.5195906873 |g_lik|= 6065.984809199046 |g_dc|= 559.0687811591254
it no: 61 f_tot= 16127747846.908602 f_lik= 1857.4145847102575 f_dc (1e6)= 16127.745989494017 |g_lik|= 5859.015497846994 |g_dc|= 559.0246874322521
f_dc (1e6): 16151.44977475819  perc: 352.4976168525185
it no: 65 f_tot= 16153044276.2212 f_lik= 1993.8143641817003 f_dc (1e6)= 16153.042282406837 |g_lik|= 21752.66632076414 |g_dc|= 559.4249650319623
it no: 66 f_tot= 16150991793.953634 f_lik= 1948.9895149942806 f_dc (1e6)= 16150.989844964119 |g_lik|= 11067.584018025575 |g_dc|= 559.3950715534477
it no: 67 f_tot= 16147989854.804804 f_lik= 1912.457770635514 f_dc (1e6)= 16147.987942347032 |g_lik|= 9165.174193719962 |g_dc|= 559.3498191779429
it no: 68 f_tot= 16144950215.457811 f_lik= 1872.0572379284813 f_dc (1e6)= 16144.948343400574 |g_lik|= 8434.294817726626 |g_dc|= 559.3035477000002
it no: 69 f_tot= 16141890783.89761 f_lik= 1866.284231505394 f_dc (1e6)= 16141.888917613378 |g_lik|= 7552.927756207488 |g_dc|= 559.2564913858737
it no: 70 f_tot= 16138859960.649603 f_lik= 1836.7496384130206 f_dc (1e6)= 16138.858123899965 |g_lik|= 7183.392429129447 |g_dc|= 559.2096583608098
it no: 71 f_tot= 16135862259.88837 f_lik= 1842.6642273496445 f_dc (1e6)= 16135.860417224145 |g_lik|= 6372.218288131816 |g_dc|= 559.1629004986254
it no: 72 f_tot= 16132931776.887976 f_lik= 1850.299684994107 f_dc (1e6)= 16132.929926588291 |g_lik|= 6087.943610076573 |g_dc|= 559.1170565419465
it no: 73 f_tot= 16130067627.657265 f_lik= 1838.5468347081685 f_dc (1e6)= 16130.06578911043 |g_lik|= 6102.438503397387 |g_dc|= 559.0719695064873
it no: 74 f_tot= 16127228885.71613 f_lik= 1844.8254208628337 f_dc (1e6)= 16127.22704089071 |g_lik|= 5873.193590050144 |g_dc|= 559.027013968805
f_dc (1e6): 16150.989844964119  perc: 352.48757910614955
it no: 78 f_tot= 16153511365.413284 f_lik= 2004.6821670423235 f_dc (1e6)= 16153.509360731117 |g_lik|= 18153.148901170916 |g_dc|= 559.4266612551426
it no: 79 f_tot= 16151286005.664541 f_lik= 1934.5155348832266 f_dc (1e6)= 16151.284071149006 |g_lik|= 11775.627759656594 |g_dc|= 559.3940624097453
it no: 80 f_tot= 16148267914.233126 f_lik= 1908.12303096635 f_dc (1e6)= 16148.266006110094 |g_lik|= 9414.597337637711 |g_dc|= 559.3483547981466
it no: 81 f_tot= 16145178367.864862 f_lik= 1888.5100986317225 f_dc (1e6)= 16145.176479354763 |g_lik|= 8371.66061323719 |g_dc|= 559.3011099071657
it no: 82 f_tot= 16142112834.914442 f_lik= 1870.6880694144113 f_dc (1e6)= 16142.110964226371 |g_lik|= 8007.316069464054 |g_dc|= 559.253729724923
it no: 83 f_tot= 16139108174.706429 f_lik= 1864.9661637751262 f_dc (1e6)= 16139.106309740266 |g_lik|= 7177.94026943406 |g_dc|= 559.2070556187767
it no: 84 f_tot= 16136133057.060505 f_lik= 1876.924904071263 f_dc (1e6)= 16136.1311801356 |g_lik|= 6885.371585387927 |g_dc|= 559.1605737724165
it no: 85 f_tot= 16133230436.91935 f_lik= 1826.6569146274385 f_dc (1e6)= 16133.228610262437 |g_lik|= 6582.1828882399905 |g_dc|= 559.1148606746012
it no: 86 f_tot= 16130359325.068378 f_lik= 1853.8235419332982 f_dc (1e6)= 16130.357471244837 |g_lik|= 6162.368826136525 |g_dc|= 559.06957415538
it no: 87 f_tot= 16127573580.93332 f_lik= 1821.9570546513512 f_dc (1e6)= 16127.571758976264 |g_lik|= 6006.767597306092 |g_dc|= 559.0253169805642
f_dc (1e6): 16151.284071149006  perc: 352.4940004510093
it no: 91 f_tot= 16153179129.38254 f_lik= 1976.704490445455 f_dc (1e6)= 16153.177152678049 |g_lik|= 18207.014533082103 |g_dc|= 559.4251564550361
it no: 92 f_tot= 16150978065.422953 f_lik= 1923.0270529056731 f_dc (1e6)= 16150.976142395899 |g_lik|= 11803.957148121199 |g_dc|= 559.3931189082125
it no: 93 f_tot= 16147956960.716219 f_lik= 1912.6663412707192 f_dc (1e6)= 16147.955048049876 |g_lik|= 9384.92693462566 |g_dc|= 559.3474978654809
it no: 94 f_tot= 16144938348.909943 f_lik= 1885.4495315588088 f_dc (1e6)= 16144.936463460412 |g_lik|= 8463.50904582689 |g_dc|= 559.3014705079526
it no: 95 f_tot= 16141851347.102455 f_lik= 1876.3561578078497 f_dc (1e6)= 16141.849470746298 |g_lik|= 7967.569746583172 |g_dc|= 559.254039227147
it no: 96 f_tot= 16138827058.930098 f_lik= 1841.5523489654631 f_dc (1e6)= 16138.82521737775 |g_lik|= 7400.293011937103 |g_dc|= 559.2070886916636
it no: 97 f_tot= 16135860619.4345 f_lik= 1861.2140414610362 f_dc (1e6)= 16135.858758220458 |g_lik|= 6970.059614909197 |g_dc|= 559.161001862936
it no: 98 f_tot= 16132955725.275087 f_lik= 1822.1205610693069 f_dc (1e6)= 16132.953903154526 |g_lik|= 6452.104478487049 |g_dc|= 559.1154453496013
it no: 99 f_tot= 16130097091.5687 f_lik= 1829.804120590754 f_dc (1e6)= 16130.09526176458 |g_lik|= 6082.55527918616 |g_dc|= 559.0704452681945
it no: 100 f_tot= 16127276916.073689 f_lik= 1838.2102079051785 f_dc (1e6)= 16127.275077863482 |g_lik|= 5779.477374513617 |g_dc|= 559.0257552509631
f_dc (1e6): 16150.976142395899  perc: 352.4872800541939
it no: 104 f_tot= 16153372884.129251 f_lik= 1994.6314269747054 f_dc (1e6)= 16153.370889497824 |g_lik|= 17932.578162012687 |g_dc|= 559.4255023400177
it no: 105 f_tot= 16151123630.927328 f_lik= 1945.9691681983356 f_dc (1e6)= 16151.12168495816 |g_lik|= 11925.447097768532 |g_dc|= 559.392499408353
it no: 106 f_tot= 16148079184.704706 f_lik= 1934.4519957626433 f_dc (1e6)= 16148.07725025271 |g_lik|= 10389.735672649993 |g_dc|= 559.3464189147422
it no: 107 f_tot= 16145034438.554932 f_lik= 1905.10513676053 f_dc (1e6)= 16145.032533449796 |g_lik|= 8785.952586357764 |g_dc|= 559.2997630031923
it no: 108 f_tot= 16141978593.948654 f_lik= 1890.812023240044 f_dc (1e6)= 16141.976703136632 |g_lik|= 7644.761621455761 |g_dc|= 559.2527108711696
it no: 109 f_tot= 16138943025.82382 f_lik= 1842.9490262276786 f_dc (1e6)= 16138.941182874794 |g_lik|= 7134.950703812432 |g_dc|= 559.2055670287568
it no: 110 f_tot= 16135979330.032328 f_lik= 1853.6633161170141 f_dc (1e6)= 16135.977476369011 |g_lik|= 6595.238636932504 |g_dc|= 559.1592948342117
it no: 111 f_tot= 16133060565.999651 f_lik= 1844.4332914020902 f_dc (1e6)= 16133.05872156636 |g_lik|= 6265.0258427404715 |g_dc|= 559.1134204949387
it no: 112 f_tot= 16130210689.424967 f_lik= 1814.2709077174322 f_dc (1e6)= 16130.208875154058 |g_lik|= 6393.372942211952 |g_dc|= 559.0684372759821
it no: 113 f_tot= 16127375695.689995 f_lik= 1832.2189625712804 f_dc (1e6)= 16127.373863471033 |g_lik|= 5897.064125423418 |g_dc|= 559.0233913047801
f_dc (1e6): 16151.12168495816  perc: 352.49045645055844
it no: 117 f_tot= 16153218621.401194 f_lik= 1955.87175377982 f_dc (1e6)= 16153.21666552944 |g_lik|= 18086.853870301016 |g_dc|= 559.4250691189861
it no: 118 f_tot= 16151050387.960098 f_lik= 1943.5578168574968 f_dc (1e6)= 16151.04844440228 |g_lik|= 12134.508820075345 |g_dc|= 559.3935071640947
it no: 119 f_tot= 16148041507.392498 f_lik= 1920.430414350164 f_dc (1e6)= 16148.039586962084 |g_lik|= 9275.70830101166 |g_dc|= 559.3480401939828
it no: 120 f_tot= 16144943047.97366 f_lik= 1904.2245944250199 f_dc (1e6)= 16144.941143749065 |g_lik|= 8589.550478846373 |g_dc|= 559.3007847490237
it no: 121 f_tot= 16141888400.432669 f_lik= 1871.1026015163604 f_dc (1e6)= 16141.886529330066 |g_lik|= 7875.280104518359 |g_dc|= 559.2537475141916
it no: 122 f_tot= 16138863908.352297 f_lik= 1837.6008002035958 f_dc (1e6)= 16138.862070751497 |g_lik|= 7568.064776130151 |g_dc|= 559.2068382101959
it no: 123 f_tot= 16135882398.080769 f_lik= 1817.5559184492201 f_dc (1e6)= 16135.88058052485 |g_lik|= 7014.7928609714545 |g_dc|= 559.160389844513
it no: 124 f_tot= 16132953983.958256 f_lik= 1827.2920104644413 f_dc (1e6)= 16132.952156666244 |g_lik|= 6904.25097481366 |g_dc|= 559.1144205432503
it no: 125 f_tot= 16130093605.940453 f_lik= 1812.6719373884655 f_dc (1e6)= 16130.091793268515 |g_lik|= 6516.529469263499 |g_dc|= 559.0694574303444
it no: 126 f_tot= 16127260084.97115 f_lik= 1812.7326795719919 f_dc (1e6)= 16127.25827223847 |g_lik|= 6488.595457601262 |g_dc|= 559.0244933692189
f_dc (1e6): 16151.04844440228  perc: 352.48885801068064
it no: 130 f_tot= 16153351749.484793 f_lik= 1998.2325183614096 f_dc (1e6)= 16153.349751252274 |g_lik|= 18006.16963734106 |g_dc|= 559.4255731426169
it no: 131 f_tot= 16151157525.972189 f_lik= 1926.2584633327665 f_dc (1e6)= 16151.155599713726 |g_lik|= 12202.702457396223 |g_dc|= 559.393561930808
it no: 132 f_tot= 16148127376.224543 f_lik= 1911.991568727039 f_dc (1e6)= 16148.125464232973 |g_lik|= 9547.509676241802 |g_dc|= 559.3476679343465
it no: 133 f_tot= 16145057347.368301 f_lik= 1887.3675510188511 f_dc (1e6)= 16145.055460000749 |g_lik|= 8616.522660898276 |g_dc|= 559.3007729474155
it no: 134 f_tot= 16141991665.105272 f_lik= 1891.244580648059 f_dc (1e6)= 16141.98977386069 |g_lik|= 7877.367957021338 |g_dc|= 559.253570889272
it no: 135 f_tot= 16138996104.893143 f_lik= 1897.4017903972808 f_dc (1e6)= 16138.994207491352 |g_lik|= 6980.763362423964 |g_dc|= 559.2070705478483
it no: 136 f_tot= 16136010767.198082 f_lik= 1839.4869432122366 f_dc (1e6)= 16136.00892771114 |g_lik|= 6690.07908962918 |g_dc|= 559.1604227595844
it no: 137 f_tot= 16133084655.966532 f_lik= 1850.0788598255883 f_dc (1e6)= 16133.082805887672 |g_lik|= 6592.185640848001 |g_dc|= 559.1144560348908
it no: 138 f_tot= 16130216679.384521 f_lik= 1809.2790207860583 f_dc (1e6)= 16130.214870105501 |g_lik|= 6183.6037863306465 |g_dc|= 559.0691241646618
it no: 139 f_tot= 16127427897.138031 f_lik= 1850.5466599609738 f_dc (1e6)= 16127.426046591372 |g_lik|= 6073.246675444806 |g_dc|= 559.0248648305017
f_dc (1e6): 16151.155599713726  perc: 352.4911966237739
it no: 143 f_tot= 16153252125.562595 f_lik= 1990.2845300438291 f_dc (1e6)= 16153.250135278065 |g_lik|= 18239.036975651143 |g_dc|= 559.4253721846163
it no: 144 f_tot= 16150994195.844933 f_lik= 1952.2646501186916 f_dc (1e6)= 16150.992243580282 |g_lik|= 12280.07753636178 |g_dc|= 559.3923935078776
it no: 145 f_tot= 16147987807.417513 f_lik= 1903.2673651345572 f_dc (1e6)= 16147.985904150148 |g_lik|= 9904.879443034946 |g_dc|= 559.3468796053527
it no: 146 f_tot= 16144945265.601837 f_lik= 1894.9711879743847 f_dc (1e6)= 16144.94337063065 |g_lik|= 8383.619945859838 |g_dc|= 559.3005476770995
it no: 147 f_tot= 16141889372.27776 f_lik= 1882.8626829338073 f_dc (1e6)= 16141.887489415078 |g_lik|= 7763.077811977238 |g_dc|= 559.2534733814045
it no: 148 f_tot= 16138879876.47258 f_lik= 1847.779907791501 f_dc (1e6)= 16138.878028692672 |g_lik|= 7410.327820505988 |g_dc|= 559.2068596020133
it no: 149 f_tot= 16135904741.426334 f_lik= 1852.8922579156786 f_dc (1e6)= 16135.902888534076 |g_lik|= 6896.640524377331 |g_dc|= 559.1604552964803
it no: 150 f_tot= 16133001061.401869 f_lik= 1853.5395382415682 f_dc (1e6)= 16132.99920786233 |g_lik|= 6412.013819697208 |g_dc|= 559.1149371296278
it no: 151 f_tot= 16130125497.682512 f_lik= 1856.675031400408 f_dc (1e6)= 16130.12364100748 |g_lik|= 6302.6070162872 |g_dc|= 559.0696681290744
it no: 152 f_tot= 16127320808.401482 f_lik= 1843.2787515233813 f_dc (1e6)= 16127.31896512273 |g_lik|= 6026.473138449225 |g_dc|= 559.0252364960189
f_dc (1e6): 16150.992243580282  perc: 352.4876314547928
it no: 156 f_tot= 16153355424.366816 f_lik= 1977.4769577443033 f_dc (1e6)= 16153.353446889858 |g_lik|= 18361.649043453395 |g_dc|= 559.4258621407723
it no: 157 f_tot= 16151162100.709826 f_lik= 1919.5549921944028 f_dc (1e6)= 16151.160181154833 |g_lik|= 12409.293263920787 |g_dc|= 559.3937939621028
it no: 158 f_tot= 16148117793.655499 f_lik= 1918.4175569570632 f_dc (1e6)= 16148.115875237942 |g_lik|= 9501.467627898983 |g_dc|= 559.3476383742382
it no: 159 f_tot= 16145053708.470583 f_lik= 1910.651539634523 f_dc (1e6)= 16145.051797819044 |g_lik|= 8923.583336754838 |g_dc|= 559.3009364672581
it no: 160 f_tot= 16141977764.24035 f_lik= 1867.8032602564494 f_dc (1e6)= 16141.97589643709 |g_lik|= 7970.741313158265 |g_dc|= 559.2534972861574
it no: 161 f_tot= 16138959887.761719 f_lik= 1857.9658914593288 f_dc (1e6)= 16138.958029795827 |g_lik|= 7678.266670015871 |g_dc|= 559.2066262845113
it no: 162 f_tot= 16135957461.82191 f_lik= 1872.1612458090556 f_dc (1e6)= 16135.955589660665 |g_lik|= 6617.813526918509 |g_dc|= 559.1596569488462
it no: 163 f_tot= 16133055349.87518 f_lik= 1833.8662436078844 f_dc (1e6)= 16133.053516008937 |g_lik|= 6481.3438524932935 |g_dc|= 559.1141539431537
it no: 164 f_tot= 16130176206.801748 f_lik= 1811.132692482358 f_dc (1e6)= 16130.174395669055 |g_lik|= 6290.4351112528375 |g_dc|= 559.0686508346929
it no: 165 f_tot= 16127357965.017931 f_lik= 1839.5957910147167 f_dc (1e6)= 16127.35612542214 |g_lik|= 5973.937588594695 |g_dc|= 559.0239520478898
f_dc (1e6): 16151.160181154833  perc: 352.4912966115208
it no: 169 f_tot= 16153263894.950094 f_lik= 1999.3404349723316 f_dc (1e6)= 16153.26189560966 |g_lik|= 17921.90843555618 |g_dc|= 559.4254232574433
it no: 170 f_tot= 16151036355.42254 f_lik= 1932.4328196398417 f_dc (1e6)= 16151.034422989722 |g_lik|= 11492.183993568862 |g_dc|= 559.3930823415649
it no: 171 f_tot= 16148010605.671661 f_lik= 1906.0224792207991 f_dc (1e6)= 16148.008699649181 |g_lik|= 9752.603465998212 |g_dc|= 559.3474152427174
it no: 172 f_tot= 16144995360.055788 f_lik= 1891.0298307417688 f_dc (1e6)= 16144.993469025958 |g_lik|= 8823.275337085692 |g_dc|= 559.3014234414992
it no: 173 f_tot= 16141928450.877361 f_lik= 1847.3043961570377 f_dc (1e6)= 16141.926603572965 |g_lik|= 7832.679777760971 |g_dc|= 559.2541929917566
it no: 174 f_tot= 16138917262.198986 f_lik= 1858.0382465689522 f_dc (1e6)= 16138.91540416074 |g_lik|= 7245.612982981016 |g_dc|= 559.2075186029967
it no: 175 f_tot= 16135949948.055958 f_lik= 1838.9767373062316 f_dc (1e6)= 16135.94810907922 |g_lik|= 6930.034495646066 |g_dc|= 559.161259456572
it no: 176 f_tot= 16133047452.716057 f_lik= 1825.6535625071754 f_dc (1e6)= 16133.045627062495 |g_lik|= 6504.324213002143 |g_dc|= 559.1158388228831
it no: 177 f_tot= 16130165812.561903 f_lik= 1847.7416540929817 f_dc (1e6)= 16130.163964820249 |g_lik|= 6316.876390451123 |g_dc|= 559.0703570679995
it no: 178 f_tot= 16127383971.983704 f_lik= 1831.4210816437858 f_dc (1e6)= 16127.382140562622 |g_lik|= 6351.767526839799 |g_dc|= 559.026295654441
f_dc (1e6): 16151.034422989722  perc: 352.48855200010075
it no: 182 f_tot= 16153301064.969997 f_lik= 1978.8461024302528 f_dc (1e6)= 16153.299086123896 |g_lik|= 18780.098036437437 |g_dc|= 559.4251291162717
it no: 183 f_tot= 16151100124.479725 f_lik= 1969.3557810120355 f_dc (1e6)= 16151.098155123944 |g_lik|= 11559.384541209285 |g_dc|= 559.3927689844851
it no: 184 f_tot= 16148083079.021772 f_lik= 1912.4058829062326 f_dc (1e6)= 16148.081166615888 |g_lik|= 9745.609718928683 |g_dc|= 559.347105676141
it no: 185 f_tot= 16145025314.722342 f_lik= 1894.917817033132 f_dc (1e6)= 16145.023419804525 |g_lik|= 8390.92073425781 |g_dc|= 559.3003744319094
it no: 186 f_tot= 16141971033.987337 f_lik= 1878.9329009010678 f_dc (1e6)= 16141.969155054436 |g_lik|= 7664.114395402518 |g_dc|= 559.253300891992
it no: 187 f_tot= 16138920659.886925 f_lik= 1865.1388439867042 f_dc (1e6)= 16138.91879474808 |g_lik|= 7069.393031097092 |g_dc|= 559.2060138204415
it no: 188 f_tot= 16135979485.727322 f_lik= 1849.6271896916344 f_dc (1e6)= 16135.977636100131 |g_lik|= 6738.099030227651 |g_dc|= 559.1600214324129
it no: 189 f_tot= 16133037169.405607 f_lik= 1854.8000367959341 f_dc (1e6)= 16133.03531460557 |g_lik|= 6527.537831898873 |g_dc|= 559.1138370405264
it no: 190 f_tot= 16130187442.247822 f_lik= 1854.3422670473371 f_dc (1e6)= 16130.185587905555 |g_lik|= 6231.6724547433105 |g_dc|= 559.0687569405701
it no: 191 f_tot= 16127337087.108307 f_lik= 1831.9836350241162 f_dc (1e6)= 16127.335255124672 |g_lik|= 5938.202693582954 |g_dc|= 559.0235810182776
f_dc (1e6): 16151.098155123944  perc: 352.4899429232527
it no: 195 f_tot= 16153280701.980299 f_lik= 1985.3828381102426 f_dc (1e6)= 16153.278716597462 |g_lik|= 17319.75106264613 |g_dc|= 559.4256512979955
it no: 196 f_tot= 16151018585.729017 f_lik= 1941.8680355244592 f_dc (1e6)= 16151.016643860981 |g_lik|= 11794.231860878164 |g_dc|= 559.3927441817383
it no: 197 f_tot= 16148061613.68591 f_lik= 1905.2671935590108 f_dc (1e6)= 16148.059708418716 |g_lik|= 9226.586699965863 |g_dc|= 559.3480311925416
it no: 198 f_tot= 16144994495.204136 f_lik= 1889.4812884902954 f_dc (1e6)= 16144.992605722848 |g_lik|= 8365.040005645875 |g_dc|= 559.3012459551427
it no: 199 f_tot= 16141930334.318539 f_lik= 1895.8596343449183 f_dc (1e6)= 16141.928438458905 |g_lik|= 7809.640296726465 |g_dc|= 559.2540918827835
it no: 200 f_tot= 16138913180.273 f_lik= 1857.3720798471995 f_dc (1e6)= 16138.911322900922 |g_lik|= 7320.071123080456 |g_dc|= 559.2073184235758
it no: 201 f_tot= 16135977754.982838 f_lik= 1863.3283558319863 f_dc (1e6)= 16135.975891654482 |g_lik|= 6795.9910178131195 |g_dc|= 559.1616099987509
it no: 202 f_tot= 16133074561.641338 f_lik= 1839.3556130254835 f_dc (1e6)= 16133.072722285724 |g_lik|= 6481.645552895863 |g_dc|= 559.1160653524331
it no: 203 f_tot= 16130212335.676903 f_lik= 1821.7013261477152 f_dc (1e6)= 16130.210513975577 |g_lik|= 5907.2117371847235 |g_dc|= 559.0708913292658
it no: 204 f_tot= 16127413487.44057 f_lik= 1819.4151186668305 f_dc (1e6)= 16127.411668025452 |g_lik|= 5851.779351184989 |g_dc|= 559.0265684670563
f_dc (1e6): 16151.016643860981  perc: 352.488163979174
it no: 208 f_tot= 16153315613.312687 f_lik= 2012.415571308136 f_dc (1e6)= 16153.313600897116 |g_lik|= 17695.458890553426 |g_dc|= 559.4252980132543
it no: 209 f_tot= 16150999665.688152 f_lik= 1942.382652377174 f_dc (1e6)= 16150.9977233055 |g_lik|= 12300.616035891044 |g_dc|= 559.3913702617326
it no: 210 f_tot= 16148017344.828587 f_lik= 1921.6105223029 f_dc (1e6)= 16148.015423218063 |g_lik|= 10027.059108369247 |g_dc|= 559.3462418579671
it no: 211 f_tot= 16144956953.300922 f_lik= 1874.5137260698136 f_dc (1e6)= 16144.955078787198 |g_lik|= 8801.201846754957 |g_dc|= 559.2994562093447
it no: 212 f_tot= 16141900677.50618 f_lik= 1875.9645271046957 f_dc (1e6)= 16141.898801541653 |g_lik|= 7875.722928993976 |g_dc|= 559.2523975852797
it no: 213 f_tot= 16138851335.580978 f_lik= 1849.8752545034317 f_dc (1e6)= 16138.849485705725 |g_lik|= 7261.356569480032 |g_dc|= 559.2050665372252
it no: 214 f_tot= 16135864663.166414 f_lik= 1848.456944409325 f_dc (1e6)= 16135.862814709471 |g_lik|= 7023.93323910097 |g_dc|= 559.1582797427066
it no: 215 f_tot= 16132930359.707396 f_lik= 1839.0210200532276 f_dc (1e6)= 16132.928520686375 |g_lik|= 6697.493339831685 |g_dc|= 559.1122725145498
it no: 216 f_tot= 16130065776.997196 f_lik= 1827.419406549363 f_dc (1e6)= 16130.063949577789 |g_lik|= 6341.630111837925 |g_dc|= 559.0668995201738
it no: 217 f_tot= 16127238024.349487 f_lik= 1837.1889570224853 f_dc (1e6)= 16127.23618716053 |g_lik|= 5983.60104507858 |g_dc|= 559.0221313207668
f_dc (1e6): 16150.9977233055  perc: 352.487751047158
it no: 221 f_tot= 16153279668.594831 f_lik= 1971.566554461888 f_dc (1e6)= 16153.277697028276 |g_lik|= 17577.398028469765 |g_dc|= 559.4255602253407
it no: 222 f_tot= 16151029249.495447 f_lik= 1953.7296537476493 f_dc (1e6)= 16151.027295765793 |g_lik|= 11531.924783436398 |g_dc|= 559.3927465676427
it no: 223 f_tot= 16148011864.694538 f_lik= 1915.7735398451487 f_dc (1e6)= 16148.009948920997 |g_lik|= 9516.20976365449 |g_dc|= 559.3471430855213
it no: 224 f_tot= 16144962362.29751 f_lik= 1907.3532970314934 f_dc (1e6)= 16144.960454944214 |g_lik|= 8660.248595346358 |g_dc|= 559.3005731459991
it no: 225 f_tot= 16141872352.874493 f_lik= 1873.4420790463403 f_dc (1e6)= 16141.870479432413 |g_lik|= 7829.955394132258 |g_dc|= 559.2531076333894
it no: 226 f_tot= 16138877932.839262 f_lik= 1874.7285497822081 f_dc (1e6)= 16138.876058110713 |g_lik|= 7309.29238158158 |g_dc|= 559.2067724760353
it no: 227 f_tot= 16135920576.94323 f_lik= 1853.0901611264546 f_dc (1e6)= 16135.918723853069 |g_lik|= 6986.567057432623 |g_dc|= 559.1606202920465
it no: 228 f_tot= 16133021503.44572 f_lik= 1832.3276541877929 f_dc (1e6)= 16133.019671118067 |g_lik|= 6604.775681584076 |g_dc|= 559.1152010748268
it no: 229 f_tot= 16130138567.887514 f_lik= 1837.1050856044178 f_dc (1e6)= 16130.13673078243 |g_lik|= 6705.455375653788 |g_dc|= 559.0696434378788
it no: 230 f_tot= 16127356772.134876 f_lik= 1831.3064807428632 f_dc (1e6)= 16127.354940828396 |g_lik|= 5883.356631116934 |g_dc|= 559.0256027015013
f_dc (1e6): 16151.027295765793  perc: 352.4883964518692
it no: 234 f_tot= 16153352031.623545 f_lik= 1989.0817346609206 f_dc (1e6)= 16153.35004254181 |g_lik|= 18233.39722364002 |g_dc|= 559.4259449293071
it no: 235 f_tot= 16151134092.096226 f_lik= 1927.6779050831567 f_dc (1e6)= 16151.132164418319 |g_lik|= 11024.751224594906 |g_dc|= 559.3934386034736
it no: 236 f_tot= 16148100504.569263 f_lik= 1922.5716727356685 f_dc (1e6)= 16148.09858199759 |g_lik|= 8928.113988680174 |g_dc|= 559.3476348812958
it no: 237 f_tot= 16145016653.691813 f_lik= 1893.1569355937413 f_dc (1e6)= 16145.014760534877 |g_lik|= 8481.633871938653 |g_dc|= 559.3005213695261
it no: 238 f_tot= 16141949246.032682 f_lik= 1880.8747285951888 f_dc (1e6)= 16141.947365157954 |g_lik|= 7643.812773751791 |g_dc|= 559.2532752492277
it no: 239 f_tot= 16138934947.684395 f_lik= 1883.9868990487143 f_dc (1e6)= 16138.933063697496 |g_lik|= 7470.661762733459 |g_dc|= 559.2064168088933
it no: 240 f_tot= 16135959053.683151 f_lik= 1837.5814116237277 f_dc (1e6)= 16135.95721610174 |g_lik|= 7044.644070840323 |g_dc|= 559.1599538809976
it no: 241 f_tot= 16133037102.253239 f_lik= 1836.0956700443087 f_dc (1e6)= 16133.035266157567 |g_lik|= 6571.052546654262 |g_dc|= 559.1139814468592
it no: 242 f_tot= 16130155165.473352 f_lik= 1864.7689292601176 f_dc (1e6)= 16130.153300704424 |g_lik|= 6202.506944805253 |g_dc|= 559.0685497779707
it no: 243 f_tot= 16127336966.861368 f_lik= 1808.1039854915937 f_dc (1e6)= 16127.335158757383 |g_lik|= 5818.827526627207 |g_dc|= 559.0236926081581
f_dc (1e6): 16151.132164418319  perc: 352.4906851597322
it no: 247 f_tot= 16153286046.999897 f_lik= 1972.48476470039 f_dc (1e6)= 16153.284074515133 |g_lik|= 17767.334220920126 |g_dc|= 559.4255790011784
it no: 248 f_tot= 16151070736.63101 f_lik= 1941.9755467728205 f_dc (1e6)= 16151.068794655464 |g_lik|= 11567.507528348482 |g_dc|= 559.3933101801327
it no: 249 f_tot= 16148073239.14052 f_lik= 1896.1520588720412 f_dc (1e6)= 16148.07134298846 |g_lik|= 9500.771737365385 |g_dc|= 559.3480117648892
it no: 250 f_tot= 16145014703.29789 f_lik= 1890.6361119529179 f_dc (1e6)= 16145.012812661778 |g_lik|= 8905.037734070538 |g_dc|= 559.3013642765515
it no: 251 f_tot= 16141965129.87271 f_lik= 1885.7036265454974 f_dc (1e6)= 16141.963244169083 |g_lik|= 7802.1195572880715 |g_dc|= 559.2544090739332
it no: 252 f_tot= 16138938953.889345 f_lik= 1891.5261381639752 f_dc (1e6)= 16138.937062363208 |g_lik|= 6954.339534661085 |g_dc|= 559.2075553208183
it no: 253 f_tot= 16135969997.135983 f_lik= 1850.3981395346777 f_dc (1e6)= 16135.968146737843 |g_lik|= 6329.806985753326 |g_dc|= 559.161265639552
it no: 254 f_tot= 16133078210.20071 f_lik= 1846.4053612009684 f_dc (1e6)= 16133.07636379535 |g_lik|= 6041.162280766193 |g_dc|= 559.1159897045504
it no: 255 f_tot= 16130227079.29837 f_lik= 1824.0532439712115 f_dc (1e6)= 16130.225255245126 |g_lik|= 6024.843790545219 |g_dc|= 559.0710249587478
it no: 256 f_tot= 16127402877.908215 f_lik= 1826.1638559713817 f_dc (1e6)= 16127.401051744358 |g_lik|= 5902.334149022776 |g_dc|= 559.0262987972767
f_dc (1e6): 16151.068794655464  perc: 352.4893021451608
it no: 260 f_tot= 16153334866.542519 f_lik= 1981.2410364750453 f_dc (1e6)= 16153.332885301481 |g_lik|= 17732.957556660727 |g_dc|= 559.4257072134236
it no: 261 f_tot= 16151079893.738033 f_lik= 1971.4713489577885 f_dc (1e6)= 16151.077922266684 |g_lik|= 11358.513903030602 |g_dc|= 559.3927078035382
it no: 262 f_tot= 16148032977.952229 f_lik= 1916.6587546280452 f_dc (1e6)= 16148.031061293474 |g_lik|= 9073.222979182114 |g_dc|= 559.346638241352
it no: 263 f_tot= 16144989834.513641 f_lik= 1871.3058207966033 f_dc (1e6)= 16144.987963207821 |g_lik|= 8354.9058969806 |g_dc|= 559.3002286164095
it no: 264 f_tot= 16141919383.796986 f_lik= 1865.042313062577 f_dc (1e6)= 16141.917518754673 |g_lik|= 7596.346186721721 |g_dc|= 559.2528429360331
it no: 265 f_tot= 16138899231.506153 f_lik= 1860.478525530043 f_dc (1e6)= 16138.897371027628 |g_lik|= 7402.385922142804 |g_dc|= 559.2059684564412
it no: 266 f_tot= 16135912885.024128 f_lik= 1872.5461709451674 f_dc (1e6)= 16135.911012477956 |g_lik|= 7097.116345257815 |g_dc|= 559.1592804386783
it no: 267 f_tot= 16132994802.930311 f_lik= 1831.8097602353778 f_dc (1e6)= 16132.99297112055 |g_lik|= 6397.703845277538 |g_dc|= 559.1134864876261
it no: 268 f_tot= 16130109361.857986 f_lik= 1838.6172874284925 f_dc (1e6)= 16130.1075232407 |g_lik|= 6070.5846735829555 |g_dc|= 559.0678793629389
it no: 269 f_tot= 16127293372.05404 f_lik= 1831.2253480755148 f_dc (1e6)= 16127.291540828694 |g_lik|= 6288.246709572861 |g_dc|= 559.0232217123804
f_dc (1e6): 16151.077922266684  perc: 352.48950135088216
it no: 273 f_tot= 16153292144.322897 f_lik= 1981.4800650932675 f_dc (1e6)= 16153.290162842832 |g_lik|= 20978.80576760489 |g_dc|= 559.4256486621746
it no: 274 f_tot= 16151171370.529507 f_lik= 1935.7410783813114 f_dc (1e6)= 16151.169434788428 |g_lik|= 11025.535571492579 |g_dc|= 559.394429909446
it no: 275 f_tot= 16148175149.538197 f_lik= 1909.6074695650736 f_dc (1e6)= 16148.173239930728 |g_lik|= 9048.468064432645 |g_dc|= 559.3492161729429
it no: 276 f_tot= 16145122881.157616 f_lik= 1871.852509025392 f_dc (1e6)= 16145.121009305107 |g_lik|= 8084.231387822201 |g_dc|= 559.3027308648817
it no: 277 f_tot= 16142042367.147583 f_lik= 1873.0765007734299 f_dc (1e6)= 16142.040494071083 |g_lik|= 7628.694763075319 |g_dc|= 559.2553027340554
it no: 278 f_tot= 16139036097.414843 f_lik= 1871.5089746550152 f_dc (1e6)= 16139.034225905869 |g_lik|= 7062.815442217222 |g_dc|= 559.2087511879367
it no: 279 f_tot= 16136074963.279509 f_lik= 1861.6293520264398 f_dc (1e6)= 16136.073101650156 |g_lik|= 6636.082187583084 |g_dc|= 559.1626224490358
it no: 280 f_tot= 16133146735.983059 f_lik= 1836.720790310133 f_dc (1e6)= 16133.144899262268 |g_lik|= 6297.6504806319645 |g_dc|= 559.1167657002782
it no: 281 f_tot= 16130280402.540592 f_lik= 1841.3439268157595 f_dc (1e6)= 16130.278561196665 |g_lik|= 5971.645356291592 |g_dc|= 559.0715029140409
it no: 282 f_tot= 16127472504.163227 f_lik= 1838.4155442169733 f_dc (1e6)= 16127.470665747682 |g_lik|= 5752.637769448519 |g_dc|= 559.0270667829164
f_dc (1e6): 16151.169434788428  perc: 352.4914985676198
it no: 286 f_tot= 16153402004.060331 f_lik= 2002.3545482381185 f_dc (1e6)= 16153.400001705784 |g_lik|= 17776.573583876572 |g_dc|= 559.4267454880413
it no: 287 f_tot= 16151117695.810762 f_lik= 1943.250970204217 f_dc (1e6)= 16151.115752559792 |g_lik|= 10986.810938439981 |g_dc|= 559.3932876762036
it no: 288 f_tot= 16148089671.040367 f_lik= 1932.696617089226 f_dc (1e6)= 16148.08773834375 |g_lik|= 9383.96385491946 |g_dc|= 559.3474947869478
it no: 289 f_tot= 16145030271.335386 f_lik= 1887.432359735398 f_dc (1e6)= 16145.028383903027 |g_lik|= 8513.368674610247 |g_dc|= 559.3007512300609
it no: 290 f_tot= 16141945832.872728 f_lik= 1898.7113952909197 f_dc (1e6)= 16141.943934161332 |g_lik|= 7606.41966687181 |g_dc|= 559.2532074294014
it no: 291 f_tot= 16138923070.293701 f_lik= 1834.8601521791732 f_dc (1e6)= 16138.92123543355 |g_lik|= 7283.561358208231 |g_dc|= 559.2062765633312
it no: 292 f_tot= 16135929534.374563 f_lik= 1853.27585030797 f_dc (1e6)= 16135.927681098712 |g_lik|= 7031.670842589325 |g_dc|= 559.1595343650517
it no: 293 f_tot= 16133030518.804878 f_lik= 1849.1942679977417 f_dc (1e6)= 16133.02866961061 |g_lik|= 6366.289096046325 |g_dc|= 559.1140095880342
it no: 294 f_tot= 16130133637.57769 f_lik= 1852.987465542044 f_dc (1e6)= 16130.131784590225 |g_lik|= 6085.207479075619 |g_dc|= 559.0681671124107
it no: 295 f_tot= 16127327042.25012 f_lik= 1836.5010735643477 f_dc (1e6)= 16127.325205749046 |g_lik|= 5833.528654663275 |g_dc|= 559.0236818958138
f_dc (1e6): 16151.115752559792  perc: 352.49032697881967
it no: 299 f_tot= 16153272648.330778 f_lik= 1975.3207910737538 f_dc (1e6)= 16153.270673009987 |g_lik|= 19364.4659432279 |g_dc|= 559.4254142567493
it no: 300 f_tot= 16151110587.823494 f_lik= 1945.7392949908121 f_dc (1e6)= 16151.1086420842 |g_lik|= 10844.363759686736 |g_dc|= 559.3938206731724
it no: 301 f_tot= 16148078787.156322 f_lik= 1907.4014652397518 f_dc (1e6)= 16148.076879754857 |g_lik|= 9184.214707268904 |g_dc|= 559.3480532932157
it no: 302 f_tot= 16144998033.93546 f_lik= 1905.631801745097 f_dc (1e6)= 16144.996128303657 |g_lik|= 8243.634964140945 |g_dc|= 559.301196673108
it no: 303 f_tot= 16141930902.465477 f_lik= 1886.593770904541 f_dc (1e6)= 16141.929015871707 |g_lik|= 7723.300982323805 |g_dc|= 559.2539013585052
it no: 304 f_tot= 16138918412.17553 f_lik= 1832.3115604001 f_dc (1e6)= 16138.91657986397 |g_lik|= 7175.405778259321 |g_dc|= 559.2073260244259
it no: 305 f_tot= 16135936551.139309 f_lik= 1862.4993673978533 f_dc (1e6)= 16135.934688639942 |g_lik|= 6848.429712719056 |g_dc|= 559.1607774517523
it no: 306 f_tot= 16133038464.843117 f_lik= 1844.0833595893496 f_dc (1e6)= 16133.036620759758 |g_lik|= 6420.523183580103 |g_dc|= 559.1154583872294
it no: 307 f_tot= 16130162971.886301 f_lik= 1834.9560677918935 f_dc (1e6)= 16130.161136930234 |g_lik|= 6082.039891188702 |g_dc|= 559.0699864464066
it no: 308 f_tot= 16127349612.453268 f_lik= 1831.8464811352321 f_dc (1e6)= 16127.347780606788 |g_lik|= 5674.976680490139 |g_dc|= 559.0254936943596
f_dc (1e6): 16151.1086420842  perc: 352.49017179611246
it no: 312 f_tot= 16153342870.466427 f_lik= 1999.609208977109 f_dc (1e6)= 16153.340870857217 |g_lik|= 17303.231441383126 |g_dc|= 559.4258621460875
it no: 313 f_tot= 16151101510.154621 f_lik= 1933.486043969109 f_dc (1e6)= 16151.099576668577 |g_lik|= 11614.200899658712 |g_dc|= 559.3930817592277
it no: 314 f_tot= 16148092173.496357 f_lik= 1899.2011723845346 f_dc (1e6)= 16148.090274295186 |g_lik|= 9184.338217220611 |g_dc|= 559.3475228100518
it no: 315 f_tot= 16144991094.760805 f_lik= 1896.939754896618 f_dc (1e6)= 16144.98919782105 |g_lik|= 8267.258787328406 |g_dc|= 559.3002437440017
it no: 316 f_tot= 16141930725.00534 f_lik= 1888.9581202503045 f_dc (1e6)= 16141.92883604722 |g_lik|= 7699.920648840946 |g_dc|= 559.253009585911
it no: 317 f_tot= 16138889060.063438 f_lik= 1857.5629458018711 f_dc (1e6)= 16138.887202500493 |g_lik|= 7342.857863254388 |g_dc|= 559.205885370301
it no: 318 f_tot= 16135902412.3075 f_lik= 1846.2799236085302 f_dc (1e6)= 16135.900566027576 |g_lik|= 6515.191819408626 |g_dc|= 559.1592574539815
it no: 319 f_tot= 16132963643.166725 f_lik= 1818.419277646201 f_dc (1e6)= 16132.961824747448 |g_lik|= 6298.392214502602 |g_dc|= 559.1131052839
it no: 320 f_tot= 16130098469.653114 f_lik= 1805.4486120051429 f_dc (1e6)= 16130.096664204502 |g_lik|= 6048.062388526429 |g_dc|= 559.0677917612844
it no: 321 f_tot= 16127264885.486937 f_lik= 1839.0944966316224 f_dc (1e6)= 16127.263046392442 |g_lik|= 5950.933221324893 |g_dc|= 559.0228566914303
f_dc (1e6): 16151.099576668577  perc: 352.48997394778013
it no: 325 f_tot= 16153254637.68125 f_lik= 1976.3417036646888 f_dc (1e6)= 16153.252661339546 |g_lik|= 18227.741235619345 |g_dc|= 559.4251400825725
it no: 326 f_tot= 16151058988.912909 f_lik= 1922.6256352703913 f_dc (1e6)= 16151.057066287274 |g_lik|= 11593.500150906955 |g_dc|= 559.3932505136007
it no: 327 f_tot= 16148052447.242924 f_lik= 1909.7298894750504 f_dc (1e6)= 16148.050537513034 |g_lik|= 9417.827170512957 |g_dc|= 559.3478176506725
it no: 328 f_tot= 16144973639.079296 f_lik= 1884.0798073378064 f_dc (1e6)= 16144.97175499949 |g_lik|= 8476.74744438933 |g_dc|= 559.3009163107926
it no: 329 f_tot= 16141920318.80803 f_lik= 1862.3022378261885 f_dc (1e6)= 16141.918456505791 |g_lik|= 7752.387780384836 |g_dc|= 559.253846609759
it no: 330 f_tot= 16138901042.906683 f_lik= 1859.862187645776 f_dc (1e6)= 16138.899183044494 |g_lik|= 7282.7721740652905 |g_dc|= 559.2070913217862
it no: 331 f_tot= 16135927456.775599 f_lik= 1824.225353630611 f_dc (1e6)= 16135.925632550245 |g_lik|= 6682.583848452064 |g_dc|= 559.1607466231292
it no: 332 f_tot= 16133016255.646286 f_lik= 1846.5892477491923 f_dc (1e6)= 16133.014409057037 |g_lik|= 6684.442541795568 |g_dc|= 559.1151334869135
it no: 333 f_tot= 16130143365.442806 f_lik= 1811.4270941520872 f_dc (1e6)= 16130.141554015712 |g_lik|= 6754.950978701387 |g_dc|= 559.0698230944579
it no: 334 f_tot= 16127333893.659575 f_lik= 1826.9924595946356 f_dc (1e6)= 16127.332066667113 |g_lik|= 6187.62506558392 |g_dc|= 559.0252499474508
f_dc (1e6): 16151.057066287274  perc: 352.4890461791705
it no: 338 f_tot= 16153324111.92889 f_lik= 1987.6170138540722 f_dc (1e6)= 16153.322124311877 |g_lik|= 18942.10756367881 |g_dc|= 559.4255616752832
it no: 339 f_tot= 16151208457.282518 f_lik= 1941.3014101141976 f_dc (1e6)= 16151.206515981108 |g_lik|= 11417.525228409122 |g_dc|= 559.3947477707809
it no: 340 f_tot= 16148133153.677975 f_lik= 1910.5423071616037 f_dc (1e6)= 16148.131243135667 |g_lik|= 9109.620840735117 |g_dc|= 559.3481936150524
it no: 341 f_tot= 16145051867.53881 f_lik= 1894.771568240211 f_dc (1e6)= 16145.049972767243 |g_lik|= 8259.999773550073 |g_dc|= 559.3012379790022
it no: 342 f_tot= 16141975617.788391 f_lik= 1890.2475890956607 f_dc (1e6)= 16141.973727540802 |g_lik|= 7473.735674895116 |g_dc|= 559.2538370743989
it no: 343 f_tot= 16138939603.328918 f_lik= 1850.5849542223839 f_dc (1e6)= 16138.937752743965 |g_lik|= 6977.920676120523 |g_dc|= 559.2067406942051
it no: 344 f_tot= 16135933773.733849 f_lik= 1876.0305207007273 f_dc (1e6)= 16135.931897703327 |g_lik|= 6540.9987345039945 |g_dc|= 559.1597425072613
it no: 345 f_tot= 16133014058.87158 f_lik= 1836.8786051914096 f_dc (1e6)= 16133.012221992974 |g_lik|= 6460.6558518864185 |g_dc|= 559.1139169189656
it no: 346 f_tot= 16130159336.433535 f_lik= 1838.14731544699 f_dc (1e6)= 16130.157498286218 |g_lik|= 6286.600030337973 |g_dc|= 559.0688519720629
it no: 347 f_tot= 16127315483.300148 f_lik= 1828.0880464181446 f_dc (1e6)= 16127.313655212101 |g_lik|= 5963.161288055896 |g_dc|= 559.0236537545302
f_dc (1e6): 16151.206515981108  perc: 352.492307846801
it no: 351 f_tot= 16153279431.242693 f_lik= 1952.1137962086996 f_dc (1e6)= 16153.277479128898 |g_lik|= 17314.222711238635 |g_dc|= 559.4255108650887
it no: 352 f_tot= 16151049503.872059 f_lik= 1928.1192685992378 f_dc (1e6)= 16151.047575752791 |g_lik|= 11141.95235112648 |g_dc|= 559.3931691176281
it no: 353 f_tot= 16148029344.584213 f_lik= 1893.0673310961042 f_dc (1e6)= 16148.027451516882 |g_lik|= 9583.890241952817 |g_dc|= 559.3474917541283
it no: 354 f_tot= 16144942815.84343 f_lik= 1885.3911761565435 f_dc (1e6)= 16144.940930452254 |g_lik|= 8433.972594259521 |g_dc|= 559.3002864682788
it no: 355 f_tot= 16141896627.222404 f_lik= 1881.137507942915 f_dc (1e6)= 16141.894746084896 |g_lik|= 7768.788867452719 |g_dc|= 559.2535057393804
it no: 356 f_tot= 16138874792.48198 f_lik= 1867.7389347568012 f_dc (1e6)= 16138.872924743044 |g_lik|= 7149.591092059717 |g_dc|= 559.2067173431759
it no: 357 f_tot= 16135897019.639791 f_lik= 1843.6250840155283 f_dc (1e6)= 16135.895176014708 |g_lik|= 6658.320538905441 |g_dc|= 559.1602979989461
it no: 358 f_tot= 16132985674.806553 f_lik= 1821.6360394450596 f_dc (1e6)= 16132.983853170514 |g_lik|= 6446.274624109855 |g_dc|= 559.1146023784253
it no: 359 f_tot= 16130117537.993889 f_lik= 1843.2732384418307 f_dc (1e6)= 16130.11569472065 |g_lik|= 6095.34611680682 |g_dc|= 559.0694136711589
it no: 360 f_tot= 16127298283.640139 f_lik= 1841.4480046787717 f_dc (1e6)= 16127.296442192135 |g_lik|= 5834.448527509958 |g_dc|= 559.0247263947757
f_dc (1e6): 16151.047575752791  perc: 352.48883905282366
it no: 364 f_tot= 16153317593.676502 f_lik= 1993.2575629243397 f_dc (1e6)= 16153.31560041894 |g_lik|= 18389.441743021962 |g_dc|= 559.4253732887652
it no: 365 f_tot= 16151152902.88267 f_lik= 1957.933814135052 f_dc (1e6)= 16151.150944948855 |g_lik|= 11259.415763050401 |g_dc|= 559.393905964517
it no: 366 f_tot= 16148090564.010653 f_lik= 1919.7262742785044 f_dc (1e6)= 16148.088644284378 |g_lik|= 9289.890965866403 |g_dc|= 559.3475647014006
it no: 367 f_tot= 16145018484.298803 f_lik= 1900.574420643761 f_dc (1e6)= 16145.016583724382 |g_lik|= 8265.490416781495 |g_dc|= 559.3006895359214
it no: 368 f_tot= 16141975396.409626 f_lik= 1875.4014871197655 f_dc (1e6)= 16141.973521008138 |g_lik|= 7723.219515363334 |g_dc|= 559.2538352589876
it no: 369 f_tot= 16138938844.885794 f_lik= 1856.61118905567 f_dc (1e6)= 16138.936988274605 |g_lik|= 7294.602091674023 |g_dc|= 559.2067137847637
it no: 370 f_tot= 16135967016.976007 f_lik= 1881.3854443177156 f_dc (1e6)= 16135.965135590563 |g_lik|= 7057.003970515911 |g_dc|= 559.1603114360502
it no: 371 f_tot= 16133037974.91098 f_lik= 1829.102455583073 f_dc (1e6)= 16133.036145808524 |g_lik|= 6632.020860234732 |g_dc|= 559.114306335199
it no: 372 f_tot= 16130169895.448217 f_lik= 1836.9694489170256 f_dc (1e6)= 16130.16805847877 |g_lik|= 6143.063842757117 |g_dc|= 559.0689753220337
it no: 373 f_tot= 16127326429.474903 f_lik= 1830.494219428017 f_dc (1e6)= 16127.324598980684 |g_lik|= 5824.16054033741 |g_dc|= 559.0237598163128
f_dc (1e6): 16151.150944948855  perc: 352.49109503577114
it no: 377 f_tot= 16153266634.283775 f_lik= 1986.088149366833 f_dc (1e6)= 16153.264648195625 |g_lik|= 18652.929717075764 |g_dc|= 559.4252482356744
it no: 378 f_tot= 16151098667.505121 f_lik= 1929.683802309054 f_dc (1e6)= 16151.096737821319 |g_lik|= 11171.833867521458 |g_dc|= 559.3936386030041
it no: 379 f_tot= 16148062452.178846 f_lik= 1907.242148680914 f_dc (1e6)= 16148.060544936698 |g_lik|= 9646.68610168971 |g_dc|= 559.347755680151
it no: 380 f_tot= 16145000024.410007 f_lik= 1910.692119453748 f_dc (1e6)= 16144.998113717887 |g_lik|= 8329.498579357394 |g_dc|= 559.301038466523
it no: 381 f_tot= 16141924809.504946 f_lik= 1846.3045272818065 f_dc (1e6)= 16141.922963200419 |g_lik|= 7747.76580624821 |g_dc|= 559.2537123935679
it no: 382 f_tot= 16138908986.601318 f_lik= 1837.2165746003107 f_dc (1e6)= 16138.907149384744 |g_lik|= 7128.145367240308 |g_dc|= 559.2070449042625
it no: 383 f_tot= 16135919430.672781 f_lik= 1852.7007279112227 f_dc (1e6)= 16135.917577972054 |g_lik|= 6525.047039455102 |g_dc|= 559.1604182333367
it no: 384 f_tot= 16133027648.269135 f_lik= 1799.065307904198 f_dc (1e6)= 16133.025849203827 |g_lik|= 6303.46234984863 |g_dc|= 559.1150564471254
it no: 385 f_tot= 16130151154.271954 f_lik= 1812.478077075595 f_dc (1e6)= 16130.149341793876 |g_lik|= 6214.208777575709 |g_dc|= 559.0697136079159
it no: 386 f_tot= 16127360228.062838 f_lik= 1834.4930790953408 f_dc (1e6)= 16127.358393569759 |g_lik|= 6012.88182869927 |g_dc|= 559.025607557693
f_dc (1e6): 16151.096737821319  perc: 352.4899119913052
it no: 390 f_tot= 16153335899.10497 f_lik= 1992.7549875245775 f_dc (1e6)= 16153.333906349982 |g_lik|= 17562.89996766315 |g_dc|= 559.4256639640842
it no: 391 f_tot= 16151107543.014254 f_lik= 1937.4094910966783 f_dc (1e6)= 16151.105605604764 |g_lik|= 11358.488016028228 |g_dc|= 559.3931548353098
it no: 392 f_tot= 16148065847.030163 f_lik= 1914.4297946407683 f_dc (1e6)= 16148.06393260037 |g_lik|= 9337.880038885018 |g_dc|= 559.3470875324222
it no: 393 f_tot= 16144996657.01019 f_lik= 1904.0634030167262 f_dc (1e6)= 16144.994752946786 |g_lik|= 8635.679544852665 |g_dc|= 559.3001861907265
it no: 394 f_tot= 16141922098.871946 f_lik= 1879.9631471506186 f_dc (1e6)= 16141.920218908801 |g_lik|= 7578.976164196921 |g_dc|= 559.2528118733084
it no: 395 f_tot= 16138898391.488329 f_lik= 1851.1138332353319 f_dc (1e6)= 16138.896540374497 |g_lik|= 7089.029771082414 |g_dc|= 559.2058998512953
it no: 396 f_tot= 16135903241.885962 f_lik= 1828.724931560244 f_dc (1e6)= 16135.90141316103 |g_lik|= 6519.480254245139 |g_dc|= 559.1590877201253
it no: 397 f_tot= 16132988400.124577 f_lik= 1854.2972628702437 f_dc (1e6)= 16132.986545827314 |g_lik|= 6359.287313950176 |g_dc|= 559.1132769121921
it no: 398 f_tot= 16130111515.926548 f_lik= 1830.8534647546496 f_dc (1e6)= 16130.109685073085 |g_lik|= 6410.084543459955 |g_dc|= 559.0679142663244
it no: 399 f_tot= 16127284131.528133 f_lik= 1809.2223818906148 f_dc (1e6)= 16127.282322305751 |g_lik|= 6347.965565752198 |g_dc|= 559.0229528907737
f_dc (1e6): 16151.105605604764  perc: 352.4901055264104
it no: 403 f_tot= 16153263671.753344 f_lik= 1966.4990727651686 f_dc (1e6)= 16153.26170525427 |g_lik|= 18091.18830544798 |g_dc|= 559.4252598486299
it no: 404 f_tot= 16151079165.75576 f_lik= 1922.1336332393828 f_dc (1e6)= 16151.077243622127 |g_lik|= 11288.29060090518 |g_dc|= 559.3935075115659
it no: 405 f_tot= 16148049635.472038 f_lik= 1908.8588262626104 f_dc (1e6)= 16148.047726613213 |g_lik|= 9510.392264168571 |g_dc|= 559.3476569446112
it no: 406 f_tot= 16144984492.080574 f_lik= 1899.6031393250964 f_dc (1e6)= 16144.982592477434 |g_lik|= 8760.00213035075 |g_dc|= 559.3009540191514
it no: 407 f_tot= 16141910496.939074 f_lik= 1871.5022661716598 f_dc (1e6)= 16141.908625436809 |g_lik|= 8050.034277984308 |g_dc|= 559.2535780916381
it no: 408 f_tot= 16138893939.661787 f_lik= 1871.116086541384 f_dc (1e6)= 16138.8920685457 |g_lik|= 7172.655590213431 |g_dc|= 559.2069086895052
it no: 409 f_tot= 16135903169.129131 f_lik= 1859.794177823748 f_dc (1e6)= 16135.901309334953 |g_lik|= 6708.844333014555 |g_dc|= 559.16027892965
it no: 410 f_tot= 16132986483.55009 f_lik= 1866.6150884510223 f_dc (1e6)= 16132.984616935004 |g_lik|= 6283.968723067521 |g_dc|= 559.1145671947163
it no: 411 f_tot= 16130117281.748936 f_lik= 1824.5425097242992 f_dc (1e6)= 16130.115457206426 |g_lik|= 6049.174040306622 |g_dc|= 559.0693651183581
it no: 412 f_tot= 16127321392.651836 f_lik= 1846.0476479033061 f_dc (1e6)= 16127.319546604189 |g_lik|= 5988.194414599362 |g_dc|= 559.025070240071
f_dc (1e6): 16151.077243622127  perc: 352.48948653979136
it no: 416 f_tot= 16153313598.473057 f_lik= 1984.086552004133 f_dc (1e6)= 16153.311614386505 |g_lik|= 17993.017909877788 |g_dc|= 559.4254031087303
it no: 417 f_tot= 16151061962.65034 f_lik= 1935.8023746000017 f_dc (1e6)= 16151.060026847965 |g_lik|= 11663.338317478312 |g_dc|= 559.3925593799647
it no: 418 f_tot= 16148029017.374443 f_lik= 1899.459925195603 f_dc (1e6)= 16148.027117914518 |g_lik|= 9516.838502690009 |g_dc|= 559.3465691243752
it no: 419 f_tot= 16144953633.870888 f_lik= 1886.3619223086039 f_dc (1e6)= 16144.951747508965 |g_lik|= 8556.072501696335 |g_dc|= 559.2996259017582
it no: 420 f_tot= 16141873369.752163 f_lik= 1888.1030905115038 f_dc (1e6)= 16141.871481649072 |g_lik|= 7917.30174993676 |g_dc|= 559.2521638024102
it no: 421 f_tot= 16138858703.241734 f_lik= 1850.5836613602864 f_dc (1e6)= 16138.856852658071 |g_lik|= 7073.234948054246 |g_dc|= 559.2053329598967
it no: 422 f_tot= 16135837326.063469 f_lik= 1860.6949864224025 f_dc (1e6)= 16135.835465368482 |g_lik|= 6829.4911010401765 |g_dc|= 559.158182530352
it no: 423 f_tot= 16132909978.525288 f_lik= 1842.7606506513414 f_dc (1e6)= 16132.908135764637 |g_lik|= 6479.797256283348 |g_dc|= 559.1121705806073
it no: 424 f_tot= 16130029671.791199 f_lik= 1843.3477233296348 f_dc (1e6)= 16130.027828443475 |g_lik|= 6073.696176434413 |g_dc|= 559.066677980762
it no: 425 f_tot= 16127204490.4004 f_lik= 1841.5230999424343 f_dc (1e6)= 16127.2026488773 |g_lik|= 5944.216771124511 |g_dc|= 559.0217890079066
f_dc (1e6): 16151.060026847965  perc: 352.48911079198257
it no: 429 f_tot= 16153256884.269363 f_lik= 1983.4159063139416 f_dc (1e6)= 16153.254900853457 |g_lik|= 20037.141213481005 |g_dc|= 559.4250975111198
it no: 430 f_tot= 16151142216.344273 f_lik= 1916.518836716811 f_dc (1e6)= 16151.140299825436 |g_lik|= 11210.294468580434 |g_dc|= 559.393970529857
it no: 431 f_tot= 16148116332.733479 f_lik= 1908.6868218431018 f_dc (1e6)= 16148.114424046658 |g_lik|= 9390.491550401466 |g_dc|= 559.3482267365347
it no: 432 f_tot= 16145028794.579802 f_lik= 1905.1801829436847 f_dc (1e6)= 16145.026889399618 |g_lik|= 8500.354249795244 |g_dc|= 559.3013011054968
it no: 433 f_tot= 16141972122.603016 f_lik= 1893.79390799863 f_dc (1e6)= 16141.970228809108 |g_lik|= 7732.449574135191 |g_dc|= 559.2542224570908
it no: 434 f_tot= 16138944454.408913 f_lik= 1848.074954503874 f_dc (1e6)= 16138.942606333958 |g_lik|= 7269.932047889738 |g_dc|= 559.2074293564928
it no: 435 f_tot= 16135983235.999224 f_lik= 1837.2046045979998 f_dc (1e6)= 16135.981398794618 |g_lik|= 6662.112494437369 |g_dc|= 559.161246191487
it no: 436 f_tot= 16133064550.209694 f_lik= 1850.485058451153 f_dc (1e6)= 16133.062699724636 |g_lik|= 6377.14489683501 |g_dc|= 559.1155375125262
it no: 437 f_tot= 16130230125.512926 f_lik= 1859.4778049237389 f_dc (1e6)= 16130.228266035121 |g_lik|= 5994.616611729053 |g_dc|= 559.0708759941974
it no: 438 f_tot= 16127406353.018337 f_lik= 1826.6686710412162 f_dc (1e6)= 16127.404526349666 |g_lik|= 5679.699484881639 |g_dc|= 559.0262197995719
f_dc (1e6): 16151.140299825436  perc: 352.4908627110765
it no: 442 f_tot= 16153332697.813734 f_lik= 1968.3331764929635 f_dc (1e6)= 16153.330729480558 |g_lik|= 17445.772902379056 |g_dc|= 559.4257018773103
it no: 443 f_tot= 16151079815.459152 f_lik= 1914.6818676717792 f_dc (1e6)= 16151.077900777285 |g_lik|= 11579.56930136522 |g_dc|= 559.3928509512224
it no: 444 f_tot= 16148024293.128141 f_lik= 1908.5304524061794 f_dc (1e6)= 16148.022384597689 |g_lik|= 9239.660315882651 |g_dc|= 559.3464441869821
it no: 445 f_tot= 16144924768.759493 f_lik= 1895.804350639525 f_dc (1e6)= 16144.922872955143 |g_lik|= 8562.76332885016 |g_dc|= 559.2991727605822
it no: 446 f_tot= 16141859853.730114 f_lik= 1885.1879059746152 f_dc (1e6)= 16141.857968542208 |g_lik|= 7876.508586954192 |g_dc|= 559.2518555085421
it no: 447 f_tot= 16138819707.131538 f_lik= 1858.5489638148035 f_dc (1e6)= 16138.817848582576 |g_lik|= 7019.167527087474 |g_dc|= 559.204741106277
it no: 448 f_tot= 16135829964.582632 f_lik= 1869.7185052174614 f_dc (1e6)= 16135.828094864126 |g_lik|= 6700.591727609441 |g_dc|= 559.158045472505
it no: 449 f_tot= 16132900519.309164 f_lik= 1859.850895895731 f_dc (1e6)= 16132.898659458268 |g_lik|= 6462.571517964525 |g_dc|= 559.1120735616431
it no: 450 f_tot= 16130008643.424187 f_lik= 1844.0107078624908 f_dc (1e6)= 16130.006799413479 |g_lik|= 6213.000117741356 |g_dc|= 559.0664275736638
it no: 451 f_tot= 16127180885.663044 f_lik= 1822.8926191893079 f_dc (1e6)= 16127.179062770423 |g_lik|= 6146.238222623734 |g_dc|= 559.0215492951285
f_dc (1e6): 16151.077900777285  perc: 352.48950088188633
it no: 455 f_tot= 16153269170.183773 f_lik= 2012.6267318666548 f_dc (1e6)= 16153.26715755704 |g_lik|= 18286.39233512555 |g_dc|= 559.4253105968389
it no: 456 f_tot= 16151069263.529985 f_lik= 1934.701333652678 f_dc (1e6)= 16151.06732882865 |g_lik|= 11462.584835010965 |g_dc|= 559.39319963003
it no: 457 f_tot= 16148035920.260921 f_lik= 1923.4404765356155 f_dc (1e6)= 16148.033996820444 |g_lik|= 9466.640093164446 |g_dc|= 559.3473992215265
it no: 458 f_tot= 16144957867.541437 f_lik= 1896.491997739701 f_dc (1e6)= 16144.955971049438 |g_lik|= 8530.500813400446 |g_dc|= 559.3004961714907
it no: 459 f_tot= 16141888002.475365 f_lik= 1879.5353210245996 f_dc (1e6)= 16141.886122940045 |g_lik|= 7615.420670871302 |g_dc|= 559.2532790767334
it no: 460 f_tot= 16138853524.136517 f_lik= 1846.4023814210295 f_dc (1e6)= 16138.851677734134 |g_lik|= 6968.0085693126075 |g_dc|= 559.2063079386783
it no: 461 f_tot= 16135878558.84946 f_lik= 1833.1361099011558 f_dc (1e6)= 16135.87672571335 |g_lik|= 6716.775882200258 |g_dc|= 559.1600175051815
it no: 462 f_tot= 16132969129.25555 f_lik= 1847.9057742822738 f_dc (1e6)= 16132.967281349775 |g_lik|= 6393.124477139982 |g_dc|= 559.1143329075336
it no: 463 f_tot= 16130078603.25314 f_lik= 1848.6870115649983 f_dc (1e6)= 16130.076754566127 |g_lik|= 6190.758680500998 |g_dc|= 559.0688206009235
it no: 464 f_tot= 16127270608.987936 f_lik= 1808.1243025434585 f_dc (1e6)= 16127.268800863634 |g_lik|= 6368.671505811913 |g_dc|= 559.0242518544293
f_dc (1e6): 16151.06732882865  perc: 352.4892701541962
it no: 468 f_tot= 16153300006.167307 f_lik= 1962.628014275687 f_dc (1e6)= 16153.298043539293 |g_lik|= 18424.107987183048 |g_dc|= 559.4251918865367
it no: 469 f_tot= 16151126434.07993 f_lik= 1945.9504508695147 f_dc (1e6)= 16151.124488129479 |g_lik|= 11411.412991700328 |g_dc|= 559.393455889909
it no: 470 f_tot= 16148095249.783892 f_lik= 1904.2665150379 f_dc (1e6)= 16148.093345517376 |g_lik|= 9266.565415152787 |g_dc|= 559.3475877657771
it no: 471 f_tot= 16145011390.284315 f_lik= 1891.691402894883 f_dc (1e6)= 16145.009498592912 |g_lik|= 8351.222155384288 |g_dc|= 559.3003803623837
it no: 472 f_tot= 16141952167.559454 f_lik= 1893.9118416504632 f_dc (1e6)= 16141.950273647612 |g_lik|= 7545.86976141415 |g_dc|= 559.2532970519397
it no: 473 f_tot= 16138916480.37833 f_lik= 1833.7158355225836 f_dc (1e6)= 16138.914646662495 |g_lik|= 6946.331619344328 |g_dc|= 559.2062086075606
it no: 474 f_tot= 16135923501.658527 f_lik= 1841.3069728748571 f_dc (1e6)= 16135.921660351554 |g_lik|= 6683.0349577277175 |g_dc|= 559.159518788323
it no: 475 f_tot= 16133017663.45674 f_lik= 1848.528796324957 f_dc (1e6)= 16133.015814927941 |g_lik|= 6366.695108211889 |g_dc|= 559.1138569512896
it no: 476 f_tot= 16130113820.682222 f_lik= 1831.4802452405295 f_dc (1e6)= 16130.111989201976 |g_lik|= 5856.147082277892 |g_dc|= 559.0679768651695
it no: 477 f_tot= 16127297630.010775 f_lik= 1819.4099963378906 f_dc (1e6)= 16127.295810600779 |g_lik|= 5831.869784912489 |g_dc|= 559.0232829297752
f_dc (1e6): 16151.124488129479  perc: 352.49051762842316
it no: 481 f_tot= 16153266566.377916 f_lik= 1995.6095741689774 f_dc (1e6)= 16153.264570768342 |g_lik|= 18969.41728817148 |g_dc|= 559.4252640516587
it no: 482 f_tot= 16151115467.428934 f_lik= 1940.8060834083103 f_dc (1e6)= 16151.11352662285 |g_lik|= 11201.675532980087 |g_dc|= 559.3939072225043
it no: 483 f_tot= 16148115611.959063 f_lik= 1925.218861948195 f_dc (1e6)= 16148.1136867402 |g_lik|= 9186.965939178397 |g_dc|= 559.3485662889123
it no: 484 f_tot= 16145056691.289345 f_lik= 1893.0488814817156 f_dc (1e6)= 16145.054798240464 |g_lik|= 8318.528538534114 |g_dc|= 559.3020082129526
it no: 485 f_tot= 16141980264.19742 f_lik= 1877.7331936118717 f_dc (1e6)= 16141.978386464225 |g_lik|= 7517.980975754077 |g_dc|= 559.2546730131028
it no: 486 f_tot= 16138967592.929844 f_lik= 1846.2707771882556 f_dc (1e6)= 16138.965746659067 |g_lik|= 6990.2317430378625 |g_dc|= 559.2079751079166
it no: 487 f_tot= 16135992867.6204 f_lik= 1847.4954580779304 f_dc (1e6)= 16135.99102012494 |g_lik|= 6704.88594089652 |g_dc|= 559.1616473537046
it no: 488 f_tot= 16133064337.311386 f_lik= 1810.798185857137 f_dc (1e6)= 16133.0625265132 |g_lik|= 6319.222805330403 |g_dc|= 559.1157570502894
it no: 489 f_tot= 16130209488.219162 f_lik= 1850.6672685207357 f_dc (1e6)= 16130.207637551894 |g_lik|= 6215.553062770062 |g_dc|= 559.070869079885
it no: 490 f_tot= 16127406123.644268 f_lik= 1843.549361410595 f_dc (1e6)= 16127.404280094906 |g_lik|= 5886.385624918258 |g_dc|= 559.0264413429934
f_dc (1e6): 16151.11352662285  perc: 352.4902783988174
it no: 494 f_tot= 16153335520.475111 f_lik= 1977.322359821683 f_dc (1e6)= 16153.333543152752 |g_lik|= 18168.24974011318 |g_dc|= 559.4256996445346
it no: 495 f_tot= 16151090635.581741 f_lik= 1928.1592746907188 f_dc (1e6)= 16151.088707422467 |g_lik|= 11528.534488347876 |g_dc|= 559.392841062026
it no: 496 f_tot= 16148074200.285566 f_lik= 1921.4484696742466 f_dc (1e6)= 16148.072278837097 |g_lik|= 9114.232334434422 |g_dc|= 559.34719566055
it no: 497 f_tot= 16144992091.083815 f_lik= 1904.8768653288341 f_dc (1e6)= 16144.99018620695 |g_lik|= 8314.143603646251 |g_dc|= 559.3002097479309
it no: 498 f_tot= 16141907458.934044 f_lik= 1856.921990699768 f_dc (1e6)= 16141.905602012053 |g_lik|= 7711.261335804504 |g_dc|= 559.2525989901172
it no: 499 f_tot= 16138868893.731613 f_lik= 1868.1512424587067 f_dc (1e6)= 16138.86702558037 |g_lik|= 7182.345395242749 |g_dc|= 559.2055260335627
it no: 500 f_tot= 16135888409.139364 f_lik= 1852.6846532299405 f_dc (1e6)= 16135.886556454712 |g_lik|= 6630.090576862688 |g_dc|= 559.158946731464
it no: 501 f_tot= 16132949282.777569 f_lik= 1828.025941184816 f_dc (1e6)= 16132.947454751627 |g_lik|= 6060.614007850617 |g_dc|= 559.1128036023277
it no: 502 f_tot= 16130098391.916998 f_lik= 1823.5353825478326 f_dc (1e6)= 16130.096568381614 |g_lik|= 6164.370181775344 |g_dc|= 559.0678251807225
it no: 503 f_tot= 16127250377.788893 f_lik= 1844.5350972234635 f_dc (1e6)= 16127.248533253796 |g_lik|= 5828.513960268379 |g_dc|= 559.0226382980267
f_dc (1e6): 16151.088707422467  perc: 352.48973673171565
it no: 507 f_tot= 16153257603.794056 f_lik= 1980.7120310193015 f_dc (1e6)= 16153.255623082026 |g_lik|= 21822.26430018155 |g_dc|= 559.4251976755376
it no: 508 f_tot= 16151230156.259907 f_lik= 1955.5565268343971 f_dc (1e6)= 16151.228200703381 |g_lik|= 11374.7329802579 |g_dc|= 559.3951442439427
it no: 509 f_tot= 16148212222.656824 f_lik= 1909.482725125239 f_dc (1e6)= 16148.210313174099 |g_lik|= 9454.162862077357 |g_dc|= 559.3495990402498
it no: 510 f_tot= 16145142744.95921 f_lik= 1877.768846488226 f_dc (1e6)= 16145.140867190363 |g_lik|= 8125.62180139243 |g_dc|= 559.3028746201906
it no: 511 f_tot= 16142071240.338898 f_lik= 1885.5852864335832 f_dc (1e6)= 16142.06935475361 |g_lik|= 7500.081580927686 |g_dc|= 559.2557359422278
it no: 512 f_tot= 16139040287.451725 f_lik= 1846.7439243825277 f_dc (1e6)= 16139.0384407078 |g_lik|= 7223.254502580854 |g_dc|= 559.2088511051384
it no: 513 f_tot= 16136055981.59957 f_lik= 1863.0085699580964 f_dc (1e6)= 16136.054118590999 |g_lik|= 6857.831884624232 |g_dc|= 559.162276028931
it no: 514 f_tot= 16133124403.131765 f_lik= 1834.928683510735 f_dc (1e6)= 16133.122568203082 |g_lik|= 6510.051941583354 |g_dc|= 559.1163469284389
it no: 515 f_tot= 16130254014.482 f_lik= 1847.933852839243 f_dc (1e6)= 16130.252166548147 |g_lik|= 6041.020790050182 |g_dc|= 559.0711564627845
it no: 516 f_tot= 16127452329.357538 f_lik= 1823.9210043207804 f_dc (1e6)= 16127.450505436533 |g_lik|= 5747.849691412132 |g_dc|= 559.0267818754861
f_dc (1e6): 16151.228200703381  perc: 352.49278110542673
it no: 520 f_tot= 16153350998.795189 f_lik= 1978.1847260484242 f_dc (1e6)= 16153.349020610462 |g_lik|= 17407.552117739862 |g_dc|= 559.4259366559488
it no: 521 f_tot= 16151005003.5018 f_lik= 1946.5377024768648 f_dc (1e6)= 16151.003056964099 |g_lik|= 12633.256586105788 |g_dc|= 559.3915831689034
it no: 522 f_tot= 16148009140.12493 f_lik= 1908.7469894744668 f_dc (1e6)= 16148.00723137794 |g_lik|= 9632.341390204667 |g_dc|= 559.3462587628
it no: 523 f_tot= 16144943463.611904 f_lik= 1891.624773709263 f_dc (1e6)= 16144.94157198713 |g_lik|= 8394.896194974428 |g_dc|= 559.2993846707756
it no: 524 f_tot= 16141886772.18139 f_lik= 1866.1628261947633 f_dc (1e6)= 16141.884906018564 |g_lik|= 7620.7081106529895 |g_dc|= 559.2522461210276
it no: 525 f_tot= 16138851814.860624 f_lik= 1846.3770667829967 f_dc (1e6)= 16138.849968483557 |g_lik|= 7342.380605181111 |g_dc|= 559.2051811759328
it no: 526 f_tot= 16135876231.77128 f_lik= 1851.916269705636 f_dc (1e6)= 16135.874379855011 |g_lik|= 7065.769161009972 |g_dc|= 559.1586872305736
it no: 527 f_tot= 16132938649.683691 f_lik= 1834.707350883484 f_dc (1e6)= 16132.93681497634 |g_lik|= 6735.0109921368585 |g_dc|= 559.112538074733
it no: 528 f_tot= 16130063834.82827 f_lik= 1816.5601930622827 f_dc (1e6)= 16130.062018268076 |g_lik|= 6232.818344048187 |g_dc|= 559.0672083589294
it no: 529 f_tot= 16127245741.518948 f_lik= 1828.3077213668823 f_dc (1e6)= 16127.243913211225 |g_lik|= 5822.518130074414 |g_dc|= 559.0224045478142
f_dc (1e6): 16151.003056964099  perc: 352.48786745168957
it no: 533 f_tot= 16153256414.26148 f_lik= 1990.8008049683344 f_dc (1e6)= 16153.254423460676 |g_lik|= 18222.86703647548 |g_dc|= 559.425145435574
it no: 534 f_tot= 16151058750.146635 f_lik= 1951.4295282763526 f_dc (1e6)= 16151.056798717105 |g_lik|= 11821.880383246998 |g_dc|= 559.3930379567231
it no: 535 f_tot= 16148028513.16043 f_lik= 1931.1657284164428 f_dc (1e6)= 16148.026581994704 |g_lik|= 9430.355546679206 |g_dc|= 559.3472063775727
it no: 536 f_tot= 16144953977.302162 f_lik= 1917.4712686647688 f_dc (1e6)= 16144.952059830892 |g_lik|= 8332.901936554179 |g_dc|= 559.3003316865515
it no: 537 f_tot= 16141908118.820705 f_lik= 1884.5552787065772 f_dc (1e6)= 16141.906234265427 |g_lik|= 7587.351545715575 |g_dc|= 559.253418954744
it no: 538 f_tot= 16138887122.364708 f_lik= 1860.4766156278338 f_dc (1e6)= 16138.885261888092 |g_lik|= 6828.745007741597 |g_dc|= 559.2067202625192
it no: 539 f_tot= 16135917267.172853 f_lik= 1845.193011459169 f_dc (1e6)= 16135.915421979842 |g_lik|= 6613.282146536773 |g_dc|= 559.1604020770257
it no: 540 f_tot= 16133015175.262177 f_lik= 1849.9526705242338 f_dc (1e6)= 16133.013325309505 |g_lik|= 6204.828650281991 |g_dc|= 559.1149404401559
it no: 541 f_tot= 16130180844.57802 f_lik= 1820.9083605941137 f_dc (1e6)= 16130.179023669658 |g_lik|= 5858.007800244022 |g_dc|= 559.0703041318947
it no: 542 f_tot= 16127365277.323051 f_lik= 1810.202389337449 f_dc (1e6)= 16127.363467120662 |g_lik|= 5566.1705846609675 |g_dc|= 559.0257148964606
f_dc (1e6): 16151.056798717105  perc: 352.4890403395804
it no: 546 f_tot= 16153301733.77271 f_lik= 1992.6139880788894 f_dc (1e6)= 16153.299741158722 |g_lik|= 18686.168023965387 |g_dc|= 559.4252788826276
it no: 547 f_tot= 16151070836.264996 f_lik= 1930.9552397805169 f_dc (1e6)= 16151.068905309756 |g_lik|= 12420.613452519028 |g_dc|= 559.3926442951189
it no: 548 f_tot= 16148073224.821247 f_lik= 1926.577507923444 f_dc (1e6)= 16148.07129824374 |g_lik|= 9688.413537662635 |g_dc|= 559.3473112860361
it no: 549 f_tot= 16144996220.719818 f_lik= 1876.7545133538474 f_dc (1e6)= 16144.994343965305 |g_lik|= 8297.891394701284 |g_dc|= 559.3003298471061
it no: 550 f_tot= 16141932238.544643 f_lik= 1874.8645001702082 f_dc (1e6)= 16141.930363680143 |g_lik|= 7883.3600381660535 |g_dc|= 559.2530328055042
it no: 551 f_tot= 16138899691.134743 f_lik= 1860.8993004678543 f_dc (1e6)= 16138.897830235443 |g_lik|= 7112.588745503546 |g_dc|= 559.205973972484
it no: 552 f_tot= 16135916987.970911 f_lik= 1840.428268503121 f_dc (1e6)= 16135.915147542642 |g_lik|= 6584.624142181275 |g_dc|= 559.1593237115906
it no: 553 f_tot= 16132971116.29322 f_lik= 1843.1339377182012 f_dc (1e6)= 16132.969273159282 |g_lik|= 6233.992915196835 |g_dc|= 559.113120390456
it no: 554 f_tot= 16130109018.541315 f_lik= 1857.6202423785983 f_dc (1e6)= 16130.107160921072 |g_lik|= 6320.38078056312 |g_dc|= 559.067899303728
it no: 555 f_tot= 16127270012.877134 f_lik= 1799.0029787079493 f_dc (1e6)= 16127.268213874155 |g_lik|= 6049.699224735697 |g_dc|= 559.0228669226641
f_dc (1e6): 16151.068905309756  perc: 352.4893045601375
it no: 559 f_tot= 16153274110.985846 f_lik= 1968.6884120807194 f_dc (1e6)= 16153.272142297434 |g_lik|= 18483.572821926988 |g_dc|= 559.4253563457572
it no: 560 f_tot= 16151103381.462912 f_lik= 1944.107014322735 f_dc (1e6)= 16151.101437355897 |g_lik|= 11917.493462109687 |g_dc|= 559.3937690409965
it no: 561 f_tot= 16148106516.77393 f_lik= 1908.4492143367586 f_dc (1e6)= 16148.104608324715 |g_lik|= 9406.237828604204 |g_dc|= 559.3485157640513
it no: 562 f_tot= 16145050262.171268 f_lik= 1888.3721611209144 f_dc (1e6)= 16145.048373799107 |g_lik|= 8752.427893535796 |g_dc|= 559.3019461365881
it no: 563 f_tot= 16141976852.432877 f_lik= 1868.1440828259786 f_dc (1e6)= 16141.974984288794 |g_lik|= 7798.168335797657 |g_dc|= 559.254705446646
it no: 564 f_tot= 16138957004.120924 f_lik= 1895.860498304367 f_dc (1e6)= 16138.955108260425 |g_lik|= 7247.87669218209 |g_dc|= 559.2078876546258
it no: 565 f_tot= 16135974100.100628 f_lik= 1851.1673346846444 f_dc (1e6)= 16135.972248933293 |g_lik|= 6875.1412016561535 |g_dc|= 559.1615053223046
it no: 566 f_tot= 16133096771.798008 f_lik= 1843.0087886303095 f_dc (1e6)= 16133.094928789218 |g_lik|= 6444.058270171581 |g_dc|= 559.1163529778858
it no: 567 f_tot= 16130189223.715084 f_lik= 1831.7631042507717 f_dc (1e6)= 16130.18739195198 |g_lik|= 6116.681026786293 |g_dc|= 559.0706267641611
it no: 568 f_tot= 16127411259.816114 f_lik= 1833.561362942287 f_dc (1e6)= 16127.409426254751 |g_lik|= 5810.297603594848 |g_dc|= 559.0265875716003
f_dc (1e6): 16151.101437355897  perc: 352.4900145563853
it no: 572 f_tot= 16153305114.89342 f_lik= 1954.84940378893 f_dc (1e6)= 16153.303160044015 |g_lik|= 18482.397440114688 |g_dc|= 559.4252689202591
it no: 573 f_tot= 16151061712.581364 f_lik= 1961.2642580242384 f_dc (1e6)= 16151.059751317107 |g_lik|= 11695.412511467468 |g_dc|= 559.392432934635
it no: 574 f_tot= 16148091939.619778 f_lik= 1953.5069915081206 f_dc (1e6)= 16148.089986112785 |g_lik|= 9234.556163435669 |g_dc|= 559.3476454902238
it no: 575 f_tot= 16144976159.069832 f_lik= 1893.5955655738285 f_dc (1e6)= 16144.974265474266 |g_lik|= 8162.225682125187 |g_dc|= 559.2999709676072
it no: 576 f_tot= 16141924180.789412 f_lik= 1860.3728020159404 f_dc (1e6)= 16141.922320416608 |g_lik|= 7497.427140230685 |g_dc|= 559.2530453532153
it no: 577 f_tot= 16138879330.059868 f_lik= 1840.2646129017785 f_dc (1e6)= 16138.877489795255 |g_lik|= 7150.10045880266 |g_dc|= 559.2058104121581
it no: 578 f_tot= 16135896801.840803 f_lik= 1851.3162527620225 f_dc (1e6)= 16135.89495052455 |g_lik|= 6898.650853533154 |g_dc|= 559.1592132975321
it no: 579 f_tot= 16132967516.471262 f_lik= 1829.2401044954572 f_dc (1e6)= 16132.965687231157 |g_lik|= 6580.17613364299 |g_dc|= 559.1131563038102
it no: 580 f_tot= 16130080998.539688 f_lik= 1844.6428884862719 f_dc (1e6)= 16130.079153896799 |g_lik|= 6139.674196854653 |g_dc|= 559.0676536684903
it no: 581 f_tot= 16127242120.673954 f_lik= 1824.4740779050192 f_dc (1e6)= 16127.240296199876 |g_lik|= 5903.5919556448525 |g_dc|= 559.0225340639188
f_dc (1e6): 16151.059751317107  perc: 352.48910477865417
it no: 585 f_tot= 16153253723.185799 f_lik= 1991.1433571097964 f_dc (1e6)= 16153.251732042443 |g_lik|= 19651.32798708456 |g_dc|= 559.425103146638
it no: 586 f_tot= 16151095453.765778 f_lik= 1944.2470929681688 f_dc (1e6)= 16151.093509518685 |g_lik|= 11321.158530023295 |g_dc|= 559.3934681278554
it no: 587 f_tot= 16148085997.044428 f_lik= 1899.9263217957814 f_dc (1e6)= 16148.084097118106 |g_lik|= 9308.379515739613 |g_dc|= 559.3480497534497
it no: 588 f_tot= 16145027860.072332 f_lik= 1897.8710902468363 f_dc (1e6)= 16145.025962201242 |g_lik|= 8191.803557515449 |g_dc|= 559.3014843770089
it no: 589 f_tot= 16141989829.268173 f_lik= 1875.109938827242 f_dc (1e6)= 16141.987954158234 |g_lik|= 7552.207590313212 |g_dc|= 559.2548269367678
it no: 590 f_tot= 16138957087.513046 f_lik= 1868.7462342116946 f_dc (1e6)= 16138.95521876681 |g_lik|= 7130.420514721259 |g_dc|= 559.2079250468076
it no: 591 f_tot= 16135980659.466219 f_lik= 1828.6130965112504 f_dc (1e6)= 16135.978830853122 |g_lik|= 6963.557431596605 |g_dc|= 559.1615205028348
it no: 592 f_tot= 16133070144.921589 f_lik= 1854.7997170082444 f_dc (1e6)= 16133.068290121872 |g_lik|= 6496.438479981507 |g_dc|= 559.1159465460704
it no: 593 f_tot= 16130198099.545494 f_lik= 1832.9916107786269 f_dc (1e6)= 16130.196266553883 |g_lik|= 6166.271301327269 |g_dc|= 559.0706816545227
it no: 594 f_tot= 16127405115.989388 f_lik= 1806.8488240096683 f_dc (1e6)= 16127.403309140564 |g_lik|= 6089.155327020234 |g_dc|= 559.0264559807886
f_dc (1e6): 16151.093509518685  perc: 352.48984153515414
it no: 598 f_tot= 16153318519.028704 f_lik= 1972.4230524268605 f_dc (1e6)= 16153.316546605653 |g_lik|= 18987.81579663032 |g_dc|= 559.4254529015298
it no: 599 f_tot= 16151146876.896994 f_lik= 1956.7939320863995 f_dc (1e6)= 16151.144920103061 |g_lik|= 11383.655800049908 |g_dc|= 559.3937441541669
it no: 600 f_tot= 16148104217.32788 f_lik= 1888.8071447070972 f_dc (1e6)= 16148.102328520738 |g_lik|= 8912.958554406294 |g_dc|= 559.3477544787664
it no: 601 f_tot= 16145026795.046597 f_lik= 1900.0728912453424 f_dc (1e6)= 16145.024894973705 |g_lik|= 8157.830167426404 |g_dc|= 559.3007844267414
it no: 602 f_tot= 16141950592.02357 f_lik= 1884.3461955797104 f_dc (1e6)= 16141.948707677373 |g_lik|= 7355.218679245418 |g_dc|= 559.2533617154263
it no: 603 f_tot= 16138926331.363853 f_lik= 1854.2738965552194 f_dc (1e6)= 16138.924477089957 |g_lik|= 6830.4472159462275 |g_dc|= 559.2064613389413
it no: 604 f_tot= 16135947177.157888 f_lik= 1862.8061058235169 f_dc (1e6)= 16135.945314351782 |g_lik|= 6695.133947374493 |g_dc|= 559.1599578786404
it no: 605 f_tot= 16133004024.733912 f_lik= 1838.3333531365624 f_dc (1e6)= 16133.00218640056 |g_lik|= 6209.38669567106 |g_dc|= 559.1137041066643
it no: 606 f_tot= 16130120718.005346 f_lik= 1829.2684358406068 f_dc (1e6)= 16130.11888873691 |g_lik|= 5942.334497466696 |g_dc|= 559.0681527542087
it no: 607 f_tot= 16127290304.480215 f_lik= 1840.694957642328 f_dc (1e6)= 16127.288463785257 |g_lik|= 5579.8265269234935 |g_dc|= 559.0232148556317
f_dc (1e6): 16151.144920103061  perc: 352.49096354641176
('<<RECONSTRUCTION DONE>>', '     Subject: ', 'file_brain_AXFLAIR_200_6002462.h5', '     MSE = ', (0.008448182177704969+0j), '     SSIM = ', -1)
