('Under sample factor: ', 4)
FLAIR20201020-125121/jonatank_lat60_ns50_ps28_modalityFLAIR_step100000.ckpt
Read from existing sensmap pattern file
Read from existing u.s. pattern file
xxxxxxxxxxxxxxxxxxx contRec is 
xxxxxxxxxxxxxxxxxxx parfact is 25
---- Defining VAE
>>> lat_dim value: 60
>>> mode is: MRIunproc
2020-10-22 11:44:56.367071: I tensorflow/core/platform/cpu_feature_guard.cc:141] Your CPU supports instructions that this TensorFlow binary was not compiled to use: AVX2 FMA
2020-10-22 11:44:56.508259: I tensorflow/core/common_runtime/gpu/gpu_device.cc:1432] Found device 0 with properties: 
name: GeForce GTX TITAN X major: 5 minor: 2 memoryClockRate(GHz): 1.076
pciBusID: 0000:84:00.0
totalMemory: 11.93GiB freeMemory: 11.82GiB
2020-10-22 11:44:56.508298: I tensorflow/core/common_runtime/gpu/gpu_device.cc:1511] Adding visible gpu devices: 0
2020-10-22 11:45:06.437307: I tensorflow/core/common_runtime/gpu/gpu_device.cc:982] Device interconnect StreamExecutor with strength 1 edge matrix:
2020-10-22 11:45:06.439103: I tensorflow/core/common_runtime/gpu/gpu_device.cc:988]      0 
2020-10-22 11:45:06.439128: I tensorflow/core/common_runtime/gpu/gpu_device.cc:1001] 0:   N 
2020-10-22 11:45:06.439366: I tensorflow/core/common_runtime/gpu/gpu_device.cc:1115] Created TensorFlow device (/job:localhost/replica:0/task:0/device:GPU:0 with 11435 MB memory) -> physical GPU (device: 0, name: GeForce GTX TITAN X, pci bus id: 0000:84:00.0, compute capability: 5.2)
Initialized parameters
KCT-info: loaded the new model, trained fastmri
KCT-INFO: the gradients: 
Tensor("gradients_2/AddN_3:0", shape=(1250, 784), dtype=float32)
Tensor("gradients_3/Reshape_2_grad/Reshape:0", shape=(1250, 784), dtype=float32)
Tensor("gradients_4/Reshape_2_grad/Reshape:0", shape=(1250, 784), dtype=float32)
_____DIRECT APPROX_____
KCT-INFO: there will be in total 1035 patches.
contRec is 
it no: 0 f_tot= 16156858045.50301 f_lik= 2017.0102363195874 f_dc (1e6)= 16156.856028492773 |g_lik|= 14843.455457138085 |g_dc|= 559.3671346824336
it no: 1 f_tot= 16155208370.458286 f_lik= 1996.6851149704344 f_dc (1e6)= 16155.20637377317 |g_lik|= 11200.816730509554 |g_dc|= 559.3466703457649
it no: 2 f_tot= 16153499786.144213 f_lik= 1966.383262706257 f_dc (1e6)= 16153.49781976095 |g_lik|= 10111.070145798658 |g_dc|= 559.324629299057
it no: 3 f_tot= 16152204153.159428 f_lik= 1953.8960532288324 f_dc (1e6)= 16152.202199263374 |g_lik|= 9445.660077796747 |g_dc|= 559.3092153976932
it no: 4 f_tot= 16151281463.323748 f_lik= 1922.595195552281 f_dc (1e6)= 16151.279540728552 |g_lik|= 8484.41260175271 |g_dc|= 559.299902886398
it no: 5 f_tot= 16150666568.027481 f_lik= 1951.8347317741031 f_dc (1e6)= 16150.66461619275 |g_lik|= 8042.752856546559 |g_dc|= 559.2952648472632
it no: 6 f_tot= 16150263668.451511 f_lik= 1953.5899983969189 f_dc (1e6)= 16150.261714861514 |g_lik|= 7596.2029861808705 |g_dc|= 559.2940360223275
it no: 7 f_tot= 16150143176.82906 f_lik= 1946.8727532295954 f_dc (1e6)= 16150.141229956307 |g_lik|= 6893.491998113216 |g_dc|= 559.2973894477724
it no: 8 f_tot= 16150116171.772617 f_lik= 1935.4914726947602 f_dc (1e6)= 16150.114236281144 |g_lik|= 6533.0636084327825 |g_dc|= 559.3022428909323
it no: 9 f_tot= 16150271765.050898 f_lik= 1913.0184966804868 f_dc (1e6)= 16150.2698520324 |g_lik|= 6615.982960451229 |g_dc|= 559.3100107755027
f_dc (1e6): 16155.20637377317  perc: 352.57960281778315
it no: 13 f_tot= 16153246812.364792 f_lik= 2022.8665979603359 f_dc (1e6)= 16153.244789498194 |g_lik|= 14217.87623044381 |g_dc|= 559.4691043458859
it no: 14 f_tot= 16150805938.764818 f_lik= 1979.6985316898708 f_dc (1e6)= 16150.803959066287 |g_lik|= 11186.381978060717 |g_dc|= 559.4351796934583
it no: 15 f_tot= 16148277051.554167 f_lik= 2009.7834620669341 f_dc (1e6)= 16148.275041770705 |g_lik|= 10692.137726612815 |g_dc|= 559.3992146059071
it no: 16 f_tot= 16146113318.37601 f_lik= 1948.9896039227076 f_dc (1e6)= 16146.111369386408 |g_lik|= 10536.430470490848 |g_dc|= 559.3692644772326
it no: 17 f_tot= 16144185897.103804 f_lik= 1964.5336347575414 f_dc (1e6)= 16144.18393257017 |g_lik|= 8547.664794053171 |g_dc|= 559.3432629631261
it no: 18 f_tot= 16142536811.828518 f_lik= 1946.8658355749221 f_dc (1e6)= 16142.534864962683 |g_lik|= 8033.907779627808 |g_dc|= 559.3216850680267
it no: 19 f_tot= 16140935756.796885 f_lik= 1950.076072171075 f_dc (1e6)= 16140.933806720812 |g_lik|= 7660.728703154313 |g_dc|= 559.3005474307071
it no: 20 f_tot= 16139540469.744465 f_lik= 1922.935478428432 f_dc (1e6)= 16139.538546808986 |g_lik|= 7451.894746381859 |g_dc|= 559.2823989046345
it no: 21 f_tot= 16138206841.475704 f_lik= 1892.6573453921364 f_dc (1e6)= 16138.20494881836 |g_lik|= 7123.132733448169 |g_dc|= 559.2650187276796
it no: 22 f_tot= 16136976620.076235 f_lik= 1917.801975448245 f_dc (1e6)= 16136.97470227426 |g_lik|= 6786.048554048553 |g_dc|= 559.2490163335767
f_dc (1e6): 16150.803959066287  perc: 352.4835222359026
it no: 26 f_tot= 16154507799.726711 f_lik= 1990.2006050591242 f_dc (1e6)= 16154.505809526107 |g_lik|= 14437.031590114228 |g_dc|= 559.4252007543034
it no: 27 f_tot= 16152476120.83167 f_lik= 1977.9155081596828 f_dc (1e6)= 16152.474142916162 |g_lik|= 11154.241892340302 |g_dc|= 559.398245859521
it no: 28 f_tot= 16150353381.308361 f_lik= 1970.3552289599463 f_dc (1e6)= 16150.351410953133 |g_lik|= 10418.064916732988 |g_dc|= 559.3691288218365
it no: 29 f_tot= 16148604315.21128 f_lik= 1949.137664638701 f_dc (1e6)= 16148.602366073615 |g_lik|= 9309.392488091244 |g_dc|= 559.3460937348573
it no: 30 f_tot= 16147101416.120361 f_lik= 1956.4126372255598 f_dc (1e6)= 16147.099459707724 |g_lik|= 8735.805644562508 |g_dc|= 559.3270510492653
it no: 31 f_tot= 16145827374.545391 f_lik= 1952.4303635588146 f_dc (1e6)= 16145.82542211503 |g_lik|= 8218.19354524801 |g_dc|= 559.311335249644
it no: 32 f_tot= 16144760479.783243 f_lik= 1916.2936175537109 f_dc (1e6)= 16144.758563489626 |g_lik|= 7709.120875941768 |g_dc|= 559.298819862689
it no: 33 f_tot= 16143879708.533447 f_lik= 1940.7550572785876 f_dc (1e6)= 16143.877767778391 |g_lik|= 7675.055239200249 |g_dc|= 559.289077619129
it no: 34 f_tot= 16142999142.128284 f_lik= 1935.1033637473697 f_dc (1e6)= 16142.997207024922 |g_lik|= 7013.184444564822 |g_dc|= 559.279117425854
it no: 35 f_tot= 16142488587.500256 f_lik= 1904.8038245064872 f_dc (1e6)= 16142.48668269643 |g_lik|= 6601.220371040705 |g_dc|= 559.2753132141962
f_dc (1e6): 16152.474142916162  perc: 352.5199731944851
it no: 39 f_tot= 16152791933.779507 f_lik= 2005.655726456415 f_dc (1e6)= 16152.789928123779 |g_lik|= 14325.74503208896 |g_dc|= 559.4278251590332
it no: 40 f_tot= 16150609114.421757 f_lik= 1994.8197519120715 f_dc (1e6)= 16150.607119602006 |g_lik|= 11109.105210241643 |g_dc|= 559.3984242209578
it no: 41 f_tot= 16148282368.642664 f_lik= 1976.9640239163807 f_dc (1e6)= 16148.28039167864 |g_lik|= 10259.595411935532 |g_dc|= 559.3659406588332
it no: 42 f_tot= 16146352287.141706 f_lik= 1942.1793943986438 f_dc (1e6)= 16146.350344962313 |g_lik|= 9307.892142472623 |g_dc|= 559.3400355514826
it no: 43 f_tot= 16144554891.647394 f_lik= 1936.42405214673 f_dc (1e6)= 16144.552955223342 |g_lik|= 8778.038674717976 |g_dc|= 559.3162878451203
it no: 44 f_tot= 16143033906.205767 f_lik= 1949.939745728629 f_dc (1e6)= 16143.031956266022 |g_lik|= 8290.551923983277 |g_dc|= 559.2967378961138
it no: 45 f_tot= 16141670356.268011 f_lik= 1936.096317423866 f_dc (1e6)= 16141.668420171694 |g_lik|= 7694.894476250338 |g_dc|= 559.279537973693
it no: 46 f_tot= 16140395167.066965 f_lik= 1919.1108555875505 f_dc (1e6)= 16140.39324795611 |g_lik|= 7248.947673347427 |g_dc|= 559.2633509171976
it no: 47 f_tot= 16139308762.804895 f_lik= 1905.237244942983 f_dc (1e6)= 16139.30685756765 |g_lik|= 7028.705937831745 |g_dc|= 559.25026093155
it no: 48 f_tot= 16138294867.895763 f_lik= 1901.2428364453997 f_dc (1e6)= 16138.292966652927 |g_lik|= 6745.29336641494 |g_dc|= 559.2379296367764
f_dc (1e6): 16150.607119602006  perc: 352.4792263093431
it no: 52 f_tot= 16153489443.961704 f_lik= 2001.7698132285618 f_dc (1e6)= 16153.48744219189 |g_lik|= 14362.810101084118 |g_dc|= 559.4228259931458
it no: 53 f_tot= 16151409650.865414 f_lik= 1960.6715080370222 f_dc (1e6)= 16151.407690193904 |g_lik|= 11085.635439312186 |g_dc|= 559.3950637831674
it no: 54 f_tot= 16149218639.147287 f_lik= 1983.3086400250027 f_dc (1e6)= 16149.216655838647 |g_lik|= 10245.711130929398 |g_dc|= 559.3647906504405
it no: 55 f_tot= 16147425169.843054 f_lik= 1973.8782794443766 f_dc (1e6)= 16147.423195964775 |g_lik|= 9461.067239075255 |g_dc|= 559.3410739524694
it no: 56 f_tot= 16145892253.434029 f_lik= 1955.9109499885922 f_dc (1e6)= 16145.89029752308 |g_lik|= 9122.84797079738 |g_dc|= 559.3216452618658
it no: 57 f_tot= 16144563930.141184 f_lik= 1981.1111821247282 f_dc (1e6)= 16144.561949030003 |g_lik|= 8077.652616588021 |g_dc|= 559.3051308283494
it no: 58 f_tot= 16143231323.801601 f_lik= 1946.609399297805 f_dc (1e6)= 16143.229377192201 |g_lik|= 7725.95961098765 |g_dc|= 559.2881675724158
it no: 59 f_tot= 16142178916.60131 f_lik= 1938.785224373227 f_dc (1e6)= 16142.176977816085 |g_lik|= 7499.054643401381 |g_dc|= 559.2755315503268
it no: 60 f_tot= 16141098799.651855 f_lik= 1919.800109034947 f_dc (1e6)= 16141.096879851746 |g_lik|= 7129.839317858691 |g_dc|= 559.2621846802955
it no: 61 f_tot= 16140266522.901886 f_lik= 1899.4148554702033 f_dc (1e6)= 16140.26462348703 |g_lik|= 6671.763676887386 |g_dc|= 559.2528563458204
f_dc (1e6): 16151.407690193904  perc: 352.4966983771576
it no: 65 f_tot= 16153104327.249506 f_lik= 2006.0066895271482 f_dc (1e6)= 16153.102321242817 |g_lik|= 14381.732217546933 |g_dc|= 559.4259786603666
it no: 66 f_tot= 16150879782.216936 f_lik= 1971.315298068637 f_dc (1e6)= 16150.877810901638 |g_lik|= 11140.675881188283 |g_dc|= 559.3957712011295
it no: 67 f_tot= 16148558364.64637 f_lik= 1968.542786412012 f_dc (1e6)= 16148.556396103584 |g_lik|= 10460.867644531563 |g_dc|= 559.3633003726828
it no: 68 f_tot= 16146620689.157257 f_lik= 1948.7417655645097 f_dc (1e6)= 16146.618740415492 |g_lik|= 9664.585558627496 |g_dc|= 559.3371969030466
it no: 69 f_tot= 16145067300.45714 f_lik= 1968.2856305004302 f_dc (1e6)= 16145.065332171509 |g_lik|= 8806.277776389134 |g_dc|= 559.3175718669191
it no: 70 f_tot= 16143572821.09185 f_lik= 1931.9392080252512 f_dc (1e6)= 16143.570889152643 |g_lik|= 8061.218251168821 |g_dc|= 559.2984002429765
it no: 71 f_tot= 16142237160.009483 f_lik= 1934.905736701602 f_dc (1e6)= 16142.235225103746 |g_lik|= 7617.346114221055 |g_dc|= 559.2815757734431
it no: 72 f_tot= 16141069796.833166 f_lik= 1942.855451166062 f_dc (1e6)= 16141.067853977715 |g_lik|= 7217.618588880642 |g_dc|= 559.2672181508615
it no: 73 f_tot= 16140033680.811481 f_lik= 1944.3622751289322 f_dc (1e6)= 16140.031736449206 |g_lik|= 7004.776906160718 |g_dc|= 559.254914819506
it no: 74 f_tot= 16139023136.19821 f_lik= 1952.714412696248 f_dc (1e6)= 16139.021183483797 |g_lik|= 6381.6898852715585 |g_dc|= 559.2426047969116
f_dc (1e6): 16150.877810901638  perc: 352.48513401666065
it no: 78 f_tot= 16153283864.768373 f_lik= 2009.2678571896327 f_dc (1e6)= 16153.281855500516 |g_lik|= 14394.093515612974 |g_dc|= 559.4231977923979
it no: 79 f_tot= 16151054919.059526 f_lik= 1968.1919485855103 f_dc (1e6)= 16151.052950867579 |g_lik|= 11107.68322470263 |g_dc|= 559.3928782706281
it no: 80 f_tot= 16148812988.208687 f_lik= 1962.6171219241903 f_dc (1e6)= 16148.811025591564 |g_lik|= 10242.442370735302 |g_dc|= 559.3617640220037
it no: 81 f_tot= 16147024087.48028 f_lik= 1946.2518450628008 f_dc (1e6)= 16147.022141228435 |g_lik|= 9316.813741743386 |g_dc|= 559.3382162492004
it no: 82 f_tot= 16145406391.447144 f_lik= 1941.1564071805137 f_dc (1e6)= 16145.404450290736 |g_lik|= 8806.626412199106 |g_dc|= 559.3173838813265
it no: 83 f_tot= 16143970480.144667 f_lik= 1909.612175297056 f_dc (1e6)= 16143.968570532492 |g_lik|= 8052.9764258193345 |g_dc|= 559.2990671820882
it no: 84 f_tot= 16142671176.461727 f_lik= 1949.9291476454055 f_dc (1e6)= 16142.66922653258 |g_lik|= 7577.9146958753045 |g_dc|= 559.2827380742465
it no: 85 f_tot= 16141500640.996616 f_lik= 1925.3677213014876 f_dc (1e6)= 16141.498715628895 |g_lik|= 7418.930185317662 |g_dc|= 559.2681308383321
it no: 86 f_tot= 16140497705.376495 f_lik= 1909.3098141552152 f_dc (1e6)= 16140.495796066682 |g_lik|= 6947.153998033397 |g_dc|= 559.2562267594294
it no: 87 f_tot= 16139693445.538607 f_lik= 1887.5560692087809 f_dc (1e6)= 16139.691557982538 |g_lik|= 6635.71504023434 |g_dc|= 559.2473324270107
f_dc (1e6): 16151.052950867579  perc: 352.48895636211387
it no: 91 f_tot= 16153190324.83823 f_lik= 2010.0087681602297 f_dc (1e6)= 16153.188314829462 |g_lik|= 14453.26796525976 |g_dc|= 559.4252630836284
it no: 92 f_tot= 16150997225.32072 f_lik= 1966.8242174103148 f_dc (1e6)= 16150.995258496503 |g_lik|= 11357.896531892853 |g_dc|= 559.3956016374899
it no: 93 f_tot= 16148663531.318436 f_lik= 1952.0703426887876 f_dc (1e6)= 16148.661579248093 |g_lik|= 10456.159179425182 |g_dc|= 559.3628997287982
it no: 94 f_tot= 16146788223.30336 f_lik= 1971.2839479146685 f_dc (1e6)= 16146.786252019412 |g_lik|= 9815.173111459608 |g_dc|= 559.3378805454793
it no: 95 f_tot= 16145093787.575312 f_lik= 1967.252990704491 f_dc (1e6)= 16145.091820322321 |g_lik|= 9049.749797373202 |g_dc|= 559.3157786221528
it no: 96 f_tot= 16143519462.578596 f_lik= 1931.0963726534162 f_dc (1e6)= 16143.517531482223 |g_lik|= 8239.433595068853 |g_dc|= 559.2952078269489
it no: 97 f_tot= 16142142382.384706 f_lik= 1929.9850466142382 f_dc (1e6)= 16142.14045239966 |g_lik|= 7661.16898018985 |g_dc|= 559.2775800335606
it no: 98 f_tot= 16140930640.215872 f_lik= 1917.4117495945522 f_dc (1e6)= 16140.928722804123 |g_lik|= 7077.356372673291 |g_dc|= 559.2624172551308
it no: 99 f_tot= 16139834726.069809 f_lik= 1907.9087934730167 f_dc (1e6)= 16139.832818161014 |g_lik|= 7187.362629935008 |g_dc|= 559.2489903212631
it no: 100 f_tot= 16138957139.020039 f_lik= 1905.8155949374607 f_dc (1e6)= 16138.955233204442 |g_lik|= 7242.436821623129 |g_dc|= 559.2389981097149
f_dc (1e6): 16150.995258496503  perc: 352.48769725388536
it no: 104 f_tot= 16153235010.210026 f_lik= 2017.2478246361868 f_dc (1e6)= 16153.232992962203 |g_lik|= 14447.503736167391 |g_dc|= 559.4235803720426
it no: 105 f_tot= 16151061930.422129 f_lik= 1989.3195022673833 f_dc (1e6)= 16151.059941102627 |g_lik|= 11080.342952912428 |g_dc|= 559.3942405875918
it no: 106 f_tot= 16148810166.022825 f_lik= 1968.5108870339393 f_dc (1e6)= 16148.808197511938 |g_lik|= 10403.474693076432 |g_dc|= 559.3629657895607
it no: 107 f_tot= 16146991829.625267 f_lik= 1934.6741211882093 f_dc (1e6)= 16146.989894951144 |g_lik|= 9386.95552473645 |g_dc|= 559.338882070501
it no: 108 f_tot= 16145269941.144722 f_lik= 1970.0683153929028 f_dc (1e6)= 16145.267971076406 |g_lik|= 8820.568281109241 |g_dc|= 559.3162509831869
it no: 109 f_tot= 16143847350.084757 f_lik= 1949.5112247121901 f_dc (1e6)= 16143.845400573533 |g_lik|= 8208.2116868182 |g_dc|= 559.2982183733278
it no: 110 f_tot= 16142514754.291315 f_lik= 1915.45930792309 f_dc (1e6)= 16142.512838832006 |g_lik|= 7974.8250366507655 |g_dc|= 559.2813364382465
it no: 111 f_tot= 16141433956.49935 f_lik= 1939.7539553887505 f_dc (1e6)= 16141.432016745393 |g_lik|= 7671.152967637353 |g_dc|= 559.268377801348
it no: 112 f_tot= 16140447193.310415 f_lik= 1934.3821452694847 f_dc (1e6)= 16140.44525892827 |g_lik|= 7378.508833852504 |g_dc|= 559.2567682922947
it no: 113 f_tot= 16139454800.548523 f_lik= 1895.1329454767135 f_dc (1e6)= 16139.452905415577 |g_lik|= 6741.0697799749805 |g_dc|= 559.2446590169125
f_dc (1e6): 16151.059941102627  perc: 352.48910892062906
it no: 117 f_tot= 16153224795.690485 f_lik= 2006.7923025894165 f_dc (1e6)= 16153.222788898182 |g_lik|= 14423.224916100304 |g_dc|= 559.4250783748772
it no: 118 f_tot= 16150990878.430393 f_lik= 1984.348992788962 f_dc (1e6)= 16150.9888940814 |g_lik|= 11042.351048483406 |g_dc|= 559.3946949449842
it no: 119 f_tot= 16148647427.151894 f_lik= 1965.5792501272474 f_dc (1e6)= 16148.645461572643 |g_lik|= 10387.623082788456 |g_dc|= 559.3618713542332
it no: 120 f_tot= 16146808243.613138 f_lik= 1952.4100734374638 f_dc (1e6)= 16146.806291203064 |g_lik|= 9602.546870096072 |g_dc|= 559.3373924659658
it no: 121 f_tot= 16145160997.536745 f_lik= 1941.1268096923827 f_dc (1e6)= 16145.159056409935 |g_lik|= 8729.495177731564 |g_dc|= 559.3160860322353
it no: 122 f_tot= 16143757459.822021 f_lik= 1945.0830765279134 f_dc (1e6)= 16143.755514738945 |g_lik|= 8367.628626136151 |g_dc|= 559.2984399921006
it no: 123 f_tot= 16142430577.517706 f_lik= 1930.6827336302258 f_dc (1e6)= 16142.428646834973 |g_lik|= 7842.115662111845 |g_dc|= 559.2817600280085
it no: 124 f_tot= 16141210136.602486 f_lik= 1890.4758928698586 f_dc (1e6)= 16141.208246126593 |g_lik|= 7249.335179112786 |g_dc|= 559.2663693574935
it no: 125 f_tot= 16140206592.508152 f_lik= 1908.7053037407284 f_dc (1e6)= 16140.20468380285 |g_lik|= 7048.236440996492 |g_dc|= 559.2545464249271
it no: 126 f_tot= 16139248540.791891 f_lik= 1888.844163424174 f_dc (1e6)= 16139.246651947728 |g_lik|= 6491.414029454241 |g_dc|= 559.2430760131482
f_dc (1e6): 16150.9888940814  perc: 352.4875583535892
it no: 130 f_tot= 16153199634.430437 f_lik= 1997.0146181724185 f_dc (1e6)= 16153.197637415818 |g_lik|= 14463.076251137029 |g_dc|= 559.4234377389093
it no: 131 f_tot= 16151049350.581678 f_lik= 1983.1475880635353 f_dc (1e6)= 16151.04736743409 |g_lik|= 11093.118891389413 |g_dc|= 559.3944982540906
it no: 132 f_tot= 16148702922.853245 f_lik= 1970.7710593100956 f_dc (1e6)= 16148.700952082187 |g_lik|= 10297.054813942757 |g_dc|= 559.3615765276431
it no: 133 f_tot= 16146864453.623554 f_lik= 1961.8482873008365 f_dc (1e6)= 16146.862491775266 |g_lik|= 9312.803229369069 |g_dc|= 559.3371721124524
it no: 134 f_tot= 16145248974.53404 f_lik= 1950.289456910633 f_dc (1e6)= 16145.247024244583 |g_lik|= 8615.769176086964 |g_dc|= 559.3163575218994
it no: 135 f_tot= 16143869123.238506 f_lik= 1944.2352490179878 f_dc (1e6)= 16143.867179003259 |g_lik|= 8206.753346266101 |g_dc|= 559.2990917896368
it no: 136 f_tot= 16142588413.633192 f_lik= 1911.1805116798764 f_dc (1e6)= 16142.586502452681 |g_lik|= 7849.241954819421 |g_dc|= 559.2831121213183
it no: 137 f_tot= 16141500998.852194 f_lik= 1942.7948597581046 f_dc (1e6)= 16141.499056057335 |g_lik|= 7512.6959890456565 |g_dc|= 559.2699766330564
it no: 138 f_tot= 16140420929.93254 f_lik= 1925.9958993621099 f_dc (1e6)= 16140.419003936642 |g_lik|= 7032.7144483327465 |g_dc|= 559.256749265212
it no: 139 f_tot= 16139550743.153214 f_lik= 1898.799853759039 f_dc (1e6)= 16139.54884435336 |g_lik|= 6391.209636448504 |g_dc|= 559.2468081942092
f_dc (1e6): 16151.04736743409  perc: 352.4888345063656
it no: 143 f_tot= 16153243312.579874 f_lik= 2021.1878077915737 f_dc (1e6)= 16153.241291392067 |g_lik|= 14362.298430789497 |g_dc|= 559.4251440216935
it no: 144 f_tot= 16151065434.165363 f_lik= 1965.946397645133 f_dc (1e6)= 16151.063468218965 |g_lik|= 11126.979636072172 |g_dc|= 559.395702300168
it no: 145 f_tot= 16148716195.947254 f_lik= 1957.8045457531157 f_dc (1e6)= 16148.714238142707 |g_lik|= 10513.702217274013 |g_dc|= 559.3627749472122
it no: 146 f_tot= 16146866451.408047 f_lik= 1978.8720235524859 f_dc (1e6)= 16146.864472536025 |g_lik|= 9224.120184893605 |g_dc|= 559.3381012288618
it no: 147 f_tot= 16145210084.945185 f_lik= 1955.1275096725283 f_dc (1e6)= 16145.208129817674 |g_lik|= 9019.364170797195 |g_dc|= 559.3166832478856
it no: 148 f_tot= 16143700024.9499 f_lik= 1954.4130062116894 f_dc (1e6)= 16143.698070536893 |g_lik|= 8595.991128111105 |g_dc|= 559.2971363400775
it no: 149 f_tot= 16142336053.571922 f_lik= 1952.7189692424593 f_dc (1e6)= 16142.334100852953 |g_lik|= 7578.081258087654 |g_dc|= 559.2797624509337
it no: 150 f_tot= 16141180468.396387 f_lik= 1934.772259874798 f_dc (1e6)= 16141.178533624126 |g_lik|= 7341.310477139881 |g_dc|= 559.2655011782042
it no: 151 f_tot= 16140008989.202795 f_lik= 1943.3712317966279 f_dc (1e6)= 16140.007045831564 |g_lik|= 7133.3043339024 |g_dc|= 559.2507153046229
it no: 152 f_tot= 16139019501.939354 f_lik= 1919.5205895487468 f_dc (1e6)= 16139.017582418765 |g_lik|= 6782.293221213089 |g_dc|= 559.2387301437401
f_dc (1e6): 16151.063468218965  perc: 352.4891858982454
it no: 156 f_tot= 16153191905.078247 f_lik= 2030.5469737089247 f_dc (1e6)= 16153.189874531274 |g_lik|= 14436.192420969342 |g_dc|= 559.4235134226209
it no: 157 f_tot= 16151006656.002575 f_lik= 1984.2670809300741 f_dc (1e6)= 16151.004671735494 |g_lik|= 11206.974134635957 |g_dc|= 559.3939962911572
it no: 158 f_tot= 16148713837.159086 f_lik= 1969.9622934386844 f_dc (1e6)= 16148.711867196793 |g_lik|= 10635.660285445685 |g_dc|= 559.362009241001
it no: 159 f_tot= 16146858804.376102 f_lik= 1952.4972917611258 f_dc (1e6)= 16146.85685187881 |g_lik|= 9112.289335982538 |g_dc|= 559.337328234471
it no: 160 f_tot= 16145168448.623098 f_lik= 1961.438879379999 f_dc (1e6)= 16145.166487184219 |g_lik|= 8688.708943876904 |g_dc|= 559.3152593091426
it no: 161 f_tot= 16143777849.23644 f_lik= 1933.315970913115 f_dc (1e6)= 16143.775915920469 |g_lik|= 8150.04344632572 |g_dc|= 559.297824923843
it no: 162 f_tot= 16142442683.56919 f_lik= 1913.10204679035 f_dc (1e6)= 16142.440770467143 |g_lik|= 7707.003933622496 |g_dc|= 559.2808779786947
it no: 163 f_tot= 16141336277.596159 f_lik= 1934.482368701753 f_dc (1e6)= 16141.334343113791 |g_lik|= 7572.196587932903 |g_dc|= 559.2674667201427
it no: 164 f_tot= 16140201485.749855 f_lik= 1918.908454444522 f_dc (1e6)= 16140.1995668414 |g_lik|= 7205.805405640372 |g_dc|= 559.253265641555
it no: 165 f_tot= 16139386053.070774 f_lik= 1933.3360705602736 f_dc (1e6)= 16139.384119734703 |g_lik|= 6471.51552966226 |g_dc|= 559.2442499367988
f_dc (1e6): 16151.004671735494  perc: 352.48790269329527
it no: 169 f_tot= 16153254020.46829 f_lik= 2017.8366152917772 f_dc (1e6)= 16153.252002631676 |g_lik|= 14423.10771459513 |g_dc|= 559.4251584747424
it no: 170 f_tot= 16151081166.210028 f_lik= 1985.6284075709752 f_dc (1e6)= 16151.079180581619 |g_lik|= 11004.89661493996 |g_dc|= 559.3958289287114
it no: 171 f_tot= 16148851815.751463 f_lik= 1955.9946828279042 f_dc (1e6)= 16148.849859756781 |g_lik|= 10290.322254408624 |g_dc|= 559.3649672532167
it no: 172 f_tot= 16146966497.755285 f_lik= 1948.6118631253923 f_dc (1e6)= 16146.964549143424 |g_lik|= 9337.349562385687 |g_dc|= 559.339699830377
it no: 173 f_tot= 16145418301.037203 f_lik= 1958.211004280817 f_dc (1e6)= 16145.416342826198 |g_lik|= 8948.890293420947 |g_dc|= 559.3201154432757
it no: 174 f_tot= 16144037684.605982 f_lik= 1944.2083023452758 f_dc (1e6)= 16144.03574039768 |g_lik|= 8198.465010050437 |g_dc|= 559.3028459785778
it no: 175 f_tot= 16142750225.701834 f_lik= 1936.6251436142695 f_dc (1e6)= 16142.748289076691 |g_lik|= 7808.205360042173 |g_dc|= 559.2868259942177
it no: 176 f_tot= 16141569889.69172 f_lik= 1943.363463973999 f_dc (1e6)= 16141.567946328254 |g_lik|= 7332.297137745298 |g_dc|= 559.2720454997559
it no: 177 f_tot= 16140469395.705503 f_lik= 1918.4879795038132 f_dc (1e6)= 16140.467477217524 |g_lik|= 7119.925096464115 |g_dc|= 559.2585275536544
it no: 178 f_tot= 16139463510.497498 f_lik= 1912.7428192029681 f_dc (1e6)= 16139.461597754678 |g_lik|= 6869.784680520216 |g_dc|= 559.2461764378467
f_dc (1e6): 16151.079180581619  perc: 352.4895288129972
it no: 182 f_tot= 16153170582.552181 f_lik= 2009.6802152170453 f_dc (1e6)= 16153.168572871966 |g_lik|= 14431.927518446984 |g_dc|= 559.4232439279141
it no: 183 f_tot= 16151005704.345299 f_lik= 1990.4646450778416 f_dc (1e6)= 16151.003713880653 |g_lik|= 11152.812425740598 |g_dc|= 559.3940586515254
it no: 184 f_tot= 16148720875.685867 f_lik= 1956.8433085123697 f_dc (1e6)= 16148.718918842558 |g_lik|= 10379.442315874052 |g_dc|= 559.362226481375
it no: 185 f_tot= 16146852160.944937 f_lik= 1969.8226654161726 f_dc (1e6)= 16146.85019112227 |g_lik|= 9573.998223943752 |g_dc|= 559.3372243899588
it no: 186 f_tot= 16145219116.69161 f_lik= 1963.4321200052898 f_dc (1e6)= 16145.217153259491 |g_lik|= 8670.127319120613 |g_dc|= 559.3161900281979
it no: 187 f_tot= 16143831455.294725 f_lik= 1951.3022185424395 f_dc (1e6)= 16143.829503992505 |g_lik|= 8355.885206747722 |g_dc|= 559.2987826859504
it no: 188 f_tot= 16142512678.560476 f_lik= 1926.3076575247446 f_dc (1e6)= 16142.51075225282 |g_lik|= 7818.94650298353 |g_dc|= 559.2821526061297
it no: 189 f_tot= 16141360125.208906 f_lik= 1940.671660003662 f_dc (1e6)= 16141.358184537246 |g_lik|= 7451.359659231823 |g_dc|= 559.267881128859
it no: 190 f_tot= 16140277627.858585 f_lik= 1899.5427979968842 f_dc (1e6)= 16140.275728315788 |g_lik|= 7180.297878957147 |g_dc|= 559.2546783003025
it no: 191 f_tot= 16139391290.714155 f_lik= 1927.6264337448847 f_dc (1e6)= 16139.389363087721 |g_lik|= 6781.916254679255 |g_dc|= 559.2444377480587
f_dc (1e6): 16151.003713880653  perc: 352.48788178857444
it no: 195 f_tot= 16153255555.82223 f_lik= 1993.8611324292137 f_dc (1e6)= 16153.253561961097 |g_lik|= 14449.553030966963 |g_dc|= 559.4251501862144
it no: 196 f_tot= 16151121425.917665 f_lik= 1982.410459001632 f_dc (1e6)= 16151.119443507207 |g_lik|= 11167.60080281479 |g_dc|= 559.3965011242888
it no: 197 f_tot= 16148878638.98625 f_lik= 1970.186547381083 f_dc (1e6)= 16148.876668799701 |g_lik|= 10398.61928983113 |g_dc|= 559.3653866347834
it no: 198 f_tot= 16147090962.479992 f_lik= 1973.362980093729 f_dc (1e6)= 16147.088989117012 |g_lik|= 9106.28472836601 |g_dc|= 559.3417944971098
it no: 199 f_tot= 16145421742.131655 f_lik= 1957.9414268402827 f_dc (1e6)= 16145.419784190228 |g_lik|= 8601.247968771235 |g_dc|= 559.320147137761
it no: 200 f_tot= 16143953341.274117 f_lik= 1925.4857844706944 f_dc (1e6)= 16143.951415788331 |g_lik|= 8202.236969145843 |g_dc|= 559.3013504489716
it no: 201 f_tot= 16142690116.060614 f_lik= 1946.280195837021 f_dc (1e6)= 16142.688169780418 |g_lik|= 7711.257997458532 |g_dc|= 559.2856787174077
it no: 202 f_tot= 16141632853.273949 f_lik= 1937.670616920108 f_dc (1e6)= 16141.630915603333 |g_lik|= 7471.755307279271 |g_dc|= 559.2731719948562
it no: 203 f_tot= 16140529455.895061 f_lik= 1922.8686989729745 f_dc (1e6)= 16140.527533026363 |g_lik|= 7286.988398400059 |g_dc|= 559.259570769664
it no: 204 f_tot= 16139529577.362438 f_lik= 1922.8247591920126 f_dc (1e6)= 16139.52765453768 |g_lik|= 6564.157063220725 |g_dc|= 559.2473650012454
f_dc (1e6): 16151.119443507207  perc: 352.49040753196766
it no: 208 f_tot= 16153166841.703024 f_lik= 2012.1927225676036 f_dc (1e6)= 16153.164829510302 |g_lik|= 14373.966693970213 |g_dc|= 559.4232229523928
it no: 209 f_tot= 16151064839.41586 f_lik= 1962.82042278971 f_dc (1e6)= 16151.062876595435 |g_lik|= 11174.732718970003 |g_dc|= 559.3951270569901
it no: 210 f_tot= 16148795622.387066 f_lik= 1979.795261419387 f_dc (1e6)= 16148.793642591805 |g_lik|= 10429.24053654369 |g_dc|= 559.3635364619556
it no: 211 f_tot= 16146886813.018726 f_lik= 1944.317223141988 f_dc (1e6)= 16146.884868701503 |g_lik|= 9346.668572191247 |g_dc|= 559.3378788732612
it no: 212 f_tot= 16145209151.465118 f_lik= 1945.7035581715902 f_dc (1e6)= 16145.20720576156 |g_lik|= 8759.686914739288 |g_dc|= 559.316059740678
it no: 213 f_tot= 16143871191.000126 f_lik= 1943.6958722668603 f_dc (1e6)= 16143.869247304254 |g_lik|= 8227.997066209819 |g_dc|= 559.2995310803905
it no: 214 f_tot= 16142545042.225819 f_lik= 1912.6574567740304 f_dc (1e6)= 16142.543129568361 |g_lik|= 7490.978560953522 |g_dc|= 559.2827974176162
it no: 215 f_tot= 16141313920.963259 f_lik= 1910.1518846702575 f_dc (1e6)= 16141.312010811374 |g_lik|= 7452.54349781079 |g_dc|= 559.267226500815
it no: 216 f_tot= 16140174155.62841 f_lik= 1903.0112869435266 f_dc (1e6)= 16140.172252617123 |g_lik|= 7645.581157609458 |g_dc|= 559.2529879660549
it no: 217 f_tot= 16139214813.799128 f_lik= 1914.9758560616629 f_dc (1e6)= 16139.21289882327 |g_lik|= 6743.054829900395 |g_dc|= 559.2414642936204
f_dc (1e6): 16151.062876595435  perc: 352.48917298634666
it no: 221 f_tot= 16153265275.627584 f_lik= 1999.351889167059 f_dc (1e6)= 16153.263276275697 |g_lik|= 14451.570941403515 |g_dc|= 559.4252620621854
it no: 222 f_tot= 16151085198.971207 f_lik= 1978.369906243398 f_dc (1e6)= 16151.083220601302 |g_lik|= 11052.248836958637 |g_dc|= 559.3957904989915
it no: 223 f_tot= 16148766034.930748 f_lik= 1964.9916867495576 f_dc (1e6)= 16148.764069939061 |g_lik|= 10187.21228152778 |g_dc|= 559.363369763769
it no: 224 f_tot= 16146955947.786585 f_lik= 1980.499096800032 f_dc (1e6)= 16146.953967287489 |g_lik|= 9398.18205791489 |g_dc|= 559.3394158739808
it no: 225 f_tot= 16145248686.8098 f_lik= 1921.7262530063447 f_dc (1e6)= 16145.246765083546 |g_lik|= 8951.000479076552 |g_dc|= 559.31708201075
it no: 226 f_tot= 16143755990.997654 f_lik= 1960.7068889690581 f_dc (1e6)= 16143.754030290766 |g_lik|= 8310.685964902199 |g_dc|= 559.2978495046689
it no: 227 f_tot= 16142402286.158764 f_lik= 1949.0793229376702 f_dc (1e6)= 16142.400337079442 |g_lik|= 7627.799670906628 |g_dc|= 559.2806240813862
it no: 228 f_tot= 16141279648.359625 f_lik= 1925.607635352725 f_dc (1e6)= 16141.27772275199 |g_lik|= 7701.220341309312 |g_dc|= 559.2669321202226
it no: 229 f_tot= 16140215455.900255 f_lik= 1897.1968055325463 f_dc (1e6)= 16140.21355870345 |g_lik|= 7037.545865828894 |g_dc|= 559.2539816503516
it no: 230 f_tot= 16139331929.079712 f_lik= 1917.277718031747 f_dc (1e6)= 16139.330011801994 |g_lik|= 6425.931909000747 |g_dc|= 559.2438299934377
f_dc (1e6): 16151.083220601302  perc: 352.4896169844821
it no: 234 f_tot= 16153166722.200506 f_lik= 2016.586596198309 f_dc (1e6)= 16153.16470561391 |g_lik|= 14435.436893609573 |g_dc|= 559.4232729224489
it no: 235 f_tot= 16151005127.778316 f_lik= 1993.7103935605003 f_dc (1e6)= 16151.003134067923 |g_lik|= 11052.453522263993 |g_dc|= 559.3941446417876
it no: 236 f_tot= 16148680298.91821 f_lik= 1995.224259783427 f_dc (1e6)= 16148.678303693949 |g_lik|= 10291.02591825408 |g_dc|= 559.3616458093204
it no: 237 f_tot= 16146812727.666508 f_lik= 1945.7022224471682 f_dc (1e6)= 16146.810781964285 |g_lik|= 9490.609503143269 |g_dc|= 559.3366985185004
it no: 238 f_tot= 16145133553.315643 f_lik= 1949.0066932821417 f_dc (1e6)= 16145.13160430895 |g_lik|= 8914.135109184082 |g_dc|= 559.3148861543564
it no: 239 f_tot= 16143686779.988113 f_lik= 1970.0641265850975 f_dc (1e6)= 16143.684809923987 |g_lik|= 8337.479883862707 |g_dc|= 559.2964258032381
it no: 240 f_tot= 16142372101.98053 f_lik= 1929.04162390936 f_dc (1e6)= 16142.370172938905 |g_lik|= 7795.540059186996 |g_dc|= 559.2798646842401
it no: 241 f_tot= 16141224122.048096 f_lik= 1941.796210390897 f_dc (1e6)= 16141.222180251885 |g_lik|= 7528.116990373916 |g_dc|= 559.2657132125239
it no: 242 f_tot= 16140088790.432344 f_lik= 1895.0117223639716 f_dc (1e6)= 16140.086895420622 |g_lik|= 7245.122049785439 |g_dc|= 559.2515732664469
it no: 243 f_tot= 16139094956.620815 f_lik= 1921.0904723285494 f_dc (1e6)= 16139.093035530343 |g_lik|= 6930.730408429992 |g_dc|= 559.2394610458592
f_dc (1e6): 16151.003134067923  perc: 352.48786913444064
it no: 247 f_tot= 16153263937.484737 f_lik= 2011.7663997032528 f_dc (1e6)= 16153.261925718338 |g_lik|= 14425.342499160452 |g_dc|= 559.4251990148199
it no: 248 f_tot= 16151068584.95161 f_lik= 1974.4641871123088 f_dc (1e6)= 16151.066610487424 |g_lik|= 11181.524959033564 |g_dc|= 559.3954956810203
it no: 249 f_tot= 16148710782.965277 f_lik= 1966.7007374443326 f_dc (1e6)= 16148.70881626454 |g_lik|= 10596.384787477318 |g_dc|= 559.3623805426257
it no: 250 f_tot= 16146819877.416811 f_lik= 1968.4377355230422 f_dc (1e6)= 16146.817908979076 |g_lik|= 9497.958899507561 |g_dc|= 559.3370372590066
it no: 251 f_tot= 16145152192.37488 f_lik= 1940.7934450776236 f_dc (1e6)= 16145.150251581434 |g_lik|= 8641.542964350405 |g_dc|= 559.3153493134358
it no: 252 f_tot= 16143801940.65233 f_lik= 1964.2288101904733 f_dc (1e6)= 16143.799976423521 |g_lik|= 8064.216489592176 |g_dc|= 559.2985883614922
it no: 253 f_tot= 16142551915.716301 f_lik= 1946.0431134323846 f_dc (1e6)= 16142.549969673188 |g_lik|= 7689.001952810131 |g_dc|= 559.2831999493992
it no: 254 f_tot= 16141335663.813633 f_lik= 1915.9303621183124 f_dc (1e6)= 16141.333747883271 |g_lik|= 7511.65565124649 |g_dc|= 559.2678823019603
it no: 255 f_tot= 16140211067.67949 f_lik= 1906.911548781622 f_dc (1e6)= 16140.209160767941 |g_lik|= 7242.348734374797 |g_dc|= 559.253913846605
it no: 256 f_tot= 16139338527.773912 f_lik= 1919.5556304186866 f_dc (1e6)= 16139.336608218282 |g_lik|= 6436.503343355584 |g_dc|= 559.2439053166855
f_dc (1e6): 16151.066610487424  perc: 352.48925447674196
it no: 260 f_tot= 16153166474.78035 f_lik= 1993.6543971197946 f_dc (1e6)= 16153.164481125952 |g_lik|= 14359.334264260298 |g_dc|= 559.4232515737843
it no: 261 f_tot= 16150975098.4858 f_lik= 1985.6421243059067 f_dc (1e6)= 16150.973112843676 |g_lik|= 10990.249835518249 |g_dc|= 559.3936194523048
it no: 262 f_tot= 16148686965.226194 f_lik= 1962.6890157354446 f_dc (1e6)= 16148.685002537179 |g_lik|= 10174.462207080325 |g_dc|= 559.3617466423116
it no: 263 f_tot= 16146807829.124287 f_lik= 1961.9192853945779 f_dc (1e6)= 16146.805867205001 |g_lik|= 9186.268775346232 |g_dc|= 559.3366105337251
it no: 264 f_tot= 16145140282.695581 f_lik= 1939.6181705838158 f_dc (1e6)= 16145.138343077411 |g_lik|= 9075.803980651126 |g_dc|= 559.3149378062649
it no: 265 f_tot= 16143712322.691647 f_lik= 1938.0319110007513 f_dc (1e6)= 16143.710384659735 |g_lik|= 8324.227352903014 |g_dc|= 559.2968367922981
it no: 266 f_tot= 16142382087.00411 f_lik= 1922.4209083720616 f_dc (1e6)= 16142.380164583203 |g_lik|= 7866.517030191606 |g_dc|= 559.2800405494382
it no: 267 f_tot= 16141259121.993135 f_lik= 1943.6894745526995 f_dc (1e6)= 16141.257178303662 |g_lik|= 7400.779381782969 |g_dc|= 559.266308776553
it no: 268 f_tot= 16140171771.360722 f_lik= 1932.7396362050374 f_dc (1e6)= 16140.169838621086 |g_lik|= 7239.813258261517 |g_dc|= 559.2529999693921
it no: 269 f_tot= 16139214860.972048 f_lik= 1934.4532823471795 f_dc (1e6)= 16139.212926518767 |g_lik|= 6618.797053297364 |g_dc|= 559.2415253511931
f_dc (1e6): 16150.973112843676  perc: 352.4872139356722
it no: 273 f_tot= 16153272879.010666 f_lik= 2031.9817666680472 f_dc (1e6)= 16153.2708470289 |g_lik|= 14526.465945721158 |g_dc|= 559.4253585876673
it no: 274 f_tot= 16151077038.090137 f_lik= 1955.0421105199769 f_dc (1e6)= 16151.075083048026 |g_lik|= 11248.865313052462 |g_dc|= 559.3956330462612
it no: 275 f_tot= 16148763975.563797 f_lik= 1971.3776680029007 f_dc (1e6)= 16148.762004186128 |g_lik|= 10543.953933390185 |g_dc|= 559.3632946423267
it no: 276 f_tot= 16146914064.694977 f_lik= 1958.239898201227 f_dc (1e6)= 16146.912106455078 |g_lik|= 9400.955129742611 |g_dc|= 559.3386572151267
it no: 277 f_tot= 16145242364.894192 f_lik= 1941.704617542085 f_dc (1e6)= 16145.240423189573 |g_lik|= 8529.771295688102 |g_dc|= 559.3169247785056
it no: 278 f_tot= 16143912144.51588 f_lik= 1910.8859135700407 f_dc (1e6)= 16143.910233629967 |g_lik|= 8436.685300963009 |g_dc|= 559.3005465719195
it no: 279 f_tot= 16142609657.786339 f_lik= 1946.684959967931 f_dc (1e6)= 16142.60771110138 |g_lik|= 7575.481551782271 |g_dc|= 559.2841802579501
it no: 280 f_tot= 16141410428.447386 f_lik= 1936.4286055755615 f_dc (1e6)= 16141.40849201878 |g_lik|= 7528.504784485765 |g_dc|= 559.2691989816511
it no: 281 f_tot= 16140365287.647207 f_lik= 1919.5794605618432 f_dc (1e6)= 16140.363368067747 |g_lik|= 7024.40773363384 |g_dc|= 559.2565951549606
it no: 282 f_tot= 16139406898.216166 f_lik= 1908.2620284779866 f_dc (1e6)= 16139.404989954137 |g_lik|= 6491.547162078422 |g_dc|= 559.2451244169201
f_dc (1e6): 16151.075083048026  perc: 352.4894393862989
it no: 286 f_tot= 16153161510.814775 f_lik= 2029.506170140221 f_dc (1e6)= 16153.159481308605 |g_lik|= 14452.069372919494 |g_dc|= 559.4231734237139
it no: 287 f_tot= 16150997133.32166 f_lik= 1953.807519006275 f_dc (1e6)= 16150.995179514139 |g_lik|= 11129.772640568 |g_dc|= 559.3940067138594
it no: 288 f_tot= 16148664657.381271 f_lik= 1978.9983549397332 f_dc (1e6)= 16148.662678382916 |g_lik|= 10385.8090111137 |g_dc|= 559.3613084071281
it no: 289 f_tot= 16146756744.017378 f_lik= 1991.2224237778073 f_dc (1e6)= 16146.754752794954 |g_lik|= 9312.757510206824 |g_dc|= 559.3356982364867
it no: 290 f_tot= 16145187276.229692 f_lik= 1952.6051518503825 f_dc (1e6)= 16145.18532362454 |g_lik|= 8845.802724746018 |g_dc|= 559.3157576528922
it no: 291 f_tot= 16143744722.032322 f_lik= 1947.430914846375 f_dc (1e6)= 16143.742774601407 |g_lik|= 8234.634247071164 |g_dc|= 559.2973938009284
it no: 292 f_tot= 16142421352.300962 f_lik= 1903.4427112897238 f_dc (1e6)= 16142.41944885825 |g_lik|= 7768.47975365439 |g_dc|= 559.2807030549194
it no: 293 f_tot= 16141289992.432938 f_lik= 1940.5342417803265 f_dc (1e6)= 16141.288051898695 |g_lik|= 7276.292698254419 |g_dc|= 559.2668778543667
it no: 294 f_tot= 16140176373.622347 f_lik= 1922.322071842012 f_dc (1e6)= 16140.174451300276 |g_lik|= 7169.375152376662 |g_dc|= 559.2530892678138
it no: 295 f_tot= 16139233046.302914 f_lik= 1926.218473732358 f_dc (1e6)= 16139.23112008444 |g_lik|= 6538.677337989311 |g_dc|= 559.2418328549052
f_dc (1e6): 16150.995179514139  perc: 352.48769553013324
it no: 299 f_tot= 16153265986.618399 f_lik= 2008.9542239761352 f_dc (1e6)= 16153.263977664175 |g_lik|= 14409.392886215648 |g_dc|= 559.4252679328692
it no: 300 f_tot= 16151132508.730886 f_lik= 1986.8755925932953 f_dc (1e6)= 16151.130521855293 |g_lik|= 11176.902066630153 |g_dc|= 559.39660744072
it no: 301 f_tot= 16148872255.705032 f_lik= 1950.3961662310646 f_dc (1e6)= 16148.870305308867 |g_lik|= 10521.152889585306 |g_dc|= 559.365237186279
it no: 302 f_tot= 16147012320.395163 f_lik= 1978.260166200002 f_dc (1e6)= 16147.010342134996 |g_lik|= 9530.476881421175 |g_dc|= 559.3404154903586
it no: 303 f_tot= 16145339268.888872 f_lik= 1943.4783897163754 f_dc (1e6)= 16145.337325410483 |g_lik|= 8688.302391567726 |g_dc|= 559.3186939521364
it no: 304 f_tot= 16143999299.842903 f_lik= 1941.1159712455387 f_dc (1e6)= 16143.997358726932 |g_lik|= 8010.017788578477 |g_dc|= 559.302105236783
it no: 305 f_tot= 16142702802.86916 f_lik= 1929.5299527268182 f_dc (1e6)= 16142.700873339207 |g_lik|= 7838.03844415311 |g_dc|= 559.2859125175992
it no: 306 f_tot= 16141562786.175688 f_lik= 1952.595172802153 f_dc (1e6)= 16141.560833580515 |g_lik|= 7584.4901951877 |g_dc|= 559.2718895483811
it no: 307 f_tot= 16140455268.405966 f_lik= 1927.7786771501815 f_dc (1e6)= 16140.45334062729 |g_lik|= 6996.927375633877 |g_dc|= 559.2582243869291
it no: 308 f_tot= 16139508181.432348 f_lik= 1909.6185734340122 f_dc (1e6)= 16139.506271813774 |g_lik|= 6554.253027274726 |g_dc|= 559.2469219359466
f_dc (1e6): 16151.130521855293  perc: 352.49064931158205
it no: 312 f_tot= 16153157881.718784 f_lik= 2012.5733967853728 f_dc (1e6)= 16153.155869145388 |g_lik|= 14377.649177995514 |g_dc|= 559.42312302925
it no: 313 f_tot= 16150982464.653324 f_lik= 1975.287617966788 f_dc (1e6)= 16150.980489365706 |g_lik|= 11088.22678217574 |g_dc|= 559.3937798369143
it no: 314 f_tot= 16148638881.040747 f_lik= 1968.304240228562 f_dc (1e6)= 16148.636912736505 |g_lik|= 10631.425134732677 |g_dc|= 559.3608979256168
it no: 315 f_tot= 16146809237.070269 f_lik= 1964.8544186764673 f_dc (1e6)= 16146.80727221585 |g_lik|= 9831.98824348528 |g_dc|= 559.3365821920235
it no: 316 f_tot= 16145116375.363472 f_lik= 1945.4520561363584 f_dc (1e6)= 16145.114429911415 |g_lik|= 9095.152389702183 |g_dc|= 559.3144967644529
it no: 317 f_tot= 16143752161.576857 f_lik= 1967.1141975266594 f_dc (1e6)= 16143.75019446266 |g_lik|= 8310.951107627652 |g_dc|= 559.2975232933161
it no: 318 f_tot= 16142462573.350794 f_lik= 1912.4571634365263 f_dc (1e6)= 16142.46066089363 |g_lik|= 7516.020967691963 |g_dc|= 559.2814095947642
it no: 319 f_tot= 16141333274.180025 f_lik= 1920.9578097715832 f_dc (1e6)= 16141.331353222216 |g_lik|= 7373.584590403629 |g_dc|= 559.2676263064832
it no: 320 f_tot= 16140243242.999931 f_lik= 1921.0762196132116 f_dc (1e6)= 16140.241321923711 |g_lik|= 7113.33745061327 |g_dc|= 559.2542219126339
it no: 321 f_tot= 16139317317.01596 f_lik= 1923.8307687668573 f_dc (1e6)= 16139.315393185192 |g_lik|= 6812.528210075954 |g_dc|= 559.2432754973734
f_dc (1e6): 16150.980489365706  perc: 352.4873749247148
it no: 325 f_tot= 16153269807.461006 f_lik= 2010.1697338113331 f_dc (1e6)= 16153.267797291273 |g_lik|= 14415.152697581007 |g_dc|= 559.4253193189209
it no: 326 f_tot= 16151093734.753128 f_lik= 1979.691542884963 f_dc (1e6)= 16151.091755061585 |g_lik|= 11152.51685444427 |g_dc|= 559.3959320748103
it no: 327 f_tot= 16148792381.409449 f_lik= 1949.7780166815007 f_dc (1e6)= 16148.79043163143 |g_lik|= 10736.676138637575 |g_dc|= 559.3637660939011
it no: 328 f_tot= 16146911601.54554 f_lik= 1967.0021072078887 f_dc (1e6)= 16146.909634543432 |g_lik|= 9252.846238006468 |g_dc|= 559.3386190398918
it no: 329 f_tot= 16145291398.473396 f_lik= 1968.8785020846412 f_dc (1e6)= 16145.289429594894 |g_lik|= 8819.748524100814 |g_dc|= 559.3177899503943
it no: 330 f_tot= 16143964903.942778 f_lik= 1943.294475037711 f_dc (1e6)= 16143.962960648301 |g_lik|= 7964.4207964965535 |g_dc|= 559.301492320084
it no: 331 f_tot= 16142661955.432562 f_lik= 1922.4132361493791 f_dc (1e6)= 16142.660033019325 |g_lik|= 7621.85797472821 |g_dc|= 559.2851781467115
it no: 332 f_tot= 16141445500.262018 f_lik= 1927.6016843305315 f_dc (1e6)= 16141.443572660333 |g_lik|= 7469.0061763178455 |g_dc|= 559.2698031733044
it no: 333 f_tot= 16140341508.0096 f_lik= 1929.4301100449336 f_dc (1e6)= 16140.33957857949 |g_lik|= 7023.130516542 |g_dc|= 559.2562142503007
it no: 334 f_tot= 16139410957.167635 f_lik= 1907.4455006288347 f_dc (1e6)= 16139.409049722133 |g_lik|= 6641.969138316461 |g_dc|= 559.2451987555314
f_dc (1e6): 16151.091755061585  perc: 352.4898032449697
it no: 338 f_tot= 16153160648.244682 f_lik= 2022.1050337800525 f_dc (1e6)= 16153.158626139648 |g_lik|= 14413.897983213166 |g_dc|= 559.4231709976287
it no: 339 f_tot= 16150989896.867924 f_lik= 1972.9426684588477 f_dc (1e6)= 16150.987923925255 |g_lik|= 11050.434991205962 |g_dc|= 559.3939052188813
it no: 340 f_tot= 16148730140.928831 f_lik= 1956.7267948005313 f_dc (1e6)= 16148.728184202037 |g_lik|= 10243.313981333957 |g_dc|= 559.3624960358725
it no: 341 f_tot= 16146889877.807974 f_lik= 1957.2179358600436 f_dc (1e6)= 16146.887920590038 |g_lik|= 9361.83818046554 |g_dc|= 559.338070446257
it no: 342 f_tot= 16145273245.204393 f_lik= 1940.2768801616487 f_dc (1e6)= 16145.271304927513 |g_lik|= 8641.758803004084 |g_dc|= 559.3172551470849
it no: 343 f_tot= 16143891149.511864 f_lik= 1939.235853193374 f_dc (1e6)= 16143.889210276011 |g_lik|= 8281.766221044141 |g_dc|= 559.2999115805096
it no: 344 f_tot= 16142470354.788525 f_lik= 1941.1245670230048 f_dc (1e6)= 16142.468413663957 |g_lik|= 7765.556918367114 |g_dc|= 559.281561398387
it no: 345 f_tot= 16141247523.59478 f_lik= 1931.9844760604133 f_dc (1e6)= 16141.245591610304 |g_lik|= 7648.18499581925 |g_dc|= 559.2660922723006
it no: 346 f_tot= 16140103100.436848 f_lik= 1924.5374929646084 f_dc (1e6)= 16140.101175899355 |g_lik|= 7281.960595986105 |g_dc|= 559.251805381702
it no: 347 f_tot= 16139276826.343428 f_lik= 1901.0478193913186 f_dc (1e6)= 16139.27492529561 |g_lik|= 6719.836259266102 |g_dc|= 559.2425673194637
f_dc (1e6): 16150.987923925255  perc: 352.4875371803983
it no: 351 f_tot= 16153268592.604904 f_lik= 2024.8748483694167 f_dc (1e6)= 16153.266567730056 |g_lik|= 14393.444366800628 |g_dc|= 559.4252794602729
it no: 352 f_tot= 16151117264.814402 f_lik= 2001.0904943502517 f_dc (1e6)= 16151.115263723908 |g_lik|= 11022.842814556454 |g_dc|= 559.3963282082591
it no: 353 f_tot= 16148918742.698837 f_lik= 1967.2195069898878 f_dc (1e6)= 16148.91677547933 |g_lik|= 10175.751567456084 |g_dc|= 559.365994064841
it no: 354 f_tot= 16147040145.20275 f_lik= 1977.3697497467767 f_dc (1e6)= 16147.038167833 |g_lik|= 9067.321946616574 |g_dc|= 559.3408408465331
it no: 355 f_tot= 16145374865.829605 f_lik= 1934.8068112037295 f_dc (1e6)= 16145.372931022795 |g_lik|= 8551.3771496587 |g_dc|= 559.3192161054955
it no: 356 f_tot= 16143930864.137995 f_lik= 1934.4507610448202 f_dc (1e6)= 16143.928929687232 |g_lik|= 8137.106703710479 |g_dc|= 559.3008782260664
it no: 357 f_tot= 16142618552.444126 f_lik= 1937.9399877602714 f_dc (1e6)= 16142.616614504139 |g_lik|= 7643.040245536518 |g_dc|= 559.2843492979196
it no: 358 f_tot= 16141426517.718678 f_lik= 1916.8585177648636 f_dc (1e6)= 16141.424600860159 |g_lik|= 7537.956872308159 |g_dc|= 559.269453617331
it no: 359 f_tot= 16140309784.700077 f_lik= 1908.3004664539155 f_dc (1e6)= 16140.30787639961 |g_lik|= 7156.777476310682 |g_dc|= 559.2556267317577
it no: 360 f_tot= 16139337955.374468 f_lik= 1890.1405916454678 f_dc (1e6)= 16139.336065233876 |g_lik|= 6793.669197650429 |g_dc|= 559.243857199914
f_dc (1e6): 16151.115263723908  perc: 352.49031631020904
it no: 364 f_tot= 16153169028.480085 f_lik= 2018.7852093342372 f_dc (1e6)= 16153.167009694876 |g_lik|= 14444.430438183568 |g_dc|= 559.4233332858719
it no: 365 f_tot= 16151028485.957361 f_lik= 2011.2651657072704 f_dc (1e6)= 16151.026474692197 |g_lik|= 11172.737841997337 |g_dc|= 559.3945826673555
it no: 366 f_tot= 16148763193.448954 f_lik= 1980.0830295835221 f_dc (1e6)= 16148.761213365924 |g_lik|= 10547.313098538065 |g_dc|= 559.3630998478924
it no: 367 f_tot= 16146856400.19667 f_lik= 1978.7832258982885 f_dc (1e6)= 16146.854421413445 |g_lik|= 9201.887840826643 |g_dc|= 559.3374794068924
it no: 368 f_tot= 16145202069.895933 f_lik= 1952.09762031646 f_dc (1e6)= 16145.200117798313 |g_lik|= 8590.704499366077 |g_dc|= 559.3160533032872
it no: 369 f_tot= 16143747269.9209 f_lik= 1923.6450020018078 f_dc (1e6)= 16143.745346275899 |g_lik|= 8382.46243659525 |g_dc|= 559.2975076738711
it no: 370 f_tot= 16142405170.51379 f_lik= 1949.9837187358312 f_dc (1e6)= 16142.403220530072 |g_lik|= 8040.287816616744 |g_dc|= 559.2804685856761
it no: 371 f_tot= 16141240712.023798 f_lik= 1930.1311002658663 f_dc (1e6)= 16141.238781892698 |g_lik|= 7542.435610682926 |g_dc|= 559.2660454499287
it no: 372 f_tot= 16140105153.854752 f_lik= 1990.7210429727463 f_dc (1e6)= 16140.103163133708 |g_lik|= 7064.6904181730215 |g_dc|= 559.2518171364846
it no: 373 f_tot= 16139175639.805326 f_lik= 1902.9758381489346 f_dc (1e6)= 16139.173736829489 |g_lik|= 6651.147595181764 |g_dc|= 559.240841634192
f_dc (1e6): 16151.026474692197  perc: 352.48837853233044
it no: 377 f_tot= 16153274211.712667 f_lik= 2012.7959470512753 f_dc (1e6)= 16153.272198916722 |g_lik|= 14422.864637458553 |g_dc|= 559.4253463734511
it no: 378 f_tot= 16151111292.191814 f_lik= 1968.022904666719 f_dc (1e6)= 16151.109324168909 |g_lik|= 11177.963826654921 |g_dc|= 559.3961985457995
it no: 379 f_tot= 16148763671.065235 f_lik= 1978.4754852894375 f_dc (1e6)= 16148.761692589751 |g_lik|= 10623.68482952925 |g_dc|= 559.3632709318487
it no: 380 f_tot= 16146859474.295242 f_lik= 1970.8747285951888 f_dc (1e6)= 16146.857503420513 |g_lik|= 9142.625374803532 |g_dc|= 559.337694938191
it no: 381 f_tot= 16145226902.26264 f_lik= 1930.724707493555 f_dc (1e6)= 16145.224971537933 |g_lik|= 8571.61160334927 |g_dc|= 559.3166042333652
it no: 382 f_tot= 16143847065.20173 f_lik= 1947.0710309655326 f_dc (1e6)= 16143.8451181307 |g_lik|= 8221.434595679399 |g_dc|= 559.29934894687
it no: 383 f_tot= 16142519834.673159 f_lik= 1934.6783708272662 f_dc (1e6)= 16142.517899994788 |g_lik|= 7843.310928647491 |g_dc|= 559.2826086859045
it no: 384 f_tot= 16141334515.429688 f_lik= 1917.8531966363817 f_dc (1e6)= 16141.332597576491 |g_lik|= 7540.638828504063 |g_dc|= 559.2678428916017
it no: 385 f_tot= 16140236755.987095 f_lik= 1917.9877031090145 f_dc (1e6)= 16140.234837999391 |g_lik|= 7388.036691926808 |g_dc|= 559.2543067651764
it no: 386 f_tot= 16139338615.671244 f_lik= 1901.627788236709 f_dc (1e6)= 16139.336714043455 |g_lik|= 6429.62662675802 |g_dc|= 559.2438693244452
f_dc (1e6): 16151.109324168909  perc: 352.4901866822802
it no: 390 f_tot= 16153158231.948671 f_lik= 2024.2550714874267 f_dc (1e6)= 16153.156207693599 |g_lik|= 14436.628181868926 |g_dc|= 559.4231610627578
it no: 391 f_tot= 16150979868.01653 f_lik= 1958.7526037034534 f_dc (1e6)= 16150.977909263926 |g_lik|= 11191.962376869484 |g_dc|= 559.393749388844
it no: 392 f_tot= 16148739376.301565 f_lik= 1947.1404020477476 f_dc (1e6)= 16148.737429161163 |g_lik|= 10650.530122316064 |g_dc|= 559.3626411345094
it no: 393 f_tot= 16146830222.014862 f_lik= 1948.6323173704957 f_dc (1e6)= 16146.828273382545 |g_lik|= 9404.063083338468 |g_dc|= 559.3370403354086
it no: 394 f_tot= 16145206207.721132 f_lik= 1949.9011841583251 f_dc (1e6)= 16145.204257819949 |g_lik|= 8739.195583903362 |g_dc|= 559.3161539202515
it no: 395 f_tot= 16143770986.913656 f_lik= 1953.0238994516644 f_dc (1e6)= 16143.769033889757 |g_lik|= 8552.583285005217 |g_dc|= 559.2979237906015
it no: 396 f_tot= 16142489098.724678 f_lik= 1906.8881741578239 f_dc (1e6)= 16142.487191836504 |g_lik|= 7883.266636184016 |g_dc|= 559.2819616790493
it no: 397 f_tot= 16141326437.5476 f_lik= 1928.5575024704706 f_dc (1e6)= 16141.324508990097 |g_lik|= 7330.554326441053 |g_dc|= 559.2675586073336
it no: 398 f_tot= 16140256197.99656 f_lik= 1883.913071952093 f_dc (1e6)= 16140.254314083486 |g_lik|= 7100.770311038598 |g_dc|= 559.2545694491412
it no: 399 f_tot= 16139318672.419909 f_lik= 1918.4687632133848 f_dc (1e6)= 16139.316753951145 |g_lik|= 6827.552040667905 |g_dc|= 559.2434533131245
f_dc (1e6): 16150.977909263926  perc: 352.4873186152354
it no: 403 f_tot= 16153281261.050724 f_lik= 2020.6920937000002 f_dc (1e6)= 16153.279240358632 |g_lik|= 14379.158196829188 |g_dc|= 559.4254574965595
it no: 404 f_tot= 16151064642.279318 f_lik= 1991.506139964149 f_dc (1e6)= 16151.062650773178 |g_lik|= 11175.941988244247 |g_dc|= 559.3953917430183
it no: 405 f_tot= 16148739493.513138 f_lik= 1963.0778152656555 f_dc (1e6)= 16148.737530435323 |g_lik|= 10335.204726184762 |g_dc|= 559.3628672577952
it no: 406 f_tot= 16146826321.695946 f_lik= 1969.6933521979195 f_dc (1e6)= 16146.824352002594 |g_lik|= 9328.667730815334 |g_dc|= 559.3371028736913
it no: 407 f_tot= 16145233160.464714 f_lik= 1939.9662291208904 f_dc (1e6)= 16145.231220498486 |g_lik|= 8818.618781003164 |g_dc|= 559.3167411828357
it no: 408 f_tot= 16143852278.783424 f_lik= 1931.269008964357 f_dc (1e6)= 16143.850347514415 |g_lik|= 8118.131315894499 |g_dc|= 559.2994905919161
it no: 409 f_tot= 16142600071.437614 f_lik= 1915.4351428330513 f_dc (1e6)= 16142.598156002472 |g_lik|= 7552.667801571793 |g_dc|= 559.2840018420452
it no: 410 f_tot= 16141459078.970947 f_lik= 1946.9265367853075 f_dc (1e6)= 16141.45713204441 |g_lik|= 7443.989402868007 |g_dc|= 559.2700039391011
it no: 411 f_tot= 16140439044.661678 f_lik= 1928.1057507322516 f_dc (1e6)= 16140.437116555928 |g_lik|= 7365.408339338975 |g_dc|= 559.2578217855876
it no: 412 f_tot= 16139438301.310417 f_lik= 1916.5996485573905 f_dc (1e6)= 16139.436384710767 |g_lik|= 6563.180652614835 |g_dc|= 559.2456258901004
f_dc (1e6): 16151.062650773178  perc: 352.48916805788457
it no: 416 f_tot= 16153159912.98499 f_lik= 2025.7524482926867 f_dc (1e6)= 16153.15788723254 |g_lik|= 14410.218565682017 |g_dc|= 559.423211557646
it no: 417 f_tot= 16151008204.797075 f_lik= 1964.5569821784609 f_dc (1e6)= 16151.006240240093 |g_lik|= 11201.3955149127 |g_dc|= 559.3942536090952
it no: 418 f_tot= 16148757179.607145 f_lik= 1981.8969117809477 f_dc (1e6)= 16148.755197710234 |g_lik|= 10665.44951280984 |g_dc|= 559.3630091592975
it no: 419 f_tot= 16146889748.399609 f_lik= 1939.1015811102732 f_dc (1e6)= 16146.887809298027 |g_lik|= 9660.764115577893 |g_dc|= 559.3380908649488
it no: 420 f_tot= 16145285462.628675 f_lik= 1951.9846319330306 f_dc (1e6)= 16145.283510644043 |g_lik|= 8633.136947506744 |g_dc|= 559.3175395664847
it no: 421 f_tot= 16143894490.06901 f_lik= 1921.8706659498669 f_dc (1e6)= 16143.892568198344 |g_lik|= 8296.010238537008 |g_dc|= 559.3000579689323
it no: 422 f_tot= 16142618286.852777 f_lik= 1971.4000474121458 f_dc (1e6)= 16142.61631545273 |g_lik|= 7591.185129239274 |g_dc|= 559.2841729364075
it no: 423 f_tot= 16141492164.626942 f_lik= 1920.1051596505301 f_dc (1e6)= 16141.490244521781 |g_lik|= 7531.8831917143325 |g_dc|= 559.2704511662506
it no: 424 f_tot= 16140397945.618565 f_lik= 1929.9942776961555 f_dc (1e6)= 16140.396015624287 |g_lik|= 7133.639432483152 |g_dc|= 559.2570122984445
it no: 425 f_tot= 16139459942.517715 f_lik= 1924.9198399062384 f_dc (1e6)= 16139.458017597875 |g_lik|= 6663.399429281791 |g_dc|= 559.2458466053225
f_dc (1e6): 16151.006240240093  perc: 352.4879369251531
it no: 429 f_tot= 16153270275.720617 f_lik= 1998.3010119111198 f_dc (1e6)= 16153.268277419606 |g_lik|= 14471.500733432189 |g_dc|= 559.4252840308125
it no: 430 f_tot= 16151071147.692358 f_lik= 1980.7477283695766 f_dc (1e6)= 16151.06916694463 |g_lik|= 11038.023695707267 |g_dc|= 559.3954930798349
it no: 431 f_tot= 16148747725.701616 f_lik= 1987.085619614919 f_dc (1e6)= 16148.745738615997 |g_lik|= 10296.4232036085 |g_dc|= 559.362963029795
it no: 432 f_tot= 16146789734.317078 f_lik= 1982.6866477530343 f_dc (1e6)= 16146.78775163043 |g_lik|= 9262.991320759204 |g_dc|= 559.3364934596045
it no: 433 f_tot= 16145176949.570797 f_lik= 1950.2561263811021 f_dc (1e6)= 16145.174999314671 |g_lik|= 8875.21232638137 |g_dc|= 559.3157266028414
it no: 434 f_tot= 16143811719.468653 f_lik= 1937.6437422271001 f_dc (1e6)= 16143.809781824912 |g_lik|= 8134.625492201175 |g_dc|= 559.298754740939
it no: 435 f_tot= 16142524978.803019 f_lik= 1922.3431799280077 f_dc (1e6)= 16142.523056459839 |g_lik|= 7599.072928159818 |g_dc|= 559.2827161121063
it no: 436 f_tot= 16141370801.035818 f_lik= 1918.28297278268 f_dc (1e6)= 16141.368882752846 |g_lik|= 7354.411133993614 |g_dc|= 559.268498442126
it no: 437 f_tot= 16140232649.145 f_lik= 1918.7269460519155 f_dc (1e6)= 16140.230730418054 |g_lik|= 7383.487544170932 |g_dc|= 559.2543027132518
it no: 438 f_tot= 16139361615.614376 f_lik= 1917.670815622239 f_dc (1e6)= 16139.359697943559 |g_lik|= 6876.1425984328735 |g_dc|= 559.2443508610377
f_dc (1e6): 16151.06916694463  perc: 352.48931027018995
it no: 442 f_tot= 16153174012.475586 f_lik= 2019.0936143084934 f_dc (1e6)= 16153.171993381971 |g_lik|= 14396.710770692138 |g_dc|= 559.4234204878447
it no: 443 f_tot= 16150976989.320978 f_lik= 1974.0964255323863 f_dc (1e6)= 16150.975015224552 |g_lik|= 11177.072156800266 |g_dc|= 559.3936750101128
it no: 444 f_tot= 16148697364.011528 f_lik= 1989.4536721779052 f_dc (1e6)= 16148.695374557856 |g_lik|= 10391.142051275378 |g_dc|= 559.3619599221132
it no: 445 f_tot= 16146836537.087906 f_lik= 1990.343149544171 f_dc (1e6)= 16146.834546744756 |g_lik|= 9428.971299210025 |g_dc|= 559.3371543873658
it no: 446 f_tot= 16145181330.537169 f_lik= 1960.731634012858 f_dc (1e6)= 16145.179369805533 |g_lik|= 8929.026493139152 |g_dc|= 559.3157227881018
it no: 447 f_tot= 16143763676.152273 f_lik= 1962.4528415134976 f_dc (1e6)= 16143.761713699432 |g_lik|= 8379.54765534487 |g_dc|= 559.2977945284326
it no: 448 f_tot= 16142388385.573526 f_lik= 1944.8562983322145 f_dc (1e6)= 16142.386440717228 |g_lik|= 7529.512777087107 |g_dc|= 559.2802092985324
it no: 449 f_tot= 16141120445.850563 f_lik= 1934.3294180533999 f_dc (1e6)= 16141.118511521145 |g_lik|= 7220.8112299030845 |g_dc|= 559.2640161115919
it no: 450 f_tot= 16140065276.024363 f_lik= 1929.0575529334658 f_dc (1e6)= 16140.06334696681 |g_lik|= 7027.191288804157 |g_dc|= 559.2511978521803
it no: 451 f_tot= 16139167120.860323 f_lik= 1930.5691912224179 f_dc (1e6)= 16139.165190291133 |g_lik|= 6607.7342922184125 |g_dc|= 559.2407567687975
f_dc (1e6): 16150.975015224552  perc: 352.4872554542191
it no: 455 f_tot= 16153265789.191252 f_lik= 2017.2322548757281 f_dc (1e6)= 16153.263771958998 |g_lik|= 14420.602244784355 |g_dc|= 559.4252258822304
it no: 456 f_tot= 16151120534.943487 f_lik= 1978.155432574976 f_dc (1e6)= 16151.118556788055 |g_lik|= 11125.926176131521 |g_dc|= 559.3963824642343
it no: 457 f_tot= 16148753045.399284 f_lik= 1972.6851323341189 f_dc (1e6)= 16148.75107271415 |g_lik|= 10534.541967157304 |g_dc|= 559.3631071980152
it no: 458 f_tot= 16146939037.250196 f_lik= 1954.5738431203933 f_dc (1e6)= 16146.937082676353 |g_lik|= 9358.61733678374 |g_dc|= 559.3390974381193
it no: 459 f_tot= 16145337566.245056 f_lik= 1924.547850699652 f_dc (1e6)= 16145.335641697204 |g_lik|= 8831.570151430504 |g_dc|= 559.3185169927856
it no: 460 f_tot= 16143986070.547405 f_lik= 1929.597296694801 f_dc (1e6)= 16143.98414095011 |g_lik|= 8210.43483691547 |g_dc|= 559.301798953303
it no: 461 f_tot= 16142635333.386898 f_lik= 1924.7599909246535 f_dc (1e6)= 16142.633408626907 |g_lik|= 7504.583168254917 |g_dc|= 559.2846337579359
it no: 462 f_tot= 16141416593.437729 f_lik= 1954.2621703447614 f_dc (1e6)= 16141.414639175558 |g_lik|= 7145.839954596586 |g_dc|= 559.2692529368838
it no: 463 f_tot= 16140341686.182821 f_lik= 1898.3276224708557 f_dc (1e6)= 16140.339787855199 |g_lik|= 6852.037585332577 |g_dc|= 559.256180877258
it no: 464 f_tot= 16139393582.51744 f_lik= 1885.4058552258355 f_dc (1e6)= 16139.391697111585 |g_lik|= 6489.062309853045 |g_dc|= 559.2448786595992
f_dc (1e6): 16151.118556788055  perc: 352.490388179749
it no: 468 f_tot= 16153171132.154726 f_lik= 2011.767058944702 f_dc (1e6)= 16153.169120387667 |g_lik|= 14400.916783248984 |g_dc|= 559.4233991588806
it no: 469 f_tot= 16151070566.49686 f_lik= 2008.904522742771 f_dc (1e6)= 16151.068557592338 |g_lik|= 11227.894472383847 |g_dc|= 559.3953106904472
it no: 470 f_tot= 16148817018.855928 f_lik= 1966.9762570281255 f_dc (1e6)= 16148.815051879672 |g_lik|= 10917.366183615557 |g_dc|= 559.3640084117893
it no: 471 f_tot= 16146948568.218185 f_lik= 1958.4596221451532 f_dc (1e6)= 16146.946609758565 |g_lik|= 9628.539945921368 |g_dc|= 559.3390399098936
it no: 472 f_tot= 16145239481.06249 f_lik= 1957.9462682356154 f_dc (1e6)= 16145.237523116222 |g_lik|= 8707.704626411714 |g_dc|= 559.3166617388747
it no: 473 f_tot= 16143880461.658947 f_lik= 1949.8121448280697 f_dc (1e6)= 16143.878511846802 |g_lik|= 7965.9414969803975 |g_dc|= 559.2997346390705
it no: 474 f_tot= 16142564012.50807 f_lik= 1914.6345957619803 f_dc (1e6)= 16142.562097873473 |g_lik|= 7553.203794638701 |g_dc|= 559.2831750740426
it no: 475 f_tot= 16141427899.721836 f_lik= 1930.0086854193323 f_dc (1e6)= 16141.42596971315 |g_lik|= 7528.71215650836 |g_dc|= 559.2692484826434
it no: 476 f_tot= 16140320154.578949 f_lik= 1927.674724780605 f_dc (1e6)= 16140.318226904225 |g_lik|= 6907.397255057404 |g_dc|= 559.255559429103
it no: 477 f_tot= 16139430676.405588 f_lik= 1918.644877653576 f_dc (1e6)= 16139.42875776071 |g_lik|= 6470.443990036526 |g_dc|= 559.2452991877566
f_dc (1e6): 16151.068557592338  perc: 352.4892969713695
it no: 481 f_tot= 16153262948.679 f_lik= 2024.5316023981004 f_dc (1e6)= 16153.260924147398 |g_lik|= 14502.539894135827 |g_dc|= 559.4251869974028
it no: 482 f_tot= 16151078046.69006 f_lik= 1994.59027628155 f_dc (1e6)= 16151.076052099783 |g_lik|= 11124.208493736998 |g_dc|= 559.395619908248
it no: 483 f_tot= 16148739044.962164 f_lik= 1965.6457477905637 f_dc (1e6)= 16148.737079316415 |g_lik|= 10189.394342942287 |g_dc|= 559.3628678457338
it no: 484 f_tot= 16146894633.505306 f_lik= 1978.839708397729 f_dc (1e6)= 16146.892654665598 |g_lik|= 9320.488407356303 |g_dc|= 559.3382973960066
it no: 485 f_tot= 16145256688.442995 f_lik= 1973.2054247901553 f_dc (1e6)= 16145.25471523757 |g_lik|= 8794.102800462486 |g_dc|= 559.3171724535786
it no: 486 f_tot= 16143811198.968584 f_lik= 1957.9004401579357 f_dc (1e6)= 16143.809241068144 |g_lik|= 8632.249152627995 |g_dc|= 559.2987631844848
it no: 487 f_tot= 16142478592.847364 f_lik= 1935.496847879319 f_dc (1e6)= 16142.476657350517 |g_lik|= 7656.29251964116 |g_dc|= 559.281909327955
it no: 488 f_tot= 16141291553.796896 f_lik= 1903.4743175751823 f_dc (1e6)= 16141.289650322578 |g_lik|= 7443.24318374959 |g_dc|= 559.2670949193986
it no: 489 f_tot= 16140190905.680231 f_lik= 1931.9983633268448 f_dc (1e6)= 16140.188973681868 |g_lik|= 7322.0910261219615 |g_dc|= 559.2535605978974
it no: 490 f_tot= 16139258029.192505 f_lik= 1923.2898358662924 f_dc (1e6)= 16139.25610590267 |g_lik|= 6531.327211457656 |g_dc|= 559.2425145068509
f_dc (1e6): 16151.076052099783  perc: 352.489460535387
it no: 494 f_tot= 16153173339.536533 f_lik= 2015.5021132750737 f_dc (1e6)= 16153.17132403442 |g_lik|= 14516.684286801617 |g_dc|= 559.4234101998219
it no: 495 f_tot= 16151020687.107685 f_lik= 1982.9599384562175 f_dc (1e6)= 16151.018704147747 |g_lik|= 11149.077821759543 |g_dc|= 559.394437256059
it no: 496 f_tot= 16148742765.48041 f_lik= 2000.871722991353 f_dc (1e6)= 16148.740764608687 |g_lik|= 10374.451489396615 |g_dc|= 559.3627317975875
it no: 497 f_tot= 16146892606.923506 f_lik= 1951.5108850896927 f_dc (1e6)= 16146.89065541262 |g_lik|= 9412.126920660474 |g_dc|= 559.3381062023428
it no: 498 f_tot= 16145175469.92473 f_lik= 1958.32204771496 f_dc (1e6)= 16145.173511602683 |g_lik|= 9015.71341927671 |g_dc|= 559.3156083527423
it no: 499 f_tot= 16143758751.772198 f_lik= 1941.2213504682268 f_dc (1e6)= 16143.756810550847 |g_lik|= 8356.075297160494 |g_dc|= 559.2977082740068
it no: 500 f_tot= 16142400586.240509 f_lik= 1912.1619292250134 f_dc (1e6)= 16142.398674078579 |g_lik|= 7649.171244163642 |g_dc|= 559.2804212502683
it no: 501 f_tot= 16141248117.897398 f_lik= 1917.7627106173834 f_dc (1e6)= 16141.246200134687 |g_lik|= 7561.401412240194 |g_dc|= 559.2661961607051
it no: 502 f_tot= 16140164760.023663 f_lik= 1914.1949204780942 f_dc (1e6)= 16140.162845828743 |g_lik|= 7071.154244009343 |g_dc|= 559.2529395938849
it no: 503 f_tot= 16139254313.661083 f_lik= 1911.9788412439254 f_dc (1e6)= 16139.25240168224 |g_lik|= 6741.47376916757 |g_dc|= 559.2423039248238
f_dc (1e6): 16151.018704147747  perc: 352.48820894393816
it no: 507 f_tot= 16153269243.20099 f_lik= 2011.0528597604662 f_dc (1e6)= 16153.26723214813 |g_lik|= 14425.561662119519 |g_dc|= 559.4252478586594
it no: 508 f_tot= 16151095299.005978 f_lik= 1954.1346804895854 f_dc (1e6)= 16151.093344871299 |g_lik|= 11086.272001411597 |g_dc|= 559.3958864784398
it no: 509 f_tot= 16148800394.73881 f_lik= 1952.5678836225327 f_dc (1e6)= 16148.798442170924 |g_lik|= 10299.11993977129 |g_dc|= 559.3639046817607
it no: 510 f_tot= 16146995964.286283 f_lik= 1950.2713473810468 f_dc (1e6)= 16146.994014014936 |g_lik|= 9156.1729509106 |g_dc|= 559.3400402117081
it no: 511 f_tot= 16145299129.103771 f_lik= 1958.5986832318988 f_dc (1e6)= 16145.29717050509 |g_lik|= 9225.66514425602 |g_dc|= 559.3178839004626
it no: 512 f_tot= 16143971164.883497 f_lik= 1922.3805936268398 f_dc (1e6)= 16143.969242502902 |g_lik|= 8568.305339134497 |g_dc|= 559.3015168103111
it no: 513 f_tot= 16142697874.1801 f_lik= 1928.348048727853 f_dc (1e6)= 16142.69594583205 |g_lik|= 7780.064704893348 |g_dc|= 559.2857082993011
it no: 514 f_tot= 16141518944.995386 f_lik= 1912.9447470964703 f_dc (1e6)= 16141.517032050639 |g_lik|= 7273.235729616854 |g_dc|= 559.2710250008174
it no: 515 f_tot= 16140433228.189499 f_lik= 1912.520881294977 f_dc (1e6)= 16140.431315668617 |g_lik|= 7156.825177276498 |g_dc|= 559.2576900545937
it no: 516 f_tot= 16139451954.401077 f_lik= 1940.3364133762177 f_dc (1e6)= 16139.450014064665 |g_lik|= 6627.072038959357 |g_dc|= 559.245844244604
f_dc (1e6): 16151.093344871299  perc: 352.4898379418015
it no: 520 f_tot= 16153158328.349466 f_lik= 1996.507690904254 f_dc (1e6)= 16153.156331841776 |g_lik|= 14431.539730132934 |g_dc|= 559.4231488256879
it no: 521 f_tot= 16151036742.296259 f_lik= 1990.7893974744707 f_dc (1e6)= 16151.03475150686 |g_lik|= 11245.197890887714 |g_dc|= 559.3947148870411
it no: 522 f_tot= 16148804572.803059 f_lik= 1960.2836464255197 f_dc (1e6)= 16148.802612519414 |g_lik|= 10533.659710618613 |g_dc|= 559.3638037231296
it no: 523 f_tot= 16146960147.474993 f_lik= 1977.8144435789472 f_dc (1e6)= 16146.95816966055 |g_lik|= 9029.13770933671 |g_dc|= 559.3392521362023
it no: 524 f_tot= 16145312430.969711 f_lik= 1942.6854073951358 f_dc (1e6)= 16145.310488284304 |g_lik|= 8907.822801781846 |g_dc|= 559.317936289337
it no: 525 f_tot= 16143920696.082544 f_lik= 1942.0688332257953 f_dc (1e6)= 16143.918754013712 |g_lik|= 8331.583304874484 |g_dc|= 559.3004751620168
it no: 526 f_tot= 16142706030.747122 f_lik= 1921.6524386415028 f_dc (1e6)= 16142.704109094682 |g_lik|= 7477.773859840143 |g_dc|= 559.2856754078392
it no: 527 f_tot= 16141593784.49426 f_lik= 1916.3526374598912 f_dc (1e6)= 16141.591868141622 |g_lik|= 7340.4491179043725 |g_dc|= 559.2722077538489
it no: 528 f_tot= 16140469054.280922 f_lik= 1938.109631333124 f_dc (1e6)= 16140.467116171292 |g_lik|= 6947.789797330658 |g_dc|= 559.2582431952932
it no: 529 f_tot= 16139460606.579195 f_lik= 1899.8795699491955 f_dc (1e6)= 16139.458706699625 |g_lik|= 6434.592097249687 |g_dc|= 559.2458881280144
f_dc (1e6): 16151.03475150686  perc: 352.4885591698265
it no: 533 f_tot= 16153262013.506014 f_lik= 1995.15494762239 f_dc (1e6)= 16153.260018351066 |g_lik|= 14419.687378092043 |g_dc|= 559.4251587390637
it no: 534 f_tot= 16151134417.89874 f_lik= 1974.9559709033513 f_dc (1e6)= 16151.13244294277 |g_lik|= 11097.10099936896 |g_dc|= 559.396608355259
it no: 535 f_tot= 16148877416.511023 f_lik= 1962.5179886336555 f_dc (1e6)= 16148.875453993034 |g_lik|= 10552.056662790428 |g_dc|= 559.3652606680214
it no: 536 f_tot= 16147027783.482801 f_lik= 1983.578791902633 f_dc (1e6)= 16147.02579990401 |g_lik|= 9591.601118493265 |g_dc|= 559.340612390809
it no: 537 f_tot= 16145350835.222252 f_lik= 1952.7363461049397 f_dc (1e6)= 16145.348882485907 |g_lik|= 8389.286198821306 |g_dc|= 559.3188078702132
it no: 538 f_tot= 16143853340.103209 f_lik= 1920.8908728935605 f_dc (1e6)= 16143.851419212335 |g_lik|= 7996.103589043942 |g_dc|= 559.2994867564881
it no: 539 f_tot= 16142576014.885555 f_lik= 1917.043410938808 f_dc (1e6)= 16142.574097842144 |g_lik|= 7736.123777335103 |g_dc|= 559.2835826904659
it no: 540 f_tot= 16141451113.78216 f_lik= 1929.0401964932396 f_dc (1e6)= 16141.449184741963 |g_lik|= 7330.0453308650185 |g_dc|= 559.2698296271209
it no: 541 f_tot= 16140318786.715326 f_lik= 1941.5748432486398 f_dc (1e6)= 16140.316845140484 |g_lik|= 6956.04024204996 |g_dc|= 559.2557290889191
it no: 542 f_tot= 16139354386.437403 f_lik= 1901.963951893761 f_dc (1e6)= 16139.352484473451 |g_lik|= 6699.314278954931 |g_dc|= 559.2441448339749
f_dc (1e6): 16151.13244294277  perc: 352.49069123839155
it no: 546 f_tot= 16153166072.046072 f_lik= 1997.0426792794183 f_dc (1e6)= 16153.164075003393 |g_lik|= 14462.508017247079 |g_dc|= 559.4233052040055
it no: 547 f_tot= 16150967042.16187 f_lik= 1990.7285679031554 f_dc (1e6)= 16150.965051433303 |g_lik|= 11127.19601844245 |g_dc|= 559.3935155101759
it no: 548 f_tot= 16148660731.95744 f_lik= 1968.3589245006017 f_dc (1e6)= 16148.658763598514 |g_lik|= 10307.027091459271 |g_dc|= 559.3613002328585
it no: 549 f_tot= 16146755386.641705 f_lik= 1960.1449233224846 f_dc (1e6)= 16146.75342649678 |g_lik|= 9224.273493551433 |g_dc|= 559.3357437688614
it no: 550 f_tot= 16145031247.25446 f_lik= 1943.7709219433013 f_dc (1e6)= 16145.029303483538 |g_lik|= 9047.633884269702 |g_dc|= 559.3130890497471
it no: 551 f_tot= 16143680586.259075 f_lik= 1923.8765139979407 f_dc (1e6)= 16143.678662382561 |g_lik|= 8166.194684074671 |g_dc|= 559.2963464933069
it no: 552 f_tot= 16142346681.625849 f_lik= 1937.4101683462234 f_dc (1e6)= 16142.344744215681 |g_lik|= 7781.733386023354 |g_dc|= 559.2795037049182
it no: 553 f_tot= 16141116102.559631 f_lik= 1933.7471440796626 f_dc (1e6)= 16141.114168812486 |g_lik|= 7578.873227706485 |g_dc|= 559.263914798944
it no: 554 f_tot= 16140002516.861847 f_lik= 1940.047514368693 f_dc (1e6)= 16140.000576814333 |g_lik|= 7180.2650950575135 |g_dc|= 559.2501702530972
it no: 555 f_tot= 16139041351.213177 f_lik= 1915.413922210875 f_dc (1e6)= 16139.039435799255 |g_lik|= 6780.949371788916 |g_dc|= 559.2386075660589
f_dc (1e6): 16150.965051433303  perc: 352.4870379992711
it no: 559 f_tot= 16153267836.316805 f_lik= 1998.6303044419062 f_dc (1e6)= 16153.2658376865 |g_lik|= 14436.787997329768 |g_dc|= 559.425215974241
it no: 560 f_tot= 16151099054.147808 f_lik= 1991.0530771709623 f_dc (1e6)= 16151.09706309473 |g_lik|= 11057.195070613701 |g_dc|= 559.3959812841641
it no: 561 f_tot= 16148898420.043047 f_lik= 1978.4578310448783 f_dc (1e6)= 16148.896441585217 |g_lik|= 10161.549942666326 |g_dc|= 559.365618287086
it no: 562 f_tot= 16147052086.962254 f_lik= 1940.8073043823242 f_dc (1e6)= 16147.050146154948 |g_lik|= 9306.43486989496 |g_dc|= 559.3410292379237
it no: 563 f_tot= 16145421318.839796 f_lik= 1972.7792335324061 f_dc (1e6)= 16145.419346060562 |g_lik|= 9307.954720876789 |g_dc|= 559.3200203515446
it no: 564 f_tot= 16144046949.223154 f_lik= 1967.0194807397752 f_dc (1e6)= 16144.044982203672 |g_lik|= 8411.52765391599 |g_dc|= 559.3028478708683
it no: 565 f_tot= 16142720495.779451 f_lik= 1926.5122737121583 f_dc (1e6)= 16142.718569267177 |g_lik|= 7792.666435905556 |g_dc|= 559.2860824640712
it no: 566 f_tot= 16141571619.71765 f_lik= 1917.4789414433071 f_dc (1e6)= 16141.569702238708 |g_lik|= 7246.737808386881 |g_dc|= 559.2718873554284
it no: 567 f_tot= 16140490313.4673 f_lik= 1935.516098505656 f_dc (1e6)= 16140.488377951202 |g_lik|= 6884.109279995528 |g_dc|= 559.2586632614939
it no: 568 f_tot= 16139475323.891466 f_lik= 1923.8568869150254 f_dc (1e6)= 16139.473400034578 |g_lik|= 6590.554750776241 |g_dc|= 559.2462121945416
f_dc (1e6): 16151.09706309473  perc: 352.4899190902381
it no: 572 f_tot= 16153163161.103691 f_lik= 2015.482692778224 f_dc (1e6)= 16153.161145620998 |g_lik|= 14431.635428811052 |g_dc|= 559.4232558858207
it no: 573 f_tot= 16151029962.596794 f_lik= 1976.396447537967 f_dc (1e6)= 16151.027986200346 |g_lik|= 11133.385229710213 |g_dc|= 559.3946185392418
it no: 574 f_tot= 16148683561.465672 f_lik= 1995.4464293040548 f_dc (1e6)= 16148.68156601924 |g_lik|= 10392.184702197988 |g_dc|= 559.361692671026
it no: 575 f_tot= 16146836742.068535 f_lik= 1966.6674562072753 f_dc (1e6)= 16146.83477540108 |g_lik|= 9218.538819573661 |g_dc|= 559.3371168450598
it no: 576 f_tot= 16145174476.666714 f_lik= 1938.7282968103318 f_dc (1e6)= 16145.172537938417 |g_lik|= 8790.806371190374 |g_dc|= 559.3155762636497
it no: 577 f_tot= 16143768750.98836 f_lik= 1945.5940029761905 f_dc (1e6)= 16143.766805394356 |g_lik|= 8587.806367947393 |g_dc|= 559.2978271936344
it no: 578 f_tot= 16142434530.251217 f_lik= 1934.2340928250267 f_dc (1e6)= 16142.432596017125 |g_lik|= 7601.390002101912 |g_dc|= 559.2810095684333
it no: 579 f_tot= 16141244041.94284 f_lik= 1898.1456859484174 f_dc (1e6)= 16141.242143797155 |g_lik|= 7703.109272337558 |g_dc|= 559.2660909435183
it no: 580 f_tot= 16140086013.081318 f_lik= 1917.3294152350652 f_dc (1e6)= 16140.084095751903 |g_lik|= 7232.913691439651 |g_dc|= 559.2515985428731
it no: 581 f_tot= 16139109901.117807 f_lik= 1891.9160366276333 f_dc (1e6)= 16139.108009201771 |g_lik|= 6619.263248163651 |g_dc|= 559.239772740252
f_dc (1e6): 16151.027986200346  perc: 352.4884115202683
it no: 585 f_tot= 16153267795.200628 f_lik= 1993.1005917830694 f_dc (1e6)= 16153.265802100037 |g_lik|= 14391.484783475511 |g_dc|= 559.425249648435
it no: 586 f_tot= 16151080084.14973 f_lik= 1972.194530349005 f_dc (1e6)= 16151.0781119552 |g_lik|= 11079.525465032091 |g_dc|= 559.3956718496486
it no: 587 f_tot= 16148761926.679634 f_lik= 1939.714392024449 f_dc (1e6)= 16148.759986965242 |g_lik|= 10520.022828412943 |g_dc|= 559.3632416915244
it no: 588 f_tot= 16146876148.915539 f_lik= 1947.2720735981352 f_dc (1e6)= 16146.874201643464 |g_lik|= 9325.809490472357 |g_dc|= 559.3379703412736
it no: 589 f_tot= 16145241152.464718 f_lik= 1945.1028386143275 f_dc (1e6)= 16145.23920736188 |g_lik|= 8731.483314844292 |g_dc|= 559.3168647973123
it no: 590 f_tot= 16143796901.71889 f_lik= 1957.885437593006 f_dc (1e6)= 16143.794943833453 |g_lik|= 8548.976562814363 |g_dc|= 559.2985171700765
it no: 591 f_tot= 16142471397.305882 f_lik= 1943.7456400705519 f_dc (1e6)= 16142.469453560241 |g_lik|= 7800.908954183888 |g_dc|= 559.2817680903964
it no: 592 f_tot= 16141322550.633877 f_lik= 1917.8616552807036 f_dc (1e6)= 16141.32063277222 |g_lik|= 7755.358241280214 |g_dc|= 559.2676250832726
it no: 593 f_tot= 16140330744.158085 f_lik= 1944.4817021760487 f_dc (1e6)= 16140.328799676383 |g_lik|= 7240.819471825368 |g_dc|= 559.2559059143822
it no: 594 f_tot= 16139447929.280874 f_lik= 1916.2273114413306 f_dc (1e6)= 16139.446013053563 |g_lik|= 6726.545378618467 |g_dc|= 559.2457600563248
f_dc (1e6): 16151.0781119552  perc: 352.48950549074
it no: 598 f_tot= 16153167038.4984 f_lik= 1997.048076707749 f_dc (1e6)= 16153.165041450324 |g_lik|= 14471.636251116524 |g_dc|= 559.4233230134712
it no: 599 f_tot= 16150938556.66582 f_lik= 1995.4975349123138 f_dc (1e6)= 16150.936561168284 |g_lik|= 11133.25622449894 |g_dc|= 559.393044909897
it no: 600 f_tot= 16148614559.786644 f_lik= 1982.2606125865664 f_dc (1e6)= 16148.612577526032 |g_lik|= 10285.755536019815 |g_dc|= 559.3605366769355
it no: 601 f_tot= 16146674617.580856 f_lik= 1967.4450301011404 f_dc (1e6)= 16146.672650135826 |g_lik|= 9153.983260742381 |g_dc|= 559.3343658875116
it no: 602 f_tot= 16144988052.491169 f_lik= 1944.3950490620023 f_dc (1e6)= 16144.98610809612 |g_lik|= 8771.941127955757 |g_dc|= 559.3124023720753
it no: 603 f_tot= 16143581019.111532 f_lik= 1941.8595529737927 f_dc (1e6)= 16143.57907725198 |g_lik|= 8428.666277968343 |g_dc|= 559.294613832982
it no: 604 f_tot= 16142262531.94972 f_lik= 1932.5327477954684 f_dc (1e6)= 16142.260599416973 |g_lik|= 7907.145351867 |g_dc|= 559.2780251859069
it no: 605 f_tot= 16141111333.8135 f_lik= 1924.8780516161237 f_dc (1e6)= 16141.109408935448 |g_lik|= 7390.687455694163 |g_dc|= 559.2638120903842
it no: 606 f_tot= 16140026657.85122 f_lik= 1910.2382448941185 f_dc (1e6)= 16140.024747612973 |g_lik|= 7067.164428660221 |g_dc|= 559.2505388371721
it no: 607 f_tot= 16139085611.198975 f_lik= 1927.4894762779418 f_dc (1e6)= 16139.083683709498 |g_lik|= 6803.761728795069 |g_dc|= 559.2393830596826
f_dc (1e6): 16150.936561168284  perc: 352.4864162129508
('<<RECONSTRUCTION DONE>>', '     Subject: ', 'file_brain_AXFLAIR_200_6002462.h5', '     MSE = ', (0.008437720499560606+0j), '     SSIM = ', -1)
