('Under sample factor: ', 4)
FLAIR20201020-125121/jonatank_lat60_ns50_ps28_modalityFLAIR_step100000.ckpt
Read from existing sensmap pattern file
Read from existing u.s. pattern file
xxxxxxxxxxxxxxxxxxx contRec is 
xxxxxxxxxxxxxxxxxxx parfact is 25
---- Defining VAE
>>> lat_dim value: 60
>>> mode is: MRIunproc
2020-10-22 14:54:57.870354: I tensorflow/core/platform/cpu_feature_guard.cc:141] Your CPU supports instructions that this TensorFlow binary was not compiled to use: AVX2 FMA
2020-10-22 14:54:58.106541: I tensorflow/core/common_runtime/gpu/gpu_device.cc:1432] Found device 0 with properties: 
name: TITAN Xp major: 6 minor: 1 memoryClockRate(GHz): 1.582
pciBusID: 0000:04:00.0
totalMemory: 11.91GiB freeMemory: 11.76GiB
2020-10-22 14:54:58.106586: I tensorflow/core/common_runtime/gpu/gpu_device.cc:1511] Adding visible gpu devices: 0
2020-10-22 14:55:06.442201: I tensorflow/core/common_runtime/gpu/gpu_device.cc:982] Device interconnect StreamExecutor with strength 1 edge matrix:
2020-10-22 14:55:06.444474: I tensorflow/core/common_runtime/gpu/gpu_device.cc:988]      0 
2020-10-22 14:55:06.444494: I tensorflow/core/common_runtime/gpu/gpu_device.cc:1001] 0:   N 
2020-10-22 14:55:06.444802: I tensorflow/core/common_runtime/gpu/gpu_device.cc:1115] Created TensorFlow device (/job:localhost/replica:0/task:0/device:GPU:0 with 11376 MB memory) -> physical GPU (device: 0, name: TITAN Xp, pci bus id: 0000:04:00.0, compute capability: 6.1)
Initialized parameters
KCT-info: loaded the new model, trained fastmri
KCT-INFO: the gradients: 
Tensor("gradients_2/AddN_3:0", shape=(1250, 784), dtype=float32)
Tensor("gradients_3/Reshape_2_grad/Reshape:0", shape=(1250, 784), dtype=float32)
Tensor("gradients_4/Reshape_2_grad/Reshape:0", shape=(1250, 784), dtype=float32)
KCT-INFO: there will be in total 1035 patches.
contRec is 
it no: 0 f_tot= 16156858036.45631 f_lik= 2007.9635370068322 f_dc (1e6)= 16156.856028492773 |g_lik|= 26874.232092894672 |g_dc|= 559.3671346824336
it no: 1 f_tot= 16155866075.135712 f_lik= 1943.9227840042115 f_dc (1e6)= 16155.864131212928 |g_lik|= 17245.69052610506 |g_dc|= 559.3528795389664
it no: 2 f_tot= 16154462458.405462 f_lik= 1934.6999522188732 f_dc (1e6)= 16154.46052370551 |g_lik|= 14443.389633273237 |g_dc|= 559.3319406464698
it no: 3 f_tot= 16153012417.305109 f_lik= 1923.935018599828 f_dc (1e6)= 16153.010493370091 |g_lik|= 12299.49580179533 |g_dc|= 559.3101090173211
it no: 4 f_tot= 16151504816.98584 f_lik= 1919.8779151743934 f_dc (1e6)= 16151.502897107925 |g_lik|= 10675.072099347899 |g_dc|= 559.2872404312719
it no: 5 f_tot= 16149980624.43944 f_lik= 1895.9676294544765 f_dc (1e6)= 16149.97872847181 |g_lik|= 10692.804926731626 |g_dc|= 559.2640009782489
it no: 6 f_tot= 16148478986.952888 f_lik= 1900.3850673839024 f_dc (1e6)= 16148.477086567822 |g_lik|= 9485.674002781338 |g_dc|= 559.2410058984406
it no: 7 f_tot= 16146938131.789024 f_lik= 1897.9837707510449 f_dc (1e6)= 16146.936233805254 |g_lik|= 8913.244710222994 |g_dc|= 559.217216166386
it no: 8 f_tot= 16145423557.511036 f_lik= 1877.924255636306 f_dc (1e6)= 16145.42167958678 |g_lik|= 8669.822116199535 |g_dc|= 559.1938308714762
it no: 9 f_tot= 16143911100.590761 f_lik= 1877.2857512737455 f_dc (1e6)= 16143.90922330501 |g_lik|= 8865.145272784617 |g_dc|= 559.1703545047569
f_dc (1e6): 16155.864131212928  perc: 352.5939580572951
it no: 13 f_tot= 16152136109.954432 f_lik= 1984.5776922716414 f_dc (1e6)= 16152.134125376739 |g_lik|= 21535.14349726808 |g_dc|= 559.4595934698696
it no: 14 f_tot= 16150919864.021973 f_lik= 1933.3141791952223 f_dc (1e6)= 16150.917930707794 |g_lik|= 14698.373967171077 |g_dc|= 559.4415731946588
it no: 15 f_tot= 16149439359.31962 f_lik= 1930.6542465882073 f_dc (1e6)= 16149.437428665373 |g_lik|= 11166.226221442099 |g_dc|= 559.4192423923715
it no: 16 f_tot= 16147924356.876678 f_lik= 1881.8538492910068 f_dc (1e6)= 16147.92247502283 |g_lik|= 10386.91551535114 |g_dc|= 559.396239724853
it no: 17 f_tot= 16146343664.496904 f_lik= 1894.045259670076 f_dc (1e6)= 16146.341770451645 |g_lik|= 9936.068301229543 |g_dc|= 559.3720443271587
it no: 18 f_tot= 16144781627.600058 f_lik= 1887.0195329248338 f_dc (1e6)= 16144.779740580525 |g_lik|= 9505.280520602977 |g_dc|= 559.3480061262601
it no: 19 f_tot= 16143197175.778854 f_lik= 1899.8068124316987 f_dc (1e6)= 16143.195275972043 |g_lik|= 8514.194076258329 |g_dc|= 559.32359894385
it no: 20 f_tot= 16141641652.72644 f_lik= 1858.946876633962 f_dc (1e6)= 16141.639793779565 |g_lik|= 8591.137033553914 |g_dc|= 559.2994722330988
it no: 21 f_tot= 16140098306.655178 f_lik= 1856.6959862155006 f_dc (1e6)= 16140.096449959192 |g_lik|= 8343.18112950743 |g_dc|= 559.2754430557037
it no: 22 f_tot= 16138561843.158363 f_lik= 1846.1862185185296 f_dc (1e6)= 16138.559996972144 |g_lik|= 7611.364677497012 |g_dc|= 559.2514169335566
f_dc (1e6): 16150.917930707794  perc: 352.4860096121184
it no: 26 f_tot= 16153863497.713188 f_lik= 1973.8587534123376 f_dc (1e6)= 16153.861523854435 |g_lik|= 23167.654550841875 |g_dc|= 559.4213676041239
it no: 27 f_tot= 16152659167.46092 f_lik= 1933.5914188534873 f_dc (1e6)= 16152.6572338695 |g_lik|= 14892.020577733374 |g_dc|= 559.4035071451808
it no: 28 f_tot= 16151165310.813288 f_lik= 1902.0501932870775 f_dc (1e6)= 16151.163408763094 |g_lik|= 12179.42034303558 |g_dc|= 559.3809684884005
it no: 29 f_tot= 16149635231.356022 f_lik= 1876.291989107586 f_dc (1e6)= 16149.633355064034 |g_lik|= 10569.941687650326 |g_dc|= 559.3576930608263
it no: 30 f_tot= 16148076195.463924 f_lik= 1940.0818646630787 f_dc (1e6)= 16148.074255382058 |g_lik|= 9685.652088698154 |g_dc|= 559.3338207257796
it no: 31 f_tot= 16146525139.261063 f_lik= 1904.9253642997287 f_dc (1e6)= 16146.523234335698 |g_lik|= 8997.846554239382 |g_dc|= 559.3099819197671
it no: 32 f_tot= 16144971777.493174 f_lik= 1875.5509017353966 f_dc (1e6)= 16144.969901942271 |g_lik|= 9028.543481353076 |g_dc|= 559.2859796014266
it no: 33 f_tot= 16143429949.849993 f_lik= 1886.9591614623296 f_dc (1e6)= 16143.428062890831 |g_lik|= 7917.4836394368895 |g_dc|= 559.2620749885222
it no: 34 f_tot= 16141898946.452587 f_lik= 1860.0489134261722 f_dc (1e6)= 16141.897086403673 |g_lik|= 7886.442410877033 |g_dc|= 559.2382354901252
it no: 35 f_tot= 16140385081.31291 f_lik= 1864.084962745848 f_dc (1e6)= 16140.383217227947 |g_lik|= 7686.338517782131 |g_dc|= 559.2145884244989
f_dc (1e6): 16152.6572338695  perc: 352.5239690664111
it no: 39 f_tot= 16151780015.760134 f_lik= 1986.1182780329386 f_dc (1e6)= 16151.778029641855 |g_lik|= 21098.224655665603 |g_dc|= 559.4179187744514
it no: 40 f_tot= 16150553570.001911 f_lik= 1944.6232915346964 f_dc (1e6)= 16150.55162537862 |g_lik|= 15052.147521079527 |g_dc|= 559.3998885914214
it no: 41 f_tot= 16149075387.566805 f_lik= 1951.6346530541919 f_dc (1e6)= 16149.073435932152 |g_lik|= 11599.217470555823 |g_dc|= 559.3776157952896
it no: 42 f_tot= 16147535580.060509 f_lik= 1889.640876837231 f_dc (1e6)= 16147.533690419632 |g_lik|= 10596.190574969232 |g_dc|= 559.3543288531979
it no: 43 f_tot= 16145973481.887043 f_lik= 1907.281362320128 f_dc (1e6)= 16145.97157460568 |g_lik|= 9910.31618164798 |g_dc|= 559.3305391806688
it no: 44 f_tot= 16144423871.13748 f_lik= 1865.9226545102256 f_dc (1e6)= 16144.422005214825 |g_lik|= 9210.043561071872 |g_dc|= 559.3068564474634
it no: 45 f_tot= 16142854237.954336 f_lik= 1872.8855411920094 f_dc (1e6)= 16142.852365068795 |g_lik|= 9923.867669349318 |g_dc|= 559.2826788328765
it no: 46 f_tot= 16141307624.900682 f_lik= 1884.881364319211 f_dc (1e6)= 16141.305740019317 |g_lik|= 8930.235097413777 |g_dc|= 559.258826625369
it no: 47 f_tot= 16139751185.51681 f_lik= 1888.3330445743743 f_dc (1e6)= 16139.749297183766 |g_lik|= 8520.389863246706 |g_dc|= 559.2346943029119
it no: 48 f_tot= 16138236642.521976 f_lik= 1855.4072947438558 f_dc (1e6)= 16138.234787114681 |g_lik|= 8293.141382854032 |g_dc|= 559.2111583440816
f_dc (1e6): 16150.55162537862  perc: 352.47801517462983
it no: 52 f_tot= 16152728510.864359 f_lik= 1947.9855198006403 f_dc (1e6)= 16152.72656287884 |g_lik|= 19377.350764481318 |g_dc|= 559.417304469353
it no: 53 f_tot= 16151472134.64262 f_lik= 1938.0731048892794 f_dc (1e6)= 16151.470196569515 |g_lik|= 14269.592377822653 |g_dc|= 559.3987362180567
it no: 54 f_tot= 16149987459.87432 f_lik= 1924.0345713455335 f_dc (1e6)= 16149.985535839749 |g_lik|= 12312.15330742384 |g_dc|= 559.3763079341737
it no: 55 f_tot= 16148454539.347128 f_lik= 1907.7421157297067 f_dc (1e6)= 16148.452631605012 |g_lik|= 10757.062696002047 |g_dc|= 559.3529861710916
it no: 56 f_tot= 16146906824.967316 f_lik= 1909.5184329391661 f_dc (1e6)= 16146.904915448884 |g_lik|= 9635.039601214183 |g_dc|= 559.3292795044756
it no: 57 f_tot= 16145342974.60972 f_lik= 1872.9377743416742 f_dc (1e6)= 16145.341101671946 |g_lik|= 9097.378284605538 |g_dc|= 559.3052667935702
it no: 58 f_tot= 16143783737.905872 f_lik= 1899.9770935653505 f_dc (1e6)= 16143.78183792878 |g_lik|= 8526.625726286773 |g_dc|= 559.2811416932353
it no: 59 f_tot= 16142228567.282383 f_lik= 1865.8752075224263 f_dc (1e6)= 16142.226701407175 |g_lik|= 7831.170323460547 |g_dc|= 559.2570370154672
it no: 60 f_tot= 16140683714.744143 f_lik= 1843.2569815281458 f_dc (1e6)= 16140.681871487162 |g_lik|= 8867.880764356367 |g_dc|= 559.2329578985175
it no: 61 f_tot= 16139158715.973028 f_lik= 1857.6928830342065 f_dc (1e6)= 16139.156858280146 |g_lik|= 7603.282622318904 |g_dc|= 559.2091770940021
f_dc (1e6): 16151.470196569515  perc: 352.49806254871794
it no: 65 f_tot= 16152141604.50152 f_lik= 1946.8264709854127 f_dc (1e6)= 16152.139657675049 |g_lik|= 20651.803568912655 |g_dc|= 559.4167655216365
it no: 66 f_tot= 16150901364.254354 f_lik= 1959.6412723318736 f_dc (1e6)= 16150.899404613083 |g_lik|= 13709.502079494887 |g_dc|= 559.3984967172663
it no: 67 f_tot= 16149419184.586365 f_lik= 1954.5833168291372 f_dc (1e6)= 16149.417230003048 |g_lik|= 11305.89220797263 |g_dc|= 559.3761444803135
it no: 68 f_tot= 16147891499.567327 f_lik= 1879.6876347260247 f_dc (1e6)= 16147.889619879692 |g_lik|= 10041.601394970148 |g_dc|= 559.353000371849
it no: 69 f_tot= 16146340160.45732 f_lik= 1874.5055429404122 f_dc (1e6)= 16146.338285951777 |g_lik|= 9970.548480993652 |g_dc|= 559.3293774885785
it no: 70 f_tot= 16144781798.778002 f_lik= 1876.9450784683227 f_dc (1e6)= 16144.779921832924 |g_lik|= 9182.260164935276 |g_dc|= 559.3055374498479
it no: 71 f_tot= 16143236010.784761 f_lik= 1884.0835858955838 f_dc (1e6)= 16143.234126701176 |g_lik|= 9351.535069060894 |g_dc|= 559.281736830766
it no: 72 f_tot= 16141693613.060253 f_lik= 1871.3308248896826 f_dc (1e6)= 16141.691741729428 |g_lik|= 8069.621028799414 |g_dc|= 559.2579177363463
it no: 73 f_tot= 16140144400.099455 f_lik= 1866.1236497664452 f_dc (1e6)= 16140.142533975806 |g_lik|= 7779.866588375062 |g_dc|= 559.2338994882717
it no: 74 f_tot= 16138618537.574572 f_lik= 1872.728385438919 f_dc (1e6)= 16138.616664846186 |g_lik|= 7884.060366413872 |g_dc|= 559.2101562929613
f_dc (1e6): 16150.899404613083  perc: 352.48560528901885
it no: 78 f_tot= 16152489001.888187 f_lik= 1974.1047922879175 f_dc (1e6)= 16152.487027783396 |g_lik|= 20321.85053877659 |g_dc|= 559.416994381196
it no: 79 f_tot= 16151219769.29444 f_lik= 1968.0844422254108 f_dc (1e6)= 16151.217801209998 |g_lik|= 14833.017764893575 |g_dc|= 559.3981250535876
it no: 80 f_tot= 16149748740.488281 f_lik= 1918.040403693063 f_dc (1e6)= 16149.746822447878 |g_lik|= 11972.745944149548 |g_dc|= 559.3759060842846
it no: 81 f_tot= 16148226907.462206 f_lik= 1903.7125187092736 f_dc (1e6)= 16148.225003749687 |g_lik|= 10456.51459327633 |g_dc|= 559.3527479589291
it no: 82 f_tot= 16146665115.532087 f_lik= 1915.9745533934095 f_dc (1e6)= 16146.663199557534 |g_lik|= 9012.727826386244 |g_dc|= 559.3288212040956
it no: 83 f_tot= 16145111533.598225 f_lik= 1877.7324619218282 f_dc (1e6)= 16145.109655865763 |g_lik|= 8769.535655880922 |g_dc|= 559.304953718371
it no: 84 f_tot= 16143542382.773823 f_lik= 1887.6587802154677 f_dc (1e6)= 16143.540495115041 |g_lik|= 8464.274907106306 |g_dc|= 559.2807139080946
it no: 85 f_tot= 16141991660.658518 f_lik= 1873.8664082345508 f_dc (1e6)= 16141.98978679211 |g_lik|= 8611.50543484844 |g_dc|= 559.2566883029743
it no: 86 f_tot= 16140440855.384846 f_lik= 1881.7776367387316 f_dc (1e6)= 16140.438973607208 |g_lik|= 7803.339702123459 |g_dc|= 559.2325495179402
it no: 87 f_tot= 16138926234.822311 f_lik= 1862.5795236460367 f_dc (1e6)= 16138.92437224279 |g_lik|= 7195.516608461822 |g_dc|= 559.2089216516738
f_dc (1e6): 16151.217801209998  perc: 352.49255414148666
it no: 91 f_tot= 16152265076.396515 f_lik= 1990.2940641775585 f_dc (1e6)= 16152.263086102452 |g_lik|= 21931.786982617934 |g_dc|= 559.4167164855361
it no: 92 f_tot= 16151040741.029024 f_lik= 1930.5433862322852 f_dc (1e6)= 16151.038810485637 |g_lik|= 13920.85761176924 |g_dc|= 559.3985949099638
it no: 93 f_tot= 16149570821.927723 f_lik= 1920.648112150828 f_dc (1e6)= 16149.568901279612 |g_lik|= 10901.006552760899 |g_dc|= 559.3764657135673
it no: 94 f_tot= 16148045403.637815 f_lik= 1909.1161245409648 f_dc (1e6)= 16148.043494521691 |g_lik|= 10814.936336049474 |g_dc|= 559.3533550756166
it no: 95 f_tot= 16146479579.78567 f_lik= 1906.4126171802338 f_dc (1e6)= 16146.477673373052 |g_lik|= 10022.8500736648 |g_dc|= 559.3294690666564
it no: 96 f_tot= 16144930196.872446 f_lik= 1908.1589043771653 f_dc (1e6)= 16144.928288713541 |g_lik|= 8708.211840480573 |g_dc|= 559.3057108847534
it no: 97 f_tot= 16143355769.167112 f_lik= 1877.0610183234442 f_dc (1e6)= 16143.353892106094 |g_lik|= 8263.175178756705 |g_dc|= 559.2815036112296
it no: 98 f_tot= 16141811619.674389 f_lik= 1871.3489262251626 f_dc (1e6)= 16141.809748325462 |g_lik|= 8313.446058233356 |g_dc|= 559.2576433401936
it no: 99 f_tot= 16140274158.59268 f_lik= 1886.0463330609457 f_dc (1e6)= 16140.272272546346 |g_lik|= 8050.565410329799 |g_dc|= 559.2337593602678
it no: 100 f_tot= 16138744158.170996 f_lik= 1861.8997161525772 f_dc (1e6)= 16138.74229627128 |g_lik|= 7489.829687747733 |g_dc|= 559.2099552582491
f_dc (1e6): 16151.038810485637  perc: 352.4886477550845
it no: 104 f_tot= 16152414010.395462 f_lik= 1979.7701141793386 f_dc (1e6)= 16152.412030625346 |g_lik|= 21247.176840970096 |g_dc|= 559.4168071767731
it no: 105 f_tot= 16151146916.41786 f_lik= 1957.4064108352718 f_dc (1e6)= 16151.14495901145 |g_lik|= 14219.548790210878 |g_dc|= 559.3980104004582
it no: 106 f_tot= 16149667879.975235 f_lik= 1920.2474911919094 f_dc (1e6)= 16149.665959727743 |g_lik|= 12336.45746140763 |g_dc|= 559.3756610205371
it no: 107 f_tot= 16148134294.874033 f_lik= 1929.6743492162796 f_dc (1e6)= 16148.132365199685 |g_lik|= 10671.40394200333 |g_dc|= 559.3523365701001
it no: 108 f_tot= 16146579102.22945 f_lik= 1906.2478245035807 f_dc (1e6)= 16146.577195981627 |g_lik|= 9877.340636289879 |g_dc|= 559.3285391268639
it no: 109 f_tot= 16145015547.50005 f_lik= 1898.6899243164062 f_dc (1e6)= 16145.013648810125 |g_lik|= 8959.569459766923 |g_dc|= 559.304476580483
it no: 110 f_tot= 16143458860.57284 f_lik= 1882.7287965908504 f_dc (1e6)= 16143.456977844044 |g_lik|= 8709.811753626416 |g_dc|= 559.2804551605309
it no: 111 f_tot= 16141902047.121159 f_lik= 1880.6910238756452 f_dc (1e6)= 16141.900166430134 |g_lik|= 8501.13434100634 |g_dc|= 559.2563180851431
it no: 112 f_tot= 16140359568.160551 f_lik= 1872.3541921570188 f_dc (1e6)= 16140.357695806359 |g_lik|= 7972.94038841613 |g_dc|= 559.2322900950406
it no: 113 f_tot= 16138837124.436644 f_lik= 1877.074102573849 f_dc (1e6)= 16138.835247362542 |g_lik|= 7633.245076104793 |g_dc|= 559.208558758601
f_dc (1e6): 16151.14495901145  perc: 352.49096439556587
it no: 117 f_tot= 16152314848.624504 f_lik= 1980.7328205008735 f_dc (1e6)= 16152.312867891684 |g_lik|= 19991.689596751337 |g_dc|= 559.4168307557796
it no: 118 f_tot= 16151076586.953344 f_lik= 1950.7190721248446 f_dc (1e6)= 16151.074636234272 |g_lik|= 13545.243923308763 |g_dc|= 559.3985632571754
it no: 119 f_tot= 16149604087.335213 f_lik= 1927.9732303510393 f_dc (1e6)= 16149.602159361983 |g_lik|= 13035.611255533353 |g_dc|= 559.3764054605709
it no: 120 f_tot= 16148070087.37778 f_lik= 1925.9367707638514 f_dc (1e6)= 16148.06816144101 |g_lik|= 9825.381219985597 |g_dc|= 559.3530882096661
it no: 121 f_tot= 16146511205.682516 f_lik= 1890.3826697326842 f_dc (1e6)= 16146.509315299847 |g_lik|= 9401.571828832575 |g_dc|= 559.3292958415852
it no: 122 f_tot= 16144948830.039463 f_lik= 1906.0445674423945 f_dc (1e6)= 16144.946923994896 |g_lik|= 9357.20631689841 |g_dc|= 559.305419032234
it no: 123 f_tot= 16143392104.129568 f_lik= 1861.5435174991687 f_dc (1e6)= 16143.39024258605 |g_lik|= 8413.661728726043 |g_dc|= 559.2814485536373
it no: 124 f_tot= 16141849080.334185 f_lik= 1877.691341693515 f_dc (1e6)= 16141.847202642843 |g_lik|= 8230.90507036057 |g_dc|= 559.2576052581057
it no: 125 f_tot= 16140302544.945324 f_lik= 1859.765992418925 f_dc (1e6)= 16140.30068517933 |g_lik|= 8072.794469510274 |g_dc|= 559.2335969045201
it no: 126 f_tot= 16138786074.534035 f_lik= 1845.0549291540328 f_dc (1e6)= 16138.784229479104 |g_lik|= 7848.431122537814 |g_dc|= 559.2099970655939
f_dc (1e6): 16151.074636234272  perc: 352.48942963480374
it no: 130 f_tot= 16152386076.022472 f_lik= 1982.7095076847077 f_dc (1e6)= 16152.384093312965 |g_lik|= 19859.87562960118 |g_dc|= 559.4167650217096
it no: 131 f_tot= 16151140211.846943 f_lik= 1949.8973590442113 f_dc (1e6)= 16151.138261949583 |g_lik|= 14269.5179204011 |g_dc|= 559.398344405334
it no: 132 f_tot= 16149637016.111748 f_lik= 1925.8410209887368 f_dc (1e6)= 16149.635090270727 |g_lik|= 11167.85389280904 |g_dc|= 559.3755861693603
it no: 133 f_tot= 16148110765.561716 f_lik= 1902.8583683540708 f_dc (1e6)= 16148.108862703348 |g_lik|= 10027.650845254333 |g_dc|= 559.3524172254673
it no: 134 f_tot= 16146554314.817104 f_lik= 1891.2770533625285 f_dc (1e6)= 16146.55242354005 |g_lik|= 9550.526108286369 |g_dc|= 559.3285572403045
it no: 135 f_tot= 16144998762.65807 f_lik= 1907.7023329289755 f_dc (1e6)= 16144.996854955736 |g_lik|= 8785.239676679426 |g_dc|= 559.3046791707399
it no: 136 f_tot= 16143431525.076872 f_lik= 1887.2364614025753 f_dc (1e6)= 16143.42963784041 |g_lik|= 8395.320474891461 |g_dc|= 559.2804860660716
it no: 137 f_tot= 16141880621.168047 f_lik= 1900.0874677903312 f_dc (1e6)= 16141.87872108058 |g_lik|= 8040.565557802769 |g_dc|= 559.256476857531
it no: 138 f_tot= 16140340990.737356 f_lik= 1854.8274114536105 f_dc (1e6)= 16140.339135909944 |g_lik|= 7695.820631832087 |g_dc|= 559.2325165008104
it no: 139 f_tot= 16138818521.549717 f_lik= 1864.4069545618693 f_dc (1e6)= 16138.816657142763 |g_lik|= 7590.998266382535 |g_dc|= 559.2087452940247
f_dc (1e6): 16151.138261949583  perc: 352.4908182354142
it no: 143 f_tot= 16152325193.73598 f_lik= 1997.3578611224038 f_dc (1e6)= 16152.323196378118 |g_lik|= 19622.722455166244 |g_dc|= 559.4167692140658
it no: 144 f_tot= 16151092469.142603 f_lik= 1928.8967465318951 f_dc (1e6)= 16151.090540245857 |g_lik|= 14509.411296545653 |g_dc|= 559.398579594654
it no: 145 f_tot= 16149617141.048582 f_lik= 1936.0431698762802 f_dc (1e6)= 16149.615205005413 |g_lik|= 10857.709711652267 |g_dc|= 559.3763546266741
it no: 146 f_tot= 16148095325.319462 f_lik= 1928.9602843320938 f_dc (1e6)= 16148.093396359176 |g_lik|= 9824.136991470548 |g_dc|= 559.3533025034537
it no: 147 f_tot= 16146536453.343676 f_lik= 1913.1300763402667 f_dc (1e6)= 16146.5345402136 |g_lik|= 9517.447511597813 |g_dc|= 559.3295329905905
it no: 148 f_tot= 16144980987.4965 f_lik= 1896.861928331114 f_dc (1e6)= 16144.979090634572 |g_lik|= 8645.281955623203 |g_dc|= 559.3056829026207
it no: 149 f_tot= 16143424141.73067 f_lik= 1874.9935930474599 f_dc (1e6)= 16143.422266737078 |g_lik|= 8301.485805255783 |g_dc|= 559.2816760610947
it no: 150 f_tot= 16141882192.917261 f_lik= 1869.936698841992 f_dc (1e6)= 16141.880322980562 |g_lik|= 7720.675676817652 |g_dc|= 559.2578676883826
it no: 151 f_tot= 16140343254.88182 f_lik= 1875.9057487851098 f_dc (1e6)= 16140.341378976073 |g_lik|= 7707.73473976127 |g_dc|= 559.2339731204646
it no: 152 f_tot= 16138807902.02133 f_lik= 1847.0132011279607 f_dc (1e6)= 16138.80605500813 |g_lik|= 7295.087335550679 |g_dc|= 559.2100825939332
f_dc (1e6): 16151.090540245857  perc: 352.4897767322012
it no: 156 f_tot= 16152363979.881508 f_lik= 1971.6286458950951 f_dc (1e6)= 16152.362008252863 |g_lik|= 19482.412801158633 |g_dc|= 559.4165947795951
it no: 157 f_tot= 16151123544.526829 f_lik= 1935.560203089033 f_dc (1e6)= 16151.121608966625 |g_lik|= 13427.544591763839 |g_dc|= 559.3982509944797
it no: 158 f_tot= 16149640885.138462 f_lik= 1918.6525488462903 f_dc (1e6)= 16149.638966485913 |g_lik|= 11119.22014441545 |g_dc|= 559.3758412925981
it no: 159 f_tot= 16148091216.781315 f_lik= 1917.5391438397908 f_dc (1e6)= 16148.08929924217 |g_lik|= 10038.6490432841 |g_dc|= 559.3522666217864
it no: 160 f_tot= 16146522999.592712 f_lik= 1917.257552759023 f_dc (1e6)= 16146.521082335159 |g_lik|= 9546.384900514377 |g_dc|= 559.3282539360159
it no: 161 f_tot= 16144962089.558573 f_lik= 1902.273763543992 f_dc (1e6)= 16144.960187284809 |g_lik|= 9010.96828458642 |g_dc|= 559.304286351261
it no: 162 f_tot= 16143403298.83663 f_lik= 1859.755270002683 f_dc (1e6)= 16143.401439081359 |g_lik|= 9245.784882134198 |g_dc|= 559.2802158272664
it no: 163 f_tot= 16141838558.655928 f_lik= 1884.634150532995 f_dc (1e6)= 16141.836674021777 |g_lik|= 8707.158330456918 |g_dc|= 559.2559361597283
it no: 164 f_tot= 16140306813.182749 f_lik= 1862.0870542726063 f_dc (1e6)= 16140.304951095693 |g_lik|= 8155.424577035733 |g_dc|= 559.2321217206038
it no: 165 f_tot= 16138778010.436924 f_lik= 1851.3344167014532 f_dc (1e6)= 16138.776159102506 |g_lik|= 8059.71258198254 |g_dc|= 559.2082695726899
f_dc (1e6): 16151.121608966625  perc: 352.4904547920771
it no: 169 f_tot= 16152326097.538391 f_lik= 2002.1991553243001 f_dc (1e6)= 16152.324095339236 |g_lik|= 20934.355616781275 |g_dc|= 559.4166455161475
it no: 170 f_tot= 16151128089.415413 f_lik= 1953.982049070483 f_dc (1e6)= 16151.126135433364 |g_lik|= 13618.947972950418 |g_dc|= 559.3989669847158
it no: 171 f_tot= 16149646587.388033 f_lik= 1935.969886361985 f_dc (1e6)= 16149.644651418146 |g_lik|= 11058.637235012462 |g_dc|= 559.3766855475255
it no: 172 f_tot= 16148125719.554733 f_lik= 1887.993789354506 f_dc (1e6)= 16148.123831560944 |g_lik|= 10140.832104146719 |g_dc|= 559.3536083144794
it no: 173 f_tot= 16146560283.739105 f_lik= 1925.6751515270414 f_dc (1e6)= 16146.558358063954 |g_lik|= 9987.304727930254 |g_dc|= 559.3297372165082
it no: 174 f_tot= 16144994047.4795 f_lik= 1889.606366127332 f_dc (1e6)= 16144.992157873136 |g_lik|= 9066.736697918419 |g_dc|= 559.3057027217791
it no: 175 f_tot= 16143432762.340366 f_lik= 1887.7691179017509 f_dc (1e6)= 16143.43087457125 |g_lik|= 8913.93041198257 |g_dc|= 559.2816439241617
it no: 176 f_tot= 16141887257.924578 f_lik= 1863.3206630606878 f_dc (1e6)= 16141.885394603914 |g_lik|= 8611.862988014898 |g_dc|= 559.2577410497759
it no: 177 f_tot= 16140347777.17005 f_lik= 1893.9885010174341 f_dc (1e6)= 16140.34588318155 |g_lik|= 8164.0905081031315 |g_dc|= 559.2338505620786
it no: 178 f_tot= 16138832336.838112 f_lik= 1868.4768963277907 f_dc (1e6)= 16138.830468361215 |g_lik|= 7562.48300102176 |g_dc|= 559.2102427039927
f_dc (1e6): 16151.126135433364  perc: 352.4905535800348
it no: 182 f_tot= 16152362152.644789 f_lik= 1986.1684754974501 f_dc (1e6)= 16152.360166476312 |g_lik|= 19466.745960948378 |g_dc|= 559.4166120800211
it no: 183 f_tot= 16151103761.375854 f_lik= 1948.2426221166338 f_dc (1e6)= 16151.101813133233 |g_lik|= 13616.775298433638 |g_dc|= 559.3980560142247
it no: 184 f_tot= 16149610898.391403 f_lik= 1899.7631135468255 f_dc (1e6)= 16149.60899862829 |g_lik|= 11484.667830625338 |g_dc|= 559.3754581738228
it no: 185 f_tot= 16148068047.794321 f_lik= 1907.3630344154722 f_dc (1e6)= 16148.066140431285 |g_lik|= 9754.687620081038 |g_dc|= 559.3519764135826
it no: 186 f_tot= 16146492134.915123 f_lik= 1894.3388961692083 f_dc (1e6)= 16146.490240576228 |g_lik|= 9289.873460330118 |g_dc|= 559.3278773772348
it no: 187 f_tot= 16144945041.057907 f_lik= 1906.2455601131348 f_dc (1e6)= 16144.943134812347 |g_lik|= 9306.480731481342 |g_dc|= 559.3041279730863
it no: 188 f_tot= 16143375616.404903 f_lik= 1862.9562763824918 f_dc (1e6)= 16143.373753448628 |g_lik|= 9777.87902992201 |g_dc|= 559.2798810574922
it no: 189 f_tot= 16141827232.79453 f_lik= 1852.4076129223051 f_dc (1e6)= 16141.825380386917 |g_lik|= 8209.349220679725 |g_dc|= 559.2558882977123
it no: 190 f_tot= 16140281085.488478 f_lik= 1869.725591965176 f_dc (1e6)= 16140.279215762886 |g_lik|= 8623.97778510798 |g_dc|= 559.2318512853747
it no: 191 f_tot= 16138743407.82443 f_lik= 1853.7020597999438 f_dc (1e6)= 16138.741554122369 |g_lik|= 8371.209884610402 |g_dc|= 559.207860804077
f_dc (1e6): 16151.101813133233  perc: 352.490022757542
it no: 195 f_tot= 16152350136.906574 f_lik= 1967.7374564016434 f_dc (1e6)= 16152.348169169118 |g_lik|= 19350.259424364078 |g_dc|= 559.4168968224308
it no: 196 f_tot= 16151089480.427366 f_lik= 1943.3929033451989 f_dc (1e6)= 16151.087537034462 |g_lik|= 14830.54065938034 |g_dc|= 559.3982913328875
it no: 197 f_tot= 16149612927.994154 f_lik= 1923.1296771964574 f_dc (1e6)= 16149.611004864477 |g_lik|= 12038.121235004219 |g_dc|= 559.3760084009516
it no: 198 f_tot= 16148082869.512877 f_lik= 1927.130554662205 f_dc (1e6)= 16148.080942382323 |g_lik|= 11655.320424854595 |g_dc|= 559.3527676989045
it no: 199 f_tot= 16146522982.23254 f_lik= 1879.7009882413772 f_dc (1e6)= 16146.521102531551 |g_lik|= 10103.794409410248 |g_dc|= 559.328993672023
it no: 200 f_tot= 16144961686.703426 f_lik= 1882.8165538860503 f_dc (1e6)= 16144.959803886873 |g_lik|= 10022.629970494494 |g_dc|= 559.3050628072598
it no: 201 f_tot= 16143401653.52117 f_lik= 1854.829293752398 f_dc (1e6)= 16143.399798691875 |g_lik|= 9455.757054438169 |g_dc|= 559.2809978702903
it no: 202 f_tot= 16141865071.314322 f_lik= 1871.8141891915457 f_dc (1e6)= 16141.863199500132 |g_lik|= 8866.067206138758 |g_dc|= 559.2572374436003
it no: 203 f_tot= 16140321092.74689 f_lik= 1878.0915029706557 f_dc (1e6)= 16140.319214655387 |g_lik|= 8567.744282164429 |g_dc|= 559.2332576168689
it no: 204 f_tot= 16138799486.60712 f_lik= 1856.6595215060597 f_dc (1e6)= 16138.7976299476 |g_lik|= 7562.140698083736 |g_dc|= 559.2095704602673
f_dc (1e6): 16151.087537034462  perc: 352.48971118855815
it no: 208 f_tot= 16152355391.929617 f_lik= 1989.3657470975604 f_dc (1e6)= 16152.35340256387 |g_lik|= 19561.82538019651 |g_dc|= 559.4165142992754
it no: 209 f_tot= 16151120177.502182 f_lik= 1961.3771998941331 f_dc (1e6)= 16151.118216124984 |g_lik|= 13394.727863790104 |g_dc|= 559.3982387267608
it no: 210 f_tot= 16149601577.098593 f_lik= 1912.7249694129398 f_dc (1e6)= 16149.599664373623 |g_lik|= 11792.875075446826 |g_dc|= 559.3753141604883
it no: 211 f_tot= 16148062599.80963 f_lik= 1915.5290252537955 f_dc (1e6)= 16148.060684280603 |g_lik|= 11946.570879152569 |g_dc|= 559.3518783104655
it no: 212 f_tot= 16146498491.83291 f_lik= 1892.7730898150944 f_dc (1e6)= 16146.49659905982 |g_lik|= 10372.049982472554 |g_dc|= 559.3279553280488
it no: 213 f_tot= 16144945693.309784 f_lik= 1875.6713168689182 f_dc (1e6)= 16144.943817638468 |g_lik|= 9020.16707413285 |g_dc|= 559.3040995878205
it no: 214 f_tot= 16143362116.306879 f_lik= 1865.9548687246868 f_dc (1e6)= 16143.36025035201 |g_lik|= 9192.980202619865 |g_dc|= 559.2796373088753
it no: 215 f_tot= 16141832509.92322 f_lik= 1866.8902699505147 f_dc (1e6)= 16141.83064303295 |g_lik|= 9326.411071596944 |g_dc|= 559.2559544132745
it no: 216 f_tot= 16140276524.053843 f_lik= 1886.512977031072 f_dc (1e6)= 16140.274637540864 |g_lik|= 7935.435143553763 |g_dc|= 559.2317478687818
it no: 217 f_tot= 16138744866.96873 f_lik= 1871.067427531197 f_dc (1e6)= 16138.742995901304 |g_lik|= 7681.477736922995 |g_dc|= 559.2078628617454
f_dc (1e6): 16151.118216124984  perc: 352.4903807449414
it no: 221 f_tot= 16152335561.853497 f_lik= 1943.7597165825252 f_dc (1e6)= 16152.33361809378 |g_lik|= 20103.20537892212 |g_dc|= 559.4166394707603
it no: 222 f_tot= 16151098697.881895 f_lik= 1949.834984178543 f_dc (1e6)= 16151.096748046912 |g_lik|= 13644.21852036407 |g_dc|= 559.3984101660344
it no: 223 f_tot= 16149618903.5123 f_lik= 1942.1774464271182 f_dc (1e6)= 16149.616961334854 |g_lik|= 12085.608560793778 |g_dc|= 559.3761017667009
it no: 224 f_tot= 16148077469.885542 f_lik= 1915.270964686303 f_dc (1e6)= 16148.075554614576 |g_lik|= 11010.627567529426 |g_dc|= 559.3526615536463
it no: 225 f_tot= 16146510798.474375 f_lik= 1907.486225340707 f_dc (1e6)= 16146.508890988149 |g_lik|= 10642.949970480631 |g_dc|= 559.3287901015206
it no: 226 f_tot= 16144959954.827816 f_lik= 1868.770005184696 f_dc (1e6)= 16144.958086057812 |g_lik|= 9455.262843849272 |g_dc|= 559.304962221235
it no: 227 f_tot= 16143388703.722578 f_lik= 1876.7246378309387 f_dc (1e6)= 16143.38682699794 |g_lik|= 9153.829303938977 |g_dc|= 559.2807726078014
it no: 228 f_tot= 16141844663.424124 f_lik= 1885.9019888941448 f_dc (1e6)= 16141.842777522135 |g_lik|= 9323.149315818591 |g_dc|= 559.2568874127021
it no: 229 f_tot= 16140292913.93289 f_lik= 1861.6945318072183 f_dc (1e6)= 16140.291052238357 |g_lik|= 7735.882975990437 |g_dc|= 559.2328060402132
it no: 230 f_tot= 16138771243.17338 f_lik= 1840.7399724810464 f_dc (1e6)= 16138.769402433407 |g_lik|= 7439.796416956257 |g_dc|= 559.2091567131926
f_dc (1e6): 16151.096748046912  perc: 352.48991221447113
it no: 234 f_tot= 16152359847.844006 f_lik= 1968.828851390112 f_dc (1e6)= 16152.357879015153 |g_lik|= 19834.182438445394 |g_dc|= 559.4166151016514
it no: 235 f_tot= 16151096746.787872 f_lik= 1953.0749607944488 f_dc (1e6)= 16151.094793712911 |g_lik|= 13532.387396145728 |g_dc|= 559.3979463124035
it no: 236 f_tot= 16149612040.16575 f_lik= 1920.2537289195968 f_dc (1e6)= 16149.610119912022 |g_lik|= 11359.738467471947 |g_dc|= 559.3754651173076
it no: 237 f_tot= 16148067241.500479 f_lik= 1903.4756106426603 f_dc (1e6)= 16148.065338024868 |g_lik|= 10197.031752942949 |g_dc|= 559.3519796239784
it no: 238 f_tot= 16146504880.779596 f_lik= 1901.1432723099845 f_dc (1e6)= 16146.502979636323 |g_lik|= 9518.481675448247 |g_dc|= 559.3280932561636
it no: 239 f_tot= 16144946239.184063 f_lik= 1879.0475318636213 f_dc (1e6)= 16144.944360136531 |g_lik|= 9372.917730014062 |g_dc|= 559.304176131874
it no: 240 f_tot= 16143378929.043346 f_lik= 1872.2202295757475 f_dc (1e6)= 16143.377056823116 |g_lik|= 8914.883821568967 |g_dc|= 559.2799435058413
it no: 241 f_tot= 16141819684.741365 f_lik= 1886.0303084982008 f_dc (1e6)= 16141.817798711058 |g_lik|= 8677.864733676477 |g_dc|= 559.2558146322976
it no: 242 f_tot= 16140260843.925907 f_lik= 1864.3423584193274 f_dc (1e6)= 16140.25897958355 |g_lik|= 8023.261124801648 |g_dc|= 559.2315342480914
it no: 243 f_tot= 16138734579.672455 f_lik= 1880.263089587802 f_dc (1e6)= 16138.732699409366 |g_lik|= 8137.775582092166 |g_dc|= 559.2077374272842
f_dc (1e6): 16151.094793712911  perc: 352.48986956207233
it no: 247 f_tot= 16152343834.090744 f_lik= 1983.613886280968 f_dc (1e6)= 16152.341850476858 |g_lik|= 21792.848659960942 |g_dc|= 559.4167502572167
it no: 248 f_tot= 16151129149.677465 f_lik= 1910.2399930704207 f_dc (1e6)= 16151.127239437474 |g_lik|= 12670.596736564044 |g_dc|= 559.3988046798979
it no: 249 f_tot= 16149643936.664436 f_lik= 1918.750010210673 f_dc (1e6)= 16149.642017914426 |g_lik|= 12579.8138855798 |g_dc|= 559.376428657146
it no: 250 f_tot= 16148123242.080828 f_lik= 1936.861667262486 f_dc (1e6)= 16148.12130521916 |g_lik|= 12045.90285756851 |g_dc|= 559.3533089218846
it no: 251 f_tot= 16146555483.008093 f_lik= 1908.9045437888872 f_dc (1e6)= 16146.55357410355 |g_lik|= 9643.237519595114 |g_dc|= 559.3293781892456
it no: 252 f_tot= 16144996261.330566 f_lik= 1885.2305560287407 f_dc (1e6)= 16144.99437610001 |g_lik|= 9255.66639129706 |g_dc|= 559.305481502846
it no: 253 f_tot= 16143429508.657043 f_lik= 1902.5484875960576 f_dc (1e6)= 16143.427606108557 |g_lik|= 9214.03896200006 |g_dc|= 559.2812973774978
it no: 254 f_tot= 16141878425.3007 f_lik= 1888.680536153884 f_dc (1e6)= 16141.876536620162 |g_lik|= 8691.577216379801 |g_dc|= 559.2573656802459
it no: 255 f_tot= 16140338915.46392 f_lik= 1886.8431160422733 f_dc (1e6)= 16140.337028620805 |g_lik|= 7747.983784867026 |g_dc|= 559.2333856660125
it no: 256 f_tot= 16138812606.449873 f_lik= 1854.9815730421883 f_dc (1e6)= 16138.8107514683 |g_lik|= 7660.166379450772 |g_dc|= 559.2096320236743
f_dc (1e6): 16151.127239437474  perc: 352.49057767439314
it no: 260 f_tot= 16152372610.377003 f_lik= 1982.5246815290905 f_dc (1e6)= 16152.370627852322 |g_lik|= 19139.541293201557 |g_dc|= 559.4168313960979
it no: 261 f_tot= 16151117259.084923 f_lik= 1912.8046763356526 f_dc (1e6)= 16151.115346280247 |g_lik|= 13925.682385365306 |g_dc|= 559.3983344733492
it no: 262 f_tot= 16149630675.146223 f_lik= 1946.2156819030217 f_dc (1e6)= 16149.628728930542 |g_lik|= 11468.64717072689 |g_dc|= 559.3758270036792
it no: 263 f_tot= 16148094433.805271 f_lik= 1928.3553227678935 f_dc (1e6)= 16148.09250544995 |g_lik|= 10527.295707029722 |g_dc|= 559.3524661155737
it no: 264 f_tot= 16146526953.75718 f_lik= 1902.3215619657153 f_dc (1e6)= 16146.525051435618 |g_lik|= 9374.671360378861 |g_dc|= 559.3285056373822
it no: 265 f_tot= 16144968422.2509 f_lik= 1897.9213367389498 f_dc (1e6)= 16144.966524329564 |g_lik|= 9129.235076702711 |g_dc|= 559.3045626012845
it no: 266 f_tot= 16143400402.110546 f_lik= 1884.5946927202315 f_dc (1e6)= 16143.398517515854 |g_lik|= 8503.090319338697 |g_dc|= 559.2803387381971
it no: 267 f_tot= 16141845022.542253 f_lik= 1848.332928076358 f_dc (1e6)= 16141.843174209325 |g_lik|= 8084.416925079564 |g_dc|= 559.2562442216265
it no: 268 f_tot= 16140298077.21867 f_lik= 1886.9693577884493 f_dc (1e6)= 16140.296190249312 |g_lik|= 8087.062349338181 |g_dc|= 559.2322198155936
it no: 269 f_tot= 16138775923.37901 f_lik= 1875.0935417956398 f_dc (1e6)= 16138.774048285468 |g_lik|= 7426.079420300394 |g_dc|= 559.2084723238099
f_dc (1e6): 16151.115346280247  perc: 352.4903181119614
it no: 273 f_tot= 16152347498.603247 f_lik= 1965.611793043954 f_dc (1e6)= 16152.345532991452 |g_lik|= 21149.954715836735 |g_dc|= 559.4168295554089
it no: 274 f_tot= 16151121254.644747 f_lik= 1939.3282270828884 f_dc (1e6)= 16151.119315316519 |g_lik|= 14474.65211138312 |g_dc|= 559.398621194419
it no: 275 f_tot= 16149642610.301975 f_lik= 1941.4100457938512 f_dc (1e6)= 16149.640668891929 |g_lik|= 11553.565846849666 |g_dc|= 559.3763513529913
it no: 276 f_tot= 16148104135.806692 f_lik= 1921.4432842663357 f_dc (1e6)= 16148.102214363407 |g_lik|= 10712.881533082651 |g_dc|= 559.3530005207556
it no: 277 f_tot= 16146550161.424467 f_lik= 1877.027849549339 f_dc (1e6)= 16146.548284396618 |g_lik|= 9168.889003522203 |g_dc|= 559.329295864751
it no: 278 f_tot= 16144971437.220514 f_lik= 1878.8534429740905 f_dc (1e6)= 16144.969558367071 |g_lik|= 8586.92933116395 |g_dc|= 559.305083241223
it no: 279 f_tot= 16143424981.234522 f_lik= 1882.6402337478455 f_dc (1e6)= 16143.423098594289 |g_lik|= 8482.92285467608 |g_dc|= 559.2812493133802
it no: 280 f_tot= 16141867759.922049 f_lik= 1852.4680532410032 f_dc (1e6)= 16141.865907453996 |g_lik|= 8027.622075843245 |g_dc|= 559.2571709163379
it no: 281 f_tot= 16140337059.803204 f_lik= 1876.743214438075 f_dc (1e6)= 16140.33518305999 |g_lik|= 8042.706232015857 |g_dc|= 559.2334463846407
it no: 282 f_tot= 16138800626.935425 f_lik= 1866.9253687566236 f_dc (1e6)= 16138.798760010055 |g_lik|= 7650.410554950026 |g_dc|= 559.2095089022331
f_dc (1e6): 16151.119315316519  perc: 352.49040473426754
it no: 286 f_tot= 16152357998.81715 f_lik= 1943.425014771961 f_dc (1e6)= 16152.356055392136 |g_lik|= 20185.286956230684 |g_dc|= 559.4166018044826
it no: 287 f_tot= 16151132094.971903 f_lik= 1949.8830203386033 f_dc (1e6)= 16151.130145088882 |g_lik|= 13894.56721426093 |g_dc|= 559.3984976690074
it no: 288 f_tot= 16149622832.447374 f_lik= 1915.8502856211435 f_dc (1e6)= 16149.620916597089 |g_lik|= 11194.118514283424 |g_dc|= 559.3756706307717
it no: 289 f_tot= 16148098194.813374 f_lik= 1897.5008768771943 f_dc (1e6)= 16148.096297312497 |g_lik|= 10008.996643977305 |g_dc|= 559.3525151467929
it no: 290 f_tot= 16146536470.349974 f_lik= 1880.6353385711852 f_dc (1e6)= 16146.534589714636 |g_lik|= 9594.829765302116 |g_dc|= 559.3286152665374
it no: 291 f_tot= 16144981650.960384 f_lik= 1887.220315239997 f_dc (1e6)= 16144.979763740068 |g_lik|= 8927.384080718846 |g_dc|= 559.3047513198716
it no: 292 f_tot= 16143409736.239702 f_lik= 1869.868931409745 f_dc (1e6)= 16143.407866370771 |g_lik|= 8029.757503711517 |g_dc|= 559.2805074780546
it no: 293 f_tot= 16141865345.934433 f_lik= 1868.9150737871444 f_dc (1e6)= 16141.86347701936 |g_lik|= 7827.552087281394 |g_dc|= 559.2566056578313
it no: 294 f_tot= 16140306269.919258 f_lik= 1858.7958648999531 f_dc (1e6)= 16140.304411123394 |g_lik|= 8159.180982730084 |g_dc|= 559.2323677500619
it no: 295 f_tot= 16138778950.35553 f_lik= 1854.577224397205 f_dc (1e6)= 16138.777095778305 |g_lik|= 8033.376599651456 |g_dc|= 559.208531801378
f_dc (1e6): 16151.130145088882  perc: 352.49064108883647
it no: 299 f_tot= 16152351623.236818 f_lik= 1970.2960680608805 f_dc (1e6)= 16152.34965294075 |g_lik|= 20712.270064844255 |g_dc|= 559.416846538011
it no: 300 f_tot= 16151095570.026072 f_lik= 1953.1221795363654 f_dc (1e6)= 16151.093616903892 |g_lik|= 14594.641783483425 |g_dc|= 559.3982195940822
it no: 301 f_tot= 16149620264.86074 f_lik= 1905.2236434594222 f_dc (1e6)= 16149.618359637096 |g_lik|= 12164.812254857756 |g_dc|= 559.3759214230672
it no: 302 f_tot= 16148098456.531075 f_lik= 1970.6543545523143 f_dc (1e6)= 16148.09648587672 |g_lik|= 9961.857057103527 |g_dc|= 559.352851200324
it no: 303 f_tot= 16146554802.991095 f_lik= 1896.5942716176169 f_dc (1e6)= 16146.552906396824 |g_lik|= 9607.030688301531 |g_dc|= 559.3293130726711
it no: 304 f_tot= 16145012922.788177 f_lik= 1905.1562203834171 f_dc (1e6)= 16145.011017631958 |g_lik|= 9065.965743627261 |g_dc|= 559.3056782551351
it no: 305 f_tot= 16143455368.065372 f_lik= 1901.8084909321012 f_dc (1e6)= 16143.453466256882 |g_lik|= 8464.048777261729 |g_dc|= 559.28168112748
it no: 306 f_tot= 16141900561.48887 f_lik= 1868.4795118586223 f_dc (1e6)= 16141.89869300936 |g_lik|= 8051.753128976099 |g_dc|= 559.2576593022795
it no: 307 f_tot= 16140365843.758615 f_lik= 1872.2446205231122 f_dc (1e6)= 16140.363971513994 |g_lik|= 7648.671232928679 |g_dc|= 559.2338362971504
it no: 308 f_tot= 16138834985.659351 f_lik= 1841.7011422627313 f_dc (1e6)= 16138.83314395821 |g_lik|= 7540.920646533189 |g_dc|= 559.2100124422045
f_dc (1e6): 16151.093616903892  perc: 352.48984387878187
it no: 312 f_tot= 16152358399.951084 f_lik= 1985.5590057027907 f_dc (1e6)= 16152.356414392078 |g_lik|= 22181.768576256687 |g_dc|= 559.4166581354006
it no: 313 f_tot= 16151128169.501326 f_lik= 1929.7796604892185 f_dc (1e6)= 16151.126239721665 |g_lik|= 14850.332230668882 |g_dc|= 559.3984685774632
it no: 314 f_tot= 16149652295.374434 f_lik= 1925.3792138722397 f_dc (1e6)= 16149.65036999522 |g_lik|= 10614.112125091204 |g_dc|= 559.3761338160734
it no: 315 f_tot= 16148123613.251808 f_lik= 1886.1753543199811 f_dc (1e6)= 16148.121727076454 |g_lik|= 9868.896538949297 |g_dc|= 559.3528911286107
it no: 316 f_tot= 16146563658.613379 f_lik= 1911.4863725725809 f_dc (1e6)= 16146.561747127007 |g_lik|= 9142.134850681834 |g_dc|= 559.3290458184804
it no: 317 f_tot= 16145007784.509026 f_lik= 1874.334930006663 f_dc (1e6)= 16145.005910174095 |g_lik|= 8601.922376195478 |g_dc|= 559.3051535353222
it no: 318 f_tot= 16143442663.98062 f_lik= 1876.9535330445426 f_dc (1e6)= 16143.440787027086 |g_lik|= 8086.099114269112 |g_dc|= 559.2810121793937
it no: 319 f_tot= 16141894576.73489 f_lik= 1865.432894001007 f_dc (1e6)= 16141.892711301996 |g_lik|= 7862.279941967062 |g_dc|= 559.2570343931603
it no: 320 f_tot= 16140353299.498068 f_lik= 1894.8169683484236 f_dc (1e6)= 16140.3514046811 |g_lik|= 8428.18578420661 |g_dc|= 559.2330682574834
it no: 321 f_tot= 16138833546.17614 f_lik= 1841.3358412615457 f_dc (1e6)= 16138.831704840297 |g_lik|= 7504.415011380846 |g_dc|= 559.2093546548268
f_dc (1e6): 16151.126239721665  perc: 352.4905558560768
it no: 325 f_tot= 16152368325.4628 f_lik= 1980.05218711081 f_dc (1e6)= 16152.366345410612 |g_lik|= 20792.211710564177 |g_dc|= 559.41712474503
it no: 326 f_tot= 16151181420.107176 f_lik= 1917.3796876226152 f_dc (1e6)= 16151.179502727487 |g_lik|= 14252.493125193643 |g_dc|= 559.3996762410048
it no: 327 f_tot= 16149723477.519276 f_lik= 1909.852185427802 f_dc (1e6)= 16149.72156766709 |g_lik|= 11557.33143725678 |g_dc|= 559.3776954756221
it no: 328 f_tot= 16148183994.292683 f_lik= 1892.9262509921618 f_dc (1e6)= 16148.182101366432 |g_lik|= 10382.326015971372 |g_dc|= 559.354366081263
it no: 329 f_tot= 16146626393.9499 f_lik= 1927.3359677914211 f_dc (1e6)= 16146.624466613932 |g_lik|= 9219.506568084891 |g_dc|= 559.3305926566337
it no: 330 f_tot= 16145074021.01365 f_lik= 1883.1314875159944 f_dc (1e6)= 16145.072137882164 |g_lik|= 8277.582200862 |g_dc|= 559.3068304976211
it no: 331 f_tot= 16143504454.251469 f_lik= 1853.5351150072188 f_dc (1e6)= 16143.502600716354 |g_lik|= 8112.048173602038 |g_dc|= 559.2826652409175
it no: 332 f_tot= 16141968116.320839 f_lik= 1871.3156476334163 f_dc (1e6)= 16141.966245005191 |g_lik|= 7791.925657588082 |g_dc|= 559.2589260006757
it no: 333 f_tot= 16140430933.570274 f_lik= 1874.8108957417805 f_dc (1e6)= 16140.429058759379 |g_lik|= 7935.798319880072 |g_dc|= 559.235049469683
it no: 334 f_tot= 16138901974.058712 f_lik= 1868.0081516601927 f_dc (1e6)= 16138.90010605056 |g_lik|= 7347.434704408482 |g_dc|= 559.2112347981035
f_dc (1e6): 16151.179502727487  perc: 352.4917182955408
it no: 338 f_tot= 16152355386.362335 f_lik= 1954.153025407337 f_dc (1e6)= 16152.353432209311 |g_lik|= 22068.154472734994 |g_dc|= 559.4166146821864
it no: 339 f_tot= 16151105787.671623 f_lik= 1943.5401892498562 f_dc (1e6)= 16151.103844131434 |g_lik|= 14665.390072541239 |g_dc|= 559.3980545537013
it no: 340 f_tot= 16149624532.485043 f_lik= 1918.640074390911 f_dc (1e6)= 16149.62261384497 |g_lik|= 11858.40518927803 |g_dc|= 559.3756132640167
it no: 341 f_tot= 16148086300.883146 f_lik= 1936.5950824217568 f_dc (1e6)= 16148.084364288063 |g_lik|= 10308.03552893156 |g_dc|= 559.3522234980404
it no: 342 f_tot= 16146520819.314487 f_lik= 1917.2805901291256 f_dc (1e6)= 16146.518902033897 |g_lik|= 9110.07701367779 |g_dc|= 559.3283216666209
it no: 343 f_tot= 16144949413.024231 f_lik= 1917.203962493624 f_dc (1e6)= 16144.947495820268 |g_lik|= 8509.942949007054 |g_dc|= 559.304167081217
it no: 344 f_tot= 16143379747.936327 f_lik= 1904.835433807373 f_dc (1e6)= 16143.377843100892 |g_lik|= 26109.121462597177 |g_dc|= 559.2799354685436
it no: 345 f_tot= 16141948446.997122 f_lik= 1881.4397176084988 f_dc (1e6)= 16141.946565557404 |g_lik|= 8332.312113017231 |g_dc|= 559.257194055772
it no: 346 f_tot= 16140414163.550299 f_lik= 1886.5019571530252 f_dc (1e6)= 16140.412277048341 |g_lik|= 7643.522828422923 |g_dc|= 559.2333283068907
it no: 347 f_tot= 16138886657.204702 f_lik= 1845.0112809094928 f_dc (1e6)= 16138.884812193422 |g_lik|= 7615.513581124431 |g_dc|= 559.2095216961472
f_dc (1e6): 16151.103844131434  perc: 352.4900670831001
it no: 351 f_tot= 16152469736.864317 f_lik= 1986.1516313062396 f_dc (1e6)= 16152.467750712687 |g_lik|= 21237.5288830882 |g_dc|= 559.4185338923311
it no: 352 f_tot= 16151239484.008461 f_lik= 1928.9702365148635 f_dc (1e6)= 16151.237555038226 |g_lik|= 13138.120980105703 |g_dc|= 559.4003013107723
it no: 353 f_tot= 16149761296.119751 f_lik= 1926.553700670515 f_dc (1e6)= 16149.759369566049 |g_lik|= 11220.06594285212 |g_dc|= 559.3780500089232
it no: 354 f_tot= 16148225294.960798 f_lik= 1926.8778026275975 f_dc (1e6)= 16148.223368082996 |g_lik|= 11441.959490154028 |g_dc|= 559.3547353453703
it no: 355 f_tot= 16146670690.083752 f_lik= 1915.2205310293607 f_dc (1e6)= 16146.66877486322 |g_lik|= 10330.74927246296 |g_dc|= 559.3309984454779
it no: 356 f_tot= 16145112706.745031 f_lik= 1891.0338005751655 f_dc (1e6)= 16145.110815711232 |g_lik|= 8984.67195866388 |g_dc|= 559.3070550756086
it no: 357 f_tot= 16143548573.49369 f_lik= 1897.469151649986 f_dc (1e6)= 16143.546676024538 |g_lik|= 9122.802792482795 |g_dc|= 559.2829682458976
it no: 358 f_tot= 16141993507.738703 f_lik= 1885.5710822604951 f_dc (1e6)= 16141.99162216762 |g_lik|= 9399.534411879333 |g_dc|= 559.2589478457833
it no: 359 f_tot= 16140462369.974386 f_lik= 1848.699355103629 f_dc (1e6)= 16140.460521275032 |g_lik|= 7965.874857165617 |g_dc|= 559.235113094785
it no: 360 f_tot= 16138920623.466627 f_lik= 1855.3944089514869 f_dc (1e6)= 16138.918768072217 |g_lik|= 7812.211874599622 |g_dc|= 559.2111385022581
f_dc (1e6): 16151.237555038226  perc: 352.49298525927924
it no: 364 f_tot= 16152396852.525778 f_lik= 1996.2809709567116 f_dc (1e6)= 16152.394856244806 |g_lik|= 19853.63470510928 |g_dc|= 559.4172191069528
it no: 365 f_tot= 16151129278.868649 f_lik= 1940.6336478380929 f_dc (1e6)= 16151.127338235001 |g_lik|= 13243.795167467271 |g_dc|= 559.3984274337591
it no: 366 f_tot= 16149645725.20069 f_lik= 1926.8746567335584 f_dc (1e6)= 16149.643798326033 |g_lik|= 12020.150344744568 |g_dc|= 559.3760244493924
it no: 367 f_tot= 16148119648.815228 f_lik= 1887.5276582954043 f_dc (1e6)= 16148.117761287569 |g_lik|= 10873.61615801227 |g_dc|= 559.3528021178764
it no: 368 f_tot= 16146555202.593002 f_lik= 1887.775647701536 f_dc (1e6)= 16146.553314817354 |g_lik|= 10259.716903636276 |g_dc|= 559.3288758673857
it no: 369 f_tot= 16144997559.751158 f_lik= 1900.926791847774 f_dc (1e6)= 16144.995658824366 |g_lik|= 9034.081514686779 |g_dc|= 559.3049695620125
it no: 370 f_tot= 16143431350.778069 f_lik= 1870.5124899196626 f_dc (1e6)= 16143.429480265579 |g_lik|= 8644.051293170016 |g_dc|= 559.2807769025618
it no: 371 f_tot= 16141880833.058239 f_lik= 1873.247273012797 f_dc (1e6)= 16141.878959810967 |g_lik|= 8191.4829620627725 |g_dc|= 559.2567637673732
it no: 372 f_tot= 16140334710.229895 f_lik= 1839.0626031398774 f_dc (1e6)= 16140.332871167291 |g_lik|= 8330.384605298783 |g_dc|= 559.2327112309723
it no: 373 f_tot= 16138811274.451284 f_lik= 1856.9905735878717 f_dc (1e6)= 16138.80941746071 |g_lik|= 7386.096330003148 |g_dc|= 559.2089751003243
f_dc (1e6): 16151.127338235001  perc: 352.4905798306016
it no: 377 f_tot= 16152347793.661106 f_lik= 1978.4849184431348 f_dc (1e6)= 16152.345815176188 |g_lik|= 19937.417041682467 |g_dc|= 559.4167779800797
it no: 378 f_tot= 16151112240.332787 f_lik= 1918.2760214217503 f_dc (1e6)= 16151.110322056764 |g_lik|= 13640.431663621484 |g_dc|= 559.3985446961728
it no: 379 f_tot= 16149628980.383308 f_lik= 1948.7205623328687 f_dc (1e6)= 16149.627031662747 |g_lik|= 11687.536180209572 |g_dc|= 559.3761874045294
it no: 380 f_tot= 16148089092.348082 f_lik= 1890.907528406183 f_dc (1e6)= 16148.087201440554 |g_lik|= 11240.020985603753 |g_dc|= 559.3528216498929
it no: 381 f_tot= 16146557590.279585 f_lik= 1911.4855285726276 f_dc (1e6)= 16146.555678794057 |g_lik|= 9673.256586576099 |g_dc|= 559.3294426700394
it no: 382 f_tot= 16144984022.22943 f_lik= 1896.1353941328468 f_dc (1e6)= 16144.982126094033 |g_lik|= 8960.003793717415 |g_dc|= 559.3053366098969
it no: 383 f_tot= 16143428719.328083 f_lik= 1894.7299210811796 f_dc (1e6)= 16143.426824598162 |g_lik|= 9081.164826360446 |g_dc|= 559.2813675524476
it no: 384 f_tot= 16141872033.001385 f_lik= 1880.92006631556 f_dc (1e6)= 16141.870152081317 |g_lik|= 8225.04653659292 |g_dc|= 559.257310001855
it no: 385 f_tot= 16140331798.673168 f_lik= 1848.155023796899 f_dc (1e6)= 16140.329950518144 |g_lik|= 7429.447573909838 |g_dc|= 559.2334015736727
it no: 386 f_tot= 16138804633.66476 f_lik= 1857.4612052663167 f_dc (1e6)= 16138.802776203556 |g_lik|= 7315.482594874174 |g_dc|= 559.2096222402294
f_dc (1e6): 16151.110322056764  perc: 352.4902084607023
it no: 390 f_tot= 16152350658.949038 f_lik= 1962.0949743725005 f_dc (1e6)= 16152.348696854064 |g_lik|= 19630.923562000273 |g_dc|= 559.416547395431
it no: 391 f_tot= 16151098502.892443 f_lik= 1939.1141496158782 f_dc (1e6)= 16151.096563778294 |g_lik|= 13136.119024034748 |g_dc|= 559.39797119871
it no: 392 f_tot= 16149598070.564219 f_lik= 1921.7176827957517 f_dc (1e6)= 16149.596148846536 |g_lik|= 11115.279733188625 |g_dc|= 559.3752998647855
it no: 393 f_tot= 16148059060.55126 f_lik= 1918.3545479638235 f_dc (1e6)= 16148.057142196712 |g_lik|= 10833.195071131822 |g_dc|= 559.3519081196017
it no: 394 f_tot= 16146495277.143892 f_lik= 1904.248071257614 f_dc (1e6)= 16146.49337289582 |g_lik|= 9577.596001496382 |g_dc|= 559.3280012634308
it no: 395 f_tot= 16144925271.826544 f_lik= 1879.7690645781017 f_dc (1e6)= 16144.92339205748 |g_lik|= 8915.766617907531 |g_dc|= 559.3038842167613
it no: 396 f_tot= 16143353633.737183 f_lik= 1858.2286477010591 f_dc (1e6)= 16143.351775508536 |g_lik|= 9719.224855020695 |g_dc|= 559.2796081334985
it no: 397 f_tot= 16141788142.978956 f_lik= 1855.167962860834 f_dc (1e6)= 16141.786287810994 |g_lik|= 9189.006321970497 |g_dc|= 559.2553290383312
it no: 398 f_tot= 16140239028.809057 f_lik= 1842.0086382693337 f_dc (1e6)= 16140.23718680042 |g_lik|= 8177.819997616017 |g_dc|= 559.2312469461938
it no: 399 f_tot= 16138711749.592373 f_lik= 1855.8438937296187 f_dc (1e6)= 16138.70989374848 |g_lik|= 7722.696080919714 |g_dc|= 559.2073984285012
f_dc (1e6): 16151.096563778294  perc: 352.48990819289725
it no: 403 f_tot= 16152340554.683561 f_lik= 1971.365795382545 f_dc (1e6)= 16152.338583317765 |g_lik|= 20259.4403934373 |g_dc|= 559.4166797692334
it no: 404 f_tot= 16151122667.784885 f_lik= 1943.094181884584 f_dc (1e6)= 16151.120724690705 |g_lik|= 13819.135915248042 |g_dc|= 559.3986900095051
it no: 405 f_tot= 16149631736.91226 f_lik= 1939.1374816823006 f_dc (1e6)= 16149.629797774778 |g_lik|= 12751.568909433352 |g_dc|= 559.3762379201555
it no: 406 f_tot= 16148095317.573727 f_lik= 1922.0898999191465 f_dc (1e6)= 16148.093395483827 |g_lik|= 11322.33193367001 |g_dc|= 559.3528834245832
it no: 407 f_tot= 16146542739.739616 f_lik= 1900.1125080608185 f_dc (1e6)= 16146.540839627107 |g_lik|= 10260.097237120786 |g_dc|= 559.3292103060481
it no: 408 f_tot= 16145000701.634333 f_lik= 1897.9921428598677 f_dc (1e6)= 16144.99880364219 |g_lik|= 9216.762223457488 |g_dc|= 559.3055773579964
it no: 409 f_tot= 16143428033.671124 f_lik= 1890.0453433542025 f_dc (1e6)= 16143.42614362578 |g_lik|= 9058.302919316331 |g_dc|= 559.2813571255454
it no: 410 f_tot= 16141886596.555956 f_lik= 1885.3780776462102 f_dc (1e6)= 16141.884711177878 |g_lik|= 8340.263664435153 |g_dc|= 559.2575137333583
it no: 411 f_tot= 16140340633.283092 f_lik= 1875.6202296425047 f_dc (1e6)= 16140.338757662863 |g_lik|= 7677.72523219113 |g_dc|= 559.2335208858849
it no: 412 f_tot= 16138808602.392767 f_lik= 1867.3743942178999 f_dc (1e6)= 16138.806735018374 |g_lik|= 7421.225036615493 |g_dc|= 559.2096531840499
f_dc (1e6): 16151.120724690705  perc: 352.49043549318077
it no: 416 f_tot= 16152350075.916702 f_lik= 1969.5834112040202 f_dc (1e6)= 16152.348106333293 |g_lik|= 19642.968876638242 |g_dc|= 559.4165285555696
it no: 417 f_tot= 16151102360.175201 f_lik= 1953.3405988134657 f_dc (1e6)= 16151.100406834603 |g_lik|= 13327.757728431885 |g_dc|= 559.3980397301794
it no: 418 f_tot= 16149601375.030537 f_lik= 1943.1248793649675 f_dc (1e6)= 16149.599431905657 |g_lik|= 13246.598799121277 |g_dc|= 559.3753574849133
it no: 419 f_tot= 16148058657.059305 f_lik= 1919.9007042948406 f_dc (1e6)= 16148.056737158602 |g_lik|= 10756.957298441197 |g_dc|= 559.3518319956673
it no: 420 f_tot= 16146476423.649754 f_lik= 1883.0818584151496 f_dc (1e6)= 16146.474540567895 |g_lik|= 9325.204069391677 |g_dc|= 559.3276215621553
it no: 421 f_tot= 16144924494.696404 f_lik= 1903.4911289133345 f_dc (1e6)= 16144.922591205275 |g_lik|= 9524.527139698484 |g_dc|= 559.3038039936556
it no: 422 f_tot= 16143341384.31477 f_lik= 1871.298369711467 f_dc (1e6)= 16143.339513016399 |g_lik|= 8582.33613057364 |g_dc|= 559.2793488211398
it no: 423 f_tot= 16141786748.52114 f_lik= 1876.3662000192915 f_dc (1e6)= 16141.78487215494 |g_lik|= 8177.016195315522 |g_dc|= 559.2552796235854
it no: 424 f_tot= 16140241504.938457 f_lik= 1865.1699853919802 f_dc (1e6)= 16140.239639768473 |g_lik|= 7774.050746998407 |g_dc|= 559.2312396908828
it no: 425 f_tot= 16138721879.965006 f_lik= 1863.2241955648149 f_dc (1e6)= 16138.72001674081 |g_lik|= 7675.830673674276 |g_dc|= 559.2075609014489
f_dc (1e6): 16151.100406834603  perc: 352.4899920657513
it no: 429 f_tot= 16152349058.197634 f_lik= 2011.6801499212356 f_dc (1e6)= 16152.347046517485 |g_lik|= 20606.489770425873 |g_dc|= 559.4167960250232
it no: 430 f_tot= 16151122235.902021 f_lik= 1967.354342612312 f_dc (1e6)= 16151.120268547678 |g_lik|= 13082.318193249735 |g_dc|= 559.3986538182768
it no: 431 f_tot= 16149630713.762339 f_lik= 1954.5283255894979 f_dc (1e6)= 16149.628759234012 |g_lik|= 11064.96608474816 |g_dc|= 559.37620026332
it no: 432 f_tot= 16148104118.62371 f_lik= 1902.761497050694 f_dc (1e6)= 16148.102215862213 |g_lik|= 11221.122652115886 |g_dc|= 559.3530378890462
it no: 433 f_tot= 16146544591.706419 f_lik= 1910.1245122173855 f_dc (1e6)= 16146.542681581906 |g_lik|= 11396.947310003325 |g_dc|= 559.3292341886424
it no: 434 f_tot= 16144989564.298357 f_lik= 1918.1295890571957 f_dc (1e6)= 16144.987646168767 |g_lik|= 9542.613333957606 |g_dc|= 559.3053904952842
it no: 435 f_tot= 16143420524.059664 f_lik= 1860.4466710580957 f_dc (1e6)= 16143.418663612993 |g_lik|= 9212.497344012156 |g_dc|= 559.2812043446992
it no: 436 f_tot= 16141881594.723026 f_lik= 1889.2756697945367 f_dc (1e6)= 16141.879705447358 |g_lik|= 8046.130629426509 |g_dc|= 559.2574092262479
it no: 437 f_tot= 16140329025.056757 f_lik= 1860.7892185719809 f_dc (1e6)= 16140.327164267537 |g_lik|= 7467.328679690578 |g_dc|= 559.2333039685317
it no: 438 f_tot= 16138804262.154171 f_lik= 1852.1026958397456 f_dc (1e6)= 16138.802410051476 |g_lik|= 7907.0385424569495 |g_dc|= 559.2095821550073
f_dc (1e6): 16151.120268547678  perc: 352.4904255380788
it no: 442 f_tot= 16152355600.60593 f_lik= 1974.3376572054908 f_dc (1e6)= 16152.353626268272 |g_lik|= 19814.73685395868 |g_dc|= 559.4165980806001
it no: 443 f_tot= 16151080950.336807 f_lik= 1930.3181612823123 f_dc (1e6)= 16151.079020018646 |g_lik|= 14575.647661761099 |g_dc|= 559.3977691909371
it no: 444 f_tot= 16149577516.738104 f_lik= 1943.3548094844818 f_dc (1e6)= 16149.575573383296 |g_lik|= 14633.448517436933 |g_dc|= 559.3749909889202
it no: 445 f_tot= 16148022673.221285 f_lik= 1925.5119595029807 f_dc (1e6)= 16148.020747709326 |g_lik|= 11786.405996834788 |g_dc|= 559.3513192053524
it no: 446 f_tot= 16146447130.496477 f_lik= 1905.3841951701754 f_dc (1e6)= 16146.445225112282 |g_lik|= 9943.998556275079 |g_dc|= 559.3272385592837
it no: 447 f_tot= 16144882806.526014 f_lik= 1853.1443423162189 f_dc (1e6)= 16144.880953381671 |g_lik|= 9027.486384732312 |g_dc|= 559.3031831865904
it no: 448 f_tot= 16143320088.975788 f_lik= 1878.335185115451 f_dc (1e6)= 16143.318210640602 |g_lik|= 8801.114529953249 |g_dc|= 559.2790750393178
it no: 449 f_tot= 16141772972.807325 f_lik= 1858.6901101357596 f_dc (1e6)= 16141.771114117217 |g_lik|= 8946.620671990218 |g_dc|= 559.2550822672528
it no: 450 f_tot= 16140222436.490139 f_lik= 1866.5366133437838 f_dc (1e6)= 16140.220569953526 |g_lik|= 7858.556538793997 |g_dc|= 559.2309382866132
it no: 451 f_tot= 16138695021.088533 f_lik= 1868.089997549057 f_dc (1e6)= 16138.693152998536 |g_lik|= 7350.512359218511 |g_dc|= 559.207132906689
f_dc (1e6): 16151.079020018646  perc: 352.4895253087876
it no: 455 f_tot= 16152349745.874271 f_lik= 2003.9281220063708 f_dc (1e6)= 16152.34774194615 |g_lik|= 19261.996815753384 |g_dc|= 559.4168031046564
it no: 456 f_tot= 16151118244.482447 f_lik= 1946.2306946917943 f_dc (1e6)= 16151.116298251753 |g_lik|= 13023.895127179485 |g_dc|= 559.3986234594252
it no: 457 f_tot= 16149633487.66943 f_lik= 1910.1109772164482 f_dc (1e6)= 16149.631577558454 |g_lik|= 10730.89283231749 |g_dc|= 559.3762651786177
it no: 458 f_tot= 16148099998.202461 f_lik= 1925.8225505828857 f_dc (1e6)= 16148.098072379911 |g_lik|= 10098.413648310137 |g_dc|= 559.3529898602532
it no: 459 f_tot= 16146539994.220259 f_lik= 1919.8395683079675 f_dc (1e6)= 16146.538074380689 |g_lik|= 9634.72446193277 |g_dc|= 559.3291724502936
it no: 460 f_tot= 16144987116.60008 f_lik= 1873.9491401454382 f_dc (1e6)= 16144.98524265094 |g_lik|= 9158.988206359489 |g_dc|= 559.3053943483109
it no: 461 f_tot= 16143423500.52363 f_lik= 1896.6036238529568 f_dc (1e6)= 16143.421603920006 |g_lik|= 8874.721248659176 |g_dc|= 559.281333962635
it no: 462 f_tot= 16141879764.791674 f_lik= 1884.752910103571 f_dc (1e6)= 16141.877880038763 |g_lik|= 8354.441627575978 |g_dc|= 559.2574702371974
it no: 463 f_tot= 16140332154.326693 f_lik= 1897.4046455401467 f_dc (1e6)= 16140.330256922047 |g_lik|= 7851.3486360548995 |g_dc|= 559.2334319028768
it no: 464 f_tot= 16138812249.520082 f_lik= 1842.0258955301558 f_dc (1e6)= 16138.810407494186 |g_lik|= 7377.642627852281 |g_dc|= 559.2097850827436
f_dc (1e6): 16151.116298251753  perc: 352.4903388882813
it no: 468 f_tot= 16152344639.810862 f_lik= 1965.8448832001004 f_dc (1e6)= 16152.342673965979 |g_lik|= 20457.690719051134 |g_dc|= 559.4164248107139
it no: 469 f_tot= 16151088405.989395 f_lik= 1978.11769160634 f_dc (1e6)= 16151.086427871704 |g_lik|= 13622.183487514907 |g_dc|= 559.3978061179732
it no: 470 f_tot= 16149589106.252747 f_lik= 1925.7289209047954 f_dc (1e6)= 16149.587180523826 |g_lik|= 12780.472787787534 |g_dc|= 559.3751466035243
it no: 471 f_tot= 16148038822.217337 f_lik= 1898.033454375494 f_dc (1e6)= 16148.036924183882 |g_lik|= 12859.730908127962 |g_dc|= 559.3515067809901
it no: 472 f_tot= 16146466571.174992 f_lik= 1913.1298978938376 f_dc (1e6)= 16146.464658045094 |g_lik|= 10202.498015141451 |g_dc|= 559.3274560820264
it no: 473 f_tot= 16144898635.973022 f_lik= 1868.7023646168482 f_dc (1e6)= 16144.896767270659 |g_lik|= 9884.05862516724 |g_dc|= 559.3033544668667
it no: 474 f_tot= 16143323080.76684 f_lik= 1883.0073023387365 f_dc (1e6)= 16143.321197759537 |g_lik|= 9858.289864631884 |g_dc|= 559.2790535851963
it no: 475 f_tot= 16141774820.45428 f_lik= 1885.9508554622105 f_dc (1e6)= 16141.772934503426 |g_lik|= 9121.944403440366 |g_dc|= 559.2550868897922
it no: 476 f_tot= 16140227440.390749 f_lik= 1834.9669358625865 f_dc (1e6)= 16140.225605423813 |g_lik|= 8305.97162223057 |g_dc|= 559.2310499420398
it no: 477 f_tot= 16138697219.824486 f_lik= 1879.6680554122017 f_dc (1e6)= 16138.695340156431 |g_lik|= 7485.731121956115 |g_dc|= 559.2071594047662
f_dc (1e6): 16151.086427871704  perc: 352.48968698161485
it no: 481 f_tot= 16152346077.055304 f_lik= 1962.6871682811918 f_dc (1e6)= 16152.344114368136 |g_lik|= 19672.78301755253 |g_dc|= 559.4167640699965
it no: 482 f_tot= 16151111806.204361 f_lik= 1947.5617186977395 f_dc (1e6)= 16151.109858642643 |g_lik|= 13705.229211761975 |g_dc|= 559.3985917410747
it no: 483 f_tot= 16149644357.955914 f_lik= 1938.8030997482936 f_dc (1e6)= 16149.642419152813 |g_lik|= 12444.656849245557 |g_dc|= 559.3764502816441
it no: 484 f_tot= 16148091650.974436 f_lik= 1910.3583677546183 f_dc (1e6)= 16148.089740616068 |g_lik|= 10558.914079443197 |g_dc|= 559.3528601002569
it no: 485 f_tot= 16146528339.526436 f_lik= 1916.2087461353483 f_dc (1e6)= 16146.52642331769 |g_lik|= 9489.757229477877 |g_dc|= 559.3289490096885
it no: 486 f_tot= 16144987963.071758 f_lik= 1867.8506542387463 f_dc (1e6)= 16144.986095221104 |g_lik|= 8686.883625092949 |g_dc|= 559.3053546017803
it no: 487 f_tot= 16143433741.933624 f_lik= 1887.3536689635685 f_dc (1e6)= 16143.431854579956 |g_lik|= 8389.911712289402 |g_dc|= 559.2814104776492
it no: 488 f_tot= 16141875187.732283 f_lik= 1855.7218737152646 f_dc (1e6)= 16141.87333201041 |g_lik|= 8317.512842546459 |g_dc|= 559.257311210208
it no: 489 f_tot= 16140352357.586315 f_lik= 1860.4904096458072 f_dc (1e6)= 16140.350497095906 |g_lik|= 7780.306157547462 |g_dc|= 559.2336374817064
it no: 490 f_tot= 16138806448.016367 f_lik= 1847.7183039224715 f_dc (1e6)= 16138.804600298063 |g_lik|= 7115.543902885151 |g_dc|= 559.2096023948134
f_dc (1e6): 16151.109858642643  perc: 352.4901983469122
it no: 494 f_tot= 16152348001.75928 f_lik= 1956.6460073816208 f_dc (1e6)= 16152.346045113272 |g_lik|= 20176.45830271043 |g_dc|= 559.4164658863732
it no: 495 f_tot= 16151087347.837662 f_lik= 1925.9930923130398 f_dc (1e6)= 16151.08542184457 |g_lik|= 13567.446771565792 |g_dc|= 559.397799705378
it no: 496 f_tot= 16149600302.456842 f_lik= 1926.7284943364916 f_dc (1e6)= 16149.598375728348 |g_lik|= 11543.561726818738 |g_dc|= 559.3752892513972
it no: 497 f_tot= 16148048350.530025 f_lik= 1910.7463199352082 f_dc (1e6)= 16148.046439783704 |g_lik|= 10524.548922724773 |g_dc|= 559.3516731814556
it no: 498 f_tot= 16146498659.861282 f_lik= 1889.295645389557 f_dc (1e6)= 16146.496770565638 |g_lik|= 10352.5960605173 |g_dc|= 559.3279504590682
it no: 499 f_tot= 16144927605.0188 f_lik= 1884.2984398760113 f_dc (1e6)= 16144.925720720361 |g_lik|= 8902.604389727267 |g_dc|= 559.3038047050663
it no: 500 f_tot= 16143356806.341042 f_lik= 1867.866600164913 f_dc (1e6)= 16143.354938474442 |g_lik|= 8737.929049169383 |g_dc|= 559.2795354153799
it no: 501 f_tot= 16141799433.368212 f_lik= 1869.6057363174075 f_dc (1e6)= 16141.797563762477 |g_lik|= 9533.483890289237 |g_dc|= 559.2554319568571
it no: 502 f_tot= 16140257433.657421 f_lik= 1850.3086073067075 f_dc (1e6)= 16140.255583348813 |g_lik|= 8749.71734118662 |g_dc|= 559.2314188011825
it no: 503 f_tot= 16138715542.577736 f_lik= 1864.5305565087 f_dc (1e6)= 16138.713678047181 |g_lik|= 8039.821771093457 |g_dc|= 559.2073546168905
f_dc (1e6): 16151.08542184457  perc: 352.48966502555686
it no: 507 f_tot= 16152351407.368345 f_lik= 1973.1380930364699 f_dc (1e6)= 16152.349434230251 |g_lik|= 21616.338605799418 |g_dc|= 559.4168212223739
it no: 508 f_tot= 16151120145.908726 f_lik= 1938.6334851893926 f_dc (1e6)= 16151.11820727524 |g_lik|= 14698.063837932286 |g_dc|= 559.3986096090377
it no: 509 f_tot= 16149643047.660116 f_lik= 1936.8788104829334 f_dc (1e6)= 16149.641110781306 |g_lik|= 11824.660925394795 |g_dc|= 559.3763482588737
it no: 510 f_tot= 16148106129.615328 f_lik= 1892.134950170971 f_dc (1e6)= 16148.104237480376 |g_lik|= 10565.627160571315 |g_dc|= 559.3530336165619
it no: 511 f_tot= 16146549553.108923 f_lik= 1911.1954481490452 f_dc (1e6)= 16146.547641913476 |g_lik|= 9421.31598977445 |g_dc|= 559.3292507259249
it no: 512 f_tot= 16144991178.03216 f_lik= 1876.523108563196 f_dc (1e6)= 16144.989301509051 |g_lik|= 8983.552975451834 |g_dc|= 559.3053599004181
it no: 513 f_tot= 16143439365.569605 f_lik= 1885.6824332684562 f_dc (1e6)= 16143.43747988717 |g_lik|= 8717.29418375156 |g_dc|= 559.2814300184895
it no: 514 f_tot= 16141898488.350172 f_lik= 1877.2946297279993 f_dc (1e6)= 16141.896611055541 |g_lik|= 8179.520320141528 |g_dc|= 559.2576644719986
it no: 515 f_tot= 16140349367.293673 f_lik= 1869.763208721706 f_dc (1e6)= 16140.347497530463 |g_lik|= 7886.871521299373 |g_dc|= 559.233569414683
it no: 516 f_tot= 16138832658.882154 f_lik= 1869.2389397621155 f_dc (1e6)= 16138.830789643214 |g_lik|= 7942.640611127473 |g_dc|= 559.210000491278
f_dc (1e6): 16151.11820727524  perc: 352.4903805518
it no: 520 f_tot= 16152361688.885363 f_lik= 1959.301571118264 f_dc (1e6)= 16152.359729583792 |g_lik|= 19248.107652004346 |g_dc|= 559.4167094068332
it no: 521 f_tot= 16151107497.97502 f_lik= 1933.9472055930182 f_dc (1e6)= 16151.105564027814 |g_lik|= 12939.961436329942 |g_dc|= 559.3981483732485
it no: 522 f_tot= 16149605411.207644 f_lik= 1890.3677168042318 f_dc (1e6)= 16149.603520839926 |g_lik|= 11078.415630874411 |g_dc|= 559.3754659049891
it no: 523 f_tot= 16148069409.15302 f_lik= 1927.2873305052804 f_dc (1e6)= 16148.06748186569 |g_lik|= 10593.682565017194 |g_dc|= 559.3521181936026
it no: 524 f_tot= 16146513199.497675 f_lik= 1886.2528211402894 f_dc (1e6)= 16146.511313244853 |g_lik|= 9976.700202685535 |g_dc|= 559.328357609322
it no: 525 f_tot= 16144970982.617275 f_lik= 1898.5820945461448 f_dc (1e6)= 16144.969084035181 |g_lik|= 9563.282065666577 |g_dc|= 559.3046443878376
it no: 526 f_tot= 16143399005.938902 f_lik= 1896.058972634361 f_dc (1e6)= 16143.397109879928 |g_lik|= 8364.002753451305 |g_dc|= 559.2803729618732
it no: 527 f_tot= 16141846705.867996 f_lik= 1873.439186919076 f_dc (1e6)= 16141.84483242881 |g_lik|= 8361.349155904145 |g_dc|= 559.2563494117329
it no: 528 f_tot= 16140293440.044203 f_lik= 1858.345153493427 f_dc (1e6)= 16140.29158169905 |g_lik|= 8128.981472872566 |g_dc|= 559.2322164589158
it no: 529 f_tot= 16138773662.341305 f_lik= 1873.307111578896 f_dc (1e6)= 16138.771789034194 |g_lik|= 7276.331067142449 |g_dc|= 559.2085155046053
f_dc (1e6): 16151.105564027814  perc: 352.4901046190107
it no: 533 f_tot= 16152345196.93867 f_lik= 1982.8957630593436 f_dc (1e6)= 16152.343214042905 |g_lik|= 20798.309332350607 |g_dc|= 559.4167232987955
it no: 534 f_tot= 16151122465.331984 f_lik= 1936.2155117080324 f_dc (1e6)= 16151.120529116472 |g_lik|= 15139.68428859902 |g_dc|= 559.3987134036148
it no: 535 f_tot= 16149626604.756392 f_lik= 1906.097233772505 f_dc (1e6)= 16149.624698659156 |g_lik|= 12674.474360755881 |g_dc|= 559.3761021846154
it no: 536 f_tot= 16148085749.13311 f_lik= 1911.0031345317477 f_dc (1e6)= 16148.083838129976 |g_lik|= 10850.211255291826 |g_dc|= 559.3527077973207
it no: 537 f_tot= 16146540169.314087 f_lik= 1913.1033091293064 f_dc (1e6)= 16146.538256210777 |g_lik|= 9746.946399455577 |g_dc|= 559.3291182276739
it no: 538 f_tot= 16144984940.794594 f_lik= 1876.4423389834449 f_dc (1e6)= 16144.983064352255 |g_lik|= 9003.10982792693 |g_dc|= 559.3053034698778
it no: 539 f_tot= 16143421994.233162 f_lik= 1882.2485448722612 f_dc (1e6)= 16143.420111984617 |g_lik|= 8800.140877309743 |g_dc|= 559.2812468476005
it no: 540 f_tot= 16141886562.789574 f_lik= 1871.0026060667492 f_dc (1e6)= 16141.884691786969 |g_lik|= 8231.79470685296 |g_dc|= 559.2574998696482
it no: 541 f_tot= 16140350712.965008 f_lik= 1861.2722440156483 f_dc (1e6)= 16140.348851692765 |g_lik|= 7696.642292656752 |g_dc|= 559.2336731454533
it no: 542 f_tot= 16138825773.595646 f_lik= 1868.4082537478491 f_dc (1e6)= 16138.823905187392 |g_lik|= 7455.1634952625 |g_dc|= 559.2099260292347
f_dc (1e6): 16151.120529116472  perc: 352.4904312248673
it no: 546 f_tot= 16152365719.271338 f_lik= 1959.630459502084 f_dc (1e6)= 16152.363759640879 |g_lik|= 20269.041874762708 |g_dc|= 559.416810240476
it no: 547 f_tot= 16151118456.854473 f_lik= 1938.5133653854189 f_dc (1e6)= 16151.116518341109 |g_lik|= 14957.649562498187 |g_dc|= 559.3983388630191
it no: 548 f_tot= 16149635283.323807 f_lik= 1946.5314872087752 f_dc (1e6)= 16149.63333679232 |g_lik|= 11365.387273800457 |g_dc|= 559.3758407058451
it no: 549 f_tot= 16148087624.365654 f_lik= 1898.8616127441044 f_dc (1e6)= 16148.085725504041 |g_lik|= 10086.159096361274 |g_dc|= 559.3523246242609
it no: 550 f_tot= 16146515850.81442 f_lik= 1899.3973571613856 f_dc (1e6)= 16146.513951417062 |g_lik|= 9935.088254022114 |g_dc|= 559.3282932444139
it no: 551 f_tot= 16144955057.058922 f_lik= 1874.2993053136554 f_dc (1e6)= 16144.953182759617 |g_lik|= 9138.661531267528 |g_dc|= 559.3043260486842
it no: 552 f_tot= 16143391900.019003 f_lik= 1916.0364029075986 f_dc (1e6)= 16143.389983982599 |g_lik|= 8780.282311603114 |g_dc|= 559.2801739546894
it no: 553 f_tot= 16141834438.124979 f_lik= 1886.9170924640837 f_dc (1e6)= 16141.832551207886 |g_lik|= 8608.677638846675 |g_dc|= 559.2560613523995
it no: 554 f_tot= 16140286317.461487 f_lik= 1865.1570155961174 f_dc (1e6)= 16140.284452304471 |g_lik|= 8253.097469147864 |g_dc|= 559.2319529283529
it no: 555 f_tot= 16138770991.628433 f_lik= 1877.8667253226326 f_dc (1e6)= 16138.769113761708 |g_lik|= 8447.075455201166 |g_dc|= 559.2083227393224
f_dc (1e6): 16151.116518341109  perc: 352.4903436916256
it no: 559 f_tot= 16152365291.30954 f_lik= 1971.4274268250238 f_dc (1e6)= 16152.363319882112 |g_lik|= 20516.947757789094 |g_dc|= 559.4170232483051
it no: 560 f_tot= 16151139932.71412 f_lik= 1960.5294990103584 f_dc (1e6)= 16151.137972184622 |g_lik|= 14224.989755597939 |g_dc|= 559.3988992571708
it no: 561 f_tot= 16149651868.036913 f_lik= 1934.0076356297448 f_dc (1e6)= 16149.649934029278 |g_lik|= 10817.056858831203 |g_dc|= 559.3764389211849
it no: 562 f_tot= 16148122270.154297 f_lik= 1911.4769204534803 f_dc (1e6)= 16148.120358677375 |g_lik|= 10381.75836202601 |g_dc|= 559.3532181663087
it no: 563 f_tot= 16146573368.891954 f_lik= 1886.7771061895007 f_dc (1e6)= 16146.571482114849 |g_lik|= 9514.237154182161 |g_dc|= 559.3296125544457
it no: 564 f_tot= 16145041675.800028 f_lik= 1920.9059710893177 f_dc (1e6)= 16145.039754894056 |g_lik|= 8963.782948648704 |g_dc|= 559.3061528964906
it no: 565 f_tot= 16143481914.434347 f_lik= 1872.4063908527012 f_dc (1e6)= 16143.480042027955 |g_lik|= 8442.31073195751 |g_dc|= 559.2821574429181
it no: 566 f_tot= 16141947861.87127 f_lik= 1863.4827628049397 f_dc (1e6)= 16141.945998388506 |g_lik|= 7912.496463835281 |g_dc|= 559.2584305162704
it no: 567 f_tot= 16140408121.50723 f_lik= 1881.911865262077 f_dc (1e6)= 16140.406239595366 |g_lik|= 7405.2951508447395 |g_dc|= 559.234530316254
it no: 568 f_tot= 16138887164.29558 f_lik= 1863.2628592464966 f_dc (1e6)= 16138.88530103272 |g_lik|= 7539.639816555887 |g_dc|= 559.2108663726025
f_dc (1e6): 16151.137972184622  perc: 352.49081191143347
it no: 572 f_tot= 16152368897.920042 f_lik= 2000.0025438726516 f_dc (1e6)= 16152.366897917498 |g_lik|= 20898.164716577907 |g_dc|= 559.4168227720575
it no: 573 f_tot= 16151155722.325403 f_lik= 1941.1108363791875 f_dc (1e6)= 16151.153781214567 |g_lik|= 14075.457621794514 |g_dc|= 559.3988584552603
it no: 574 f_tot= 16149680908.31102 f_lik= 1939.235528441838 f_dc (1e6)= 16149.67896907549 |g_lik|= 10909.346758062498 |g_dc|= 559.3765647311837
it no: 575 f_tot= 16148141801.489227 f_lik= 1929.6004345775787 f_dc (1e6)= 16148.139871888792 |g_lik|= 9731.077920433365 |g_dc|= 559.3531715001749
it no: 576 f_tot= 16146585717.977304 f_lik= 1899.2951474146616 f_dc (1e6)= 16146.583818682158 |g_lik|= 9353.554399393499 |g_dc|= 559.3293735957793
it no: 577 f_tot= 16145011974.256826 f_lik= 1866.4109328920501 f_dc (1e6)= 16145.010107845894 |g_lik|= 8860.175658805832 |g_dc|= 559.3052045651499
it no: 578 f_tot= 16143448610.207573 f_lik= 1909.511646778697 f_dc (1e6)= 16143.446700695928 |g_lik|= 8327.353016324536 |g_dc|= 559.2810702063945
it no: 579 f_tot= 16141897133.793228 f_lik= 1866.5773247455415 f_dc (1e6)= 16141.895267215905 |g_lik|= 8022.424656248326 |g_dc|= 559.2570317034199
it no: 580 f_tot= 16140349122.706505 f_lik= 1889.7130998824891 f_dc (1e6)= 16140.347232993405 |g_lik|= 7966.563801276785 |g_dc|= 559.2329869180242
it no: 581 f_tot= 16138820452.883291 f_lik= 1862.6498666717894 f_dc (1e6)= 16138.818590233424 |g_lik|= 7707.541229492717 |g_dc|= 559.209113522907
f_dc (1e6): 16151.153781214567  perc: 352.4911569359024
it no: 585 f_tot= 16152376024.567324 f_lik= 1965.9253867794218 f_dc (1e6)= 16152.374058641937 |g_lik|= 19812.03194380809 |g_dc|= 559.4171681480625
it no: 586 f_tot= 16151136302.37434 f_lik= 1965.5316005220868 f_dc (1e6)= 16151.134336842739 |g_lik|= 13143.876395805766 |g_dc|= 559.3989035889447
it no: 587 f_tot= 16149669245.94724 f_lik= 1951.9161813770022 f_dc (1e6)= 16149.66729403106 |g_lik|= 11005.335673115827 |g_dc|= 559.3767843822685
it no: 588 f_tot= 16148144354.027172 f_lik= 1912.1708022962298 f_dc (1e6)= 16148.14244185637 |g_lik|= 9979.853069322031 |g_dc|= 559.3536831601072
it no: 589 f_tot= 16146596305.7682 f_lik= 1891.4188118733111 f_dc (1e6)= 16146.594414349389 |g_lik|= 9885.445492961016 |g_dc|= 559.3300456876016
it no: 590 f_tot= 16145042876.02865 f_lik= 1877.777267565046 f_dc (1e6)= 16145.040998251383 |g_lik|= 9298.974086511465 |g_dc|= 559.3062153630295
it no: 591 f_tot= 16143493342.539839 f_lik= 1861.7499146191278 f_dc (1e6)= 16143.491480789924 |g_lik|= 8340.951853778808 |g_dc|= 559.2823768060257
it no: 592 f_tot= 16141937916.628082 f_lik= 1914.2503843013446 f_dc (1e6)= 16141.936002377699 |g_lik|= 7762.687075836549 |g_dc|= 559.2582999986265
it no: 593 f_tot= 16140396767.246902 f_lik= 1860.7305797050112 f_dc (1e6)= 16140.394906516323 |g_lik|= 7745.783731670056 |g_dc|= 559.234394217124
it no: 594 f_tot= 16138884959.261372 f_lik= 1859.8137468265352 f_dc (1e6)= 16138.883099447625 |g_lik|= 7196.349783460456 |g_dc|= 559.2108685920442
f_dc (1e6): 16151.134336842739  perc: 352.49073257184676
it no: 598 f_tot= 16152345687.155989 f_lik= 1955.7531313007219 f_dc (1e6)= 16152.343731402856 |g_lik|= 21684.793696213113 |g_dc|= 559.416438198224
it no: 599 f_tot= 16151127031.971432 f_lik= 1947.925282921564 f_dc (1e6)= 16151.125084046149 |g_lik|= 13654.457761826765 |g_dc|= 559.3982952410041
it no: 600 f_tot= 16149636116.721268 f_lik= 1931.5752272778466 f_dc (1e6)= 16149.63418514604 |g_lik|= 11066.254309258582 |g_dc|= 559.3757674276815
it no: 601 f_tot= 16148107397.294819 f_lik= 1896.5499596641178 f_dc (1e6)= 16148.10550074486 |g_lik|= 10161.472844700837 |g_dc|= 559.3524948978317
it no: 602 f_tot= 16146531600.617592 f_lik= 1888.4729101880391 f_dc (1e6)= 16146.529712144682 |g_lik|= 9585.85393101945 |g_dc|= 559.3284232159004
it no: 603 f_tot= 16144968185.57813 f_lik= 1921.0179696982248 f_dc (1e6)= 16144.966264560162 |g_lik|= 9325.546505017293 |g_dc|= 559.3043482169298
it no: 604 f_tot= 16143404679.223186 f_lik= 1881.2181723422095 f_dc (1e6)= 16143.402798005014 |g_lik|= 8465.770337813708 |g_dc|= 559.2802429308439
it no: 605 f_tot= 16141853998.923653 f_lik= 1864.6303754381906 f_dc (1e6)= 16141.852134293278 |g_lik|= 8120.069773506015 |g_dc|= 559.2562356362655
it no: 606 f_tot= 16140304848.382055 f_lik= 1860.8064985311598 f_dc (1e6)= 16140.302987575556 |g_lik|= 8053.5818852405455 |g_dc|= 559.2321403487564
it no: 607 f_tot= 16138776412.404945 f_lik= 1847.1321221142723 f_dc (1e6)= 16138.774565272823 |g_lik|= 7364.135801348481 |g_dc|= 559.2082757749836
f_dc (1e6): 16151.125084046149  perc: 352.49053063401493
Traceback (most recent call last):
  File "runrecon.py", line 139, in <module>
    rec_last = abs(np.reshape(rec_vae[:,-2], (640, 320)))[160:-160, :]
  File "/scratch_net/bmicdl03/jonatank/conda_envs/tfv1/lib/python2.7/site-packages/skimage/measure/_structural_similarity.py", line 84, in compare_ssim
    raise ValueError('Input images must have the same dimensions.')
ValueError: Input images must have the same dimensions.
