('Under sample factor: ', 4)
FLAIR20201020-125121/jonatank_lat60_ns50_ps28_modalityFLAIR_step100000.ckpt
Read from existing sensmap pattern file
Read from existing u.s. pattern file
xxxxxxxxxxxxxxxxxxx contRec is 
xxxxxxxxxxxxxxxxxxx parfact is 25
---- Defining VAE
>>> lat_dim value: 60
>>> mode is: MRIunproc
2020-10-22 14:55:10.527134: I tensorflow/core/platform/cpu_feature_guard.cc:141] Your CPU supports instructions that this TensorFlow binary was not compiled to use: AVX2 FMA
2020-10-22 14:55:10.829182: I tensorflow/core/common_runtime/gpu/gpu_device.cc:1432] Found device 0 with properties: 
name: TITAN Xp major: 6 minor: 1 memoryClockRate(GHz): 1.582
pciBusID: 0000:88:00.0
totalMemory: 11.91GiB freeMemory: 11.76GiB
2020-10-22 14:55:10.829234: I tensorflow/core/common_runtime/gpu/gpu_device.cc:1511] Adding visible gpu devices: 0
2020-10-22 14:55:22.210372: I tensorflow/core/common_runtime/gpu/gpu_device.cc:982] Device interconnect StreamExecutor with strength 1 edge matrix:
2020-10-22 14:55:22.213440: I tensorflow/core/common_runtime/gpu/gpu_device.cc:988]      0 
2020-10-22 14:55:22.213462: I tensorflow/core/common_runtime/gpu/gpu_device.cc:1001] 0:   N 
2020-10-22 14:55:22.214869: I tensorflow/core/common_runtime/gpu/gpu_device.cc:1115] Created TensorFlow device (/job:localhost/replica:0/task:0/device:GPU:0 with 11376 MB memory) -> physical GPU (device: 0, name: TITAN Xp, pci bus id: 0000:88:00.0, compute capability: 6.1)
Initialized parameters
KCT-info: loaded the new model, trained fastmri
KCT-INFO: the gradients: 
Tensor("gradients_2/AddN_3:0", shape=(1250, 784), dtype=float32)
Tensor("gradients_3/Reshape_2_grad/Reshape:0", shape=(1250, 784), dtype=float32)
Tensor("gradients_4/Reshape_2_grad/Reshape:0", shape=(1250, 784), dtype=float32)
_____DIRECT APPROX_____
KCT-INFO: there will be in total 1035 patches.
contRec is 
it no: 0 f_tot= 16156858045.959719 f_lik= 2017.4669464065914 f_dc (1e6)= 16156.856028492773 |g_lik|= 14862.489306583302 |g_dc|= 559.3671346824336
it no: 1 f_tot= 16156017977.334383 f_lik= 1982.773556908454 f_dc (1e6)= 16156.015994560825 |g_lik|= 10600.471040725886 |g_dc|= 559.356835459182
it no: 2 f_tot= 16155154148.921165 f_lik= 1985.268272930327 f_dc (1e6)= 16155.152163652892 |g_lik|= 9465.88369274088 |g_dc|= 559.3458163870715
it no: 3 f_tot= 16154293398.175432 f_lik= 1949.6153562191555 f_dc (1e6)= 16154.291448560076 |g_lik|= 8772.675383000082 |g_dc|= 559.3347127693286
it no: 4 f_tot= 16153564943.648102 f_lik= 1943.4925272333055 f_dc (1e6)= 16153.563000155575 |g_lik|= 8314.767210127466 |g_dc|= 559.3257797896654
it no: 5 f_tot= 16152925507.291843 f_lik= 1969.8480520121257 f_dc (1e6)= 16152.923537443792 |g_lik|= 7985.324592124888 |g_dc|= 559.3183208127231
it no: 6 f_tot= 16152348358.71493 f_lik= 1932.5410831614904 f_dc (1e6)= 16152.346426173846 |g_lik|= 7567.477197819543 |g_dc|= 559.3117905812161
it no: 7 f_tot= 16151881256.707836 f_lik= 1982.9415423520406 f_dc (1e6)= 16151.879273766295 |g_lik|= 7168.2927608471155 |g_dc|= 559.3070558697387
it no: 8 f_tot= 16151479885.249376 f_lik= 1960.6161681147985 f_dc (1e6)= 16151.477924633207 |g_lik|= 6816.321216384828 |g_dc|= 559.3033185373727
it no: 9 f_tot= 16151111939.887476 f_lik= 1990.7226920214152 f_dc (1e6)= 16151.109949164784 |g_lik|= 6450.5969236837045 |g_dc|= 559.3000522488464
f_dc (1e6): 16156.015994560825  perc: 352.5972724017637
it no: 13 f_tot= 16152134309.519112 f_lik= 1972.1827429562522 f_dc (1e6)= 16152.132337336368 |g_lik|= 14119.377887393544 |g_dc|= 559.459934720167
it no: 14 f_tot= 16150936450.392418 f_lik= 1993.5469445909773 f_dc (1e6)= 16150.934456845474 |g_lik|= 10106.226826456392 |g_dc|= 559.4433935907123
it no: 15 f_tot= 16149686477.27671 f_lik= 1964.4067382903327 f_dc (1e6)= 16149.684512869972 |g_lik|= 9376.497065390084 |g_dc|= 559.425728943583
it no: 16 f_tot= 16148499837.472986 f_lik= 1938.1265306418284 f_dc (1e6)= 16148.497899346457 |g_lik|= 8912.568356386695 |g_dc|= 559.4090117406602
it no: 17 f_tot= 16147345006.180271 f_lik= 1963.261134773436 f_dc (1e6)= 16147.343042919136 |g_lik|= 8433.623830129718 |g_dc|= 559.3927390524289
it no: 18 f_tot= 16146253168.347927 f_lik= 1937.0988820284888 f_dc (1e6)= 16146.251231249045 |g_lik|= 8051.200916458588 |g_dc|= 559.3774928474701
it no: 19 f_tot= 16145231401.768986 f_lik= 1954.317975661868 f_dc (1e6)= 16145.229447451009 |g_lik|= 7699.814124898883 |g_dc|= 559.3633844833545
it no: 20 f_tot= 16144295340.047894 f_lik= 1937.111006502424 f_dc (1e6)= 16144.293402936888 |g_lik|= 7468.229310962607 |g_dc|= 559.3506911162448
it no: 21 f_tot= 16143393294.73604 f_lik= 1928.9694125702267 f_dc (1e6)= 16143.391365766629 |g_lik|= 7181.40972040867 |g_dc|= 559.3384952942818
it no: 22 f_tot= 16142548159.250647 f_lik= 1935.9214843913487 f_dc (1e6)= 16142.546223329162 |g_lik|= 7012.844508563365 |g_dc|= 559.3271394827876
f_dc (1e6): 16150.934456845474  perc: 352.4863702871184
it no: 26 f_tot= 16153731184.37316 f_lik= 2022.7296311042423 f_dc (1e6)= 16153.729161643529 |g_lik|= 14206.739863716157 |g_dc|= 559.4194832093915
it no: 27 f_tot= 16152722057.338467 f_lik= 2025.4609687932332 f_dc (1e6)= 16152.7200318775 |g_lik|= 10247.557457386607 |g_dc|= 559.4061818440836
it no: 28 f_tot= 16151674089.43246 f_lik= 1980.2422145807175 f_dc (1e6)= 16151.672109190247 |g_lik|= 9450.210668363032 |g_dc|= 559.3919535113725
it no: 29 f_tot= 16150673628.0082 f_lik= 1962.70637883368 f_dc (1e6)= 16150.671665301821 |g_lik|= 8832.314876957456 |g_dc|= 559.3783884287363
it no: 30 f_tot= 16149718732.958067 f_lik= 1957.3774178200676 f_dc (1e6)= 16149.716775580648 |g_lik|= 8335.372327830068 |g_dc|= 559.3655040130234
it no: 31 f_tot= 16148841900.994398 f_lik= 1944.9710363188244 f_dc (1e6)= 16148.839956023361 |g_lik|= 7863.953625159085 |g_dc|= 559.3538974841359
it no: 32 f_tot= 16148029822.596323 f_lik= 1940.001680341448 f_dc (1e6)= 16148.027882594643 |g_lik|= 7562.786351906712 |g_dc|= 559.3433178422108
it no: 33 f_tot= 16147294477.332407 f_lik= 1924.7010865202403 f_dc (1e6)= 16147.292552631321 |g_lik|= 7221.738370566488 |g_dc|= 559.3339584929927
it no: 34 f_tot= 16146620407.127531 f_lik= 1942.15072983878 f_dc (1e6)= 16146.6184649768 |g_lik|= 6921.272526075391 |g_dc|= 559.3255475088627
it no: 35 f_tot= 16145975217.455793 f_lik= 1918.0263059997558 f_dc (1e6)= 16145.973299429486 |g_lik|= 6670.644598789382 |g_dc|= 559.3175229236276
f_dc (1e6): 16152.7200318775  perc: 352.5253396027079
it no: 39 f_tot= 16151700838.053614 f_lik= 2008.2602567218598 f_dc (1e6)= 16151.698829793359 |g_lik|= 14149.082866308045 |g_dc|= 559.4169858689103
it no: 40 f_tot= 16150566989.864342 f_lik= 1976.3680756287347 f_dc (1e6)= 16150.565013496265 |g_lik|= 10143.53090069801 |g_dc|= 559.4015832160477
it no: 41 f_tot= 16149370593.327908 f_lik= 1944.2926426860265 f_dc (1e6)= 16149.368649035265 |g_lik|= 9372.747776064374 |g_dc|= 559.3848535236476
it no: 42 f_tot= 16148267826.411701 f_lik= 1976.3834482054483 f_dc (1e6)= 16148.265850028254 |g_lik|= 8851.076420186 |g_dc|= 559.3695989797055
it no: 43 f_tot= 16147234907.37562 f_lik= 1964.2633740054994 f_dc (1e6)= 16147.232943112245 |g_lik|= 8308.09515116992 |g_dc|= 559.3554732574918
it no: 44 f_tot= 16146239388.165089 f_lik= 1994.29908475465 f_dc (1e6)= 16146.237393866004 |g_lik|= 7889.708206818741 |g_dc|= 559.3419054079213
it no: 45 f_tot= 16145330166.495312 f_lik= 1960.6952552197092 f_dc (1e6)= 16145.328205800057 |g_lik|= 7544.9010466945665 |g_dc|= 559.3297659738329
it no: 46 f_tot= 16144504233.761332 f_lik= 1947.7324485742479 f_dc (1e6)= 16144.502286028883 |g_lik|= 7256.478573448364 |g_dc|= 559.3189733650131
it no: 47 f_tot= 16143694347.718565 f_lik= 1949.8362819235665 f_dc (1e6)= 16143.692397882282 |g_lik|= 6984.589958461569 |g_dc|= 559.3083679635764
it no: 48 f_tot= 16142902488.862118 f_lik= 1953.1319529297239 f_dc (1e6)= 16142.900535730165 |g_lik|= 6751.2756120764425 |g_dc|= 559.2979312218323
f_dc (1e6): 16150.565013496265  perc: 352.47830736385305
it no: 52 f_tot= 16152596367.953333 f_lik= 2004.949101607913 f_dc (1e6)= 16152.594363004231 |g_lik|= 14164.518694001938 |g_dc|= 559.4158172826159
it no: 53 f_tot= 16151518026.929892 f_lik= 1979.0813907950264 f_dc (1e6)= 16151.516047848501 |g_lik|= 10155.742832042428 |g_dc|= 559.4013236944078
it no: 54 f_tot= 16150384459.597912 f_lik= 1936.6443451697485 f_dc (1e6)= 16150.382522953567 |g_lik|= 9403.496465962271 |g_dc|= 559.3856205948099
it no: 55 f_tot= 16149330998.287378 f_lik= 1963.8064664863405 f_dc (1e6)= 16149.329034480912 |g_lik|= 8805.443081461677 |g_dc|= 559.371161090153
it no: 56 f_tot= 16148343756.874453 f_lik= 1965.224837380818 f_dc (1e6)= 16148.341791649615 |g_lik|= 8287.758823328379 |g_dc|= 559.357728384516
it no: 57 f_tot= 16147424909.197437 f_lik= 1982.8678020132156 f_dc (1e6)= 16147.422926329635 |g_lik|= 7869.164647042664 |g_dc|= 559.3454142374745
it no: 58 f_tot= 16146618825.802177 f_lik= 1946.5001955468315 f_dc (1e6)= 16146.61687930198 |g_lik|= 7551.641359821278 |g_dc|= 559.3349749397164
it no: 59 f_tot= 16145828254.23066 f_lik= 1966.7658349391393 f_dc (1e6)= 16145.826287464824 |g_lik|= 7262.710149086637 |g_dc|= 559.3247020981722
it no: 60 f_tot= 16145060559.605715 f_lik= 1914.5098072378976 f_dc (1e6)= 16145.058645095907 |g_lik|= 6929.114674424637 |g_dc|= 559.3147062137667
it no: 61 f_tot= 16144349506.590492 f_lik= 1932.871601169223 f_dc (1e6)= 16144.347573718891 |g_lik|= 6667.767109269811 |g_dc|= 559.3055671851262
f_dc (1e6): 16151.516047848501  perc: 352.4990632308113
it no: 65 f_tot= 16152040786.539963 f_lik= 2018.7273658879599 f_dc (1e6)= 16152.038767812597 |g_lik|= 14120.07322853689 |g_dc|= 559.415440375152
it no: 66 f_tot= 16150911647.65605 f_lik= 1994.3163467534382 f_dc (1e6)= 16150.909653339702 |g_lik|= 10139.182803346592 |g_dc|= 559.400108090771
it no: 67 f_tot= 16149743094.947695 f_lik= 1994.2634227171397 f_dc (1e6)= 16149.741100684272 |g_lik|= 9345.16469214017 |g_dc|= 559.3838410542401
it no: 68 f_tot= 16148616989.390549 f_lik= 1986.2502091126214 f_dc (1e6)= 16148.61500314034 |g_lik|= 8808.274879292407 |g_dc|= 559.3681587958323
it no: 69 f_tot= 16147589023.367107 f_lik= 1949.2096715155103 f_dc (1e6)= 16147.587074157436 |g_lik|= 8283.616670080186 |g_dc|= 559.3540855820327
it no: 70 f_tot= 16146634925.619549 f_lik= 1953.0922625151134 f_dc (1e6)= 16146.632972527286 |g_lik|= 7873.350701421724 |g_dc|= 559.3412226961993
it no: 71 f_tot= 16145739020.3676 f_lik= 1956.4109074774242 f_dc (1e6)= 16145.737063956693 |g_lik|= 7524.900472348986 |g_dc|= 559.3292659806565
it no: 72 f_tot= 16144933899.945265 f_lik= 1930.5646694514865 f_dc (1e6)= 16144.931969380596 |g_lik|= 7291.997848663879 |g_dc|= 559.3188024603464
it no: 73 f_tot= 16144122371.223524 f_lik= 1926.081417864845 f_dc (1e6)= 16144.120445142107 |g_lik|= 6971.1871822639705 |g_dc|= 559.3081344399889
it no: 74 f_tot= 16143343573.851519 f_lik= 1929.9166229965574 f_dc (1e6)= 16143.341643934897 |g_lik|= 6732.703193327447 |g_dc|= 559.2979019615518
f_dc (1e6): 16150.909653339702  perc: 352.4858289625441
it no: 78 f_tot= 16152354527.632702 f_lik= 1979.98310533024 f_dc (1e6)= 16152.352547649598 |g_lik|= 14201.790650724091 |g_dc|= 559.4155245971023
it no: 79 f_tot= 16151254760.64808 f_lik= 1982.823515982628 f_dc (1e6)= 16151.252777824564 |g_lik|= 10196.814354742199 |g_dc|= 559.4006702055286
it no: 80 f_tot= 16150170919.244831 f_lik= 1960.1012499509538 f_dc (1e6)= 16150.16895914358 |g_lik|= 9371.65653461882 |g_dc|= 559.3858406733029
it no: 81 f_tot= 16149134343.70047 f_lik= 1973.7132020950316 f_dc (1e6)= 16149.132369987268 |g_lik|= 8816.61163165814 |g_dc|= 559.3716732112282
it no: 82 f_tot= 16148135636.319296 f_lik= 1958.3249528312683 f_dc (1e6)= 16148.133677994343 |g_lik|= 8290.632289833873 |g_dc|= 559.358053807604
it no: 83 f_tot= 16147212454.577038 f_lik= 1922.1044036456517 f_dc (1e6)= 16147.210532472633 |g_lik|= 7878.727414151198 |g_dc|= 559.3456848985253
it no: 84 f_tot= 16146376777.485304 f_lik= 1993.036918610164 f_dc (1e6)= 16146.374784448386 |g_lik|= 7537.363866864903 |g_dc|= 559.334731470291
it no: 85 f_tot= 16145556106.47938 f_lik= 1953.7841300646464 f_dc (1e6)= 16145.55415269525 |g_lik|= 7281.180538244092 |g_dc|= 559.323955595732
it no: 86 f_tot= 16144794912.246403 f_lik= 1910.1380188133603 f_dc (1e6)= 16144.793002108383 |g_lik|= 6959.151485600741 |g_dc|= 559.3141081421699
it no: 87 f_tot= 16144063419.273043 f_lik= 1918.2446341378347 f_dc (1e6)= 16144.061501028407 |g_lik|= 6673.291895840313 |g_dc|= 559.3046316920318
f_dc (1e6): 16151.252777824564  perc: 352.49331748926363
it no: 91 f_tot= 16152140557.426405 f_lik= 1995.5016632343475 f_dc (1e6)= 16152.138561924741 |g_lik|= 14144.185232582007 |g_dc|= 559.4150935949135
it no: 92 f_tot= 16151034964.370974 f_lik= 1992.1082655043829 f_dc (1e6)= 16151.032972262708 |g_lik|= 10140.336843892022 |g_dc|= 559.4001573495375
it no: 93 f_tot= 16149914345.776672 f_lik= 1961.7229994782947 f_dc (1e6)= 16149.912384053672 |g_lik|= 9394.546322115266 |g_dc|= 559.3847092730186
it no: 94 f_tot= 16148784713.7416 f_lik= 1950.5750892648243 f_dc (1e6)= 16148.782763166511 |g_lik|= 8799.694537006555 |g_dc|= 559.3689613674927
it no: 95 f_tot= 16147782186.922316 f_lik= 1955.273689351763 f_dc (1e6)= 16147.780231648627 |g_lik|= 8272.882800048934 |g_dc|= 559.3553155501654
it no: 96 f_tot= 16146870066.966988 f_lik= 1962.0463997341337 f_dc (1e6)= 16146.868104920588 |g_lik|= 7863.742923935127 |g_dc|= 559.3431551736819
it no: 97 f_tot= 16145947779.315746 f_lik= 1963.7590751902262 f_dc (1e6)= 16145.945815556672 |g_lik|= 7562.632305371593 |g_dc|= 559.3307250616799
it no: 98 f_tot= 16145114642.14534 f_lik= 1932.674461214883 f_dc (1e6)= 16145.112709470879 |g_lik|= 7274.713715381357 |g_dc|= 559.3197843172197
it no: 99 f_tot= 16144335245.826433 f_lik= 1933.4211359578087 f_dc (1e6)= 16144.333312405297 |g_lik|= 6947.58737027859 |g_dc|= 559.3096421835692
it no: 100 f_tot= 16143588884.027561 f_lik= 1952.0088056745983 f_dc (1e6)= 16143.586932018756 |g_lik|= 6703.523616490209 |g_dc|= 559.2999366723267
f_dc (1e6): 16151.032972262708  perc: 352.4885203386793
it no: 104 f_tot= 16152274672.279861 f_lik= 2009.7021265674773 f_dc (1e6)= 16152.272662577734 |g_lik|= 14172.947204322125 |g_dc|= 559.415352794547
it no: 105 f_tot= 16151157723.464983 f_lik= 1974.4745707811628 f_dc (1e6)= 16151.155748990412 |g_lik|= 10158.720595555538 |g_dc|= 559.4002138783354
it no: 106 f_tot= 16150008363.699053 f_lik= 1971.8520183953785 f_dc (1e6)= 16150.006391847035 |g_lik|= 9405.955091202033 |g_dc|= 559.3842539799033
it no: 107 f_tot= 16148916997.28747 f_lik= 1940.557942992619 f_dc (1e6)= 16148.915056729527 |g_lik|= 8817.175571347021 |g_dc|= 559.3691496490713
it no: 108 f_tot= 16147917893.655811 f_lik= 1956.4218041737875 f_dc (1e6)= 16147.915937234007 |g_lik|= 8291.45890965616 |g_dc|= 559.3555321698494
it no: 109 f_tot= 16146978517.355106 f_lik= 1952.9642060670399 f_dc (1e6)= 16146.9765643909 |g_lik|= 7868.182780938698 |g_dc|= 559.3428846337194
it no: 110 f_tot= 16146124806.051853 f_lik= 1952.12989867937 f_dc (1e6)= 16146.122853921956 |g_lik|= 7523.117728175621 |g_dc|= 559.3316241738221
it no: 111 f_tot= 16145336268.709072 f_lik= 1944.692737194243 f_dc (1e6)= 16145.334324016334 |g_lik|= 7261.229996982683 |g_dc|= 559.3214326102759
it no: 112 f_tot= 16144535131.430794 f_lik= 1963.961841913859 f_dc (1e6)= 16144.533167468951 |g_lik|= 6937.447421190028 |g_dc|= 559.3108946361267
it no: 113 f_tot= 16143800447.414246 f_lik= 1922.5949118477959 f_dc (1e6)= 16143.798524819334 |g_lik|= 6862.025816862482 |g_dc|= 559.3013757822569
f_dc (1e6): 16151.155748990412  perc: 352.491199881663
it no: 117 f_tot= 16152180171.991041 f_lik= 1981.2834477361043 f_dc (1e6)= 16152.178190707595 |g_lik|= 14171.226731321629 |g_dc|= 559.4150758239865
it no: 118 f_tot= 16151094412.892271 f_lik= 1970.7795609646753 f_dc (1e6)= 16151.092442112711 |g_lik|= 10159.754459645801 |g_dc|= 559.400484586685
it no: 119 f_tot= 16149973534.82905 f_lik= 1992.3017483575004 f_dc (1e6)= 16149.971542527303 |g_lik|= 9374.311776064691 |g_dc|= 559.3850264053577
it no: 120 f_tot= 16148899232.497442 f_lik= 1973.2684104864938 f_dc (1e6)= 16148.897259229032 |g_lik|= 8800.432412605158 |g_dc|= 559.3702251479381
it no: 121 f_tot= 16147882235.019793 f_lik= 1922.5570849881854 f_dc (1e6)= 16147.880312462708 |g_lik|= 8284.113428125258 |g_dc|= 559.3563141110221
it no: 122 f_tot= 16146890802.405754 f_lik= 1944.1940801765804 f_dc (1e6)= 16146.888858211674 |g_lik|= 7875.746672720732 |g_dc|= 559.3427783015476
it no: 123 f_tot= 16145974838.098738 f_lik= 1933.802274369058 f_dc (1e6)= 16145.972904296463 |g_lik|= 7537.900569022532 |g_dc|= 559.3304544486804
it no: 124 f_tot= 16145160403.30829 f_lik= 1907.8006656265259 f_dc (1e6)= 16145.158495507625 |g_lik|= 7260.114432482672 |g_dc|= 559.319816209903
it no: 125 f_tot= 16144363393.553513 f_lik= 1928.0038326753888 f_dc (1e6)= 16144.36146554968 |g_lik|= 6939.228243374 |g_dc|= 559.3093561620536
it no: 126 f_tot= 16143643525.890806 f_lik= 1939.1290663146972 f_dc (1e6)= 16143.64158676174 |g_lik|= 6673.78210175119 |g_dc|= 559.3001211997279
f_dc (1e6): 16151.092442112711  perc: 352.4898182395298
it no: 130 f_tot= 16152241220.771328 f_lik= 2002.3630059323991 f_dc (1e6)= 16152.239218408322 |g_lik|= 14198.08694241536 |g_dc|= 559.4152080608753
it no: 131 f_tot= 16151183789.803425 f_lik= 1992.244692172096 f_dc (1e6)= 16151.181797558733 |g_lik|= 10152.776856633645 |g_dc|= 559.4010803353374
it no: 132 f_tot= 16150058500.337484 f_lik= 1969.797064455123 f_dc (1e6)= 16150.05653054042 |g_lik|= 9408.458652553083 |g_dc|= 559.3855332699973
it no: 133 f_tot= 16148990673.96 f_lik= 1978.6173386732737 f_dc (1e6)= 16148.988695342661 |g_lik|= 8807.262048631137 |g_dc|= 559.3708439766631
it no: 134 f_tot= 16147988504.763084 f_lik= 1974.8989615322296 f_dc (1e6)= 16147.986529864122 |g_lik|= 8282.069591293208 |g_dc|= 559.3571936243596
it no: 135 f_tot= 16147100883.879873 f_lik= 1913.4123385674613 f_dc (1e6)= 16147.098970467536 |g_lik|= 7876.573233493935 |g_dc|= 559.345444443325
it no: 136 f_tot= 16146211639.7154 f_lik= 1939.576244924636 f_dc (1e6)= 16146.209700139156 |g_lik|= 7508.873185934981 |g_dc|= 559.3335818291866
it no: 137 f_tot= 16145418440.250868 f_lik= 1935.2038485754103 f_dc (1e6)= 16145.41650504702 |g_lik|= 7268.842814083346 |g_dc|= 559.3233027682942
it no: 138 f_tot= 16144656123.850363 f_lik= 1967.1940123567126 f_dc (1e6)= 16144.654156656352 |g_lik|= 6933.318930664166 |g_dc|= 559.3134493085398
it no: 139 f_tot= 16143960297.381895 f_lik= 1917.0689452398392 f_dc (1e6)= 16143.95838031295 |g_lik|= 6679.636255093774 |g_dc|= 559.304626176928
f_dc (1e6): 16151.181797558733  perc: 352.49176837912813
it no: 143 f_tot= 16152192011.705593 f_lik= 1997.1000894292195 f_dc (1e6)= 16152.190014605503 |g_lik|= 14216.033258061354 |g_dc|= 559.4149875166108
it no: 144 f_tot= 16151050114.598366 f_lik= 1972.8411911355881 f_dc (1e6)= 16151.048141757175 |g_lik|= 10135.472455084206 |g_dc|= 559.3994185021456
it no: 145 f_tot= 16149919477.491287 f_lik= 1944.2745907011486 f_dc (1e6)= 16149.917533216696 |g_lik|= 9383.294854767328 |g_dc|= 559.3837879259229
it no: 146 f_tot= 16148826152.514933 f_lik= 1976.5833613432021 f_dc (1e6)= 16148.824175931572 |g_lik|= 8785.845738743057 |g_dc|= 559.368654779773
it no: 147 f_tot= 16147806209.332808 f_lik= 1966.4887745185126 f_dc (1e6)= 16147.804242844033 |g_lik|= 8301.245276574766 |g_dc|= 559.3546943493616
it no: 148 f_tot= 16146846589.70191 f_lik= 1963.2675044073378 f_dc (1e6)= 16146.844626434406 |g_lik|= 7843.458683812701 |g_dc|= 559.3416983289025
it no: 149 f_tot= 16145941964.305666 f_lik= 1930.2706906227838 f_dc (1e6)= 16145.940034034975 |g_lik|= 7514.458862915633 |g_dc|= 559.3295604899507
it no: 150 f_tot= 16145123018.439728 f_lik= 1942.2644243719465 f_dc (1e6)= 16145.121076175303 |g_lik|= 7250.391810141357 |g_dc|= 559.3188366198932
it no: 151 f_tot= 16144344452.706762 f_lik= 1922.7491915171488 f_dc (1e6)= 16144.34252995757 |g_lik|= 6958.870170957025 |g_dc|= 559.3086841313753
it no: 152 f_tot= 16143573296.946619 f_lik= 1917.1822301287878 f_dc (1e6)= 16143.57137976439 |g_lik|= 6684.9397001171055 |g_dc|= 559.2985505394813
f_dc (1e6): 16151.048141757175  perc: 352.48885140559423
it no: 156 f_tot= 16152227157.729914 f_lik= 2019.4541169102986 f_dc (1e6)= 16152.225138275797 |g_lik|= 14179.559621992958 |g_dc|= 559.4151545054319
it no: 157 f_tot= 16151124636.397972 f_lik= 2000.091346286592 f_dc (1e6)= 16151.122636306625 |g_lik|= 10137.841727217314 |g_dc|= 559.4002712574319
it no: 158 f_tot= 16150015919.634453 f_lik= 1980.5851764495033 f_dc (1e6)= 16150.013939049277 |g_lik|= 9365.106922769493 |g_dc|= 559.3850145316342
it no: 159 f_tot= 16148926176.695229 f_lik= 1944.914754478818 f_dc (1e6)= 16148.924231780473 |g_lik|= 8822.959929403398 |g_dc|= 559.3699462207592
it no: 160 f_tot= 16147895204.202839 f_lik= 1947.5616372532788 f_dc (1e6)= 16147.8932566412 |g_lik|= 8262.001306230128 |g_dc|= 559.3558023234752
it no: 161 f_tot= 16146979216.752865 f_lik= 1960.767358518328 f_dc (1e6)= 16146.977255985506 |g_lik|= 7858.930496564301 |g_dc|= 559.3435552774461
it no: 162 f_tot= 16146099829.918938 f_lik= 1928.4622087860107 f_dc (1e6)= 16146.097901456727 |g_lik|= 7526.97320720508 |g_dc|= 559.3318678406248
it no: 163 f_tot= 16145251519.798927 f_lik= 1947.6117114166987 f_dc (1e6)= 16145.249572187216 |g_lik|= 7260.011565393374 |g_dc|= 559.3206219279467
it no: 164 f_tot= 16144458015.700533 f_lik= 1933.6356215631395 f_dc (1e6)= 16144.456082064911 |g_lik|= 6960.056844076767 |g_dc|= 559.3102055643391
it no: 165 f_tot= 16143698782.626616 f_lik= 1943.5696677689325 f_dc (1e6)= 16143.696839056947 |g_lik|= 6685.50668866747 |g_dc|= 559.3002655837771
f_dc (1e6): 16151.122636306625  perc: 352.4904772132781
it no: 169 f_tot= 16152201592.616415 f_lik= 1985.2291936020624 f_dc (1e6)= 16152.199607387221 |g_lik|= 14174.65455210654 |g_dc|= 559.4150260704987
it no: 170 f_tot= 16151078529.435469 f_lik= 1986.1256389399937 f_dc (1e6)= 16151.07654330983 |g_lik|= 10147.38972802326 |g_dc|= 559.3997739908328
it no: 171 f_tot= 16149961513.547915 f_lik= 1981.8178448263805 f_dc (1e6)= 16149.95953173007 |g_lik|= 9409.764444878028 |g_dc|= 559.3843802808127
it no: 172 f_tot= 16148863337.82924 f_lik= 1947.3482431325458 f_dc (1e6)= 16148.861390480997 |g_lik|= 8812.166320763814 |g_dc|= 559.369151562153
it no: 173 f_tot= 16147837629.769783 f_lik= 1948.719232130959 f_dc (1e6)= 16147.83568105055 |g_lik|= 8283.335600337696 |g_dc|= 559.3550939451467
it no: 174 f_tot= 16146888638.440014 f_lik= 1951.8380748712448 f_dc (1e6)= 16146.886686601938 |g_lik|= 7879.006381086543 |g_dc|= 559.34229221269
it no: 175 f_tot= 16146037313.772852 f_lik= 1942.4113426335653 f_dc (1e6)= 16146.03537136151 |g_lik|= 7539.33953740706 |g_dc|= 559.3311060002749
it no: 176 f_tot= 16145221656.65062 f_lik= 1973.8076891408648 f_dc (1e6)= 16145.21968284293 |g_lik|= 7264.8333023394025 |g_dc|= 559.3204350014794
it no: 177 f_tot= 16144455191.551626 f_lik= 1937.8027098756745 f_dc (1e6)= 16144.453253748916 |g_lik|= 6966.474628000256 |g_dc|= 559.3105177161304
it no: 178 f_tot= 16143728684.406555 f_lik= 1935.3832088393258 f_dc (1e6)= 16143.726749023346 |g_lik|= 6686.277523059806 |g_dc|= 559.3011622383806
f_dc (1e6): 16151.07654330983  perc: 352.4894712558098
it no: 182 f_tot= 16152221191.292717 f_lik= 2006.9435161145527 f_dc (1e6)= 16152.219184349202 |g_lik|= 14189.21411991171 |g_dc|= 559.4151256289343
it no: 183 f_tot= 16151123842.82014 f_lik= 1979.4201352019536 f_dc (1e6)= 16151.121863400005 |g_lik|= 10127.369671516897 |g_dc|= 559.40031761725
it no: 184 f_tot= 16149999419.5745 f_lik= 1975.896896711077 f_dc (1e6)= 16149.997443677603 |g_lik|= 9388.57322470353 |g_dc|= 559.3847989088213
it no: 185 f_tot= 16148925926.335505 f_lik= 1978.3953087288992 f_dc (1e6)= 16148.923947940195 |g_lik|= 8817.192393825952 |g_dc|= 559.3700149061888
it no: 186 f_tot= 16147868794.386612 f_lik= 1980.923166930789 f_dc (1e6)= 16147.866813463446 |g_lik|= 8302.852898548128 |g_dc|= 559.3554105615416
it no: 187 f_tot= 16146924606.06976 f_lik= 1925.3845231991722 f_dc (1e6)= 16146.922680685237 |g_lik|= 7893.373221511618 |g_dc|= 559.342672737237
it no: 188 f_tot= 16146070574.70863 f_lik= 1949.5931217892964 f_dc (1e6)= 16146.068625115508 |g_lik|= 7544.298852883923 |g_dc|= 559.3314226767644
it no: 189 f_tot= 16145259150.972937 f_lik= 1954.417569315547 f_dc (1e6)= 16145.257196555367 |g_lik|= 7273.05201450825 |g_dc|= 559.3208152542295
it no: 190 f_tot= 16144467086.931622 f_lik= 1938.6608773476737 f_dc (1e6)= 16144.465148270745 |g_lik|= 6957.367285557674 |g_dc|= 559.3104333454768
it no: 191 f_tot= 16143751529.162687 f_lik= 1947.9177259209043 f_dc (1e6)= 16143.749581244962 |g_lik|= 6665.238147866932 |g_dc|= 559.3012562276914
f_dc (1e6): 16151.121863400005  perc: 352.49046034496314
it no: 195 f_tot= 16152203258.400618 f_lik= 2019.7519835208711 f_dc (1e6)= 16152.201238648633 |g_lik|= 14185.411305813528 |g_dc|= 559.4150024853031
it no: 196 f_tot= 16151148324.109493 f_lik= 1981.8841396095638 f_dc (1e6)= 16151.146342225353 |g_lik|= 10175.881299230907 |g_dc|= 559.4009335812839
it no: 197 f_tot= 16150019818.112865 f_lik= 1972.0207281639462 f_dc (1e6)= 16150.017846092136 |g_lik|= 9343.100586714278 |g_dc|= 559.3853402004468
it no: 198 f_tot= 16148932550.508434 f_lik= 1952.3616571495647 f_dc (1e6)= 16148.930598146777 |g_lik|= 8791.90981569403 |g_dc|= 559.3703044449146
it no: 199 f_tot= 16147899187.237612 f_lik= 1965.4825364889418 f_dc (1e6)= 16147.897221755076 |g_lik|= 8300.067327942163 |g_dc|= 559.356101051163
it no: 200 f_tot= 16146947240.03625 f_lik= 1959.9661713059743 f_dc (1e6)= 16146.945280070078 |g_lik|= 7876.378357283758 |g_dc|= 559.3432489102261
it no: 201 f_tot= 16146075502.94151 f_lik= 1940.5121834727695 f_dc (1e6)= 16146.073562429325 |g_lik|= 7527.213242898017 |g_dc|= 559.3316966943747
it no: 202 f_tot= 16145239575.33636 f_lik= 1986.5661117917016 f_dc (1e6)= 16145.23758877025 |g_lik|= 7252.240126361408 |g_dc|= 559.3206750007057
it no: 203 f_tot= 16144445928.507374 f_lik= 1946.0362792678106 f_dc (1e6)= 16144.443982471093 |g_lik|= 6950.354073110605 |g_dc|= 559.3102854986679
it no: 204 f_tot= 16143713586.788279 f_lik= 1958.2264975556873 f_dc (1e6)= 16143.711628561781 |g_lik|= 6669.546606894208 |g_dc|= 559.3008089248592
f_dc (1e6): 16151.146342225353  perc: 352.4909945835435
it no: 208 f_tot= 16152221695.66876 f_lik= 1991.6941530454726 f_dc (1e6)= 16152.219703974608 |g_lik|= 14207.124694582664 |g_dc|= 559.4151869925038
it no: 209 f_tot= 16151131074.014296 f_lik= 1970.295428933643 f_dc (1e6)= 16151.129103718866 |g_lik|= 10184.04513943991 |g_dc|= 559.4004997353138
it no: 210 f_tot= 16150011997.206247 f_lik= 1976.3209694453649 f_dc (1e6)= 16150.010020885278 |g_lik|= 9403.31259571208 |g_dc|= 559.3850668551659
it no: 211 f_tot= 16148943656.849712 f_lik= 1961.8545020412264 f_dc (1e6)= 16148.94169499521 |g_lik|= 8833.665059270332 |g_dc|= 559.3703713004044
it no: 212 f_tot= 16147916060.095802 f_lik= 1940.3956065491268 f_dc (1e6)= 16147.914119700195 |g_lik|= 8299.219688705509 |g_dc|= 559.3562757562955
it no: 213 f_tot= 16146965325.672276 f_lik= 1961.5810204290208 f_dc (1e6)= 16146.963364091254 |g_lik|= 7882.47898353595 |g_dc|= 559.3434481338123
it no: 214 f_tot= 16146108219.389154 f_lik= 1960.4228058088393 f_dc (1e6)= 16146.106258966349 |g_lik|= 7534.541807972562 |g_dc|= 559.3321341189403
it no: 215 f_tot= 16145313088.83642 f_lik= 1956.058450923193 f_dc (1e6)= 16145.31113277797 |g_lik|= 7268.5881004810335 |g_dc|= 559.321820028107
it no: 216 f_tot= 16144547062.977747 f_lik= 1935.0517826043992 f_dc (1e6)= 16144.545127925965 |g_lik|= 6974.304232099457 |g_dc|= 559.311895408525
it no: 217 f_tot= 16143794717.808846 f_lik= 1939.7151480429513 f_dc (1e6)= 16143.792778093697 |g_lik|= 6681.156681788694 |g_dc|= 559.3020811818249
f_dc (1e6): 16151.129103718866  perc: 352.4906183614372
it no: 221 f_tot= 16152201077.626268 f_lik= 2002.379648441133 f_dc (1e6)= 16152.19907524662 |g_lik|= 14131.945621273415 |g_dc|= 559.4149300953231
it no: 222 f_tot= 16151097125.598085 f_lik= 2014.8671129135857 f_dc (1e6)= 16151.095110730972 |g_lik|= 10162.853716237003 |g_dc|= 559.4000214301952
it no: 223 f_tot= 16149953203.236708 f_lik= 1995.6379296657017 f_dc (1e6)= 16149.951207598779 |g_lik|= 9406.726994099909 |g_dc|= 559.3841627511642
it no: 224 f_tot= 16148858742.562628 f_lik= 1981.1252978106907 f_dc (1e6)= 16148.85676143733 |g_lik|= 8795.691205747016 |g_dc|= 559.3690087227077
it no: 225 f_tot= 16147808691.470266 f_lik= 1970.5021955844334 f_dc (1e6)= 16147.80672096807 |g_lik|= 8315.759914730543 |g_dc|= 559.3545216190197
it no: 226 f_tot= 16146847876.401762 f_lik= 1967.4878233362947 f_dc (1e6)= 16146.845908913938 |g_lik|= 7875.827883385197 |g_dc|= 559.3415067649393
it no: 227 f_tot= 16146011723.701128 f_lik= 1937.7962835638864 f_dc (1e6)= 16146.009785904844 |g_lik|= 7549.193460655969 |g_dc|= 559.3305554123318
it no: 228 f_tot= 16145169900.16746 f_lik= 1938.2224992935999 f_dc (1e6)= 16145.167961944959 |g_lik|= 7261.190484720527 |g_dc|= 559.3194207380286
it no: 229 f_tot= 16144367855.414331 f_lik= 1941.8952441260928 f_dc (1e6)= 16144.365913519086 |g_lik|= 6956.157138125755 |g_dc|= 559.3088722705576
it no: 230 f_tot= 16143637318.144785 f_lik= 1925.0050056021555 f_dc (1e6)= 16143.63539313978 |g_lik|= 6704.263976195561 |g_dc|= 559.2994283588196
f_dc (1e6): 16151.095110730972  perc: 352.48987648083886
it no: 234 f_tot= 16152216648.701603 f_lik= 2011.815732786996 f_dc (1e6)= 16152.21463688587 |g_lik|= 14117.691256218583 |g_dc|= 559.4151292442463
it no: 235 f_tot= 16151130696.33994 f_lik= 1979.8032731137957 f_dc (1e6)= 16151.128716536667 |g_lik|= 10139.342562618805 |g_dc|= 559.4005337926285
it no: 236 f_tot= 16149979596.910538 f_lik= 1973.49930988448 f_dc (1e6)= 16149.977623411229 |g_lik|= 9395.205348519567 |g_dc|= 559.3845339990627
it no: 237 f_tot= 16148869290.909054 f_lik= 1958.0036755316598 f_dc (1e6)= 16148.867332905378 |g_lik|= 8815.560011239288 |g_dc|= 559.3691079873003
it no: 238 f_tot= 16147848498.851664 f_lik= 1963.9870672389438 f_dc (1e6)= 16147.846534864595 |g_lik|= 8268.47742147131 |g_dc|= 559.3551284595358
it no: 239 f_tot= 16146890497.916307 f_lik= 1933.8088733155387 f_dc (1e6)= 16146.888564107434 |g_lik|= 7877.771036969367 |g_dc|= 559.3421500353287
it no: 240 f_tot= 16146011565.888325 f_lik= 1968.9752457064674 f_dc (1e6)= 16146.009596913078 |g_lik|= 7512.886280956222 |g_dc|= 559.3304670136624
it no: 241 f_tot= 16145163312.811935 f_lik= 1954.8260185854776 f_dc (1e6)= 16145.161357985917 |g_lik|= 7261.056122012127 |g_dc|= 559.3192272649709
it no: 242 f_tot= 16144391347.607622 f_lik= 1943.6411235863823 f_dc (1e6)= 16144.3894039665 |g_lik|= 6918.273944899394 |g_dc|= 559.309198780506
it no: 243 f_tot= 16143659174.239437 f_lik= 1929.4374250357491 f_dc (1e6)= 16143.65724480201 |g_lik|= 6668.161282433428 |g_dc|= 559.2997249808955
f_dc (1e6): 16151.128716536667  perc: 352.4906099113721
it no: 247 f_tot= 16152203151.13661 f_lik= 1994.6562446111725 f_dc (1e6)= 16152.201156480365 |g_lik|= 14147.602783143955 |g_dc|= 559.414944773422
it no: 248 f_tot= 16151111031.965118 f_lik= 1992.9719424539521 f_dc (1e6)= 16151.109038993176 |g_lik|= 10102.748416112772 |g_dc|= 559.4002270955626
it no: 249 f_tot= 16149986373.882347 f_lik= 1999.197378814334 f_dc (1e6)= 16149.98437468497 |g_lik|= 9385.05526863316 |g_dc|= 559.3847010840338
it no: 250 f_tot= 16148918753.948545 f_lik= 1963.5352341102418 f_dc (1e6)= 16148.916790413312 |g_lik|= 8810.809488361412 |g_dc|= 559.3700127224099
it no: 251 f_tot= 16147895653.288696 f_lik= 1954.839187387739 f_dc (1e6)= 16147.893698449509 |g_lik|= 8298.205977853017 |g_dc|= 559.3559980975599
it no: 252 f_tot= 16146958368.886024 f_lik= 1932.776648725782 f_dc (1e6)= 16146.956436109374 |g_lik|= 7869.444899088613 |g_dc|= 559.3433864407467
it no: 253 f_tot= 16146122422.628077 f_lik= 1951.639153248015 f_dc (1e6)= 16146.120470988924 |g_lik|= 7536.285637105557 |g_dc|= 559.3324437986282
it no: 254 f_tot= 16145291129.866478 f_lik= 1930.8482017771403 f_dc (1e6)= 16145.289199018276 |g_lik|= 7241.094961241759 |g_dc|= 559.3215065240456
it no: 255 f_tot= 16144501949.455359 f_lik= 1937.4164382498604 f_dc (1e6)= 16144.50001203892 |g_lik|= 6943.290195198218 |g_dc|= 559.3111818366069
it no: 256 f_tot= 16143711661.685266 f_lik= 1949.8441878109886 f_dc (1e6)= 16143.709711841078 |g_lik|= 6692.300521499593 |g_dc|= 559.3006946599767
f_dc (1e6): 16151.109038993176  perc: 352.49018045845713
it no: 260 f_tot= 16152212585.12237 f_lik= 2028.5036072921753 f_dc (1e6)= 16152.210556618764 |g_lik|= 14164.590774497072 |g_dc|= 559.4150710181921
it no: 261 f_tot= 16151108559.900696 f_lik= 1976.8691590826852 f_dc (1e6)= 16151.106583031537 |g_lik|= 10141.304060947206 |g_dc|= 559.4001556652854
it no: 262 f_tot= 16149948002.102707 f_lik= 1969.8832471983774 f_dc (1e6)= 16149.946032219459 |g_lik|= 9368.385023943883 |g_dc|= 559.3840030489345
it no: 263 f_tot= 16148873848.645798 f_lik= 1970.255555275111 f_dc (1e6)= 16148.871878390242 |g_lik|= 8795.084337209782 |g_dc|= 559.36920557016
it no: 264 f_tot= 16147840444.622955 f_lik= 1965.6152298609416 f_dc (1e6)= 16147.838479007725 |g_lik|= 8260.587477229285 |g_dc|= 559.3549935832955
it no: 265 f_tot= 16146894529.079756 f_lik= 1949.4398964800152 f_dc (1e6)= 16146.89257963986 |g_lik|= 7870.526299830831 |g_dc|= 559.3422437155463
it no: 266 f_tot= 16146038548.87673 f_lik= 1944.3004603794643 f_dc (1e6)= 16146.03660457627 |g_lik|= 7521.061012957707 |g_dc|= 559.330961274472
it no: 267 f_tot= 16145200028.03916 f_lik= 1950.5962507806505 f_dc (1e6)= 16145.198077442908 |g_lik|= 7245.176858617437 |g_dc|= 559.3198802961887
it no: 268 f_tot= 16144427848.721 f_lik= 1984.2372679428827 f_dc (1e6)= 16144.425864483732 |g_lik|= 6958.316940530512 |g_dc|= 559.3098417198328
it no: 269 f_tot= 16143674219.169277 f_lik= 1928.14953956604 f_dc (1e6)= 16143.672291019737 |g_lik|= 6684.317607077648 |g_dc|= 559.2999997518237
f_dc (1e6): 16151.106583031537  perc: 352.4901268582765
it no: 273 f_tot= 16152207315.213045 f_lik= 1992.8358923031035 f_dc (1e6)= 16152.205322377153 |g_lik|= 14237.145385513391 |g_dc|= 559.4150040307937
it no: 274 f_tot= 16151117877.281574 f_lik= 1985.905062907991 f_dc (1e6)= 16151.11589137651 |g_lik|= 10193.810771346274 |g_dc|= 559.4003340528367
it no: 275 f_tot= 16149974062.807945 f_lik= 1955.4929605275108 f_dc (1e6)= 16149.972107314985 |g_lik|= 9390.169381837075 |g_dc|= 559.3844740249644
it no: 276 f_tot= 16148894820.499458 f_lik= 1962.0611977904184 f_dc (1e6)= 16148.892858438261 |g_lik|= 8784.430297211033 |g_dc|= 559.3695748822611
it no: 277 f_tot= 16147855609.143696 f_lik= 1957.380486310323 f_dc (1e6)= 16147.853651763211 |g_lik|= 8280.210767563689 |g_dc|= 559.3552732803647
it no: 278 f_tot= 16146889829.03543 f_lik= 1958.6536061141605 f_dc (1e6)= 16146.887870381825 |g_lik|= 7872.664423780498 |g_dc|= 559.3421800657356
it no: 279 f_tot= 16146014273.797476 f_lik= 1952.6038593110584 f_dc (1e6)= 16146.012321193617 |g_lik|= 7514.688469713461 |g_dc|= 559.3305621404193
it no: 280 f_tot= 16145144162.010632 f_lik= 1928.7113875834148 f_dc (1e6)= 16145.142233299244 |g_lik|= 7256.283664794463 |g_dc|= 559.3189395544107
it no: 281 f_tot= 16144350491.773863 f_lik= 1956.8907485453287 f_dc (1e6)= 16144.348534883115 |g_lik|= 6954.135562615617 |g_dc|= 559.3085484582704
it no: 282 f_tot= 16143595113.097567 f_lik= 1927.0107250286285 f_dc (1e6)= 16143.593186086842 |g_lik|= 6700.376202240221 |g_dc|= 559.2986742875977
f_dc (1e6): 16151.11589137651  perc: 352.490330008425
it no: 286 f_tot= 16152211613.667343 f_lik= 1995.7407030141921 f_dc (1e6)= 16152.20961792664 |g_lik|= 14168.871531011855 |g_dc|= 559.4150553042272
it no: 287 f_tot= 16151076330.472027 f_lik= 1993.5669850939796 f_dc (1e6)= 16151.074336905043 |g_lik|= 10178.852858195334 |g_dc|= 559.3996111935824
it no: 288 f_tot= 16149955923.723883 f_lik= 1966.4571688279652 f_dc (1e6)= 16149.953957266714 |g_lik|= 9382.933602138877 |g_dc|= 559.3841477335568
it no: 289 f_tot= 16148862661.308802 f_lik= 1964.8225448603857 f_dc (1e6)= 16148.860696486257 |g_lik|= 8786.483425527796 |g_dc|= 559.3690176931548
it no: 290 f_tot= 16147842218.369047 f_lik= 1951.8675369544255 f_dc (1e6)= 16147.840266501511 |g_lik|= 8266.565786370355 |g_dc|= 559.3550365178304
it no: 291 f_tot= 16146939735.754093 f_lik= 1961.057717878705 f_dc (1e6)= 16146.937774696375 |g_lik|= 7854.087194476584 |g_dc|= 559.3430257042991
it no: 292 f_tot= 16146108089.272127 f_lik= 1937.9172051348005 f_dc (1e6)= 16146.106151354921 |g_lik|= 7546.296312554649 |g_dc|= 559.3321750203661
it no: 293 f_tot= 16145283909.477602 f_lik= 1936.8149531885556 f_dc (1e6)= 16145.28197266265 |g_lik|= 7276.311521097469 |g_dc|= 559.3213546603699
it no: 294 f_tot= 16144526164.583424 f_lik= 1928.6744204820905 f_dc (1e6)= 16144.524235909003 |g_lik|= 6984.308092809049 |g_dc|= 559.3115928176937
it no: 295 f_tot= 16143743016.119379 f_lik= 1921.744553395226 f_dc (1e6)= 16143.741094374827 |g_lik|= 6729.416987317092 |g_dc|= 559.301244617472
f_dc (1e6): 16151.074336905043  perc: 352.48942310208736
it no: 299 f_tot= 16152207953.351755 f_lik= 2009.669059836978 f_dc (1e6)= 16152.205943682695 |g_lik|= 14167.032005187777 |g_dc|= 559.4150006848406
it no: 300 f_tot= 16151108905.96752 f_lik= 2004.8294217999776 f_dc (1e6)= 16151.106901138097 |g_lik|= 10129.800363767283 |g_dc|= 559.4001864602634
it no: 301 f_tot= 16150021615.20599 f_lik= 1969.81378055845 f_dc (1e6)= 16150.01964539221 |g_lik|= 9375.056691305623 |g_dc|= 559.3853070031611
it no: 302 f_tot= 16148986576.768965 f_lik= 1979.956563296091 f_dc (1e6)= 16148.984596812401 |g_lik|= 8811.676463585092 |g_dc|= 559.3711853382921
it no: 303 f_tot= 16147958471.808538 f_lik= 1950.1485736047655 f_dc (1e6)= 16147.956521659966 |g_lik|= 8289.67207062881 |g_dc|= 559.3570749775042
it no: 304 f_tot= 16147004702.705086 f_lik= 1974.9475222760154 f_dc (1e6)= 16147.002727757563 |g_lik|= 7853.649908899054 |g_dc|= 559.3441833283373
it no: 305 f_tot= 16146134389.908602 f_lik= 1939.0056049183436 f_dc (1e6)= 16146.132450902996 |g_lik|= 7510.535986964286 |g_dc|= 559.3326746572246
it no: 306 f_tot= 16145320199.03141 f_lik= 1964.8570261492048 f_dc (1e6)= 16145.318234174383 |g_lik|= 7326.485184063065 |g_dc|= 559.3220244583641
it no: 307 f_tot= 16144547304.124987 f_lik= 1942.3914647274926 f_dc (1e6)= 16144.545361733522 |g_lik|= 7098.536326109519 |g_dc|= 559.3119760413279
it no: 308 f_tot= 16143792364.768755 f_lik= 1932.1995021783737 f_dc (1e6)= 16143.790432569253 |g_lik|= 6687.0101806455195 |g_dc|= 559.3021120685218
f_dc (1e6): 16151.106901138097  perc: 352.4901338007991
it no: 312 f_tot= 16152203909.720663 f_lik= 2031.4257067326137 f_dc (1e6)= 16152.201878294956 |g_lik|= 14164.205189220356 |g_dc|= 559.4149338349253
it no: 313 f_tot= 16151126114.444538 f_lik= 1962.179818447658 f_dc (1e6)= 16151.12415226472 |g_lik|= 10140.325509197202 |g_dc|= 559.400479492214
it no: 314 f_tot= 16149999846.018494 f_lik= 1957.8249042910622 f_dc (1e6)= 16149.99788819359 |g_lik|= 9375.18598726735 |g_dc|= 559.3849233015718
it no: 315 f_tot= 16148911610.115192 f_lik= 1979.2264977436973 f_dc (1e6)= 16148.909630888695 |g_lik|= 8829.610209320655 |g_dc|= 559.3698739014687
it no: 316 f_tot= 16147883894.90756 f_lik= 1953.7210264926864 f_dc (1e6)= 16147.881941186533 |g_lik|= 8281.102219655824 |g_dc|= 559.3557789269305
it no: 317 f_tot= 16146930842.504404 f_lik= 1924.8308239046733 f_dc (1e6)= 16146.92891767358 |g_lik|= 7856.484396422093 |g_dc|= 559.3428940565545
it no: 318 f_tot= 16146021168.058151 f_lik= 1948.595814875648 f_dc (1e6)= 16146.019219462336 |g_lik|= 7529.929468808932 |g_dc|= 559.3306877454518
it no: 319 f_tot= 16145210410.80449 f_lik= 1944.3548631404128 f_dc (1e6)= 16145.208466449627 |g_lik|= 7256.47606611688 |g_dc|= 559.3201036044746
it no: 320 f_tot= 16144459398.78179 f_lik= 1948.4317759668259 f_dc (1e6)= 16144.457450350013 |g_lik|= 6931.5916019428605 |g_dc|= 559.3104430451556
it no: 321 f_tot= 16143711044.059654 f_lik= 1920.6666425795781 f_dc (1e6)= 16143.709123393011 |g_lik|= 6678.921070614951 |g_dc|= 559.3007024335536
f_dc (1e6): 16151.12415226472  perc: 352.4905102983338
it no: 325 f_tot= 16152212045.54673 f_lik= 1999.587183780216 f_dc (1e6)= 16152.210045959548 |g_lik|= 14199.160970528877 |g_dc|= 559.4150672228483
it no: 326 f_tot= 16151086578.332209 f_lik= 1983.7158585802715 f_dc (1e6)= 16151.08459461635 |g_lik|= 10149.890477461968 |g_dc|= 559.3997881208842
it no: 327 f_tot= 16149964229.983978 f_lik= 1989.178702531542 f_dc (1e6)= 16149.962240805275 |g_lik|= 9371.271257447572 |g_dc|= 559.3842940407744
it no: 328 f_tot= 16148884574.153372 f_lik= 1974.5278253849347 f_dc (1e6)= 16148.882599625545 |g_lik|= 8807.589225571777 |g_dc|= 559.3694082829306
it no: 329 f_tot= 16147913314.38029 f_lik= 1970.4462637656075 f_dc (1e6)= 16147.911343934025 |g_lik|= 8297.016747101256 |g_dc|= 559.3562893484075
it no: 330 f_tot= 16147003988.391354 f_lik= 1967.826986051287 f_dc (1e6)= 16147.002020564367 |g_lik|= 7867.389762270661 |g_dc|= 559.3441790380073
it no: 331 f_tot= 16146129639.986574 f_lik= 1969.2260312525432 f_dc (1e6)= 16146.127670760543 |g_lik|= 7531.2365589592355 |g_dc|= 559.332568472289
it no: 332 f_tot= 16145323920.937132 f_lik= 1931.9266189166478 f_dc (1e6)= 16145.321989010514 |g_lik|= 7274.319749781697 |g_dc|= 559.3220606186106
it no: 333 f_tot= 16144539922.915506 f_lik= 1932.5940563901265 f_dc (1e6)= 16144.537990321449 |g_lik|= 6940.58500408426 |g_dc|= 559.3118172682075
it no: 334 f_tot= 16143813764.401361 f_lik= 1923.2585457193284 f_dc (1e6)= 16143.811841142817 |g_lik|= 6674.806171998931 |g_dc|= 559.3024539886189
f_dc (1e6): 16151.08459461635  perc: 352.48964697169913
it no: 338 f_tot= 16152204936.32483 f_lik= 1999.7623299952916 f_dc (1e6)= 16152.2029365625 |g_lik|= 14124.139218207762 |g_dc|= 559.414955103843
it no: 339 f_tot= 16151112595.107468 f_lik= 1974.155051483881 f_dc (1e6)= 16151.110620952415 |g_lik|= 10181.159187433626 |g_dc|= 559.4002428752758
it no: 340 f_tot= 16149944365.178316 f_lik= 1961.9387091318765 f_dc (1e6)= 16149.942403239607 |g_lik|= 9393.352820488042 |g_dc|= 559.3839565677577
it no: 341 f_tot= 16148839982.663464 f_lik= 1970.1386306533075 f_dc (1e6)= 16148.838012524833 |g_lik|= 8824.047258359886 |g_dc|= 559.3686205426937
it no: 342 f_tot= 16147829817.58927 f_lik= 1972.5112701839491 f_dc (1e6)= 16147.827845078 |g_lik|= 8274.139934335644 |g_dc|= 559.3548334713532
it no: 343 f_tot= 16146874841.026896 f_lik= 1964.7520863632928 f_dc (1e6)= 16146.872876274809 |g_lik|= 7869.173394074544 |g_dc|= 559.3419181300599
it no: 344 f_tot= 16145980273.128922 f_lik= 1957.4465550558907 f_dc (1e6)= 16145.978315682367 |g_lik|= 7510.3669426945025 |g_dc|= 559.3299666465292
it no: 345 f_tot= 16145135652.901825 f_lik= 1920.9922696690332 f_dc (1e6)= 16145.133731909555 |g_lik|= 7255.727111711173 |g_dc|= 559.3187973889138
it no: 346 f_tot= 16144363386.019785 f_lik= 1949.1502830123902 f_dc (1e6)= 16144.361436869502 |g_lik|= 7071.002899235847 |g_dc|= 559.3087629231053
it no: 347 f_tot= 16143629376.786068 f_lik= 1931.6033618055071 f_dc (1e6)= 16143.627445182707 |g_lik|= 6808.507726830023 |g_dc|= 559.2992706030685
f_dc (1e6): 16151.110620952415  perc: 352.49021498395604
it no: 351 f_tot= 16152211397.685984 f_lik= 2015.628281294959 f_dc (1e6)= 16152.209382057703 |g_lik|= 14151.7907455872 |g_dc|= 559.4150514517097
it no: 352 f_tot= 16151110937.842499 f_lik= 1980.0458644776118 f_dc (1e6)= 16151.108957796634 |g_lik|= 10181.309109236872 |g_dc|= 559.4002094019809
it no: 353 f_tot= 16150001741.359632 f_lik= 1970.796955457415 f_dc (1e6)= 16149.999770562677 |g_lik|= 9391.560907319314 |g_dc|= 559.384950315902
it no: 354 f_tot= 16148947332.655758 f_lik= 1979.816824284054 f_dc (1e6)= 16148.945352838933 |g_lik|= 8822.880157415546 |g_dc|= 559.3704854164661
it no: 355 f_tot= 16147908266.946537 f_lik= 1934.450914110456 f_dc (1e6)= 16147.906332495622 |g_lik|= 8306.931952996518 |g_dc|= 559.356195948779
it no: 356 f_tot= 16146958290.2398 f_lik= 1917.9738648532687 f_dc (1e6)= 16146.956372265933 |g_lik|= 7868.600498624862 |g_dc|= 559.3433637620886
it no: 357 f_tot= 16146059049.965096 f_lik= 1949.4711650825682 f_dc (1e6)= 16146.05710049393 |g_lik|= 7543.317363828513 |g_dc|= 559.3313375588799
it no: 358 f_tot= 16145217022.546677 f_lik= 1943.8243780154273 f_dc (1e6)= 16145.215078722298 |g_lik|= 7238.54360394437 |g_dc|= 559.3202012104969
it no: 359 f_tot= 16144400447.517109 f_lik= 1909.516870556786 f_dc (1e6)= 16144.398538000238 |g_lik|= 6941.958344622479 |g_dc|= 559.3093937506075
it no: 360 f_tot= 16143658445.929644 f_lik= 1934.1910707310267 f_dc (1e6)= 16143.656511738573 |g_lik|= 6700.633342525317 |g_dc|= 559.2997514593642
f_dc (1e6): 16151.108957796634  perc: 352.4901786863817
it no: 364 f_tot= 16152211605.616898 f_lik= 2026.5987798708961 f_dc (1e6)= 16152.209579018117 |g_lik|= 14210.284847720084 |g_dc|= 559.4150819369826
it no: 365 f_tot= 16151122996.977135 f_lik= 1990.1988349896385 f_dc (1e6)= 16151.1210067783 |g_lik|= 10145.324543766732 |g_dc|= 559.4004228408206
it no: 366 f_tot= 16150014523.639124 f_lik= 1968.9866171391805 f_dc (1e6)= 16150.012554652505 |g_lik|= 9359.03232636162 |g_dc|= 559.3851887476109
it no: 367 f_tot= 16148929841.991467 f_lik= 1942.793655166626 f_dc (1e6)= 16148.927899197812 |g_lik|= 8795.91006988181 |g_dc|= 559.3702152232253
it no: 368 f_tot= 16147917741.500723 f_lik= 1966.0125648634773 f_dc (1e6)= 16147.915775488158 |g_lik|= 8274.914557947202 |g_dc|= 559.3563843732603
it no: 369 f_tot= 16146966979.470078 f_lik= 1929.83151453109 f_dc (1e6)= 16146.965049638564 |g_lik|= 7857.843262887156 |g_dc|= 559.343544482522
it no: 370 f_tot= 16146078916.045462 f_lik= 1946.8305966776893 f_dc (1e6)= 16146.076969214864 |g_lik|= 7499.356972969737 |g_dc|= 559.3317000213016
it no: 371 f_tot= 16145231509.447208 f_lik= 1941.8570994095576 f_dc (1e6)= 16145.22956759011 |g_lik|= 7262.369112150174 |g_dc|= 559.3204740098033
it no: 372 f_tot= 16144461655.720928 f_lik= 1923.6375694456556 f_dc (1e6)= 16144.459732083358 |g_lik|= 6953.947172722267 |g_dc|= 559.3104881043217
it no: 373 f_tot= 16143737528.595766 f_lik= 1939.8939940806797 f_dc (1e6)= 16143.735588701773 |g_lik|= 6691.873135803543 |g_dc|= 559.3011674167227
f_dc (1e6): 16151.1210067783  perc: 352.49044164960674
it no: 377 f_tot= 16152204920.144133 f_lik= 2015.0017358016967 f_dc (1e6)= 16152.202905142396 |g_lik|= 14187.759938036086 |g_dc|= 559.4149458584278
it no: 378 f_tot= 16151092499.617844 f_lik= 1970.8202321443105 f_dc (1e6)= 16151.090528797611 |g_lik|= 10128.706051680509 |g_dc|= 559.3998814414372
it no: 379 f_tot= 16149967789.766958 f_lik= 1973.0580086390178 f_dc (1e6)= 16149.96581670895 |g_lik|= 9401.664233043108 |g_dc|= 559.3843660875245
it no: 380 f_tot= 16148906272.307129 f_lik= 1977.1217136510213 f_dc (1e6)= 16148.904295185415 |g_lik|= 8824.60182811725 |g_dc|= 559.3697878547647
it no: 381 f_tot= 16147873264.304047 f_lik= 1954.3136085056124 f_dc (1e6)= 16147.871309990438 |g_lik|= 8284.418664882594 |g_dc|= 559.3556009409095
it no: 382 f_tot= 16146940260.677584 f_lik= 1948.8578369534584 f_dc (1e6)= 16146.938311819746 |g_lik|= 7886.393924368846 |g_dc|= 559.34306779221
it no: 383 f_tot= 16146049838.973873 f_lik= 1960.2692844645183 f_dc (1e6)= 16146.047878704589 |g_lik|= 7520.001298281995 |g_dc|= 559.3311831186647
it no: 384 f_tot= 16145229974.9432 f_lik= 1936.1687971950712 f_dc (1e6)= 16145.228038774403 |g_lik|= 7261.722434417682 |g_dc|= 559.3204252391207
it no: 385 f_tot= 16144447932.339138 f_lik= 1929.8335819734846 f_dc (1e6)= 16144.446002505556 |g_lik|= 6930.111913376017 |g_dc|= 559.3102106880059
it no: 386 f_tot= 16143731537.585411 f_lik= 1951.33340692066 f_dc (1e6)= 16143.729586252004 |g_lik|= 6684.761171509673 |g_dc|= 559.3010306622716
f_dc (1e6): 16151.090528797611  perc: 352.4897764823488
it no: 390 f_tot= 16152208537.265505 f_lik= 1985.9149550773984 f_dc (1e6)= 16152.20655135055 |g_lik|= 14143.665923741646 |g_dc|= 559.4150188638059
it no: 391 f_tot= 16151105464.068747 f_lik= 2000.0553030613492 f_dc (1e6)= 16151.103464013442 |g_lik|= 10171.460385820514 |g_dc|= 559.4001203709918
it no: 392 f_tot= 16149992017.937984 f_lik= 1954.437967665536 f_dc (1e6)= 16149.990063500018 |g_lik|= 9392.74104216773 |g_dc|= 559.3847880027472
it no: 393 f_tot= 16148885143.992191 f_lik= 1961.942773347582 f_dc (1e6)= 16148.883182049418 |g_lik|= 8816.181013084988 |g_dc|= 559.369437564835
it no: 394 f_tot= 16147865681.486637 f_lik= 1953.1649239603678 f_dc (1e6)= 16147.863728321712 |g_lik|= 8283.284213256122 |g_dc|= 559.3554754415119
it no: 395 f_tot= 16146904617.069735 f_lik= 1958.3080900900704 f_dc (1e6)= 16146.902658761644 |g_lik|= 7888.014050855976 |g_dc|= 559.3424626301347
it no: 396 f_tot= 16146011863.077492 f_lik= 1968.4630220395043 f_dc (1e6)= 16146.00989461447 |g_lik|= 7539.202533815197 |g_dc|= 559.3305291219659
it no: 397 f_tot= 16145200507.638409 f_lik= 1954.3977222914923 f_dc (1e6)= 16145.198553240687 |g_lik|= 7256.182004390895 |g_dc|= 559.3199460077506
it no: 398 f_tot= 16144436296.703564 f_lik= 1923.6792826861426 f_dc (1e6)= 16144.43437302428 |g_lik|= 6922.369444926101 |g_dc|= 559.3100404154646
it no: 399 f_tot= 16143698789.829098 f_lik= 1966.2555392356146 f_dc (1e6)= 16143.696823573559 |g_lik|= 6680.33242196919 |g_dc|= 559.3004763957962
f_dc (1e6): 16151.103464013442  perc: 352.49005878720794
it no: 403 f_tot= 16152207390.849966 f_lik= 2005.5680407133557 f_dc (1e6)= 16152.205385281924 |g_lik|= 14153.009847466648 |g_dc|= 559.414996288456
it no: 404 f_tot= 16151112945.713102 f_lik= 1975.27369640532 f_dc (1e6)= 16151.110970439406 |g_lik|= 10115.471401158771 |g_dc|= 559.4002407371953
it no: 405 f_tot= 16149993265.379778 f_lik= 1946.5349475501832 f_dc (1e6)= 16149.99131884483 |g_lik|= 9382.773402356052 |g_dc|= 559.3848001807987
it no: 406 f_tot= 16148922567.293623 f_lik= 1982.3322308515367 f_dc (1e6)= 16148.920584961392 |g_lik|= 8824.420123177306 |g_dc|= 559.3700657077964
it no: 407 f_tot= 16147877122.28749 f_lik= 1963.7012808756601 f_dc (1e6)= 16147.87515858621 |g_lik|= 8280.148707571801 |g_dc|= 559.3556516423422
it no: 408 f_tot= 16146923955.68701 f_lik= 1966.9727966490245 f_dc (1e6)= 16146.921988714212 |g_lik|= 7850.712530737369 |g_dc|= 559.3427601993461
it no: 409 f_tot= 16146064967.400234 f_lik= 1919.8208868735178 f_dc (1e6)= 16146.063047579348 |g_lik|= 7520.984723645589 |g_dc|= 559.3314247984453
it no: 410 f_tot= 16145219659.321953 f_lik= 1921.488832710811 f_dc (1e6)= 16145.21773783312 |g_lik|= 7271.091060372047 |g_dc|= 559.320235295424
it no: 411 f_tot= 16144401143.786737 f_lik= 1911.0767748224168 f_dc (1e6)= 16144.399232709962 |g_lik|= 6989.256663312355 |g_dc|= 559.3093930993176
it no: 412 f_tot= 16143630881.742641 f_lik= 1946.4793673597064 f_dc (1e6)= 16143.628935263274 |g_lik|= 6700.412064451003 |g_dc|= 559.299271054031
f_dc (1e6): 16151.110970439406  perc: 352.4902226113413
it no: 416 f_tot= 16152213698.03594 f_lik= 1989.764377621242 f_dc (1e6)= 16152.211708271563 |g_lik|= 14174.83787003775 |g_dc|= 559.4151121182039
it no: 417 f_tot= 16151123571.530285 f_lik= 1999.3971374075754 f_dc (1e6)= 16151.121572133148 |g_lik|= 10155.51693922681 |g_dc|= 559.4004393631564
it no: 418 f_tot= 16149951018.250738 f_lik= 2004.7884486370995 f_dc (1e6)= 16149.94901346229 |g_lik|= 9414.990002605566 |g_dc|= 559.384087878205
it no: 419 f_tot= 16148861585.062122 f_lik= 1958.6575139145625 f_dc (1e6)= 16148.859626404608 |g_lik|= 8821.173086884499 |g_dc|= 559.3690161663059
it no: 420 f_tot= 16147831691.319635 f_lik= 1978.582257666815 f_dc (1e6)= 16147.829712737377 |g_lik|= 8311.083861326439 |g_dc|= 559.3548829182087
it no: 421 f_tot= 16146885696.275005 f_lik= 1966.6659574436005 f_dc (1e6)= 16146.88372960905 |g_lik|= 7875.73131925296 |g_dc|= 559.3421376716392
it no: 422 f_tot= 16146019122.021938 f_lik= 1934.5126827149163 f_dc (1e6)= 16146.017187509256 |g_lik|= 7550.232332794397 |g_dc|= 559.3306679709541
it no: 423 f_tot= 16145206213.771315 f_lik= 1950.7505392310734 f_dc (1e6)= 16145.204263020774 |g_lik|= 7275.639373724382 |g_dc|= 559.3200409493946
it no: 424 f_tot= 16144365305.980576 f_lik= 1929.813252454485 f_dc (1e6)= 16144.363376167323 |g_lik|= 6993.326798234588 |g_dc|= 559.3088168378546
it no: 425 f_tot= 16143659727.304241 f_lik= 1935.8639157815207 f_dc (1e6)= 16143.657791440324 |g_lik|= 6746.148342769312 |g_dc|= 559.2998197826781
f_dc (1e6): 16151.121572133148  perc: 352.4904539882042
it no: 429 f_tot= 16152207571.352749 f_lik= 1989.1421934908913 f_dc (1e6)= 16152.205582210556 |g_lik|= 14163.798705431956 |g_dc|= 559.414987673051
it no: 430 f_tot= 16151112704.506414 f_lik= 1992.4646814929872 f_dc (1e6)= 16151.110712041733 |g_lik|= 10178.187928489675 |g_dc|= 559.4002262654959
it no: 431 f_tot= 16149970496.503742 f_lik= 1992.406160600753 f_dc (1e6)= 16149.968504097582 |g_lik|= 9397.98576847235 |g_dc|= 559.3844031141695
it no: 432 f_tot= 16148884698.30141 f_lik= 1939.8199515896752 f_dc (1e6)= 16148.882758481459 |g_lik|= 8802.828145359725 |g_dc|= 559.3693953694512
it no: 433 f_tot= 16147870113.925262 f_lik= 1968.514305368832 f_dc (1e6)= 16147.868145410957 |g_lik|= 8285.92995559813 |g_dc|= 559.3555245989464
it no: 434 f_tot= 16146924037.090326 f_lik= 1957.2191371263777 f_dc (1e6)= 16146.922079871189 |g_lik|= 7864.676888230407 |g_dc|= 559.342751511033
it no: 435 f_tot= 16146028852.07608 f_lik= 1948.1937107903616 f_dc (1e6)= 16146.02690388237 |g_lik|= 7511.278953630118 |g_dc|= 559.3307972248623
it no: 436 f_tot= 16145166335.463253 f_lik= 1917.2961878473418 f_dc (1e6)= 16145.164418167065 |g_lik|= 7248.993926543824 |g_dc|= 559.3192957974104
it no: 437 f_tot= 16144335082.281483 f_lik= 1933.748362465813 f_dc (1e6)= 16144.333148533122 |g_lik|= 6957.9610613007835 |g_dc|= 559.3082372358197
it no: 438 f_tot= 16143565268.50313 f_lik= 1934.2949070944105 f_dc (1e6)= 16143.563334208224 |g_lik|= 6700.557885573726 |g_dc|= 559.2981057855523
f_dc (1e6): 16151.110712041733  perc: 352.49021697193655
it no: 442 f_tot= 16152209574.10159 f_lik= 1998.5406898117064 f_dc (1e6)= 16152.2075755609 |g_lik|= 14130.365617139667 |g_dc|= 559.4150461197645
it no: 443 f_tot= 16151114225.347385 f_lik= 1971.4740706234886 f_dc (1e6)= 16151.112253873314 |g_lik|= 10166.477440958412 |g_dc|= 559.4002900213561
it no: 444 f_tot= 16150032312.194044 f_lik= 1948.6232339277722 f_dc (1e6)= 16150.03036357081 |g_lik|= 9384.95356699171 |g_dc|= 559.3855087036042
it no: 445 f_tot= 16148933227.814857 f_lik= 1975.7816581526256 f_dc (1e6)= 16148.931252033199 |g_lik|= 8789.002697224376 |g_dc|= 559.3702816390687
it no: 446 f_tot= 16147939121.032637 f_lik= 1944.3993948700315 f_dc (1e6)= 16147.937176633242 |g_lik|= 8300.762264740577 |g_dc|= 559.3567700791884
it no: 447 f_tot= 16146981608.55855 f_lik= 1971.2174124563307 f_dc (1e6)= 16146.979637341137 |g_lik|= 7834.301579305579 |g_dc|= 559.3438124308033
it no: 448 f_tot= 16146162915.983187 f_lik= 1946.808415309361 f_dc (1e6)= 16146.160969174773 |g_lik|= 7511.854672111983 |g_dc|= 559.3331803863995
it no: 449 f_tot= 16145318143.658972 f_lik= 1952.2499521546138 f_dc (1e6)= 16145.31619140902 |g_lik|= 7279.813239100044 |g_dc|= 559.3219954222523
it no: 450 f_tot= 16144554256.10242 f_lik= 1947.0034585861933 f_dc (1e6)= 16144.552309098963 |g_lik|= 6964.592250383011 |g_dc|= 559.3121137797621
it no: 451 f_tot= 16143807602.125504 f_lik= 1927.1636101046063 f_dc (1e6)= 16143.805674961894 |g_lik|= 6672.634319620956 |g_dc|= 559.3023973787169
f_dc (1e6): 16151.112253873314  perc: 352.4902506216686
it no: 455 f_tot= 16152207941.802965 f_lik= 1987.8756183029357 f_dc (1e6)= 16152.205953927347 |g_lik|= 14198.443971524777 |g_dc|= 559.4149908411539
it no: 456 f_tot= 16151123595.081234 f_lik= 1968.0462232353573 f_dc (1e6)= 16151.12162703501 |g_lik|= 10148.842845282792 |g_dc|= 559.4004127208681
it no: 457 f_tot= 16149990876.890362 f_lik= 1965.2280518477303 f_dc (1e6)= 16149.988911662309 |g_lik|= 9396.488837563873 |g_dc|= 559.384756298143
it no: 458 f_tot= 16148894389.698067 f_lik= 1945.9230276169096 f_dc (1e6)= 16148.89244377504 |g_lik|= 8801.585662753181 |g_dc|= 559.3695569701116
it no: 459 f_tot= 16147881646.141048 f_lik= 1925.0209771038237 f_dc (1e6)= 16147.87972112007 |g_lik|= 8317.49632310825 |g_dc|= 559.3557176886299
it no: 460 f_tot= 16146899333.833952 f_lik= 1961.293550852821 f_dc (1e6)= 16146.897372540401 |g_lik|= 7863.7009659963815 |g_dc|= 559.34233281731
it no: 461 f_tot= 16146023632.9973 f_lik= 1928.1217416572572 f_dc (1e6)= 16146.021704875557 |g_lik|= 7527.640647756957 |g_dc|= 559.3307012896772
it no: 462 f_tot= 16145207465.782211 f_lik= 1954.4629799702054 f_dc (1e6)= 16145.205511319231 |g_lik|= 7242.179206634455 |g_dc|= 559.3200226291189
it no: 463 f_tot= 16144437297.784397 f_lik= 1945.456372218359 f_dc (1e6)= 16144.435352328026 |g_lik|= 6947.948251282227 |g_dc|= 559.310019319394
it no: 464 f_tot= 16143659637.963215 f_lik= 1935.193182859875 f_dc (1e6)= 16143.657702770033 |g_lik|= 6680.429793268624 |g_dc|= 559.2997578974124
f_dc (1e6): 16151.12162703501  perc: 352.49045518641094
it no: 468 f_tot= 16152208946.047558 f_lik= 2007.882393962315 f_dc (1e6)= 16152.206938165164 |g_lik|= 14169.966035408726 |g_dc|= 559.4150320964839
it no: 469 f_tot= 16151109326.106901 f_lik= 2007.9676522123245 f_dc (1e6)= 16151.10731813925 |g_lik|= 10145.73718596023 |g_dc|= 559.4001957366108
it no: 470 f_tot= 16149989964.726152 f_lik= 2002.0680220912752 f_dc (1e6)= 16149.987962658131 |g_lik|= 9400.282566395992 |g_dc|= 559.3847565027419
it no: 471 f_tot= 16148904256.56129 f_lik= 1971.1503729929243 f_dc (1e6)= 16148.902285410917 |g_lik|= 8785.650487170591 |g_dc|= 559.3697687572309
it no: 472 f_tot= 16147900318.640594 f_lik= 1941.4032135282243 f_dc (1e6)= 16147.898377237381 |g_lik|= 8288.209235160468 |g_dc|= 559.3560816850776
it no: 473 f_tot= 16146951097.729403 f_lik= 1975.7675135630652 f_dc (1e6)= 16146.949121961889 |g_lik|= 7876.200740600302 |g_dc|= 559.3432561008308
it no: 474 f_tot= 16146065236.115265 f_lik= 1947.9960652923585 f_dc (1e6)= 16146.0632881192 |g_lik|= 7508.492749974473 |g_dc|= 559.3314388416208
it no: 475 f_tot= 16145260132.278091 f_lik= 1949.289883421035 f_dc (1e6)= 16145.25818298821 |g_lik|= 7245.426427484345 |g_dc|= 559.3209450008377
it no: 476 f_tot= 16144519895.606674 f_lik= 1933.0921659124465 f_dc (1e6)= 16144.517962514508 |g_lik|= 6948.857887084415 |g_dc|= 559.3114732167035
it no: 477 f_tot= 16143772119.764412 f_lik= 1936.2414329855783 f_dc (1e6)= 16143.77018352298 |g_lik|= 6652.6008185103865 |g_dc|= 559.301739160037
f_dc (1e6): 16151.10731813925  perc: 352.49014290164854
it no: 481 f_tot= 16152206469.616074 f_lik= 2015.4288576089768 f_dc (1e6)= 16152.204454187216 |g_lik|= 14183.882729414223 |g_dc|= 559.414970771033
it no: 482 f_tot= 16151095442.345518 f_lik= 1971.2561544913337 f_dc (1e6)= 16151.093471089363 |g_lik|= 10154.888086136974 |g_dc|= 559.3999386034412
it no: 483 f_tot= 16149922332.698427 f_lik= 1972.4735696601867 f_dc (1e6)= 16149.920360224858 |g_lik|= 9353.842334968765 |g_dc|= 559.3835569566073
it no: 484 f_tot= 16148841006.489832 f_lik= 1946.099904468173 f_dc (1e6)= 16148.839060389926 |g_lik|= 8820.052851206292 |g_dc|= 559.3686341340975
it no: 485 f_tot= 16147812233.07924 f_lik= 1976.088550668444 f_dc (1e6)= 16147.81025699069 |g_lik|= 8295.12180388024 |g_dc|= 559.3545009970927
it no: 486 f_tot= 16146871877.74492 f_lik= 1937.3326867757526 f_dc (1e6)= 16146.869940412233 |g_lik|= 7882.45524003133 |g_dc|= 559.3418453377456
it no: 487 f_tot= 16146017492.753616 f_lik= 1982.4710989888508 f_dc (1e6)= 16146.015510282516 |g_lik|= 7524.686086757728 |g_dc|= 559.3305778952628
it no: 488 f_tot= 16145212198.556997 f_lik= 1944.6478759947277 f_dc (1e6)= 16145.210253909121 |g_lik|= 7233.784895806088 |g_dc|= 559.3200871265532
it no: 489 f_tot= 16144414094.308138 f_lik= 1913.546231014615 f_dc (1e6)= 16144.412180761907 |g_lik|= 6922.561530837219 |g_dc|= 559.3096171757903
it no: 490 f_tot= 16143681567.745047 f_lik= 1904.0311170360021 f_dc (1e6)= 16143.67966371393 |g_lik|= 6674.4140447284635 |g_dc|= 559.3001538792852
f_dc (1e6): 16151.093471089363  perc: 352.48984069644996
it no: 494 f_tot= 16152210956.59377 f_lik= 2033.6110817038445 f_dc (1e6)= 16152.208922982687 |g_lik|= 14167.676282958377 |g_dc|= 559.4150540862522
it no: 495 f_tot= 16151102956.24178 f_lik= 1968.5856674448648 f_dc (1e6)= 16151.100987656113 |g_lik|= 10135.950797631858 |g_dc|= 559.4000702212238
it no: 496 f_tot= 16149980673.762169 f_lik= 1968.71972764651 f_dc (1e6)= 16149.97870504244 |g_lik|= 9385.879720571384 |g_dc|= 559.3845710098582
it no: 497 f_tot= 16148906798.208138 f_lik= 1963.5899666104997 f_dc (1e6)= 16148.904834618172 |g_lik|= 8825.79231600652 |g_dc|= 559.3697775089802
it no: 498 f_tot= 16147912987.896086 f_lik= 1938.3936495717367 f_dc (1e6)= 16147.911049502436 |g_lik|= 8280.021196176107 |g_dc|= 559.3562711041031
it no: 499 f_tot= 16146976196.401497 f_lik= 1953.8186421793982 f_dc (1e6)= 16146.974242582855 |g_lik|= 7866.066065364013 |g_dc|= 559.3436723427639
it no: 500 f_tot= 16146025488.985418 f_lik= 1933.2731431561424 f_dc (1e6)= 16146.023555712274 |g_lik|= 7498.465061557805 |g_dc|= 559.3307492066679
it no: 501 f_tot= 16145212241.376444 f_lik= 1951.389517862229 f_dc (1e6)= 16145.210289986926 |g_lik|= 7262.670039519644 |g_dc|= 559.3201227856912
it no: 502 f_tot= 16144412661.049744 f_lik= 1930.045021026248 f_dc (1e6)= 16144.410731004722 |g_lik|= 6936.919059690119 |g_dc|= 559.3096162711141
it no: 503 f_tot= 16143697768.34339 f_lik= 1924.9996137373787 f_dc (1e6)= 16143.695843343778 |g_lik|= 6695.462769612267 |g_dc|= 559.3004508156703
f_dc (1e6): 16151.100987656113  perc: 352.4900047419012
it no: 507 f_tot= 16152210994.98636 f_lik= 2022.4129818752833 f_dc (1e6)= 16152.20897257338 |g_lik|= 14134.318319764378 |g_dc|= 559.4150453211854
it no: 508 f_tot= 16151126793.701147 f_lik= 1999.502623852321 f_dc (1e6)= 16151.124794198522 |g_lik|= 10155.690263878516 |g_dc|= 559.4004698976074
it no: 509 f_tot= 16149975577.16227 f_lik= 1947.3084943462554 f_dc (1e6)= 16149.973629853775 |g_lik|= 9374.991851137112 |g_dc|= 559.3844869953989
it no: 510 f_tot= 16148923552.440786 f_lik= 1989.255065772647 f_dc (1e6)= 16148.92156318572 |g_lik|= 8806.29113049599 |g_dc|= 559.3700732319279
it no: 511 f_tot= 16147929946.475403 f_lik= 1969.0901259812854 f_dc (1e6)= 16147.927977385278 |g_lik|= 8312.52195657176 |g_dc|= 559.3565722048461
it no: 512 f_tot= 16146986197.870474 f_lik= 1979.8437171907085 f_dc (1e6)= 16146.984218026757 |g_lik|= 7857.100195281031 |g_dc|= 559.3438538261277
it no: 513 f_tot= 16146142880.735394 f_lik= 1925.0517200024922 f_dc (1e6)= 16146.140955683673 |g_lik|= 7529.422285475829 |g_dc|= 559.3327918452591
it no: 514 f_tot= 16145343905.907799 f_lik= 1944.636565638951 f_dc (1e6)= 16145.341961271233 |g_lik|= 7259.136229566746 |g_dc|= 559.3224052367465
it no: 515 f_tot= 16144561109.1886 f_lik= 1956.4265021251497 f_dc (1e6)= 16144.559152762098 |g_lik|= 6956.981304661142 |g_dc|= 559.3121942806938
it no: 516 f_tot= 16143834450.48246 f_lik= 1940.7434037299383 f_dc (1e6)= 16143.832509739055 |g_lik|= 6699.201121964712 |g_dc|= 559.3028429962371
f_dc (1e6): 16151.124794198522  perc: 352.4905243082301
it no: 520 f_tot= 16152205431.42617 f_lik= 2017.140419963655 f_dc (1e6)= 16152.20341428575 |g_lik|= 14133.6583925615 |g_dc|= 559.4149561872953
it no: 521 f_tot= 16151150810.41289 f_lik= 2017.9257833244687 f_dc (1e6)= 16151.148792487107 |g_lik|= 10151.03677273768 |g_dc|= 559.4008963290123
it no: 522 f_tot= 16150025986.580603 f_lik= 1981.794336636407 f_dc (1e6)= 16150.024004786266 |g_lik|= 9387.136844016695 |g_dc|= 559.385362812673
it no: 523 f_tot= 16148966930.46952 f_lik= 1979.2525157873972 f_dc (1e6)= 16148.964951217005 |g_lik|= 8775.068107065308 |g_dc|= 559.3708176007368
it no: 524 f_tot= 16147939927.48042 f_lik= 1976.4787746647426 f_dc (1e6)= 16147.937951001644 |g_lik|= 8308.227434809114 |g_dc|= 559.3567349616816
it no: 525 f_tot= 16146998074.54626 f_lik= 1963.6607333646502 f_dc (1e6)= 16146.996110885526 |g_lik|= 7873.090980582279 |g_dc|= 559.3440532409934
it no: 526 f_tot= 16146109700.789057 f_lik= 1963.3258271916707 f_dc (1e6)= 16146.10773746323 |g_lik|= 7533.676374021207 |g_dc|= 559.3321994558044
it no: 527 f_tot= 16145291545.45062 f_lik= 1944.328142959958 f_dc (1e6)= 16145.289601122478 |g_lik|= 7282.396593217868 |g_dc|= 559.3214850822081
it no: 528 f_tot= 16144517575.042786 f_lik= 1958.3889312853132 f_dc (1e6)= 16144.515616653855 |g_lik|= 6917.696253188154 |g_dc|= 559.3114264623233
it no: 529 f_tot= 16143796545.10567 f_lik= 1937.4254142397926 f_dc (1e6)= 16143.794607680256 |g_lik|= 6671.289735036819 |g_dc|= 559.3021573792815
f_dc (1e6): 16151.148792487107  perc: 352.49104805932683
it no: 533 f_tot= 16152212341.591963 f_lik= 2002.5826618703206 f_dc (1e6)= 16152.2103390093 |g_lik|= 14220.520314741789 |g_dc|= 559.4150868038386
it no: 534 f_tot= 16151112113.669476 f_lik= 1976.105135748727 f_dc (1e6)= 16151.110137564341 |g_lik|= 10174.576047623957 |g_dc|= 559.4002368959441
it no: 535 f_tot= 16149983674.018637 f_lik= 1989.8837154188611 f_dc (1e6)= 16149.981684134922 |g_lik|= 9358.689153153351 |g_dc|= 559.3846464225056
it no: 536 f_tot= 16148955166.333517 f_lik= 1973.950742559433 f_dc (1e6)= 16148.953192382774 |g_lik|= 8834.850315261712 |g_dc|= 559.3706392817403
it no: 537 f_tot= 16147972197.659481 f_lik= 1954.5749727321806 f_dc (1e6)= 16147.970243084508 |g_lik|= 8295.902655700487 |g_dc|= 559.3573147595877
it no: 538 f_tot= 16147071482.903734 f_lik= 1977.9345607648577 f_dc (1e6)= 16147.069504969173 |g_lik|= 7865.58055445928 |g_dc|= 559.3453490951682
it no: 539 f_tot= 16146175778.963062 f_lik= 1947.4935876437596 f_dc (1e6)= 16146.173831469474 |g_lik|= 7538.77253341066 |g_dc|= 559.3333666557987
it no: 540 f_tot= 16145359187.573473 f_lik= 1919.5772866630555 f_dc (1e6)= 16145.357267996187 |g_lik|= 7264.900582591035 |g_dc|= 559.3226796364643
it no: 541 f_tot= 16144551634.119745 f_lik= 1950.0674958219981 f_dc (1e6)= 16144.54968405225 |g_lik|= 6949.540634209838 |g_dc|= 559.312025124494
it no: 542 f_tot= 16143804164.58068 f_lik= 1919.8537473594574 f_dc (1e6)= 16143.802244726934 |g_lik|= 6689.860826631122 |g_dc|= 559.3023135497174
f_dc (1e6): 16151.110137564341  perc: 352.490204434244
it no: 546 f_tot= 16152210303.443903 f_lik= 2005.654047515506 f_dc (1e6)= 16152.208297789855 |g_lik|= 14163.58889634154 |g_dc|= 559.4150303250889
it no: 547 f_tot= 16151110992.231838 f_lik= 1943.1317575745356 f_dc (1e6)= 16151.109049100081 |g_lik|= 10114.160806888429 |g_dc|= 559.4001936622179
it no: 548 f_tot= 16150016667.016462 f_lik= 1957.1865526590177 f_dc (1e6)= 16150.01470982991 |g_lik|= 9361.314864491496 |g_dc|= 559.3851859408965
it no: 549 f_tot= 16148917868.863344 f_lik= 1959.8447543725513 f_dc (1e6)= 16148.91590901859 |g_lik|= 8808.937100715657 |g_dc|= 559.3699525035055
it no: 550 f_tot= 16147902606.466208 f_lik= 1957.4092009689693 f_dc (1e6)= 16147.900649057006 |g_lik|= 8274.78917343239 |g_dc|= 559.3560768015091
it no: 551 f_tot= 16146971844.95168 f_lik= 1958.7632245735895 f_dc (1e6)= 16146.969886188455 |g_lik|= 7845.291611501851 |g_dc|= 559.3435976004032
it no: 552 f_tot= 16146095327.714537 f_lik= 1957.939849639166 f_dc (1e6)= 16146.093369774686 |g_lik|= 7545.238754303387 |g_dc|= 559.331957795594
it no: 553 f_tot= 16145279804.219269 f_lik= 1941.6035255740937 f_dc (1e6)= 16145.277862615743 |g_lik|= 7263.36854832233 |g_dc|= 559.3212915380498
it no: 554 f_tot= 16144517258.124647 f_lik= 1965.9045017605736 f_dc (1e6)= 16144.515292220147 |g_lik|= 6938.150414699093 |g_dc|= 559.311419840705
it no: 555 f_tot= 16143774721.800432 f_lik= 1935.016362896874 f_dc (1e6)= 16143.77278678407 |g_lik|= 6653.980993721086 |g_dc|= 559.3017908669026
f_dc (1e6): 16151.109049100081  perc: 352.49018067903546
it no: 559 f_tot= 16152208257.916689 f_lik= 1993.4570042782739 f_dc (1e6)= 16152.206264459684 |g_lik|= 14184.28784119963 |g_dc|= 559.4150004213417
it no: 560 f_tot= 16151120412.8153 f_lik= 1971.562684353874 f_dc (1e6)= 16151.118441252615 |g_lik|= 10164.459159997654 |g_dc|= 559.4003629827113
it no: 561 f_tot= 16150000534.067896 f_lik= 1965.3404176348731 f_dc (1e6)= 16149.998568727478 |g_lik|= 9377.328427720473 |g_dc|= 559.3849215096811
it no: 562 f_tot= 16148925957.076902 f_lik= 1973.896228865669 f_dc (1e6)= 16148.923983180674 |g_lik|= 8797.4961140586 |g_dc|= 559.3701137419303
it no: 563 f_tot= 16147960936.478569 f_lik= 1955.572590817951 f_dc (1e6)= 16147.95898090598 |g_lik|= 8294.256132047378 |g_dc|= 559.3570990089647
it no: 564 f_tot= 16147031436.941362 f_lik= 1969.5181011281695 f_dc (1e6)= 16147.029467423261 |g_lik|= 7861.905130124127 |g_dc|= 559.3446334075667
it no: 565 f_tot= 16146163355.875153 f_lik= 1943.9452902802966 f_dc (1e6)= 16146.161411929863 |g_lik|= 7520.419257842628 |g_dc|= 559.3331365723135
it no: 566 f_tot= 16145338494.425032 f_lik= 1949.2446821757726 f_dc (1e6)= 16145.33654518035 |g_lik|= 7243.506889532582 |g_dc|= 559.3223058941038
it no: 567 f_tot= 16144564790.629475 f_lik= 1944.8206772032238 f_dc (1e6)= 16144.562845808798 |g_lik|= 6956.464071171931 |g_dc|= 559.3122409953697
it no: 568 f_tot= 16143845622.73517 f_lik= 1915.5106947762627 f_dc (1e6)= 16143.843707224476 |g_lik|= 6689.22645892347 |g_dc|= 559.3030009176716
f_dc (1e6): 16151.118441252615  perc: 352.4903856582436
it no: 572 f_tot= 16152210431.841694 f_lik= 1999.7523543213663 f_dc (1e6)= 16152.208432089341 |g_lik|= 14179.818974526204 |g_dc|= 559.415052751435
it no: 573 f_tot= 16151113894.976467 f_lik= 1986.9888757378715 f_dc (1e6)= 16151.111907987592 |g_lik|= 10143.696440471334 |g_dc|= 559.4002735892022
it no: 574 f_tot= 16150013265.893574 f_lik= 1993.2427183051336 f_dc (1e6)= 16150.011272650856 |g_lik|= 9367.792386311941 |g_dc|= 559.3851599662615
it no: 575 f_tot= 16148963287.236828 f_lik= 1972.2068292436145 f_dc (1e6)= 16148.96131503 |g_lik|= 8795.3023005205 |g_dc|= 559.3707870392602
it no: 576 f_tot= 16147938643.71074 f_lik= 1956.3965013594855 f_dc (1e6)= 16147.936687314237 |g_lik|= 8283.620428161965 |g_dc|= 559.3567478432634
it no: 577 f_tot= 16146968154.709118 f_lik= 1956.6729901679357 f_dc (1e6)= 16146.966198036127 |g_lik|= 7864.584269305506 |g_dc|= 559.343573871191
it no: 578 f_tot= 16146087011.460644 f_lik= 1949.6930255921682 f_dc (1e6)= 16146.085061767619 |g_lik|= 7518.840059765778 |g_dc|= 559.3318504024332
it no: 579 f_tot= 16145226421.592056 f_lik= 1917.2323905181884 f_dc (1e6)= 16145.224504359665 |g_lik|= 7231.559973856275 |g_dc|= 559.3203892824555
it no: 580 f_tot= 16144444397.092918 f_lik= 1948.5857747130167 f_dc (1e6)= 16144.442448507143 |g_lik|= 6933.099069842716 |g_dc|= 559.3101696635105
it no: 581 f_tot= 16143747412.795895 f_lik= 1939.536632850965 f_dc (1e6)= 16143.745473259261 |g_lik|= 6664.463054449529 |g_dc|= 559.301313643444
f_dc (1e6): 16151.111907987592  perc: 352.4902430728792
it no: 585 f_tot= 16152207415.624638 f_lik= 1997.6361773245676 f_dc (1e6)= 16152.20541798846 |g_lik|= 14166.436029409262 |g_dc|= 559.4149919789412
it no: 586 f_tot= 16151120703.333471 f_lik= 1960.5723678166526 f_dc (1e6)= 16151.118742761102 |g_lik|= 10164.817691922146 |g_dc|= 559.400372581043
it no: 587 f_tot= 16150028984.065956 f_lik= 1975.5538434137618 f_dc (1e6)= 16150.027008512114 |g_lik|= 9386.298904881893 |g_dc|= 559.385416181368
it no: 588 f_tot= 16148931606.800922 f_lik= 1988.7967317018056 f_dc (1e6)= 16148.929618004191 |g_lik|= 8830.378432597601 |g_dc|= 559.3702237872092
it no: 589 f_tot= 16147857166.854794 f_lik= 1960.6553961475975 f_dc (1e6)= 16147.855206199398 |g_lik|= 8263.956509119122 |g_dc|= 559.3553084668079
it no: 590 f_tot= 16146945567.812511 f_lik= 1922.9109178143456 f_dc (1e6)= 16146.943644901594 |g_lik|= 7861.156942856167 |g_dc|= 559.343129973186
it no: 591 f_tot= 16146082595.11325 f_lik= 1972.415807155087 f_dc (1e6)= 16146.080622697444 |g_lik|= 7534.442212216626 |g_dc|= 559.3317237853045
it no: 592 f_tot= 16145240088.383757 f_lik= 1923.2030390748523 f_dc (1e6)= 16145.238165180717 |g_lik|= 7267.86543916075 |g_dc|= 559.3205844814986
it no: 593 f_tot= 16144448664.68007 f_lik= 1924.714169994536 f_dc (1e6)= 16144.4467399659 |g_lik|= 6933.709197085909 |g_dc|= 559.3102257973827
it no: 594 f_tot= 16143719515.238472 f_lik= 1943.590224018097 f_dc (1e6)= 16143.717571648249 |g_lik|= 6694.133229480185 |g_dc|= 559.3008145557121
f_dc (1e6): 16151.118742761102  perc: 352.4903922385212
it no: 598 f_tot= 16152210551.971968 f_lik= 1997.0645585293996 f_dc (1e6)= 16152.208554907409 |g_lik|= 14196.9531568295 |g_dc|= 559.4150502982886
it no: 599 f_tot= 16151115538.902018 f_lik= 1973.3713180977957 f_dc (1e6)= 16151.113565530699 |g_lik|= 10148.393640392036 |g_dc|= 559.4002929221491
it no: 600 f_tot= 16150001866.90808 f_lik= 1930.497367759205 f_dc (1e6)= 16149.999936410712 |g_lik|= 9393.547887338682 |g_dc|= 559.3849517146576
it no: 601 f_tot= 16148920112.206036 f_lik= 1971.9318188076927 f_dc (1e6)= 16148.918140274218 |g_lik|= 8838.997116323795 |g_dc|= 559.3700105261623
it no: 602 f_tot= 16147896213.827795 f_lik= 1993.2367358916147 f_dc (1e6)= 16147.894220591059 |g_lik|= 8295.048470604555 |g_dc|= 559.3559687620095
it no: 603 f_tot= 16146967895.946848 f_lik= 1952.5331299736386 f_dc (1e6)= 16146.965943413717 |g_lik|= 7844.2227355079585 |g_dc|= 559.3435256294669
it no: 604 f_tot= 16146106885.514244 f_lik= 1940.57694900876 f_dc (1e6)= 16146.104944937297 |g_lik|= 7505.511369774066 |g_dc|= 559.3321590068456
it no: 605 f_tot= 16145274971.765137 f_lik= 1947.8882110268728 f_dc (1e6)= 16145.273023876927 |g_lik|= 7299.424388113822 |g_dc|= 559.3212103567158
it no: 606 f_tot= 16144495182.7223 f_lik= 1936.5241379074823 f_dc (1e6)= 16144.493246198163 |g_lik|= 6927.434163757345 |g_dc|= 559.3110462332442
it no: 607 f_tot= 16143762496.319199 f_lik= 1915.191352443695 f_dc (1e6)= 16143.760581127846 |g_lik|= 6667.192436154266 |g_dc|= 559.3015792917892
f_dc (1e6): 16151.113565530699  perc: 352.4902792479597
Traceback (most recent call last):
  File "runrecon.py", line 139, in <module>
    rec_last = abs(np.reshape(rec_vae[:,-2], (640, 320)))[160:-160, :]
  File "/scratch_net/bmicdl03/jonatank/conda_envs/tfv1/lib/python2.7/site-packages/skimage/measure/_structural_similarity.py", line 84, in compare_ssim
    raise ValueError('Input images must have the same dimensions.')
ValueError: Input images must have the same dimensions.
