('Under sample factor: ', 4)
FLAIR20201020-125121/jonatank_lat60_ns50_ps28_modalityFLAIR_step100000.ckpt
Read from existing sensmap pattern file
Read from existing u.s. pattern file
xxxxxxxxxxxxxxxxxxx contRec is 
xxxxxxxxxxxxxxxxxxx parfact is 25
---- Defining VAE
>>> lat_dim value: 60
>>> mode is: MRIunproc
2020-10-23 17:42:41.422451: I tensorflow/core/platform/cpu_feature_guard.cc:141] Your CPU supports instructions that this TensorFlow binary was not compiled to use: AVX2 FMA
2020-10-23 17:42:41.844984: I tensorflow/core/common_runtime/gpu/gpu_device.cc:1432] Found device 0 with properties: 
name: GeForce GTX 1080 Ti major: 6 minor: 1 memoryClockRate(GHz): 1.582
pciBusID: 0000:05:00.0
totalMemory: 10.92GiB freeMemory: 10.77GiB
2020-10-23 17:42:41.845038: I tensorflow/core/common_runtime/gpu/gpu_device.cc:1511] Adding visible gpu devices: 0
2020-10-23 17:42:49.769680: I tensorflow/core/common_runtime/gpu/gpu_device.cc:982] Device interconnect StreamExecutor with strength 1 edge matrix:
2020-10-23 17:42:49.769761: I tensorflow/core/common_runtime/gpu/gpu_device.cc:988]      0 
2020-10-23 17:42:49.769772: I tensorflow/core/common_runtime/gpu/gpu_device.cc:1001] 0:   N 
2020-10-23 17:42:49.770243: I tensorflow/core/common_runtime/gpu/gpu_device.cc:1115] Created TensorFlow device (/job:localhost/replica:0/task:0/device:GPU:0 with 10419 MB memory) -> physical GPU (device: 0, name: GeForce GTX 1080 Ti, pci bus id: 0000:05:00.0, compute capability: 6.1)
Initialized parameters
KCT-info: loaded the new model, trained fastmri
KCT-INFO: the gradients: 
Tensor("gradients_2/AddN_3:0", shape=(1250, 784), dtype=float32)
Tensor("gradients_3/Reshape_2_grad/Reshape:0", shape=(1250, 784), dtype=float32)
Tensor("gradients_4/Reshape_2_grad/Reshape:0", shape=(1250, 784), dtype=float32)
KCT-INFO: there will be in total 1035 patches.
contRec is 
it no: 0 f_tot= 6152751.052501078 f_lik= 1984.7692915203459 f_dc (1e6)= 6.150766283209558 |g_lik|= 30398.352893380667 |g_dc|= 9.049223828333496
it no: 1 f_tot= 7350998.142766061 f_lik= 1897.2755099341982 f_dc (1e6)= 7.349100867256127 |g_lik|= 14193.895635426265 |g_dc|= 10.06440145605231
it no: 2 f_tot= 7877870.522962512 f_lik= 1874.1116129228046 f_dc (1e6)= 7.87599641134959 |g_lik|= 9905.301781686601 |g_dc|= 10.453133285561782
it no: 3 f_tot= 8454746.02826037 f_lik= 1850.9739369864692 f_dc (1e6)= 8.452895054323385 |g_lik|= 8481.085703506858 |g_dc|= 10.870352727296789
it no: 4 f_tot= 9034727.020030249 f_lik= 1832.0439520245507 f_dc (1e6)= 9.032894976078223 |g_lik|= 7652.330700376071 |g_dc|= 11.27683926226555
it no: 5 f_tot= 9607955.407114297 f_lik= 1819.052461486998 f_dc (1e6)= 9.606136354652811 |g_lik|= 7109.785604967113 |g_dc|= 11.669971734024207
it no: 6 f_tot= 10159278.772013346 f_lik= 1818.9603314844767 f_dc (1e6)= 10.15745981168186 |g_lik|= 6555.118727626912 |g_dc|= 12.035290447116227
it no: 7 f_tot= 10703285.95930116 f_lik= 1818.8266553115845 f_dc (1e6)= 10.701467132645849 |g_lik|= 6708.107252336547 |g_dc|= 12.389185231859571
it no: 8 f_tot= 11235289.657173624 f_lik= 1807.4660605237598 f_dc (1e6)= 11.2334821911131 |g_lik|= 6402.761389598015 |g_dc|= 12.726699904787868
it no: 9 f_tot= 11735711.065388901 f_lik= 1812.7498130889167 f_dc (1e6)= 11.733898315575813 |g_lik|= 5823.252601795404 |g_dc|= 13.035980781823628
skipping phase proj
f_dc (1e6): 7.349100867256127  perc: 0.16540250090906777
it no: 13 f_tot= 2449835.2435476263 f_lik= 1917.0478801127842 f_dc (1e6)= 2.447918195667514 |g_lik|= 18706.920740563735 |g_dc|= 5.53936470030442
it no: 14 f_tot= 3262527.273655659 f_lik= 1869.429749629611 f_dc (1e6)= 3.2606578439060296 |g_lik|= 11182.825694987798 |g_dc|= 6.566417134421085
it no: 15 f_tot= 3730018.596934576 f_lik= 1860.35213180735 f_dc (1e6)= 3.728158244802769 |g_lik|= 8602.160620463561 |g_dc|= 7.079133442686541
it no: 16 f_tot= 4260847.8717384115 f_lik= 1869.0655223963374 f_dc (1e6)= 4.258978806216016 |g_lik|= 7890.266151923547 |g_dc|= 7.634593958627442
it no: 17 f_tot= 4797406.618659248 f_lik= 1870.5027230053856 f_dc (1e6)= 4.795536115936242 |g_lik|= 6756.09526874908 |g_dc|= 8.160544315980346
it no: 18 f_tot= 5310481.229534646 f_lik= 1828.6760293448256 f_dc (1e6)= 5.308652553505301 |g_lik|= 6536.212325549691 |g_dc|= 8.641584742832325
it no: 19 f_tot= 5808893.996125036 f_lik= 1834.1178593717302 f_dc (1e6)= 5.807059878265664 |g_lik|= 6152.84908317517 |g_dc|= 9.0861202479102
it no: 20 f_tot= 6289442.297403364 f_lik= 1831.2401510438465 f_dc (1e6)= 6.28761105725232 |g_lik|= 5939.553271064878 |g_dc|= 9.495062460911457
it no: 21 f_tot= 6740067.192974072 f_lik= 1803.3875057928904 f_dc (1e6)= 6.738263805468279 |g_lik|= 5553.593633888186 |g_dc|= 9.865232169216208
it no: 22 f_tot= 7177945.396373458 f_lik= 1816.7731974665323 f_dc (1e6)= 7.176128623175992 |g_lik|= 5675.174357884097 |g_dc|= 10.21271031175219
skipping phase proj
f_dc (1e6): 3.2606578439060296  perc: 0.07338597901054361
it no: 26 f_tot= 1476977.210983221 f_lik= 1934.8227300071717 f_dc (1e6)= 1.4750423882532138 |g_lik|= 17208.15879854338 |g_dc|= 4.253471628865131
it no: 27 f_tot= 2208737.4878073297 f_lik= 1901.7390482379142 f_dc (1e6)= 2.206835748759092 |g_lik|= 11768.28820992569 |g_dc|= 5.400638238896997
it no: 28 f_tot= 2672678.559984955 f_lik= 1860.657444486164 f_dc (1e6)= 2.6708179025404686 |g_lik|= 8776.77929835078 |g_dc|= 6.012047777848304
it no: 29 f_tot= 3186970.1876204414 f_lik= 1847.9045316051302 f_dc (1e6)= 3.185122283088836 |g_lik|= 7403.251625204644 |g_dc|= 6.636780023335215
it no: 30 f_tot= 3681199.410628462 f_lik= 1852.427506480444 f_dc (1e6)= 3.679346983121982 |g_lik|= 6610.149049925068 |g_dc|= 7.191359095981301
it no: 31 f_tot= 4168133.266752812 f_lik= 1806.4803879919507 f_dc (1e6)= 4.16632678636482 |g_lik|= 6224.691690910234 |g_dc|= 7.7056508508708434
it no: 32 f_tot= 4625677.328646696 f_lik= 1823.9712336581094 f_dc (1e6)= 4.623853357413037 |g_lik|= 5969.395902444518 |g_dc|= 8.159901609111772
it no: 33 f_tot= 5073431.841721588 f_lik= 1832.5500120290121 f_dc (1e6)= 5.071599291709559 |g_lik|= 5862.355355453644 |g_dc|= 8.585138857005047
it no: 34 f_tot= 5495329.80375772 f_lik= 1827.241658386276 f_dc (1e6)= 5.493502562099334 |g_lik|= 5836.603876237694 |g_dc|= 8.966702074838489
it no: 35 f_tot= 5899991.656464941 f_lik= 1816.326916085879 f_dc (1e6)= 5.898175329548855 |g_lik|= 5595.987068853823 |g_dc|= 9.319320321120205
skipping phase proj
f_dc (1e6): 2.206835748759092  perc: 0.04966813744067878
it no: 39 f_tot= 1139008.776124358 f_lik= 1919.7798836367472 f_dc (1e6)= 1.1370889962407211 |g_lik|= 16416.201181015553 |g_dc|= 3.715793034608299
it no: 40 f_tot= 1846756.6295707773 f_lik= 1888.596307060605 f_dc (1e6)= 1.8448680332637166 |g_lik|= 10433.330332930078 |g_dc|= 4.955866247967488
it no: 41 f_tot= 2294736.146103213 f_lik= 1863.1728605624608 f_dc (1e6)= 2.292872973242651 |g_lik|= 8132.845699722453 |g_dc|= 5.586645699938102
it no: 42 f_tot= 2799783.565587231 f_lik= 1869.147641724632 f_dc (1e6)= 2.7979144179455067 |g_lik|= 7360.883057602985 |g_dc|= 6.242596990227842
it no: 43 f_tot= 3279691.2801584247 f_lik= 1818.662930414563 f_dc (1e6)= 3.2778726172280104 |g_lik|= 6795.693626328746 |g_dc|= 6.811788618676845
it no: 44 f_tot= 3758070.7606172645 f_lik= 1821.1325608171735 f_dc (1e6)= 3.7562496280564477 |g_lik|= 6553.953960992288 |g_dc|= 7.342748807166761
it no: 45 f_tot= 4204516.063829677 f_lik= 1824.9102427691505 f_dc (1e6)= 4.202691153586908 |g_lik|= 6605.083209304423 |g_dc|= 7.805162333764993
it no: 46 f_tot= 4640525.698240352 f_lik= 1809.930997755868 f_dc (1e6)= 4.638715767242595 |g_lik|= 6352.995009719503 |g_dc|= 8.237689778345262
it no: 47 f_tot= 5057117.00544712 f_lik= 1811.647324730101 f_dc (1e6)= 5.055305358122391 |g_lik|= 6059.188433750822 |g_dc|= 8.630418003611021
it no: 48 f_tot= 5450314.8219214855 f_lik= 1782.1437944432666 f_dc (1e6)= 5.448532678127042 |g_lik|= 5740.804013767041 |g_dc|= 8.987845242562718
skipping phase proj
f_dc (1e6): 1.8448680332637166  perc: 0.04152151291167973
it no: 52 f_tot= 1015361.7246939295 f_lik= 1906.8988109806605 f_dc (1e6)= 1.013454825882949 |g_lik|= 16043.14650491035 |g_dc|= 3.5062905071311703
it no: 53 f_tot= 1701229.1715547368 f_lik= 1863.441864649909 f_dc (1e6)= 1.6993657296900868 |g_lik|= 11048.328721395925 |g_dc|= 4.762363519333491
it no: 54 f_tot= 2172122.222761716 f_lik= 1845.8914173026312 f_dc (1e6)= 2.1702763313444136 |g_lik|= 8294.758554593556 |g_dc|= 5.448053900759483
it no: 55 f_tot= 2678687.4153860607 f_lik= 1844.9857194846018 f_dc (1e6)= 2.676842429666576 |g_lik|= 7318.329923727116 |g_dc|= 6.1232824192940205
it no: 56 f_tot= 3148888.049373681 f_lik= 1816.4518228249324 f_dc (1e6)= 3.1470715975508563 |g_lik|= 7018.85970191162 |g_dc|= 6.693115842968041
it no: 57 f_tot= 3619742.5129851783 f_lik= 1845.2277697644915 f_dc (1e6)= 3.6178972852154136 |g_lik|= 6972.943857126925 |g_dc|= 7.225719080391022
it no: 58 f_tot= 4062033.137746837 f_lik= 1833.3324636295863 f_dc (1e6)= 4.060199805283207 |g_lik|= 6665.037656063046 |g_dc|= 7.692565551939782
it no: 59 f_tot= 4478547.792650718 f_lik= 1831.4599005344935 f_dc (1e6)= 4.4767163327501835 |g_lik|= 6461.948766500553 |g_dc|= 8.113391500472211
it no: 60 f_tot= 4879198.855340591 f_lik= 1802.475887941633 f_dc (1e6)= 4.87739637945265 |g_lik|= 5935.657958823938 |g_dc|= 8.497618790709387
it no: 61 f_tot= 5257882.398610335 f_lik= 1829.5881355948675 f_dc (1e6)= 5.25605281047474 |g_lik|= 5756.408313623136 |g_dc|= 8.849414681106138
skipping phase proj
f_dc (1e6): 1.6993657296900868  perc: 0.03824676606389368
it no: 65 f_tot= 956437.4238410085 f_lik= 1913.5178926249912 f_dc (1e6)= 0.9545239059483835 |g_lik|= 17350.233583462694 |g_dc|= 3.3992500300858235
it no: 66 f_tot= 1704129.9090645735 f_lik= 1866.1927042942955 f_dc (1e6)= 1.7022637163602792 |g_lik|= 10401.853139445864 |g_dc|= 4.78899878751138
it no: 67 f_tot= 2142209.616125522 f_lik= 1872.4040413302466 f_dc (1e6)= 2.1403372120841917 |g_lik|= 8667.19142977541 |g_dc|= 5.422831771188598
it no: 68 f_tot= 2652917.310150362 f_lik= 1873.2687768345788 f_dc (1e6)= 2.6510440413735274 |g_lik|= 7334.614888483553 |g_dc|= 6.1059519854782245
it no: 69 f_tot= 3113031.3787883813 f_lik= 1875.1060155773164 f_dc (1e6)= 3.1111562727728037 |g_lik|= 6916.9537696899 |g_dc|= 6.665047358233606
it no: 70 f_tot= 3578715.5718012126 f_lik= 1832.244644046965 f_dc (1e6)= 3.576883327157166 |g_lik|= 6631.90141138049 |g_dc|= 7.193713295010274
it no: 71 f_tot= 4005008.2624282637 f_lik= 1813.0893043969927 f_dc (1e6)= 4.003195173123867 |g_lik|= 6433.132038490223 |g_dc|= 7.647182498895857
it no: 72 f_tot= 4422153.849144018 f_lik= 1850.1316133844284 f_dc (1e6)= 4.420303717530635 |g_lik|= 6138.339253886167 |g_dc|= 8.069482071043861
it no: 73 f_tot= 4804617.301818406 f_lik= 1837.1631992110467 f_dc (1e6)= 4.802780138619195 |g_lik|= 5901.192868880998 |g_dc|= 8.438347106394712
it no: 74 f_tot= 5194786.911922712 f_lik= 1803.1012884771255 f_dc (1e6)= 5.192983810634235 |g_lik|= 6169.148573413532 |g_dc|= 8.802286201666863
skipping phase proj
f_dc (1e6): 1.7022637163602792  perc: 0.03831198958599644
it no: 78 f_tot= 945222.9591132787 f_lik= 1906.717178328378 f_dc (1e6)= 0.9433162419349502 |g_lik|= 15760.965228960551 |g_dc|= 3.379853251077914
it no: 79 f_tot= 1624864.1543473187 f_lik= 1894.7707860002063 f_dc (1e6)= 1.6229693835613186 |g_lik|= 10199.504959452684 |g_dc|= 4.661450320813979
it no: 80 f_tot= 2072945.5084889466 f_lik= 1867.3278184318542 f_dc (1e6)= 2.0710781806705145 |g_lik|= 8065.70102621358 |g_dc|= 5.329747114315513
it no: 81 f_tot= 2582314.160894315 f_lik= 1853.6769755354383 f_dc (1e6)= 2.58046048391878 |g_lik|= 7596.255599273247 |g_dc|= 6.020518330061759
it no: 82 f_tot= 3056054.0764675247 f_lik= 1832.9173963337853 f_dc (1e6)= 3.054221159071191 |g_lik|= 6868.612737636068 |g_dc|= 6.602690141792231
it no: 83 f_tot= 3522571.2797283423 f_lik= 1822.1154620415823 f_dc (1e6)= 3.520749164266301 |g_lik|= 6980.933111160026 |g_dc|= 7.1357010171762685
it no: 84 f_tot= 3955644.293776664 f_lik= 1804.8615641793751 f_dc (1e6)= 3.9538394322124844 |g_lik|= 6886.495087664202 |g_dc|= 7.599704009474891
it no: 85 f_tot= 4384892.148673491 f_lik= 1805.159674584525 f_dc (1e6)= 4.3830869889989055 |g_lik|= 6499.99048688336 |g_dc|= 8.035448701638305
it no: 86 f_tot= 4764669.904479192 f_lik= 1860.4681935376213 f_dc (1e6)= 4.762809436285654 |g_lik|= 6039.587255899742 |g_dc|= 8.404789243663995
it no: 87 f_tot= 5142403.352240646 f_lik= 1783.440069398426 f_dc (1e6)= 5.140619912171247 |g_lik|= 5709.848432802983 |g_dc|= 8.757327948894305
skipping phase proj
f_dc (1e6): 1.6229693835613186  perc: 0.03652735209227256
it no: 91 f_tot= 937923.3574373426 f_lik= 1914.6573879350935 f_dc (1e6)= 0.9360087000494075 |g_lik|= 15982.135186709402 |g_dc|= 3.3635427843467767
it no: 92 f_tot= 1628323.928899879 f_lik= 1883.7141754345666 f_dc (1e6)= 1.6264402147244446 |g_lik|= 10576.424989219877 |g_dc|= 4.66540557968188
it no: 93 f_tot= 2070361.1066182503 f_lik= 1858.4018363707405 f_dc (1e6)= 2.0685027047818796 |g_lik|= 8676.32025235207 |g_dc|= 5.319356858210972
it no: 94 f_tot= 2586469.3631070307 f_lik= 1845.8376791327341 f_dc (1e6)= 2.5846235254278978 |g_lik|= 7688.551794333684 |g_dc|= 6.024061459152103
it no: 95 f_tot= 3053710.4656789773 f_lik= 1819.9067397944132 f_dc (1e6)= 3.051890558939183 |g_lik|= 6929.448266878563 |g_dc|= 6.597250084179646
it no: 96 f_tot= 3512627.6546100457 f_lik= 1829.437277410144 f_dc (1e6)= 3.5107982173326358 |g_lik|= 6608.5393612886355 |g_dc|= 7.123742348532289
it no: 97 f_tot= 3939168.348893102 f_lik= 1822.0729793512253 f_dc (1e6)= 3.9373462759137507 |g_lik|= 6293.409827442721 |g_dc|= 7.580946026487351
it no: 98 f_tot= 4351710.8334115 f_lik= 1820.72420854296 f_dc (1e6)= 4.349890109202957 |g_lik|= 6031.083245874355 |g_dc|= 8.003304316054814
it no: 99 f_tot= 4732078.669829861 f_lik= 1807.512140011163 f_dc (1e6)= 4.73027115768985 |g_lik|= 6115.556947122773 |g_dc|= 8.37429331331014
it no: 100 f_tot= 5109950.723015703 f_lik= 1808.176697073891 f_dc (1e6)= 5.108142546318629 |g_lik|= 5940.2882085382535 |g_dc|= 8.728931237621707
skipping phase proj
f_dc (1e6): 1.6264402147244446  perc: 0.03660546833601225
it no: 104 f_tot= 937101.2578729531 f_lik= 1922.8681224505106 f_dc (1e6)= 0.9351783897505025 |g_lik|= 15947.345730837913 |g_dc|= 3.3677761631533123
it no: 105 f_tot= 1638706.3205734848 f_lik= 1891.8928324808394 f_dc (1e6)= 1.636814427741004 |g_lik|= 10938.724970904454 |g_dc|= 4.691649303273802
it no: 106 f_tot= 2096397.6895743378 f_lik= 1867.5901193171455 f_dc (1e6)= 2.0945300994550204 |g_lik|= 8643.576074107697 |g_dc|= 5.362572693930304
it no: 107 f_tot= 2590227.989062566 f_lik= 1861.3456542523702 f_dc (1e6)= 2.5883666434083135 |g_lik|= 7998.287749537161 |g_dc|= 6.028656108134493
it no: 108 f_tot= 3061600.787594809 f_lik= 1814.0989687333788 f_dc (1e6)= 3.0597866886260756 |g_lik|= 6500.716218305679 |g_dc|= 6.60987624421113
it no: 109 f_tot= 3509284.5185513096 f_lik= 1828.720579175495 f_dc (1e6)= 3.5074557979721344 |g_lik|= 6228.686404761396 |g_dc|= 7.123293554393229
it no: 110 f_tot= 3951720.724231741 f_lik= 1812.118550612586 f_dc (1e6)= 3.949908605681128 |g_lik|= 5916.084753809238 |g_dc|= 7.598561243397629
it no: 111 f_tot= 4352392.9786788095 f_lik= 1826.1985384464265 f_dc (1e6)= 4.350566780140363 |g_lik|= 5960.863783942 |g_dc|= 8.007617259777914
it no: 112 f_tot= 4744467.442871833 f_lik= 1825.0020978948048 f_dc (1e6)= 4.742642440773939 |g_lik|= 5981.410830264453 |g_dc|= 8.389705309969186
it no: 113 f_tot= 5112775.811438824 f_lik= 1820.1129489885059 f_dc (1e6)= 5.110955698489835 |g_lik|= 5693.777856753864 |g_dc|= 8.734166489429786
skipping phase proj
f_dc (1e6): 1.636814427741004  perc: 0.03683895550796652
it no: 117 f_tot= 932750.3241130958 f_lik= 1917.8436127546713 f_dc (1e6)= 0.9308324805003411 |g_lik|= 15923.902144859316 |g_dc|= 3.352499981639822
it no: 118 f_tot= 1620287.1157221983 f_lik= 1893.1756125995091 f_dc (1e6)= 1.6183939401095986 |g_lik|= 10757.476314908947 |g_dc|= 4.654669448818448
it no: 119 f_tot= 2070136.046328891 f_lik= 1860.1810895091012 f_dc (1e6)= 2.0682758652393822 |g_lik|= 8345.34408756588 |g_dc|= 5.324693322026533
it no: 120 f_tot= 2572076.3442901247 f_lik= 1851.8183673863184 f_dc (1e6)= 2.5702245259227383 |g_lik|= 7290.750060548763 |g_dc|= 6.006817196792568
it no: 121 f_tot= 3033495.736288853 f_lik= 1823.14349813291 f_dc (1e6)= 3.03167259279072 |g_lik|= 6947.724790790383 |g_dc|= 6.575009075514168
it no: 122 f_tot= 3492438.866455321 f_lik= 1827.8516658592225 f_dc (1e6)= 3.490611014789462 |g_lik|= 6483.593317593052 |g_dc|= 7.105771214482188
it no: 123 f_tot= 3920373.3857420036 f_lik= 1846.6861116009666 f_dc (1e6)= 3.9185266996304025 |g_lik|= 6408.308089069216 |g_dc|= 7.565723075372081
it no: 124 f_tot= 4339492.457757715 f_lik= 1800.2812944770994 f_dc (1e6)= 4.337692176463238 |g_lik|= 5977.653000812924 |g_dc|= 7.993353879920138
it no: 125 f_tot= 4719729.89794372 f_lik= 1798.122431735084 f_dc (1e6)= 4.7179317755119845 |g_lik|= 5927.581180015647 |g_dc|= 8.364870803510629
it no: 126 f_tot= 5091864.389988433 f_lik= 1808.4198832593645 f_dc (1e6)= 5.090055970105173 |g_lik|= 5998.65208800619 |g_dc|= 8.714487737455613
skipping phase proj
f_dc (1e6): 1.6183939401095986  perc: 0.036424374897735146
it no: 130 f_tot= 928590.1014522087 f_lik= 1942.565399960109 f_dc (1e6)= 0.9266475360522486 |g_lik|= 16894.647322692283 |g_dc|= 3.343954099397548
it no: 131 f_tot= 1666854.7220496838 f_lik= 1862.9933008847918 f_dc (1e6)= 1.664991728748799 |g_lik|= 10456.163890915606 |g_dc|= 4.737550929597272
it no: 132 f_tot= 2112610.5718536307 f_lik= 1865.938222265045 f_dc (1e6)= 2.110744633631366 |g_lik|= 8287.23420562517 |g_dc|= 5.388879001865212
it no: 133 f_tot= 2600063.3637033585 f_lik= 1843.8162766284033 f_dc (1e6)= 2.59821954742673 |g_lik|= 6961.025277973263 |g_dc|= 6.0450744501539635
it no: 134 f_tot= 3062171.8051841822 f_lik= 1835.1733952816328 f_dc (1e6)= 3.0603366317889007 |g_lik|= 6593.949832715662 |g_dc|= 6.61373827176643
it no: 135 f_tot= 3518835.3354490153 f_lik= 1800.2296402232987 f_dc (1e6)= 3.5170351058087923 |g_lik|= 6428.023444468864 |g_dc|= 7.1346981155318305
it no: 136 f_tot= 3937435.308909645 f_lik= 1827.6113546584902 f_dc (1e6)= 3.9356076975549863 |g_lik|= 6262.333226465133 |g_dc|= 7.585252045408606
it no: 137 f_tot= 4350544.126784974 f_lik= 1826.6441948445638 f_dc (1e6)= 4.348717482590129 |g_lik|= 6253.067614431837 |g_dc|= 8.006074596083574
it no: 138 f_tot= 4736506.803158838 f_lik= 1803.9840374147325 f_dc (1e6)= 4.7347028191214235 |g_lik|= 6162.65827458971 |g_dc|= 8.381771547507238
it no: 139 f_tot= 5103138.468595013 f_lik= 1824.3861047036307 f_dc (1e6)= 5.101314082490309 |g_lik|= 5919.608856532115 |g_dc|= 8.726291700734887
skipping phase proj
f_dc (1e6): 1.664991728748799  perc: 0.03747312778832291
it no: 143 f_tot= 936721.8945033806 f_lik= 1906.2414094416301 f_dc (1e6)= 0.9348156530939391 |g_lik|= 15955.422716128542 |g_dc|= 3.3621859775411003
it no: 144 f_tot= 1634941.4316759724 f_lik= 1880.2767078390575 f_dc (1e6)= 1.6330611549681335 |g_lik|= 11343.18297860055 |g_dc|= 4.680472358978693
it no: 145 f_tot= 2089337.3188870172 f_lik= 1836.4404679975055 f_dc (1e6)= 2.0875008784190197 |g_lik|= 8232.06376258373 |g_dc|= 5.343968577954856
it no: 146 f_tot= 2594404.796247686 f_lik= 1864.5441595047996 f_dc (1e6)= 2.592540252088181 |g_lik|= 7384.214285067123 |g_dc|= 6.028680988692759
it no: 147 f_tot= 3054221.610542162 f_lik= 1860.2259298696972 f_dc (1e6)= 3.052361384612292 |g_lik|= 6923.767868595705 |g_dc|= 6.594977011826334
it no: 148 f_tot= 3518679.607832938 f_lik= 1840.2316172558922 f_dc (1e6)= 3.5168393762156818 |g_lik|= 6318.9146661133755 |g_dc|= 7.125720550222318
it no: 149 f_tot= 3933943.5948317675 f_lik= 1821.4085196604049 f_dc (1e6)= 3.9321221863121067 |g_lik|= 6169.287754335076 |g_dc|= 7.575754686624829
it no: 150 f_tot= 4357504.586513989 f_lik= 1803.2109548405238 f_dc (1e6)= 4.355701375559148 |g_lik|= 5725.020321745242 |g_dc|= 8.007363618258886
it no: 151 f_tot= 4730808.859862387 f_lik= 1820.1719273176648 f_dc (1e6)= 4.728988687935069 |g_lik|= 5629.317571173952 |g_dc|= 8.373352641018574
it no: 152 f_tot= 5102339.781928531 f_lik= 1813.8361731238592 f_dc (1e6)= 5.1005259457554075 |g_lik|= 5644.420790884549 |g_dc|= 8.720846046673413
skipping phase proj
f_dc (1e6): 1.6330611549681335  perc: 0.03675448249358831
it no: 156 f_tot= 933466.7537938731 f_lik= 1965.382041655041 f_dc (1e6)= 0.9315013717522181 |g_lik|= 17448.942881662955 |g_dc|= 3.3517895846037558
it no: 157 f_tot= 1700444.6492337016 f_lik= 1884.9166715821766 f_dc (1e6)= 1.6985597325621193 |g_lik|= 10997.399438027489 |g_dc|= 4.784018372121763
it no: 158 f_tot= 2134907.068987377 f_lik= 1848.2986153448196 f_dc (1e6)= 2.133058770372032 |g_lik|= 9077.335512202255 |g_dc|= 5.408480210284187
it no: 159 f_tot= 2640917.8360805847 f_lik= 1850.279858824866 f_dc (1e6)= 2.63906755622176 |g_lik|= 7552.693252444949 |g_dc|= 6.0885696196768615
it no: 160 f_tot= 3104004.25004075 f_lik= 1862.7747320054825 f_dc (1e6)= 3.102141475308745 |g_lik|= 6597.392376392542 |g_dc|= 6.652739587544573
it no: 161 f_tot= 3552509.532760884 f_lik= 1823.268243435451 f_dc (1e6)= 3.550686264517449 |g_lik|= 6263.867268201119 |g_dc|= 7.164499514958517
it no: 162 f_tot= 3974792.890785949 f_lik= 1813.0900435656592 f_dc (1e6)= 3.972979800742383 |g_lik|= 5922.072590978152 |g_dc|= 7.615840773859013
it no: 163 f_tot= 4382091.123498762 f_lik= 1815.0038540226506 f_dc (1e6)= 4.38027611964474 |g_lik|= 5845.296001300982 |g_dc|= 8.03146644398579
it no: 164 f_tot= 4767456.717854013 f_lik= 1814.351627431597 f_dc (1e6)= 4.765642366226581 |g_lik|= 5561.856719407094 |g_dc|= 8.406332052179419
it no: 165 f_tot= 5137544.497745305 f_lik= 1822.5350527736118 f_dc (1e6)= 5.135721962692532 |g_lik|= 5549.834067258047 |g_dc|= 8.753662289980815
skipping phase proj
f_dc (1e6): 1.6985597325621193  perc: 0.0382286258936743
it no: 169 f_tot= 950513.913040926 f_lik= 1942.7833719380696 f_dc (1e6)= 0.9485711296689879 |g_lik|= 15784.287401213776 |g_dc|= 3.3840929402279416
it no: 170 f_tot= 1638882.475590769 f_lik= 1861.8422718742916 f_dc (1e6)= 1.6370206333188948 |g_lik|= 10921.721997349223 |g_dc|= 4.684879912718731
it no: 171 f_tot= 2087772.133586119 f_lik= 1865.0250437654768 f_dc (1e6)= 2.0859071085423535 |g_lik|= 8129.801065163136 |g_dc|= 5.344090112144765
it no: 172 f_tot= 2586353.5724704266 f_lik= 1851.836181432633 f_dc (1e6)= 2.584501736288994 |g_lik|= 7157.308914723212 |g_dc|= 6.023386051981669
it no: 173 f_tot= 3049201.3003468886 f_lik= 1826.7794261273884 f_dc (1e6)= 3.047374520920761 |g_lik|= 6776.191879419927 |g_dc|= 6.592894298752242
it no: 174 f_tot= 3503049.946176098 f_lik= 1812.208509082113 f_dc (1e6)= 3.501237737667016 |g_lik|= 6645.506291881198 |g_dc|= 7.114279986021591
it no: 175 f_tot= 3919299.7262380477 f_lik= 1816.0153884424483 f_dc (1e6)= 3.9174837108496052 |g_lik|= 6211.809764495805 |g_dc|= 7.563492319530751
it no: 176 f_tot= 4332825.49429913 f_lik= 1830.9101150485446 f_dc (1e6)= 4.330994584184081 |g_lik|= 6281.872549975586 |g_dc|= 7.987536512787595
it no: 177 f_tot= 4719120.9916120395 f_lik= 1813.9961070178804 f_dc (1e6)= 4.717306995505022 |g_lik|= 6214.654828538685 |g_dc|= 8.362955109491583
it no: 178 f_tot= 5073097.644081694 f_lik= 1805.2696527177948 f_dc (1e6)= 5.071292374428976 |g_lik|= 6101.751245469214 |g_dc|= 8.69599830656154
skipping phase proj
f_dc (1e6): 1.6370206333188948  perc: 0.036843596472745835
it no: 182 f_tot= 934366.4838688313 f_lik= 1916.8193237230892 f_dc (1e6)= 0.9324496645451082 |g_lik|= 16356.761070362163 |g_dc|= 3.346000317662376
it no: 183 f_tot= 1646112.778305047 f_lik= 1877.2195311223893 f_dc (1e6)= 1.6442355587739246 |g_lik|= 10197.445905586452 |g_dc|= 4.68896727573547
it no: 184 f_tot= 2105292.8953352217 f_lik= 1853.5312090156192 f_dc (1e6)= 2.103439364126206 |g_lik|= 8238.606499148145 |g_dc|= 5.369602305940236
it no: 185 f_tot= 2590461.8346805177 f_lik= 1839.7356196607861 f_dc (1e6)= 2.588622099060857 |g_lik|= 7848.340618449129 |g_dc|= 6.024194999994826
it no: 186 f_tot= 3048826.1066490994 f_lik= 1833.0377548154195 f_dc (1e6)= 3.0469930688942837 |g_lik|= 6949.22318381783 |g_dc|= 6.587962710220881
it no: 187 f_tot= 3509445.52179032 f_lik= 1829.26248153959 f_dc (1e6)= 3.5076162593087807 |g_lik|= 6470.956497697043 |g_dc|= 7.117058214856394
it no: 188 f_tot= 3929205.0468080295 f_lik= 1798.9710250954402 f_dc (1e6)= 3.927406075782934 |g_lik|= 6595.664095335066 |g_dc|= 7.56637321639902
it no: 189 f_tot= 4344010.450598901 f_lik= 1831.2903166107903 f_dc (1e6)= 4.34217916028229 |g_lik|= 6271.372642414984 |g_dc|= 7.991183629868939
it no: 190 f_tot= 4721009.8272141395 f_lik= 1799.0130889038812 f_dc (1e6)= 4.719210814125235 |g_lik|= 5759.521198070812 |g_dc|= 8.36021464322719
it no: 191 f_tot= 5079835.632414473 f_lik= 1812.673750920175 f_dc (1e6)= 5.078022958663553 |g_lik|= 5680.3157942137805 |g_dc|= 8.698766584516333
skipping phase proj
f_dc (1e6): 1.6442355587739246  perc: 0.03700597915542903
it no: 195 f_tot= 943462.3398344861 f_lik= 1915.3092965552921 f_dc (1e6)= 0.9415470305379309 |g_lik|= 16365.167825710676 |g_dc|= 3.3637529493988674
it no: 196 f_tot= 1648811.8199930065 f_lik= 1909.4099739210947 f_dc (1e6)= 1.6469024100190854 |g_lik|= 10731.899149920446 |g_dc|= 4.69293154177445
it no: 197 f_tot= 2101971.6710180724 f_lik= 1874.8105031358627 f_dc (1e6)= 2.1000968605149364 |g_lik|= 8128.470171727927 |g_dc|= 5.358894974707866
it no: 198 f_tot= 2587334.7295673043 f_lik= 1870.1775124379567 f_dc (1e6)= 2.5854645520548662 |g_lik|= 7306.61101486618 |g_dc|= 6.018193878730538
it no: 199 f_tot= 3049191.3870789884 f_lik= 1852.5658157312303 f_dc (1e6)= 3.047338821263257 |g_lik|= 6660.566475120174 |g_dc|= 6.585444558058829
it no: 200 f_tot= 3500382.9802087303 f_lik= 1836.8137819226583 f_dc (1e6)= 3.4985461664268076 |g_lik|= 6419.162402600524 |g_dc|= 7.105602357575295
it no: 201 f_tot= 3928217.97929799 f_lik= 1832.910058826265 f_dc (1e6)= 3.926385069239164 |g_lik|= 5985.607232808792 |g_dc|= 7.5651669179759145
it no: 202 f_tot= 4331029.408772765 f_lik= 1834.972218386332 f_dc (1e6)= 4.329194436554379 |g_lik|= 5779.474138889408 |g_dc|= 7.980794615573937
it no: 203 f_tot= 4708929.688993908 f_lik= 1817.2548128100805 f_dc (1e6)= 4.707112434181099 |g_lik|= 5783.284587797856 |g_dc|= 8.349287844715954
it no: 204 f_tot= 5074623.160468574 f_lik= 1833.0899868733543 f_dc (1e6)= 5.0727900704817 |g_lik|= 5923.127969631403 |g_dc|= 8.693775182941652
skipping phase proj
f_dc (1e6): 1.6469024100190854  perc: 0.037066000629275904
it no: 208 f_tot= 945837.9617531061 f_lik= 1896.399552738553 f_dc (1e6)= 0.9439415622003675 |g_lik|= 15936.888062396116 |g_dc|= 3.3682243691442486
it no: 209 f_tot= 1658566.655173503 f_lik= 1879.836958973067 f_dc (1e6)= 1.6566868182145302 |g_lik|= 10541.396743249774 |g_dc|= 4.711433245407631
it no: 210 f_tot= 2107609.065501519 f_lik= 1867.6266347830635 f_dc (1e6)= 2.105741438866736 |g_lik|= 7667.912321444818 |g_dc|= 5.36976764414542
it no: 211 f_tot= 2596998.3762926715 f_lik= 1817.1763684355644 f_dc (1e6)= 2.595181199924236 |g_lik|= 7095.0088435992175 |g_dc|= 6.03492940159897
it no: 212 f_tot= 3056419.0942737246 f_lik= 1823.787272564116 f_dc (1e6)= 3.0545953070011604 |g_lik|= 6767.867001931983 |g_dc|= 6.598748112523975
it no: 213 f_tot= 3518021.824063178 f_lik= 1835.039624897185 f_dc (1e6)= 3.516186784438281 |g_lik|= 6818.917006162396 |g_dc|= 7.12928845576383
it no: 214 f_tot= 3937108.845737237 f_lik= 1819.2461910007114 f_dc (1e6)= 3.9352895995462362 |g_lik|= 6408.266342025363 |g_dc|= 7.578855306318913
it no: 215 f_tot= 4348952.973719636 f_lik= 1818.473790998913 f_dc (1e6)= 4.347134499928638 |g_lik|= 5960.498405236403 |g_dc|= 8.000196848085555
it no: 216 f_tot= 4723348.232842683 f_lik= 1815.475446322986 f_dc (1e6)= 4.72153275739636 |g_lik|= 5664.608867791651 |g_dc|= 8.365113919524816
it no: 217 f_tot= 5083839.124121428 f_lik= 1837.4553127284278 f_dc (1e6)= 5.082001668808699 |g_lik|= 5707.4391777856 |g_dc|= 8.706829337438098
skipping phase proj
f_dc (1e6): 1.6566868182145302  perc: 0.037286213362054184
it no: 221 f_tot= 936802.1099444209 f_lik= 1945.2471128827049 f_dc (1e6)= 0.9348568628315382 |g_lik|= 16572.43394753189 |g_dc|= 3.3454332139809333
it no: 222 f_tot= 1668831.8673467098 f_lik= 1889.3980507796152 f_dc (1e6)= 1.66694246929593 |g_lik|= 11672.648242199588 |g_dc|= 4.730371268170409
it no: 223 f_tot= 2129153.7233984363 f_lik= 1859.9060437938144 f_dc (1e6)= 2.1272938173546425 |g_lik|= 8056.455898390943 |g_dc|= 5.399227890746114
it no: 224 f_tot= 2608017.3305965303 f_lik= 1834.0518682945342 f_dc (1e6)= 2.606183278728236 |g_lik|= 7075.828846905754 |g_dc|= 6.043589250139641
it no: 225 f_tot= 3052984.2533629234 f_lik= 1825.4331856600443 f_dc (1e6)= 3.0511588201772635 |g_lik|= 6486.969046205833 |g_dc|= 6.589355209440066
it no: 226 f_tot= 3512162.153208875 f_lik= 1822.6275731185788 f_dc (1e6)= 3.5103395256357564 |g_lik|= 6393.749685454171 |g_dc|= 7.117693134573177
it no: 227 f_tot= 3929929.42478447 f_lik= 1837.9357342966682 f_dc (1e6)= 3.928091489050173 |g_lik|= 6012.290111702527 |g_dc|= 7.566615331308564
it no: 228 f_tot= 4338687.928717711 f_lik= 1838.5720273635502 f_dc (1e6)= 4.336849356690347 |g_lik|= 5773.3435017686215 |g_dc|= 7.985025732555472
it no: 229 f_tot= 4715979.656173159 f_lik= 1808.7776113946097 f_dc (1e6)= 4.714170878561765 |g_lik|= 5511.233881503892 |g_dc|= 8.354767715332555
it no: 230 f_tot= 5078082.597013811 f_lik= 1785.1496193983442 f_dc (1e6)= 5.076297447394412 |g_lik|= 5402.143701187708 |g_dc|= 8.695607205465276
skipping phase proj
f_dc (1e6): 1.66694246929593  perc: 0.03751703212042397
it no: 234 f_tot= 949960.1407890148 f_lik= 1929.7921527317592 f_dc (1e6)= 0.948030348636283 |g_lik|= 16434.82178623223 |g_dc|= 3.37301167814531
it no: 235 f_tot= 1675446.2688745847 f_lik= 1867.2370681544712 f_dc (1e6)= 1.6735790318064303 |g_lik|= 10629.380816937712 |g_dc|= 4.734427288438803
it no: 236 f_tot= 2118569.683506429 f_lik= 1854.7968992410388 f_dc (1e6)= 2.116714886607188 |g_lik|= 7978.561107933356 |g_dc|= 5.385205616292716
it no: 237 f_tot= 2598352.8620400787 f_lik= 1846.0418553234283 f_dc (1e6)= 2.596506820184755 |g_lik|= 7005.144361081564 |g_dc|= 6.029311783777622
it no: 238 f_tot= 3068505.531038015 f_lik= 1814.6188065896715 f_dc (1e6)= 3.0666909122314254 |g_lik|= 6634.796034484931 |g_dc|= 6.609451903721592
it no: 239 f_tot= 3522335.3026541625 f_lik= 1825.4852900720778 f_dc (1e6)= 3.5205098173640907 |g_lik|= 6041.300439919674 |g_dc|= 7.126681362922047
it no: 240 f_tot= 3940776.9029569947 f_lik= 1848.234023148673 f_dc (1e6)= 3.938928668933846 |g_lik|= 5914.171157909758 |g_dc|= 7.577420199001321
it no: 241 f_tot= 4357195.575473765 f_lik= 1825.860044791358 f_dc (1e6)= 4.355369715428973 |g_lik|= 5992.294103884814 |g_dc|= 8.001829096414196
it no: 242 f_tot= 4733500.373087573 f_lik= 1820.4339990652174 f_dc (1e6)= 4.731679939088507 |g_lik|= 5565.184448440564 |g_dc|= 8.369139619921123
it no: 243 f_tot= 5098857.23915599 f_lik= 1823.0780217406864 f_dc (1e6)= 5.09703416113425 |g_lik|= 5919.218716508157 |g_dc|= 8.713718525785243
skipping phase proj
f_dc (1e6): 1.6735790318064303  perc: 0.037666397880467745
it no: 247 f_tot= 948436.2907865886 f_lik= 1907.4484277707054 f_dc (1e6)= 0.9465288423588178 |g_lik|= 16750.7933093214 |g_dc|= 3.369907113139952
it no: 248 f_tot= 1685403.6714529493 f_lik= 1870.775739364624 f_dc (1e6)= 1.6835328957135847 |g_lik|= 9952.871087496478 |g_dc|= 4.746008124157971
it no: 249 f_tot= 2120448.711475485 f_lik= 1870.9139329061054 f_dc (1e6)= 2.118577797542579 |g_lik|= 7959.5930062893585 |g_dc|= 5.386262528580719
it no: 250 f_tot= 2610274.782753299 f_lik= 1835.3842963945299 f_dc (1e6)= 2.6084393984569045 |g_lik|= 7361.211265704577 |g_dc|= 6.047888866415469
it no: 251 f_tot= 3074808.8724368135 f_lik= 1816.0686072540284 f_dc (1e6)= 3.0729928038295595 |g_lik|= 7025.09828954799 |g_dc|= 6.617925606492667
it no: 252 f_tot= 3529207.4250542377 f_lik= 1815.1219743715014 f_dc (1e6)= 3.5273923030798664 |g_lik|= 6488.157222598736 |g_dc|= 7.135977258438272
it no: 253 f_tot= 3947186.825362033 f_lik= 1828.4378912553334 f_dc (1e6)= 3.9453583874707783 |g_lik|= 6246.759568228885 |g_dc|= 7.584876916780101
it no: 254 f_tot= 4360565.884707478 f_lik= 1837.9209502719698 f_dc (1e6)= 4.358727963757206 |g_lik|= 6059.264421053627 |g_dc|= 8.008588455093037
it no: 255 f_tot= 4744871.192151576 f_lik= 1804.340925071353 f_dc (1e6)= 4.743066851226505 |g_lik|= 6034.9408121177385 |g_dc|= 8.381956579751753
it no: 256 f_tot= 5105342.644354391 f_lik= 1823.090321661177 f_dc (1e6)= 5.10351955403273 |g_lik|= 5852.982254193175 |g_dc|= 8.72060573509848
skipping phase proj
f_dc (1e6): 1.6835328957135847  perc: 0.037890424467350955
it no: 260 f_tot= 953088.033717979 f_lik= 1915.026592607044 f_dc (1e6)= 0.951173007125372 |g_lik|= 16073.315051072534 |g_dc|= 3.3762317661446417
it no: 261 f_tot= 1646832.3081904799 f_lik= 1851.6976985440936 f_dc (1e6)= 1.6449806104919358 |g_lik|= 10742.627896884573 |g_dc|= 4.6808977984729765
it no: 262 f_tot= 2102572.1936437367 f_lik= 1857.2305655145644 f_dc (1e6)= 2.100714963078222 |g_lik|= 8829.596834801969 |g_dc|= 5.357521047567922
it no: 263 f_tot= 2595693.4479502398 f_lik= 1845.318108499618 f_dc (1e6)= 2.5938481298417404 |g_lik|= 7688.981538606966 |g_dc|= 6.024537593564798
it no: 264 f_tot= 3071063.6600817656 f_lik= 1855.3759048916045 f_dc (1e6)= 3.069208284176874 |g_lik|= 6714.466705811315 |g_dc|= 6.601087009338525
it no: 265 f_tot= 3518335.143605916 f_lik= 1840.6102324108851 f_dc (1e6)= 3.5164945333735047 |g_lik|= 6432.60177758517 |g_dc|= 7.116929404183025
it no: 266 f_tot= 3949671.3530736854 f_lik= 1848.4950000145323 f_dc (1e6)= 3.9478228580736707 |g_lik|= 5873.949778425912 |g_dc|= 7.58120171395392
it no: 267 f_tot= 4358959.073387717 f_lik= 1804.3897962206886 f_dc (1e6)= 4.357154683591496 |g_lik|= 5794.046979303075 |g_dc|= 8.000983114960112
it no: 268 f_tot= 4728007.433341753 f_lik= 1839.736446963719 f_dc (1e6)= 4.726167696894789 |g_lik|= 6112.9239554716505 |g_dc|= 8.36073980593994
it no: 269 f_tot= 5099613.180381987 f_lik= 1813.0770225817816 f_dc (1e6)= 5.097800103359406 |g_lik|= 6054.043976505575 |g_dc|= 8.71079637254441
skipping phase proj
f_dc (1e6): 1.6449806104919358  perc: 0.03702274765809236
it no: 273 f_tot= 951630.9131349385 f_lik= 1866.0057331666492 f_dc (1e6)= 0.9497649074017718 |g_lik|= 15792.449765442272 |g_dc|= 3.376999237586242
it no: 274 f_tot= 1649294.4249601024 f_lik= 1881.6138802828107 f_dc (1e6)= 1.6474128110798196 |g_lik|= 10333.801761396819 |g_dc|= 4.696129191700441
it no: 275 f_tot= 2098527.7058226005 f_lik= 1841.1950917302995 f_dc (1e6)= 2.09668651073087 |g_lik|= 8577.442163725149 |g_dc|= 5.35936439975367
it no: 276 f_tot= 2595445.904797024 f_lik= 1823.1933027776083 f_dc (1e6)= 2.5936227114942465 |g_lik|= 7670.353351954669 |g_dc|= 6.029383374876037
it no: 277 f_tot= 3055845.148176345 f_lik= 1818.9943201151348 f_dc (1e6)= 3.05402615385623 |g_lik|= 6992.738396925115 |g_dc|= 6.592840246302255
it no: 278 f_tot= 3512024.7624237775 f_lik= 1824.9246788742428 f_dc (1e6)= 3.5101998377449033 |g_lik|= 6539.5156555289905 |g_dc|= 7.11694647071411
it no: 279 f_tot= 3943633.075930052 f_lik= 1823.8148900513422 f_dc (1e6)= 3.941809261040001 |g_lik|= 5996.009616432295 |g_dc|= 7.58262493229394
it no: 280 f_tot= 4345193.986315423 f_lik= 1809.5609382077625 f_dc (1e6)= 4.343384425377216 |g_lik|= 5892.770449410838 |g_dc|= 7.993117859477614
it no: 281 f_tot= 4730760.374178188 f_lik= 1808.9101020940145 f_dc (1e6)= 4.728951464076094 |g_lik|= 5800.338761621795 |g_dc|= 8.369394172591301
it no: 282 f_tot= 5088310.999476245 f_lik= 1816.7763316000076 f_dc (1e6)= 5.086494223144645 |g_lik|= 5769.212487157396 |g_dc|= 8.705101270687571
skipping phase proj
f_dc (1e6): 1.6474128110798196  perc: 0.03707748796812687
it no: 286 f_tot= 945806.6396661324 f_lik= 1908.5096512549264 f_dc (1e6)= 0.9438981300148774 |g_lik|= 16508.540017199914 |g_dc|= 3.35922858053346
it no: 287 f_tot= 1682263.9363295445 f_lik= 1882.5300863102505 f_dc (1e6)= 1.680381406243234 |g_lik|= 10761.941108603613 |g_dc|= 4.745342455900221
it no: 288 f_tot= 2122266.2764766463 f_lik= 1867.0515039248126 f_dc (1e6)= 2.1203992249727217 |g_lik|= 8179.8069181761075 |g_dc|= 5.386789857800106
it no: 289 f_tot= 2606305.99215814 f_lik= 1821.470835550172 f_dc (1e6)= 2.60448452132259 |g_lik|= 7325.33953937584 |g_dc|= 6.039560951079258
it no: 290 f_tot= 3059288.2218879457 f_lik= 1816.4691466890063 f_dc (1e6)= 3.057471752741257 |g_lik|= 6451.762736697435 |g_dc|= 6.596372582016084
it no: 291 f_tot= 3511354.0394844105 f_lik= 1851.2110206685747 f_dc (1e6)= 3.509502828463742 |g_lik|= 6398.865251501549 |g_dc|= 7.116509249111455
it no: 292 f_tot= 3933934.0551073775 f_lik= 1815.2842560958861 f_dc (1e6)= 3.9321187708512815 |g_lik|= 6054.006566271664 |g_dc|= 7.570457825065535
it no: 293 f_tot= 4348898.426800372 f_lik= 1833.7429247799835 f_dc (1e6)= 4.347064683875592 |g_lik|= 6030.221020158015 |g_dc|= 7.9949044603336725
it no: 294 f_tot= 4730864.443807803 f_lik= 1816.0405578031994 f_dc (1e6)= 4.729048403249999 |g_lik|= 5736.822106712119 |g_dc|= 8.36733820035698
it no: 295 f_tot= 5097886.925482169 f_lik= 1819.1876951857976 f_dc (1e6)= 5.096067737786983 |g_lik|= 5683.233460991522 |g_dc|= 8.715651458325793
skipping phase proj
f_dc (1e6): 1.680381406243234  perc: 0.03781949548577893
it no: 299 f_tot= 949748.7799501903 f_lik= 1910.8489402789162 f_dc (1e6)= 0.9478379310099114 |g_lik|= 16552.15242786265 |g_dc|= 3.368671926701778
it no: 300 f_tot= 1675321.8728924694 f_lik= 1870.2543847140387 f_dc (1e6)= 1.6734516185077555 |g_lik|= 10359.482352302868 |g_dc|= 4.733362591914461
it no: 301 f_tot= 2109288.9073201627 f_lik= 1867.3278499830337 f_dc (1e6)= 2.1074215794701794 |g_lik|= 8171.608337710221 |g_dc|= 5.36718209877698
it no: 302 f_tot= 2602423.914868654 f_lik= 1825.2044338040125 f_dc (1e6)= 2.6005987104348502 |g_lik|= 7248.72650283167 |g_dc|= 6.03271903486289
it no: 303 f_tot= 3066673.2172762733 f_lik= 1805.6911132483256 f_dc (1e6)= 3.0648675261630247 |g_lik|= 6867.46801634322 |g_dc|= 6.60464559823934
it no: 304 f_tot= 3518089.5071415803 f_lik= 1820.7725123759678 f_dc (1e6)= 3.5162687346292043 |g_lik|= 6472.63690738321 |g_dc|= 7.122790083002107
it no: 305 f_tot= 3953782.3935749945 f_lik= 1817.5261296258655 f_dc (1e6)= 3.9519648674453687 |g_lik|= 6248.609045596413 |g_dc|= 7.590611322620403
it no: 306 f_tot= 4354245.433181095 f_lik= 1824.096620130539 f_dc (1e6)= 4.3524213365609645 |g_lik|= 6044.851338682913 |g_dc|= 8.000646889916212
it no: 307 f_tot= 4735621.499011579 f_lik= 1829.369923790977 f_dc (1e6)= 4.733792129087788 |g_lik|= 5750.405758426411 |g_dc|= 8.373487891947477
it no: 308 f_tot= 5090191.255910503 f_lik= 1813.6763997886294 f_dc (1e6)= 5.088377579510714 |g_lik|= 5474.584753813585 |g_dc|= 8.708006250443814
skipping phase proj
f_dc (1e6): 1.6734516185077555  perc: 0.03766353025371577
it no: 312 f_tot= 944651.2598094458 f_lik= 1919.8577239853996 f_dc (1e6)= 0.9427314020854604 |g_lik|= 15801.044496035864 |g_dc|= 3.3588886238898024
it no: 313 f_tot= 1640109.7856143222 f_lik= 1884.980996660505 f_dc (1e6)= 1.6382248046176617 |g_lik|= 10609.347292292165 |g_dc|= 4.675589874251933
it no: 314 f_tot= 2090610.8599842694 f_lik= 1877.097847372691 f_dc (1e6)= 2.0887337621368967 |g_lik|= 8097.551448107139 |g_dc|= 5.339589115153403
it no: 315 f_tot= 2588368.6982390373 f_lik= 1833.8829095763251 f_dc (1e6)= 2.5865348153294607 |g_lik|= 7626.251669770205 |g_dc|= 6.0138284482421245
it no: 316 f_tot= 3058848.091842942 f_lik= 1831.660640780415 f_dc (1e6)= 3.0570164312021615 |g_lik|= 6727.046678780665 |g_dc|= 6.59383934660681
it no: 317 f_tot= 3518029.598368086 f_lik= 1838.8642799740746 f_dc (1e6)= 3.5161907340881116 |g_lik|= 6832.182296000039 |g_dc|= 7.1205764327831265
it no: 318 f_tot= 3943384.094003603 f_lik= 1817.0741097141447 f_dc (1e6)= 3.941567019893889 |g_lik|= 6086.089347546131 |g_dc|= 7.576736090570819
it no: 319 f_tot= 4356102.085536534 f_lik= 1833.058345749719 f_dc (1e6)= 4.354269027190784 |g_lik|= 5854.2624532679165 |g_dc|= 7.999208913819464
it no: 320 f_tot= 4730690.431743094 f_lik= 1839.0674077828726 f_dc (1e6)= 4.728851364335311 |g_lik|= 5972.751212693371 |g_dc|= 8.36619233466991
it no: 321 f_tot= 5101634.871273639 f_lik= 1805.1813200151353 f_dc (1e6)= 5.099829689953624 |g_lik|= 5853.211576517921 |g_dc|= 8.713743611885754
skipping phase proj
f_dc (1e6): 1.6382248046176617  perc: 0.036870698147894475
it no: 325 f_tot= 952906.9317631375 f_lik= 1936.992440325419 f_dc (1e6)= 0.950969939322812 |g_lik|= 16591.74886587932 |g_dc|= 3.3731917700818856
it no: 326 f_tot= 1685756.6948319916 f_lik= 1885.9103325133096 f_dc (1e6)= 1.6838707844994782 |g_lik|= 10394.46930688691 |g_dc|= 4.7506514805782745
it no: 327 f_tot= 2122853.8998390473 f_lik= 1880.0923154998961 f_dc (1e6)= 2.120973807523548 |g_lik|= 7905.8894212916075 |g_dc|= 5.385494607818034
it no: 328 f_tot= 2615089.830882653 f_lik= 1814.7783170318603 f_dc (1e6)= 2.6132750525656214 |g_lik|= 7142.595409613716 |g_dc|= 6.048597915798735
it no: 329 f_tot= 3069207.0593152572 f_lik= 1826.3328361138842 f_dc (1e6)= 3.0673807264791435 |g_lik|= 6573.854556880341 |g_dc|= 6.604091049112991
it no: 330 f_tot= 3528008.8819570565 f_lik= 1819.5985424895514 f_dc (1e6)= 3.526189283414567 |g_lik|= 6145.769847743874 |g_dc|= 7.129683819436437
it no: 331 f_tot= 3948126.477975473 f_lik= 1825.4579555733999 f_dc (1e6)= 3.9463010200198996 |g_lik|= 5912.152629823712 |g_dc|= 7.581298974859489
it no: 332 f_tot= 4355800.018633182 f_lik= 1806.6361409768604 f_dc (1e6)= 4.353993382492205 |g_lik|= 5845.703098667375 |g_dc|= 7.998223073923472
it no: 333 f_tot= 4737656.923246037 f_lik= 1801.6535299619038 f_dc (1e6)= 4.735855269716075 |g_lik|= 5863.025693217967 |g_dc|= 8.37195226738445
it no: 334 f_tot= 5096781.514632367 f_lik= 1808.2323840847469 f_dc (1e6)= 5.094973282248282 |g_lik|= 6013.128290197206 |g_dc|= 8.710609592671082
skipping phase proj
f_dc (1e6): 1.6838707844994782  perc: 0.03789802915957459
it no: 338 f_tot= 950683.2592057126 f_lik= 1892.823080674126 f_dc (1e6)= 0.9487904361250384 |g_lik|= 15869.060678850667 |g_dc|= 3.369438411555453
it no: 339 f_tot= 1645554.282144427 f_lik= 1866.8678742376962 f_dc (1e6)= 1.6436874142701894 |g_lik|= 10299.410245447376 |g_dc|= 4.679935461189233
it no: 340 f_tot= 2088960.266859942 f_lik= 1852.5880598359058 f_dc (1e6)= 2.0871076788001064 |g_lik|= 8448.547714365402 |g_dc|= 5.3375625885727445
it no: 341 f_tot= 2595845.353738752 f_lik= 1831.8184590700694 f_dc (1e6)= 2.594013535279682 |g_lik|= 7249.353124020456 |g_dc|= 6.025182786306224
it no: 342 f_tot= 3051806.893562331 f_lik= 1862.7364439026514 f_dc (1e6)= 3.049944157118428 |g_lik|= 6866.637743028829 |g_dc|= 6.58501314060047
it no: 343 f_tot= 3522460.672228377 f_lik= 1835.2296548498246 f_dc (1e6)= 3.520625442573527 |g_lik|= 6735.144767246777 |g_dc|= 7.12507015361119
it no: 344 f_tot= 3935804.9250181396 f_lik= 1825.784619346857 f_dc (1e6)= 3.933979140398793 |g_lik|= 5951.417117953585 |g_dc|= 7.5677530418309935
it no: 345 f_tot= 4343808.538020686 f_lik= 1824.0813422616322 f_dc (1e6)= 4.341984456678425 |g_lik|= 5605.633305879788 |g_dc|= 7.987651752062209
it no: 346 f_tot= 4719379.291004385 f_lik= 1790.919764738537 f_dc (1e6)= 4.717588371239646 |g_lik|= 5556.903257616605 |g_dc|= 8.354287973061664
it no: 347 f_tot= 5082267.046313104 f_lik= 1793.1061581030347 f_dc (1e6)= 5.080473940155001 |g_lik|= 5622.937718587025 |g_dc|= 8.697928957473296
skipping phase proj
f_dc (1e6): 1.6436874142701894  perc: 0.03699364234397209
it no: 351 f_tot= 947974.5256597883 f_lik= 1913.7782921255202 f_dc (1e6)= 0.9460607473676628 |g_lik|= 16971.659905650697 |g_dc|= 3.359152371904578
it no: 352 f_tot= 1700077.4687600879 f_lik= 1873.047208522842 f_dc (1e6)= 1.698204421551565 |g_lik|= 10607.786818151118 |g_dc|= 4.767121006402251
it no: 353 f_tot= 2137082.494093327 f_lik= 1842.4443478139242 f_dc (1e6)= 2.135240049745513 |g_lik|= 8125.389715120372 |g_dc|= 5.405180394766557
it no: 354 f_tot= 2621499.9167954526 f_lik= 1839.7706493409476 f_dc (1e6)= 2.6196601461461118 |g_lik|= 7358.939592125929 |g_dc|= 6.054700017606333
it no: 355 f_tot= 3072438.171306505 f_lik= 1828.2190076487404 f_dc (1e6)= 3.0706099522988564 |g_lik|= 6848.591154014282 |g_dc|= 6.605849188670635
it no: 356 f_tot= 3531514.797294121 f_lik= 1810.877284783863 f_dc (1e6)= 3.5297039200093367 |g_lik|= 6120.643420785106 |g_dc|= 7.132964940551037
it no: 357 f_tot= 3954787.61470796 f_lik= 1834.5155093647186 f_dc (1e6)= 3.952953099198595 |g_lik|= 5982.625396985993 |g_dc|= 7.586708755375455
it no: 358 f_tot= 4360440.8933659075 f_lik= 1811.905784963199 f_dc (1e6)= 4.358628987580944 |g_lik|= 5832.825224769126 |g_dc|= 8.003548262163719
it no: 359 f_tot= 4734174.6697035255 f_lik= 1824.0250000326973 f_dc (1e6)= 4.732350644703493 |g_lik|= 5846.394599983811 |g_dc|= 8.367711715932748
it no: 360 f_tot= 5100776.349514186 f_lik= 1814.306522307623 f_dc (1e6)= 5.098962042991879 |g_lik|= 5623.499579978165 |g_dc|= 8.714183374917528
skipping phase proj
f_dc (1e6): 1.698204421551565  perc: 0.03822062908824086
it no: 364 f_tot= 949136.43375582 f_lik= 1920.5135818615413 f_dc (1e6)= 0.9472159201739585 |g_lik|= 16254.142814649347 |g_dc|= 3.3678346413142872
it no: 365 f_tot= 1659220.6461918592 f_lik= 1879.3108826591856 f_dc (1e6)= 1.6573413353092 |g_lik|= 10161.786981865269 |g_dc|= 4.699054360163355
it no: 366 f_tot= 2117889.8384742225 f_lik= 1852.0568627052648 f_dc (1e6)= 2.1160377816115172 |g_lik|= 8393.742170794127 |g_dc|= 5.377103618464744
it no: 367 f_tot= 2613868.235401462 f_lik= 1834.6839898563567 f_dc (1e6)= 2.6120335514116055 |g_lik|= 7346.2906575986135 |g_dc|= 6.047448740698707
it no: 368 f_tot= 3076738.632838371 f_lik= 1811.5998385443006 f_dc (1e6)= 3.074927032999827 |g_lik|= 6647.359727144551 |g_dc|= 6.6160755386715975
it no: 369 f_tot= 3534457.1224969816 f_lik= 1825.7475081105458 f_dc (1e6)= 3.5326313749888714 |g_lik|= 6182.485300726071 |g_dc|= 7.1383576780143665
it no: 370 f_tot= 3952276.8654690892 f_lik= 1833.5604265231177 f_dc (1e6)= 3.9504433050425662 |g_lik|= 5948.440086126333 |g_dc|= 7.587215021803104
it no: 371 f_tot= 4362300.614581324 f_lik= 1795.696023954664 f_dc (1e6)= 4.360504918557369 |g_lik|= 5915.2982858041305 |g_dc|= 8.006017699102461
it no: 372 f_tot= 4738146.9734551655 f_lik= 1810.1505925650824 f_dc (1e6)= 4.7363368228626 |g_lik|= 5766.5566376372135 |g_dc|= 8.372676435790895
it no: 373 f_tot= 5098793.45689627 f_lik= 1803.8194576245262 f_dc (1e6)= 5.096989637438646 |g_lik|= 5887.729693864802 |g_dc|= 8.712896442675497
skipping phase proj
f_dc (1e6): 1.6573413353092  perc: 0.037300944247682453
it no: 377 f_tot= 948723.1870403492 f_lik= 1903.3005549797558 f_dc (1e6)= 0.9468198864853695 |g_lik|= 16809.484268595206 |g_dc|= 3.3641582764876765
it no: 378 f_tot= 1682791.5846320894 f_lik= 1890.880792778106 f_dc (1e6)= 1.6809007038393111 |g_lik|= 10167.126591078577 |g_dc|= 4.744174614759815
it no: 379 f_tot= 2125458.3044568775 f_lik= 1868.0736756649471 f_dc (1e6)= 2.1235902307812125 |g_lik|= 8178.335444297492 |g_dc|= 5.395103749496785
it no: 380 f_tot= 2619910.798184334 f_lik= 1860.1717988032387 f_dc (1e6)= 2.6180506263855303 |g_lik|= 7240.903013824396 |g_dc|= 6.061186058560993
it no: 381 f_tot= 3075383.8440815867 f_lik= 1839.853048556078 f_dc (1e6)= 3.0735439910330307 |g_lik|= 6718.137789543089 |g_dc|= 6.615087490174541
it no: 382 f_tot= 3532230.405286891 f_lik= 1828.873069695064 f_dc (1e6)= 3.5304015322171955 |g_lik|= 6458.982704464417 |g_dc|= 7.139462819410898
it no: 383 f_tot= 3962498.4588376065 f_lik= 1812.3598790200551 f_dc (1e6)= 3.960686098958586 |g_lik|= 5930.306103353908 |g_dc|= 7.599597903687535
it no: 384 f_tot= 4365254.20308501 f_lik= 1814.8384260159446 f_dc (1e6)= 4.363439364658993 |g_lik|= 5851.101675972276 |g_dc|= 8.011429717242448
it no: 385 f_tot= 4752619.268829493 f_lik= 1806.3791855703082 f_dc (1e6)= 4.750812889643923 |g_lik|= 5614.882157757214 |g_dc|= 8.38929481588972
it no: 386 f_tot= 5107009.59940983 f_lik= 1812.506009349823 f_dc (1e6)= 5.105197093400481 |g_lik|= 5531.660515717735 |g_dc|= 8.723473170706498
skipping phase proj
f_dc (1e6): 1.6809007038393111  perc: 0.037831183054456874
it no: 390 f_tot= 949688.5345287871 f_lik= 1916.5478551796505 f_dc (1e6)= 0.9477719866736075 |g_lik|= 16885.650889458233 |g_dc|= 3.3661818074894705
it no: 391 f_tot= 1684212.797761409 f_lik= 1854.3927503631228 f_dc (1e6)= 1.682358405011046 |g_lik|= 10480.005203169023 |g_dc|= 4.74229492028411
it no: 392 f_tot= 2129891.721554153 f_lik= 1823.1023457082113 f_dc (1e6)= 2.128068619208445 |g_lik|= 7881.521677491195 |g_dc|= 5.393517469064658
it no: 393 f_tot= 2619666.8644796475 f_lik= 1828.0141005120959 f_dc (1e6)= 2.6178388503791354 |g_lik|= 7115.025015620351 |g_dc|= 6.054212438315914
it no: 394 f_tot= 3091869.7606120757 f_lik= 1835.8947760150545 f_dc (1e6)= 3.0900338658360607 |g_lik|= 6561.346289966334 |g_dc|= 6.635085210303069
it no: 395 f_tot= 3541167.5446987436 f_lik= 1811.07979133061 f_dc (1e6)= 3.5393564649074127 |g_lik|= 6272.864417599632 |g_dc|= 7.144457917239161
it no: 396 f_tot= 3957112.378163306 f_lik= 1829.5858117503212 f_dc (1e6)= 3.9552827923515554 |g_lik|= 5913.533664799412 |g_dc|= 7.591712910218839
it no: 397 f_tot= 4358157.080312944 f_lik= 1825.5506949070523 f_dc (1e6)= 4.3563315296180365 |g_lik|= 5908.672149611205 |g_dc|= 8.001300179136814
it no: 398 f_tot= 4735872.452386184 f_lik= 1806.7985085287548 f_dc (1e6)= 4.734065653877655 |g_lik|= 5638.935247724709 |g_dc|= 8.372936166010124
it no: 399 f_tot= 5092337.472027323 f_lik= 1808.332335889453 f_dc (1e6)= 5.090529139691434 |g_lik|= 5744.93307771476 |g_dc|= 8.708864456601141
skipping phase proj
f_dc (1e6): 1.682358405011046  perc: 0.03786399079838883
it no: 403 f_tot= 957489.4263275013 f_lik= 1902.433683493478 f_dc (1e6)= 0.9555869926440078 |g_lik|= 15880.597202493424 |g_dc|= 3.382579261901892
it no: 404 f_tot= 1658273.8733600006 f_lik= 1876.04993813106 f_dc (1e6)= 1.6563978234218695 |g_lik|= 10726.366764457904 |g_dc|= 4.700938115995956
it no: 405 f_tot= 2103388.256697805 f_lik= 1861.6999833313623 f_dc (1e6)= 2.101526556714474 |g_lik|= 8015.590524004378 |g_dc|= 5.354578513396846
it no: 406 f_tot= 2595964.9314278266 f_lik= 1867.6339532429831 f_dc (1e6)= 2.5940972974745837 |g_lik|= 7465.731664244075 |g_dc|= 6.021222656404006
it no: 407 f_tot= 3052043.1011320376 f_lik= 1836.9691594808442 f_dc (1e6)= 3.050206131972557 |g_lik|= 6528.764528364573 |g_dc|= 6.581882320986544
it no: 408 f_tot= 3510776.0908528594 f_lik= 1819.9858134378705 f_dc (1e6)= 3.5089561050394216 |g_lik|= 6332.0647511101115 |g_dc|= 7.10981949537579
it no: 409 f_tot= 3930128.1513561686 f_lik= 1855.5577051244463 f_dc (1e6)= 3.928272593651044 |g_lik|= 5835.155950009225 |g_dc|= 7.562425741460903
it no: 410 f_tot= 4339678.011114457 f_lik= 1804.140339477403 f_dc (1e6)= 4.337873870774979 |g_lik|= 5708.5318840307045 |g_dc|= 7.983800254083572
it no: 411 f_tot= 4711499.75216496 f_lik= 1844.8035180001032 f_dc (1e6)= 4.70965494864696 |g_lik|= 5742.017270227987 |g_dc|= 8.348114952379449
it no: 412 f_tot= 5082938.558078434 f_lik= 1812.2290674745468 f_dc (1e6)= 5.08112632901096 |g_lik|= 5596.5099625298335 |g_dc|= 8.69786078451332
skipping phase proj
f_dc (1e6): 1.6563978234218695  perc: 0.037279709102238025
it no: 416 f_tot= 954154.4881482916 f_lik= 1913.2713450913202 f_dc (1e6)= 0.9522412168032003 |g_lik|= 16024.837173743896 |g_dc|= 3.372007228878179
it no: 417 f_tot= 1655764.4413162544 f_lik= 1870.7828814393 f_dc (1e6)= 1.6538936584348152 |g_lik|= 10141.213047205249 |g_dc|= 4.692666680531554
it no: 418 f_tot= 2108555.5780460495 f_lik= 1856.4611655952817 f_dc (1e6)= 2.106699116880454 |g_lik|= 8020.9620066913085 |g_dc|= 5.363919181154859
it no: 419 f_tot= 2592964.9196306868 f_lik= 1845.6997677070754 f_dc (1e6)= 2.5911192198629798 |g_lik|= 7381.896137885014 |g_dc|= 6.015860694669035
it no: 420 f_tot= 3067504.259813269 f_lik= 1833.7090627704915 f_dc (1e6)= 3.065670550750499 |g_lik|= 6608.27650626606 |g_dc|= 6.60009323508302
it no: 421 f_tot= 3522036.1395275616 f_lik= 1839.4182707382383 f_dc (1e6)= 3.5201967212568235 |g_lik|= 6041.210598676473 |g_dc|= 7.124748330360375
it no: 422 f_tot= 3944565.880597186 f_lik= 1826.0769420823597 f_dc (1e6)= 3.9427398036551033 |g_lik|= 5895.9792726598625 |g_dc|= 7.578433211643729
it no: 423 f_tot= 4354715.094217612 f_lik= 1818.1756311719616 f_dc (1e6)= 4.35289691858644 |g_lik|= 6175.921116346605 |g_dc|= 8.000175713849474
it no: 424 f_tot= 4730548.525740299 f_lik= 1786.4316705549331 f_dc (1e6)= 4.728762094069745 |g_lik|= 6012.264004434463 |g_dc|= 8.363980920864332
it no: 425 f_tot= 5097310.414278405 f_lik= 1824.7763288525173 f_dc (1e6)= 5.095485637949553 |g_lik|= 6232.085479878471 |g_dc|= 8.71095008777588
skipping phase proj
f_dc (1e6): 1.6538936584348152  perc: 0.03722334912582334
it no: 429 f_tot= 948290.9144545192 f_lik= 1913.3049208341326 f_dc (1e6)= 0.946377609533685 |g_lik|= 16629.638226372364 |g_dc|= 3.3631995512944264
it no: 430 f_tot= 1672923.0582136 f_lik= 1892.086120022365 f_dc (1e6)= 1.6710309720935774 |g_lik|= 10467.252826722648 |g_dc|= 4.721987373175336
it no: 431 f_tot= 2108612.6722679655 f_lik= 1851.0931479926337 f_dc (1e6)= 2.106761579119973 |g_lik|= 8498.584294575749 |g_dc|= 5.362821011364128
it no: 432 f_tot= 2613176.7075768486 f_lik= 1835.1541629700434 f_dc (1e6)= 2.6113415534138786 |g_lik|= 7114.353485305759 |g_dc|= 6.044372352785688
it no: 433 f_tot= 3063255.780874435 f_lik= 1831.493029801959 f_dc (1e6)= 3.0614242878446327 |g_lik|= 6417.127668501135 |g_dc|= 6.5983602070893586
it no: 434 f_tot= 3519694.240392167 f_lik= 1827.574322403499 f_dc (1e6)= 3.5178666660697635 |g_lik|= 6157.048294443319 |g_dc|= 7.12100342658641
it no: 435 f_tot= 3937386.6691158754 f_lik= 1811.509004918053 f_dc (1e6)= 3.9355751601109574 |g_lik|= 5732.781523922782 |g_dc|= 7.571804023546987
it no: 436 f_tot= 4347843.381102634 f_lik= 1820.596470371428 f_dc (1e6)= 4.346022784632262 |g_lik|= 5781.16000847062 |g_dc|= 7.991002874877912
it no: 437 f_tot= 4732856.456136844 f_lik= 1805.5050582454319 f_dc (1e6)= 4.731050951078599 |g_lik|= 5642.87031022742 |g_dc|= 8.36832086994719
it no: 438 f_tot= 5092909.825297989 f_lik= 1822.1151876340593 f_dc (1e6)= 5.091087710110355 |g_lik|= 5412.532280066323 |g_dc|= 8.708509306319048
skipping phase proj
f_dc (1e6): 1.6710309720935774  perc: 0.037609049987632405
it no: 442 f_tot= 949707.5291960734 f_lik= 1885.9666704904466 f_dc (1e6)= 0.9478215625255829 |g_lik|= 16352.011106160082 |g_dc|= 3.3655665286312857
it no: 443 f_tot= 1663270.093902535 f_lik= 1847.545077600025 f_dc (1e6)= 1.661422548824935 |g_lik|= 10454.492140789596 |g_dc|= 4.7068840618635965
it no: 444 f_tot= 2114778.978304281 f_lik= 1857.2466677988143 f_dc (1e6)= 2.112921731636482 |g_lik|= 8170.361986069005 |g_dc|= 5.376667044856056
it no: 445 f_tot= 2603506.341227858 f_lik= 1843.985003577925 f_dc (1e6)= 2.60166235622428 |g_lik|= 7065.206582118896 |g_dc|= 6.037855482447436
it no: 446 f_tot= 3067517.297766255 f_lik= 1857.2747000984918 f_dc (1e6)= 3.0656600230661564 |g_lik|= 6634.539914031411 |g_dc|= 6.608122150692511
it no: 447 f_tot= 3520949.8694167677 f_lik= 1832.869684612155 f_dc (1e6)= 3.519116999732155 |g_lik|= 6516.605415536508 |g_dc|= 7.127461106769792
it no: 448 f_tot= 3949779.8654544735 f_lik= 1848.9188525953748 f_dc (1e6)= 3.9479309466018786 |g_lik|= 6147.31991925827 |g_dc|= 7.588229397456691
it no: 449 f_tot= 4351567.8113963995 f_lik= 1802.0815903073265 f_dc (1e6)= 4.3497657298060926 |g_lik|= 5896.635744690714 |g_dc|= 8.001624003971012
it no: 450 f_tot= 4732496.433673085 f_lik= 1805.3370871189663 f_dc (1e6)= 4.730691096585966 |g_lik|= 5650.774300547224 |g_dc|= 8.374708669180851
it no: 451 f_tot= 5095794.908147986 f_lik= 1802.69868066572 f_dc (1e6)= 5.093992209467321 |g_lik|= 5406.350133329586 |g_dc|= 8.716631919014844
skipping phase proj
f_dc (1e6): 1.661422548824935  perc: 0.03739279805870498
it no: 455 f_tot= 950926.6426167848 f_lik= 1906.5330290986242 f_dc (1e6)= 0.9490201095876861 |g_lik|= 16933.571377955297 |g_dc|= 3.3772766736344426
it no: 456 f_tot= 1697889.6836515167 f_lik= 1886.3742592448848 f_dc (1e6)= 1.6960033093922717 |g_lik|= 10435.703094486327 |g_dc|= 4.773025501196231
it no: 457 f_tot= 2135968.7717511556 f_lik= 1865.8952936611856 f_dc (1e6)= 2.134102876457494 |g_lik|= 8405.740113776037 |g_dc|= 5.41449010542674
it no: 458 f_tot= 2622001.883762635 f_lik= 1850.2154846799942 f_dc (1e6)= 2.6201516682779546 |g_lik|= 7023.042919715785 |g_dc|= 6.065322043557138
it no: 459 f_tot= 3082503.122816197 f_lik= 1811.803696882157 f_dc (1e6)= 3.0806913191193153 |g_lik|= 6632.845132643441 |g_dc|= 6.629770819014916
it no: 460 f_tot= 3537627.52308968 f_lik= 1809.3543729464213 f_dc (1e6)= 3.5358181687167334 |g_lik|= 6605.049625759186 |g_dc|= 7.1522872444158825
it no: 461 f_tot= 3956391.3757447223 f_lik= 1826.2003495325362 f_dc (1e6)= 3.9545651753951896 |g_lik|= 6261.171577998523 |g_dc|= 7.5973653700036765
it no: 462 f_tot= 4361632.843240783 f_lik= 1798.864691178458 f_dc (1e6)= 4.359833978549604 |g_lik|= 5785.823859282198 |g_dc|= 8.011591943548533
it no: 463 f_tot= 4739231.631522579 f_lik= 1802.1121426150912 f_dc (1e6)= 4.7374295193799645 |g_lik|= 5795.5471165377885 |g_dc|= 8.378467971881719
it no: 464 f_tot= 5105177.484291369 f_lik= 1830.312326461247 f_dc (1e6)= 5.103347171964908 |g_lik|= 5925.249817039638 |g_dc|= 8.723942554958704
skipping phase proj
f_dc (1e6): 1.6960033093922717  perc: 0.038171089768737086
it no: 468 f_tot= 948723.6962185221 f_lik= 1903.2015649813698 f_dc (1e6)= 0.9468204946535408 |g_lik|= 16826.3837806735 |g_dc|= 3.362632753608157
it no: 469 f_tot= 1691429.3744229167 f_lik= 1870.685927574521 f_dc (1e6)= 1.6895586884953422 |g_lik|= 10520.433692852379 |g_dc|= 4.754055581130483
it no: 470 f_tot= 2145017.771338583 f_lik= 1852.535131257829 f_dc (1e6)= 2.143165236207325 |g_lik|= 8266.19594227773 |g_dc|= 5.4124417758781105
it no: 471 f_tot= 2626656.09288787 f_lik= 1831.9743565820513 f_dc (1e6)= 2.624824118531288 |g_lik|= 7504.460962816667 |g_dc|= 6.056421783846978
it no: 472 f_tot= 3097100.291204234 f_lik= 1832.5798565126602 f_dc (1e6)= 3.0952677113477214 |g_lik|= 6554.630273080905 |g_dc|= 6.635418230875069
it no: 473 f_tot= 3550363.5811104206 f_lik= 1816.409310193743 f_dc (1e6)= 3.548547171800227 |g_lik|= 6090.090830538105 |g_dc|= 7.149997164069192
it no: 474 f_tot= 3975720.8686232474 f_lik= 1840.2979050604501 f_dc (1e6)= 3.973880570718187 |g_lik|= 5948.479125813634 |g_dc|= 7.608960169974509
it no: 475 f_tot= 4374054.076337312 f_lik= 1831.1198667362758 f_dc (1e6)= 4.372222956470576 |g_lik|= 5835.3445668124095 |g_dc|= 8.014613149341514
it no: 476 f_tot= 4746147.342719661 f_lik= 1809.728262323652 f_dc (1e6)= 4.744337614457337 |g_lik|= 5573.845104369761 |g_dc|= 8.377650398102197
it no: 477 f_tot= 5116693.304761375 f_lik= 1806.2821499043418 f_dc (1e6)= 5.114887022611471 |g_lik|= 5424.187426342463 |g_dc|= 8.728626011584058
skipping phase proj
f_dc (1e6): 1.6895586884953422  perc: 0.038026043941632934
it no: 481 f_tot= 945928.4519879115 f_lik= 1897.0659196712857 f_dc (1e6)= 0.9440313860682401 |g_lik|= 15844.069949181845 |g_dc|= 3.3557461694476762
it no: 482 f_tot= 1631382.2916886976 f_lik= 1864.0197581282116 f_dc (1e6)= 1.6295182719305696 |g_lik|= 10182.890940131096 |g_dc|= 4.654046888616645
it no: 483 f_tot= 2074309.8205179304 f_lik= 1817.941016337985 f_dc (1e6)= 2.0724918795015923 |g_lik|= 8045.619624203484 |g_dc|= 5.311552230772423
it no: 484 f_tot= 2574476.9104465474 f_lik= 1834.6381138915108 f_dc (1e6)= 2.5726422723326556 |g_lik|= 7427.8209309384465 |g_dc|= 5.994802004675031
it no: 485 f_tot= 3033121.9428991727 f_lik= 1828.808513024875 f_dc (1e6)= 3.031293134386148 |g_lik|= 6843.647925533371 |g_dc|= 6.5588788338378485
it no: 486 f_tot= 3493876.8747421885 f_lik= 1796.9141268459389 f_dc (1e6)= 3.4920799606153423 |g_lik|= 6542.7712221147995 |g_dc|= 7.091283971261725
it no: 487 f_tot= 3921375.208550183 f_lik= 1830.632272637231 f_dc (1e6)= 3.919544576277546 |g_lik|= 6254.491530862725 |g_dc|= 7.553879924271823
it no: 488 f_tot= 4325561.339714385 f_lik= 1821.2262103389558 f_dc (1e6)= 4.323740113504046 |g_lik|= 5970.149368742599 |g_dc|= 7.9696801471282805
it no: 489 f_tot= 4698997.430418067 f_lik= 1818.5846131143117 f_dc (1e6)= 4.697178845804952 |g_lik|= 6117.919676403199 |g_dc|= 8.337647261049014
it no: 490 f_tot= 5069556.758482594 f_lik= 1802.710262601035 f_dc (1e6)= 5.067754048219993 |g_lik|= 5984.832639337591 |g_dc|= 8.686015263389656
skipping phase proj
f_dc (1e6): 1.6295182719305696  perc: 0.036674744614706774
it no: 494 f_tot= 947269.295052336 f_lik= 1929.1733297711328 f_dc (1e6)= 0.9453401217225648 |g_lik|= 16767.57084550332 |g_dc|= 3.367097864953561
it no: 495 f_tot= 1675196.8555386004 f_lik= 1872.9283761996314 f_dc (1e6)= 1.6733239271624007 |g_lik|= 10652.181923181843 |g_dc|= 4.723083595707807
it no: 496 f_tot= 2119211.8163569355 f_lik= 1851.5080394567763 f_dc (1e6)= 2.117360308317479 |g_lik|= 7981.570368672567 |g_dc|= 5.372146434220788
it no: 497 f_tot= 2596211.0936335125 f_lik= 1849.726557451884 f_dc (1e6)= 2.594361367076061 |g_lik|= 7160.508003401472 |g_dc|= 6.021358478905306
it no: 498 f_tot= 3068047.613489518 f_lik= 1830.0999155857448 f_dc (1e6)= 3.066217513573932 |g_lik|= 6512.5515427994005 |g_dc|= 6.601680374729835
it no: 499 f_tot= 3511524.614719923 f_lik= 1830.202871886662 f_dc (1e6)= 3.5096944118480367 |g_lik|= 6533.624258031456 |g_dc|= 7.110535290844531
it no: 500 f_tot= 3943837.464582936 f_lik= 1822.524194939023 f_dc (1e6)= 3.9420149403879967 |g_lik|= 6366.228494113214 |g_dc|= 7.574628121763317
it no: 501 f_tot= 4358370.052066202 f_lik= 1806.0568093391828 f_dc (1e6)= 4.356563995256863 |g_lik|= 5944.854483325541 |g_dc|= 8.001996654485724
it no: 502 f_tot= 4726052.059514928 f_lik= 1820.4274112251826 f_dc (1e6)= 4.724231632103702 |g_lik|= 5735.591104189981 |g_dc|= 8.360583021328047
it no: 503 f_tot= 5100047.872040838 f_lik= 1816.444352156094 f_dc (1e6)= 5.098231427688681 |g_lik|= 5559.551412688012 |g_dc|= 8.713917933824114
skipping phase proj
f_dc (1e6): 1.6733239271624007  perc: 0.03766065636910763
it no: 507 f_tot= 951757.7847706316 f_lik= 1910.5002632250105 f_dc (1e6)= 0.9498472845074065 |g_lik|= 15987.878102687455 |g_dc|= 3.375900419664202
it no: 508 f_tot= 1650109.9542149892 f_lik= 1870.9728709011986 f_dc (1e6)= 1.648238981344088 |g_lik|= 11092.487606476123 |g_dc|= 4.695436128762025
it no: 509 f_tot= 2108235.1568661993 f_lik= 1847.332705561093 f_dc (1e6)= 2.106387824160638 |g_lik|= 8416.313259315308 |g_dc|= 5.3664647880063185
it no: 510 f_tot= 2598177.7137386277 f_lik= 1855.8790932902837 f_dc (1e6)= 2.5963218346453374 |g_lik|= 7442.07394708573 |g_dc|= 6.0333310552171335
it no: 511 f_tot= 3058188.134423852 f_lik= 1840.1519203385853 f_dc (1e6)= 3.0563479825035134 |g_lik|= 6955.169818983414 |g_dc|= 6.597482881646046
it no: 512 f_tot= 3510952.623284772 f_lik= 1817.7210615921022 f_dc (1e6)= 3.50913490222318 |g_lik|= 6682.6103519451735 |g_dc|= 7.118946685667792
it no: 513 f_tot= 3935159.8484287355 f_lik= 1822.2704232751755 f_dc (1e6)= 3.9333375780054607 |g_lik|= 6324.1713007595845 |g_dc|= 7.574541152904483
it no: 514 f_tot= 4348042.763959192 f_lik= 1819.010359018956 f_dc (1e6)= 4.346223753600173 |g_lik|= 6059.414176373924 |g_dc|= 7.9966813900896785
it no: 515 f_tot= 4728843.208496517 f_lik= 1806.4042636680604 f_dc (1e6)= 4.727036804232849 |g_lik|= 6068.609380633097 |g_dc|= 8.367734429503308
it no: 516 f_tot= 5091924.951865735 f_lik= 1800.1247651345388 f_dc (1e6)= 5.090124827100601 |g_lik|= 6118.335410539768 |g_dc|= 8.710826570194767
skipping phase proj
f_dc (1e6): 1.648238981344088  perc: 0.03709608216493474
it no: 520 f_tot= 936372.2472802592 f_lik= 1935.8352309599377 f_dc (1e6)= 0.9344364120492992 |g_lik|= 16098.325324733793 |g_dc|= 3.3399908955929294
it no: 521 f_tot= 1646324.4323656603 f_lik= 1897.411402632963 f_dc (1e6)= 1.6444270209630274 |g_lik|= 10403.063391580397 |g_dc|= 4.681528173665235
it no: 522 f_tot= 2090184.984175983 f_lik= 1864.7529826077962 f_dc (1e6)= 2.088320231193375 |g_lik|= 8037.591220506614 |g_dc|= 5.33955960127996
it no: 523 f_tot= 2579377.139857424 f_lik= 1858.0356236911955 f_dc (1e6)= 2.577519104233733 |g_lik|= 7318.762512356103 |g_dc|= 6.004642478135345
it no: 524 f_tot= 3042429.3986493237 f_lik= 1842.7045168249947 f_dc (1e6)= 3.040586694132499 |g_lik|= 6656.574733586065 |g_dc|= 6.574333386626353
it no: 525 f_tot= 3497571.008960853 f_lik= 1820.8231380053928 f_dc (1e6)= 3.4957501858228475 |g_lik|= 6309.7028952591745 |g_dc|= 7.099689731949751
it no: 526 f_tot= 3927611.7060629996 f_lik= 1825.3731852268888 f_dc (1e6)= 3.925786332877773 |g_lik|= 6104.458362339491 |g_dc|= 7.563855952821329
it no: 527 f_tot= 4338723.6254934035 f_lik= 1817.6208987254188 f_dc (1e6)= 4.336906004594678 |g_lik|= 6025.604730164477 |g_dc|= 7.984464932383985
it no: 528 f_tot= 4714820.8427887 f_lik= 1809.761249019078 f_dc (1e6)= 4.7130110815396815 |g_lik|= 5824.7045174894265 |g_dc|= 8.352988766277626
it no: 529 f_tot= 5078641.465125133 f_lik= 1799.6985821228936 f_dc (1e6)= 5.07684176654301 |g_lik|= 5899.45626838877 |g_dc|= 8.695843674568911
skipping phase proj
f_dc (1e6): 1.6444270209630274  perc: 0.03701028829820433
it no: 533 f_tot= 944079.1688707237 f_lik= 1897.34278053647 f_dc (1e6)= 0.9421818260901872 |g_lik|= 16170.596812109632 |g_dc|= 3.3569469057697456
it no: 534 f_tot= 1656144.212602418 f_lik= 1888.2579637009758 f_dc (1e6)= 1.654255954638717 |g_lik|= 10741.063169695877 |g_dc|= 4.695849950765889
it no: 535 f_tot= 2106076.791406603 f_lik= 1854.265129057907 f_dc (1e6)= 2.1042225262775456 |g_lik|= 8365.71643440883 |g_dc|= 5.361234232357849
it no: 536 f_tot= 2592369.2106821234 f_lik= 1841.8131574576241 f_dc (1e6)= 2.590527397524666 |g_lik|= 7670.7643579571795 |g_dc|= 6.017907753278193
it no: 537 f_tot= 3053075.6986281318 f_lik= 1837.3246680959066 f_dc (1e6)= 3.051238373960036 |g_lik|= 6842.2947059869075 |g_dc|= 6.585727406230601
it no: 538 f_tot= 3510194.955671062 f_lik= 1832.1509258945782 f_dc (1e6)= 3.5083628047451674 |g_lik|= 6310.44293783192 |g_dc|= 7.112182146567505
it no: 539 f_tot= 3940921.9345195815 f_lik= 1821.041729547864 f_dc (1e6)= 3.9391008927900333 |g_lik|= 6159.440084764681 |g_dc|= 7.57731982501376
it no: 540 f_tot= 4344728.032222932 f_lik= 1818.5345116397314 f_dc (1e6)= 4.342909497711292 |g_lik|= 6088.874833725909 |g_dc|= 7.9904710210968934
it no: 541 f_tot= 4728788.661249254 f_lik= 1852.1921028862396 f_dc (1e6)= 4.726936469146368 |g_lik|= 6040.165626294443 |g_dc|= 8.366989380098374
it no: 542 f_tot= 5089993.4554179935 f_lik= 1800.504740545182 f_dc (1e6)= 5.088192950677448 |g_lik|= 5869.5143591218875 |g_dc|= 8.706046486689436
skipping phase proj
f_dc (1e6): 1.654255954638717  perc: 0.037231503143474974
it no: 546 f_tot= 950566.0834164645 f_lik= 1903.132599607195 f_dc (1e6)= 0.9486629508168573 |g_lik|= 15978.436900241704 |g_dc|= 3.370648824110416
it no: 547 f_tot= 1665191.2134058108 f_lik= 1880.9196996309643 f_dc (1e6)= 1.6633102937061799 |g_lik|= 10119.66162727363 |g_dc|= 4.714871888654548
it no: 548 f_tot= 2097687.29262802 f_lik= 1855.171354595735 f_dc (1e6)= 2.0958321212734243 |g_lik|= 8450.993568602733 |g_dc|= 5.350647711131714
it no: 549 f_tot= 2607253.2086390676 f_lik= 1826.7677408186594 f_dc (1e6)= 2.605426440898249 |g_lik|= 7153.694787529948 |g_dc|= 6.04048929355328
it no: 550 f_tot= 3057500.947262399 f_lik= 1834.0421768279302 f_dc (1e6)= 3.055666905085571 |g_lik|= 6402.172588162673 |g_dc|= 6.592470189386969
it no: 551 f_tot= 3520826.922162194 f_lik= 1811.1413996003923 f_dc (1e6)= 3.5190157807625932 |g_lik|= 6353.124497462907 |g_dc|= 7.1255446377054446
it no: 552 f_tot= 3941865.781051064 f_lik= 1831.564545843942 f_dc (1e6)= 3.9400342165052202 |g_lik|= 6196.067289496365 |g_dc|= 7.576987362375915
it no: 553 f_tot= 4363746.409788161 f_lik= 1808.2217429719653 f_dc (1e6)= 4.361938188045189 |g_lik|= 5924.379770745534 |g_dc|= 8.010167836520328
it no: 554 f_tot= 4739443.422818945 f_lik= 1813.103995777993 f_dc (1e6)= 4.737630318823167 |g_lik|= 5713.635309497738 |g_dc|= 8.376249507323363
it no: 555 f_tot= 5104499.189755434 f_lik= 1802.1913252530778 f_dc (1e6)= 5.102696998430181 |g_lik|= 5706.389647238138 |g_dc|= 8.721721227796081
skipping phase proj
f_dc (1e6): 1.6633102937061799  perc: 0.03743528457917545
it no: 559 f_tot= 946241.3125746221 f_lik= 1885.8138912963868 f_dc (1e6)= 0.9443554986833257 |g_lik|= 16966.513091545927 |g_dc|= 3.357492616797116
it no: 560 f_tot= 1686431.5770909241 f_lik= 1881.5303576107253 f_dc (1e6)= 1.6845500467333134 |g_lik|= 10328.040241883826 |g_dc|= 4.742293799036122
it no: 561 f_tot= 2130490.7251787754 f_lik= 1830.0204020359545 f_dc (1e6)= 2.128660704776739 |g_lik|= 7907.097994794797 |g_dc|= 5.395264707226795
it no: 562 f_tot= 2608228.184642612 f_lik= 1839.2780970019387 f_dc (1e6)= 2.60638890654561 |g_lik|= 6929.130130452219 |g_dc|= 6.037948992088462
it no: 563 f_tot= 3070130.3459071876 f_lik= 1832.9267302118028 f_dc (1e6)= 3.0682974191769756 |g_lik|= 6780.393801605743 |g_dc|= 6.603273960400468
it no: 564 f_tot= 3514550.976709179 f_lik= 1828.2305544203803 f_dc (1e6)= 3.5127227461547585 |g_lik|= 6589.454746743289 |g_dc|= 7.114376398268789
it no: 565 f_tot= 3943857.0524150436 f_lik= 1824.335382868449 f_dc (1e6)= 3.942032717032175 |g_lik|= 6162.169189239798 |g_dc|= 7.5746897070383845
it no: 566 f_tot= 4348801.844785103 f_lik= 1805.8983412937891 f_dc (1e6)= 4.346995946443809 |g_lik|= 5975.230199384242 |g_dc|= 7.992775067908228
it no: 567 f_tot= 4733677.697021956 f_lik= 1818.6322105098907 f_dc (1e6)= 4.731859064811446 |g_lik|= 5846.708507791363 |g_dc|= 8.367505447135313
it no: 568 f_tot= 5092007.401047883 f_lik= 1783.0179457092286 f_dc (1e6)= 5.090224383102173 |g_lik|= 5720.849873637101 |g_dc|= 8.707303612014456
skipping phase proj
f_dc (1e6): 1.6845500467333134  perc: 0.03791331697155034
it no: 572 f_tot= 952926.9001681803 f_lik= 1894.5633044815063 f_dc (1e6)= 0.9510323368636988 |g_lik|= 15760.85242981855 |g_dc|= 3.378272325487989
it no: 573 f_tot= 1650443.517220066 f_lik= 1875.0351928489317 f_dc (1e6)= 1.648568482027217 |g_lik|= 10224.206823931014 |g_dc|= 4.695450740853767
it no: 574 f_tot= 2102016.355771026 f_lik= 1839.3499546387081 f_dc (1e6)= 2.1001770058163873 |g_lik|= 8308.591119403089 |g_dc|= 5.361773062227124
it no: 575 f_tot= 2603516.421239285 f_lik= 1828.5827794542768 f_dc (1e6)= 2.6016878384598305 |g_lik|= 7898.874541226415 |g_dc|= 6.035570137702494
it no: 576 f_tot= 3059180.3246945967 f_lik= 1816.674529511588 f_dc (1e6)= 3.0573636501650854 |g_lik|= 7162.264743891514 |g_dc|= 6.594257259622631
it no: 577 f_tot= 3529245.075481484 f_lik= 1838.988134824662 f_dc (1e6)= 3.5274060873466597 |g_lik|= 6445.805741172829 |g_dc|= 7.13332114677409
it no: 578 f_tot= 3940463.0476272814 f_lik= 1811.1583105250768 f_dc (1e6)= 3.9386518893167564 |g_lik|= 5998.255704128758 |g_dc|= 7.575935765138321
it no: 579 f_tot= 4356821.4782796595 f_lik= 1819.3620620709373 f_dc (1e6)= 4.355002116217589 |g_lik|= 5984.935608737292 |g_dc|= 8.002408844656575
it no: 580 f_tot= 4728887.012038658 f_lik= 1813.51700163705 f_dc (1e6)= 4.727073495037021 |g_lik|= 5873.672282065406 |g_dc|= 8.364108519227928
it no: 581 f_tot= 5099022.431211384 f_lik= 1813.093954541286 f_dc (1e6)= 5.097209337256842 |g_lik|= 5746.007938713654 |g_dc|= 8.713263207764532
skipping phase proj
f_dc (1e6): 1.648568482027217  perc: 0.03710349807036661
it no: 585 f_tot= 942631.3517603995 f_lik= 1917.0656455103556 f_dc (1e6)= 0.9407142861148892 |g_lik|= 16157.211679847986 |g_dc|= 3.352269754704073
it no: 586 f_tot= 1658595.2161293614 f_lik= 1865.1808125053133 f_dc (1e6)= 1.6567300353168561 |g_lik|= 10318.551773647147 |g_dc|= 4.69867825044021
it no: 587 f_tot= 2098908.793542418 f_lik= 1839.1617251877558 f_dc (1e6)= 2.0970696318172304 |g_lik|= 8048.72494943489 |g_dc|= 5.349099219939952
it no: 588 f_tot= 2592597.83783403 f_lik= 1849.5706103261311 f_dc (1e6)= 2.5907482672237037 |g_lik|= 7411.841707059429 |g_dc|= 6.020091058865183
it no: 589 f_tot= 3050483.812659393 f_lik= 1852.2301593539828 f_dc (1e6)= 3.048631582500039 |g_lik|= 6848.682315416804 |g_dc|= 6.5836644570888305
it no: 590 f_tot= 3505569.2090605004 f_lik= 1851.7749500903628 f_dc (1e6)= 3.5037174341104103 |g_lik|= 6521.086979635366 |g_dc|= 7.109382294935849
it no: 591 f_tot= 3925490.361586564 f_lik= 1828.609986228943 f_dc (1e6)= 3.9236617516003354 |g_lik|= 6226.849806323557 |g_dc|= 7.560725096370242
it no: 592 f_tot= 4336544.803416382 f_lik= 1815.2743842551822 f_dc (1e6)= 4.334729529032126 |g_lik|= 6062.170732804662 |g_dc|= 7.983280341257242
it no: 593 f_tot= 4718891.969994301 f_lik= 1831.2140105529058 f_dc (1e6)= 4.7170607559837485 |g_lik|= 5789.520707542263 |g_dc|= 8.356137461137862
it no: 594 f_tot= 5082317.983278662 f_lik= 1821.781417854854 f_dc (1e6)= 5.080496201860807 |g_lik|= 6093.819734012275 |g_dc|= 8.701701998572565
skipping phase proj
f_dc (1e6): 1.6567300353168561  perc: 0.03728718602754564
it no: 598 f_tot= 946550.2931872277 f_lik= 1904.9088859614872 f_dc (1e6)= 0.9446453843012662 |g_lik|= 16223.83263618373 |g_dc|= 3.357976848269012
it no: 599 f_tot= 1664707.2589100394 f_lik= 1876.5896896447455 f_dc (1e6)= 1.6628306692203947 |g_lik|= 10411.34859709096 |g_dc|= 4.71446295283458
it no: 600 f_tot= 2118933.9688244145 f_lik= 1873.3954649987675 f_dc (1e6)= 2.117060573359416 |g_lik|= 8130.725810265185 |g_dc|= 5.38487670863067
it no: 601 f_tot= 2596438.752003127 f_lik= 1849.4856639132188 f_dc (1e6)= 2.5945892663392134 |g_lik|= 7283.844073480578 |g_dc|= 6.026879057670762
it no: 602 f_tot= 3072066.316347897 f_lik= 1819.7054603045328 f_dc (1e6)= 3.0702466108875925 |g_lik|= 6743.597293252054 |g_dc|= 6.612486757657787
it no: 603 f_tot= 3519092.080114417 f_lik= 1841.3221201260885 f_dc (1e6)= 3.517250757994291 |g_lik|= 6669.024513106356 |g_dc|= 7.123822880407408
it no: 604 f_tot= 3951947.059140231 f_lik= 1836.5992873312177 f_dc (1e6)= 3.9501104598528998 |g_lik|= 5740.239851335442 |g_dc|= 7.58856313526517
it no: 605 f_tot= 4352912.788640233 f_lik= 1814.1186556738899 f_dc (1e6)= 4.351098669984559 |g_lik|= 5607.880841278987 |g_dc|= 7.999624616228622
it no: 606 f_tot= 4731602.187723433 f_lik= 1814.1188441076733 f_dc (1e6)= 4.729788068879325 |g_lik|= 5827.244053999134 |g_dc|= 8.368796050194613
it no: 607 f_tot= 5095971.155761519 f_lik= 1802.5002420970372 f_dc (1e6)= 5.0941686555194226 |g_lik|= 5878.740701251926 |g_dc|= 8.711771199439816
skipping phase proj
f_dc (1e6): 1.6628306692203947  perc: 0.03742448991315044
('<<RECONSTRUCTION DONE>>', '     Subject: ', 'file_brain_AXFLAIR_200_6002462.h5', '     MSE = ', 0.007556678201928282, '     SSIM = ', 0.5120778508535745)
