('Under sample factor: ', 4)
FLAIR20201020-125121/jonatank_lat60_ns50_ps28_modalityFLAIR_step100000.ckpt
Read from existing sensmap pattern file
Read from existing u.s. pattern file
xxxxxxxxxxxxxxxxxxx contRec is 
xxxxxxxxxxxxxxxxxxx parfact is 25
---- Defining VAE
>>> lat_dim value: 60
>>> mode is: MRIunproc
2020-10-26 13:37:12.000360: I tensorflow/core/platform/cpu_feature_guard.cc:141] Your CPU supports instructions that this TensorFlow binary was not compiled to use: AVX2 FMA
2020-10-26 13:37:12.330595: I tensorflow/core/common_runtime/gpu/gpu_device.cc:1432] Found device 0 with properties: 
name: GeForce GTX 1080 Ti major: 6 minor: 1 memoryClockRate(GHz): 1.582
pciBusID: 0000:88:00.0
totalMemory: 10.92GiB freeMemory: 10.77GiB
2020-10-26 13:37:12.330654: I tensorflow/core/common_runtime/gpu/gpu_device.cc:1511] Adding visible gpu devices: 0
2020-10-26 13:37:18.961144: I tensorflow/core/common_runtime/gpu/gpu_device.cc:982] Device interconnect StreamExecutor with strength 1 edge matrix:
2020-10-26 13:37:18.961198: I tensorflow/core/common_runtime/gpu/gpu_device.cc:988]      0 
2020-10-26 13:37:18.961209: I tensorflow/core/common_runtime/gpu/gpu_device.cc:1001] 0:   N 
2020-10-26 13:37:18.963835: I tensorflow/core/common_runtime/gpu/gpu_device.cc:1115] Created TensorFlow device (/job:localhost/replica:0/task:0/device:GPU:0 with 10419 MB memory) -> physical GPU (device: 0, name: GeForce GTX 1080 Ti, pci bus id: 0000:88:00.0, compute capability: 6.1)
Initialized parameters
KCT-info: loaded the new model, trained fastmri
KCT-INFO: the gradients: 
Tensor("gradients_2/AddN_3:0", shape=(1250, 784), dtype=float32)
Tensor("gradients_3/Reshape_2_grad/Reshape:0", shape=(1250, 784), dtype=float32)
Tensor("gradients_4/Reshape_2_grad/Reshape:0", shape=(1250, 784), dtype=float32)
KCT-INFO: there will be in total 1035 patches.
contRec is 
it no: 0 f_tot= 108931802.34579244 f_lik= 2050.850475574675 f_dc (1e6)= 108.92975149531686 |g_lik|= 26478.982453195356 |g_dc|= 12.563572337211482
it no: 1 f_tot= 109590037.07176489 f_lik= 2004.3652935845512 f_dc (1e6)= 109.58803270647131 |g_lik|= 12347.999573446381 |g_dc|= 12.92741999014355
it no: 2 f_tot= 109904065.20782492 f_lik= 1986.1406146966842 f_dc (1e6)= 109.90207906721021 |g_lik|= 9129.867423738868 |g_dc|= 13.088443046613474
it no: 3 f_tot= 110231876.78643247 f_lik= 1985.8935477228817 f_dc (1e6)= 110.22989089288474 |g_lik|= 7515.197201520097 |g_dc|= 13.258951429030299
it no: 4 f_tot= 110593856.5122672 f_lik= 1939.1098783093407 f_dc (1e6)= 110.59191740238889 |g_lik|= 6630.550625864669 |g_dc|= 13.448933964539664
it no: 5 f_tot= 110987938.75900456 f_lik= 1920.5830119995844 f_dc (1e6)= 110.98601817599257 |g_lik|= 6378.328240120195 |g_dc|= 13.656530622259647
it no: 6 f_tot= 111385353.50349997 f_lik= 1915.6521349407378 f_dc (1e6)= 111.38343785136503 |g_lik|= 6104.320253515561 |g_dc|= 13.864009271949806
it no: 7 f_tot= 111794005.58143242 f_lik= 1918.0712081745692 f_dc (1e6)= 111.79208751022423 |g_lik|= 6418.45473313159 |g_dc|= 14.077066443967162
it no: 8 f_tot= 112200454.64144416 f_lik= 1898.8679529725937 f_dc (1e6)= 112.1985557734912 |g_lik|= 6467.087617190375 |g_dc|= 14.285322988588959
it no: 9 f_tot= 112601237.09139438 f_lik= 1873.2533276912145 f_dc (1e6)= 112.59936383806668 |g_lik|= 4987.734174582765 |g_dc|= 14.489856440336972
skipping phase proj
f_dc (1e6): 109.58803270647131  perc: 2.3917060637465486
it no: 13 f_tot= 97134738.00309603 f_lik= 1990.4130966876803 f_dc (1e6)= 97.13274758999935 |g_lik|= 11407.167448297576 |g_dc|= 7.269672238236989
it no: 14 f_tot= 97470791.76931264 f_lik= 1987.39736727215 f_dc (1e6)= 97.46880437194537 |g_lik|= 9297.464793142475 |g_dc|= 7.531467939495365
it no: 15 f_tot= 97746969.13711666 f_lik= 1941.73190363427 f_dc (1e6)= 97.74502740521302 |g_lik|= 6866.86724476691 |g_dc|= 7.7526101328655574
it no: 16 f_tot= 98043395.42903855 f_lik= 1944.3393579846336 f_dc (1e6)= 98.04145108968056 |g_lik|= 6145.700065427256 |g_dc|= 7.993661836719883
it no: 17 f_tot= 98351193.96981318 f_lik= 1935.845354830424 f_dc (1e6)= 98.34925812445836 |g_lik|= 5940.710809050234 |g_dc|= 8.244911087856366
it no: 18 f_tot= 98668992.04231423 f_lik= 1946.1194505441756 f_dc (1e6)= 98.6670459228637 |g_lik|= 5352.006427036298 |g_dc|= 8.49868342157826
it no: 19 f_tot= 98978544.85599096 f_lik= 1922.2281285749164 f_dc (1e6)= 98.97662262786238 |g_lik|= 4730.111081070629 |g_dc|= 8.74332675110539
it no: 20 f_tot= 99288005.16167927 f_lik= 1914.4476940286727 f_dc (1e6)= 99.28609071398523 |g_lik|= 4798.756199413023 |g_dc|= 8.98305777439153
it no: 21 f_tot= 99594306.5112064 f_lik= 1931.6300061979748 f_dc (1e6)= 99.59237488120021 |g_lik|= 4249.4194850768345 |g_dc|= 9.21615438123173
it no: 22 f_tot= 99897309.59618655 f_lik= 1888.6171753837948 f_dc (1e6)= 99.89542097901116 |g_lik|= 4451.532530235578 |g_dc|= 9.443405922937934
skipping phase proj
f_dc (1e6): 97.46880437194537  perc: 2.1272097389219944
it no: 26 f_tot= 93217420.98098117 f_lik= 1979.4966109633447 f_dc (1e6)= 93.2154414843702 |g_lik|= 9045.163098558913 |g_dc|= 5.159908525340439
it no: 27 f_tot= 93498260.86956792 f_lik= 1955.5446300869896 f_dc (1e6)= 93.49630532493784 |g_lik|= 6969.458136665999 |g_dc|= 5.4447638781058165
it no: 28 f_tot= 93731751.13159463 f_lik= 1955.0276045735677 f_dc (1e6)= 93.72979610399005 |g_lik|= 6025.656499753846 |g_dc|= 5.690765448442208
it no: 29 f_tot= 93995624.66600639 f_lik= 1930.1551977775212 f_dc (1e6)= 93.9936945108086 |g_lik|= 5929.549479702009 |g_dc|= 5.9713358937247545
it no: 30 f_tot= 94258757.04706587 f_lik= 1914.5678995498022 f_dc (1e6)= 94.25684247916631 |g_lik|= 5620.818327559613 |g_dc|= 6.248108512484947
it no: 31 f_tot= 94531447.35217865 f_lik= 1888.1220001892816 f_dc (1e6)= 94.52955923017846 |g_lik|= 5081.61881907229 |g_dc|= 6.526886818113855
it no: 32 f_tot= 94797787.05461201 f_lik= 1916.5524619588398 f_dc (1e6)= 94.79587050215005 |g_lik|= 4762.005150535768 |g_dc|= 6.792686691889688
it no: 33 f_tot= 95065705.2866128 f_lik= 1908.1726669638497 f_dc (1e6)= 95.06379711394582 |g_lik|= 4357.736195592847 |g_dc|= 7.053690804925263
it no: 34 f_tot= 95320928.18368669 f_lik= 1896.7145937456403 f_dc (1e6)= 95.31903146909295 |g_lik|= 4172.467183821657 |g_dc|= 7.297995732301501
it no: 35 f_tot= 95579835.1354953 f_lik= 1907.6592693210785 f_dc (1e6)= 95.57792747622598 |g_lik|= 4181.737702702199 |g_dc|= 7.536384125429508
skipping phase proj
f_dc (1e6): 93.49630532493784  perc: 2.040511859378855
it no: 39 f_tot= 91395773.71278821 f_lik= 1943.6665244225305 f_dc (1e6)= 91.39383004626379 |g_lik|= 8654.789696797085 |g_dc|= 4.109967226258854
it no: 40 f_tot= 91651140.29957153 f_lik= 1945.4024253109524 f_dc (1e6)= 91.64919489714623 |g_lik|= 6755.220282066541 |g_dc|= 4.420443285215149
it no: 41 f_tot= 91872678.091982 f_lik= 1917.4387298547654 f_dc (1e6)= 91.87076065325215 |g_lik|= 5834.372794888036 |g_dc|= 4.69949923803601
it no: 42 f_tot= 92113700.83693047 f_lik= 1925.9549269458794 f_dc (1e6)= 92.11177488200352 |g_lik|= 5543.921828427295 |g_dc|= 5.003072650500695
it no: 43 f_tot= 92356693.93543705 f_lik= 1914.6580471347627 f_dc (1e6)= 92.35477927738991 |g_lik|= 5160.231614463034 |g_dc|= 5.301952594988805
it no: 44 f_tot= 92603569.59627706 f_lik= 1917.301792195638 f_dc (1e6)= 92.60165229448486 |g_lik|= 4897.009525043363 |g_dc|= 5.595794621152488
it no: 45 f_tot= 92849237.09264828 f_lik= 1912.93859505063 f_dc (1e6)= 92.84732415405323 |g_lik|= 4778.1754481112475 |g_dc|= 5.879474665577829
it no: 46 f_tot= 93091166.83624975 f_lik= 1896.8598163577487 f_dc (1e6)= 93.0892699764334 |g_lik|= 4415.501554730505 |g_dc|= 6.147553567348125
it no: 47 f_tot= 93325519.33383855 f_lik= 1918.6576473581224 f_dc (1e6)= 93.32360067619119 |g_lik|= 4298.281465038034 |g_dc|= 6.40133916034827
it no: 48 f_tot= 93558820.59805754 f_lik= 1886.2295710849762 f_dc (1e6)= 93.55693436848645 |g_lik|= 3900.496572159874 |g_dc|= 6.64443928315218
skipping phase proj
f_dc (1e6): 91.64919489714623  perc: 2.0001995633967606
it no: 52 f_tot= 90379671.48244993 f_lik= 1954.2098494357153 f_dc (1e6)= 90.3777172726005 |g_lik|= 8006.210728566732 |g_dc|= 3.5183981727449334
it no: 53 f_tot= 90615690.19227576 f_lik= 1948.0440214011783 f_dc (1e6)= 90.61374214825436 |g_lik|= 6963.835484889502 |g_dc|= 3.8408761664511224
it no: 54 f_tot= 90828914.95716982 f_lik= 1949.0556817381723 f_dc (1e6)= 90.82696590148808 |g_lik|= 5689.208771807871 |g_dc|= 4.145103437222321
it no: 55 f_tot= 91054232.51850986 f_lik= 1921.3156735052382 f_dc (1e6)= 91.05231120283636 |g_lik|= 5244.588815686768 |g_dc|= 4.464175081874043
it no: 56 f_tot= 91280100.1999357 f_lik= 1891.9218066519782 f_dc (1e6)= 91.27820827812906 |g_lik|= 4876.432237537828 |g_dc|= 4.774448992090149
it no: 57 f_tot= 91511390.41613169 f_lik= 1890.9111288261413 f_dc (1e6)= 91.50949950500286 |g_lik|= 4611.575556622188 |g_dc|= 5.0805742400018765
it no: 58 f_tot= 91739640.64484948 f_lik= 1898.8831330599103 f_dc (1e6)= 91.73774176171642 |g_lik|= 4530.791003266008 |g_dc|= 5.367949884566692
it no: 59 f_tot= 91968166.6374947 f_lik= 1896.3340406794775 f_dc (1e6)= 91.96627030345401 |g_lik|= 4304.723368711222 |g_dc|= 5.646086191582442
it no: 60 f_tot= 92187409.9126513 f_lik= 1914.6036412908918 f_dc (1e6)= 92.18549530901001 |g_lik|= 4311.644263078081 |g_dc|= 5.9030875611610725
it no: 61 f_tot= 92406124.88667691 f_lik= 1888.047261053196 f_dc (1e6)= 92.40423683941584 |g_lik|= 4266.538510834596 |g_dc|= 6.14996427230552
skipping phase proj
f_dc (1e6): 90.61374214825436  perc: 1.9776013055661732
it no: 65 f_tot= 89737593.67443617 f_lik= 1939.8474956112816 f_dc (1e6)= 89.73565382694055 |g_lik|= 7980.282291897396 |g_dc|= 3.146597850016353
it no: 66 f_tot= 89963241.61910595 f_lik= 1944.3335294342041 f_dc (1e6)= 89.96129728557652 |g_lik|= 6866.285493870052 |g_dc|= 3.486199748391094
it no: 67 f_tot= 90166042.47551906 f_lik= 1924.2835025344575 f_dc (1e6)= 90.16411819201653 |g_lik|= 5580.7861463294885 |g_dc|= 3.803869107585466
it no: 68 f_tot= 90384668.55341677 f_lik= 1927.8313685162861 f_dc (1e6)= 90.38274072204825 |g_lik|= 5069.198798610714 |g_dc|= 4.138923438913302
it no: 69 f_tot= 90601200.29026091 f_lik= 1900.7843448915935 f_dc (1e6)= 90.59929950591601 |g_lik|= 4905.466128603877 |g_dc|= 4.458527802540315
it no: 70 f_tot= 90826734.40491593 f_lik= 1897.858570025762 f_dc (1e6)= 90.8248365463459 |g_lik|= 4847.933289743345 |g_dc|= 4.774676789581164
it no: 71 f_tot= 91042707.52234961 f_lik= 1886.0348523684627 f_dc (1e6)= 91.04082148749724 |g_lik|= 4599.730953991814 |g_dc|= 5.064841445059011
it no: 72 f_tot= 91261432.76614669 f_lik= 1908.4845579777445 f_dc (1e6)= 91.25952428158872 |g_lik|= 4289.949881341336 |g_dc|= 5.346171699609397
it no: 73 f_tot= 91468810.57583937 f_lik= 1917.2226913016184 f_dc (1e6)= 91.46689335314807 |g_lik|= 4180.298376851554 |g_dc|= 5.602629888949668
it no: 74 f_tot= 91678524.5800162 f_lik= 1885.4247386965299 f_dc (1e6)= 91.6766391552775 |g_lik|= 4123.2556678422425 |g_dc|= 5.853007388162445
skipping phase proj
f_dc (1e6): 89.96129728557652  perc: 1.9633620104918057
it no: 78 f_tot= 89301811.28324698 f_lik= 1942.9317200097585 f_dc (1e6)= 89.29986835152698 |g_lik|= 7630.006888703556 |g_dc|= 2.896991149583523
it no: 79 f_tot= 89515983.56977914 f_lik= 1954.0494347263518 f_dc (1e6)= 89.51402952034442 |g_lik|= 6483.8179982781885 |g_dc|= 3.2440088487030363
it no: 80 f_tot= 89707981.2292161 f_lik= 1938.3239614532108 f_dc (1e6)= 89.70604290525465 |g_lik|= 5247.1353651385925 |g_dc|= 3.56405841387481
it no: 81 f_tot= 89920067.95122322 f_lik= 1918.3794107101078 f_dc (1e6)= 89.9181495718125 |g_lik|= 4979.842132750475 |g_dc|= 3.9088935215244787
it no: 82 f_tot= 90130832.21408929 f_lik= 1896.0604908911387 f_dc (1e6)= 90.1289361535984 |g_lik|= 4743.118597580329 |g_dc|= 4.237207190579382
it no: 83 f_tot= 90352711.60890782 f_lik= 1905.1303831581843 f_dc (1e6)= 90.35080647852466 |g_lik|= 4614.681520032577 |g_dc|= 4.562450197431339
it no: 84 f_tot= 90561481.7882744 f_lik= 1884.4643466595242 f_dc (1e6)= 90.55959732392775 |g_lik|= 4320.485371842256 |g_dc|= 4.857155316492163
it no: 85 f_tot= 90774333.01582432 f_lik= 1886.7230347285667 f_dc (1e6)= 90.7724462927896 |g_lik|= 4341.676108666586 |g_dc|= 5.1422161929016
it no: 86 f_tot= 90976742.36559609 f_lik= 1903.4200376083738 f_dc (1e6)= 90.97483894555847 |g_lik|= 4098.119239439718 |g_dc|= 5.403093313837581
it no: 87 f_tot= 91179787.8663739 f_lik= 1915.5510620871044 f_dc (1e6)= 91.1778723153118 |g_lik|= 4060.1920717467187 |g_dc|= 5.653796930019627
skipping phase proj
f_dc (1e6): 89.51402952034442  perc: 1.9536006068074345
it no: 91 f_tot= 88990568.30855729 f_lik= 1920.7446890513102 f_dc (1e6)= 88.98864756386824 |g_lik|= 7112.641082136664 |g_dc|= 2.7206977586546666
it no: 92 f_tot= 89191500.25950754 f_lik= 1904.2611635821206 f_dc (1e6)= 89.18959599834396 |g_lik|= 6126.889985908849 |g_dc|= 3.06320312088659
it no: 93 f_tot= 89379138.20529981 f_lik= 1902.3179572205318 f_dc (1e6)= 89.3772358873426 |g_lik|= 5151.9424469072665 |g_dc|= 3.3929558308427676
it no: 94 f_tot= 89585762.0751737 f_lik= 1916.248686834063 f_dc (1e6)= 89.58384582648686 |g_lik|= 5034.403059227656 |g_dc|= 3.7451009794342003
it no: 95 f_tot= 89794899.99333268 f_lik= 1909.1830023247855 f_dc (1e6)= 89.79299081033037 |g_lik|= 4602.940041430711 |g_dc|= 4.083218836835641
it no: 96 f_tot= 90007250.78078468 f_lik= 1897.5111742747397 f_dc (1e6)= 90.00535326961041 |g_lik|= 4770.911519985364 |g_dc|= 4.408347397705554
it no: 97 f_tot= 90217852.95265438 f_lik= 1866.609502839134 f_dc (1e6)= 90.21598634315154 |g_lik|= 4325.638837989335 |g_dc|= 4.714100616742992
it no: 98 f_tot= 90423096.8121594 f_lik= 1894.626304089796 f_dc (1e6)= 90.42120218585531 |g_lik|= 4046.2550436882466 |g_dc|= 4.9983129566643605
it no: 99 f_tot= 90620589.32597476 f_lik= 1894.311881688436 f_dc (1e6)= 90.61869501409308 |g_lik|= 3888.8136639627555 |g_dc|= 5.259487542061782
it no: 100 f_tot= 90818212.29077879 f_lik= 1868.8245010176158 f_dc (1e6)= 90.81634346627776 |g_lik|= 3893.0367972242607 |g_dc|= 5.511065806538959
skipping phase proj
f_dc (1e6): 89.18959599834396  perc: 1.946520001355473
it no: 104 f_tot= 88758946.8013891 f_lik= 1918.8316881815592 f_dc (1e6)= 88.75702796970091 |g_lik|= 6878.72923319222 |g_dc|= 2.589898418088159
it no: 105 f_tot= 88953578.73624519 f_lik= 1919.4189430091494 f_dc (1e6)= 88.95165931730219 |g_lik|= 5573.05327129624 |g_dc|= 2.9376972114535125
it no: 106 f_tot= 89135943.11017865 f_lik= 1916.9941685567583 f_dc (1e6)= 89.1340261160101 |g_lik|= 5627.768783081551 |g_dc|= 3.2698680179553716
it no: 107 f_tot= 89345886.7743468 f_lik= 1921.0625915836154 f_dc (1e6)= 89.34396571175522 |g_lik|= 4820.288663845792 |g_dc|= 3.638813365785228
it no: 108 f_tot= 89549693.24867274 f_lik= 1912.4267739177885 f_dc (1e6)= 89.54778082189881 |g_lik|= 4442.6888928921335 |g_dc|= 3.9788786360501933
it no: 109 f_tot= 89758044.57682815 f_lik= 1906.844739696866 f_dc (1e6)= 89.75613773208846 |g_lik|= 4310.904852903007 |g_dc|= 4.306750932557828
it no: 110 f_tot= 89961908.24106386 f_lik= 1879.8053100268046 f_dc (1e6)= 89.96002843575384 |g_lik|= 4229.765305815137 |g_dc|= 4.6099328578070065
it no: 111 f_tot= 90162577.44966763 f_lik= 1917.855848451342 f_dc (1e6)= 90.16065959381919 |g_lik|= 4034.3591203094493 |g_dc|= 4.894851821848492
it no: 112 f_tot= 90357501.48954315 f_lik= 1882.458117767544 f_dc (1e6)= 90.35561903142539 |g_lik|= 3831.4487351132466 |g_dc|= 5.15814961784673
it no: 113 f_tot= 90548663.602096 f_lik= 1896.2520323317392 f_dc (1e6)= 90.54676735006367 |g_lik|= 4095.412072157036 |g_dc|= 5.406307932548607
skipping phase proj
f_dc (1e6): 88.95165931730219  perc: 1.9413271478222813
it no: 117 f_tot= 88583286.86851503 f_lik= 1905.2817761384872 f_dc (1e6)= 88.58138158673889 |g_lik|= 7011.346805059388 |g_dc|= 2.492319081847821
it no: 118 f_tot= 88775372.74047373 f_lik= 1941.4218487512499 f_dc (1e6)= 88.77343131862499 |g_lik|= 6353.5157025218505 |g_dc|= 2.8468327437024734
it no: 119 f_tot= 88955912.47590622 f_lik= 1923.9702523958115 f_dc (1e6)= 88.95398850565383 |g_lik|= 5361.015547012867 |g_dc|= 3.1860056136676964
it no: 120 f_tot= 89158205.08551738 f_lik= 1914.09424460184 f_dc (1e6)= 89.15629099127278 |g_lik|= 4628.704290933141 |g_dc|= 3.5511824005841266
it no: 121 f_tot= 89358075.63193001 f_lik= 1888.4192238044739 f_dc (1e6)= 89.3561872127062 |g_lik|= 4340.439930340729 |g_dc|= 3.8938015863600497
it no: 122 f_tot= 89563708.25754869 f_lik= 1876.3319947104228 f_dc (1e6)= 89.56183192555397 |g_lik|= 4369.15270595687 |g_dc|= 4.222593846574911
it no: 123 f_tot= 89764725.14071043 f_lik= 1886.4592606517247 f_dc (1e6)= 89.76283868144976 |g_lik|= 4086.096490593142 |g_dc|= 4.529261056011523
it no: 124 f_tot= 89962246.89947332 f_lik= 1885.8219593979063 f_dc (1e6)= 89.96036107751394 |g_lik|= 4150.673026213283 |g_dc|= 4.813844790388378
it no: 125 f_tot= 90155067.69913705 f_lik= 1871.9306748907907 f_dc (1e6)= 90.15319576846215 |g_lik|= 3842.105990095538 |g_dc|= 5.078935601596088
it no: 126 f_tot= 90340418.32150109 f_lik= 1904.7712476485117 f_dc (1e6)= 90.33851355025344 |g_lik|= 3599.495043387812 |g_dc|= 5.324007656520029
skipping phase proj
f_dc (1e6): 88.77343131862499  perc: 1.9374374075409915
it no: 130 f_tot= 88445113.65831451 f_lik= 1936.671002507891 f_dc (1e6)= 88.443176987312 |g_lik|= 6765.204273697098 |g_dc|= 2.4158884201147237
it no: 131 f_tot= 88631209.78874739 f_lik= 1904.1692639995756 f_dc (1e6)= 88.62930561948338 |g_lik|= 5846.371927075943 |g_dc|= 2.771553773960453
it no: 132 f_tot= 88807834.88815632 f_lik= 1904.3239994902838 f_dc (1e6)= 88.80593056415682 |g_lik|= 5150.596371905799 |g_dc|= 3.111735972517852
it no: 133 f_tot= 89008151.82877962 f_lik= 1920.4981731887092 f_dc (1e6)= 89.00623133060643 |g_lik|= 4745.131397789954 |g_dc|= 3.48292311234088
it no: 134 f_tot= 89205256.14597605 f_lik= 1906.4143952933948 f_dc (1e6)= 89.20334973158076 |g_lik|= 4185.863285076499 |g_dc|= 3.8259118396377874
it no: 135 f_tot= 89407986.84708567 f_lik= 1896.9011881017684 f_dc (1e6)= 89.40608994589756 |g_lik|= 4031.2045193372096 |g_dc|= 4.158264122785019
it no: 136 f_tot= 89604963.896267 f_lik= 1880.3845191129049 f_dc (1e6)= 89.60308351174788 |g_lik|= 4030.9776633711567 |g_dc|= 4.462411585807924
it no: 137 f_tot= 89802367.7329492 f_lik= 1917.0534295627049 f_dc (1e6)= 89.80045067951964 |g_lik|= 4554.626006297027 |g_dc|= 4.751138187445587
it no: 138 f_tot= 89992611.66035667 f_lik= 1853.1643083781287 f_dc (1e6)= 89.99075849604829 |g_lik|= 3942.4734880216406 |g_dc|= 5.01694183290711
it no: 139 f_tot= 90177982.15728709 f_lik= 1854.0487401344662 f_dc (1e6)= 90.17612810854696 |g_lik|= 3781.566444580627 |g_dc|= 5.265189259605233
skipping phase proj
f_dc (1e6): 88.62930561948338  perc: 1.9342919335319635
it no: 143 f_tot= 88334054.96617477 f_lik= 1929.5518581408546 f_dc (1e6)= 88.33212541431662 |g_lik|= 6630.661396686871 |g_dc|= 2.355598880614973
it no: 144 f_tot= 88517410.75249459 f_lik= 1924.758526471456 f_dc (1e6)= 88.51548599396811 |g_lik|= 5294.2792701558665 |g_dc|= 2.713869634743121
it no: 145 f_tot= 88692433.67522052 f_lik= 1932.3638845280238 f_dc (1e6)= 88.69050131133599 |g_lik|= 5058.683231183187 |g_dc|= 3.05723720737608
it no: 146 f_tot= 88889869.9670286 f_lik= 1908.2492727116176 f_dc (1e6)= 88.88796171775589 |g_lik|= 5626.778142796978 |g_dc|= 3.4299276011482953
it no: 147 f_tot= 89086302.61977085 f_lik= 1884.79107516425 f_dc (1e6)= 89.08441782869568 |g_lik|= 4189.937269432435 |g_dc|= 3.7780152857318345
it no: 148 f_tot= 89286001.13233435 f_lik= 1888.5633802336738 f_dc (1e6)= 89.28411256895413 |g_lik|= 4332.487164525454 |g_dc|= 4.110441532822559
it no: 149 f_tot= 89483020.43066624 f_lik= 1878.1212787519182 f_dc (1e6)= 89.4811423093875 |g_lik|= 4356.861825773231 |g_dc|= 4.417749538877718
it no: 150 f_tot= 89678719.76665679 f_lik= 1893.554481846378 f_dc (1e6)= 89.67682621217493 |g_lik|= 3925.2185221460013 |g_dc|= 4.706973592722997
it no: 151 f_tot= 89865302.41475974 f_lik= 1904.7333667982193 f_dc (1e6)= 89.86339768139294 |g_lik|= 3848.341654329308 |g_dc|= 4.96987691469572
it no: 152 f_tot= 90049111.92087507 f_lik= 1861.6000405488696 f_dc (1e6)= 90.04725032083452 |g_lik|= 3923.357765356736 |g_dc|= 5.218933717307005
skipping phase proj
f_dc (1e6): 88.51548599396811  perc: 1.931807874992037
it no: 156 f_tot= 88245578.69968964 f_lik= 1929.4493500845772 f_dc (1e6)= 88.24364925033956 |g_lik|= 6526.938460027233 |g_dc|= 2.309258242468905
it no: 157 f_tot= 88423797.63890015 f_lik= 1929.002936626616 f_dc (1e6)= 88.42186863596352 |g_lik|= 5759.619140037357 |g_dc|= 2.6630737806783378
it no: 158 f_tot= 88597421.8616564 f_lik= 1895.1485270981561 f_dc (1e6)= 88.5955267131293 |g_lik|= 5035.114300040883 |g_dc|= 3.0122751328706836
it no: 159 f_tot= 88793464.52425998 f_lik= 1921.478362721375 f_dc (1e6)= 88.79154304589726 |g_lik|= 4769.638280708611 |g_dc|= 3.3862261275518737
it no: 160 f_tot= 88986780.49862948 f_lik= 1916.7678189541045 f_dc (1e6)= 88.98486373081052 |g_lik|= 4458.840544927943 |g_dc|= 3.7336516265243116
it no: 161 f_tot= 89186362.43894881 f_lik= 1900.5628269499823 f_dc (1e6)= 89.18446187612186 |g_lik|= 4118.020824127912 |g_dc|= 4.06888377609942
it no: 162 f_tot= 89379741.08150418 f_lik= 1901.6480876922608 f_dc (1e6)= 89.37783943341648 |g_lik|= 4080.948527305667 |g_dc|= 4.375804710068862
it no: 163 f_tot= 89572122.20673263 f_lik= 1907.4688249429066 f_dc (1e6)= 89.57021473790769 |g_lik|= 3839.494780559947 |g_dc|= 4.662727943550567
it no: 164 f_tot= 89757039.59053405 f_lik= 1866.4759916060311 f_dc (1e6)= 89.75517311454244 |g_lik|= 3728.3794650989335 |g_dc|= 4.92693691674954
it no: 165 f_tot= 89937769.79055117 f_lik= 1891.591627716791 f_dc (1e6)= 89.93587819892345 |g_lik|= 3625.037116449352 |g_dc|= 5.1729843665567445
skipping phase proj
f_dc (1e6): 88.42186863596352  perc: 1.9297647212161935
it no: 169 f_tot= 88170140.6796659 f_lik= 1924.886359459105 f_dc (1e6)= 88.16821579330644 |g_lik|= 6508.97175380255 |g_dc|= 2.268832944701848
it no: 170 f_tot= 88345893.87544917 f_lik= 1900.2607088019734 f_dc (1e6)= 88.34399361474036 |g_lik|= 5678.738213121589 |g_dc|= 2.624734999944382
it no: 171 f_tot= 88517054.32155362 f_lik= 1927.9469518348149 f_dc (1e6)= 88.51512637460178 |g_lik|= 5151.633315369763 |g_dc|= 2.97375275722417
it no: 172 f_tot= 88711467.62439495 f_lik= 1921.5629961531504 f_dc (1e6)= 88.70954606139881 |g_lik|= 4783.09285925317 |g_dc|= 3.350384664281822
it no: 173 f_tot= 88903977.79295474 f_lik= 1875.4752814538137 f_dc (1e6)= 88.9021023176733 |g_lik|= 4273.597588062068 |g_dc|= 3.700210140699645
it no: 174 f_tot= 89100239.24990617 f_lik= 1875.8666576408204 f_dc (1e6)= 89.09836338324853 |g_lik|= 4037.649610798431 |g_dc|= 4.033395336774334
it no: 175 f_tot= 89292601.122626 f_lik= 1907.0011508996147 f_dc (1e6)= 89.2906941214751 |g_lik|= 4001.4759346005135 |g_dc|= 4.340287415151447
it no: 176 f_tot= 89482782.4249127 f_lik= 1883.8378612000602 f_dc (1e6)= 89.48089858705151 |g_lik|= 3977.440704437657 |g_dc|= 4.6275230593341385
it no: 177 f_tot= 89666697.32159209 f_lik= 1907.2514864185878 f_dc (1e6)= 89.66479007010567 |g_lik|= 3919.457227439152 |g_dc|= 4.891362863340791
it no: 178 f_tot= 89846137.33095747 f_lik= 1869.5323715950194 f_dc (1e6)= 89.84426779858588 |g_lik|= 3675.6218891508975 |g_dc|= 5.138526180018865
skipping phase proj
f_dc (1e6): 88.34399361474036  perc: 1.928065136363049
it no: 182 f_tot= 88107476.62473775 f_lik= 1919.3086670051302 f_dc (1e6)= 88.10555731607074 |g_lik|= 6295.916132385787 |g_dc|= 2.23595481162734
it no: 183 f_tot= 88280117.18873726 f_lik= 1915.1289061192103 f_dc (1e6)= 88.27820205983114 |g_lik|= 5558.107485107231 |g_dc|= 2.590863748811059
it no: 184 f_tot= 88450535.89937955 f_lik= 1902.7395128013975 f_dc (1e6)= 88.44863315986674 |g_lik|= 5072.426791042873 |g_dc|= 2.9414892976252114
it no: 185 f_tot= 88643888.02687308 f_lik= 1890.4315778623309 f_dc (1e6)= 88.64199759529522 |g_lik|= 4489.526746477071 |g_dc|= 3.319682999741773
it no: 186 f_tot= 88835294.50368722 f_lik= 1890.6556430698577 f_dc (1e6)= 88.83340384804414 |g_lik|= 4447.667820705998 |g_dc|= 3.669533125725677
it no: 187 f_tot= 89031696.0692688 f_lik= 1893.6717089575814 f_dc (1e6)= 89.02980239755983 |g_lik|= 4311.760362662611 |g_dc|= 4.006689773211898
it no: 188 f_tot= 89220651.53001939 f_lik= 1890.097284575871 f_dc (1e6)= 89.21876143273482 |g_lik|= 4180.973676629134 |g_dc|= 4.310991528443395
it no: 189 f_tot= 89410376.43854968 f_lik= 1859.26306068375 f_dc (1e6)= 89.408517175489 |g_lik|= 3764.941974971371 |g_dc|= 4.599489040437055
it no: 190 f_tot= 89589769.53688927 f_lik= 1865.4724750259945 f_dc (1e6)= 89.58790406441425 |g_lik|= 3725.3341513318405 |g_dc|= 4.859283182886555
it no: 191 f_tot= 89769571.79655312 f_lik= 1860.0229411382902 f_dc (1e6)= 89.76771177361198 |g_lik|= 3713.5897329033687 |g_dc|= 5.108310931956649
skipping phase proj
f_dc (1e6): 88.27820205983114  perc: 1.9266292673458438
it no: 195 f_tot= 88054374.5659131 f_lik= 1938.0352544911702 f_dc (1e6)= 88.0524365306586 |g_lik|= 6387.304190207725 |g_dc|= 2.208079755957881
it no: 196 f_tot= 88226479.21825416 f_lik= 1902.4648327109928 f_dc (1e6)= 88.22457675342146 |g_lik|= 5574.8626988156675 |g_dc|= 2.565724713067136
it no: 197 f_tot= 88395716.40560728 f_lik= 1883.9263985370455 f_dc (1e6)= 88.39383247920875 |g_lik|= 4768.44571020938 |g_dc|= 2.917549127679478
it no: 198 f_tot= 88587211.04245143 f_lik= 1892.4667433647883 f_dc (1e6)= 88.58531857570806 |g_lik|= 4438.250891966707 |g_dc|= 3.2966941519657937
it no: 199 f_tot= 88775362.44118328 f_lik= 1888.1937907218933 f_dc (1e6)= 88.77347424739257 |g_lik|= 4369.81251652126 |g_dc|= 3.6444361171742408
it no: 200 f_tot= 88973589.99854046 f_lik= 1897.4603114854722 f_dc (1e6)= 88.97169253822898 |g_lik|= 4210.914272350761 |g_dc|= 3.984872869238827
it no: 201 f_tot= 89160366.46863878 f_lik= 1866.5380637893222 f_dc (1e6)= 89.15849993057499 |g_lik|= 4050.509007251484 |g_dc|= 4.2881856150716935
it no: 202 f_tot= 89349054.3098052 f_lik= 1888.9735750752404 f_dc (1e6)= 89.34716533623013 |g_lik|= 3964.0751956297286 |g_dc|= 4.576177365455891
it no: 203 f_tot= 89526972.67813312 f_lik= 1911.524320350261 f_dc (1e6)= 89.52506115381277 |g_lik|= 3834.8260931811997 |g_dc|= 4.83628702996158
it no: 204 f_tot= 89704136.00310951 f_lik= 1850.2794630105154 f_dc (1e6)= 89.70228572364651 |g_lik|= 3674.2642567747343 |g_dc|= 5.082383833592701
skipping phase proj
f_dc (1e6): 88.22457675342146  perc: 1.9254589208459314
it no: 208 f_tot= 88009504.75621119 f_lik= 1914.0785771760486 f_dc (1e6)= 88.00759067763401 |g_lik|= 6237.100663737746 |g_dc|= 2.185308226479317
it no: 209 f_tot= 88178763.53734478 f_lik= 1935.4232323043686 f_dc (1e6)= 88.17682811411248 |g_lik|= 5501.186189845096 |g_dc|= 2.5404444186628825
it no: 210 f_tot= 88345809.14618398 f_lik= 1879.1040579714095 f_dc (1e6)= 88.34393004212602 |g_lik|= 4756.142900005146 |g_dc|= 2.892206257119843
it no: 211 f_tot= 88536722.21784441 f_lik= 1924.6501342573051 f_dc (1e6)= 88.53479756771016 |g_lik|= 4543.865389279773 |g_dc|= 3.271706586207122
it no: 212 f_tot= 88725488.67603339 f_lik= 1880.793148143405 f_dc (1e6)= 88.72360788288525 |g_lik|= 4135.458265015776 |g_dc|= 3.6240818529652494
it no: 213 f_tot= 88921819.0709653 f_lik= 1885.2690821948506 f_dc (1e6)= 88.91993380188312 |g_lik|= 4056.6529292402865 |g_dc|= 3.9631651162639305
it no: 214 f_tot= 89109036.57418981 f_lik= 1868.3479156612214 f_dc (1e6)= 89.10716822627415 |g_lik|= 3837.72146361141 |g_dc|= 4.269044748902534
it no: 215 f_tot= 89295238.35348654 f_lik= 1858.1446907397678 f_dc (1e6)= 89.2933802087958 |g_lik|= 3777.9685095510863 |g_dc|= 4.55505553414549
it no: 216 f_tot= 89472866.5643723 f_lik= 1883.2811257044475 f_dc (1e6)= 89.4709832832466 |g_lik|= 3536.0687243677417 |g_dc|= 4.815950277317445
it no: 217 f_tot= 89647742.48619004 f_lik= 1875.146304174605 f_dc (1e6)= 89.64586733988585 |g_lik|= 3449.918418598091 |g_dc|= 5.060439816597603
skipping phase proj
f_dc (1e6): 88.17682811411248  perc: 1.924416829776765
it no: 221 f_tot= 87970832.87588225 f_lik= 1914.310466882615 f_dc (1e6)= 87.96891856541536 |g_lik|= 6474.063665097623 |g_dc|= 2.165991702799806
it no: 222 f_tot= 88141075.19146456 f_lik= 1908.6655658918335 f_dc (1e6)= 88.13916652589866 |g_lik|= 5657.906238321067 |g_dc|= 2.5259729253716325
it no: 223 f_tot= 88307055.32271926 f_lik= 1887.5657679030726 f_dc (1e6)= 88.30516775695136 |g_lik|= 5359.532673839827 |g_dc|= 2.8781297473863887
it no: 224 f_tot= 88497349.71283412 f_lik= 1904.0551473299663 f_dc (1e6)= 88.49544565768679 |g_lik|= 4521.752564199423 |g_dc|= 3.2581603500182936
it no: 225 f_tot= 88683536.8245876 f_lik= 1867.096336134956 f_dc (1e6)= 88.68166972825146 |g_lik|= 4309.105033823557 |g_dc|= 3.607465531158746
it no: 226 f_tot= 88878849.55088863 f_lik= 1882.326406216735 f_dc (1e6)= 88.87696722448241 |g_lik|= 3992.396433128364 |g_dc|= 3.9470183870680953
it no: 227 f_tot= 89064907.51740804 f_lik= 1883.4127141580127 f_dc (1e6)= 89.0630241046939 |g_lik|= 3904.771804964904 |g_dc|= 4.251496065907699
it no: 228 f_tot= 89252345.094096 f_lik= 1890.5705919956026 f_dc (1e6)= 89.250454523504 |g_lik|= 3693.2287994300173 |g_dc|= 4.540220497876076
it no: 229 f_tot= 89429025.1140648 f_lik= 1888.8996751217614 f_dc (1e6)= 89.42713621438968 |g_lik|= 3428.7839446920566 |g_dc|= 4.800081042917152
it no: 230 f_tot= 89603816.2647105 f_lik= 1869.1200727706296 f_dc (1e6)= 89.60194714463773 |g_lik|= 3518.5973194484563 |g_dc|= 5.046051971841605
skipping phase proj
f_dc (1e6): 88.13916652589866  perc: 1.9235948837423602
it no: 234 f_tot= 87938569.95674333 f_lik= 1960.7461163393657 f_dc (1e6)= 87.93660921062698 |g_lik|= 6216.960985325478 |g_dc|= 2.151270048381875
it no: 235 f_tot= 88105929.4801873 f_lik= 1934.9735357299874 f_dc (1e6)= 88.10399450665156 |g_lik|= 5362.374508696331 |g_dc|= 2.508457958260101
it no: 236 f_tot= 88269963.304445 f_lik= 1887.5857683045524 f_dc (1e6)= 88.2680757186767 |g_lik|= 4776.097790300458 |g_dc|= 2.858785263111965
it no: 237 f_tot= 88459153.63468973 f_lik= 1906.567062595004 f_dc (1e6)= 88.45724706762714 |g_lik|= 4407.031228348973 |g_dc|= 3.2395173627674625
it no: 238 f_tot= 88646123.58845577 f_lik= 1899.5424806494939 f_dc (1e6)= 88.64422404597512 |g_lik|= 4332.683379164441 |g_dc|= 3.591804395961701
it no: 239 f_tot= 88840316.51605655 f_lik= 1878.723952533631 f_dc (1e6)= 88.83843779210402 |g_lik|= 4248.550929441969 |g_dc|= 3.9316338006912313
it no: 240 f_tot= 89027008.85395224 f_lik= 1889.271571973619 f_dc (1e6)= 89.02511958238027 |g_lik|= 4006.957299324781 |g_dc|= 4.238210142704379
it no: 241 f_tot= 89209798.23648833 f_lik= 1875.6407051390693 f_dc (1e6)= 89.20792259578319 |g_lik|= 3725.947430697301 |g_dc|= 4.5222188064906526
it no: 242 f_tot= 89387767.17059438 f_lik= 1878.8589612434023 f_dc (1e6)= 89.38588831163314 |g_lik|= 3603.879931392515 |g_dc|= 4.78468719194033
it no: 243 f_tot= 89559768.18236221 f_lik= 1866.6753579503013 f_dc (1e6)= 89.55790150700426 |g_lik|= 3502.623871237356 |g_dc|= 5.0279394233298
skipping phase proj
f_dc (1e6): 88.10399450665156  perc: 1.9228272713523031
it no: 247 f_tot= 87908521.17917064 f_lik= 1930.367372250784 f_dc (1e6)= 87.9065908117984 |g_lik|= 6324.518834985221 |g_dc|= 2.136304215390014
it no: 248 f_tot= 88074975.35121885 f_lik= 1899.757568843024 f_dc (1e6)= 88.07307559365002 |g_lik|= 5545.387859739187 |g_dc|= 2.4936246394753017
it no: 249 f_tot= 88240177.08472686 f_lik= 1887.0312234933035 f_dc (1e6)= 88.23829005350336 |g_lik|= 4910.541874809617 |g_dc|= 2.847582826458187
it no: 250 f_tot= 88427516.79680452 f_lik= 1901.392395905086 f_dc (1e6)= 88.42561540440862 |g_lik|= 4416.943740356443 |g_dc|= 3.2280599344525043
it no: 251 f_tot= 88614308.19865721 f_lik= 1869.8768860826037 f_dc (1e6)= 88.61243832177114 |g_lik|= 4246.177969426866 |g_dc|= 3.5816193780684538
it no: 252 f_tot= 88805892.01784758 f_lik= 1877.378570676077 f_dc (1e6)= 88.8040146392769 |g_lik|= 4128.318347296256 |g_dc|= 3.9184310037263583
it no: 253 f_tot= 88990303.83000457 f_lik= 1869.0948808034261 f_dc (1e6)= 88.98843473512377 |g_lik|= 4506.800287506957 |g_dc|= 4.222980811990087
it no: 254 f_tot= 89174076.48349446 f_lik= 1867.4772723781496 f_dc (1e6)= 89.17220900622209 |g_lik|= 3761.607428306843 |g_dc|= 4.509191991850297
it no: 255 f_tot= 89349023.481185 f_lik= 1885.7469673592705 f_dc (1e6)= 89.34713773421764 |g_lik|= 3808.811802134318 |g_dc|= 4.768939209103079
it no: 256 f_tot= 89520999.8351753 f_lik= 1891.8633481016614 f_dc (1e6)= 89.51910797182721 |g_lik|= 3641.807640019936 |g_dc|= 5.012936783983309
skipping phase proj
f_dc (1e6): 88.07307559365002  perc: 1.9221524809588268
it no: 260 f_tot= 87880746.48338217 f_lik= 1929.6982850381307 f_dc (1e6)= 87.87881678509713 |g_lik|= 6211.627692880915 |g_dc|= 2.1219751715976383
it no: 261 f_tot= 88046486.19031528 f_lik= 1907.895427956354 f_dc (1e6)= 88.04457829488732 |g_lik|= 5158.104188037392 |g_dc|= 2.4791507490190297
it no: 262 f_tot= 88211347.66739683 f_lik= 1900.04564219401 f_dc (1e6)= 88.20944762175463 |g_lik|= 5040.572314834184 |g_dc|= 2.834419580414603
it no: 263 f_tot= 88398794.22782551 f_lik= 1885.6510262189593 f_dc (1e6)= 88.39690857679929 |g_lik|= 4322.660968975088 |g_dc|= 3.216698166462658
it no: 264 f_tot= 88584019.47505571 f_lik= 1881.221907940365 f_dc (1e6)= 88.58213825314776 |g_lik|= 4030.744556212314 |g_dc|= 3.568735540135461
it no: 265 f_tot= 88775134.84472035 f_lik= 1875.551181668781 f_dc (1e6)= 88.77325929353867 |g_lik|= 4142.945966886186 |g_dc|= 3.9061539189661776
it no: 266 f_tot= 88959583.32871607 f_lik= 1888.0046784446354 f_dc (1e6)= 88.95769532403763 |g_lik|= 3692.294607561831 |g_dc|= 4.2116702422824215
it no: 267 f_tot= 89142296.13315298 f_lik= 1883.1232960062935 f_dc (1e6)= 89.14041300985697 |g_lik|= 3863.0778240922405 |g_dc|= 4.497299742840784
it no: 268 f_tot= 89316049.6926679 f_lik= 1875.4508745366052 f_dc (1e6)= 89.31417424179337 |g_lik|= 3679.784616718761 |g_dc|= 4.756882368188374
it no: 269 f_tot= 89487192.16943312 f_lik= 1889.2003281852178 f_dc (1e6)= 89.48530296910494 |g_lik|= 3438.0054072188573 |g_dc|= 5.000072795620191
skipping phase proj
f_dc (1e6): 88.04457829488732  perc: 1.9215305411304726
it no: 273 f_tot= 87857068.37903458 f_lik= 1929.260042198726 f_dc (1e6)= 87.85513911899237 |g_lik|= 6236.255660837544 |g_dc|= 2.1101636566037922
it no: 274 f_tot= 88021197.92639464 f_lik= 1897.7774922316414 f_dc (1e6)= 88.01930014890242 |g_lik|= 5504.961271691188 |g_dc|= 2.4667584922992467
it no: 275 f_tot= 88184350.34455502 f_lik= 1882.786811027981 f_dc (1e6)= 88.18246755774399 |g_lik|= 4619.56441644681 |g_dc|= 2.821771281642166
it no: 276 f_tot= 88371645.65828367 f_lik= 1900.8252657713208 f_dc (1e6)= 88.3697448330179 |g_lik|= 4401.090485350164 |g_dc|= 3.20516853647356
it no: 277 f_tot= 88555092.44490238 f_lik= 1879.1223338544937 f_dc (1e6)= 88.55321332256852 |g_lik|= 4320.380358962343 |g_dc|= 3.5559638923109373
it no: 278 f_tot= 88747563.00150782 f_lik= 1921.2916705079306 f_dc (1e6)= 88.74564170983732 |g_lik|= 4096.8615753647755 |g_dc|= 3.8965307629773602
it no: 279 f_tot= 88929139.1145236 f_lik= 1880.7805091085888 f_dc (1e6)= 88.9272583340145 |g_lik|= 3747.85261706192 |g_dc|= 4.198427424461975
it no: 280 f_tot= 89111661.22618082 f_lik= 1887.6657210204714 f_dc (1e6)= 89.10977356045981 |g_lik|= 3676.6351113177116 |g_dc|= 4.48495802729227
it no: 281 f_tot= 89283982.65560466 f_lik= 1863.600178889093 f_dc (1e6)= 89.28211905542578 |g_lik|= 3798.5008168317695 |g_dc|= 4.742609492902102
it no: 282 f_tot= 89456561.55797218 f_lik= 1880.9209145309812 f_dc (1e6)= 89.45468063705765 |g_lik|= 3439.405841846026 |g_dc|= 4.988403588297099
skipping phase proj
f_dc (1e6): 88.01930014890242  perc: 1.9209788577619584
it no: 286 f_tot= 87835319.22797914 f_lik= 1932.8802927519025 f_dc (1e6)= 87.83338634768639 |g_lik|= 6169.290192644834 |g_dc|= 2.0992567543051104
it no: 287 f_tot= 87999901.00050113 f_lik= 1900.2970194498698 f_dc (1e6)= 87.99800070348168 |g_lik|= 5534.839810837792 |g_dc|= 2.4571915367665387
it no: 288 f_tot= 88162856.40859582 f_lik= 1895.7209676783425 f_dc (1e6)= 88.16096068762813 |g_lik|= 5255.145315447656 |g_dc|= 2.8135013816578143
it no: 289 f_tot= 88349567.01218896 f_lik= 1872.4578153939049 f_dc (1e6)= 88.34769455437356 |g_lik|= 4830.618438182818 |g_dc|= 3.1968611228875563
it no: 290 f_tot= 88532908.46670647 f_lik= 1887.1131204175665 f_dc (1e6)= 88.53102135358604 |g_lik|= 4213.065461802291 |g_dc|= 3.5479780733272483
it no: 291 f_tot= 88724194.5275685 f_lik= 1871.7762521884129 f_dc (1e6)= 88.72232275131631 |g_lik|= 3848.211556945016 |g_dc|= 3.8881517061503716
it no: 292 f_tot= 88905521.13004595 f_lik= 1864.4855265154158 f_dc (1e6)= 88.90365664451943 |g_lik|= 3574.2620652835917 |g_dc|= 4.190928022369549
it no: 293 f_tot= 89085414.60202555 f_lik= 1859.7872369248526 f_dc (1e6)= 89.08355481478863 |g_lik|= 3648.910818313526 |g_dc|= 4.474902354873623
it no: 294 f_tot= 89257013.87567428 f_lik= 1893.8381628953844 f_dc (1e6)= 89.25512003751138 |g_lik|= 3652.388605875396 |g_dc|= 4.732445569741616
it no: 295 f_tot= 89427336.1199497 f_lik= 1876.2074621444656 f_dc (1e6)= 89.42545991248755 |g_lik|= 3712.302903075293 |g_dc|= 4.9760331564264675
skipping phase proj
f_dc (1e6): 87.99800070348168  perc: 1.920514007618114
it no: 299 f_tot= 87815740.05362286 f_lik= 1942.4424187823704 f_dc (1e6)= 87.81379761120407 |g_lik|= 6227.513649790372 |g_dc|= 2.089314503089316
it no: 300 f_tot= 87978874.1090621 f_lik= 1898.379718010312 f_dc (1e6)= 87.9769757293441 |g_lik|= 5459.528777334144 |g_dc|= 2.447552354253429
it no: 301 f_tot= 88141089.48699974 f_lik= 1901.2341099321275 f_dc (1e6)= 88.1391882528898 |g_lik|= 4999.558728126061 |g_dc|= 2.8033696493375113
it no: 302 f_tot= 88328031.96805258 f_lik= 1870.5787377575466 f_dc (1e6)= 88.32616138931483 |g_lik|= 4308.445273522891 |g_dc|= 3.188297152104078
it no: 303 f_tot= 88510714.53267966 f_lik= 1895.0663415963309 f_dc (1e6)= 88.50881946633807 |g_lik|= 4051.4600814462947 |g_dc|= 3.5393215097166038
it no: 304 f_tot= 88700326.6913173 f_lik= 1878.9901886690232 f_dc (1e6)= 88.69844770112863 |g_lik|= 3818.664094149638 |g_dc|= 3.877715450578277
it no: 305 f_tot= 88881058.0740802 f_lik= 1862.7953897521609 f_dc (1e6)= 88.87919527869045 |g_lik|= 3725.801343047708 |g_dc|= 4.180537720098857
it no: 306 f_tot= 89062918.5641714 f_lik= 1878.3660643634341 f_dc (1e6)= 89.06104019810704 |g_lik|= 3551.2591293654505 |g_dc|= 4.466883118811408
it no: 307 f_tot= 89233047.8351115 f_lik= 1879.0529799521537 f_dc (1e6)= 89.23116878213155 |g_lik|= 3466.820205458395 |g_dc|= 4.723528522213246
it no: 308 f_tot= 89403647.50841722 f_lik= 1886.896494367236 f_dc (1e6)= 89.40176061192284 |g_lik|= 3322.986246481431 |g_dc|= 4.967447165411604
skipping phase proj
f_dc (1e6): 87.9769757293441  perc: 1.9200551476779084
it no: 312 f_tot= 87798389.57904838 f_lik= 1919.9935990823308 f_dc (1e6)= 87.79646958544929 |g_lik|= 6037.151419147547 |g_dc|= 2.0811154788871034
it no: 313 f_tot= 87958751.63234073 f_lik= 1906.0030964442662 f_dc (1e6)= 87.95684562924428 |g_lik|= 5458.1754069468025 |g_dc|= 2.4346640173219347
it no: 314 f_tot= 88121338.01984902 f_lik= 1895.8438536789304 f_dc (1e6)= 88.11944217599533 |g_lik|= 5276.6900357791665 |g_dc|= 2.7928905308356855
it no: 315 f_tot= 88309737.3430167 f_lik= 1890.6475858272825 f_dc (1e6)= 88.30784669543087 |g_lik|= 4375.445422083878 |g_dc|= 3.180941030325409
it no: 316 f_tot= 88491072.8011325 f_lik= 1869.1465513733456 f_dc (1e6)= 88.48920365458113 |g_lik|= 4198.224723950622 |g_dc|= 3.530466671112015
it no: 317 f_tot= 88679388.21052565 f_lik= 1886.8994885385605 f_dc (1e6)= 88.6775013110371 |g_lik|= 4104.386032871263 |g_dc|= 3.867869386356315
it no: 318 f_tot= 88859176.97360519 f_lik= 1880.556722323554 f_dc (1e6)= 88.85729641688286 |g_lik|= 3776.0582595888377 |g_dc|= 4.1703681931267305
it no: 319 f_tot= 89038662.02831103 f_lik= 1867.3773486800421 f_dc (1e6)= 89.03679465096235 |g_lik|= 3726.3956975199726 |g_dc|= 4.454682710154486
it no: 320 f_tot= 89209723.6591276 f_lik= 1857.5765945411863 f_dc (1e6)= 89.20786608253304 |g_lik|= 3666.4705406567487 |g_dc|= 4.712387949198241
it no: 321 f_tot= 89379315.7412517 f_lik= 1866.0190841279712 f_dc (1e6)= 89.37744972216758 |g_lik|= 3422.2590872933433 |g_dc|= 4.95602920809083
skipping phase proj
f_dc (1e6): 87.95684562924428  perc: 1.9196158179328302
it no: 325 f_tot= 87782250.44543815 f_lik= 1920.3651997121176 f_dc (1e6)= 87.78033008023843 |g_lik|= 6140.934112409129 |g_dc|= 2.073151037480037
it no: 326 f_tot= 87943942.5358456 f_lik= 1910.0170254471188 f_dc (1e6)= 87.94203251882016 |g_lik|= 5325.980128026829 |g_dc|= 2.42985773013626
it no: 327 f_tot= 88105147.346384 f_lik= 1881.049138111841 f_dc (1e6)= 88.1032662972459 |g_lik|= 4912.4485167026005 |g_dc|= 2.78697176349041
it no: 328 f_tot= 88288632.17732814 f_lik= 1883.326684583028 f_dc (1e6)= 88.28674885064356 |g_lik|= 4732.770423635118 |g_dc|= 3.168517464446117
it no: 329 f_tot= 88471855.5738744 f_lik= 1887.890486216318 f_dc (1e6)= 88.46996768338819 |g_lik|= 4306.882464047271 |g_dc|= 3.52223529002882
it no: 330 f_tot= 88660395.97955853 f_lik= 1866.2143227154868 f_dc (1e6)= 88.65852976523581 |g_lik|= 4058.3735549928997 |g_dc|= 3.860318023892171
it no: 331 f_tot= 88839773.79702131 f_lik= 1861.338057656061 f_dc (1e6)= 88.83791245896366 |g_lik|= 3929.237645164676 |g_dc|= 4.162637988920025
it no: 332 f_tot= 89019901.93179116 f_lik= 1885.3693677806855 f_dc (1e6)= 89.01801656242338 |g_lik|= 3855.8680188925846 |g_dc|= 4.447777943760258
it no: 333 f_tot= 89188986.08973993 f_lik= 1883.9712518546694 f_dc (1e6)= 89.18710211848807 |g_lik|= 3832.1967916862686 |g_dc|= 4.70371419788204
it no: 334 f_tot= 89360089.06325877 f_lik= 1875.621412935711 f_dc (1e6)= 89.35821344184583 |g_lik|= 3484.4065978249296 |g_dc|= 4.949754640966612
skipping phase proj
f_dc (1e6): 87.94203251882016  perc: 1.9192925289280969
it no: 338 f_tot= 87767850.58863945 f_lik= 1898.2908477365404 f_dc (1e6)= 87.76595229779171 |g_lik|= 6217.694519903366 |g_dc|= 2.066497193951831
it no: 339 f_tot= 87929754.63252793 f_lik= 1925.7071785536266 f_dc (1e6)= 87.92782892534939 |g_lik|= 5313.867111192144 |g_dc|= 2.4249163760261365
it no: 340 f_tot= 88088961.62369885 f_lik= 1902.8793282844906 f_dc (1e6)= 88.08705874437057 |g_lik|= 4710.124240141279 |g_dc|= 2.778429250943531
it no: 341 f_tot= 88272679.644293 f_lik= 1885.6339268720717 f_dc (1e6)= 88.27079401036613 |g_lik|= 4547.465426541618 |g_dc|= 3.1612824559087733
it no: 342 f_tot= 88454932.27833822 f_lik= 1883.0677877734956 f_dc (1e6)= 88.45304921055046 |g_lik|= 4195.114039688304 |g_dc|= 3.5148813041707183
it no: 343 f_tot= 88643215.15822966 f_lik= 1893.9693259431635 f_dc (1e6)= 88.64132118890372 |g_lik|= 4379.917758995696 |g_dc|= 3.852852368353416
it no: 344 f_tot= 88823467.43551339 f_lik= 1849.5304451783497 f_dc (1e6)= 88.82161790506822 |g_lik|= 3780.052046908144 |g_dc|= 4.157491634929409
it no: 345 f_tot= 89003701.94013599 f_lik= 1886.3908245177497 f_dc (1e6)= 89.00181554931147 |g_lik|= 3868.6585268872695 |g_dc|= 4.442700054970123
it no: 346 f_tot= 89171711.81148878 f_lik= 1875.6932012290047 f_dc (1e6)= 89.16983611828755 |g_lik|= 3942.5040773768583 |g_dc|= 4.6985055722541444
it no: 347 f_tot= 89340530.21183713 f_lik= 1881.2060130089806 f_dc (1e6)= 89.33864900582412 |g_lik|= 3723.418723821391 |g_dc|= 4.941678224685687
skipping phase proj
f_dc (1e6): 87.92782892534939  perc: 1.9189825423374807
it no: 351 f_tot= 87754435.41095936 f_lik= 1940.933509290786 f_dc (1e6)= 87.75249447745007 |g_lik|= 6052.605485597298 |g_dc|= 2.059597283281312
it no: 352 f_tot= 87913112.39403908 f_lik= 1919.9731579362779 f_dc (1e6)= 87.91119242088114 |g_lik|= 5671.74725945362 |g_dc|= 2.4130787115895074
it no: 353 f_tot= 88074704.87060964 f_lik= 1892.2376667549497 f_dc (1e6)= 88.07281263294288 |g_lik|= 4706.965189469122 |g_dc|= 2.772996251483755
it no: 354 f_tot= 88257467.06204052 f_lik= 1910.0586542302087 f_dc (1e6)= 88.25555700338629 |g_lik|= 4581.393449348354 |g_dc|= 3.1547105289486495
it no: 355 f_tot= 88439910.16469026 f_lik= 1892.6177493814744 f_dc (1e6)= 88.43801754694088 |g_lik|= 4291.996914867187 |g_dc|= 3.5090257089189834
it no: 356 f_tot= 88626585.43774258 f_lik= 1892.6085095894905 f_dc (1e6)= 88.62469282923298 |g_lik|= 4240.022332709528 |g_dc|= 3.844984074139379
it no: 357 f_tot= 88806342.86633748 f_lik= 1884.4871047480901 f_dc (1e6)= 88.80445837923273 |g_lik|= 3856.400735534571 |g_dc|= 4.149220341170192
it no: 358 f_tot= 88983256.0272421 f_lik= 1877.364201052132 f_dc (1e6)= 88.98137866304104 |g_lik|= 3832.837086715383 |g_dc|= 4.430984628534256
it no: 359 f_tot= 89152621.60216708 f_lik= 1887.6565581891296 f_dc (1e6)= 89.1507339456089 |g_lik|= 3712.1881132561534 |g_dc|= 4.6886813848413995
it no: 360 f_tot= 89320971.99105279 f_lik= 1861.9038331181096 f_dc (1e6)= 89.31911008721967 |g_lik|= 3496.703906322692 |g_dc|= 4.931948019885344
skipping phase proj
