('Under sample factor: ', 4)
FLAIR20201020-125121/jonatank_lat60_ns50_ps28_modalityFLAIR_step100000.ckpt
Read from existing sensmap pattern file
Read from existing u.s. pattern file
xxxxxxxxxxxxxxxxxxx contRec is 
xxxxxxxxxxxxxxxxxxx parfact is 25
---- Defining VAE
>>> lat_dim value: 60
>>> mode is: MRIunproc
2020-10-26 14:27:06.671897: I tensorflow/core/platform/cpu_feature_guard.cc:141] Your CPU supports instructions that this TensorFlow binary was not compiled to use: AVX2 FMA
2020-10-26 14:27:06.885070: I tensorflow/core/common_runtime/gpu/gpu_device.cc:1432] Found device 0 with properties: 
name: TITAN Xp major: 6 minor: 1 memoryClockRate(GHz): 1.582
pciBusID: 0000:09:00.0
totalMemory: 11.91GiB freeMemory: 11.76GiB
2020-10-26 14:27:06.885107: I tensorflow/core/common_runtime/gpu/gpu_device.cc:1511] Adding visible gpu devices: 0
2020-10-26 14:27:12.609730: I tensorflow/core/common_runtime/gpu/gpu_device.cc:982] Device interconnect StreamExecutor with strength 1 edge matrix:
2020-10-26 14:27:12.609770: I tensorflow/core/common_runtime/gpu/gpu_device.cc:988]      0 
2020-10-26 14:27:12.609778: I tensorflow/core/common_runtime/gpu/gpu_device.cc:1001] 0:   N 
2020-10-26 14:27:12.610659: I tensorflow/core/common_runtime/gpu/gpu_device.cc:1115] Created TensorFlow device (/job:localhost/replica:0/task:0/device:GPU:0 with 11376 MB memory) -> physical GPU (device: 0, name: TITAN Xp, pci bus id: 0000:09:00.0, compute capability: 6.1)
Initialized parameters
KCT-info: loaded the new model, trained fastmri
KCT-INFO: the gradients: 
Tensor("gradients_2/AddN_3:0", shape=(1250, 784), dtype=float32)
Tensor("gradients_3/Reshape_2_grad/Reshape:0", shape=(1250, 784), dtype=float32)
Tensor("gradients_4/Reshape_2_grad/Reshape:0", shape=(1250, 784), dtype=float32)
_____DIRECT APPROX_____
KCT-INFO: there will be in total 1035 patches.
contRec is 
it no: 0 f_tot= 108931805.2689396 f_lik= 2053.773622392927 f_dc (1e6)= 108.9297514953172 |g_lik|= 15596.132999510448 |g_dc|= 12.56357233721149
it no: 1 f_tot= 109306450.10040621 f_lik= 2034.0423347173419 f_dc (1e6)= 109.3044160580715 |g_lik|= 10809.89815493417 |g_dc|= 12.811738340674314
it no: 2 f_tot= 109560470.50712416 f_lik= 2021.663685615517 f_dc (1e6)= 109.55844884343854 |g_lik|= 7305.323259235584 |g_dc|= 12.967322115648864
it no: 3 f_tot= 109937232.26994118 f_lik= 2024.0854983654476 f_dc (1e6)= 109.93520818444281 |g_lik|= 7235.534467257011 |g_dc|= 13.19623224953272
it no: 4 f_tot= 110297216.47739805 f_lik= 1986.5410526166643 f_dc (1e6)= 110.29522993634545 |g_lik|= 5994.9695973879925 |g_dc|= 13.406626742990495
it no: 5 f_tot= 110692346.43980485 f_lik= 1981.397225770496 f_dc (1e6)= 110.69036504257909 |g_lik|= 5905.721749401983 |g_dc|= 13.632330986963927
it no: 6 f_tot= 111078032.56263873 f_lik= 1981.6591118531 f_dc (1e6)= 111.07605090352688 |g_lik|= 5014.192140680477 |g_dc|= 13.845569534711693
it no: 7 f_tot= 111490789.79435107 f_lik= 1968.0737516766503 f_dc (1e6)= 111.4888217205994 |g_lik|= 5000.9771702458265 |g_dc|= 14.071235755510957
it no: 8 f_tot= 111902500.36076044 f_lik= 1985.8543270129248 f_dc (1e6)= 111.90051450643342 |g_lik|= 4579.75925064813 |g_dc|= 14.291536561671277
it no: 9 f_tot= 112328974.22989392 f_lik= 1975.0824409484862 f_dc (1e6)= 112.32699914745298 |g_lik|= 4378.923071928475 |g_dc|= 14.5169960121534
skipping phase proj
f_dc (1e6): 109.3044160580715  perc: 2.3855162669137484
it no: 13 f_tot= 96870178.07894067 f_lik= 2015.4221833342597 f_dc (1e6)= 96.86816265675733 |g_lik|= 10110.386599615995 |g_dc|= 7.201893264399206
it no: 14 f_tot= 97167311.57633154 f_lik= 2023.60631398973 f_dc (1e6)= 97.16528797001756 |g_lik|= 7969.66331674639 |g_dc|= 7.469188932418386
it no: 15 f_tot= 97427670.63539499 f_lik= 2019.678626875764 f_dc (1e6)= 97.42565095676811 |g_lik|= 5979.857241327266 |g_dc|= 7.712201801427154
it no: 16 f_tot= 97712985.40226412 f_lik= 1993.0322994813464 f_dc (1e6)= 97.71099236996463 |g_lik|= 5898.10440141377 |g_dc|= 7.966328075102027
it no: 17 f_tot= 97987767.65179583 f_lik= 1994.9579767862956 f_dc (1e6)= 97.98577269381904 |g_lik|= 4708.760669879395 |g_dc|= 8.20251998275706
it no: 18 f_tot= 98281966.98879561 f_lik= 1989.540792027428 f_dc (1e6)= 98.27997744800358 |g_lik|= 4503.36014546802 |g_dc|= 8.449159123342545
it no: 19 f_tot= 98573227.97667213 f_lik= 1980.9134840029762 f_dc (1e6)= 98.57124706318812 |g_lik|= 4172.40264826611 |g_dc|= 8.688558903777965
it no: 20 f_tot= 98880408.67588249 f_lik= 1956.992165712629 f_dc (1e6)= 98.87845168371678 |g_lik|= 4145.001793153858 |g_dc|= 8.93610717906008
it no: 21 f_tot= 99186896.96004985 f_lik= 1966.0403171875364 f_dc (1e6)= 99.18493091973266 |g_lik|= 3713.860654366923 |g_dc|= 9.177878797434978
it no: 22 f_tot= 99502005.18112184 f_lik= 1975.8232281158084 f_dc (1e6)= 99.50002935789372 |g_lik|= 3583.182693683843 |g_dc|= 9.421676158136776
skipping phase proj
f_dc (1e6): 97.16528797001756  perc: 2.120585639547171
it no: 26 f_tot= 92902812.2903068 f_lik= 2003.253383762723 f_dc (1e6)= 92.90080903692305 |g_lik|= 9755.884830088135 |g_dc|= 5.056476415501242
it no: 27 f_tot= 93186343.0557612 f_lik= 1995.3103472328187 f_dc (1e6)= 93.18434774541397 |g_lik|= 7594.996224952446 |g_dc|= 5.3795854269030485
it no: 28 f_tot= 93406341.84255785 f_lik= 2016.9253906528475 f_dc (1e6)= 93.4043249171672 |g_lik|= 5495.406137303845 |g_dc|= 5.638095979276335
it no: 29 f_tot= 93646528.82677808 f_lik= 1994.0638165010726 f_dc (1e6)= 93.64453476296158 |g_lik|= 5557.426015941734 |g_dc|= 5.907057458791135
it no: 30 f_tot= 93879984.58008184 f_lik= 2010.2237905438742 f_dc (1e6)= 93.87797435629129 |g_lik|= 4386.868933988312 |g_dc|= 6.162571695734664
it no: 31 f_tot= 94131671.93559113 f_lik= 1981.063401312601 f_dc (1e6)= 94.12969087218983 |g_lik|= 4512.53049675539 |g_dc|= 6.430778153091839
it no: 32 f_tot= 94383333.50081325 f_lik= 1974.1006836409797 f_dc (1e6)= 94.3813594001296 |g_lik|= 3929.0453640471787 |g_dc|= 6.692554701517369
it no: 33 f_tot= 94648556.0115222 f_lik= 1992.2548005492347 f_dc (1e6)= 94.64656375672166 |g_lik|= 3757.388530219518 |g_dc|= 6.960632642961254
it no: 34 f_tot= 94912579.88922893 f_lik= 1988.9205066640036 f_dc (1e6)= 94.91059096872226 |g_lik|= 3460.6040153778836 |g_dc|= 7.22164022276237
it no: 35 f_tot= 95186299.17412803 f_lik= 1974.814901700701 f_dc (1e6)= 95.18432435922634 |g_lik|= 3432.0071771120356 |g_dc|= 7.484421441205928
skipping phase proj
f_dc (1e6): 93.18434774541397  perc: 2.0337035353661492
it no: 39 f_tot= 91097873.59318916 f_lik= 2023.9228488794963 f_dc (1e6)= 91.09584967034029 |g_lik|= 9268.651931393131 |g_dc|= 4.001020993610047
it no: 40 f_tot= 91369847.02147321 f_lik= 2007.7365892964317 f_dc (1e6)= 91.36783928488391 |g_lik|= 6789.952410030458 |g_dc|= 4.36406875748885
it no: 41 f_tot= 91558918.75975345 f_lik= 2004.0435955447242 f_dc (1e6)= 91.55691471615792 |g_lik|= 5242.40202785871 |g_dc|= 4.622694336885686
it no: 42 f_tot= 91777140.89030145 f_lik= 2006.8867567679995 f_dc (1e6)= 91.7751340035447 |g_lik|= 5820.705383355303 |g_dc|= 4.908731047647159
it no: 43 f_tot= 91985978.64868318 f_lik= 1988.2998884286199 f_dc (1e6)= 91.98399034879475 |g_lik|= 4452.143097374495 |g_dc|= 5.176047156611314
it no: 44 f_tot= 92219137.10094257 f_lik= 1981.9894939704168 f_dc (1e6)= 92.2171551114486 |g_lik|= 4167.2252555386585 |g_dc|= 5.465041866146099
it no: 45 f_tot= 92449943.07313722 f_lik= 1991.2231994342803 f_dc (1e6)= 92.4479518499378 |g_lik|= 3847.732419073314 |g_dc|= 5.743254427344278
it no: 46 f_tot= 92695959.39343539 f_lik= 1991.037962367648 f_dc (1e6)= 92.69396835547303 |g_lik|= 3717.3219195795873 |g_dc|= 6.029368418193766
it no: 47 f_tot= 92940118.39069544 f_lik= 1988.315327351888 f_dc (1e6)= 92.9381300753681 |g_lik|= 3288.8910282481916 |g_dc|= 6.304960244217815
it no: 48 f_tot= 93191547.85720104 f_lik= 1963.5380339368185 f_dc (1e6)= 93.18958431916711 |g_lik|= 3367.4879621489035 |g_dc|= 6.579195108690413
skipping phase proj
f_dc (1e6): 91.36783928488391  perc: 1.9940591125893177
it no: 52 f_tot= 90106206.48429629 f_lik= 2002.0948967543102 f_dc (1e6)= 90.10420438939954 |g_lik|= 8999.070480433089 |g_dc|= 3.4112721627821747
it no: 53 f_tot= 90363937.26906376 f_lik= 2006.97409454709 f_dc (1e6)= 90.36193029496921 |g_lik|= 6434.567991523245 |g_dc|= 3.796014813770126
it no: 54 f_tot= 90537795.09969987 f_lik= 1996.6817311350505 f_dc (1e6)= 90.53579841796873 |g_lik|= 5521.174865782366 |g_dc|= 4.058481615842239
it no: 55 f_tot= 90742721.89287691 f_lik= 2013.3607339495704 f_dc (1e6)= 90.74070853214295 |g_lik|= 5685.164377087138 |g_dc|= 4.356315214140185
it no: 56 f_tot= 90941186.9821767 f_lik= 1967.1196823247274 f_dc (1e6)= 90.93921986249438 |g_lik|= 4293.37104186354 |g_dc|= 4.639333937774793
it no: 57 f_tot= 91162278.74659862 f_lik= 1961.3458214015052 f_dc (1e6)= 91.16031740077722 |g_lik|= 4248.461957591344 |g_dc|= 4.9416461455189
it no: 58 f_tot= 91382834.02687772 f_lik= 1965.1300441850935 f_dc (1e6)= 91.38086889683352 |g_lik|= 3790.6209573763604 |g_dc|= 5.233346944932193
it no: 59 f_tot= 91616182.62659155 f_lik= 1963.0938511966524 f_dc (1e6)= 91.61421953274035 |g_lik|= 3861.1788319274056 |g_dc|= 5.529417402114975
it no: 60 f_tot= 91848211.28931905 f_lik= 1955.9356589617048 f_dc (1e6)= 91.8462553536601 |g_lik|= 3463.8765193589343 |g_dc|= 5.814384429836202
it no: 61 f_tot= 92089227.73365285 f_lik= 1966.8675411950974 f_dc (1e6)= 92.08726086611165 |g_lik|= 3366.5415049727635 |g_dc|= 6.09829429297862
skipping phase proj
f_dc (1e6): 90.36193029496921  perc: 1.9721056330775528
it no: 65 f_tot= 89494329.35080451 f_lik= 2010.8211745673134 f_dc (1e6)= 89.49231852962994 |g_lik|= 8750.913370559472 |g_dc|= 3.0490110823025156
