('Under sample factor: ', 4)
FLAIR20201020-125121/jonatank_lat60_ns50_ps28_modalityFLAIR_step100000.ckpt
Read from existing sensmap pattern file
Read from existing u.s. pattern file
xxxxxxxxxxxxxxxxxxx contRec is 
xxxxxxxxxxxxxxxxxxx parfact is 25
---- Defining VAE
>>> lat_dim value: 60
>>> mode is: MRIunproc
2020-10-26 19:42:17.026126: I tensorflow/core/platform/cpu_feature_guard.cc:141] Your CPU supports instructions that this TensorFlow binary was not compiled to use: AVX2 FMA
2020-10-26 19:42:17.271818: I tensorflow/core/common_runtime/gpu/gpu_device.cc:1432] Found device 0 with properties: 
name: TITAN X (Pascal) major: 6 minor: 1 memoryClockRate(GHz): 1.531
pciBusID: 0000:88:00.0
totalMemory: 11.91GiB freeMemory: 11.77GiB
2020-10-26 19:42:17.271855: I tensorflow/core/common_runtime/gpu/gpu_device.cc:1511] Adding visible gpu devices: 0
2020-10-26 19:42:17.751465: I tensorflow/core/common_runtime/gpu/gpu_device.cc:982] Device interconnect StreamExecutor with strength 1 edge matrix:
2020-10-26 19:42:17.751503: I tensorflow/core/common_runtime/gpu/gpu_device.cc:988]      0 
2020-10-26 19:42:17.751511: I tensorflow/core/common_runtime/gpu/gpu_device.cc:1001] 0:   N 
2020-10-26 19:42:17.751790: I tensorflow/core/common_runtime/gpu/gpu_device.cc:1115] Created TensorFlow device (/job:localhost/replica:0/task:0/device:GPU:0 with 11385 MB memory) -> physical GPU (device: 0, name: TITAN X (Pascal), pci bus id: 0000:88:00.0, compute capability: 6.1)
Initialized parameters
KCT-info: loaded the new model, trained fastmri
KCT-INFO: the gradients: 
Tensor("gradients_2/AddN_3:0", shape=(1250, 784), dtype=float32)
Tensor("gradients_3/Reshape_2_grad/Reshape:0", shape=(1250, 784), dtype=float32)
Tensor("gradients_4/Reshape_2_grad/Reshape:0", shape=(1250, 784), dtype=float32)
_____DIRECT APPROX_____
KCT-INFO: there will be in total 1035 patches.
contRec is 
it no: 0 f_tot= 108931801.13035367 f_lik= 2049.635036468506 f_dc (1e6)= 108.9297514953172 |g_lik|= 15562.61683743452 |g_dc|= 12.56357233721149
f_dc (1e6): 96.65671749515103  perc: 2.1094863337330163
NMSE:  1.3893796763101018
it no: 2 f_tot= 96658768.0181583 f_lik= 2050.5230072748095 f_dc (1e6)= 96.65671749515103 |g_lik|= 10207.03639437473 |g_dc|= 6.958260573257236
f_dc (1e6): 92.61419605194936  perc: 2.0212602490981393
NMSE:  1.3913719266341593
it no: 4 f_tot= 92616270.10841435 f_lik= 2074.0564649863472 f_dc (1e6)= 92.61419605194936 |g_lik|= 8758.554925470073 |g_dc|= 4.638915326574692
f_dc (1e6): 90.74677718084278  perc: 1.980504731116142
NMSE:  1.3926665309517734
it no: 6 f_tot= 90748817.62267108 f_lik= 2040.4418282908484 f_dc (1e6)= 90.74677718084278 |g_lik|= 8051.705414774918 |g_dc|= 3.455650454870044
f_dc (1e6): 89.6929044298121  perc: 1.9575044656053215
NMSE:  1.3935844703532076
it no: 8 f_tot= 89694978.35781465 f_lik= 2073.9280025464013 f_dc (1e6)= 89.6929044298121 |g_lik|= 7815.689079284451 |g_dc|= 2.760799310167611
f_dc (1e6): 89.02048173104986  perc: 1.94282916387472
NMSE:  1.394278974259068
it no: 10 f_tot= 89022589.61408877 f_lik= 2107.8830389290765 f_dc (1e6)= 89.02048173104986 |g_lik|= 7606.54828280361 |g_dc|= 2.307309924833382
f_dc (1e6): 88.55790037036056  perc: 1.9327335483406765
NMSE:  1.3948313947516378
it no: 12 f_tot= 88559979.02835879 f_lik= 2078.6579982412427 f_dc (1e6)= 88.55790037036056 |g_lik|= 7375.506639731149 |g_dc|= 1.9869339857738355
f_dc (1e6): 88.22151670065972  perc: 1.9253921366673443
NMSE:  1.395288496907434
it no: 14 f_tot= 88223585.42370099 f_lik= 2068.723041271681 f_dc (1e6)= 88.22151670065972 |g_lik|= 7008.671420373075 |g_dc|= 1.7471714165744519
f_dc (1e6): 87.96858595436602  perc: 1.9198720448774054
NMSE:  1.395675645643741
it no: 16 f_tot= 87970668.86587031 f_lik= 2082.911504305885 f_dc (1e6)= 87.96858595436602 |g_lik|= 6952.339696270641 |g_dc|= 1.5617089571837528
f_dc (1e6): 87.77279348861572  perc: 1.915598968556881
NMSE:  1.396011179578218
it no: 18 f_tot= 87774831.10583825 f_lik= 2037.61722252982 f_dc (1e6)= 87.77279348861572 |g_lik|= 6811.894447274706 |g_dc|= 1.4148023655406379
f_dc (1e6): 87.61847834076998  perc: 1.9122311147345648
NMSE:  1.396305204875599
it no: 20 f_tot= 87620525.00047415 f_lik= 2046.6597041811262 f_dc (1e6)= 87.61847834076998 |g_lik|= 6729.53804230201 |g_dc|= 1.2973487061418156
f_dc (1e6): 87.49362562322577  perc: 1.9095062642718728
NMSE:  1.3965665382080192
it no: 22 f_tot= 87495690.00093392 f_lik= 2064.377708157585 f_dc (1e6)= 87.49362562322577 |g_lik|= 6489.529000197986 |g_dc|= 1.2003675722122313
f_dc (1e6): 87.39163972142943  perc: 1.907280471055963
NMSE:  1.396801524826865
it no: 24 f_tot= 87393687.84349625 f_lik= 2048.1220668265933 f_dc (1e6)= 87.39163972142943 |g_lik|= 6327.283880253718 |g_dc|= 1.1205204428431927
f_dc (1e6): 87.30647497394791  perc: 1.905421791436131
NMSE:  1.3970135869910747
it no: 26 f_tot= 87308549.83504458 f_lik= 2074.861096659161 f_dc (1e6)= 87.30647497394791 |g_lik|= 6191.819982225574 |g_dc|= 1.0526449621170226
f_dc (1e6): 87.23485690048288  perc: 1.9038587614560334
NMSE:  1.3972066630784856
it no: 28 f_tot= 87236890.51162185 f_lik= 2033.6111389694895 f_dc (1e6)= 87.23485690048288 |g_lik|= 6128.867598677583 |g_dc|= 0.9962081671483655
f_dc (1e6): 87.17399546832168  perc: 1.9025304899946949
NMSE:  1.3973829399516455
it no: 30 f_tot= 87176040.17577112 f_lik= 2044.7074494316464 f_dc (1e6)= 87.17399546832168 |g_lik|= 6014.291400547624 |g_dc|= 0.9477983179465946
f_dc (1e6): 87.12123092420414  perc: 1.9013789292174814
NMSE:  1.3975448603893785
it no: 32 f_tot= 87123286.9088661 f_lik= 2055.9846619442533 f_dc (1e6)= 87.12123092420414 |g_lik|= 5921.023693284622 |g_dc|= 0.9058870274506317
f_dc (1e6): 87.07564153496688  perc: 1.9003839627417776
NMSE:  1.3976944008170935
it no: 34 f_tot= 87077696.8329382 f_lik= 2055.2979713185628 f_dc (1e6)= 87.07564153496688 |g_lik|= 5830.043280968866 |g_dc|= 0.8699276259520483
f_dc (1e6): 87.03540974430965  perc: 1.8995059232762095
NMSE:  1.3978333876477018
it no: 36 f_tot= 87037466.12484439 f_lik= 2056.3805347369967 f_dc (1e6)= 87.03540974430965 |g_lik|= 5723.40250777027 |g_dc|= 0.8384785566136865
f_dc (1e6): 87.00012481768198  perc: 1.898735846736919
NMSE:  1.39796267866734
it no: 38 f_tot= 87002185.73465452 f_lik= 2060.9169725395386 f_dc (1e6)= 87.00012481768198 |g_lik|= 5613.21807885845 |g_dc|= 0.8107293689276635
f_dc (1e6): 86.96848547760514  perc: 1.898045333369302
NMSE:  1.3980831073996385
it no: 40 f_tot= 86970547.65572251 f_lik= 2062.1781173669724 f_dc (1e6)= 86.96848547760514 |g_lik|= 5677.597496489587 |g_dc|= 0.7858416885222552
f_dc (1e6): 86.94023578019605  perc: 1.8974287973213069
NMSE:  1.398196057394392
it no: 42 f_tot= 86942314.23899528 f_lik= 2078.4587992404754 f_dc (1e6)= 86.94023578019605 |g_lik|= 5674.797394863946 |g_dc|= 0.7645347733962435
f_dc (1e6): 86.91478505710145  perc: 1.8968733475404438
NMSE:  1.398302621198026
it no: 44 f_tot= 86916829.58404285 f_lik= 2044.5269413957142 f_dc (1e6)= 86.91478505710145 |g_lik|= 5586.205528569109 |g_dc|= 0.7452419028026723
f_dc (1e6): 86.89201552634448  perc: 1.8963764134917596
NMSE:  1.398402538685063
it no: 46 f_tot= 86894072.11485143 f_lik= 2056.5885069529218 f_dc (1e6)= 86.89201552634448 |g_lik|= 5634.562667953071 |g_dc|= 0.7285068996700678
f_dc (1e6): 86.87089297628633  perc: 1.8959154240040554
NMSE:  1.3984971927111223
it no: 48 f_tot= 86872964.16540435 f_lik= 2071.1891180317743 f_dc (1e6)= 86.87089297628633 |g_lik|= 5522.223113892509 |g_dc|= 0.7128611706104938
f_dc (1e6): 86.85198096584375  perc: 1.8955026784794207
NMSE:  1.3985868520204277
it no: 50 f_tot= 86854016.18009314 f_lik= 2035.2142493947347 f_dc (1e6)= 86.85198096584375 |g_lik|= 5331.354092897541 |g_dc|= 0.6987511929760938
f_dc (1e6): 86.8342078540345  perc: 1.8951147888692503
NMSE:  1.3986721533888005
it no: 52 f_tot= 86836238.66109228 f_lik= 2030.807057787918 f_dc (1e6)= 86.8342078540345 |g_lik|= 5413.437570814184 |g_dc|= 0.6852810503148069
f_dc (1e6): 86.81825609544126  perc: 1.8947666494163131
NMSE:  1.398752897501589
it no: 54 f_tot= 86820314.61320175 f_lik= 2058.51776050386 f_dc (1e6)= 86.81825609544126 |g_lik|= 5388.609177561574 |g_dc|= 0.6746360552188865
f_dc (1e6): 86.80315216795958  perc: 1.894437013469284
NMSE:  1.3988302753530748
it no: 56 f_tot= 86805205.89109698 f_lik= 2053.7231373950412 f_dc (1e6)= 86.80315216795958 |g_lik|= 5227.659558115 |g_dc|= 0.6630318562451155
f_dc (1e6): 86.78958879911995  perc: 1.8941409994730707
NMSE:  1.3989044131373414
it no: 58 f_tot= 86791662.28724475 f_lik= 2073.488124798366 f_dc (1e6)= 86.78958879911995 |g_lik|= 5160.4792709841095 |g_dc|= 0.6538085771456978
f_dc (1e6): 86.77638849779476  perc: 1.893852909250598
NMSE:  1.3989753786506798
it no: 60 f_tot= 86778436.24726008 f_lik= 2047.749465310233 f_dc (1e6)= 86.77638849779476 |g_lik|= 5261.214249660823 |g_dc|= 0.6436165098631027
f_dc (1e6): 86.76466898449661  perc: 1.89359713651404
NMSE:  1.39904313575519
it no: 62 f_tot= 86766703.4490235 f_lik= 2034.464526890346 f_dc (1e6)= 86.76466898449661 |g_lik|= 5103.566546541613 |g_dc|= 0.6363745027291102
f_dc (1e6): 86.75355887765927  perc: 1.8933546637801524
NMSE:  1.3991085548836721
it no: 64 f_tot= 86755590.06180292 f_lik= 2031.1841436476934 f_dc (1e6)= 86.75355887765927 |g_lik|= 5117.373625485875 |g_dc|= 0.6284469989510241
f_dc (1e6): 86.74328151376935  perc: 1.8931303652602516
NMSE:  1.3991712256678712
it no: 66 f_tot= 86745333.332118 f_lik= 2051.818348659334 f_dc (1e6)= 86.74328151376935 |g_lik|= 5162.022715550594 |g_dc|= 0.621823238951462
f_dc (1e6): 86.73339543127312  perc: 1.892914606268426
NMSE:  1.3992323300811007
it no: 68 f_tot= 86735434.60714418 f_lik= 2039.1758710625058 f_dc (1e6)= 86.73339543127312 |g_lik|= 5256.762518543507 |g_dc|= 0.6145081684613345
f_dc (1e6): 86.72432870924703  perc: 1.8927167294244627
NMSE:  1.3992910664976828
it no: 70 f_tot= 86726383.82071073 f_lik= 2055.1114636957077 f_dc (1e6)= 86.72432870924703 |g_lik|= 5162.31125380097 |g_dc|= 0.6090319905148515
f_dc (1e6): 86.7158729429351  perc: 1.892532186394878
NMSE:  1.3993480650067844
it no: 72 f_tot= 86717927.0306549 f_lik= 2054.0877197992236 f_dc (1e6)= 86.7158729429351 |g_lik|= 5036.347537048845 |g_dc|= 0.6037312468868616
f_dc (1e6): 86.70755810394606  perc: 1.8923507190362803
NMSE:  1.399403128909711
it no: 74 f_tot= 86709586.35120195 f_lik= 2028.2472558848062 f_dc (1e6)= 86.70755810394606 |g_lik|= 5031.313030205876 |g_dc|= 0.5976952828370515
f_dc (1e6): 86.69993525310493  perc: 1.892184353985923
NMSE:  1.3994563772187503
it no: 76 f_tot= 86701974.60686092 f_lik= 2039.3537559963409 f_dc (1e6)= 86.69993525310493 |g_lik|= 5101.65067246944 |g_dc|= 0.5930926407508591
f_dc (1e6): 86.6924054330966  perc: 1.8920200192887113
NMSE:  1.3995082067929883
it no: 78 f_tot= 86694455.42886719 f_lik= 2049.9957705888296 f_dc (1e6)= 86.6924054330966 |g_lik|= 5032.353091854778 |g_dc|= 0.5871108697794593
f_dc (1e6): 86.68555479300808  perc: 1.891870507366327
NMSE:  1.3995585989857415
it no: 80 f_tot= 86687588.2526947 f_lik= 2033.4596866189866 f_dc (1e6)= 86.68555479300808 |g_lik|= 4952.730567670407 |g_dc|= 0.5828464676568363
f_dc (1e6): 86.6789799246121  perc: 1.8917270140283897
NMSE:  1.3996071808482597
it no: 82 f_tot= 86681022.55038889 f_lik= 2042.6257767995198 f_dc (1e6)= 86.6789799246121 |g_lik|= 4940.181636579435 |g_dc|= 0.5788014066083069
f_dc (1e6): 86.67268430885409  perc: 1.8915896152448586
NMSE:  1.3996546201448599
it no: 84 f_tot= 86674741.07325682 f_lik= 2056.7644027273996 f_dc (1e6)= 86.67268430885409 |g_lik|= 4876.902719613647 |g_dc|= 0.5743605552964985
f_dc (1e6): 86.66680071103164  perc: 1.8914612085544469
NMSE:  1.3997011399353967
it no: 86 f_tot= 86668821.86651878 f_lik= 2021.1554871350243 f_dc (1e6)= 86.66680071103164 |g_lik|= 4885.749033509876 |g_dc|= 0.5708647823620121
f_dc (1e6): 86.66103063924679  perc: 1.8913352795151597
NMSE:  1.399746151090663
it no: 88 f_tot= 86663064.74320132 f_lik= 2034.1039545277188 f_dc (1e6)= 86.66103063924679 |g_lik|= 4888.613696254198 |g_dc|= 0.5669428571579918
f_dc (1e6): 86.6557943653072  perc: 1.8912210003569025
NMSE:  1.399789887921162
it no: 90 f_tot= 86657809.04984835 f_lik= 2014.684541151864 f_dc (1e6)= 86.6557943653072 |g_lik|= 4808.673159636054 |g_dc|= 0.5642520690756954
f_dc (1e6): 86.65041311268543  perc: 1.8911035571086923
NMSE:  1.3998326583895218
it no: 92 f_tot= 86652471.79383147 f_lik= 2058.681146036784 f_dc (1e6)= 86.65041311268543 |g_lik|= 4786.40709339612 |g_dc|= 0.5601185607929177
f_dc (1e6): 86.64557001026672  perc: 1.8909978587296257
NMSE:  1.3998744485050707
it no: 94 f_tot= 86647611.36637795 f_lik= 2041.3561112249465 f_dc (1e6)= 86.64557001026672 |g_lik|= 4832.393283211699 |g_dc|= 0.5572923961510488
f_dc (1e6): 86.64089815674379  perc: 1.890895897775279
NMSE:  1.3999155984427634
it no: 96 f_tot= 86642929.94936503 f_lik= 2031.7926212394805 f_dc (1e6)= 86.64089815674379 |g_lik|= 4788.555449072652 |g_dc|= 0.5545446597210406
f_dc (1e6): 86.63636901075859  perc: 1.8907970513442507
NMSE:  1.3999553972112007
it no: 98 f_tot= 86638412.8416066 f_lik= 2043.8308480290004 f_dc (1e6)= 86.63636901075859 |g_lik|= 4809.435735836265 |g_dc|= 0.5517175325202684
f_dc (1e6): 86.63202980564982  perc: 1.8907023502814233
NMSE:  1.3999947080160084
it no: 100 f_tot= 86634071.00246163 f_lik= 2041.1968118131729 f_dc (1e6)= 86.63202980564982 |g_lik|= 4796.604131472053 |g_dc|= 0.5493064555927486
f_dc (1e6): 86.62781451742394  perc: 1.8906103536449177
NMSE:  1.4000331559275232
it no: 102 f_tot= 86629882.41537976 f_lik= 2067.8979558199926 f_dc (1e6)= 86.62781451742394 |g_lik|= 4893.742204176615 |g_dc|= 0.5464314010027035
f_dc (1e6): 86.62390856638537  perc: 1.8905251081436258
NMSE:  1.4000710833039265
it no: 104 f_tot= 86625978.02130872 f_lik= 2069.454923340934 f_dc (1e6)= 86.62390856638537 |g_lik|= 4874.462135275228 |g_dc|= 0.544717894033697
f_dc (1e6): 86.61986996182652  perc: 1.8904369675431065
NMSE:  1.4001079929551408
it no: 106 f_tot= 86621953.25035556 f_lik= 2083.2885290418353 f_dc (1e6)= 86.61986996182652 |g_lik|= 4788.126512678853 |g_dc|= 0.5417462499749987
f_dc (1e6): 86.61609711785448  perc: 1.8903546270394709
NMSE:  1.4001442535364244
it no: 108 f_tot= 86618156.23341729 f_lik= 2059.11556281771 f_dc (1e6)= 86.61609711785448 |g_lik|= 4882.882797697289 |g_dc|= 0.5395077966577956
f_dc (1e6): 86.61258843943344  perc: 1.89027805182183
NMSE:  1.4001799432775321
it no: 110 f_tot= 86614641.18082356 f_lik= 2052.7413901229133 f_dc (1e6)= 86.61258843943344 |g_lik|= 4890.703955484955 |g_dc|= 0.5375584719417255
f_dc (1e6): 86.60915546798304  perc: 1.8902031288723817
NMSE:  1.400214885984427
it no: 112 f_tot= 86611221.21344677 f_lik= 2065.7454637218657 f_dc (1e6)= 86.60915546798304 |g_lik|= 4832.6506996538565 |g_dc|= 0.536264643556166
f_dc (1e6): 86.60574621883362  perc: 1.8901287236507338
NMSE:  1.4002489040073733
it no: 114 f_tot= 86607787.42546926 f_lik= 2041.2066356586274 f_dc (1e6)= 86.60574621883362 |g_lik|= 4795.23100570577 |g_dc|= 0.5333565921071894
f_dc (1e6): 86.60245616430838  perc: 1.8900569197943844
NMSE:  1.400282910467959
it no: 116 f_tot= 86604487.9503231 f_lik= 2031.7860147276378 f_dc (1e6)= 86.60245616430838 |g_lik|= 4760.733349565492 |g_dc|= 0.5316574604106665
f_dc (1e6): 86.59931554409971  perc: 1.889988377270064
NMSE:  1.4003160050071657
it no: 118 f_tot= 86601351.6016911 f_lik= 2036.0575913892474 f_dc (1e6)= 86.59931554409971 |g_lik|= 4664.699725461938 |g_dc|= 0.5293685095874198
f_dc (1e6): 86.59623202244458  perc: 1.8899210808941902
NMSE:  1.400348924333635
it no: 120 f_tot= 86598267.75583337 f_lik= 2035.7333888026646 f_dc (1e6)= 86.59623202244458 |g_lik|= 4769.179499838241 |g_dc|= 0.5272764052935827
f_dc (1e6): 86.59341601119351  perc: 1.8898596228041193
NMSE:  1.4003805253537949
it no: 122 f_tot= 86595459.87793986 f_lik= 2043.866746350243 f_dc (1e6)= 86.59341601119351 |g_lik|= 4760.205199299947 |g_dc|= 0.5261037026444629
f_dc (1e6): 86.59058945836755  perc: 1.8897979346492506
NMSE:  1.4004122938951706
it no: 124 f_tot= 86592616.68882982 f_lik= 2027.2304622777303 f_dc (1e6)= 86.59058945836755 |g_lik|= 4739.713904432153 |g_dc|= 0.5242790955561581
f_dc (1e6): 86.58817328153003  perc: 1.8897452027527961
NMSE:  1.4004428875859027
it no: 126 f_tot= 86590223.52269214 f_lik= 2050.2411621039255 f_dc (1e6)= 86.58817328153003 |g_lik|= 4709.536021129018 |g_dc|= 0.524121990191797
f_dc (1e6): 86.58535754098965  perc: 1.8896837505708555
NMSE:  1.400473308716725
it no: 128 f_tot= 86587382.83603811 f_lik= 2025.2950484539213 f_dc (1e6)= 86.58535754098965 |g_lik|= 4741.447582995124 |g_dc|= 0.5219386008070035
f_dc (1e6): 86.58291530408465  perc: 1.8896304499259717
NMSE:  1.4005032197493363
it no: 130 f_tot= 86584970.37684746 f_lik= 2055.0727628217423 f_dc (1e6)= 86.58291530408465 |g_lik|= 4620.694744362539 |g_dc|= 0.5204593688573825
f_dc (1e6): 86.5802824389731  perc: 1.889572988912239
NMSE:  1.4005334086326828
it no: 132 f_tot= 86582321.32413346 f_lik= 2038.885160362607 f_dc (1e6)= 86.5802824389731 |g_lik|= 4613.003224102092 |g_dc|= 0.5182521690355539
f_dc (1e6): 86.5780107334847  perc: 1.8895234100334375
NMSE:  1.40056223773884
it no: 134 f_tot= 86580038.614211 f_lik= 2027.880726285662 f_dc (1e6)= 86.5780107334847 |g_lik|= 4598.233801527882 |g_dc|= 0.5174385558874736
f_dc (1e6): 86.57559842631858  perc: 1.8894707625906977
NMSE:  1.4005911116178633
it no: 136 f_tot= 86577623.49878427 f_lik= 2025.0724656967889 f_dc (1e6)= 86.57559842631858 |g_lik|= 4615.367035848616 |g_dc|= 0.5156217249274656
f_dc (1e6): 86.57346062282652  perc: 1.889424106058513
NMSE:  1.4006190760568111
it no: 138 f_tot= 86575495.71123052 f_lik= 2035.0884039942423 f_dc (1e6)= 86.57346062282652 |g_lik|= 4565.782782934942 |g_dc|= 0.5148036207156811
f_dc (1e6): 86.57122964557625  perc: 1.8893754160539042
NMSE:  1.400646846513024
it no: 140 f_tot= 86573290.44370966 f_lik= 2060.798133403233 f_dc (1e6)= 86.57122964557625 |g_lik|= 4566.531769677482 |g_dc|= 0.5133836294725975
f_dc (1e6): 86.56919641931637  perc: 1.8893310418694733
NMSE:  1.4006744390859822
it no: 142 f_tot= 86571249.69486545 f_lik= 2053.2755490838913 f_dc (1e6)= 86.56919641931637 |g_lik|= 4606.043198810863 |g_dc|= 0.5123734554843766
f_dc (1e6): 86.56705762005978  perc: 1.8892843636052072
NMSE:  1.4007014450378554
it no: 144 f_tot= 86569097.71599661 f_lik= 2040.0959368224371 f_dc (1e6)= 86.56705762005978 |g_lik|= 4540.021278886743 |g_dc|= 0.5111677600147975
f_dc (1e6): 86.56531394242276  perc: 1.8892463086800964
NMSE:  1.400728018255883
it no: 146 f_tot= 86567353.3294602 f_lik= 2039.3870374407088 f_dc (1e6)= 86.56531394242276 |g_lik|= 4537.240745175479 |g_dc|= 0.5107391328713629
f_dc (1e6): 86.56313308511109  perc: 1.8891987125190224
NMSE:  1.400754513741516
it no: 148 f_tot= 86565170.8703418 f_lik= 2037.785230689503 f_dc (1e6)= 86.56313308511109 |g_lik|= 4541.110022441922 |g_dc|= 0.5088037976666161
f_dc (1e6): 86.56136001040434  perc: 1.889160016017015
NMSE:  1.400780558164981
it no: 150 f_tot= 86563404.57229167 f_lik= 2044.5618873287383 f_dc (1e6)= 86.56136001040434 |g_lik|= 4443.360758874506 |g_dc|= 0.508026366845389
f_dc (1e6): 86.55932735118621  perc: 1.8891156542079972
NMSE:  1.4008064541715903
it no: 152 f_tot= 86561334.35537475 f_lik= 2007.0041885391872 f_dc (1e6)= 86.55932735118621 |g_lik|= 4560.164873822102 |g_dc|= 0.5062778912486944
f_dc (1e6): 86.55760639595904  perc: 1.8890780951885437
NMSE:  1.4008317079917227
it no: 154 f_tot= 86559638.16521996 f_lik= 2031.7692609287444 f_dc (1e6)= 86.55760639595904 |g_lik|= 4704.486217255329 |g_dc|= 0.5056569381308554
f_dc (1e6): 86.5558330772227  perc: 1.8890393933607084
NMSE:  1.4008570680665406
it no: 156 f_tot= 86557869.85252665 f_lik= 2036.775303947812 f_dc (1e6)= 86.5558330772227 |g_lik|= 4545.041902078991 |g_dc|= 0.5048974363376697
f_dc (1e6): 86.55424915393341  perc: 1.8890048249973392
NMSE:  1.4008820012596868
it no: 158 f_tot= 86556320.5656162 f_lik= 2071.4116827973867 f_dc (1e6)= 86.55424915393341 |g_lik|= 4502.3343441047155 |g_dc|= 0.5041466402422887
f_dc (1e6): 86.55238698742934  perc: 1.8889641841097398
NMSE:  1.4009064210752125
it no: 160 f_tot= 86554436.56581648 f_lik= 2049.578387131464 f_dc (1e6)= 86.55238698742934 |g_lik|= 4579.7949478351375 |g_dc|= 0.502485915637971
f_dc (1e6): 86.55101208886836  perc: 1.8889341776104522
NMSE:  1.400930811555173
it no: 162 f_tot= 86553050.20734562 f_lik= 2038.1184772564116 f_dc (1e6)= 86.55101208886836 |g_lik|= 4539.113662451286 |g_dc|= 0.5027383788758448
f_dc (1e6): 86.54929071588957  perc: 1.8888966094737707
NMSE:  1.400954737756939
it no: 164 f_tot= 86551346.945054 f_lik= 2056.2291644159955 f_dc (1e6)= 86.54929071588957 |g_lik|= 4662.126365564629 |g_dc|= 0.5010827933332119
f_dc (1e6): 86.54790994738207  perc: 1.8888664748657258
NMSE:  1.4009786651438918
it no: 166 f_tot= 86549944.40633129 f_lik= 2034.4589492216564 f_dc (1e6)= 86.54790994738207 |g_lik|= 4515.29580525107 |g_dc|= 0.5010499858898402
f_dc (1e6): 86.54640163531248  perc: 1.8888335566808314
NMSE:  1.4010022835918075
it no: 168 f_tot= 86548463.02214305 f_lik= 2061.386830568768 f_dc (1e6)= 86.54640163531248 |g_lik|= 4541.19110667361 |g_dc|= 0.5000740715799654
f_dc (1e6): 86.54509068423869  perc: 1.8888049458046705
NMSE:  1.4010252349882981
it no: 170 f_tot= 86547142.46148221 f_lik= 2051.7772435233705 f_dc (1e6)= 86.54509068423869 |g_lik|= 4496.605299449522 |g_dc|= 0.5000841460468055
f_dc (1e6): 86.54339477820598  perc: 1.8887679334718288
NMSE:  1.4010482918480591
it no: 172 f_tot= 86545416.30047737 f_lik= 2021.5222713897342 f_dc (1e6)= 86.54339477820598 |g_lik|= 4482.891825267185 |g_dc|= 0.4978531396775932
f_dc (1e6): 86.54202239397428  perc: 1.8887379818465675
NMSE:  1.4010713879215897
it no: 174 f_tot= 86544065.15725882 f_lik= 2042.7632845524379 f_dc (1e6)= 86.54202239397428 |g_lik|= 4487.146225091835 |g_dc|= 0.4974737065423646
f_dc (1e6): 86.54058292377573  perc: 1.8887065661023719
NMSE:  1.4010938081705768
it no: 176 f_tot= 86542615.00338908 f_lik= 2032.0796133495512 f_dc (1e6)= 86.54058292377573 |g_lik|= 4522.087107478204 |g_dc|= 0.49639067856209895
f_dc (1e6): 86.53934225507331  perc: 1.8886794891051362
NMSE:  1.4011161041147508
it no: 178 f_tot= 86541402.22794577 f_lik= 2059.972872459775 f_dc (1e6)= 86.53934225507331 |g_lik|= 4542.142711925645 |g_dc|= 0.4963889082430952
f_dc (1e6): 86.53790682464773  perc: 1.8886481615270405
NMSE:  1.4011382227110312
it no: 180 f_tot= 86539944.9283432 f_lik= 2038.1036954607282 f_dc (1e6)= 86.53790682464773 |g_lik|= 4524.49996016908 |g_dc|= 0.49499015845633126
f_dc (1e6): 86.53685552444334  perc: 1.8886252174061218
NMSE:  1.401160072240377
it no: 182 f_tot= 86538892.69716878 f_lik= 2037.172725443159 f_dc (1e6)= 86.53685552444334 |g_lik|= 4507.978741907615 |g_dc|= 0.4954718768720271
f_dc (1e6): 86.535391572312  perc: 1.8885932673555268
NMSE:  1.4011816336882144
it no: 184 f_tot= 86537419.17932497 f_lik= 2027.6070129748753 f_dc (1e6)= 86.535391572312 |g_lik|= 4482.114188746351 |g_dc|= 0.4941356073421926
f_dc (1e6): 86.53426318017566  perc: 1.8885686407403017
NMSE:  1.4012031215632044
it no: 186 f_tot= 86536302.43596934 f_lik= 2039.2557936713808 f_dc (1e6)= 86.53426318017566 |g_lik|= 4458.297834327467 |g_dc|= 0.49361223774332086
f_dc (1e6): 86.53308646481567  perc: 1.88854295949398
NMSE:  1.4012242737962746
it no: 188 f_tot= 86535128.5881276 f_lik= 2042.1233119383312 f_dc (1e6)= 86.53308646481567 |g_lik|= 4592.382145635288 |g_dc|= 0.4929537595276626
f_dc (1e6): 86.53181765476653  perc: 1.8885152683253978
NMSE:  1.4012452325485687
it no: 190 f_tot= 86533864.97954103 f_lik= 2047.324774504162 f_dc (1e6)= 86.53181765476653 |g_lik|= 4593.019175121467 |g_dc|= 0.49239701814018866
f_dc (1e6): 86.53082690344749  perc: 1.888493645654757
NMSE:  1.4012661780605142
it no: 192 f_tot= 86532834.5476656 f_lik= 2007.644218106951 f_dc (1e6)= 86.53082690344749 |g_lik|= 4465.935587995415 |g_dc|= 0.49245754332882147
f_dc (1e6): 86.52983864607312  perc: 1.8884720774132577
NMSE:  1.4012867151799797
it no: 194 f_tot= 86531876.82967025 f_lik= 2038.183597128732 f_dc (1e6)= 86.52983864607312 |g_lik|= 4525.398021712281 |g_dc|= 0.4922712116673358
f_dc (1e6): 86.52848736823633  perc: 1.888442586424906
NMSE:  1.401307014179357
it no: 196 f_tot= 86530546.06738019 f_lik= 2058.699143859318 f_dc (1e6)= 86.52848736823633 |g_lik|= 4618.851346110507 |g_dc|= 0.49095047139291503
f_dc (1e6): 86.5277768711887  perc: 1.8884270801688383
NMSE:  1.4013269987951391
it no: 198 f_tot= 86529798.17209688 f_lik= 2021.3009081740606 f_dc (1e6)= 86.5277768711887 |g_lik|= 4462.677750397077 |g_dc|= 0.49193070964058727
f_dc (1e6): 86.52627188004054  perc: 1.8883942344614557
NMSE:  1.401347261822795
it no: 200 f_tot= 86528308.37554038 f_lik= 2036.4954998415992 f_dc (1e6)= 86.52627188004054 |g_lik|= 4490.657014164521 |g_dc|= 0.4890514661566432
f_dc (1e6): 86.52552687811561  perc: 1.8883779751530498
NMSE:  1.4013665955565444
it no: 202 f_tot= 86527579.03059205 f_lik= 2052.152476450602 f_dc (1e6)= 86.52552687811561 |g_lik|= 4492.295379181699 |g_dc|= 0.49005091022886443
f_dc (1e6): 86.52422461478352  perc: 1.8883495538826698
NMSE:  1.4013866302199252
it no: 204 f_tot= 86526285.0415575 f_lik= 2060.4267739849997 f_dc (1e6)= 86.52422461478352 |g_lik|= 4536.682640660709 |g_dc|= 0.4880603969557437
f_dc (1e6): 86.52359392538435  perc: 1.8883357893901145
NMSE:  1.401405778344147
it no: 206 f_tot= 86525654.92592084 f_lik= 2061.0005364944823 f_dc (1e6)= 86.52359392538435 |g_lik|= 4496.857302109187 |g_dc|= 0.48932739461098074
f_dc (1e6): 86.52237748835265  perc: 1.888309241237428
NMSE:  1.401425325985578
it no: 208 f_tot= 86524403.57965888 f_lik= 2026.0913062431698 f_dc (1e6)= 86.52237748835265 |g_lik|= 4525.596922709643 |g_dc|= 0.4878242559915414
f_dc (1e6): 86.52159646034369  perc: 1.8882921956770795
NMSE:  1.4014442791521888
it no: 210 f_tot= 86523612.9168304 f_lik= 2016.4564867101396 f_dc (1e6)= 86.52159646034369 |g_lik|= 4368.356976481172 |g_dc|= 0.4881356951262404
f_dc (1e6): 86.52051134808912  perc: 1.8882685136244413
NMSE:  1.4014634657804061
it no: 212 f_tot= 86522555.46491735 f_lik= 2044.1168282322656 f_dc (1e6)= 86.52051134808912 |g_lik|= 4498.390109950058 |g_dc|= 0.4864477313415131
f_dc (1e6): 86.51972259882103  perc: 1.8882512995513285
NMSE:  1.4014821326063018
it no: 214 f_tot= 86521749.66180083 f_lik= 2027.0629798008147 f_dc (1e6)= 86.51972259882103 |g_lik|= 4498.016168646072 |g_dc|= 0.4868001111856947
f_dc (1e6): 86.51878825766802  perc: 1.8882309080054083
NMSE:  1.401501191901232
it no: 216 f_tot= 86520820.41910747 f_lik= 2032.1614394523983 f_dc (1e6)= 86.51878825766802 |g_lik|= 4413.5167862278895 |g_dc|= 0.48625298765496433
f_dc (1e6): 86.51797952726847  perc: 1.8882132578537194
NMSE:  1.4015198954742023
it no: 218 f_tot= 86520013.06136534 f_lik= 2033.534096872239 f_dc (1e6)= 86.51797952726847 |g_lik|= 4459.703489081485 |g_dc|= 0.4859333372403602
f_dc (1e6): 86.51689807847171  perc: 1.888189655754284
NMSE:  1.401538788008081
it no: 220 f_tot= 86518929.80156274 f_lik= 2031.723091031029 f_dc (1e6)= 86.51689807847171 |g_lik|= 4487.591302039767 |g_dc|= 0.4849959144633502
f_dc (1e6): 86.51617007524995  perc: 1.8881737674343926
NMSE:  1.4015572091163389
it no: 222 f_tot= 86518182.96135904 f_lik= 2012.8861091055755 f_dc (1e6)= 86.51617007524995 |g_lik|= 4429.428148980158 |g_dc|= 0.48499689800925916
f_dc (1e6): 86.5152837907275  perc: 1.8881544247013025
NMSE:  1.401575483944688
it no: 224 f_tot= 86517330.61577602 f_lik= 2046.8250485156832 f_dc (1e6)= 86.5152837907275 |g_lik|= 4474.02463369421 |g_dc|= 0.4842231036562265
f_dc (1e6): 86.51449647713277  perc: 1.8881372419610698
NMSE:  1.4015933907669558
it no: 226 f_tot= 86516504.26710898 f_lik= 2007.7899762108214 f_dc (1e6)= 86.51449647713277 |g_lik|= 4419.470356770488 |g_dc|= 0.48384075990678355
f_dc (1e6): 86.51369950574038  perc: 1.8881198484440522
NMSE:  1.4016114457684803
it no: 228 f_tot= 86515762.49863017 f_lik= 2062.9928897857667 f_dc (1e6)= 86.51369950574038 |g_lik|= 4494.039123150036 |g_dc|= 0.4837349325987641
f_dc (1e6): 86.51294217286025  perc: 1.8881033200184845
NMSE:  1.4016292408545987
it no: 230 f_tot= 86514944.04695123 f_lik= 2001.8740909917015 f_dc (1e6)= 86.51294217286025 |g_lik|= 4448.347289133669 |g_dc|= 0.4832380925409352
f_dc (1e6): 86.51207128666121  perc: 1.8880843133463907
NMSE:  1.4016470286158516
it no: 232 f_tot= 86514095.53562973 f_lik= 2024.2489685240246 f_dc (1e6)= 86.51207128666121 |g_lik|= 4498.05415829964 |g_dc|= 0.4827770430470701
f_dc (1e6): 86.51145622244998  perc: 1.888070889866041
NMSE:  1.401664452525011
it no: 234 f_tot= 86513497.58400352 f_lik= 2041.3615535463605 f_dc (1e6)= 86.51145622244998 |g_lik|= 4563.457625751749 |g_dc|= 0.4832074239685938
f_dc (1e6): 86.51045074044926  perc: 1.8880489457053629
NMSE:  1.4016819038718855
it no: 236 f_tot= 86512481.94869238 f_lik= 2031.2082431139265 f_dc (1e6)= 86.51045074044926 |g_lik|= 4507.805387946689 |g_dc|= 0.4817625844796438
f_dc (1e6): 86.51002120935445  perc: 1.8880395713959728
NMSE:  1.4016991344454708
it no: 238 f_tot= 86512047.1447058 f_lik= 2025.9353513590495 f_dc (1e6)= 86.51002120935445 |g_lik|= 4355.185468951541 |g_dc|= 0.4824912760966361
f_dc (1e6): 86.50896395145631  perc: 1.8880164972512559
NMSE:  1.4017165324765726
it no: 240 f_tot= 86510987.80902864 f_lik= 2023.8575723248437 f_dc (1e6)= 86.50896395145631 |g_lik|= 4442.78815669924 |g_dc|= 0.4807940700396481
f_dc (1e6): 86.50845830259884  perc: 1.8880054617083353
NMSE:  1.401733257867812
it no: 242 f_tot= 86510514.69554542 f_lik= 2056.3929465920583 f_dc (1e6)= 86.50845830259884 |g_lik|= 4521.64528905281 |g_dc|= 0.4810921544825344
f_dc (1e6): 86.50761752223589  perc: 1.8879871120816225
NMSE:  1.4017500936637757
it no: 244 f_tot= 86509649.03146397 f_lik= 2031.5092280801136 f_dc (1e6)= 86.50761752223589 |g_lik|= 4550.680424620866 |g_dc|= 0.48092621751432424
f_dc (1e6): 86.5071716935903  perc: 1.8879773820860315
NMSE:  1.4017669778075248
it no: 246 f_tot= 86509200.4446895 f_lik= 2028.7510991995675 f_dc (1e6)= 86.5071716935903 |g_lik|= 4532.796798790003 |g_dc|= 0.48132208758511447
f_dc (1e6): 86.50669273101465  perc: 1.887966928958366
NMSE:  1.4017833603651293
it no: 248 f_tot= 86508713.53235622 f_lik= 2020.8013415636335 f_dc (1e6)= 86.50669273101465 |g_lik|= 4579.013197117773 |g_dc|= 0.48255604585899026
f_dc (1e6): 86.50584793331535  perc: 1.8879484916552214
NMSE:  1.4018000517521385
it no: 250 f_tot= 86507891.1450319 f_lik= 2043.2117165483746 f_dc (1e6)= 86.50584793331535 |g_lik|= 4520.276302817622 |g_dc|= 0.48064203335334393
f_dc (1e6): 86.50506425154371  perc: 1.8879313881777795
NMSE:  1.4018165805043477
it no: 252 f_tot= 86507110.05279112 f_lik= 2045.8012474060058 f_dc (1e6)= 86.50506425154371 |g_lik|= 4557.746871847899 |g_dc|= 0.48018407761775334
f_dc (1e6): 86.50459118334842  perc: 1.8879210636921282
NMSE:  1.401832600567781
it no: 254 f_tot= 86506637.23325253 f_lik= 2046.049904105777 f_dc (1e6)= 86.50459118334842 |g_lik|= 4482.9693023087775 |g_dc|= 0.48036315454723305
f_dc (1e6): 86.50383711480514  perc: 1.8879046065091407
NMSE:  1.4018488112219103
it no: 256 f_tot= 86505869.13470936 f_lik= 2032.0199042220343 f_dc (1e6)= 86.50383711480514 |g_lik|= 4529.593811637489 |g_dc|= 0.47955514902674723
f_dc (1e6): 86.50337148461612  perc: 1.8878944443543964
NMSE:  1.401864674321812
it no: 258 f_tot= 86505419.14664756 f_lik= 2047.6620314243862 f_dc (1e6)= 86.50337148461612 |g_lik|= 4468.768065604718 |g_dc|= 0.4799285681299737
f_dc (1e6): 86.50254103013576  perc: 1.8878763200851008
NMSE:  1.401880623605834
it no: 260 f_tot= 86504590.23109561 f_lik= 2049.200959839594 f_dc (1e6)= 86.50254103013576 |g_lik|= 4453.709918129113 |g_dc|= 0.47855651045540365
f_dc (1e6): 86.50218186922868  perc: 1.887868481571185
NMSE:  1.4018966245190625
it no: 262 f_tot= 86504208.26572116 f_lik= 2026.3964924849784 f_dc (1e6)= 86.50218186922868 |g_lik|= 4453.65016340944 |g_dc|= 0.4791139549745771
f_dc (1e6): 86.50132195798366  perc: 1.8878497144221802
NMSE:  1.4019127275601624
it no: 264 f_tot= 86503362.338012 f_lik= 2040.380028337297 f_dc (1e6)= 86.50132195798366 |g_lik|= 4477.4688707763735 |g_dc|= 0.4784546221011509
f_dc (1e6): 86.50096576051781  perc: 1.8878419405839435
NMSE:  1.4019285125258878
it no: 266 f_tot= 86502990.97114456 f_lik= 2025.2106267293295 f_dc (1e6)= 86.50096576051781 |g_lik|= 4405.801946332807 |g_dc|= 0.47853134145958887
f_dc (1e6): 86.50021518415063  perc: 1.8878255596160187
NMSE:  1.4019444653708555
it no: 268 f_tot= 86502242.04797769 f_lik= 2026.8638270478023 f_dc (1e6)= 86.50021518415063 |g_lik|= 4491.934693641673 |g_dc|= 0.47785142327012065
f_dc (1e6): 86.49987855529983  perc: 1.8878182128533858
NMSE:  1.4019600506486558
it no: 270 f_tot= 86501893.24969003 f_lik= 2014.6943901897612 f_dc (1e6)= 86.49987855529983 |g_lik|= 4484.531647954044 |g_dc|= 0.47836608154513904
f_dc (1e6): 86.49927677374522  perc: 1.8878050792606234
NMSE:  1.4019754958702721
it no: 272 f_tot= 86501315.4965056 f_lik= 2038.7227603794279 f_dc (1e6)= 86.49927677374522 |g_lik|= 4491.519388330041 |g_dc|= 0.47834656450503105
f_dc (1e6): 86.49858613487967  perc: 1.8877900063998212
NMSE:  1.401990789605625
it no: 274 f_tot= 86500607.62312321 f_lik= 2021.488243539901 f_dc (1e6)= 86.49858613487967 |g_lik|= 4445.827136018396 |g_dc|= 0.4772877401410993
f_dc (1e6): 86.49822928882382  perc: 1.8877822184064197
NMSE:  1.4020064185677579
it no: 276 f_tot= 86500277.62190156 f_lik= 2048.333077733176 f_dc (1e6)= 86.49822928882382 |g_lik|= 4455.011976882719 |g_dc|= 0.47826087710391546
f_dc (1e6): 86.49730188337372  perc: 1.8877619782288764
NMSE:  1.4020217936797912
it no: 278 f_tot= 86499335.23164956 f_lik= 2033.348275837217 f_dc (1e6)= 86.49730188337372 |g_lik|= 4503.274275577251 |g_dc|= 0.4762601175502679
f_dc (1e6): 86.49695948803101  perc: 1.8877545056153333
NMSE:  1.4020372878697134
it no: 280 f_tot= 86499012.14415814 f_lik= 2052.6561271304176 f_dc (1e6)= 86.49695948803101 |g_lik|= 4369.203141566623 |g_dc|= 0.47684694851660514
f_dc (1e6): 86.49643269102101  perc: 1.887743008524163
NMSE:  1.4020523512589946
it no: 282 f_tot= 86498461.22734837 f_lik= 2028.5363273620605 f_dc (1e6)= 86.49643269102101 |g_lik|= 4441.4076892433 |g_dc|= 0.4765627034716116
f_dc (1e6): 86.49588415041752  perc: 1.8877310368895315
NMSE:  1.4020672534313494
it no: 284 f_tot= 86497907.01537944 f_lik= 2022.864961921147 f_dc (1e6)= 86.49588415041752 |g_lik|= 4443.281401652354 |g_dc|= 0.47598349228686676
f_dc (1e6): 86.49539263138259  perc: 1.887720309723186
NMSE:  1.4020826528083818
it no: 286 f_tot= 86497420.38787778 f_lik= 2027.7564951951163 f_dc (1e6)= 86.49539263138259 |g_lik|= 4526.533227313891 |g_dc|= 0.4758004964493665
f_dc (1e6): 86.4948475741286  perc: 1.8877084141109803
NMSE:  1.402097542162115
it no: 288 f_tot= 86496856.47123016 f_lik= 2008.8971015712193 f_dc (1e6)= 86.4948475741286 |g_lik|= 4593.928113481012 |g_dc|= 0.47609590284271114
f_dc (1e6): 86.49452685972534  perc: 1.887701414673505
NMSE:  1.4021125746934415
it no: 290 f_tot= 86496551.10238098 f_lik= 2024.2426556360153 f_dc (1e6)= 86.49452685972534 |g_lik|= 4549.79872623623 |g_dc|= 0.4764836576002929
f_dc (1e6): 86.49389151994745  perc: 1.8876875486886726
NMSE:  1.4021271551945984
it no: 292 f_tot= 86495925.94422983 f_lik= 2034.4242823682512 f_dc (1e6)= 86.49389151994745 |g_lik|= 4539.253169972584 |g_dc|= 0.4759422100103938
f_dc (1e6): 86.49357978920851  perc: 1.8876807453153464
NMSE:  1.402141689830003
it no: 294 f_tot= 86495599.88414186 f_lik= 2020.0949333481562 f_dc (1e6)= 86.49357978920851 |g_lik|= 4418.116858142197 |g_dc|= 0.47610456511025595
f_dc (1e6): 86.49283243525859  perc: 1.8876644346751275
NMSE:  1.4021563838478044
it no: 296 f_tot= 86494859.04343654 f_lik= 2026.6081779489064 f_dc (1e6)= 86.49283243525859 |g_lik|= 4427.691675519505 |g_dc|= 0.47481518894132385
f_dc (1e6): 86.49250722074554  perc: 1.8876573370249214
NMSE:  1.4021707907754601
it no: 298 f_tot= 86494541.44768009 f_lik= 2034.226934552874 f_dc (1e6)= 86.49250722074554 |g_lik|= 4418.266556636559 |g_dc|= 0.47493828815358347
f_dc (1e6): 86.49187924283967  perc: 1.8876436317094027
NMSE:  1.402184894550571
it no: 300 f_tot= 86493906.3539511 f_lik= 2027.111111414546 f_dc (1e6)= 86.49187924283967 |g_lik|= 4459.710031000081 |g_dc|= 0.47443025463212357
f_dc (1e6): 86.49166758199712  perc: 1.8876390123133966
NMSE:  1.4021995531419547
it no: 302 f_tot= 86493709.77451527 f_lik= 2042.1925181506929 f_dc (1e6)= 86.49166758199712 |g_lik|= 4383.680772680766 |g_dc|= 0.4752530959297086
f_dc (1e6): 86.49115453132151  perc: 1.8876278152293575
NMSE:  1.4022139581354671
it no: 304 f_tot= 86493201.64201224 f_lik= 2047.110690730867 f_dc (1e6)= 86.49115453132151 |g_lik|= 4382.8208247993 |g_dc|= 0.47461503393390764
f_dc (1e6): 86.49051576875016  perc: 1.8876138745437054
NMSE:  1.4022282223873321
it no: 306 f_tot= 86492535.36325815 f_lik= 2019.594507998512 f_dc (1e6)= 86.49051576875016 |g_lik|= 4462.747724938703 |g_dc|= 0.47373200149963507
f_dc (1e6): 86.49012049310987  perc: 1.8876052478431218
NMSE:  1.4022427025269906
it no: 308 f_tot= 86492141.05993298 f_lik= 2020.5668231173925 f_dc (1e6)= 86.49012049310987 |g_lik|= 4434.431583864506 |g_dc|= 0.4739310185024165
f_dc (1e6): 86.48975493345868  perc: 1.8875972696796965
NMSE:  1.4022567913225394
it no: 310 f_tot= 86491786.40174869 f_lik= 2031.4682899951936 f_dc (1e6)= 86.48975493345868 |g_lik|= 4353.746657125064 |g_dc|= 0.4737961697851301
f_dc (1e6): 86.48912313981796  perc: 1.8875834810876007
NMSE:  1.4022710468144701
it no: 312 f_tot= 86491145.35206245 f_lik= 2022.2122444736958 f_dc (1e6)= 86.48912313981796 |g_lik|= 4480.7228004159315 |g_dc|= 0.4730564320481428
f_dc (1e6): 86.48883805075198  perc: 1.8875772591559632
NMSE:  1.4022851898072166
it no: 314 f_tot= 86490866.03152794 f_lik= 2027.9807759475707 f_dc (1e6)= 86.48883805075198 |g_lik|= 4494.1819096525305 |g_dc|= 0.47318414706038286
f_dc (1e6): 86.48845869775172  perc: 1.8875689799593336
NMSE:  1.4022992825374767
it no: 316 f_tot= 86490483.90656574 f_lik= 2025.2088140160697 f_dc (1e6)= 86.48845869775172 |g_lik|= 4511.199391709031 |g_dc|= 0.47355079023001656
f_dc (1e6): 86.48823167276598  perc: 1.8875640252482975
NMSE:  1.4023128951785169
it no: 318 f_tot= 86490268.10347778 f_lik= 2036.4307118079776 f_dc (1e6)= 86.48823167276598 |g_lik|= 4498.0054945556685 |g_dc|= 0.4740226132584283
f_dc (1e6): 86.48763586347204  perc: 1.8875510219972493
NMSE:  1.4023267609362065
it no: 320 f_tot= 86489664.0042315 f_lik= 2028.1407594680786 f_dc (1e6)= 86.48763586347204 |g_lik|= 4439.71480053467 |g_dc|= 0.4731434618711281
f_dc (1e6): 86.48746982008045  perc: 1.8875473981801532
NMSE:  1.40234057478633
it no: 322 f_tot= 86489485.07066038 f_lik= 2015.2505799369585 f_dc (1e6)= 86.48746982008045 |g_lik|= 4455.357055018231 |g_dc|= 0.47363402093633666
f_dc (1e6): 86.48680722664297  perc: 1.8875329373973186
NMSE:  1.4023542019827595
it no: 324 f_tot= 86488846.09525524 f_lik= 2038.8686122748966 f_dc (1e6)= 86.48680722664297 |g_lik|= 4465.198292362504 |g_dc|= 0.47253617608595155
f_dc (1e6): 86.48660252013971  perc: 1.8875284697764203
NMSE:  1.4023679190757568
it no: 326 f_tot= 86488619.56027736 f_lik= 2017.04013764336 f_dc (1e6)= 86.48660252013971 |g_lik|= 4468.080271489723 |g_dc|= 0.47283084698999583
f_dc (1e6): 86.48608285030092  perc: 1.887517128232331
NMSE:  1.4023816526454267
it no: 328 f_tot= 86488109.0420757 f_lik= 2026.1917747708162 f_dc (1e6)= 86.48608285030092 |g_lik|= 4577.598330375242 |g_dc|= 0.4724035697713205
f_dc (1e6): 86.48594696250804  perc: 1.8875141625466607
NMSE:  1.4023953114516667
it no: 330 f_tot= 86487990.92934026 f_lik= 2043.9668322263444 f_dc (1e6)= 86.48594696250804 |g_lik|= 4439.4088016130445 |g_dc|= 0.47306604489802045
f_dc (1e6): 86.48557089585174  perc: 1.887505955072906
NMSE:  1.4024087772681335
it no: 332 f_tot= 86487620.73534 f_lik= 2049.839488272894 f_dc (1e6)= 86.48557089585174 |g_lik|= 4392.449978474247 |g_dc|= 0.47286346815795
f_dc (1e6): 86.48492874198215  perc: 1.8874919403738026
NMSE:  1.4024220790872703
it no: 334 f_tot= 86486948.63010745 f_lik= 2019.8881252951849 f_dc (1e6)= 86.48492874198215 |g_lik|= 4512.812757281461 |g_dc|= 0.4714596936114612
f_dc (1e6): 86.4847913162915  perc: 1.887488941124254
NMSE:  1.402435423243862
it no: 336 f_tot= 86486835.66644217 f_lik= 2044.3501506551106 f_dc (1e6)= 86.4847913162915 |g_lik|= 4559.412539808043 |g_dc|= 0.4723663931111189
f_dc (1e6): 86.48440773592282  perc: 1.8874805696673433
NMSE:  1.4024487239569667
it no: 338 f_tot= 86486440.3339204 f_lik= 2032.5979975836617 f_dc (1e6)= 86.48440773592282 |g_lik|= 4506.891971150891 |g_dc|= 0.4725924804838283
f_dc (1e6): 86.48401534405023  perc: 1.8874720059036016
NMSE:  1.402462498491009
it no: 340 f_tot= 86486071.4475225 f_lik= 2056.1034722845893 f_dc (1e6)= 86.48401534405023 |g_lik|= 4528.058476721016 |g_dc|= 0.47224185044871103
f_dc (1e6): 86.4838213025332  perc: 1.8874677710408938
NMSE:  1.4024754661774328
it no: 342 f_tot= 86485861.34369425 f_lik= 2040.0411610648746 f_dc (1e6)= 86.4838213025332 |g_lik|= 4524.6107782747085 |g_dc|= 0.472694334469177
f_dc (1e6): 86.48330671501566  perc: 1.8874565404160197
NMSE:  1.402488895372955
it no: 344 f_tot= 86485357.83695807 f_lik= 2051.121942403884 f_dc (1e6)= 86.48330671501566 |g_lik|= 4452.742428586452 |g_dc|= 0.47169415108575763
f_dc (1e6): 86.48310932439587  perc: 1.8874522324607566
NMSE:  1.4025018171540755
it no: 346 f_tot= 86485149.33769946 f_lik= 2040.0133035954975 f_dc (1e6)= 86.48310932439587 |g_lik|= 4454.978481918356 |g_dc|= 0.47188009022399124
f_dc (1e6): 86.48271881180708  perc: 1.8874437097114791
NMSE:  1.4025149784427275
it no: 348 f_tot= 86484750.79057395 f_lik= 2031.978766879127 f_dc (1e6)= 86.48271881180708 |g_lik|= 4588.220917422358 |g_dc|= 0.4723942845150421
f_dc (1e6): 86.48245899299786  perc: 1.8874380392910317
NMSE:  1.402528064721351
it no: 350 f_tot= 86484500.09276402 f_lik= 2041.0997661517915 f_dc (1e6)= 86.48245899299786 |g_lik|= 4421.921758923195 |g_dc|= 0.4715945033948834
f_dc (1e6): 86.48178108561679  perc: 1.887423244288749
NMSE:  1.4025412990792574
it no: 352 f_tot= 86483821.70446245 f_lik= 2040.6188456653413 f_dc (1e6)= 86.48178108561679 |g_lik|= 4486.255586298255 |g_dc|= 0.4705237133060094
f_dc (1e6): 86.4817997595586  perc: 1.8874236518385408
NMSE:  1.4025541970884776
it no: 354 f_tot= 86483839.30434898 f_lik= 2039.544790367853 f_dc (1e6)= 86.4817997595586 |g_lik|= 4450.798546953957 |g_dc|= 0.47170051778015687
f_dc (1e6): 86.48117695888084  perc: 1.887410059513533
NMSE:  1.4025673589717154
it no: 356 f_tot= 86483209.66641483 f_lik= 2032.70753397987 f_dc (1e6)= 86.48117695888084 |g_lik|= 4469.954356638291 |g_dc|= 0.4705073427912389
f_dc (1e6): 86.48109731405087  perc: 1.8874083213034558
NMSE:  1.402579902323724
it no: 358 f_tot= 86483122.16190313 f_lik= 2024.8478522636776 f_dc (1e6)= 86.48109731405087 |g_lik|= 4361.631626858492 |g_dc|= 0.47147277520401254
f_dc (1e6): 86.4804152207354  perc: 1.8873934349451704
NMSE:  1.402593068103577
it no: 360 f_tot= 86482461.72449544 f_lik= 2046.5037600390117 f_dc (1e6)= 86.4804152207354 |g_lik|= 4406.59402586755 |g_dc|= 0.4696099844876126
f_dc (1e6): 86.48026841699131  perc: 1.8873902310241195
NMSE:  1.402605774678336
it no: 362 f_tot= 86482319.71275379 f_lik= 2051.295762479873 f_dc (1e6)= 86.48026841699131 |g_lik|= 4355.288469627176 |g_dc|= 0.47024898599330334
f_dc (1e6): 86.47985443336682  perc: 1.8873811960307854
NMSE:  1.4026189890452276
it no: 364 f_tot= 86481880.57301068 f_lik= 2026.1396438580468 f_dc (1e6)= 86.47985443336682 |g_lik|= 4374.500525446393 |g_dc|= 0.46967230395634535
f_dc (1e6): 86.4796005497691  perc: 1.887375655143472
NMSE:  1.4026317359504687
it no: 366 f_tot= 86481634.18992245 f_lik= 2033.6401533553715 f_dc (1e6)= 86.4796005497691 |g_lik|= 4384.079863986032 |g_dc|= 0.4698668293037819
f_dc (1e6): 86.47925048436203  perc: 1.8873680151344663
NMSE:  1.402644280527841
it no: 368 f_tot= 86481273.25451535 f_lik= 2022.7701533328918 f_dc (1e6)= 86.47925048436203 |g_lik|= 4357.623914414147 |g_dc|= 0.4695711341153891
f_dc (1e6): 86.47903685441993  perc: 1.8873633527638105
NMSE:  1.4026568347435593
it no: 370 f_tot= 86481081.60436602 f_lik= 2044.749946085612 f_dc (1e6)= 86.47903685441993 |g_lik|= 4328.365798107653 |g_dc|= 0.4698231995630736
f_dc (1e6): 86.4785819161643  perc: 1.8873534239553653
NMSE:  1.4026697740512546
it no: 372 f_tot= 86480602.52534957 f_lik= 2020.609185260591 f_dc (1e6)= 86.4785819161643 |g_lik|= 4290.497719553125 |g_dc|= 0.46898824961047414
f_dc (1e6): 86.47832780763486  perc: 1.8873478781590254
NMSE:  1.4026825876709408
it no: 374 f_tot= 86480352.11180747 f_lik= 2024.3041725994292 f_dc (1e6)= 86.47832780763486 |g_lik|= 4339.1670202402165 |g_dc|= 0.468930146315999
f_dc (1e6): 86.47793843805744  perc: 1.8873393803554206
NMSE:  1.402695511669937
it no: 376 f_tot= 86479963.47394456 f_lik= 2025.035887121473 f_dc (1e6)= 86.47793843805744 |g_lik|= 4397.806257434142 |g_dc|= 0.46871726555216914
f_dc (1e6): 86.47768097483305  perc: 1.8873337613444778
NMSE:  1.4027080297536172
it no: 378 f_tot= 86479723.1530961 f_lik= 2042.1782630357288 f_dc (1e6)= 86.47768097483305 |g_lik|= 4397.272430365112 |g_dc|= 0.4689316473148651
f_dc (1e6): 86.47735282252891  perc: 1.8873265995783959
NMSE:  1.402720853349246
it no: 380 f_tot= 86479384.64236155 f_lik= 2031.8198326401484 f_dc (1e6)= 86.47735282252891 |g_lik|= 4415.590473893053 |g_dc|= 0.4687915086113467
f_dc (1e6): 86.47704603229212  perc: 1.8873199040291513
NMSE:  1.4027331868290744
it no: 382 f_tot= 86479056.94919786 f_lik= 2010.916905729203 f_dc (1e6)= 86.47704603229212 |g_lik|= 4487.081185944037 |g_dc|= 0.46876409405864067
f_dc (1e6): 86.47675725813701  perc: 1.8873136016722167
NMSE:  1.4027461441448843
it no: 384 f_tot= 86478797.93414302 f_lik= 2040.6760060046968 f_dc (1e6)= 86.47675725813701 |g_lik|= 4469.6165787076025 |g_dc|= 0.46865139320312355
f_dc (1e6): 86.47648022149504  perc: 1.887307555480857
NMSE:  1.4027584276095266
it no: 386 f_tot= 86478503.85753807 f_lik= 2023.6360430435907 f_dc (1e6)= 86.47648022149504 |g_lik|= 4509.5787584337095 |g_dc|= 0.46884916707371116
f_dc (1e6): 86.47613639338928  perc: 1.8873000515979501
NMSE:  1.4027712179119198
it no: 388 f_tot= 86478167.93807359 f_lik= 2031.5446843065533 f_dc (1e6)= 86.47613639338928 |g_lik|= 4624.048465368829 |g_dc|= 0.4685900094657288
f_dc (1e6): 86.47583975587497  perc: 1.8872935776269866
NMSE:  1.4027836656374806
it no: 390 f_tot= 86477881.1745423 f_lik= 2041.4186673191616 f_dc (1e6)= 86.47583975587497 |g_lik|= 4467.165475115585 |g_dc|= 0.4688310092873422
f_dc (1e6): 86.47581549258214  perc: 1.8872930480922996
NMSE:  1.4027963256025668
it no: 392 f_tot= 86477844.40179455 f_lik= 2028.9092124067033 f_dc (1e6)= 86.47581549258214 |g_lik|= 4468.293511844877 |g_dc|= 0.4695230626573036
f_dc (1e6): 86.47523305966372  perc: 1.8872803367742086
NMSE:  1.4028086291089048
it no: 394 f_tot= 86477274.58302437 f_lik= 2041.5233606374832 f_dc (1e6)= 86.47523305966372 |g_lik|= 4501.77770265768 |g_dc|= 0.46847582903475354
f_dc (1e6): 86.47498333697611  perc: 1.8872748866967548
NMSE:  1.4028211467543397
it no: 396 f_tot= 86477023.15069917 f_lik= 2039.8137230541593 f_dc (1e6)= 86.47498333697611 |g_lik|= 4323.548402872841 |g_dc|= 0.467965264087111
f_dc (1e6): 86.47464179969414  perc: 1.8872674328099746
NMSE:  1.4028332710670564
it no: 398 f_tot= 86476699.88450615 f_lik= 2058.0848120208016 f_dc (1e6)= 86.47464179969414 |g_lik|= 4306.508850974801 |g_dc|= 0.4677057103112084
f_dc (1e6): 86.47434103737666  perc: 1.887260868817167
NMSE:  1.4028459510559554
it no: 400 f_tot= 86476346.86964607 f_lik= 2005.8322694169908 f_dc (1e6)= 86.47434103737666 |g_lik|= 4334.222460015428 |g_dc|= 0.46713704532181255
f_dc (1e6): 86.47401470510167  perc: 1.887253746772345
NMSE:  1.4028579431168695
it no: 402 f_tot= 86476044.357709 f_lik= 2029.6526073292323 f_dc (1e6)= 86.47401470510167 |g_lik|= 4311.629557822541 |g_dc|= 0.46696749692941386
f_dc (1e6): 86.47380543979871  perc: 1.887249179657838
NMSE:  1.4028702766910965
it no: 404 f_tot= 86475839.46994963 f_lik= 2034.0301509221395 f_dc (1e6)= 86.47380543979871 |g_lik|= 4337.313228350362 |g_dc|= 0.4669713368052267
f_dc (1e6): 86.47339773647465  perc: 1.8872402817290375
NMSE:  1.4028824505351554
it no: 406 f_tot= 86475427.58940491 f_lik= 2029.8529302569798 f_dc (1e6)= 86.47339773647465 |g_lik|= 4401.415159637996 |g_dc|= 0.4665422682893203
f_dc (1e6): 86.47326270619449  perc: 1.88723733475817
NMSE:  1.402894715777341
it no: 408 f_tot= 86475292.73719041 f_lik= 2030.0309959248134 f_dc (1e6)= 86.47326270619449 |g_lik|= 4371.846992676749 |g_dc|= 0.4668278159877169
f_dc (1e6): 86.47285732015479  perc: 1.8872284874029852
NMSE:  1.4029070886272903
it no: 410 f_tot= 86474876.30018456 f_lik= 2018.980029783703 f_dc (1e6)= 86.47285732015479 |g_lik|= 4463.632177311434 |g_dc|= 0.466512845215012
f_dc (1e6): 86.47289896659873  perc: 1.887229396316578
NMSE:  1.4029192379505242
it no: 412 f_tot= 86474942.34574276 f_lik= 2043.3791440300715 f_dc (1e6)= 86.47289896659873 |g_lik|= 4418.578558328347 |g_dc|= 0.4675865024179181
f_dc (1e6): 86.47270065852781  perc: 1.8872250683383855
NMSE:  1.4029312014346327
it no: 414 f_tot= 86474739.33407421 f_lik= 2038.6755464045207 f_dc (1e6)= 86.47270065852781 |g_lik|= 4377.732193048108 |g_dc|= 0.4678617038386982
f_dc (1e6): 86.47213043713536  perc: 1.887212623530971
NMSE:  1.402943864242424
it no: 416 f_tot= 86474154.05659777 f_lik= 2023.6194623956226 f_dc (1e6)= 86.47213043713536 |g_lik|= 4345.125881600139 |g_dc|= 0.46628250119888454
f_dc (1e6): 86.47192685028047  perc: 1.8872081803458587
NMSE:  1.402955966657122
it no: 418 f_tot= 86473943.97001547 f_lik= 2017.1197350038801 f_dc (1e6)= 86.47192685028047 |g_lik|= 4371.619831658771 |g_dc|= 0.4662358445497402
f_dc (1e6): 86.47153282973831  perc: 1.8871995810371875
NMSE:  1.4029683200617749
it no: 420 f_tot= 86473573.25952597 f_lik= 2040.4297876723608 f_dc (1e6)= 86.47153282973831 |g_lik|= 4514.724481770643 |g_dc|= 0.46588181165535697
f_dc (1e6): 86.47151509903705  perc: 1.8871991940731674
NMSE:  1.402980365986788
it no: 422 f_tot= 86473552.40038054 f_lik= 2037.3013434927805 f_dc (1e6)= 86.47151509903705 |g_lik|= 4436.525916128508 |g_dc|= 0.4671977038632693
f_dc (1e6): 86.47105301975071  perc: 1.8871891094151643
NMSE:  1.402992482900462
it no: 424 f_tot= 86473102.30917029 f_lik= 2049.289419569742 f_dc (1e6)= 86.47105301975071 |g_lik|= 4520.706881407809 |g_dc|= 0.4662360789636292
f_dc (1e6): 86.47089804864048  perc: 1.8871857272452786
NMSE:  1.4030044999267457
it no: 426 f_tot= 86472907.50803961 f_lik= 2009.4593991361346 f_dc (1e6)= 86.47089804864048 |g_lik|= 4377.812346149391 |g_dc|= 0.46654962192558214
f_dc (1e6): 86.47055386715147  perc: 1.8871782156499524
NMSE:  1.4030168642354097
it no: 428 f_tot= 86472582.99219683 f_lik= 2029.125045365833 f_dc (1e6)= 86.47055386715147 |g_lik|= 4475.580422640704 |g_dc|= 0.4659792620359848
f_dc (1e6): 86.47032127142239  perc: 1.8871731393601248
NMSE:  1.4030285977692818
it no: 430 f_tot= 86472330.7472514 f_lik= 2009.4758290209088 f_dc (1e6)= 86.47032127142239 |g_lik|= 4471.233544129765 |g_dc|= 0.46607814566336286
f_dc (1e6): 86.46996655839696  perc: 1.8871653979190857
NMSE:  1.403040627933092
it no: 432 f_tot= 86471997.22899774 f_lik= 2030.6706007739476 f_dc (1e6)= 86.46996655839696 |g_lik|= 4434.925773193719 |g_dc|= 0.46573040349182226
f_dc (1e6): 86.47007250490381  perc: 1.8871677101506004
NMSE:  1.4030526010774067
it no: 434 f_tot= 86472079.01370269 f_lik= 2006.5087988853454 f_dc (1e6)= 86.47007250490381 |g_lik|= 4379.430533011639 |g_dc|= 0.46730999552891794
f_dc (1e6): 86.46952746377377  perc: 1.887155814890292
NMSE:  1.4030646547892711
it no: 436 f_tot= 86471543.1758598 f_lik= 2015.7120860290527 f_dc (1e6)= 86.46952746377377 |g_lik|= 4380.790613841912 |g_dc|= 0.46538995387961773
f_dc (1e6): 86.46942701651903  perc: 1.8871536226773076
NMSE:  1.403076366680385
it no: 438 f_tot= 86471429.87368733 f_lik= 2002.8571682893662 f_dc (1e6)= 86.46942701651903 |g_lik|= 4411.044963868127 |g_dc|= 0.46621736886205467
f_dc (1e6): 86.46910693458548  perc: 1.8871466370431789
NMSE:  1.4030883388450062
it no: 440 f_tot= 86471123.92126995 f_lik= 2016.9866844758533 f_dc (1e6)= 86.46910693458548 |g_lik|= 4381.916250389192 |g_dc|= 0.4654235769352382
f_dc (1e6): 86.4688662829985  perc: 1.8871413849381304
NMSE:  1.4031001058105677
it no: 442 f_tot= 86470882.37282835 f_lik= 2016.0898298445202 f_dc (1e6)= 86.4688662829985 |g_lik|= 4390.305825997456 |g_dc|= 0.4651681125506198
f_dc (1e6): 86.46850978003549  perc: 1.887133604432565
NMSE:  1.403111965235418
it no: 444 f_tot= 86470543.87320104 f_lik= 2034.0931655475072 f_dc (1e6)= 86.46850978003549 |g_lik|= 4478.094461963199 |g_dc|= 0.4648036324552969
f_dc (1e6): 86.46840603226678  perc: 1.8871313401874519
NMSE:  1.4031237787538162
it no: 446 f_tot= 86470440.35987432 f_lik= 2034.3276075472152 f_dc (1e6)= 86.46840603226678 |g_lik|= 4480.496174076508 |g_dc|= 0.4652877716060312
f_dc (1e6): 86.46817894577985  perc: 1.8871263841341825
NMSE:  1.4031353732678307
it no: 448 f_tot= 86470179.02393793 f_lik= 2000.0781580616178 f_dc (1e6)= 86.46817894577985 |g_lik|= 4432.337960942626 |g_dc|= 0.46577922678039946
f_dc (1e6): 86.46797248195004  perc: 1.8871218781604777
NMSE:  1.4031470018092917
it no: 450 f_tot= 86469987.6302437 f_lik= 2015.1482936550321 f_dc (1e6)= 86.46797248195004 |g_lik|= 4381.353277731252 |g_dc|= 0.46519172812492837
f_dc (1e6): 86.46761698008565  perc: 1.8871141195034082
NMSE:  1.403158932955
it no: 452 f_tot= 86469647.84940268 f_lik= 2030.8693170186452 f_dc (1e6)= 86.46761698008565 |g_lik|= 4408.083647447938 |g_dc|= 0.4644796896006603
f_dc (1e6): 86.46739703318147  perc: 1.8871093192680957
NMSE:  1.4031705463466875
it no: 454 f_tot= 86469424.53210771 f_lik= 2027.4989262390136 f_dc (1e6)= 86.46739703318147 |g_lik|= 4421.603750430628 |g_dc|= 0.46451148202480264
f_dc (1e6): 86.4669900450169  perc: 1.887100436947307
NMSE:  1.4031822238984886
it no: 456 f_tot= 86469022.64383973 f_lik= 2032.5988228262038 f_dc (1e6)= 86.4669900450169 |g_lik|= 4497.989726174487 |g_dc|= 0.4636406292252169
f_dc (1e6): 86.4670106278265  perc: 1.887100886157219
NMSE:  1.4031938466162035
it no: 458 f_tot= 86469034.4796497 f_lik= 2023.851823189145 f_dc (1e6)= 86.4670106278265 |g_lik|= 4485.777259217438 |g_dc|= 0.4651907603953457
f_dc (1e6): 86.46664581297152  perc: 1.887092924248612
NMSE:  1.403205538764603
it no: 460 f_tot= 86468683.69429187 f_lik= 2037.8813203629993 f_dc (1e6)= 86.46664581297152 |g_lik|= 4431.134264188658 |g_dc|= 0.4641086830650019
f_dc (1e6): 86.4664771243358  perc: 1.8870892427003358
NMSE:  1.4032172634201703
it no: 462 f_tot= 86468490.60429527 f_lik= 2013.4799594661167 f_dc (1e6)= 86.4664771243358 |g_lik|= 4377.688523291478 |g_dc|= 0.46395887533873886
f_dc (1e6): 86.46602536120142  perc: 1.8870793831873836
NMSE:  1.4032291476222347
it no: 464 f_tot= 86468047.87404297 f_lik= 2022.512841549374 f_dc (1e6)= 86.46602536120142 |g_lik|= 4397.946233439359 |g_dc|= 0.4631692784710204
f_dc (1e6): 86.46611652681449  perc: 1.8870813728330065
NMSE:  1.4032406349690414
it no: 466 f_tot= 86468130.642968 f_lik= 2014.1161535026913 f_dc (1e6)= 86.46611652681449 |g_lik|= 4351.288408227154 |g_dc|= 0.4642965665489237
f_dc (1e6): 86.46551252122833  perc: 1.8870681907018259
NMSE:  1.4032523475577567
it no: 468 f_tot= 86467529.53087741 f_lik= 2017.009649087815 f_dc (1e6)= 86.46551252122833 |g_lik|= 4348.349219822377 |g_dc|= 0.4626168092692689
f_dc (1e6): 86.46544534199872  perc: 1.887066724547476
NMSE:  1.4032640881991503
it no: 470 f_tot= 86467445.8681312 f_lik= 2000.5261324982416 f_dc (1e6)= 86.46544534199872 |g_lik|= 4356.29541611651 |g_dc|= 0.4630613165427489
f_dc (1e6): 86.46503036528561  perc: 1.8870576678804614
NMSE:  1.4032757145028418
it no: 472 f_tot= 86467067.83718365 f_lik= 2037.4718980307807 f_dc (1e6)= 86.46503036528561 |g_lik|= 4393.898192787266 |g_dc|= 0.46255679726983173
f_dc (1e6): 86.46507278329777  perc: 1.8870585936331585
NMSE:  1.4032872830434526
it no: 474 f_tot= 86467096.5247332 f_lik= 2023.7414354269845 f_dc (1e6)= 86.46507278329777 |g_lik|= 4314.685497484601 |g_dc|= 0.4633712154613777
f_dc (1e6): 86.46458860310793  perc: 1.887048026633575
NMSE:  1.403298875034407
it no: 476 f_tot= 86466612.57502119 f_lik= 2023.971913255964 f_dc (1e6)= 86.46458860310793 |g_lik|= 4442.817187881235 |g_dc|= 0.4624380551159163
f_dc (1e6): 86.46471159736238  perc: 1.8870507109239754
NMSE:  1.4033103574869943
it no: 478 f_tot= 86466773.97260232 f_lik= 2062.3752399353752 f_dc (1e6)= 86.46471159736238 |g_lik|= 4394.182560725171 |g_dc|= 0.4634404041776641
f_dc (1e6): 86.46440785173527  perc: 1.8870440818218714
NMSE:  1.4033220158711577
it no: 480 f_tot= 86466428.86859117 f_lik= 2021.0168558974492 f_dc (1e6)= 86.46440785173527 |g_lik|= 4375.078631434096 |g_dc|= 0.4632305046327541
f_dc (1e6): 86.46414824063368  perc: 1.8870384159345424
NMSE:  1.4033336427324148
it no: 482 f_tot= 86466163.09731345 f_lik= 2014.85667977106 f_dc (1e6)= 86.46414824063368 |g_lik|= 4284.952406745676 |g_dc|= 0.46304818101184814
f_dc (1e6): 86.4640292604432  perc: 1.887035819249156
NMSE:  1.4033451825233707
it no: 484 f_tot= 86466079.43163797 f_lik= 2050.17119477045 f_dc (1e6)= 86.4640292604432 |g_lik|= 4355.723701447232 |g_dc|= 0.4629130706312728
f_dc (1e6): 86.46357360097508  perc: 1.8870258747005955
NMSE:  1.4033564831514704
it no: 486 f_tot= 86465611.52651802 f_lik= 2037.925542933146 f_dc (1e6)= 86.46357360097508 |g_lik|= 4449.036397462787 |g_dc|= 0.46259182670857163
f_dc (1e6): 86.46363447699757  perc: 1.8870272032904838
NMSE:  1.4033680267739206
it no: 488 f_tot= 86465654.07838602 f_lik= 2019.6013884553456 f_dc (1e6)= 86.46363447699757 |g_lik|= 4277.748003505013 |g_dc|= 0.46303597744555947
f_dc (1e6): 86.46333455868901  perc: 1.887020657717765
NMSE:  1.4033792944410517
it no: 490 f_tot= 86465375.73175932 f_lik= 2041.173070313136 f_dc (1e6)= 86.46333455868901 |g_lik|= 4306.52796151245 |g_dc|= 0.4624865871794679
f_dc (1e6): 86.46304270333971  perc: 1.8870142881152507
NMSE:  1.4033907006936754
it no: 492 f_tot= 86465064.41503404 f_lik= 2021.711694327309 f_dc (1e6)= 86.46304270333971 |g_lik|= 4370.3147519996055 |g_dc|= 0.46190872421903373
f_dc (1e6): 86.46285846120867  perc: 1.8870102671194253
NMSE:  1.4034018326492774
it no: 494 f_tot= 86464877.77095631 f_lik= 2019.309747634161 f_dc (1e6)= 86.46285846120867 |g_lik|= 4400.546734061842 |g_dc|= 0.4622261504611613
f_dc (1e6): 86.46276014150212  perc: 1.8870081213391559
NMSE:  1.4034136312059862
it no: 496 f_tot= 86464782.63273622 f_lik= 2022.4912341117858 f_dc (1e6)= 86.46276014150212 |g_lik|= 4351.35731583914 |g_dc|= 0.46250912277018225
f_dc (1e6): 86.4624540822837  perc: 1.8870014417440355
NMSE:  1.4034251490669285
it no: 498 f_tot= 86464492.13814177 f_lik= 2038.0558580652873 f_dc (1e6)= 86.4624540822837 |g_lik|= 4419.676580451824 |g_dc|= 0.4621754308894416
f_dc (1e6): 86.46234955177002  perc: 1.8869991604158898
NMSE:  1.4034364290623624
it no: 500 f_tot= 86464368.76981579 f_lik= 2019.2180457687377 f_dc (1e6)= 86.46234955177002 |g_lik|= 4217.921399197795 |g_dc|= 0.4624350468064525
f_dc (1e6): 86.46200268591002  perc: 1.8869915902354588
NMSE:  1.4034478839909557
it no: 502 f_tot= 86464017.10642534 f_lik= 2014.420515335628 f_dc (1e6)= 86.46200268591002 |g_lik|= 4292.335036426061 |g_dc|= 0.4612727317202151
f_dc (1e6): 86.46182528021308  perc: 1.886987718441517
NMSE:  1.4034591050244656
it no: 504 f_tot= 86463847.12318331 f_lik= 2021.842970241819 f_dc (1e6)= 86.46182528021308 |g_lik|= 4351.989432593691 |g_dc|= 0.46140505692563505
f_dc (1e6): 86.46154034721333  perc: 1.8869814999159498
NMSE:  1.4034705140688837
it no: 506 f_tot= 86463572.20126097 f_lik= 2031.8540476462954 f_dc (1e6)= 86.46154034721333 |g_lik|= 4370.594505423602 |g_dc|= 0.46109985401946224
f_dc (1e6): 86.46156656074123  perc: 1.8869820720135784
NMSE:  1.403481555887945
it no: 508 f_tot= 86463619.35713817 f_lik= 2052.7963969407765 f_dc (1e6)= 86.46156656074123 |g_lik|= 4326.645185898662 |g_dc|= 0.46223686643631007
f_dc (1e6): 86.46120748031264  perc: 1.8869742352560672
NMSE:  1.4034929211142233
it no: 510 f_tot= 86463232.514731 f_lik= 2025.0344183676584 f_dc (1e6)= 86.46120748031264 |g_lik|= 4407.076996660669 |g_dc|= 0.46136993154935946
f_dc (1e6): 86.46114961079674  perc: 1.886972972281738
NMSE:  1.4035043199243864
it no: 512 f_tot= 86463161.72565237 f_lik= 2012.1148556300573 f_dc (1e6)= 86.46114961079674 |g_lik|= 4402.799575989258 |g_dc|= 0.46218164108978954
f_dc (1e6): 86.46087849595037  perc: 1.8869670553307172
NMSE:  1.4035154245256025
it no: 514 f_tot= 86462902.87591957 f_lik= 2024.3799691994984 f_dc (1e6)= 86.46087849595037 |g_lik|= 4357.1033031917 |g_dc|= 0.46153857958206923
f_dc (1e6): 86.46074855150987  perc: 1.8869642193558518
NMSE:  1.4035270100986614
it no: 516 f_tot= 86462784.4934908 f_lik= 2035.941980926877 f_dc (1e6)= 86.46074855150987 |g_lik|= 4446.240277300077 |g_dc|= 0.4615078364176167
f_dc (1e6): 86.46061525746084  perc: 1.8869613102773926
NMSE:  1.403538109214852
it no: 518 f_tot= 86462669.8308846 f_lik= 2054.5734237525576 f_dc (1e6)= 86.46061525746084 |g_lik|= 4449.203118204333 |g_dc|= 0.4623059532021224
f_dc (1e6): 86.46043786164886  perc: 1.8869574386991854
NMSE:  1.4035495145852057
it no: 520 f_tot= 86462476.77349794 f_lik= 2038.9118490836734 f_dc (1e6)= 86.46043786164886 |g_lik|= 4245.073144021545 |g_dc|= 0.4620465191262775
f_dc (1e6): 86.46016735467072  perc: 1.8869515350145956
NMSE:  1.4035608547113538
it no: 522 f_tot= 86462198.31994925 f_lik= 2030.9652785364788 f_dc (1e6)= 86.46016735467072 |g_lik|= 4252.573312102667 |g_dc|= 0.461078732586733
f_dc (1e6): 86.45982890128718  perc: 1.8869441484324139
NMSE:  1.4035723821008286
it no: 524 f_tot= 86461843.05892244 f_lik= 2014.1576352582658 f_dc (1e6)= 86.45982890128718 |g_lik|= 4287.036894249118 |g_dc|= 0.46068832339353666
f_dc (1e6): 86.45969995806963  perc: 1.8869413343087578
NMSE:  1.403583797258974
it no: 526 f_tot= 86461754.51680563 f_lik= 2054.5587360018776 f_dc (1e6)= 86.45969995806963 |g_lik|= 4277.363020607464 |g_dc|= 0.46066778638635675
f_dc (1e6): 86.45960938791788  perc: 1.8869393576587916
NMSE:  1.4035949432645547
it no: 528 f_tot= 86461644.19111179 f_lik= 2034.8031939106895 f_dc (1e6)= 86.45960938791788 |g_lik|= 4305.978238289656 |g_dc|= 0.4613415816959049
f_dc (1e6): 86.45923420496041  perc: 1.8869311694713384
NMSE:  1.4036065243171678
it no: 530 f_tot= 86461283.49027218 f_lik= 2049.2853117742993 f_dc (1e6)= 86.45923420496041 |g_lik|= 4232.133388755068 |g_dc|= 0.460368575020666
f_dc (1e6): 86.45897144861463  perc: 1.8869254349405695
NMSE:  1.4036178693349146
it no: 532 f_tot= 86460997.59823923 f_lik= 2026.1496245957273 f_dc (1e6)= 86.45897144861463 |g_lik|= 4242.822443323038 |g_dc|= 0.46009373436494366
f_dc (1e6): 86.45874004592622  perc: 1.88692038468828
NMSE:  1.403629353286997
it no: 534 f_tot= 86460748.55882902 f_lik= 2008.5129028084164 f_dc (1e6)= 86.45874004592622 |g_lik|= 4326.934752240404 |g_dc|= 0.45971784717392894
f_dc (1e6): 86.45853673242915  perc: 1.8869159474690713
NMSE:  1.4036404815203427
it no: 536 f_tot= 86460594.0154296 f_lik= 2057.2830004546754 f_dc (1e6)= 86.45853673242915 |g_lik|= 4269.523651914503 |g_dc|= 0.4598076231367688
f_dc (1e6): 86.45853093327837  perc: 1.8869158209053971
NMSE:  1.4036518519708847
it no: 538 f_tot= 86460552.46174619 f_lik= 2021.5284678123112 f_dc (1e6)= 86.45853093327837 |g_lik|= 4311.812553642881 |g_dc|= 0.460379210798277
f_dc (1e6): 86.45831762549793  perc: 1.8869111655657642
NMSE:  1.4036630417479579
it no: 540 f_tot= 86460371.55611408 f_lik= 2053.9306161535355 f_dc (1e6)= 86.45831762549793 |g_lik|= 4392.394171731869 |g_dc|= 0.4605073527602847
f_dc (1e6): 86.4581234468734  perc: 1.8869069277107517
NMSE:  1.4036744764700915
it no: 542 f_tot= 86460151.79853617 f_lik= 2028.35166276296 f_dc (1e6)= 86.4581234468734 |g_lik|= 4376.467007079197 |g_dc|= 0.4599708378794989
f_dc (1e6): 86.45785819094442  perc: 1.8869011386277825
NMSE:  1.4036852855389441
it no: 544 f_tot= 86459883.29775685 f_lik= 2025.1068124339695 f_dc (1e6)= 86.45785819094442 |g_lik|= 4366.381343923019 |g_dc|= 0.4601321741593368
f_dc (1e6): 86.4578305866358  perc: 1.8869005361770341
NMSE:  1.4036963920305352
it no: 546 f_tot= 86459861.31159963 f_lik= 2030.7249638330368 f_dc (1e6)= 86.4578305866358 |g_lik|= 4319.368366305772 |g_dc|= 0.4603785737334409
f_dc (1e6): 86.45759123095723  perc: 1.886895312354563
NMSE:  1.4037078861322896
it no: 548 f_tot= 86459594.0861684 f_lik= 2002.8552111571175 f_dc (1e6)= 86.45759123095723 |g_lik|= 4404.29532296547 |g_dc|= 0.45995165072867356
f_dc (1e6): 86.45742441313786  perc: 1.8868916716359527
NMSE:  1.4037188316547886
it no: 550 f_tot= 86459451.374119 f_lik= 2026.9609811401367 f_dc (1e6)= 86.45742441313786 |g_lik|= 4352.009809462064 |g_dc|= 0.4603273635344874
f_dc (1e6): 86.4572720759501  perc: 1.8868883469501574
NMSE:  1.4037301398362947
it no: 552 f_tot= 86459308.01263975 f_lik= 2035.936689649423 f_dc (1e6)= 86.4572720759501 |g_lik|= 4401.636346398416 |g_dc|= 0.46009441129387846
f_dc (1e6): 86.4569231368961  perc: 1.886880731523265
NMSE:  1.403741209014185
it no: 554 f_tot= 86458938.15984589 f_lik= 2015.0229497929981 f_dc (1e6)= 86.4569231368961 |g_lik|= 4507.884508486032 |g_dc|= 0.45954307804019295
f_dc (1e6): 86.45698682060677  perc: 1.8868821213895963
NMSE:  1.403752546564574
it no: 556 f_tot= 86459025.71339592 f_lik= 2038.8927891558692 f_dc (1e6)= 86.45698682060677 |g_lik|= 4357.031194366003 |g_dc|= 0.46060172248901665
f_dc (1e6): 86.45658965773548  perc: 1.8868734535011042
NMSE:  1.4037635570880262
it no: 558 f_tot= 86458604.02940291 f_lik= 2014.371667425973 f_dc (1e6)= 86.45658965773548 |g_lik|= 4394.18677386327 |g_dc|= 0.45959951017920964
f_dc (1e6): 86.45658916366659  perc: 1.8868734427182887
NMSE:  1.403774820234577
it no: 560 f_tot= 86458611.81996477 f_lik= 2022.6562981762204 f_dc (1e6)= 86.45658916366659 |g_lik|= 4362.331383111715 |g_dc|= 0.45991118467449166
f_dc (1e6): 86.45643521097789  perc: 1.8868700827749625
NMSE:  1.403785670474308
it no: 562 f_tot= 86458488.24219474 f_lik= 2053.031216858455 f_dc (1e6)= 86.45643521097789 |g_lik|= 4262.880432572458 |g_dc|= 0.4599669061960457
f_dc (1e6): 86.45612265040526  perc: 1.8868632612909155
NMSE:  1.4037970381751248
it no: 564 f_tot= 86458160.19431627 f_lik= 2037.543911005656 f_dc (1e6)= 86.45612265040526 |g_lik|= 4379.482619474226 |g_dc|= 0.45936971168305374
f_dc (1e6): 86.4559156871618  perc: 1.886858744417749
NMSE:  1.4038083910406127
it no: 566 f_tot= 86457941.0941199 f_lik= 2025.4069581038611 f_dc (1e6)= 86.4559156871618 |g_lik|= 4514.99327969654 |g_dc|= 0.4589668792060035
f_dc (1e6): 86.45572690251922  perc: 1.8868546242837954
NMSE:  1.4038196041271618
it no: 568 f_tot= 86457768.23974864 f_lik= 2041.337229427156 f_dc (1e6)= 86.45572690251922 |g_lik|= 4403.63987512471 |g_dc|= 0.459282025012863
f_dc (1e6): 86.45580107258823  perc: 1.88685624300985
NMSE:  1.4038308463342524
it no: 570 f_tot= 86457835.24029021 f_lik= 2034.1677019791375 f_dc (1e6)= 86.45580107258823 |g_lik|= 4385.988124966346 |g_dc|= 0.46004221418069624
f_dc (1e6): 86.45543679680134  perc: 1.886848292866145
NMSE:  1.4038421791955218
it no: 572 f_tot= 86457452.53276007 f_lik= 2015.735958724249 f_dc (1e6)= 86.45543679680134 |g_lik|= 4290.492939207413 |g_dc|= 0.45927058813981325
f_dc (1e6): 86.4553255624077  perc: 1.886845865229046
NMSE:  1.403853529819119
it no: 574 f_tot= 86457334.63480128 f_lik= 2009.0723935969104 f_dc (1e6)= 86.4553255624077 |g_lik|= 4324.224450185677 |g_dc|= 0.4590393489539573
f_dc (1e6): 86.45480466084078  perc: 1.8868344968030837
NMSE:  1.4038648168700432
it no: 576 f_tot= 86456825.55844106 f_lik= 2020.897600285212 f_dc (1e6)= 86.45480466084078 |g_lik|= 4371.011895766901 |g_dc|= 0.4578503157524572
f_dc (1e6): 86.4549527509255  perc: 1.8868377287978997
NMSE:  1.4038760499417697
it no: 578 f_tot= 86456976.56239472 f_lik= 2023.8114692288352 f_dc (1e6)= 86.4549527509255 |g_lik|= 4411.452312671464 |g_dc|= 0.4590999688703476
f_dc (1e6): 86.4545566070575  perc: 1.8868290831486638
NMSE:  1.4038872129001563
it no: 580 f_tot= 86456587.78160751 f_lik= 2031.1745500146776 f_dc (1e6)= 86.4545566070575 |g_lik|= 4501.293051905924 |g_dc|= 0.45824158380583924
f_dc (1e6): 86.45457150541277  perc: 1.8868294082980965
NMSE:  1.4038983928764024
it no: 582 f_tot= 86456580.32138723 f_lik= 2008.81597445874 f_dc (1e6)= 86.45457150541277 |g_lik|= 4355.609068743695 |g_dc|= 0.45873741943573304
f_dc (1e6): 86.454495497912  perc: 1.8868277494709784
NMSE:  1.403909630454927
it no: 584 f_tot= 86456500.50555044 f_lik= 2005.0076384439922 f_dc (1e6)= 86.454495497912 |g_lik|= 4400.524154951741 |g_dc|= 0.4594882437379964
f_dc (1e6): 86.45435647684242  perc: 1.8868247154030524
NMSE:  1.403920636531079
it no: 586 f_tot= 86456366.91053104 f_lik= 2010.4336886269705 f_dc (1e6)= 86.45435647684242 |g_lik|= 4483.6174552238 |g_dc|= 0.4592405030834233
f_dc (1e6): 86.4541011475437  perc: 1.8868191429640102
NMSE:  1.4039318050366427
it no: 588 f_tot= 86456165.18832776 f_lik= 2064.040784058344 f_dc (1e6)= 86.4541011475437 |g_lik|= 4405.118648462398 |g_dc|= 0.4591367825414064
f_dc (1e6): 86.45419269655149  perc: 1.8868211409770383
NMSE:  1.4039431762065324
it no: 590 f_tot= 86456246.75286564 f_lik= 2054.056314158326 f_dc (1e6)= 86.45419269655149 |g_lik|= 4335.110792689556 |g_dc|= 0.4597884372546985
f_dc (1e6): 86.45376308524384  perc: 1.8868117649170415
NMSE:  1.4039543142668527
it no: 592 f_tot= 86455802.50857633 f_lik= 2039.4233324950083 f_dc (1e6)= 86.45376308524384 |g_lik|= 4395.1420246751095 |g_dc|= 0.4584318105226731
f_dc (1e6): 86.45363759114841  perc: 1.8868090260688155
NMSE:  1.4039655741126233
it no: 594 f_tot= 86455685.88263696 f_lik= 2048.29148855391 f_dc (1e6)= 86.45363759114841 |g_lik|= 4357.868150492257 |g_dc|= 0.45840424563707854
f_dc (1e6): 86.453446582059  perc: 1.886804857387381
NMSE:  1.4039768154042767
it no: 596 f_tot= 86455470.6706737 f_lik= 2024.0886147054036 f_dc (1e6)= 86.453446582059 |g_lik|= 4411.627345527897 |g_dc|= 0.4581971271061145
f_dc (1e6): 86.45338564246134  perc: 1.8868035274099952
NMSE:  1.4039881490443897
it no: 598 f_tot= 86455428.24885556 f_lik= 2042.6063942100889 f_dc (1e6)= 86.45338564246134 |g_lik|= 4430.256379820702 |g_dc|= 0.4593116710267393
f_dc (1e6): 86.45310362916047  perc: 1.8867973726054503
NMSE:  1.403999228333063
Traceback (most recent call last):
  File "runrecon.py", line 139, in <module>
    * np.conjugate(sensmaps)), axis=-1))) \
TypeError: 'axis' is an invalid keyword to ufunc 'square'
