('Under sample factor: ', 4)
FLAIR20201020-125121/jonatank_lat60_ns50_ps28_modalityFLAIR_step100000.ckpt
Read from existing sensmap pattern file
Read from existing u.s. pattern file
xxxxxxxxxxxxxxxxxxx contRec is 
xxxxxxxxxxxxxxxxxxx parfact is 25
---- Defining VAE
>>> lat_dim value: 60
>>> mode is: MRIunproc
2020-10-26 21:00:36.075337: I tensorflow/core/common_runtime/gpu/gpu_device.cc:1432] Found device 0 with properties: 
name: GeForce GTX TITAN X major: 5 minor: 2 memoryClockRate(GHz): 1.076
pciBusID: 0000:86:00.0
totalMemory: 11.93GiB freeMemory: 11.82GiB
2020-10-26 21:00:36.088335: I tensorflow/core/common_runtime/gpu/gpu_device.cc:1511] Adding visible gpu devices: 0
2020-10-26 21:00:41.625651: I tensorflow/core/common_runtime/gpu/gpu_device.cc:982] Device interconnect StreamExecutor with strength 1 edge matrix:
2020-10-26 21:00:41.625715: I tensorflow/core/common_runtime/gpu/gpu_device.cc:988]      0 
2020-10-26 21:00:41.625724: I tensorflow/core/common_runtime/gpu/gpu_device.cc:1001] 0:   N 
2020-10-26 21:00:41.625952: I tensorflow/core/common_runtime/gpu/gpu_device.cc:1115] Created TensorFlow device (/job:localhost/replica:0/task:0/device:GPU:0 with 11435 MB memory) -> physical GPU (device: 0, name: GeForce GTX TITAN X, pci bus id: 0000:86:00.0, compute capability: 5.2)
Initialized parameters
KCT-info: loaded the new model, trained fastmri
KCT-INFO: the gradients: 
Tensor("gradients_2/AddN_3:0", shape=(1250, 784), dtype=float32)
Tensor("gradients_3/Reshape_2_grad/Reshape:0", shape=(1250, 784), dtype=float32)
Tensor("gradients_4/Reshape_2_grad/Reshape:0", shape=(1250, 784), dtype=float32)
_____DIRECT APPROX_____
KCT-INFO: there will be in total 1035 patches.
contRec is 
it no: 0 f_tot= 108931787.0588604 f_lik= 2035.5635435474487 f_dc (1e6)= 108.92975149531686 |g_lik|= 15526.250334049893 |g_dc|= 12.563572337211482
f_dc (1e6): 96.65645063701652  perc: 2.1094805096826987
NMSE:  0.16482259609715763
it no: 2 f_tot= 96658501.9322752 f_lik= 2051.2952586792762 f_dc (1e6)= 96.65645063701652 |g_lik|= 10058.249782525942 |g_dc|= 6.958094306757808
f_dc (1e6): 92.61407822164806  perc: 2.021257677508546
NMSE:  0.15761592094973692
it no: 4 f_tot= 92616133.53609405 f_lik= 2055.3144460078647 f_dc (1e6)= 92.61407822164806 |g_lik|= 8750.906843794219 |g_dc|= 4.638749473048242
f_dc (1e6): 90.74652300820702  perc: 1.9804991839207273
NMSE:  0.15350976813068037
it no: 6 f_tot= 90748573.2183327 f_lik= 2050.210125663848 f_dc (1e6)= 90.74652300820702 |g_lik|= 8068.580161823011 |g_dc|= 3.4552211388614276
f_dc (1e6): 89.69302765645571  perc: 1.9575071549675183
NMSE:  0.150830937589456
it no: 8 f_tot= 89695091.21277931 f_lik= 2063.556323602313 f_dc (1e6)= 89.69302765645571 |g_lik|= 7749.485219284561 |g_dc|= 2.760766300742714
f_dc (1e6): 89.02080178958937  perc: 1.9428361489983001
NMSE:  0.14888076984978285
it no: 10 f_tot= 89022850.5949993 f_lik= 2048.805409916469 f_dc (1e6)= 89.02080178958937 |g_lik|= 7644.740144425959 |g_dc|= 2.3073169244583474
f_dc (1e6): 88.55781999506956  perc: 1.9327317941886542
NMSE:  0.1473779695231611
it no: 12 f_tot= 88559925.50914346 f_lik= 2105.514073896862 f_dc (1e6)= 88.55781999506956 |g_lik|= 7319.248981536986 |g_dc|= 1.9867095071441752
f_dc (1e6): 88.22178461250446  perc: 1.9253979837144117
NMSE:  0.14617281353474681
it no: 14 f_tot= 88223843.872517 f_lik= 2059.260012537979 f_dc (1e6)= 88.22178461250446 |g_lik|= 7068.962801476532 |g_dc|= 1.7472092472685752
f_dc (1e6): 87.96877104153982  perc: 1.9198760843158968
NMSE:  0.14517762946490523
it no: 16 f_tot= 87970852.92186682 f_lik= 2081.880327003116 f_dc (1e6)= 87.96877104153982 |g_lik|= 7104.144940915241 |g_dc|= 1.5615715721830556
f_dc (1e6): 87.77330854527958  perc: 1.9156102094206624
NMSE:  0.14433666020383387
it no: 18 f_tot= 87775367.39357 f_lik= 2058.848290426958 f_dc (1e6)= 87.77330854527958 |g_lik|= 6804.469195662228 |g_dc|= 1.4152643197550467
f_dc (1e6): 87.61847033790441  perc: 1.9122309400758908
NMSE:  0.14361911401491295
it no: 20 f_tot= 87620518.94221987 f_lik= 2048.604315463475 f_dc (1e6)= 87.61847033790441 |g_lik|= 6635.445284480902 |g_dc|= 1.2972104777017583
f_dc (1e6): 87.49365902976722  perc: 1.9095069933535742
NMSE:  0.14300182443182294
it no: 22 f_tot= 87495718.27084367 f_lik= 2059.241076447623 f_dc (1e6)= 87.49365902976722 |g_lik|= 6244.949654755643 |g_dc|= 1.2001832167587838
f_dc (1e6): 87.39144630757912  perc: 1.9072762498917943
NMSE:  0.14245604293789
it no: 24 f_tot= 87393488.56004955 f_lik= 2042.2524704270136 f_dc (1e6)= 87.39144630757912 |g_lik|= 6301.642851231082 |g_dc|= 1.1193648529896296
f_dc (1e6): 87.30688129156275  perc: 1.9054306591225092
NMSE:  0.14197090822703776
it no: 26 f_tot= 87308929.1622334 f_lik= 2047.870670643761 f_dc (1e6)= 87.30688129156275 |g_lik|= 6167.098633853693 |g_dc|= 1.053141541817517
f_dc (1e6): 87.23479041336151  perc: 1.9038573104066276
NMSE:  0.14153391924048697
it no: 28 f_tot= 87236834.0424138 f_lik= 2043.6290522988638 f_dc (1e6)= 87.23479041336151 |g_lik|= 6171.494334781533 |g_dc|= 0.9952075762937308
f_dc (1e6): 87.17423089722492  perc: 1.9025356281171992
NMSE:  0.14114062206157124
it no: 30 f_tot= 87176284.46622069 f_lik= 2053.5689957791283 f_dc (1e6)= 87.17423089722492 |g_lik|= 6138.92181543447 |g_dc|= 0.9482819685052287
f_dc (1e6): 87.12128130659197  perc: 1.901380028788859
NMSE:  0.14077667497891408
it no: 32 f_tot= 87123322.45932266 f_lik= 2041.1527306874593 f_dc (1e6)= 87.12128130659197 |g_lik|= 6002.796734989275 |g_dc|= 0.9059886802000658
f_dc (1e6): 87.07616264592578  perc: 1.900395335737634
NMSE:  0.14044571306126755
it no: 34 f_tot= 87078202.66443631 f_lik= 2040.01851054237 f_dc (1e6)= 87.07616264592578 |g_lik|= 5898.666201026314 |g_dc|= 0.8714555576363215
f_dc (1e6): 87.03564504239665  perc: 1.8995110585437123
NMSE:  0.14014346100083566
it no: 36 f_tot= 87037693.40945849 f_lik= 2048.367061843872 f_dc (1e6)= 87.03564504239665 |g_lik|= 5792.851806364428 |g_dc|= 0.8384772303260036
f_dc (1e6): 87.00033328850257  perc: 1.898740396512246
NMSE:  0.13986597252968994
it no: 38 f_tot= 87002393.33729634 f_lik= 2060.0487937636603 f_dc (1e6)= 87.00033328850257 |g_lik|= 5706.6957287494715 |g_dc|= 0.8112671311562968
f_dc (1e6): 86.96878550880233  perc: 1.898051881405775
NMSE:  0.13960228036536043
it no: 40 f_tot= 86970841.24764492 f_lik= 2055.738842595418 f_dc (1e6)= 86.96878550880233 |g_lik|= 5729.063383823898 |g_dc|= 0.7864625234335965
f_dc (1e6): 86.94058031562543  perc: 1.897436316641226
NMSE:  0.1393521077777933
it no: 42 f_tot= 86942648.22610189 f_lik= 2067.9104764629546 f_dc (1e6)= 86.94058031562543 |g_lik|= 5627.224500765789 |g_dc|= 0.765394229510149
f_dc (1e6): 86.91512126156451  perc: 1.8968806850410327
NMSE:  0.13912493093436004
it no: 44 f_tot= 86917200.489291 f_lik= 2079.2277264894756 f_dc (1e6)= 86.91512126156451 |g_lik|= 5421.121197275959 |g_dc|= 0.7457894233369406
f_dc (1e6): 86.89199538491579  perc: 1.8963759739147883
NMSE:  0.1389055143939572
it no: 46 f_tot= 86894047.90259887 f_lik= 2052.5176830836704 f_dc (1e6)= 86.89199538491579 |g_lik|= 5448.0752957873465 |g_dc|= 0.7282249481872581
f_dc (1e6): 86.87090698230844  perc: 1.8959157296787612
NMSE:  0.13870264750836156
it no: 48 f_tot= 86872975.1407858 f_lik= 2068.1584773563204 f_dc (1e6)= 86.87090698230844 |g_lik|= 5403.81868567789 |g_dc|= 0.7123789478308853
f_dc (1e6): 86.85174739463174  perc: 1.8954975809001624
NMSE:  0.13850712727413378
it no: 50 f_tot= 86853772.33036035 f_lik= 2024.9357286067236 f_dc (1e6)= 86.85174739463174 |g_lik|= 5404.590659630444 |g_dc|= 0.6977691331701883
f_dc (1e6): 86.83442767700303  perc: 1.8951195863997419
NMSE:  0.13832609998846537
it no: 52 f_tot= 86836503.29332939 f_lik= 2075.6163263538906 f_dc (1e6)= 86.83442767700303 |g_lik|= 5314.421829477105 |g_dc|= 0.6862542105760685
f_dc (1e6): 86.81827651527709  perc: 1.8947670950694158
NMSE:  0.13815080392820273
it no: 54 f_tot= 86820348.60296363 f_lik= 2072.0876865332466 f_dc (1e6)= 86.81827651527709 |g_lik|= 5458.512660016984 |g_dc|= 0.673889967140008
f_dc (1e6): 86.80337771189929  perc: 1.8944419358572169
NMSE:  0.1379860002406688
it no: 56 f_tot= 86805402.32159068 f_lik= 2024.6096913891747 f_dc (1e6)= 86.80337771189929 |g_lik|= 5472.805013208983 |g_dc|= 0.6640238560668289
f_dc (1e6): 86.7897609614603  perc: 1.8941447568332932
NMSE:  0.13782878298028603
it no: 58 f_tot= 86791792.25630692 f_lik= 2031.2948466019404 f_dc (1e6)= 86.7897609614603 |g_lik|= 5237.651791243229 |g_dc|= 0.6545419555138016
f_dc (1e6): 86.77664920923854  perc: 1.8938585991523802
NMSE:  0.13767455213728683
it no: 60 f_tot= 86778685.97678448 f_lik= 2036.7675459398542 f_dc (1e6)= 86.77664920923854 |g_lik|= 5306.202736557586 |g_dc|= 0.6442409353065567
f_dc (1e6): 86.76502021108897  perc: 1.8936048018653702
NMSE:  0.13753056212891315
it no: 62 f_tot= 86767067.99383703 f_lik= 2047.7827480606807 f_dc (1e6)= 86.76502021108897 |g_lik|= 5356.630001652057 |g_dc|= 0.637144626034062
f_dc (1e6): 86.75366762698927  perc: 1.8933570371819475
NMSE:  0.1373873158998152
it no: 64 f_tot= 86755688.96779715 f_lik= 2021.3408078702291 f_dc (1e6)= 86.75366762698927 |g_lik|= 5188.033903717824 |g_dc|= 0.6288009564200325
f_dc (1e6): 86.74348622399557  perc: 1.893134832962417
NMSE:  0.13725558695505585
it no: 66 f_tot= 86745545.18910424 f_lik= 2058.965108656202 f_dc (1e6)= 86.74348622399557 |g_lik|= 5092.571767926633 |g_dc|= 0.6224077378661176
f_dc (1e6): 86.73350897013401  perc: 1.8929170841994276
NMSE:  0.1371251301102124
it no: 68 f_tot= 86735574.17428748 f_lik= 2065.20415347508 f_dc (1e6)= 86.73350897013401 |g_lik|= 5174.9340736847225 |g_dc|= 0.6146046017904429
f_dc (1e6): 86.72447885083804  perc: 1.8927200061924303
NMSE:  0.1370053007340454
it no: 70 f_tot= 86726502.21424909 f_lik= 2023.363411053249 f_dc (1e6)= 86.72447885083804 |g_lik|= 5083.132395051245 |g_dc|= 0.6094278827951349
f_dc (1e6): 86.71574341381336  perc: 1.8925293594841592
NMSE:  0.1368867392021947
it no: 72 f_tot= 86717780.00898999 f_lik= 2036.5951766422816 f_dc (1e6)= 86.71574341381336 |g_lik|= 5184.171290668446 |g_dc|= 0.6027396636678057
f_dc (1e6): 86.70782108031487  perc: 1.8923564583689607
NMSE:  0.13677269031637745
it no: 74 f_tot= 86709903.72992049 f_lik= 2082.6496056147985 f_dc (1e6)= 86.70782108031487 |g_lik|= 5159.826256079182 |g_dc|= 0.5990500716965742
f_dc (1e6): 86.69982933674447  perc: 1.8921820424123534
NMSE:  0.1366619284448162
it no: 76 f_tot= 86701909.25905594 f_lik= 2079.922311474028 f_dc (1e6)= 86.69982933674447 |g_lik|= 5009.979247055022 |g_dc|= 0.592658304752866
f_dc (1e6): 86.69257132344798  perc: 1.8920236397657935
NMSE:  0.1365529122369013
it no: 78 f_tot= 86694603.49959965 f_lik= 2032.1761516825359 f_dc (1e6)= 86.69257132344798 |g_lik|= 4956.597960008528 |g_dc|= 0.5877630310258688
f_dc (1e6): 86.6854381374283  perc: 1.8918679614144653
NMSE:  0.13645367703046302
it no: 80 f_tot= 86687443.80808195 f_lik= 2005.6706536338443 f_dc (1e6)= 86.6854381374283 |g_lik|= 4915.630113187333 |g_dc|= 0.5821688544956799
f_dc (1e6): 86.6791267362948  perc: 1.891730218122712
NMSE:  0.1363588163012709
it no: 82 f_tot= 86681170.86354199 f_lik= 2044.12724718548 f_dc (1e6)= 86.6791267362948 |g_lik|= 4908.551341063792 |g_dc|= 0.5790775566568309
f_dc (1e6): 86.6726374104157  perc: 1.89158859170903
NMSE:  0.13626226086793475
it no: 84 f_tot= 86674685.06105682 f_lik= 2047.6506411089215 f_dc (1e6)= 86.6726374104157 |g_lik|= 4966.151056678021 |g_dc|= 0.5744660009819377
f_dc (1e6): 86.66683690665018  perc: 1.891461998506413
NMSE:  0.13617513682043267
it no: 86 f_tot= 86668871.18295388 f_lik= 2034.2763037109376 f_dc (1e6)= 86.66683690665018 |g_lik|= 4908.656749108838 |g_dc|= 0.5713379994434309
f_dc (1e6): 86.66109528371499  perc: 1.891336690349576
NMSE:  0.1360886343877004
it no: 88 f_tot= 86663145.09061314 f_lik= 2049.806898160662 f_dc (1e6)= 86.66109528371499 |g_lik|= 4926.146406090883 |g_dc|= 0.5673922719940396
f_dc (1e6): 86.65568092720358  perc: 1.891218524624909
NMSE:  0.13600077982811776
it no: 90 f_tot= 86657717.55196105 f_lik= 2036.624757469041 f_dc (1e6)= 86.65568092720358 |g_lik|= 4786.049518723739 |g_dc|= 0.5638892900166208
f_dc (1e6): 86.6504820438019  perc: 1.8911050614971436
NMSE:  0.1359211297829591
it no: 92 f_tot= 86652533.01763162 f_lik= 2050.973829719907 f_dc (1e6)= 86.6504820438019 |g_lik|= 4872.152697927112 |g_dc|= 0.5604206811652691
f_dc (1e6): 86.64542760462294  perc: 1.8909947507950113
NMSE:  0.13584586842804708
it no: 94 f_tot= 86647459.23537304 f_lik= 2031.63075008574 f_dc (1e6)= 86.64542760462294 |g_lik|= 4992.52283888027 |g_dc|= 0.5570965866913703
f_dc (1e6): 86.64068104040018  perc: 1.8908911593156028
NMSE:  0.13577010766020348
it no: 96 f_tot= 86642734.90340668 f_lik= 2053.8630064973377 f_dc (1e6)= 86.64068104040018 |g_lik|= 4875.627606768581 |g_dc|= 0.5541595459670688
f_dc (1e6): 86.63639064654237  perc: 1.8907975235348324
NMSE:  0.13570165103797596
it no: 98 f_tot= 86638424.84467919 f_lik= 2034.1981368228367 f_dc (1e6)= 86.63639064654237 |g_lik|= 4954.101141653373 |g_dc|= 0.5521042811902064
f_dc (1e6): 86.63194454078737  perc: 1.8907004894168573
NMSE:  0.1356258883097783
it no: 100 f_tot= 86633991.71537898 f_lik= 2047.174591609637 f_dc (1e6)= 86.63194454078737 |g_lik|= 4802.907185564361 |g_dc|= 0.549268959543113
f_dc (1e6): 86.62784833573771  perc: 1.8906110917133518
NMSE:  0.13555907961439234
it no: 102 f_tot= 86629892.17901194 f_lik= 2043.843274241856 f_dc (1e6)= 86.62784833573771 |g_lik|= 4818.365198964324 |g_dc|= 0.546780452320035
f_dc (1e6): 86.6238614044143  perc: 1.8905240788563231
NMSE:  0.13549194827005293
it no: 104 f_tot= 86625921.48577492 f_lik= 2060.081360626221 f_dc (1e6)= 86.6238614044143 |g_lik|= 4743.5237523024225 |g_dc|= 0.544576946145464
f_dc (1e6): 86.61992454978346  perc: 1.890438158899006
NMSE:  0.13542882566885842
it no: 106 f_tot= 86621955.19278812 f_lik= 2030.6430046599253 f_dc (1e6)= 86.61992454978346 |g_lik|= 4815.677553179582 |g_dc|= 0.5417794954742466
f_dc (1e6): 86.61627061975778  perc: 1.8903584136350102
NMSE:  0.13536733508929175
it no: 108 f_tot= 86618309.61325721 f_lik= 2038.993499429226 f_dc (1e6)= 86.61627061975778 |g_lik|= 4956.872791499742 |g_dc|= 0.5400526535608591
f_dc (1e6): 86.61256039804039  perc: 1.8902774398319389
NMSE:  0.13530467770329566
it no: 110 f_tot= 86614619.03121465 f_lik= 2058.6331742713564 f_dc (1e6)= 86.61256039804039 |g_lik|= 4703.865571645146 |g_dc|= 0.5375200347877367
f_dc (1e6): 86.60923508973669  perc: 1.890204866578844
NMSE:  0.1352483462037855
it no: 112 f_tot= 86611284.58566098 f_lik= 2049.495924292973 f_dc (1e6)= 86.60923508973669 |g_lik|= 4730.217013819829 |g_dc|= 0.5358299109120058
f_dc (1e6): 86.60565883757187  perc: 1.8901268165967715
NMSE:  0.13518816808748788
it no: 114 f_tot= 86607695.47898465 f_lik= 2036.6414127949306 f_dc (1e6)= 86.60565883757187 |g_lik|= 4754.491992735611 |g_dc|= 0.5331793411587338
f_dc (1e6): 86.60247391570032  perc: 1.8900573072099836
NMSE:  0.13513438375966955
it no: 116 f_tot= 86604512.68634461 f_lik= 2038.7706442996434 f_dc (1e6)= 86.60247391570032 |g_lik|= 4676.816285314742 |g_dc|= 0.5311962745214992
f_dc (1e6): 86.59938136161075  perc: 1.889989813705576
NMSE:  0.13508034715151132
it no: 118 f_tot= 86601427.3232795 f_lik= 2045.9616687393188 f_dc (1e6)= 86.59938136161075 |g_lik|= 4735.234136384361 |g_dc|= 0.5297528404095978
f_dc (1e6): 86.59628433019206  perc: 1.8899222224856154
NMSE:  0.13502531473963822
it no: 120 f_tot= 86598332.76014663 f_lik= 2048.4299545687722 f_dc (1e6)= 86.59628433019206 |g_lik|= 4618.446159862861 |g_dc|= 0.5273906016902854
f_dc (1e6): 86.59329719831621  perc: 1.889857029770277
NMSE:  0.1349730297501684
it no: 122 f_tot= 86595353.05001006 f_lik= 2055.851693858192 f_dc (1e6)= 86.59329719831621 |g_lik|= 4626.13278723339 |g_dc|= 0.5251070105076092
f_dc (1e6): 86.59057148201276  perc: 1.8897975423239752
NMSE:  0.1349249915458221
it no: 124 f_tot= 86592619.932151 f_lik= 2048.4501382446288 f_dc (1e6)= 86.59057148201276 |g_lik|= 4636.436379899384 |g_dc|= 0.5241605747384296
f_dc (1e6): 86.58788323226722  perc: 1.8897388725672644
NMSE:  0.1348764326591102
it no: 126 f_tot= 86589941.49985483 f_lik= 2058.2675876181465 f_dc (1e6)= 86.58788323226722 |g_lik|= 4654.887471860786 |g_dc|= 0.5223972297773749
f_dc (1e6): 86.58527469323961  perc: 1.8896819424586042
NMSE:  0.13483243785404703
it no: 128 f_tot= 86587320.97107872 f_lik= 2046.2778391084216 f_dc (1e6)= 86.58527469323961 |g_lik|= 4678.041797289639 |g_dc|= 0.5211017372049992
f_dc (1e6): 86.58281527918324  perc: 1.8896282669306599
NMSE:  0.1347862653311127
it no: 130 f_tot= 86584831.7786416 f_lik= 2016.499458356585 f_dc (1e6)= 86.58281527918324 |g_lik|= 4664.336151605522 |g_dc|= 0.519712962780361
f_dc (1e6): 86.58035636746466  perc: 1.8895746023659963
NMSE:  0.13474315754555638
it no: 132 f_tot= 86582382.15754418 f_lik= 2025.790079521906 f_dc (1e6)= 86.58035636746466 |g_lik|= 4701.872662940638 |g_dc|= 0.5184249793307374
f_dc (1e6): 86.57814211175821  perc: 1.8895262773010326
NMSE:  0.1347014229360203
it no: 134 f_tot= 86580192.79289502 f_lik= 2050.6811368015833 f_dc (1e6)= 86.57814211175821 |g_lik|= 4719.117744577599 |g_dc|= 0.5178055873003661
f_dc (1e6): 86.5758057557273  perc: 1.8894752874552603
NMSE:  0.1346577875326122
it no: 136 f_tot= 86577881.81580846 f_lik= 2076.0600811549593 f_dc (1e6)= 86.5758057557273 |g_lik|= 4645.325503592297 |g_dc|= 0.5165774397432217
f_dc (1e6): 86.57363746820693  perc: 1.8894279656238304
NMSE:  0.1346197300828358
it no: 138 f_tot= 86575681.21401554 f_lik= 2043.7458086213612 f_dc (1e6)= 86.57363746820693 |g_lik|= 4708.915246386232 |g_dc|= 0.5153254750422953
f_dc (1e6): 86.57142788041044  perc: 1.8893797424337544
NMSE:  0.13457913483967338
it no: 140 f_tot= 86573475.12618922 f_lik= 2047.2457787867954 f_dc (1e6)= 86.57142788041044 |g_lik|= 4645.985202189976 |g_dc|= 0.5140361457416559
f_dc (1e6): 86.56922273789084  perc: 1.8893316162597071
NMSE:  0.13454087860438046
it no: 142 f_tot= 86571244.22866471 f_lik= 2021.4907738785516 f_dc (1e6)= 86.56922273789084 |g_lik|= 4572.324471611048 |g_dc|= 0.5124893080103923
f_dc (1e6): 86.56726098266785  perc: 1.8892888018962541
NMSE:  0.1345050134035512
it no: 144 f_tot= 86569286.93505768 f_lik= 2025.9523898315429 f_dc (1e6)= 86.56726098266785 |g_lik|= 4691.620553187683 |g_dc|= 0.511282632898782
f_dc (1e6): 86.56517047114448  perc: 1.889243177488522
NMSE:  0.1344697223457007
it no: 146 f_tot= 86567204.51901752 f_lik= 2034.047873041062 f_dc (1e6)= 86.56517047114448 |g_lik|= 4740.266550932485 |g_dc|= 0.5101690711319314
f_dc (1e6): 86.56347144508189  perc: 1.88920609706253
NMSE:  0.13443731548037552
it no: 148 f_tot= 86565526.32498309 f_lik= 2054.8799011938913 f_dc (1e6)= 86.56347144508189 |g_lik|= 4565.403577489236 |g_dc|= 0.5099513893075457
f_dc (1e6): 86.56142453356559  perc: 1.8891614242039652
NMSE:  0.1343997163511624
it no: 150 f_tot= 86563461.80787192 f_lik= 2037.2743063463483 f_dc (1e6)= 86.56142453356559 |g_lik|= 4577.4666015573775 |g_dc|= 0.5080904557743263
f_dc (1e6): 86.55955740298671  perc: 1.8891206749778222
NMSE:  0.1343700786700411
it no: 152 f_tot= 86561596.78055957 f_lik= 2039.3775728679839 f_dc (1e6)= 86.55955740298671 |g_lik|= 4643.305345033731 |g_dc|= 0.5068741697066379
f_dc (1e6): 86.55776686333613  perc: 1.8890815973118227
NMSE:  0.13433316583358507
it no: 154 f_tot= 86559828.8331241 f_lik= 2061.9697879700434 f_dc (1e6)= 86.55776686333613 |g_lik|= 4629.445113293093 |g_dc|= 0.5061427655473651
f_dc (1e6): 86.55603665935004  perc: 1.8890438364426578
NMSE:  0.13430341140203947
it no: 156 f_tot= 86558091.3936858 f_lik= 2054.7343357685636 f_dc (1e6)= 86.55603665935004 |g_lik|= 4606.506985101841 |g_dc|= 0.5048554182305277
f_dc (1e6): 86.55435936830379  perc: 1.8890072303729357
NMSE:  0.13427243039081158
it no: 158 f_tot= 86556398.84931241 f_lik= 2039.4810086132231 f_dc (1e6)= 86.55435936830379 |g_lik|= 4745.880023705383 |g_dc|= 0.5045978597872641
f_dc (1e6): 86.55262215611073  perc: 1.888969316553027
NMSE:  0.13424180618353473
it no: 160 f_tot= 86554663.59179567 f_lik= 2041.4356849397932 f_dc (1e6)= 86.55262215611073 |g_lik|= 4770.279774751871 |g_dc|= 0.5029661447776814
f_dc (1e6): 86.55130306108376  perc: 1.8889405279390084
NMSE:  0.1342115574563408
it no: 162 f_tot= 86553346.21173766 f_lik= 2043.1506538917904 f_dc (1e6)= 86.55130306108376 |g_lik|= 4608.479866930981 |g_dc|= 0.5039917960621448
f_dc (1e6): 86.54966897466657  perc: 1.888904864789519
NMSE:  0.13418147064748878
it no: 164 f_tot= 86551737.24290289 f_lik= 2068.268236312866 f_dc (1e6)= 86.54966897466657 |g_lik|= 4658.497685880193 |g_dc|= 0.5021588680565686
f_dc (1e6): 86.5480548639092  perc: 1.8888696375991898
NMSE:  0.13415446924069258
it no: 166 f_tot= 86550097.25088137 f_lik= 2042.386972176688 f_dc (1e6)= 86.5480548639092 |g_lik|= 4611.97596624897 |g_dc|= 0.5016513955217613
f_dc (1e6): 86.54655449648077  perc: 1.8888368928022643
NMSE:  0.1341254363881638
it no: 168 f_tot= 86548594.71494906 f_lik= 2040.2184682936895 f_dc (1e6)= 86.54655449648077 |g_lik|= 4613.808873511877 |g_dc|= 0.5000781514378992
f_dc (1e6): 86.54508216270567  perc: 1.888804759826329
NMSE:  0.13409912359579615
it no: 170 f_tot= 86547132.26935004 f_lik= 2050.1066443670366 f_dc (1e6)= 86.54508216270567 |g_lik|= 4590.846978589755 |g_dc|= 0.49943468938925895
f_dc (1e6): 86.54355182284922  perc: 1.8887713608955894
NMSE:  0.1340737036014844
it no: 172 f_tot= 86545603.94929686 f_lik= 2052.1264476358324 f_dc (1e6)= 86.54355182284922 |g_lik|= 4673.951540512359 |g_dc|= 0.4983567203154649
f_dc (1e6): 86.54231068407901  perc: 1.8887442736393498
NMSE:  0.13404775434426208
it no: 174 f_tot= 86544327.10695133 f_lik= 2016.422872318086 f_dc (1e6)= 86.54231068407901 |g_lik|= 4601.040994984986 |g_dc|= 0.49867987711709705
f_dc (1e6): 86.54087773326297  perc: 1.8887130001775392
NMSE:  0.134024337483552
it no: 176 f_tot= 86542910.2478113 f_lik= 2032.5145483362107 f_dc (1e6)= 86.54087773326297 |g_lik|= 4534.669053683231 |g_dc|= 0.4972152534236993
f_dc (1e6): 86.53945688253062  perc: 1.8886819907942303
NMSE:  0.13399978669341142
it no: 178 f_tot= 86541487.36745675 f_lik= 2030.4849261292957 f_dc (1e6)= 86.53945688253062 |g_lik|= 4599.008696526859 |g_dc|= 0.49613834996334266
f_dc (1e6): 86.53821090165557  perc: 1.8886547978613841
NMSE:  0.13398044574063656
it no: 180 f_tot= 86540248.07808901 f_lik= 2037.176433450608 f_dc (1e6)= 86.53821090165557 |g_lik|= 4509.230465753149 |g_dc|= 0.49569243615169384
f_dc (1e6): 86.53683368369661  perc: 1.888624740742352
NMSE:  0.13395519981024398
it no: 182 f_tot= 86538841.75914805 f_lik= 2008.0754514385405 f_dc (1e6)= 86.53683368369661 |g_lik|= 4604.32079323841 |g_dc|= 0.4948553516110636
f_dc (1e6): 86.53583223733413  perc: 1.888602884657536
NMSE:  0.13393595643227865
it no: 184 f_tot= 86537892.06992492 f_lik= 2059.8325907825288 f_dc (1e6)= 86.53583223733413 |g_lik|= 4615.933462114092 |g_dc|= 0.4955099127823281
f_dc (1e6): 86.53428516601848  perc: 1.8885691205707524
NMSE:  0.13391278490742176
it no: 186 f_tot= 86536321.81999859 f_lik= 2036.6539801188878 f_dc (1e6)= 86.53428516601848 |g_lik|= 4540.344562635627 |g_dc|= 0.4932142053820084
f_dc (1e6): 86.533212539933  perc: 1.8885457110227448
NMSE:  0.13389115101454113
it no: 188 f_tot= 86535252.88527906 f_lik= 2040.3453460439046 f_dc (1e6)= 86.533212539933 |g_lik|= 4536.713829981094 |g_dc|= 0.4932023730373305
f_dc (1e6): 86.53192204805322  perc: 1.8885175466586452
NMSE:  0.13387162496128252
it no: 190 f_tot= 86533934.74751183 f_lik= 2012.6994586108979 f_dc (1e6)= 86.53192204805322 |g_lik|= 4577.082137716153 |g_dc|= 0.4924376522300618
f_dc (1e6): 86.53081694181638  perc: 1.8884934282469676
NMSE:  0.13385170001199873
it no: 192 f_tot= 86532848.62051843 f_lik= 2031.6787020365398 f_dc (1e6)= 86.53081694181638 |g_lik|= 4541.734226415389 |g_dc|= 0.49186234955266156
f_dc (1e6): 86.52977880962617  perc: 1.8884707715116198
NMSE:  0.13383467881018946
it no: 194 f_tot= 86531816.26089934 f_lik= 2037.4512731788273 f_dc (1e6)= 86.52977880962617 |g_lik|= 4469.484046690472 |g_dc|= 0.49155983149030497
f_dc (1e6): 86.52856462362226  perc: 1.8884442724865314
NMSE:  0.13381580822150985
it no: 196 f_tot= 86530609.79135552 f_lik= 2045.1677332705542 f_dc (1e6)= 86.52856462362226 |g_lik|= 4502.367982874648 |g_dc|= 0.4904643328854652
f_dc (1e6): 86.52748958849247  perc: 1.8884208103622908
NMSE:  0.13380013820156766
it no: 198 f_tot= 86529499.39638132 f_lik= 2009.8078888466246 f_dc (1e6)= 86.52748958849247 |g_lik|= 4507.900653633273 |g_dc|= 0.48982896744112003
f_dc (1e6): 86.5264253681591  perc: 1.8883975842657763
NMSE:  0.1337801558311773
it no: 200 f_tot= 86528446.78999338 f_lik= 2021.4218342753818 f_dc (1e6)= 86.5264253681591 |g_lik|= 4450.385588986607 |g_dc|= 0.48957304078029384
f_dc (1e6): 86.52542577077456  perc: 1.8883757685340137
NMSE:  0.13376674382882875
it no: 202 f_tot= 86527457.67347573 f_lik= 2031.9027011689686 f_dc (1e6)= 86.52542577077456 |g_lik|= 4475.340706954361 |g_dc|= 0.4890871547000024
f_dc (1e6): 86.52441050953047  perc: 1.8883536109460564
NMSE:  0.13374715889142252
it no: 204 f_tot= 86526470.20843548 f_lik= 2059.6989050002326 f_dc (1e6)= 86.52441050953047 |g_lik|= 4492.367354768897 |g_dc|= 0.48876379485360094
f_dc (1e6): 86.52343130072586  perc: 1.8883322401852367
NMSE:  0.1337352701202426
it no: 206 f_tot= 86525480.37752047 f_lik= 2049.07679460798 f_dc (1e6)= 86.52343130072586 |g_lik|= 4443.50822624635 |g_dc|= 0.4881118936858005
f_dc (1e6): 86.52248326271906  perc: 1.8883115497120753
NMSE:  0.1337173747037285
it no: 208 f_tot= 86524534.44071524 f_lik= 2051.1779961713155 f_dc (1e6)= 86.52248326271906 |g_lik|= 4486.315755081199 |g_dc|= 0.48768899877230004
f_dc (1e6): 86.52149018665811  perc: 1.8882898763050613
NMSE:  0.13370235845454123
it no: 210 f_tot= 86523517.92075695 f_lik= 2027.7340988304502 f_dc (1e6)= 86.52149018665811 |g_lik|= 4462.493178916373 |g_dc|= 0.4871086175606957
f_dc (1e6): 86.52073374358001  perc: 1.8882733672989946
NMSE:  0.13368771038702687
it no: 212 f_tot= 86522762.99025936 f_lik= 2029.2466793550764 f_dc (1e6)= 86.52073374358001 |g_lik|= 4454.533445283717 |g_dc|= 0.48713675448099997
f_dc (1e6): 86.51966834898464  perc: 1.888250115574777
NMSE:  0.13367509622387674
it no: 214 f_tot= 86521692.11890103 f_lik= 2023.7699163813818 f_dc (1e6)= 86.51966834898464 |g_lik|= 4454.513602966317 |g_dc|= 0.48624825260733556
f_dc (1e6): 86.51889183353563  perc: 1.8882331684988773
NMSE:  0.13366076972786287
it no: 216 f_tot= 86520890.42427836 f_lik= 1998.5907427417521 f_dc (1e6)= 86.51889183353563 |g_lik|= 4602.759206494065 |g_dc|= 0.48611684561762514
f_dc (1e6): 86.51797367155872  perc: 1.8882131300556875
NMSE:  0.13364800287434617
it no: 218 f_tot= 86520014.61411932 f_lik= 2040.9425605991908 f_dc (1e6)= 86.51797367155872 |g_lik|= 4681.742457792165 |g_dc|= 0.4859696194556003
f_dc (1e6): 86.51729610754758  perc: 1.888198342547289
NMSE:  0.13363686685692114
it no: 220 f_tot= 86519329.36575235 f_lik= 2033.258204776219 f_dc (1e6)= 86.51729610754758 |g_lik|= 4483.433497792742 |g_dc|= 0.4861463779272907
f_dc (1e6): 86.51638334415571  perc: 1.888178421925619
NMSE:  0.13362173849819683
it no: 222 f_tot= 86518398.27464142 f_lik= 2014.9304857163202 f_dc (1e6)= 86.51638334415571 |g_lik|= 4573.7937272530435 |g_dc|= 0.48548215396691
f_dc (1e6): 86.5155274377418  perc: 1.8881597421801248
NMSE:  0.133611956450566
it no: 224 f_tot= 86517545.51718712 f_lik= 2018.0794453194028 f_dc (1e6)= 86.5155274377418 |g_lik|= 4753.705198863187 |g_dc|= 0.484850947354666
f_dc (1e6): 86.51490467649121  perc: 1.8881461507155963
NMSE:  0.13359543681661668
it no: 226 f_tot= 86516912.92902696 f_lik= 2008.2525357470058 f_dc (1e6)= 86.51490467649121 |g_lik|= 4464.503423373956 |g_dc|= 0.4863423257004152
f_dc (1e6): 86.5140195719686  perc: 1.888126833735434
NMSE:  0.13358684967177742
it no: 228 f_tot= 86516044.54225273 f_lik= 2024.9702841331846 f_dc (1e6)= 86.5140195719686 |g_lik|= 4459.85200005129 |g_dc|= 0.48439157712737785
f_dc (1e6): 86.51304611509396  perc: 1.8881055885077174
NMSE:  0.13357519270157248
it no: 230 f_tot= 86515087.17988636 f_lik= 2041.0647923966817 f_dc (1e6)= 86.51304611509396 |g_lik|= 4527.694092799542 |g_dc|= 0.4833926047060593
f_dc (1e6): 86.51247922714047  perc: 1.8880932164510034
NMSE:  0.13356605240708672
it no: 232 f_tot= 86514506.81035756 f_lik= 2027.5832170795259 f_dc (1e6)= 86.51247922714047 |g_lik|= 4504.231206741023 |g_dc|= 0.4837492140923892
f_dc (1e6): 86.51146355790095  perc: 1.888071049958742
NMSE:  0.13355482867131507
it no: 234 f_tot= 86513476.85368872 f_lik= 2013.295787772224 f_dc (1e6)= 86.51146355790095 |g_lik|= 4622.149553527009 |g_dc|= 0.4823962798878726
f_dc (1e6): 86.51092183521187  perc: 1.8880592271218106
NMSE:  0.1335458559306482
it no: 236 f_tot= 86512954.61850522 f_lik= 2032.783293344407 f_dc (1e6)= 86.51092183521187 |g_lik|= 4593.0056225095295 |g_dc|= 0.48325773045856996
f_dc (1e6): 86.51005999639881  perc: 1.8880404179045607
NMSE:  0.13353367578787081
it no: 238 f_tot= 86512066.49979006 f_lik= 2006.5033912458873 f_dc (1e6)= 86.51005999639881 |g_lik|= 4474.781541696701 |g_dc|= 0.4825066176367831
f_dc (1e6): 86.50939735721579  perc: 1.8880259561233517
NMSE:  0.13352612037981765
it no: 240 f_tot= 86511451.79622342 f_lik= 2054.439007630121 f_dc (1e6)= 86.50939735721579 |g_lik|= 4470.485804242879 |g_dc|= 0.4820207074455666
f_dc (1e6): 86.50862146779521  perc: 1.8880090227102209
NMSE:  0.13351611468677982
it no: 242 f_tot= 86510661.5320928 f_lik= 2040.0642975798107 f_dc (1e6)= 86.50862146779521 |g_lik|= 4434.8555867124405 |g_dc|= 0.4815686492913937
f_dc (1e6): 86.50796067667453  perc: 1.8879946012620834
NMSE:  0.13350902930977102
it no: 244 f_tot= 86510010.08605479 f_lik= 2049.409380257016 f_dc (1e6)= 86.50796067667453 |g_lik|= 4435.971197453024 |g_dc|= 0.4810026337968463
f_dc (1e6): 86.50712158395446  perc: 1.8879762884673639
NMSE:  0.1334985422356059
it no: 246 f_tot= 86509163.86449046 f_lik= 2042.2805360167367 f_dc (1e6)= 86.50712158395446 |g_lik|= 4490.832453657102 |g_dc|= 0.48049180401061903
f_dc (1e6): 86.50662657142396  perc: 1.8879654850571599
NMSE:  0.13349298234020376
it no: 248 f_tot= 86508690.10340154 f_lik= 2063.531977586292 f_dc (1e6)= 86.50662657142396 |g_lik|= 4439.754508588708 |g_dc|= 0.4806778907072638
f_dc (1e6): 86.50581335317183  perc: 1.8879477369602484
NMSE:  0.13348372112962423
it no: 250 f_tot= 86507858.06681156 f_lik= 2044.7136397298177 f_dc (1e6)= 86.50581335317183 |g_lik|= 4536.384406523151 |g_dc|= 0.48007086429760737
f_dc (1e6): 86.50536031281517  perc: 1.887937849572535
NMSE:  0.1334756527660915
it no: 252 f_tot= 86507397.37849341 f_lik= 2037.0656782440913 f_dc (1e6)= 86.50536031281517 |g_lik|= 4454.828271616176 |g_dc|= 0.4805943735413004
f_dc (1e6): 86.50449776359012  perc: 1.8879190248508855
NMSE:  0.13346852281566265
it no: 254 f_tot= 86506557.59820351 f_lik= 2059.834613382249 f_dc (1e6)= 86.50449776359012 |g_lik|= 4442.824410011211 |g_dc|= 0.4793394659168913
f_dc (1e6): 86.50396761023309  perc: 1.8879074545090566
NMSE:  0.133459901222091
it no: 256 f_tot= 86506003.79215741 f_lik= 2036.1819243313018 f_dc (1e6)= 86.50396761023309 |g_lik|= 4516.8523758819565 |g_dc|= 0.4794125505078884
f_dc (1e6): 86.50318616811435  perc: 1.8878903999109617
NMSE:  0.13345420380339343
it no: 258 f_tot= 86505223.36452235 f_lik= 2037.1964080029443 f_dc (1e6)= 86.50318616811435 |g_lik|= 4421.262499510091 |g_dc|= 0.4789104812807477
f_dc (1e6): 86.50275279567839  perc: 1.88788094176615
NMSE:  0.133445911920636
it no: 260 f_tot= 86504808.16514994 f_lik= 2055.3694715518045 f_dc (1e6)= 86.50275279567839 |g_lik|= 4557.166413964218 |g_dc|= 0.4788700744420622
f_dc (1e6): 86.50200880285325  perc: 1.8878647044808616
NMSE:  0.13343930310472252
it no: 262 f_tot= 86504029.72788803 f_lik= 2020.9250347777775 f_dc (1e6)= 86.50200880285325 |g_lik|= 4719.416525899421 |g_dc|= 0.47870248425595663
f_dc (1e6): 86.5017689804794  perc: 1.8878594704729907
NMSE:  0.13343314658708197
it no: 264 f_tot= 86503812.32501434 f_lik= 2043.3445349292529 f_dc (1e6)= 86.5017689804794 |g_lik|= 4687.550365293838 |g_dc|= 0.47967347166719404
f_dc (1e6): 86.50125520591106  perc: 1.8878482575903412
NMSE:  0.13342348405167603
it no: 266 f_tot= 86503307.20670688 f_lik= 2052.0007958107904 f_dc (1e6)= 86.50125520591106 |g_lik|= 4514.40065695581 |g_dc|= 0.48017273631854174
f_dc (1e6): 86.50054645461026  perc: 1.8878327894343576
NMSE:  0.1334187571575239
it no: 268 f_tot= 86502586.72578599 f_lik= 2040.271175730569 f_dc (1e6)= 86.50054645461026 |g_lik|= 4450.853945429417 |g_dc|= 0.47900304856824977
f_dc (1e6): 86.49984367615814  perc: 1.8878174516329216
NMSE:  0.13341276595944732
it no: 270 f_tot= 86501884.38899846 f_lik= 2040.712840329125 f_dc (1e6)= 86.49984367615814 |g_lik|= 4523.563784765273 |g_dc|= 0.47794557879922694
f_dc (1e6): 86.4992150103632  perc: 1.8878037313045548
NMSE:  0.1334034691138143
it no: 272 f_tot= 86501243.65121073 f_lik= 2028.6408475167411 f_dc (1e6)= 86.4992150103632 |g_lik|= 4536.21974840037 |g_dc|= 0.47803880605431126
f_dc (1e6): 86.49866105912525  perc: 1.8877916415854306
NMSE:  0.1333987841255978
it no: 274 f_tot= 86500688.03330557 f_lik= 2026.9741803142003 f_dc (1e6)= 86.49866105912525 |g_lik|= 4467.4512433486225 |g_dc|= 0.4774703774805777
f_dc (1e6): 86.49812978882244  perc: 1.887780046866798
NMSE:  0.13339126568177676
it no: 276 f_tot= 86500173.90866256 f_lik= 2044.1198401115055 f_dc (1e6)= 86.49812978882244 |g_lik|= 4434.560985062886 |g_dc|= 0.4772129772124323
f_dc (1e6): 86.49749284807477  perc: 1.8877661459415704
NMSE:  0.13338812122592472
it no: 278 f_tot= 86499507.07721055 f_lik= 2014.229135782151 f_dc (1e6)= 86.49749284807477 |g_lik|= 4533.822541472323 |g_dc|= 0.4766838579633646
f_dc (1e6): 86.49701473529026  perc: 1.8877557113601877
NMSE:  0.13338456254594022
it no: 280 f_tot= 86499016.79860587 f_lik= 2002.0633156104316 f_dc (1e6)= 86.49701473529026 |g_lik|= 4493.978789373813 |g_dc|= 0.4766379601387243
f_dc (1e6): 86.49659070203923  perc: 1.8877464570385918
NMSE:  0.13337890560473162
it no: 282 f_tot= 86498608.59721786 f_lik= 2017.8951786368234 f_dc (1e6)= 86.49659070203923 |g_lik|= 4469.179193387389 |g_dc|= 0.4769689583630413
f_dc (1e6): 86.49587139670726  perc: 1.8877307585459584
NMSE:  0.13337435056483238
it no: 284 f_tot= 86497907.633931 f_lik= 2036.2372237432571 f_dc (1e6)= 86.49587139670726 |g_lik|= 4560.426068481864 |g_dc|= 0.4761434778121811
f_dc (1e6): 86.4956413570162  perc: 1.8877257380404302
NMSE:  0.13337083156891466
it no: 286 f_tot= 86497696.7643427 f_lik= 2055.407326507341 f_dc (1e6)= 86.4956413570162 |g_lik|= 4370.807302959346 |g_dc|= 0.4777021750080206
f_dc (1e6): 86.49489463433551  perc: 1.8877094411773583
NMSE:  0.13336522440970924
it no: 288 f_tot= 86496934.00288127 f_lik= 2039.3685457756405 f_dc (1e6)= 86.49489463433551 |g_lik|= 4564.189198158111 |g_dc|= 0.4754849867947368
f_dc (1e6): 86.49459378192644  perc: 1.8877028752183456
NMSE:  0.13336197820919674
it no: 290 f_tot= 86496629.10351269 f_lik= 2035.3215862505776 f_dc (1e6)= 86.49459378192644 |g_lik|= 4637.4387200488245 |g_dc|= 0.4773226368782725
f_dc (1e6): 86.49398161332871  perc: 1.8876895149333666
NMSE:  0.13335463802034445
it no: 292 f_tot= 86496027.64890811 f_lik= 2046.0355793943859 f_dc (1e6)= 86.49398161332871 |g_lik|= 4497.911871520544 |g_dc|= 0.47573767105855197
f_dc (1e6): 86.49350955701826  perc: 1.8876792125316144
NMSE:  0.13335174656230794
it no: 294 f_tot= 86495550.1835427 f_lik= 2040.6265244502113 f_dc (1e6)= 86.49350955701826 |g_lik|= 4468.209567887095 |g_dc|= 0.47564208124845275
f_dc (1e6): 86.49310506614496  perc: 1.8876703847130063
NMSE:  0.13334804285126978
it no: 296 f_tot= 86495146.9377422 f_lik= 2041.871597240993 f_dc (1e6)= 86.49310506614496 |g_lik|= 4345.524441124554 |g_dc|= 0.4759273401355593
f_dc (1e6): 86.4924613193776  perc: 1.8876563352496754
NMSE:  0.1333446964332657
it no: 298 f_tot= 86494523.6542502 f_lik= 2062.33487260546 f_dc (1e6)= 86.4924613193776 |g_lik|= 4372.912827828657 |g_dc|= 0.4744033679373554
f_dc (1e6): 86.49205909702296  perc: 1.887647556940395
NMSE:  0.1333408080236814
('<<RECONSTRUCTION DONE>>', '     Subject: ', 'file_brain_AXFLAIR_200_6002462.h5', '     MSE = ', 0.004082642778380451, '     SSIM = ', 0.6005483987521598)
