('Under sample factor: ', 4)
FLAIR20201020-125121/jonatank_lat60_ns50_ps28_modalityFLAIR_step100000.ckpt
Read from existing sensmap pattern file
Read from existing u.s. pattern file
xxxxxxxxxxxxxxxxxxx contRec is 
xxxxxxxxxxxxxxxxxxx parfact is 25
---- Defining VAE
>>> lat_dim value: 60
>>> mode is: MRIunproc
2020-10-27 10:48:09.628468: I tensorflow/core/platform/cpu_feature_guard.cc:141] Your CPU supports instructions that this TensorFlow binary was not compiled to use: AVX2 FMA
2020-10-27 10:48:09.761224: I tensorflow/core/common_runtime/gpu/gpu_device.cc:1432] Found device 0 with properties: 
name: GeForce GTX TITAN X major: 5 minor: 2 memoryClockRate(GHz): 1.076
pciBusID: 0000:87:00.0
totalMemory: 11.93GiB freeMemory: 11.82GiB
2020-10-27 10:48:09.761266: I tensorflow/core/common_runtime/gpu/gpu_device.cc:1511] Adding visible gpu devices: 0
2020-10-27 10:48:10.225336: I tensorflow/core/common_runtime/gpu/gpu_device.cc:982] Device interconnect StreamExecutor with strength 1 edge matrix:
2020-10-27 10:48:10.225389: I tensorflow/core/common_runtime/gpu/gpu_device.cc:988]      0 
2020-10-27 10:48:10.225397: I tensorflow/core/common_runtime/gpu/gpu_device.cc:1001] 0:   N 
2020-10-27 10:48:10.225705: I tensorflow/core/common_runtime/gpu/gpu_device.cc:1115] Created TensorFlow device (/job:localhost/replica:0/task:0/device:GPU:0 with 11436 MB memory) -> physical GPU (device: 0, name: GeForce GTX TITAN X, pci bus id: 0000:87:00.0, compute capability: 5.2)
Initialized parameters
KCT-info: loaded the new model, trained fastmri
KCT-INFO: the gradients: 
Tensor("gradients_2/AddN_3:0", shape=(1250, 784), dtype=float32)
Tensor("gradients_3/Reshape_2_grad/Reshape:0", shape=(1250, 784), dtype=float32)
Tensor("gradients_4/Reshape_2_grad/Reshape:0", shape=(1250, 784), dtype=float32)
_____DIRECT APPROX_____
KCT-INFO: there will be in total 1035 patches.
contRec is 
it no: 0 f_tot= 108931806.96872687 f_lik= 2055.4734096617926 f_dc (1e6)= 108.9297514953172 |g_lik|= 15548.310263037823 |g_dc|= 12.56357233721149
f_dc (1e6): 99.02540073591584  perc: 2.1611817052997826
NMSE:  0.1678514754640268
it no: 2 f_tot= 99027451.19627221 f_lik= 2050.4603563733326 f_dc (1e6)= 99.02540073591584 |g_lik|= 7096.153552864012 |g_dc|= 8.42260376534597
f_dc (1e6): 93.64603854542439  perc: 2.0437797148420462
NMSE:  0.15759097835955274
it no: 4 f_tot= 93648091.29807982 f_lik= 2052.7526554380142 f_dc (1e6)= 93.64603854542439 |g_lik|= 6632.824164910736 |g_dc|= 5.536160126041786
f_dc (1e6): 91.59634629614341  perc: 1.999046168118472
NMSE:  0.15199076244616588
it no: 6 f_tot= 91598385.94218843 f_lik= 2039.6460450081597 f_dc (1e6)= 91.59634629614341 |g_lik|= 7023.823622075993 |g_dc|= 4.375022777984084
f_dc (1e6): 90.56420542093186  perc: 1.9765201903367904
NMSE:  0.14860755963266228
it no: 8 f_tot= 90566225.31170693 f_lik= 2019.8907750697363 f_dc (1e6)= 90.56420542093186 |g_lik|= 7260.786981868171 |g_dc|= 3.818670655829057
f_dc (1e6): 89.96232632986262  perc: 1.9633844688880058
NMSE:  0.1462786119800963
it no: 10 f_tot= 89964357.54945542 f_lik= 2031.2195927974155 f_dc (1e6)= 89.96232632986262 |g_lik|= 7472.874927195569 |g_dc|= 3.5214593132705403
f_dc (1e6): 89.57693543808261  perc: 1.954973498182365
NMSE:  0.14469192076690549
it no: 12 f_tot= 89578947.7783557 f_lik= 2012.3402730887276 f_dc (1e6)= 89.57693543808261 |g_lik|= 7729.700010971981 |g_dc|= 3.3371374356957713
f_dc (1e6): 89.31207982796214  perc: 1.9491931519794254
NMSE:  0.14332980098221804
it no: 14 f_tot= 89314097.14963628 f_lik= 2017.3216741506258 f_dc (1e6)= 89.31207982796214 |g_lik|= 7784.726274962925 |g_dc|= 3.226960938001773
f_dc (1e6): 89.11458814771191  perc: 1.9448829911203556
NMSE:  0.14245106198923357
it no: 16 f_tot= 89116608.64959574 f_lik= 2020.5018838248118 f_dc (1e6)= 89.11458814771191 |g_lik|= 7990.436064578147 |g_dc|= 3.144392110118531
f_dc (1e6): 88.97296600055252  perc: 1.9417921559282576
NMSE:  0.1417819349684819
it no: 18 f_tot= 88974971.53057434 f_lik= 2005.5300218109858 f_dc (1e6)= 88.97296600055252 |g_lik|= 7983.251474072322 |g_dc|= 3.098829172836214
f_dc (1e6): 88.85201051350447  perc: 1.939152360645217
NMSE:  0.14105083395871998
it no: 20 f_tot= 88854017.3098329 f_lik= 2006.7963284428915 f_dc (1e6)= 88.85201051350447 |g_lik|= 7997.577698590258 |g_dc|= 3.0370952324383382
f_dc (1e6): 88.75698948938236  perc: 1.9370785725320114
NMSE:  0.14072593890064458
it no: 22 f_tot= 88759002.73275454 f_lik= 2013.2433721819377 f_dc (1e6)= 88.75698948938236 |g_lik|= 7963.639247882018 |g_dc|= 2.9963810574880325
f_dc (1e6): 88.68460253187398  perc: 1.9354987620277688
NMSE:  0.14016897468782938
it no: 24 f_tot= 88686589.55633767 f_lik= 1987.0244636919385 f_dc (1e6)= 88.68460253187398 |g_lik|= 7908.892397157462 |g_dc|= 2.9632335716550386
f_dc (1e6): 88.58880880200435  perc: 1.933408109983565
NMSE:  0.13974116416739465
it no: 26 f_tot= 88590832.17978285 f_lik= 2023.3777785019647 f_dc (1e6)= 88.58880880200435 |g_lik|= 8107.904649251223 |g_dc|= 2.916236257088122
f_dc (1e6): 88.57076413017671  perc: 1.9330142937067085
NMSE:  0.13954981420596346
it no: 28 f_tot= 88572798.51696259 f_lik= 2034.3867858814058 f_dc (1e6)= 88.57076413017671 |g_lik|= 8070.735837980442 |g_dc|= 2.9357316403891787
f_dc (1e6): 88.53149665496822  perc: 1.9321572999616368
NMSE:  0.1394267190685124
it no: 30 f_tot= 88533518.48456843 f_lik= 2021.8296002122333 f_dc (1e6)= 88.53149665496822 |g_lik|= 8003.844997813711 |g_dc|= 2.9199706052397776
f_dc (1e6): 88.46613371656301  perc: 1.930730785293317
NMSE:  0.1390695487463293
it no: 32 f_tot= 88468158.52521569 f_lik= 2024.808652687981 f_dc (1e6)= 88.46613371656301 |g_lik|= 8209.292877580714 |g_dc|= 2.8742872744341597
f_dc (1e6): 88.47556626398706  perc: 1.9309366461005018
NMSE:  0.1390415419171234
it no: 34 f_tot= 88477584.7482509 f_lik= 2018.4842638429006 f_dc (1e6)= 88.47556626398706 |g_lik|= 7990.706498765827 |g_dc|= 2.912356840741933
f_dc (1e6): 88.39123645920529  perc: 1.929096188703193
NMSE:  0.13874403294132293
it no: 36 f_tot= 88393257.11309624 f_lik= 2020.6538909530639 f_dc (1e6)= 88.39123645920529 |g_lik|= 8251.281473163564 |g_dc|= 2.8292552751865863
f_dc (1e6): 88.40252610835046  perc: 1.9293425798615267
NMSE:  0.13863422590442265
it no: 38 f_tot= 88404541.5172756 f_lik= 2015.4089251527332 f_dc (1e6)= 88.40252610835046 |g_lik|= 8485.25278357343 |g_dc|= 2.868676260916719
f_dc (1e6): 88.43457502185274  perc: 1.9300420319720064
NMSE:  0.13878750111019011
it no: 40 f_tot= 88436587.82488121 f_lik= 2012.8030284799847 f_dc (1e6)= 88.43457502185274 |g_lik|= 8105.423417454956 |g_dc|= 2.910082600202528
f_dc (1e6): 88.37216092005066  perc: 1.9286798742431317
NMSE:  0.13854120401960496
it no: 42 f_tot= 88374207.43516919 f_lik= 2046.5151185208276 f_dc (1e6)= 88.37216092005066 |g_lik|= 8068.167567795043 |g_dc|= 2.8545646361686274
f_dc (1e6): 88.3331351261775  perc: 1.9278281550768703
NMSE:  0.13835600699118622
it no: 44 f_tot= 88335138.35760535 f_lik= 2003.2314278657095 f_dc (1e6)= 88.3331351261775 |g_lik|= 8185.995342618736 |g_dc|= 2.817935399204792
f_dc (1e6): 88.32756130776446  perc: 1.9277065091729568
NMSE:  0.13823513049797342
it no: 46 f_tot= 88329570.08965619 f_lik= 2008.7818917374384 f_dc (1e6)= 88.32756130776446 |g_lik|= 7892.145530491132 |g_dc|= 2.840681904831821
f_dc (1e6): 88.26611661840141  perc: 1.9263655084039384
NMSE:  0.13818288577305704
it no: 48 f_tot= 88268165.79567234 f_lik= 2049.177270934695 f_dc (1e6)= 88.26611661840141 |g_lik|= 8286.672432971645 |g_dc|= 2.7730922275858725
f_dc (1e6): 88.3214357687466  perc: 1.9275728222324136
NMSE:  0.13832215170530004
it no: 50 f_tot= 88323465.5016991 f_lik= 2029.7329525113105 f_dc (1e6)= 88.3214357687466 |g_lik|= 8226.045960163243 |g_dc|= 2.8465296938243383
f_dc (1e6): 88.30993822388506  perc: 1.9273218938501402
NMSE:  0.1383450402963418
it no: 52 f_tot= 88311961.49811216 f_lik= 2023.2742270991916 f_dc (1e6)= 88.30993822388506 |g_lik|= 7884.736024653909 |g_dc|= 2.8406975131603542
f_dc (1e6): 88.22361118525653  perc: 1.9254378477854919
NMSE:  0.13801167953906332
it no: 54 f_tot= 88225645.53835464 f_lik= 2034.3530981077467 f_dc (1e6)= 88.22361118525653 |g_lik|= 7876.18468318201 |g_dc|= 2.746271705047904
f_dc (1e6): 88.2209407125535  perc: 1.9253795660041775
NMSE:  0.13810576924593182
it no: 56 f_tot= 88222941.6741032 f_lik= 2000.961549706232 f_dc (1e6)= 88.2209407125535 |g_lik|= 8371.842623124337 |g_dc|= 2.7452351461455606
f_dc (1e6): 88.26693139361208  perc: 1.92638329048072
NMSE:  0.13816566904294317
it no: 58 f_tot= 88268951.74175468 f_lik= 2020.3481425893874 f_dc (1e6)= 88.26693139361208 |g_lik|= 7956.4157145781155 |g_dc|= 2.82075979799263
f_dc (1e6): 88.21942746444232  perc: 1.925346540092551
NMSE:  0.13810608583691367
it no: 60 f_tot= 88221454.34712325 f_lik= 2026.8826809419904 f_dc (1e6)= 88.21942746444232 |g_lik|= 7985.508177082203 |g_dc|= 2.7617359786840896
f_dc (1e6): 88.20503608998655  perc: 1.9250324552723255
NMSE:  0.13806510627474416
it no: 62 f_tot= 88207048.28612432 f_lik= 2012.1961377661569 f_dc (1e6)= 88.20503608998655 |g_lik|= 8180.3006986608 |g_dc|= 2.7522284971269677
f_dc (1e6): 88.22959497468821  perc: 1.9255684411095488
NMSE:  0.13817105700047
it no: 64 f_tot= 88231628.01423088 f_lik= 2033.0395426595778 f_dc (1e6)= 88.22959497468821 |g_lik|= 8334.666890051793 |g_dc|= 2.7813471986067144
f_dc (1e6): 88.24638815071084  perc: 1.9259349440928664
NMSE:  0.13832400296427144
it no: 66 f_tot= 88248389.73059294 f_lik= 2001.5798821013313 f_dc (1e6)= 88.24638815071084 |g_lik|= 7934.914358622389 |g_dc|= 2.807690072104508
f_dc (1e6): 88.18750873976504  perc: 1.9246499292905104
NMSE:  0.13823716762705918
it no: 68 f_tot= 88189518.31149586 f_lik= 2009.5717308271498 f_dc (1e6)= 88.18750873976504 |g_lik|= 7903.315531839028 |g_dc|= 2.7302589729704025
f_dc (1e6): 88.16610675668434  perc: 1.924182841311594
NMSE:  0.138095148310899
it no: 70 f_tot= 88168145.65950105 f_lik= 2038.9028167052495 f_dc (1e6)= 88.16610675668434 |g_lik|= 7997.056941768809 |g_dc|= 2.7265525131340933
f_dc (1e6): 88.17226061584185  perc: 1.9243171463255537
NMSE:  0.13820942803278868
it no: 72 f_tot= 88174289.63021855 f_lik= 2029.014376700265 f_dc (1e6)= 88.17226061584185 |g_lik|= 8303.449778047061 |g_dc|= 2.7330997878795715
f_dc (1e6): 88.2085258709678  perc: 1.9251086180624393
NMSE:  0.13848316021719878
it no: 74 f_tot= 88210556.17757386 f_lik= 2030.306606057485 f_dc (1e6)= 88.2085258709678 |g_lik|= 8013.9409640896665 |g_dc|= 2.7857889053350147
f_dc (1e6): 88.17749318021497  perc: 1.9244313445243084
NMSE:  0.13837110511395134
it no: 76 f_tot= 88179511.36736429 f_lik= 2018.1871493130639 f_dc (1e6)= 88.17749318021497 |g_lik|= 7883.359018222888 |g_dc|= 2.745405604790461
f_dc (1e6): 88.14777310210022  perc: 1.923782718125179
NMSE:  0.13824215391119257
it no: 78 f_tot= 88149787.26435205 f_lik= 2014.162251826241 f_dc (1e6)= 88.14777310210022 |g_lik|= 8105.542701087095 |g_dc|= 2.711407283807804
f_dc (1e6): 88.1691389927779  perc: 1.9242490184047727
NMSE:  0.1384664260220537
it no: 80 f_tot= 88171137.88417608 f_lik= 1998.8913981755575 f_dc (1e6)= 88.1691389927779 |g_lik|= 8096.550088094992 |g_dc|= 2.7434085260850094
f_dc (1e6): 88.16659838811091  perc: 1.9241935709308327
NMSE:  0.1385371595266824
it no: 82 f_tot= 88168623.63068433 f_lik= 2025.242573431106 f_dc (1e6)= 88.16659838811091 |g_lik|= 8107.1450876274275 |g_dc|= 2.7388648228742247
f_dc (1e6): 88.16074543730659  perc: 1.9240658330968392
NMSE:  0.13854319078868224
it no: 84 f_tot= 88162786.27135202 f_lik= 2040.8340454410938 f_dc (1e6)= 88.16074543730659 |g_lik|= 7947.164191681637 |g_dc|= 2.7365219338471776
f_dc (1e6): 88.13647155155066  perc: 1.9235360672244228
NMSE:  0.13850525866861987
it no: 86 f_tot= 88138489.71035765 f_lik= 2018.158806987944 f_dc (1e6)= 88.13647155155066 |g_lik|= 7969.264802498089 |g_dc|= 2.709834175966454
f_dc (1e6): 88.14062386973009  perc: 1.9236266895699756
NMSE:  0.13863668679146113
it no: 88 f_tot= 88142620.62443501 f_lik= 1996.7547049256734 f_dc (1e6)= 88.14062386973009 |g_lik|= 8108.7711120263175 |g_dc|= 2.715319859131664
f_dc (1e6): 88.15980609568494  perc: 1.9240453324180982
NMSE:  0.138794102653646
it no: 90 f_tot= 88161830.34219508 f_lik= 2024.2465101346515 f_dc (1e6)= 88.15980609568494 |g_lik|= 8291.422626575111 |g_dc|= 2.7451778991636737
f_dc (1e6): 88.20181190126026  perc: 1.9249620889053336
NMSE:  0.13898607593008624
it no: 92 f_tot= 88203809.96773857 f_lik= 1998.06647831826 f_dc (1e6)= 88.20181190126026 |g_lik|= 7957.284683844959 |g_dc|= 2.784212867090434
f_dc (1e6): 88.14785071188811  perc: 1.923784411921442
NMSE:  0.13889366023176314
it no: 94 f_tot= 88149894.26420797 f_lik= 2043.552319865454 f_dc (1e6)= 88.14785071188811 |g_lik|= 8245.09436531436 |g_dc|= 2.7208168551306002
f_dc (1e6): 88.18225501636002  perc: 1.9245352693060696
NMSE:  0.13896654626609953
it no: 96 f_tot= 88184258.19074987 f_lik= 2003.174389848255 f_dc (1e6)= 88.18225501636002 |g_lik|= 7840.738683628184 |g_dc|= 2.762865803144853
f_dc (1e6): 88.11484014436618  perc: 1.9230639721748746
NMSE:  0.13883855421849603
it no: 98 f_tot= 88116837.99408188 f_lik= 1997.8497156942458 f_dc (1e6)= 88.11484014436618 |g_lik|= 8231.772909443118 |g_dc|= 2.685716562613825
f_dc (1e6): 88.16688941734509  perc: 1.924199922503782
NMSE:  0.1391549086383567
it no: 100 f_tot= 88168870.16452049 f_lik= 1980.7471753928776 f_dc (1e6)= 88.16688941734509 |g_lik|= 8129.448216011626 |g_dc|= 2.7602729659050578
f_dc (1e6): 88.13472921666369  perc: 1.9234980416041856
NMSE:  0.1391197522333278
it no: 102 f_tot= 88136729.93078709 f_lik= 2000.7141234007336 f_dc (1e6)= 88.13472921666369 |g_lik|= 8060.0758514234 |g_dc|= 2.7144842739429142
f_dc (1e6): 88.13135129310264  perc: 1.9234243200484256
NMSE:  0.13919406867077835
it no: 104 f_tot= 88133349.3633207 f_lik= 1998.0702180535452 f_dc (1e6)= 88.13135129310264 |g_lik|= 7871.89641611922 |g_dc|= 2.717642048270922
f_dc (1e6): 88.08812786719555  perc: 1.922480989583549
NMSE:  0.13909036943947828
it no: 106 f_tot= 88090164.36395518 f_lik= 2036.4967596312931 f_dc (1e6)= 88.08812786719555 |g_lik|= 7955.834287106578 |g_dc|= 2.663549345528354
f_dc (1e6): 88.09898594248129  perc: 1.9227179618501384
NMSE:  0.13930568857808717
it no: 108 f_tot= 88101013.50987291 f_lik= 2027.5673916137787 f_dc (1e6)= 88.09898594248129 |g_lik|= 8102.280034211781 |g_dc|= 2.6789699345005435
f_dc (1e6): 88.13339169597266  perc: 1.9234688508589184
NMSE:  0.13942103639433254
it no: 110 f_tot= 88135390.29871713 f_lik= 1998.6027444548834 f_dc (1e6)= 88.13339169597266 |g_lik|= 7981.288630690581 |g_dc|= 2.7198341637912273
f_dc (1e6): 88.09628004847147  perc: 1.922658907015853
NMSE:  0.13948462190227345
it no: 112 f_tot= 88098284.19041389 f_lik= 2004.141942421141 f_dc (1e6)= 88.09628004847147 |g_lik|= 8002.916221089051 |g_dc|= 2.684540635451754
f_dc (1e6): 88.11413936027456  perc: 1.9230486778993965
NMSE:  0.13944263495373435
it no: 114 f_tot= 88116150.83118497 f_lik= 2011.4709104011172 f_dc (1e6)= 88.11413936027456 |g_lik|= 8031.298387140349 |g_dc|= 2.701299426111987
f_dc (1e6): 88.08910250448348  perc: 1.9225022605732174
NMSE:  0.13956518561904582
it no: 116 f_tot= 88091096.40464129 f_lik= 1993.9001578149341 f_dc (1e6)= 88.08910250448348 |g_lik|= 7875.217544890671 |g_dc|= 2.6848137695593453
f_dc (1e6): 88.09327156948837  perc: 1.9225932484101744
NMSE:  0.13965529847881383
it no: 118 f_tot= 88095288.05493976 f_lik= 2016.48545140221 f_dc (1e6)= 88.09327156948837 |g_lik|= 8163.757558126889 |g_dc|= 2.674438940610523
f_dc (1e6): 88.13281840264409  perc: 1.9234563390079764
NMSE:  0.13988973106255395
it no: 120 f_tot= 88134820.60000336 f_lik= 2002.1973592608315 f_dc (1e6)= 88.13281840264409 |g_lik|= 7896.616229745383 |g_dc|= 2.7252603507638944
f_dc (1e6): 88.08174797168695  perc: 1.9223417514350287
NMSE:  0.13979767898209342
it no: 122 f_tot= 88083740.58257444 f_lik= 1992.6108874911354 f_dc (1e6)= 88.08174797168695 |g_lik|= 7904.539233597704 |g_dc|= 2.659176553655761
f_dc (1e6): 88.07354491200704  perc: 1.9221627236060481
NMSE:  0.13996320164416268
it no: 124 f_tot= 88075560.87925126 f_lik= 2015.967244220007 f_dc (1e6)= 88.07354491200704 |g_lik|= 8269.107953472536 |g_dc|= 2.6545262711921
f_dc (1e6): 88.12090893783267  perc: 1.9231964206710737
NMSE:  0.14023230435615922
it no: 126 f_tot= 88122907.97070202 f_lik= 1999.0328693553379 f_dc (1e6)= 88.12090893783267 |g_lik|= 7869.471926865729 |g_dc|= 2.7237735477563176
f_dc (1e6): 88.07173927856422  perc: 1.9221233165252984
NMSE:  0.14024894222071663
it no: 128 f_tot= 88073746.45034873 f_lik= 2007.1717845035735 f_dc (1e6)= 88.07173927856422 |g_lik|= 7859.882817582746 |g_dc|= 2.6417209848451693
f_dc (1e6): 88.06629369437726  perc: 1.9220044692716434
NMSE:  0.14023334012643462
it no: 130 f_tot= 88068300.64330398 f_lik= 2006.9489267113095 f_dc (1e6)= 88.06629369437726 |g_lik|= 7969.643474876209 |g_dc|= 2.650970989420421
f_dc (1e6): 88.0704378982583  perc: 1.9220949145265396
NMSE:  0.14039630470474643
it no: 132 f_tot= 88072437.89997694 f_lik= 2000.001718635559 f_dc (1e6)= 88.0704378982583 |g_lik|= 8203.793254412745 |g_dc|= 2.6457584709362982
f_dc (1e6): 88.11088130428284  perc: 1.9229775723956386
NMSE:  0.1406721810148898
it no: 134 f_tot= 88112880.64332359 f_lik= 1999.339040747143 f_dc (1e6)= 88.11088130428284 |g_lik|= 7814.466270515397 |g_dc|= 2.703515559644841
f_dc (1e6): 88.06555032351139  perc: 1.9219882455603166
NMSE:  0.14053437816170758
it no: 136 f_tot= 88067537.9252202 f_lik= 1987.601708810216 f_dc (1e6)= 88.06555032351139 |g_lik|= 7909.937989040644 |g_dc|= 2.6450594133541427
f_dc (1e6): 88.06435454978966  perc: 1.921962148374424
NMSE:  0.1407809124862195
it no: 138 f_tot= 88066357.59236847 f_lik= 2003.0425788225446 f_dc (1e6)= 88.06435454978966 |g_lik|= 7970.960074623678 |g_dc|= 2.646839355590208
f_dc (1e6): 88.05077772615498  perc: 1.9216658407337854
NMSE:  0.1407511181331353
it no: 140 f_tot= 88052797.79967792 f_lik= 2020.0735229455856 f_dc (1e6)= 88.05077772615498 |g_lik|= 7871.242405156167 |g_dc|= 2.6393179437116285
f_dc (1e6): 88.03899621949125  perc: 1.9214087150218642
NMSE:  0.14084379089525884
it no: 142 f_tot= 88041020.99226408 f_lik= 2024.7727728198824 f_dc (1e6)= 88.03899621949125 |g_lik|= 8004.221636898337 |g_dc|= 2.622343207500076
f_dc (1e6): 88.05370847931133  perc: 1.9217298030107084
NMSE:  0.14089711241136807
it no: 144 f_tot= 88055724.30892836 f_lik= 2015.8296170207432 f_dc (1e6)= 88.05370847931133 |g_lik|= 8264.51736180911 |g_dc|= 2.648565729242544
f_dc (1e6): 88.11642129141826  perc: 1.923098479948203
NMSE:  0.1413517773186143
it no: 146 f_tot= 88118421.92361479 f_lik= 2000.6321965167635 f_dc (1e6)= 88.11642129141826 |g_lik|= 7997.933847600876 |g_dc|= 2.7129463194384495
f_dc (1e6): 88.07861556284296  perc: 1.92227338811979
NMSE:  0.14128768737628836
it no: 148 f_tot= 88080628.3802012 f_lik= 2012.817358251299 f_dc (1e6)= 88.07861556284296 |g_lik|= 7959.127026859793 |g_dc|= 2.653324218379808
f_dc (1e6): 88.0571917496363  perc: 1.9218058237088829
NMSE:  0.1413523452314628
it no: 150 f_tot= 88059182.72807536 f_lik= 1990.978439044044 f_dc (1e6)= 88.0571917496363 |g_lik|= 7797.097938043254 |g_dc|= 2.6306143427750444
f_dc (1e6): 88.02846402105818  perc: 1.9211788548607238
NMSE:  0.14138369075470247
it no: 152 f_tot= 88030463.49263854 f_lik= 1999.4715803491501 f_dc (1e6)= 88.02846402105818 |g_lik|= 8445.180357204761 |g_dc|= 2.6076949104844824
f_dc (1e6): 88.11604842205372  perc: 1.923090342253802
NMSE:  0.14179754322037225
it no: 154 f_tot= 88118032.98126687 f_lik= 1984.5592131442115 f_dc (1e6)= 88.11604842205372 |g_lik|= 7846.442653311332 |g_dc|= 2.719968643438164
f_dc (1e6): 88.04182657252727  perc: 1.9214704861144882
NMSE:  0.1417603966725239
it no: 156 f_tot= 88043809.7775451 f_lik= 1983.205017823719 f_dc (1e6)= 88.04182657252727 |g_lik|= 7855.006547005473 |g_dc|= 2.6184469307061677
f_dc (1e6): 88.0355694214389  perc: 1.9213339268038565
NMSE:  0.1417806398539404
it no: 158 f_tot= 88037580.06978926 f_lik= 2010.648350376515 f_dc (1e6)= 88.0355694214389 |g_lik|= 8016.197450986585 |g_dc|= 2.618023082096012
f_dc (1e6): 88.05493391257292  perc: 1.9217565475017815
NMSE:  0.14181619741168305
it no: 160 f_tot= 88056936.14668684 f_lik= 2002.2341139103116 f_dc (1e6)= 88.05493391257292 |g_lik|= 7927.199457764986 |g_dc|= 2.643192907795129
f_dc (1e6): 88.03579726341444  perc: 1.9213388993453016
NMSE:  0.14204800599000197
it no: 162 f_tot= 88037790.37303689 f_lik= 1993.1096224521455 f_dc (1e6)= 88.03579726341444 |g_lik|= 8003.9922421840965 |g_dc|= 2.613250841800532
f_dc (1e6): 88.02662321696312  perc: 1.9211386801974182
NMSE:  0.14211982496482478
it no: 164 f_tot= 88028608.73793548 f_lik= 1985.520972373599 f_dc (1e6)= 88.02662321696312 |g_lik|= 8162.644293874929 |g_dc|= 2.6063082544367653
f_dc (1e6): 88.05270936245273  perc: 1.9217079977661933
NMSE:  0.14245062650478885
it no: 166 f_tot= 88054715.05059648 f_lik= 2005.6881437464556 f_dc (1e6)= 88.05270936245273 |g_lik|= 7924.417023415063 |g_dc|= 2.6512183370802966
f_dc (1e6): 88.01495522059605  perc: 1.9208840317930833
NMSE:  0.1422972137116676
it no: 168 f_tot= 88016942.94647852 f_lik= 1987.7258824702672 f_dc (1e6)= 88.01495522059605 |g_lik|= 8046.810397288428 |g_dc|= 2.597425340009452
f_dc (1e6): 88.03986303253106  perc: 1.9214276327992184
NMSE:  0.1425525147395599
it no: 170 f_tot= 88041844.45892547 f_lik= 1981.4263944221677 f_dc (1e6)= 88.03986303253106 |g_lik|= 8181.058156116559 |g_dc|= 2.630257009827496
f_dc (1e6): 88.07049405228092  perc: 1.9220961400610537
NMSE:  0.14274994138383126
it no: 172 f_tot= 88072499.33837195 f_lik= 2005.2860910342988 f_dc (1e6)= 88.07049405228092 |g_lik|= 7901.063538123518 |g_dc|= 2.653210789866891
f_dc (1e6): 88.01499229934922  perc: 1.9208848410190233
NMSE:  0.1427636256973906
it no: 174 f_tot= 88016970.29807316 f_lik= 1977.9987239338102 f_dc (1e6)= 88.01499229934922 |g_lik|= 7996.515658942754 |g_dc|= 2.597288614796421
f_dc (1e6): 88.0301946936856  perc: 1.9212166259577603
NMSE:  0.14288919951751297
it no: 176 f_tot= 88032184.19647047 f_lik= 1989.5027848634265 f_dc (1e6)= 88.0301946936856 |g_lik|= 7948.640612434768 |g_dc|= 2.6158638099149734
f_dc (1e6): 88.01370864307015  perc: 1.9208568258386192
NMSE:  0.14293342686709626
it no: 178 f_tot= 88015688.90115874 f_lik= 1980.2580885880334 f_dc (1e6)= 88.01370864307015 |g_lik|= 8195.633676857531 |g_dc|= 2.587527546721877
f_dc (1e6): 88.04888366117271  perc: 1.9216245036772532
NMSE:  0.14335747327525192
it no: 180 f_tot= 88050889.46575475 f_lik= 2005.8045820399693 f_dc (1e6)= 88.04888366117271 |g_lik|= 7962.809532721398 |g_dc|= 2.638454276863239
f_dc (1e6): 88.0038277492576  perc: 1.920641180087317
NMSE:  0.14325320847033515
it no: 182 f_tot= 88005825.1677153 f_lik= 1997.4184576951889 f_dc (1e6)= 88.0038277492576 |g_lik|= 7910.523695332098 |g_dc|= 2.576932355624803
f_dc (1e6): 88.01562421914866  perc: 1.9208986323644728
NMSE:  0.14346993203403666
it no: 184 f_tot= 88017607.07995662 f_lik= 1982.8608079619635 f_dc (1e6)= 88.01562421914866 |g_lik|= 8197.557714476405 |g_dc|= 2.5902110277245955
f_dc (1e6): 88.0439124796476  perc: 1.9215160100333404
NMSE:  0.14368774655769476
it no: 186 f_tot= 88045920.735298 f_lik= 2008.2556503868102 f_dc (1e6)= 88.0439124796476 |g_lik|= 8098.468755679444 |g_dc|= 2.6317648858149467
f_dc (1e6): 88.02461032113872  perc: 1.9210947497149558
NMSE:  0.14362585111056284
it no: 188 f_tot= 88026593.32220343 f_lik= 1983.0010646983555 f_dc (1e6)= 88.02461032113872 |g_lik|= 7797.47734625146 |g_dc|= 2.6049702053960613
f_dc (1e6): 87.97956756877669  perc: 1.9201117133259307
NMSE:  0.14376844100906977
it no: 190 f_tot= 87981555.32480682 f_lik= 1987.756030139015 f_dc (1e6)= 87.97956756877669 |g_lik|= 8075.612215889417 |g_dc|= 2.5460709066350944
f_dc (1e6): 88.02566507411008  perc: 1.9211177691908512
NMSE:  0.1438609939588084
it no: 192 f_tot= 88027656.64243582 f_lik= 1991.5683257448106 f_dc (1e6)= 88.02566507411008 |g_lik|= 7976.279987935048 |g_dc|= 2.6105936786987565
f_dc (1e6): 88.00644298025384  perc: 1.9206982562449715
NMSE:  0.14404380749526594
it no: 194 f_tot= 88008424.04844515 f_lik= 1981.068191315787 f_dc (1e6)= 88.00644298025384 |g_lik|= 7833.637164177708 |g_dc|= 2.5841266665031455
f_dc (1e6): 87.98299795662041  perc: 1.9201865798894069
NMSE:  0.14417909259086803
it no: 196 f_tot= 87984963.77394676 f_lik= 1965.8173263513474 f_dc (1e6)= 87.98299795662041 |g_lik|= 7926.259801237267 |g_dc|= 2.5565932619981475
f_dc (1e6): 87.9891279657264  perc: 1.9203203643874722
NMSE:  0.14436285299272217
it no: 198 f_tot= 87991120.35512333 f_lik= 1992.3893969385965 f_dc (1e6)= 87.9891279657264 |g_lik|= 7818.667148696517 |g_dc|= 2.560738623308403
f_dc (1e6): 87.96565080468012  perc: 1.9198079866483415
NMSE:  0.14445425709973703
('<<RECONSTRUCTION DONE>>', '     Subject: ', 'file_brain_AXFLAIR_200_6002462.h5', '     MSE = ', 1.0, '      RMS = ', 0.4802239692764242, '     SSIM = ', 0.02196435917163059)
