('Under sample factor: ', 4)
FLAIR20201020-125121/jonatank_lat60_ns50_ps28_modalityFLAIR_step100000.ckpt
Read from existing sensmap pattern file
Read from existing u.s. pattern file
xxxxxxxxxxxxxxxxxxx contRec is 
xxxxxxxxxxxxxxxxxxx parfact is 25
---- Defining VAE
>>> lat_dim value: 60
>>> mode is: MRIunproc
2020-10-27 10:41:11.750885: I tensorflow/core/platform/cpu_feature_guard.cc:141] Your CPU supports instructions that this TensorFlow binary was not compiled to use: AVX2 FMA
2020-10-27 10:41:11.898565: I tensorflow/core/common_runtime/gpu/gpu_device.cc:1432] Found device 0 with properties: 
name: GeForce GTX TITAN X major: 5 minor: 2 memoryClockRate(GHz): 1.076
pciBusID: 0000:83:00.0
totalMemory: 11.93GiB freeMemory: 11.82GiB
2020-10-27 10:41:11.898618: I tensorflow/core/common_runtime/gpu/gpu_device.cc:1511] Adding visible gpu devices: 0
2020-10-27 10:41:23.987665: I tensorflow/core/common_runtime/gpu/gpu_device.cc:982] Device interconnect StreamExecutor with strength 1 edge matrix:
2020-10-27 10:41:23.988165: I tensorflow/core/common_runtime/gpu/gpu_device.cc:988]      0 
2020-10-27 10:41:23.988191: I tensorflow/core/common_runtime/gpu/gpu_device.cc:1001] 0:   N 
2020-10-27 10:41:23.988452: I tensorflow/core/common_runtime/gpu/gpu_device.cc:1115] Created TensorFlow device (/job:localhost/replica:0/task:0/device:GPU:0 with 11435 MB memory) -> physical GPU (device: 0, name: GeForce GTX TITAN X, pci bus id: 0000:83:00.0, compute capability: 5.2)
Initialized parameters
KCT-info: loaded the new model, trained fastmri
KCT-INFO: the gradients: 
Tensor("gradients_2/AddN_3:0", shape=(1250, 784), dtype=float32)
Tensor("gradients_3/Reshape_2_grad/Reshape:0", shape=(1250, 784), dtype=float32)
Tensor("gradients_4/Reshape_2_grad/Reshape:0", shape=(1250, 784), dtype=float32)
_____DIRECT APPROX_____
KCT-INFO: there will be in total 1035 patches.
contRec is 
it no: 0 f_tot= 4478937413.335298 f_lik= 1151.9384849922997 f_dc (1e6)= 4478.936261396812 |g_lik|= 169750.95147319947 |g_dc|= 7.0104087208093595e-09
f_dc (1e6): 4478.936261396812  perc: 97.75062797422036
NMSE:  0.965035630576439
it no: 2 f_tot= 4478934357.212174 f_lik= -1904.1846377418155 f_dc (1e6)= 4478.936261396812 |g_lik|= 55040.15207086775 |g_dc|= 7.010409107758354e-09
f_dc (1e6): 4478.936261396812  perc: 97.75062797422036
NMSE:  0.9635755227452197
it no: 4 f_tot= 4478933904.482943 f_lik= -2356.9138697451635 f_dc (1e6)= 4478.936261396812 |g_lik|= 27511.02932350817 |g_dc|= 7.0104082198522775e-09
f_dc (1e6): 4478.936261396812  perc: 97.75062797422036
NMSE:  0.963198560244856
it no: 6 f_tot= 4478933803.734046 f_lik= -2457.6627669270833 f_dc (1e6)= 4478.936261396812 |g_lik|= 17371.083513612906 |g_dc|= 7.010408832993411e-09
f_dc (1e6): 4478.936261396812  perc: 97.75062797422036
NMSE:  0.9628810088342656
it no: 8 f_tot= 4478933760.854578 f_lik= -2500.5422340029763 f_dc (1e6)= 4478.936261396812 |g_lik|= 12290.98439158572 |g_dc|= 7.010408885466138e-09
f_dc (1e6): 4478.936261396812  perc: 97.75062797422036
NMSE:  0.962735452345172
it no: 10 f_tot= 4478933735.787734 f_lik= -2525.609078078497 f_dc (1e6)= 4478.936261396812 |g_lik|= 9551.155358464477 |g_dc|= 7.0104090165947875e-09
f_dc (1e6): 4478.936261396812  perc: 97.75062797422036
NMSE:  0.9626037874701441
it no: 12 f_tot= 4478933718.447388 f_lik= -2542.9494249906993 f_dc (1e6)= 4478.936261396812 |g_lik|= 7706.755876562022 |g_dc|= 7.010408827070364e-09
f_dc (1e6): 4478.936261396812  perc: 97.75062797422036
NMSE:  0.9625216561493846
it no: 14 f_tot= 4478933704.499375 f_lik= -2556.897437453497 f_dc (1e6)= 4478.936261396812 |g_lik|= 6575.9066409078705 |g_dc|= 7.010408636212701e-09
f_dc (1e6): 4478.936261396812  perc: 97.75062797422036
NMSE:  0.9624513368050123
it no: 16 f_tot= 4478933692.795475 f_lik= -2568.6013374255954 f_dc (1e6)= 4478.936261396812 |g_lik|= 5966.69094008882 |g_dc|= 7.010408627930951e-09
f_dc (1e6): 4478.936261396812  perc: 97.75062797422036
NMSE:  0.9623990252155534
it no: 18 f_tot= 4478933682.775662 f_lik= -2578.6211500186014 f_dc (1e6)= 4478.936261396812 |g_lik|= 5530.08298234699 |g_dc|= 7.0104088516736544e-09
f_dc (1e6): 4478.936261396812  perc: 97.75062797422036
NMSE:  0.9623444062326486
it no: 20 f_tot= 4478933673.49265 f_lik= -2587.9041627139136 f_dc (1e6)= 4478.936261396812 |g_lik|= 5299.502416164856 |g_dc|= 7.01040893281525e-09
f_dc (1e6): 4478.936261396812  perc: 97.75062797422036
NMSE:  0.9623032007254496
it no: 22 f_tot= 4478933665.074427 f_lik= -2596.322385370164 f_dc (1e6)= 4478.936261396812 |g_lik|= 5073.92288492732 |g_dc|= 7.010408562450742e-09
f_dc (1e6): 4478.936261396812  perc: 97.75062797422036
NMSE:  0.9622598102710962
it no: 24 f_tot= 4478933656.967954 f_lik= -2604.4288590494793 f_dc (1e6)= 4478.936261396812 |g_lik|= 4852.842531099254 |g_dc|= 7.010408479207926e-09
f_dc (1e6): 4478.936261396812  perc: 97.75062797422036
NMSE:  0.962225757342601
it no: 26 f_tot= 4478933649.5167265 f_lik= -2611.880085797991 f_dc (1e6)= 4478.936261396812 |g_lik|= 4719.17065458742 |g_dc|= 7.010408332578818e-09
f_dc (1e6): 4478.936261396812  perc: 97.75062797422036
NMSE:  0.9621837593965563
it no: 28 f_tot= 4478933642.4051 f_lik= -2618.9917127046133 f_dc (1e6)= 4478.936261396812 |g_lik|= 4609.801094528987 |g_dc|= 7.010408998999748e-09
f_dc (1e6): 4478.936261396812  perc: 97.75062797422036
NMSE:  0.9621526484891008
it no: 30 f_tot= 4478933635.753587 f_lik= -2625.6432259114586 f_dc (1e6)= 4478.936261396812 |g_lik|= 4603.303203722722 |g_dc|= 7.0104084557966e-09
f_dc (1e6): 4478.936261396812  perc: 97.75062797422036
NMSE:  0.962114849158079
it no: 32 f_tot= 4478933629.10067 f_lik= -2632.29614234561 f_dc (1e6)= 4478.936261396812 |g_lik|= 4493.248591207069 |g_dc|= 7.010408270715813e-09
f_dc (1e6): 4478.936261396812  perc: 97.75062797422036
NMSE:  0.9620868472585642
it no: 34 f_tot= 4478933623.073295 f_lik= -2638.3235181826635 f_dc (1e6)= 4478.936261396812 |g_lik|= 4461.665074052461 |g_dc|= 7.0104081368285035e-09
f_dc (1e6): 4478.936261396812  perc: 97.75062797422036
NMSE:  0.9620502661561431
it no: 36 f_tot= 4478933617.003225 f_lik= -2644.3935874720983 f_dc (1e6)= 4478.936261396812 |g_lik|= 4405.852368520008 |g_dc|= 7.0104085201312095e-09
f_dc (1e6): 4478.936261396812  perc: 97.75062797422036
NMSE:  0.9620218196449525
it no: 38 f_tot= 4478933611.49492 f_lik= -2649.901892438616 f_dc (1e6)= 4478.936261396812 |g_lik|= 4364.929091338548 |g_dc|= 7.0104086811122985e-09
f_dc (1e6): 4478.936261396812  perc: 97.75062797422036
NMSE:  0.9619900689466098
it no: 40 f_tot= 4478933605.884074 f_lik= -2655.512738327753 f_dc (1e6)= 4478.936261396812 |g_lik|= 4350.987866428715 |g_dc|= 7.0104088103977075e-09
f_dc (1e6): 4478.936261396812  perc: 97.75062797422036
NMSE:  0.9619594034650649
it no: 42 f_tot= 4478933600.777015 f_lik= -2660.6197979445683 f_dc (1e6)= 4478.936261396812 |g_lik|= 4329.795543916636 |g_dc|= 7.010408110483047e-09
f_dc (1e6): 4478.936261396812  perc: 97.75062797422036
NMSE:  0.9619253992288145
it no: 44 f_tot= 4478933595.678291 f_lik= -2665.718521437872 f_dc (1e6)= 4478.936261396812 |g_lik|= 4174.919602583448 |g_dc|= 7.010408815913303e-09
f_dc (1e6): 4478.936261396812  perc: 97.75062797422036
NMSE:  0.9618946152143503
it no: 46 f_tot= 4478933590.934357 f_lik= -2670.4624560546877 f_dc (1e6)= 4478.936261396812 |g_lik|= 4130.123733086829 |g_dc|= 7.010408553729584e-09
f_dc (1e6): 4478.936261396812  perc: 97.75062797422036
NMSE:  0.9618634606608358
it no: 48 f_tot= 4478933586.346856 f_lik= -2675.0499562872023 f_dc (1e6)= 4478.936261396812 |g_lik|= 4043.252893124598 |g_dc|= 7.010408917237879e-09
f_dc (1e6): 4478.936261396812  perc: 97.75062797422036
NMSE:  0.9618378805339276
it no: 50 f_tot= 4478933581.941503 f_lik= -2679.4553094773064 f_dc (1e6)= 4478.936261396812 |g_lik|= 3968.153501643601 |g_dc|= 7.010408331649259e-09
f_dc (1e6): 4478.936261396812  perc: 97.75062797422036
NMSE:  0.9618072422167159
it no: 52 f_tot= 4478933577.514581 f_lik= -2683.8822319103424 f_dc (1e6)= 4478.936261396812 |g_lik|= 4026.416703920915 |g_dc|= 7.010408667707018e-09
f_dc (1e6): 4478.936261396812  perc: 97.75062797422036
NMSE:  0.9617770249400177
it no: 54 f_tot= 4478933573.242243 f_lik= -2688.1545691499255 f_dc (1e6)= 4478.936261396812 |g_lik|= 4036.443079052492 |g_dc|= 7.010408733797161e-09
f_dc (1e6): 4478.936261396812  perc: 97.75062797422036
NMSE:  0.9617500758823435
it no: 56 f_tot= 4478933569.208485 f_lik= -2692.188328218006 f_dc (1e6)= 4478.936261396812 |g_lik|= 4006.2605088228083 |g_dc|= 7.010408831331898e-09
f_dc (1e6): 4478.936261396812  perc: 97.75062797422036
NMSE:  0.9617221900621975
it no: 58 f_tot= 4478933565.151958 f_lik= -2696.2448544456847 f_dc (1e6)= 4478.936261396812 |g_lik|= 3943.4857445647003 |g_dc|= 7.010408382951925e-09
f_dc (1e6): 4478.936261396812  perc: 97.75062797422036
NMSE:  0.9616914092722366
it no: 60 f_tot= 4478933561.428797 f_lik= -2699.968015950521 f_dc (1e6)= 4478.936261396812 |g_lik|= 3964.013759475373 |g_dc|= 7.010408761284708e-09
f_dc (1e6): 4478.936261396812  perc: 97.75062797422036
NMSE:  0.9616676226473253
it no: 62 f_tot= 4478933557.637419 f_lik= -2703.759393368676 f_dc (1e6)= 4478.936261396812 |g_lik|= 3879.358964101759 |g_dc|= 7.0104088406465634e-09
f_dc (1e6): 4478.936261396812  perc: 97.75062797422036
NMSE:  0.9616325621710241
it no: 64 f_tot= 4478933553.7763195 f_lik= -2707.6204931640623 f_dc (1e6)= 4478.936261396812 |g_lik|= 3830.2276427520196 |g_dc|= 7.010408656082413e-09
f_dc (1e6): 4478.936261396812  perc: 97.75062797422036
NMSE:  0.9616077681974012
it no: 66 f_tot= 4478933550.341347 f_lik= -2711.055465494792 f_dc (1e6)= 4478.936261396812 |g_lik|= 3895.2622282515754 |g_dc|= 7.0104086008716275e-09
f_dc (1e6): 4478.936261396812  perc: 97.75062797422036
NMSE:  0.9615822170683639
it no: 68 f_tot= 4478933546.771089 f_lik= -2714.6257235863095 f_dc (1e6)= 4478.936261396812 |g_lik|= 3960.580800915145 |g_dc|= 7.0104091539345004e-09
f_dc (1e6): 4478.936261396812  perc: 97.75062797422036
NMSE:  0.9615517698954623
it no: 70 f_tot= 4478933543.2971 f_lik= -2718.099712611607 f_dc (1e6)= 4478.936261396812 |g_lik|= 3918.298911729113 |g_dc|= 7.0104087081439695e-09
f_dc (1e6): 4478.936261396812  perc: 97.75062797422036
NMSE:  0.9615243431009863
it no: 72 f_tot= 4478933539.811021 f_lik= -2721.5857914806547 f_dc (1e6)= 4478.936261396812 |g_lik|= 3830.341570206502 |g_dc|= 7.010409077596024e-09
f_dc (1e6): 4478.936261396812  perc: 97.75062797422036
NMSE:  0.9614995386951054
it no: 74 f_tot= 4478933536.612638 f_lik= -2724.784173874628 f_dc (1e6)= 4478.936261396812 |g_lik|= 3724.8955541153264 |g_dc|= 7.010408762513433e-09
f_dc (1e6): 4478.936261396812  perc: 97.75062797422036
NMSE:  0.961474289024188
it no: 76 f_tot= 4478933533.690094 f_lik= -2727.7067180524555 f_dc (1e6)= 4478.936261396812 |g_lik|= 3740.8891628296524 |g_dc|= 7.010408487444883e-09
f_dc (1e6): 4478.936261396812  perc: 97.75062797422036
NMSE:  0.9614463355406746
it no: 78 f_tot= 4478933530.421285 f_lik= -2730.97552734375 f_dc (1e6)= 4478.936261396812 |g_lik|= 3712.878674551836 |g_dc|= 7.010408303234134e-09
f_dc (1e6): 4478.936261396812  perc: 97.75062797422036
NMSE:  0.9614175869417985
it no: 80 f_tot= 4478933527.403224 f_lik= -2733.993588169643 f_dc (1e6)= 4478.936261396812 |g_lik|= 3660.8001517991224 |g_dc|= 7.0104086124375075e-09
f_dc (1e6): 4478.936261396812  perc: 97.75062797422036
NMSE:  0.9613891080507756
it no: 82 f_tot= 4478933524.369007 f_lik= -2737.0278052920385 f_dc (1e6)= 4478.936261396812 |g_lik|= 3628.802717637242 |g_dc|= 7.0104091658105434e-09
f_dc (1e6): 4478.936261396812  perc: 97.75062797422036
NMSE:  0.9613646520424525
it no: 84 f_tot= 4478933521.431544 f_lik= -2739.9652685546876 f_dc (1e6)= 4478.936261396812 |g_lik|= 3767.5851585560526 |g_dc|= 7.010408310908401e-09
f_dc (1e6): 4478.936261396812  perc: 97.75062797422036
NMSE:  0.961333914642396
it no: 86 f_tot= 4478933518.6189995 f_lik= -2742.7778134300597 f_dc (1e6)= 4478.936261396812 |g_lik|= 3734.2610807689766 |g_dc|= 7.010408559654119e-09
f_dc (1e6): 4478.936261396812  perc: 97.75062797422036
NMSE:  0.9613096531381454
it no: 88 f_tot= 4478933515.782774 f_lik= -2745.614038783482 f_dc (1e6)= 4478.936261396812 |g_lik|= 3719.7361606681943 |g_dc|= 7.010408763284574e-09
f_dc (1e6): 4478.936261396812  perc: 97.75062797422036
NMSE:  0.9612820364012902
it no: 90 f_tot= 4478933513.148743 f_lik= -2748.2480696614584 f_dc (1e6)= 4478.936261396812 |g_lik|= 3677.7935639016805 |g_dc|= 7.010408838347919e-09
f_dc (1e6): 4478.936261396812  perc: 97.75062797422036
NMSE:  0.9612568347408488
it no: 92 f_tot= 4478933510.4188385 f_lik= -2750.977974330357 f_dc (1e6)= 4478.936261396812 |g_lik|= 3609.2965101911345 |g_dc|= 7.01040880362405e-09
f_dc (1e6): 4478.936261396812  perc: 97.75062797422036
NMSE:  0.9612273917066715
it no: 94 f_tot= 4478933507.642168 f_lik= -2753.754644252232 f_dc (1e6)= 4478.936261396812 |g_lik|= 3540.2390119907077 |g_dc|= 7.01040818107779e-09
f_dc (1e6): 4478.936261396812  perc: 97.75062797422036
NMSE:  0.961203667179563
it no: 96 f_tot= 4478933505.166134 f_lik= -2756.2306789434524 f_dc (1e6)= 4478.936261396812 |g_lik|= 3578.3850250430514 |g_dc|= 7.010408503990958e-09
f_dc (1e6): 4478.936261396812  perc: 97.75062797422036
NMSE:  0.9611805111250963
it no: 98 f_tot= 4478933502.668828 f_lik= -2758.727984328497 f_dc (1e6)= 4478.936261396812 |g_lik|= 3614.0034027908637 |g_dc|= 7.010408556690049e-09
f_dc (1e6): 4478.936261396812  perc: 97.75062797422036
NMSE:  0.9611536596812741
it no: 100 f_tot= 4478933500.228128 f_lik= -2761.1686841982887 f_dc (1e6)= 4478.936261396812 |g_lik|= 3588.0988795090075 |g_dc|= 7.010408600321232e-09
f_dc (1e6): 4478.936261396812  perc: 97.75062797422036
NMSE:  0.9611229554783786
it no: 102 f_tot= 4478933497.585545 f_lik= -2763.811268136161 f_dc (1e6)= 4478.936261396812 |g_lik|= 3484.6364256128945 |g_dc|= 7.010408423352392e-09
f_dc (1e6): 4478.936261396812  perc: 97.75062797422036
NMSE:  0.9611003894675945
it no: 104 f_tot= 4478933495.5232525 f_lik= -2765.8735595703124 f_dc (1e6)= 4478.936261396812 |g_lik|= 3413.3673498270264 |g_dc|= 7.010408418774613e-09
f_dc (1e6): 4478.936261396812  perc: 97.75062797422036
NMSE:  0.961077336121695
it no: 106 f_tot= 4478933493.03471 f_lik= -2768.3621021670388 f_dc (1e6)= 4478.936261396812 |g_lik|= 3594.0924033678084 |g_dc|= 7.0104086981709e-09
f_dc (1e6): 4478.936261396812  perc: 97.75062797422036
NMSE:  0.9610496109589499
it no: 108 f_tot= 4478933490.641375 f_lik= -2770.755438058036 f_dc (1e6)= 4478.936261396812 |g_lik|= 3423.9231246514123 |g_dc|= 7.0104087759696124e-09
f_dc (1e6): 4478.936261396812  perc: 97.75062797422036
NMSE:  0.9610227363123858
it no: 110 f_tot= 4478933488.434045 f_lik= -2772.962767857143 f_dc (1e6)= 4478.936261396812 |g_lik|= 3528.3692574750803 |g_dc|= 7.010408947314129e-09
f_dc (1e6): 4478.936261396812  perc: 97.75062797422036
NMSE:  0.9609951103136495
it no: 112 f_tot= 4478933486.2385645 f_lik= -2775.158247535342 f_dc (1e6)= 4478.936261396812 |g_lik|= 3515.588927294273 |g_dc|= 7.010408449543793e-09
f_dc (1e6): 4478.936261396812  perc: 97.75062797422036
NMSE:  0.9609718161204259
it no: 114 f_tot= 4478933484.099606 f_lik= -2777.297207263765 f_dc (1e6)= 4478.936261396812 |g_lik|= 3508.0689616381355 |g_dc|= 7.0104082630111025e-09
f_dc (1e6): 4478.936261396812  perc: 97.75062797422036
NMSE:  0.9609424001796841
it no: 116 f_tot= 4478933481.932575 f_lik= -2779.4642373511906 f_dc (1e6)= 4478.936261396812 |g_lik|= 3405.0450592238926 |g_dc|= 7.010408762945736e-09
f_dc (1e6): 4478.936261396812  perc: 97.75062797422036
NMSE:  0.9609166205274892
it no: 118 f_tot= 4478933479.830691 f_lik= -2781.566121186756 f_dc (1e6)= 4478.936261396812 |g_lik|= 3454.7530987144405 |g_dc|= 7.010408345410049e-09
f_dc (1e6): 4478.936261396812  perc: 97.75062797422036
NMSE:  0.9608899527043364
it no: 120 f_tot= 4478933477.738172 f_lik= -2783.658640718006 f_dc (1e6)= 4478.936261396812 |g_lik|= 3419.9430594527316 |g_dc|= 7.010408942931895e-09
f_dc (1e6): 4478.936261396812  perc: 97.75062797422036
NMSE:  0.9608670468405769
it no: 122 f_tot= 4478933475.765993 f_lik= -2785.6308191499256 f_dc (1e6)= 4478.936261396812 |g_lik|= 3347.6440609111687 |g_dc|= 7.0104084355727524e-09
f_dc (1e6): 4478.936261396812  perc: 97.75062797422036
NMSE:  0.9608391625940452
it no: 124 f_tot= 4478933473.776189 f_lik= -2787.6206236049106 f_dc (1e6)= 4478.936261396812 |g_lik|= 3343.00157312049 |g_dc|= 7.010408533567963e-09
f_dc (1e6): 4478.936261396812  perc: 97.75062797422036
NMSE:  0.960816666573293
it no: 126 f_tot= 4478933471.861753 f_lik= -2789.535058826265 f_dc (1e6)= 4478.936261396812 |g_lik|= 3330.9616064286024 |g_dc|= 7.010408311692562e-09
f_dc (1e6): 4478.936261396812  perc: 97.75062797422036
NMSE:  0.9607948451724709
it no: 128 f_tot= 4478933470.056631 f_lik= -2791.340181361607 f_dc (1e6)= 4478.936261396812 |g_lik|= 3370.1372708217646 |g_dc|= 7.010408913013723e-09
f_dc (1e6): 4478.936261396812  perc: 97.75062797422036
NMSE:  0.9607727961913269
it no: 130 f_tot= 4478933468.177404 f_lik= -2793.219408482143 f_dc (1e6)= 4478.936261396812 |g_lik|= 3401.467253973468 |g_dc|= 7.010408954149122e-09
f_dc (1e6): 4478.936261396812  perc: 97.75062797422036
NMSE:  0.9607492363099062
it no: 132 f_tot= 4478933466.317379 f_lik= -2795.07943312872 f_dc (1e6)= 4478.936261396812 |g_lik|= 3432.6193580427243 |g_dc|= 7.010408440659532e-09
f_dc (1e6): 4478.936261396812  perc: 97.75062797422036
NMSE:  0.9607262401237838
it no: 134 f_tot= 4478933464.362168 f_lik= -2797.0346440197172 f_dc (1e6)= 4478.936261396812 |g_lik|= 3451.342479535693 |g_dc|= 7.010408377953338e-09
f_dc (1e6): 4478.936261396812  perc: 97.75062797422036
NMSE:  0.9607004561583654
it no: 136 f_tot= 4478933462.7842045 f_lik= -2798.6126081194197 f_dc (1e6)= 4478.936261396812 |g_lik|= 3408.920741800707 |g_dc|= 7.010408641294603e-09
f_dc (1e6): 4478.936261396812  perc: 97.75062797422036
NMSE:  0.9606782885868804
it no: 138 f_tot= 4478933460.894246 f_lik= -2800.502566499256 f_dc (1e6)= 4478.936261396812 |g_lik|= 3393.597178911252 |g_dc|= 7.010408421132548e-09
f_dc (1e6): 4478.936261396812  perc: 97.75062797422036
NMSE:  0.960657137888013
it no: 140 f_tot= 4478933459.107352 f_lik= -2802.289460565476 f_dc (1e6)= 4478.936261396812 |g_lik|= 3362.752915571255 |g_dc|= 7.010408350187409e-09
f_dc (1e6): 4478.936261396812  perc: 97.75062797422036
NMSE:  0.9606326236268748
it no: 142 f_tot= 4478933457.343867 f_lik= -2804.052945033482 f_dc (1e6)= 4478.936261396812 |g_lik|= 3299.444401321053 |g_dc|= 7.010408197469123e-09
f_dc (1e6): 4478.936261396812  perc: 97.75062797422036
NMSE:  0.9606098968207909
it no: 144 f_tot= 4478933455.827535 f_lik= -2805.5692780412946 f_dc (1e6)= 4478.936261396812 |g_lik|= 3354.112423313888 |g_dc|= 7.010409079996746e-09
f_dc (1e6): 4478.936261396812  perc: 97.75062797422036
NMSE:  0.9605883214027245
it no: 146 f_tot= 4478933454.047201 f_lik= -2807.349611235119 f_dc (1e6)= 4478.936261396812 |g_lik|= 3287.53036072178 |g_dc|= 7.010408868728698e-09
f_dc (1e6): 4478.936261396812  perc: 97.75062797422036
NMSE:  0.9605693429383316
it no: 148 f_tot= 4478933452.559391 f_lik= -2808.8374214099704 f_dc (1e6)= 4478.936261396812 |g_lik|= 3283.3056255691677 |g_dc|= 7.0104084427787016e-09
f_dc (1e6): 4478.936261396812  perc: 97.75062797422036
NMSE:  0.9605462378554572
it no: 150 f_tot= 4478933451.023194 f_lik= -2810.3736183965775 f_dc (1e6)= 4478.936261396812 |g_lik|= 3202.6496806889577 |g_dc|= 7.0104086443064596e-09
f_dc (1e6): 4478.936261396812  perc: 97.75062797422036
NMSE:  0.9605251536888735
it no: 152 f_tot= 4478933449.509886 f_lik= -2811.8869268508183 f_dc (1e6)= 4478.936261396812 |g_lik|= 3241.518901091564 |g_dc|= 7.010408849290968e-09
f_dc (1e6): 4478.936261396812  perc: 97.75062797422036
NMSE:  0.9605042806829424
it no: 154 f_tot= 4478933448.116718 f_lik= -2813.280094401042 f_dc (1e6)= 4478.936261396812 |g_lik|= 3198.4223803638465 |g_dc|= 7.0104089067180045e-09
f_dc (1e6): 4478.936261396812  perc: 97.75062797422036
NMSE:  0.9604809644331586
it no: 156 f_tot= 4478933446.60515 f_lik= -2814.791662016369 f_dc (1e6)= 4478.936261396812 |g_lik|= 3234.3336303075175 |g_dc|= 7.010408175148284e-09
f_dc (1e6): 4478.936261396812  perc: 97.75062797422036
NMSE:  0.9604586099379752
it no: 158 f_tot= 4478933445.139777 f_lik= -2816.257035435268 f_dc (1e6)= 4478.936261396812 |g_lik|= 3211.3840741928325 |g_dc|= 7.010408859862034e-09
f_dc (1e6): 4478.936261396812  perc: 97.75062797422036
NMSE:  0.9604407928825609
it no: 160 f_tot= 4478933443.903313 f_lik= -2817.4934993489583 f_dc (1e6)= 4478.936261396812 |g_lik|= 3170.37133659448 |g_dc|= 7.0104091542587304e-09
f_dc (1e6): 4478.936261396812  perc: 97.75062797422036
NMSE:  0.9604179182000726
it no: 162 f_tot= 4478933442.35037 f_lik= -2819.0464420572916 f_dc (1e6)= 4478.936261396812 |g_lik|= 3181.681783332592 |g_dc|= 7.010408714526582e-09
f_dc (1e6): 4478.936261396812  perc: 97.75062797422036
NMSE:  0.9603937297676293
it no: 164 f_tot= 4478933441.066953 f_lik= -2820.329859793527 f_dc (1e6)= 4478.936261396812 |g_lik|= 3185.7153204925366 |g_dc|= 7.010408541796443e-09
f_dc (1e6): 4478.936261396812  perc: 97.75062797422036
NMSE:  0.9603721558104079
it no: 166 f_tot= 4478933439.813089 f_lik= -2821.5837230282737 f_dc (1e6)= 4478.936261396812 |g_lik|= 3146.701620355817 |g_dc|= 7.010408912326939e-09
f_dc (1e6): 4478.936261396812  perc: 97.75062797422036
NMSE:  0.9603534124327178
it no: 168 f_tot= 4478933438.438886 f_lik= -2822.957927129836 f_dc (1e6)= 4478.936261396812 |g_lik|= 3223.76563947048 |g_dc|= 7.010408755541222e-09
f_dc (1e6): 4478.936261396812  perc: 97.75062797422036
NMSE:  0.9603321512764066
it no: 170 f_tot= 4478933437.242593 f_lik= -2824.1542192150296 f_dc (1e6)= 4478.936261396812 |g_lik|= 3159.8738002611703 |g_dc|= 7.010408417369212e-09
f_dc (1e6): 4478.936261396812  perc: 97.75062797422036
NMSE:  0.9603132775130582
it no: 172 f_tot= 4478933435.848783 f_lik= -2825.5480303664435 f_dc (1e6)= 4478.936261396812 |g_lik|= 3179.1255752824095 |g_dc|= 7.010408474842213e-09
f_dc (1e6): 4478.936261396812  perc: 97.75062797422036
NMSE:  0.9602910809476193
it no: 174 f_tot= 4478933434.592754 f_lik= -2826.804058547247 f_dc (1e6)= 4478.936261396812 |g_lik|= 3101.6030384504834 |g_dc|= 7.010408919880169e-09
f_dc (1e6): 4478.936261396812  perc: 97.75062797422036
NMSE:  0.960269100200812
it no: 176 f_tot= 4478933433.506181 f_lik= -2827.8906319754465 f_dc (1e6)= 4478.936261396812 |g_lik|= 3118.453949961732 |g_dc|= 7.0104089564152514e-09
f_dc (1e6): 4478.936261396812  perc: 97.75062797422036
NMSE:  0.9602516039766463
it no: 178 f_tot= 4478933432.208146 f_lik= -2829.188666062128 f_dc (1e6)= 4478.936261396812 |g_lik|= 3149.422519916726 |g_dc|= 7.010408743804412e-09
f_dc (1e6): 4478.936261396812  perc: 97.75062797422036
NMSE:  0.960231202022671
it no: 180 f_tot= 4478933431.024603 f_lik= -2830.372209588914 f_dc (1e6)= 4478.936261396812 |g_lik|= 3074.3948885106365 |g_dc|= 7.0104087759240075e-09
f_dc (1e6): 4478.936261396812  perc: 97.75062797422036
NMSE:  0.9602123217746668
it no: 182 f_tot= 4478933429.969979 f_lik= -2831.4268329148067 f_dc (1e6)= 4478.936261396812 |g_lik|= 3088.3050471339757 |g_dc|= 7.010408914343803e-09
f_dc (1e6): 4478.936261396812  perc: 97.75062797422036
NMSE:  0.960195027351173
it no: 184 f_tot= 4478933428.872168 f_lik= -2832.524644484747 f_dc (1e6)= 4478.936261396812 |g_lik|= 3065.542475700264 |g_dc|= 7.010408563616491e-09
f_dc (1e6): 4478.936261396812  perc: 97.75062797422036
NMSE:  0.9601775705426443
it no: 186 f_tot= 4478933427.868408 f_lik= -2833.528403785342 f_dc (1e6)= 4478.936261396812 |g_lik|= 3092.6086638698002 |g_dc|= 7.0104087772487695e-09
f_dc (1e6): 4478.936261396812  perc: 97.75062797422036
NMSE:  0.9601554513354346
it no: 188 f_tot= 4478933426.763662 f_lik= -2834.633150111607 f_dc (1e6)= 4478.936261396812 |g_lik|= 3061.1469444224426 |g_dc|= 7.010408497562099e-09
f_dc (1e6): 4478.936261396812  perc: 97.75062797422036
NMSE:  0.9601377375396226
it no: 190 f_tot= 4478933425.734486 f_lik= -2835.662326543899 f_dc (1e6)= 4478.936261396812 |g_lik|= 3051.393637419285 |g_dc|= 7.0104088399308644e-09
f_dc (1e6): 4478.936261396812  perc: 97.75062797422036
NMSE:  0.9601196413731556
it no: 192 f_tot= 4478933424.714583 f_lik= -2836.682229120164 f_dc (1e6)= 4478.936261396812 |g_lik|= 3108.0833767667427 |g_dc|= 7.010408866287629e-09
f_dc (1e6): 4478.936261396812  perc: 97.75062797422036
NMSE:  0.9601022477619262
it no: 194 f_tot= 4478933423.602715 f_lik= -2837.7940980747767 f_dc (1e6)= 4478.936261396812 |g_lik|= 3053.5693802753817 |g_dc|= 7.0104089428590474e-09
f_dc (1e6): 4478.936261396812  perc: 97.75062797422036
NMSE:  0.9600832669426178
it no: 196 f_tot= 4478933422.451481 f_lik= -2838.9453311011903 f_dc (1e6)= 4478.936261396812 |g_lik|= 3071.1911177324096 |g_dc|= 7.010408882748268e-09
f_dc (1e6): 4478.936261396812  perc: 97.75062797422036
NMSE:  0.9600643049262682
it no: 198 f_tot= 4478933421.560983 f_lik= -2839.835830078125 f_dc (1e6)= 4478.936261396812 |g_lik|= 2996.1333955237537 |g_dc|= 7.010408272372722e-09
f_dc (1e6): 4478.936261396812  perc: 97.75062797422036
NMSE:  0.9600477769959791
('<<RECONSTRUCTION DONE>>', '     Subject: ', 'file_brain_AXFLAIR_200_6002462.h5', '     MSE = ', 1.0, '      RMS = ', 0.4802239692764242, '     SSIM = ', 0.02196435917163059)
