('Under sample factor: ', 4)
FLAIR20201020-125121/jonatank_lat60_ns50_ps28_modalityFLAIR_step100000.ckpt
Read from existing sensmap pattern file
Read from existing u.s. pattern file
xxxxxxxxxxxxxxxxxxx contRec is 
xxxxxxxxxxxxxxxxxxx parfact is 25
---- Defining VAE
>>> lat_dim value: 60
>>> mode is: MRIunproc
2020-10-27 11:42:17.656910: I tensorflow/core/platform/cpu_feature_guard.cc:141] Your CPU supports instructions that this TensorFlow binary was not compiled to use: AVX2 FMA
2020-10-27 11:42:17.805915: I tensorflow/core/common_runtime/gpu/gpu_device.cc:1432] Found device 0 with properties: 
name: GeForce GTX TITAN X major: 5 minor: 2 memoryClockRate(GHz): 1.076
pciBusID: 0000:05:00.0
totalMemory: 11.93GiB freeMemory: 11.82GiB
2020-10-27 11:42:17.805962: I tensorflow/core/common_runtime/gpu/gpu_device.cc:1511] Adding visible gpu devices: 0
2020-10-27 11:42:18.317839: I tensorflow/core/common_runtime/gpu/gpu_device.cc:982] Device interconnect StreamExecutor with strength 1 edge matrix:
2020-10-27 11:42:18.317892: I tensorflow/core/common_runtime/gpu/gpu_device.cc:988]      0 
2020-10-27 11:42:18.317901: I tensorflow/core/common_runtime/gpu/gpu_device.cc:1001] 0:   N 
2020-10-27 11:42:18.318107: I tensorflow/core/common_runtime/gpu/gpu_device.cc:1115] Created TensorFlow device (/job:localhost/replica:0/task:0/device:GPU:0 with 11435 MB memory) -> physical GPU (device: 0, name: GeForce GTX TITAN X, pci bus id: 0000:05:00.0, compute capability: 5.2)
Initialized parameters
KCT-info: loaded the new model, trained fastmri
KCT-INFO: the gradients: 
Tensor("gradients_2/AddN_3:0", shape=(1250, 784), dtype=float32)
Tensor("gradients_3/Reshape_2_grad/Reshape:0", shape=(1250, 784), dtype=float32)
Tensor("gradients_4/Reshape_2_grad/Reshape:0", shape=(1250, 784), dtype=float32)
_____DIRECT APPROX_____
KCT-INFO: there will be in total 1035 patches.
contRec is 
it no: 0 f_tot= 108931820.51045133 f_lik= 2069.015134125664 f_dc (1e6)= 108.9297514953172 |g_lik|= 15534.464076115064 |g_dc|= 12.56357233721149
f_dc (1e6): 97.1682308462276  perc: 2.1206498664039053
NMSE:  0.16430143229923116
it no: 2 f_tot= 97170259.29576956 f_lik= 2028.4495419593084 f_dc (1e6)= 97.1682308462276 |g_lik|= 8907.23386614336 |g_dc|= 7.348952834747297
f_dc (1e6): 92.83776567479451  perc: 2.026139548501756
NMSE:  0.1562654283134224
it no: 4 f_tot= 92839815.67172036 f_lik= 2049.9969258517312 f_dc (1e6)= 92.83776567479451 |g_lik|= 9319.540932677115 |g_dc|= 4.929693104483681
f_dc (1e6): 91.01231395587857  perc: 1.9862999434154798
NMSE:  0.15174311251829972
it no: 6 f_tot= 91014337.72247274 f_lik= 2023.7665941756113 f_dc (1e6)= 91.01231395587857 |g_lik|= 9976.165140168408 |g_dc|= 3.845360966425048
f_dc (1e6): 90.01523377306357  perc: 1.9645391483689298
NMSE:  0.1490004055197246
it no: 8 f_tot= 90017261.8590507 f_lik= 2028.0859871392022 f_dc (1e6)= 90.01523377306357 |g_lik|= 10891.321144045723 |g_dc|= 3.258093036971015
f_dc (1e6): 89.421238075893  perc: 1.951575478197321
NMSE:  0.14681845692241427
it no: 10 f_tot= 89423288.69133581 f_lik= 2050.6154428164164 f_dc (1e6)= 89.421238075893 |g_lik|= 10897.792297934939 |g_dc|= 2.934730286877296
f_dc (1e6): 89.0105681806671  perc: 1.9426128054094924
NMSE:  0.14532925952948103
it no: 12 f_tot= 89012608.45930497 f_lik= 2040.2786378842309 f_dc (1e6)= 89.0105681806671 |g_lik|= 11669.772905012895 |g_dc|= 2.7023297370153143
f_dc (1e6): 88.7351226048706  perc: 1.936601338303142
NMSE:  0.14415816213038857
it no: 14 f_tot= 88737175.02188192 f_lik= 2052.4170113136656 f_dc (1e6)= 88.7351226048706 |g_lik|= 11380.963378482114 |g_dc|= 2.585868818432948
f_dc (1e6): 88.49361711657055  perc: 1.9313305972693793
NMSE:  0.14302492505084624
it no: 16 f_tot= 88495663.45702963 f_lik= 2046.3404590715681 f_dc (1e6)= 88.49361711657055 |g_lik|= 11595.772263894241 |g_dc|= 2.431678330369919
f_dc (1e6): 88.32869131664013  perc: 1.92773117107274
NMSE:  0.14231116871243885
it no: 18 f_tot= 88330723.89528242 f_lik= 2032.5786422811236 f_dc (1e6)= 88.32869131664013 |g_lik|= 11538.738221499865 |g_dc|= 2.351697490798144
f_dc (1e6): 88.19641193612472  perc: 1.924844237265517
NMSE:  0.14162259578403852
it no: 20 f_tot= 88198452.83880754 f_lik= 2040.9026828325364 f_dc (1e6)= 88.19641193612472 |g_lik|= 11522.738545084543 |g_dc|= 2.2890184682997243
f_dc (1e6): 88.08778881219982  perc: 1.9224735898714709
NMSE:  0.14104306191109883
it no: 22 f_tot= 88089861.90112709 f_lik= 2073.0889272748855 f_dc (1e6)= 88.08778881219982 |g_lik|= 11888.720062262748 |g_dc|= 2.2326978464896055
f_dc (1e6): 88.01376678980674  perc: 1.9208580948631566
NMSE:  0.14054294360900033
it no: 24 f_tot= 88015807.47480437 f_lik= 2040.684997636704 f_dc (1e6)= 88.01376678980674 |g_lik|= 11503.731324080298 |g_dc|= 2.2105270433216324
f_dc (1e6): 87.91953507574645  perc: 1.9188015330621164
NMSE:  0.14013200372608212
it no: 26 f_tot= 87921589.091211 f_lik= 2054.015464557466 f_dc (1e6)= 87.91953507574645 |g_lik|= 11687.875849021799 |g_dc|= 2.1354051753841508
f_dc (1e6): 87.87285090912489  perc: 1.9177826735969705
NMSE:  0.1396190665628279
it no: 28 f_tot= 87874877.50608227 f_lik= 2026.5969573647635 f_dc (1e6)= 87.87285090912489 |g_lik|= 11357.400382684751 |g_dc|= 2.1244160205876237
f_dc (1e6): 87.80757416969682  perc: 1.9163580401798357
NMSE:  0.1392910061979852
it no: 30 f_tot= 87809618.39105874 f_lik= 2044.2213619129998 f_dc (1e6)= 87.80757416969682 |g_lik|= 11937.385606062831 |g_dc|= 2.0730792527384105
f_dc (1e6): 87.79135327985789  perc: 1.9160040270670071
NMSE:  0.1390514769889396
it no: 32 f_tot= 87793406.75599536 f_lik= 2053.4761374773298 f_dc (1e6)= 87.79135327985789 |g_lik|= 11473.887033169021 |g_dc|= 2.1026256004992896
f_dc (1e6): 87.73909993837374  perc: 1.9148636230412008
NMSE:  0.1387345023964681
it no: 34 f_tot= 87741119.72152816 f_lik= 2019.7831544094995 f_dc (1e6)= 87.73909993837374 |g_lik|= 11504.497232130096 |g_dc|= 2.0556190609643816
f_dc (1e6): 87.70315009025474  perc: 1.9140790349104215
NMSE:  0.13850387608188985
it no: 36 f_tot= 87705199.85768192 f_lik= 2049.767427177429 f_dc (1e6)= 87.70315009025474 |g_lik|= 11604.504189678266 |g_dc|= 2.0433990693358792
f_dc (1e6): 87.67296864132793  perc: 1.9134203393153992
NMSE:  0.13821444758766765
it no: 38 f_tot= 87675030.7545828 f_lik= 2062.113254867508 f_dc (1e6)= 87.67296864132793 |g_lik|= 11626.74459196554 |g_dc|= 2.027213488645363
f_dc (1e6): 87.66036752288326  perc: 1.913145325970878
NMSE:  0.13812937888383406
it no: 40 f_tot= 87662405.89831646 f_lik= 2038.3754331856683 f_dc (1e6)= 87.66036752288326 |g_lik|= 11529.028223810026 |g_dc|= 2.0366687815610884
f_dc (1e6): 87.62288856011439  perc: 1.9123273656489024
NMSE:  0.13784886109097905
it no: 42 f_tot= 87624938.19184999 f_lik= 2049.6317356091454 f_dc (1e6)= 87.62288856011439 |g_lik|= 11447.946190292323 |g_dc|= 1.9996939192946661
f_dc (1e6): 87.60910534509955  perc: 1.9120265536157381
NMSE:  0.1377527740128439
it no: 44 f_tot= 87611159.52968313 f_lik= 2054.1845835781096 f_dc (1e6)= 87.60910534509955 |g_lik|= 11446.270713029415 |g_dc|= 1.9955394531733384
f_dc (1e6): 87.58772820703359  perc: 1.9115600078673094
NMSE:  0.13753328324451505
it no: 46 f_tot= 87589746.51171993 f_lik= 2018.3046863395828 f_dc (1e6)= 87.58772820703359 |g_lik|= 11207.165124099083 |g_dc|= 1.9831630860476985
f_dc (1e6): 87.55575823170011  perc: 1.9108622785443665
NMSE:  0.13742078737392538
it no: 48 f_tot= 87557790.48790568 f_lik= 2032.2562055714925 f_dc (1e6)= 87.55575823170011 |g_lik|= 11516.846580559995 |g_dc|= 1.9512317632886875
f_dc (1e6): 87.55328741091098  perc: 1.9108083540699705
NMSE:  0.13728829258735095
it no: 50 f_tot= 87555332.20001982 f_lik= 2044.7891088449387 f_dc (1e6)= 87.55328741091098 |g_lik|= 11202.809958259819 |g_dc|= 1.9646381492795513
f_dc (1e6): 87.53783084644228  perc: 1.9104710219904404
NMSE:  0.1372336679461426
it no: 52 f_tot= 87539860.2709339 f_lik= 2029.4244916103 f_dc (1e6)= 87.53783084644228 |g_lik|= 11266.25976918112 |g_dc|= 1.9513619711324401
f_dc (1e6): 87.52330466112764  perc: 1.9101539949881108
NMSE:  0.13710555583094416
it no: 54 f_tot= 87525347.94032758 f_lik= 2043.279199938093 f_dc (1e6)= 87.52330466112764 |g_lik|= 11396.49643471024 |g_dc|= 1.9437433854768023
f_dc (1e6): 87.51380442666157  perc: 1.9099466569438155
NMSE:  0.13704503035066973
it no: 56 f_tot= 87515823.6391224 f_lik= 2019.2124608348665 f_dc (1e6)= 87.51380442666157 |g_lik|= 11241.168658832226 |g_dc|= 1.944409325418703
f_dc (1e6): 87.49935615587576  perc: 1.9096313303885737
NMSE:  0.13691326694706304
it no: 58 f_tot= 87501395.62734435 f_lik= 2039.4714686003185 f_dc (1e6)= 87.49935615587576 |g_lik|= 11438.578980034988 |g_dc|= 1.9325920213795014
f_dc (1e6): 87.49063520412285  perc: 1.9094409998143864
NMSE:  0.13678278150178852
it no: 60 f_tot= 87492666.742205 f_lik= 2031.538082144601 f_dc (1e6)= 87.49063520412285 |g_lik|= 11002.49839560592 |g_dc|= 1.932974821784268
f_dc (1e6): 87.47244854228482  perc: 1.9090440846738999
NMSE:  0.1367021562347792
it no: 62 f_tot= 87474462.11851525 f_lik= 2013.5762304433188 f_dc (1e6)= 87.47244854228482 |g_lik|= 11278.78107221169 |g_dc|= 1.904627578110025
f_dc (1e6): 87.47623026629671  perc: 1.909126618980131
NMSE:  0.13671222056999388
it no: 64 f_tot= 87478275.18069696 f_lik= 2044.9144002460298 f_dc (1e6)= 87.47623026629671 |g_lik|= 11416.699290931008 |g_dc|= 1.9284833344299093
f_dc (1e6): 87.46553656522946  perc: 1.9088932341017388
NMSE:  0.13660586148603085
it no: 66 f_tot= 87467599.65260263 f_lik= 2063.087373168582 f_dc (1e6)= 87.46553656522946 |g_lik|= 11305.60683677376 |g_dc|= 1.9140435459416174
f_dc (1e6): 87.46135141704616  perc: 1.9088018952571546
NMSE:  0.13648583315253004
it no: 68 f_tot= 87463389.24328344 f_lik= 2037.826237279347 f_dc (1e6)= 87.46135141704616 |g_lik|= 11384.077856530304 |g_dc|= 1.9182525479343615
f_dc (1e6): 87.46263576842098  perc: 1.908829925607689
NMSE:  0.13651501848697137
it no: 70 f_tot= 87464667.31883991 f_lik= 2031.5504189264207 f_dc (1e6)= 87.46263576842098 |g_lik|= 11146.840819310151 |g_dc|= 1.9234282353860388
f_dc (1e6): 87.44546422424443  perc: 1.9084551649215384
NMSE:  0.1365468139070431
it no: 72 f_tot= 87447523.19673991 f_lik= 2058.9724954784483 f_dc (1e6)= 87.44546422424443 |g_lik|= 11362.78498978141 |g_dc|= 1.9005644812046185
f_dc (1e6): 87.44925288809803  perc: 1.9085378506864745
NMSE:  0.13642153262256185
it no: 74 f_tot= 87451323.01326561 f_lik= 2070.1251675796507 f_dc (1e6)= 87.44925288809803 |g_lik|= 11061.828841999015 |g_dc|= 1.9165499851622787
f_dc (1e6): 87.4282703599353  perc: 1.9080799171092384
NMSE:  0.13639574663212034
it no: 76 f_tot= 87430280.81314233 f_lik= 2010.4532070250739 f_dc (1e6)= 87.4282703599353 |g_lik|= 11463.019213491047 |g_dc|= 1.8858261797491132
f_dc (1e6): 87.44143357140862  perc: 1.9083671978635475
NMSE:  0.13639584800703547
it no: 78 f_tot= 87443461.47068648 f_lik= 2027.8992778523764 f_dc (1e6)= 87.44143357140862 |g_lik|= 11268.440333223027 |g_dc|= 1.9135845317005244
f_dc (1e6): 87.4206070876279  perc: 1.9079126698798368
NMSE:  0.13629992832873822
it no: 80 f_tot= 87422625.28855872 f_lik= 2018.2009308151971 f_dc (1e6)= 87.4206070876279 |g_lik|= 11377.385824042345 |g_dc|= 1.888981938465658
f_dc (1e6): 87.42791474390278  perc: 1.908072155960504
NMSE:  0.13636581301705758
it no: 82 f_tot= 87429981.20294902 f_lik= 2066.4590462421233 f_dc (1e6)= 87.42791474390278 |g_lik|= 11215.428537192774 |g_dc|= 1.913355481442851
f_dc (1e6): 87.40797815803742  perc: 1.9076370495704449
NMSE:  0.13628714834048855
it no: 84 f_tot= 87410019.92296487 f_lik= 2041.7649274499076 f_dc (1e6)= 87.40797815803742 |g_lik|= 11141.125765595489 |g_dc|= 1.8800432509201415
f_dc (1e6): 87.41052785173  perc: 1.9076926954079931
NMSE:  0.13628801276266336
it no: 86 f_tot= 87412624.07542595 f_lik= 2096.2236959693546 f_dc (1e6)= 87.41052785173 |g_lik|= 11438.90225222881 |g_dc|= 1.8884993392829994
f_dc (1e6): 87.41596703234624  perc: 1.9078114029067998
NMSE:  0.1362615795642132
it no: 88 f_tot= 87417995.24625812 f_lik= 2028.2139118830362 f_dc (1e6)= 87.41596703234624 |g_lik|= 11220.469040498028 |g_dc|= 1.8997064257328318
f_dc (1e6): 87.41128631531437  perc: 1.9077092485106368
NMSE:  0.13629049081062766
it no: 90 f_tot= 87413334.4865196 f_lik= 2048.1712052349817 f_dc (1e6)= 87.41128631531437 |g_lik|= 11173.918359654926 |g_dc|= 1.8942645802085571
f_dc (1e6): 87.39628757141345  perc: 1.9073819081446273
NMSE:  0.13634498885805366
it no: 92 f_tot= 87398313.7014468 f_lik= 2026.1300333495367 f_dc (1e6)= 87.39628757141345 |g_lik|= 11427.148697298147 |g_dc|= 1.8752355979010318
f_dc (1e6): 87.40844270767877  perc: 1.9076471881427572
NMSE:  0.13629014840380474
it no: 94 f_tot= 87410486.38408105 f_lik= 2043.6764022768111 f_dc (1e6)= 87.40844270767877 |g_lik|= 11247.664826194494 |g_dc|= 1.899549296473771
f_dc (1e6): 87.39883447162457  perc: 1.9074374930157874
NMSE:  0.13624651355806183
it no: 96 f_tot= 87400845.13360755 f_lik= 2010.6619829877218 f_dc (1e6)= 87.39883447162457 |g_lik|= 11105.619957759605 |g_dc|= 1.8899184598639764
f_dc (1e6): 87.39019421732068  perc: 1.907248923624581
NMSE:  0.1361889927042435
it no: 98 f_tot= 87392232.4824713 f_lik= 2038.2651506196885 f_dc (1e6)= 87.39019421732068 |g_lik|= 11300.77098974557 |g_dc|= 1.8747387484982976
f_dc (1e6): 87.3833323739566  perc: 1.9070991671961008
NMSE:  0.13636856823470359
it no: 100 f_tot= 87385356.97478467 f_lik= 2024.6008280645099 f_dc (1e6)= 87.3833323739566 |g_lik|= 11196.764004379627 |g_dc|= 1.8737313699181424
f_dc (1e6): 87.38006100299619  perc: 1.9070277710995605
NMSE:  0.1361568284238173
it no: 102 f_tot= 87382076.92454015 f_lik= 2015.9215439514887 f_dc (1e6)= 87.38006100299619 |g_lik|= 10813.388101318928 |g_dc|= 1.8724412040692362
f_dc (1e6): 87.35991998219781  perc: 1.9065882030154924
NMSE:  0.13629086837293256
it no: 104 f_tot= 87361959.99388947 f_lik= 2040.0116916547502 f_dc (1e6)= 87.35991998219781 |g_lik|= 11162.061444992212 |g_dc|= 1.835264593565984
f_dc (1e6): 87.38014349093969  perc: 1.9070295713592218
NMSE:  0.13627710432543533
it no: 106 f_tot= 87382157.7740805 f_lik= 2014.2831408146449 f_dc (1e6)= 87.38014349093969 |g_lik|= 11226.974732700395 |g_dc|= 1.876801930976377
f_dc (1e6): 87.37363123114021  perc: 1.906887444423767
NMSE:  0.13627909654582032
it no: 108 f_tot= 87375669.78282456 f_lik= 2038.5516843450637 f_dc (1e6)= 87.37363123114021 |g_lik|= 11018.615314815343 |g_dc|= 1.8726461737033449
f_dc (1e6): 87.36398722404851  perc: 1.9066769686111222
NMSE:  0.1362698521407233
it no: 110 f_tot= 87366021.33897395 f_lik= 2034.114925441742 f_dc (1e6)= 87.36398722404851 |g_lik|= 11105.237758088999 |g_dc|= 1.8554632973021168
f_dc (1e6): 87.36057524032792  perc: 1.9066025037087748
NMSE:  0.13632211431230837
it no: 112 f_tot= 87362593.00267594 f_lik= 2017.7623480042957 f_dc (1e6)= 87.36057524032792 |g_lik|= 11308.195420151233 |g_dc|= 1.8525537668250425
f_dc (1e6): 87.36584773705815  perc: 1.9067175734120014
NMSE:  0.13631021795669002
it no: 114 f_tot= 87367896.76689377 f_lik= 2049.029835622878 f_dc (1e6)= 87.36584773705815 |g_lik|= 11223.402727130697 |g_dc|= 1.86861550393432
f_dc (1e6): 87.36280393091495  perc: 1.906651143808059
NMSE:  0.13635851688929543
it no: 116 f_tot= 87364834.31451757 f_lik= 2030.3836026164463 f_dc (1e6)= 87.36280393091495 |g_lik|= 11086.711252901825 |g_dc|= 1.8662433051724825
f_dc (1e6): 87.35485285188487  perc: 1.90647761533547
NMSE:  0.1363448182187518
it no: 118 f_tot= 87356872.1418167 f_lik= 2019.2899318368095 f_dc (1e6)= 87.35485285188487 |g_lik|= 11297.67226107302 |g_dc|= 1.851945074266554
f_dc (1e6): 87.36822822650184  perc: 1.9067695264482645
NMSE:  0.13647235762448373
it no: 120 f_tot= 87370260.51780038 f_lik= 2032.2912985338482 f_dc (1e6)= 87.36822822650184 |g_lik|= 11246.861793067705 |g_dc|= 1.876354196999764
f_dc (1e6): 87.3565892174938  perc: 1.9065155106790874
NMSE:  0.13641861903885594
it no: 122 f_tot= 87358631.76138149 f_lik= 2042.5438876905896 f_dc (1e6)= 87.3565892174938 |g_lik|= 10934.008045987226 |g_dc|= 1.8672921576494368
f_dc (1e6): 87.34465333170878  perc: 1.9062550157171543
NMSE:  0.13635630407905855
it no: 124 f_tot= 87346646.19001916 f_lik= 1992.8583103706724 f_dc (1e6)= 87.34465333170878 |g_lik|= 10980.200356031413 |g_dc|= 1.8401830193581663
f_dc (1e6): 87.33989347581719  perc: 1.9061511341534711
NMSE:  0.13638757888462746
it no: 126 f_tot= 87341902.75643593 f_lik= 2009.2806187484377 f_dc (1e6)= 87.33989347581719 |g_lik|= 11452.759306781367 |g_dc|= 1.8364419021172342
f_dc (1e6): 87.36870504636966  perc: 1.9067799328123625
NMSE:  0.13643565908827715
it no: 128 f_tot= 87370739.72613788 f_lik= 2034.679768215361 f_dc (1e6)= 87.36870504636966 |g_lik|= 10978.388806048759 |g_dc|= 1.882040226734566
f_dc (1e6): 87.34237875142193  perc: 1.90620537409726
NMSE:  0.13646976603774646
it no: 130 f_tot= 87344409.49650022 f_lik= 2030.7450783012027 f_dc (1e6)= 87.34237875142193 |g_lik|= 11032.850641167932 |g_dc|= 1.8430481069236333
f_dc (1e6): 87.34894439474229  perc: 1.9063486661023623
NMSE:  0.13653528677573593
it no: 132 f_tot= 87350952.38113956 f_lik= 2007.9863972672963 f_dc (1e6)= 87.34894439474229 |g_lik|= 11003.548331303664 |g_dc|= 1.8552229095169748
f_dc (1e6): 87.33411759658132  perc: 1.906025078369361
NMSE:  0.1364750241336698
it no: 134 f_tot= 87336140.32273686 f_lik= 2022.7261555408297 f_dc (1e6)= 87.33411759658132 |g_lik|= 11354.60788243686 |g_dc|= 1.8351038553226282
f_dc (1e6): 87.35245846559594  perc: 1.9064253590072493
NMSE:  0.13654623862355725
it no: 136 f_tot= 87354482.87999278 f_lik= 2024.414396843683 f_dc (1e6)= 87.35245846559594 |g_lik|= 11178.236310667424 |g_dc|= 1.8698442516795322
f_dc (1e6): 87.34861279095006  perc: 1.9063414290092136
NMSE:  0.1365135921004157
it no: 138 f_tot= 87350654.77416769 f_lik= 2041.9832176281157 f_dc (1e6)= 87.34861279095006 |g_lik|= 11153.642785675993 |g_dc|= 1.8580248541524296
f_dc (1e6): 87.34501203549837  perc: 1.9062628442547003
NMSE:  0.13662540733035067
it no: 140 f_tot= 87347060.80370471 f_lik= 2048.768206343878 f_dc (1e6)= 87.34501203549837 |g_lik|= 10997.234853209984 |g_dc|= 1.855925152667852
f_dc (1e6): 87.34184008274535  perc: 1.906193617912681
NMSE:  0.13662554807104638
it no: 142 f_tot= 87343880.45768335 f_lik= 2040.374938016619 f_dc (1e6)= 87.34184008274535 |g_lik|= 11322.040724240207 |g_dc|= 1.850679081485323
f_dc (1e6): 87.34700871933084  perc: 1.9063064209182425
NMSE:  0.13670198805026593
it no: 144 f_tot= 87349019.20171677 f_lik= 2010.4823859114874 f_dc (1e6)= 87.34700871933084 |g_lik|= 11083.270902928374 |g_dc|= 1.8650726512774536
f_dc (1e6): 87.33292095242695  perc: 1.9059989621866953
NMSE:  0.13667465985635222
it no: 146 f_tot= 87334928.72468896 f_lik= 2007.7722620173863 f_dc (1e6)= 87.33292095242695 |g_lik|= 11488.825340191963 |g_dc|= 1.8476066197732073
f_dc (1e6): 87.35442547645864  perc: 1.9064682880725092
NMSE:  0.13681921748104517
it no: 148 f_tot= 87356441.61460812 f_lik= 2016.1381494845664 f_dc (1e6)= 87.35442547645864 |g_lik|= 11044.409719536166 |g_dc|= 1.8768073900127094
f_dc (1e6): 87.34118104443279  perc: 1.906179234718737
NMSE:  0.13680909184839
it no: 150 f_tot= 87343196.37113902 f_lik= 2015.3267062268937 f_dc (1e6)= 87.34118104443279 |g_lik|= 11318.885906512185 |g_dc|= 1.853609439873977
f_dc (1e6): 87.34290923910743  perc: 1.9062169517356466
NMSE:  0.1368345589986778
it no: 152 f_tot= 87344944.25614934 f_lik= 2035.017041909354 f_dc (1e6)= 87.34290923910743 |g_lik|= 10912.175764249298 |g_dc|= 1.8569107355174364
f_dc (1e6): 87.32905685717257  perc: 1.9059146301677465
NMSE:  0.13671612117500737
it no: 154 f_tot= 87331080.2816662 f_lik= 2023.4244936261857 f_dc (1e6)= 87.32905685717257 |g_lik|= 11299.774118284067 |g_dc|= 1.8326115155963818
f_dc (1e6): 87.3302203367313  perc: 1.905940022549076
NMSE:  0.1369535079114884
it no: 156 f_tot= 87332262.90629068 f_lik= 2042.5695593770345 f_dc (1e6)= 87.3302203367313 |g_lik|= 11245.114826538022 |g_dc|= 1.8412692248515141
f_dc (1e6): 87.33630465691476  perc: 1.9060728099083992
NMSE:  0.1369125947742123
it no: 158 f_tot= 87338312.43597427 f_lik= 2007.779059513637 f_dc (1e6)= 87.33630465691476 |g_lik|= 10894.07743718331 |g_dc|= 1.8552131066344264
f_dc (1e6): 87.31792254777301  perc: 1.9056716292245874
NMSE:  0.13693673728772857
it no: 160 f_tot= 87319931.67447375 f_lik= 2009.1267007409958 f_dc (1e6)= 87.31792254777301 |g_lik|= 10989.091738754261 |g_dc|= 1.8276724743502628
f_dc (1e6): 87.32147894276414  perc: 1.9057492458334027
NMSE:  0.1369514890697514
it no: 162 f_tot= 87323503.95171621 f_lik= 2025.008952060881 f_dc (1e6)= 87.32147894276414 |g_lik|= 11044.356422923562 |g_dc|= 1.831346384137414
f_dc (1e6): 87.32228576158455  perc: 1.9057668542657966
NMSE:  0.13699451207532587
it no: 164 f_tot= 87324317.11546281 f_lik= 2031.3538782573883 f_dc (1e6)= 87.32228576158455 |g_lik|= 11010.07340399361 |g_dc|= 1.835436055045958
f_dc (1e6): 87.32845942973819  perc: 1.905901591601562
NMSE:  0.13714486698732647
it no: 166 f_tot= 87330474.4789293 f_lik= 2015.0491910988944 f_dc (1e6)= 87.32845942973819 |g_lik|= 11286.328766842047 |g_dc|= 1.8429343797161715
f_dc (1e6): 87.33538157705293  perc: 1.9060526641347382
NMSE:  0.137066756085221
it no: 168 f_tot= 87337383.89635174 f_lik= 2002.319298811413 f_dc (1e6)= 87.33538157705293 |g_lik|= 10872.067777468725 |g_dc|= 1.8556966542288644
f_dc (1e6): 87.31021542799677  perc: 1.9055034250452842
NMSE:  0.13713087714942593
it no: 170 f_tot= 87312254.6274751 f_lik= 2039.1994783294201 f_dc (1e6)= 87.31021542799677 |g_lik|= 11119.395994119524 |g_dc|= 1.8158630518108396
f_dc (1e6): 87.31649008077696  perc: 1.905640366321915
NMSE:  0.1370928157454712
it no: 172 f_tot= 87318522.64121765 f_lik= 2032.5604406938098 f_dc (1e6)= 87.31649008077696 |g_lik|= 11098.670375466885 |g_dc|= 1.8380782810473844
f_dc (1e6): 87.32280221169515  perc: 1.905778125540868
NMSE:  0.1372115186290278
it no: 174 f_tot= 87324804.0938767 f_lik= 2001.8821815590632 f_dc (1e6)= 87.32280221169515 |g_lik|= 11183.922770584379 |g_dc|= 1.844683879065853
f_dc (1e6): 87.3259874874397  perc: 1.905847642650764
NMSE:  0.13720946955158148
it no: 176 f_tot= 87327994.46442185 f_lik= 2006.9769821421305 f_dc (1e6)= 87.3259874874397 |g_lik|= 11073.399489406673 |g_dc|= 1.8539547835639072
f_dc (1e6): 87.31441692374251  perc: 1.9055951206675503
NMSE:  0.13728927927859125
it no: 178 f_tot= 87316424.15926604 f_lik= 2007.2355235145205 f_dc (1e6)= 87.31441692374251 |g_lik|= 11371.583139444689 |g_dc|= 1.8353801210004415
f_dc (1e6): 87.33901829909705  perc: 1.9061320338428192
NMSE:  0.13734947374189782
it no: 180 f_tot= 87341053.45781699 f_lik= 2035.1587199438186 f_dc (1e6)= 87.33901829909705 |g_lik|= 11046.616463061877 |g_dc|= 1.8787010963967317
f_dc (1e6): 87.31400334321363  perc: 1.905586094471584
NMSE:  0.13727391915323664
it no: 182 f_tot= 87316042.44668855 f_lik= 2039.103474911281 f_dc (1e6)= 87.31400334321363 |g_lik|= 10954.475986716185 |g_dc|= 1.8314246482578547
f_dc (1e6): 87.30928562873869  perc: 1.9054831326240345
NMSE:  0.13737063532213928
it no: 184 f_tot= 87311323.54528949 f_lik= 2037.916550792853 f_dc (1e6)= 87.30928562873869 |g_lik|= 11256.095793520992 |g_dc|= 1.8180294209921404
f_dc (1e6): 87.32134042196198  perc: 1.905746222683572
NMSE:  0.13743647679751608
it no: 186 f_tot= 87323357.24284464 f_lik= 2016.8208826696305 f_dc (1e6)= 87.32134042196198 |g_lik|= 11185.07584309657 |g_dc|= 1.853386495468636
f_dc (1e6): 87.32043775777606  perc: 1.905726522472211
slurmstepd: error: *** JOB 122193 ON biwirender10 CANCELLED AT 2020-10-27T12:11:53 ***
