('Under sample factor: ', 4)
FLAIR20201020-125121/jonatank_lat60_ns50_ps28_modalityFLAIR_step100000.ckpt
Read from existing sensmap pattern file
Read from existing u.s. pattern file
xxxxxxxxxxxxxxxxxxx contRec is 
xxxxxxxxxxxxxxxxxxx parfact is 25
---- Defining VAE
>>> lat_dim value: 60
>>> mode is: MRIunproc
2020-10-27 11:21:23.170816: I tensorflow/core/platform/cpu_feature_guard.cc:141] Your CPU supports instructions that this TensorFlow binary was not compiled to use: AVX2 FMA
2020-10-27 11:21:23.443425: I tensorflow/core/common_runtime/gpu/gpu_device.cc:1432] Found device 0 with properties: 
name: TITAN Xp COLLECTORS EDITION major: 6 minor: 1 memoryClockRate(GHz): 1.582
pciBusID: 0000:88:00.0
totalMemory: 11.91GiB freeMemory: 11.76GiB
2020-10-27 11:21:23.443473: I tensorflow/core/common_runtime/gpu/gpu_device.cc:1511] Adding visible gpu devices: 0
2020-10-27 11:21:33.042259: I tensorflow/core/common_runtime/gpu/gpu_device.cc:982] Device interconnect StreamExecutor with strength 1 edge matrix:
2020-10-27 11:21:33.044548: I tensorflow/core/common_runtime/gpu/gpu_device.cc:988]      0 
2020-10-27 11:21:33.044566: I tensorflow/core/common_runtime/gpu/gpu_device.cc:1001] 0:   N 
2020-10-27 11:21:33.044761: I tensorflow/core/common_runtime/gpu/gpu_device.cc:1115] Created TensorFlow device (/job:localhost/replica:0/task:0/device:GPU:0 with 11376 MB memory) -> physical GPU (device: 0, name: TITAN Xp COLLECTORS EDITION, pci bus id: 0000:88:00.0, compute capability: 6.1)
Initialized parameters
KCT-info: loaded the new model, trained fastmri
KCT-INFO: the gradients: 
Tensor("gradients_2/AddN_3:0", shape=(1250, 784), dtype=float32)
Tensor("gradients_3/Reshape_2_grad/Reshape:0", shape=(1250, 784), dtype=float32)
Tensor("gradients_4/Reshape_2_grad/Reshape:0", shape=(1250, 784), dtype=float32)
_____DIRECT APPROX_____
KCT-INFO: there will be in total 1035 patches.
contRec is 
it no: 0 f_tot= 17416853439.10349 f_lik= 2052.90286734581 f_dc (1e6)= 17416.851386200622 |g_lik|= 17893.894074002998 |g_dc|= 580.2882789850963
f_dc (1e6): 17318.04673039216  perc: 377.9580338691382
NMSE:  0.21438856762519526
it no: 2 f_tot= 17318048788.257313 f_lik= 2057.8651515651886 f_dc (1e6)= 17318.04673039216 |g_lik|= 10368.073680927313 |g_dc|= 578.9327996352632
f_dc (1e6): 17329.30497531452  perc: 378.20373964542557
NMSE:  0.20381551205297288
it no: 4 f_tot= 17329307004.129005 f_lik= 2028.8144832901728 f_dc (1e6)= 17329.30497531452 |g_lik|= 13317.874681522773 |g_dc|= 578.9131385057973
f_dc (1e6): 17327.943121219447  perc: 378.17401783532745
NMSE:  0.2208406215720258
it no: 6 f_tot= 17327945193.46357 f_lik= 2072.244121236347 f_dc (1e6)= 17327.943121219447 |g_lik|= 12575.10271062816 |g_dc|= 578.9166245969196
f_dc (1e6): 17310.131895847044  perc: 377.78529641498733
NMSE:  0.22224492552115108
it no: 8 f_tot= 17310133939.92424 f_lik= 2044.0771994636173 f_dc (1e6)= 17310.131895847044 |g_lik|= 12963.994041504893 |g_dc|= 578.5758086723615
f_dc (1e6): 17289.899567646156  perc: 377.3437355908107
NMSE:  0.23324484815395471
it no: 10 f_tot= 17289901642.112827 f_lik= 2074.4666705712816 f_dc (1e6)= 17289.899567646156 |g_lik|= 13217.215203959116 |g_dc|= 578.22299459506
f_dc (1e6): 17306.320681688194  perc: 377.70211850049395
NMSE:  0.23337902194989413
it no: 12 f_tot= 17306322726.717896 f_lik= 2045.0297030530658 f_dc (1e6)= 17306.320681688194 |g_lik|= 12571.273165244962 |g_dc|= 578.4165679043585
f_dc (1e6): 17289.620900642974  perc: 377.33765381760224
NMSE:  0.24236536078912224
it no: 14 f_tot= 17289622984.8348 f_lik= 2084.1918263716925 f_dc (1e6)= 17289.620900642974 |g_lik|= 12969.133119245176 |g_dc|= 578.1456730720549
f_dc (1e6): 17292.99241164513  perc: 377.4112354223514
NMSE:  0.24542845302080804
it no: 16 f_tot= 17292994493.68881 f_lik= 2082.0436765466416 f_dc (1e6)= 17292.99241164513 |g_lik|= 12395.365040389222 |g_dc|= 578.1905750603314
f_dc (1e6): 17292.843198320923  perc: 377.4079789133742
NMSE:  0.24921063618997347
it no: 18 f_tot= 17292845269.86478 f_lik= 2071.543856051309 f_dc (1e6)= 17292.843198320923 |g_lik|= 13033.488647872997 |g_dc|= 578.1567422759393
f_dc (1e6): 17271.908265325357  perc: 376.95108407775166
NMSE:  0.25065985924232453
it no: 20 f_tot= 17271910346.713043 f_lik= 2081.3876878166197 f_dc (1e6)= 17271.908265325357 |g_lik|= 12441.30308392238 |g_dc|= 577.7816516170324
f_dc (1e6): 17292.10986209633  perc: 377.3919742032631
NMSE:  0.2564835583938088
it no: 22 f_tot= 17292111923.847893 f_lik= 2061.7515613903884 f_dc (1e6)= 17292.10986209633 |g_lik|= 12724.657280011545 |g_dc|= 578.1203060010333
f_dc (1e6): 17298.51291743628  perc: 377.53171780395417
NMSE:  0.2562502698025643
it no: 24 f_tot= 17298515014.282024 f_lik= 2096.845743439084 f_dc (1e6)= 17298.51291743628 |g_lik|= 12903.852532011824 |g_dc|= 578.1994285648742
f_dc (1e6): 17285.07665619048  perc: 377.2384778697933
NMSE:  0.2600554920612876
it no: 26 f_tot= 17285078758.60566 f_lik= 2102.415179777713 f_dc (1e6)= 17285.07665619048 |g_lik|= 12874.816002615473 |g_dc|= 577.9504622432459
f_dc (1e6): 17287.042410735336  perc: 377.2813795165212
NMSE:  0.2618486096535829
it no: 28 f_tot= 17287044473.793583 f_lik= 2063.058245816912 f_dc (1e6)= 17287.042410735336 |g_lik|= 12403.702520599527 |g_dc|= 577.9847582989959
f_dc (1e6): 17276.661016077014  perc: 377.05481057517557
NMSE:  0.26358407584157484
it no: 30 f_tot= 17276663077.31933 f_lik= 2061.242312440418 f_dc (1e6)= 17276.661016077014 |g_lik|= 12649.114588982087 |g_dc|= 577.8150927894281
f_dc (1e6): 17286.890517349282  perc: 377.2780645164843
NMSE:  0.2635636573020446
it no: 32 f_tot= 17286892596.43967 f_lik= 2079.090390506926 f_dc (1e6)= 17286.890517349282 |g_lik|= 12663.087069204761 |g_dc|= 577.9465699454895
f_dc (1e6): 17274.96207718216  perc: 377.0177320515776
NMSE:  0.2688493657930794
it no: 34 f_tot= 17274964161.990646 f_lik= 2084.8084854543777 f_dc (1e6)= 17274.96207718216 |g_lik|= 12919.94296063969 |g_dc|= 577.7260292382725
f_dc (1e6): 17249.46430909289  perc: 376.4612555363504
NMSE:  0.2667205537665191
it no: 36 f_tot= 17249466411.20496 f_lik= 2102.1120691410274 f_dc (1e6)= 17249.46430909289 |g_lik|= 12373.062248947566 |g_dc|= 577.3384291050003
f_dc (1e6): 17272.518061951807  perc: 376.964392595599
NMSE:  0.2722870671511247
it no: 38 f_tot= 17272520147.59141 f_lik= 2085.6396067305973 f_dc (1e6)= 17272.518061951807 |g_lik|= 12860.082161808077 |g_dc|= 577.6508854070998
f_dc (1e6): 17282.595333908004  perc: 377.1843242053599
NMSE:  0.2705906713315068
it no: 40 f_tot= 17282597396.63332 f_lik= 2062.725313532239 f_dc (1e6)= 17282.595333908004 |g_lik|= 12623.813093716466 |g_dc|= 577.7981286729374
f_dc (1e6): 17249.566635841886  perc: 376.4634887683923
NMSE:  0.27291666604169734
it no: 42 f_tot= 17249568730.742924 f_lik= 2094.901038692111 f_dc (1e6)= 17249.566635841886 |g_lik|= 12920.113372033638 |g_dc|= 577.3003946462468
f_dc (1e6): 17274.21331316617  perc: 377.00139063734525
NMSE:  0.2745588640451782
it no: 44 f_tot= 17274215398.08888 f_lik= 2084.9227107874553 f_dc (1e6)= 17274.21331316617 |g_lik|= 12209.077395582686 |g_dc|= 577.6950987909372
f_dc (1e6): 17279.737631361455  perc: 377.12195622283326
NMSE:  0.2734504670893858
it no: 46 f_tot= 17279739726.87306 f_lik= 2095.5116040297917 f_dc (1e6)= 17279.737631361455 |g_lik|= 13033.747361251551 |g_dc|= 577.7471202224151
f_dc (1e6): 17266.907463482425  perc: 376.8419439846599
NMSE:  0.2758455809619613
it no: 48 f_tot= 17266909545.990932 f_lik= 2082.5085075578236 f_dc (1e6)= 17266.907463482425 |g_lik|= 12384.755491996471 |g_dc|= 577.5243317931192
f_dc (1e6): 17239.72830468921  perc: 376.2487719266545
NMSE:  0.275793610196891
it no: 50 f_tot= 17239730391.18852 f_lik= 2086.4993054403576 f_dc (1e6)= 17239.72830468921 |g_lik|= 12864.254895314227 |g_dc|= 577.1370406548206
f_dc (1e6): 17280.837268711846  perc: 377.1459552786964
NMSE:  0.27688645320534283
it no: 52 f_tot= 17280839356.05261 f_lik= 2087.3407647659665 f_dc (1e6)= 17280.837268711846 |g_lik|= 12362.657749728867 |g_dc|= 577.7557393713711
f_dc (1e6): 17252.269407783842  perc: 376.5224754650494
NMSE:  0.27784579155186756
it no: 54 f_tot= 17252271515.964737 f_lik= 2108.1808933149064 f_dc (1e6)= 17252.269407783842 |g_lik|= 12860.179945309734 |g_dc|= 577.2863211488893
f_dc (1e6): 17244.39588313039  perc: 376.35063957939974
NMSE:  0.27865606985612107
it no: 56 f_tot= 17244397959.2227 f_lik= 2076.092306963603 f_dc (1e6)= 17244.39588313039 |g_lik|= 12696.004001241228 |g_dc|= 577.1848103284577
f_dc (1e6): 17255.34480588615  perc: 376.58959454829295
NMSE:  0.2777360383925643
it no: 58 f_tot= 17255346889.730686 f_lik= 2083.8445342617943 f_dc (1e6)= 17255.34480588615 |g_lik|= 12768.1291657527 |g_dc|= 577.3554757884249
f_dc (1e6): 17259.082182202594  perc: 376.67116098741764
NMSE:  0.27955389633965455
it no: 60 f_tot= 17259084272.34636 f_lik= 2090.143765098027 f_dc (1e6)= 17259.082182202594 |g_lik|= 12563.171157569835 |g_dc|= 577.4176041137042
f_dc (1e6): 17233.60236746728  perc: 376.11507629549857
NMSE:  0.2812130407277504
it no: 62 f_tot= 17233604455.228382 f_lik= 2087.7611007077353 f_dc (1e6)= 17233.60236746728 |g_lik|= 12605.480279596633 |g_dc|= 576.9570061690362
f_dc (1e6): 17239.78629037511  perc: 376.25003743633783
NMSE:  0.2799578182488906
it no: 64 f_tot= 17239788385.231228 f_lik= 2094.8561204199564 f_dc (1e6)= 17239.78629037511 |g_lik|= 12838.557087488583 |g_dc|= 577.1303142201174
f_dc (1e6): 17233.790361815503  perc: 376.11917918165767
NMSE:  0.2815840874692924
it no: 66 f_tot= 17233792450.009216 f_lik= 2088.1937128828254 f_dc (1e6)= 17233.790361815503 |g_lik|= 12640.23236661367 |g_dc|= 576.9567788213388
f_dc (1e6): 17250.79754537006  perc: 376.4903527763479
NMSE:  0.28416125365816564
it no: 68 f_tot= 17250799626.883816 f_lik= 2081.5137544552485 f_dc (1e6)= 17250.79754537006 |g_lik|= 12616.641337611843 |g_dc|= 577.242269380951
f_dc (1e6): 17275.066224376842  perc: 377.02000501397043
NMSE:  0.28504851672218307
it no: 70 f_tot= 17275068327.331745 f_lik= 2102.9549023414793 f_dc (1e6)= 17275.066224376842 |g_lik|= 12675.930870929431 |g_dc|= 577.7050580845477
f_dc (1e6): 17267.493898827048  perc: 376.85474265377627
NMSE:  0.2831559840336462
it no: 72 f_tot= 17267495958.81134 f_lik= 2059.9842904488246 f_dc (1e6)= 17267.493898827048 |g_lik|= 12684.88272615225 |g_dc|= 577.4962491148409
f_dc (1e6): 17238.29042030562  perc: 376.21739079210664
NMSE:  0.2886646325976843
it no: 74 f_tot= 17238292503.985962 f_lik= 2083.6803392274037 f_dc (1e6)= 17238.29042030562 |g_lik|= 12543.515136599834 |g_dc|= 577.0561016832046
f_dc (1e6): 17222.310151731417  perc: 375.86862912255833
NMSE:  0.28581250515286444
it no: 76 f_tot= 17222312224.088764 f_lik= 2072.357347303799 f_dc (1e6)= 17222.310151731417 |g_lik|= 12710.130723984897 |g_dc|= 576.7478643692409
f_dc (1e6): 17254.044902168764  perc: 376.5612247753681
NMSE:  0.28804832888743703
it no: 78 f_tot= 17254046983.647243 f_lik= 2081.478483129229 f_dc (1e6)= 17254.044902168764 |g_lik|= 12480.931575079083 |g_dc|= 577.2272933957893
f_dc (1e6): 17233.144695544248  perc: 376.1050878260782
NMSE:  0.28518606295651955
it no: 80 f_tot= 17233146791.798172 f_lik= 2096.253925921122 f_dc (1e6)= 17233.144695544248 |g_lik|= 12698.088114404922 |g_dc|= 576.9772919286622
f_dc (1e6): 17250.035997008123  perc: 376.473732349919
NMSE:  0.29025956304981293
it no: 82 f_tot= 17250038070.592255 f_lik= 2073.5841321046014 f_dc (1e6)= 17250.035997008123 |g_lik|= 12520.448475848652 |g_dc|= 577.1900975182848
f_dc (1e6): 17226.48590492196  perc: 375.9597629259479
NMSE:  0.28936176236704536
it no: 84 f_tot= 17226488019.765953 f_lik= 2114.8439944305305 f_dc (1e6)= 17226.48590492196 |g_lik|= 12650.948936372346 |g_dc|= 576.7829311987492
f_dc (1e6): 17225.89350569564  perc: 375.9468340979842
NMSE:  0.2883936691893137
it no: 86 f_tot= 17225895602.39857 f_lik= 2096.7029289726984 f_dc (1e6)= 17225.89350569564 |g_lik|= 12611.045248761768 |g_dc|= 576.7557528916595
f_dc (1e6): 17243.452915552713  perc: 376.3300597659133
NMSE:  0.2872270541290111
it no: 88 f_tot= 17243454989.897873 f_lik= 2074.3451602140494 f_dc (1e6)= 17243.452915552713 |g_lik|= 12410.243664155854 |g_dc|= 577.081925737877
f_dc (1e6): 17254.409030879797  perc: 376.5691717092135
NMSE:  0.28901789303420183
it no: 90 f_tot= 17254411141.06431 f_lik= 2110.1845149357546 f_dc (1e6)= 17254.409030879797 |g_lik|= 12828.649438694207 |g_dc|= 577.2558084628639
f_dc (1e6): 17253.714542125606  perc: 376.55401482644464
NMSE:  0.28869270135342145
it no: 92 f_tot= 17253716639.96875 f_lik= 2097.84314461481 f_dc (1e6)= 17253.714542125606 |g_lik|= 12684.380947951879 |g_dc|= 577.2701352413721
f_dc (1e6): 17217.3392136892  perc: 375.7601407925422
NMSE:  0.2895801375469212
it no: 94 f_tot= 17217341288.020607 f_lik= 2074.3314048156994 f_dc (1e6)= 17217.3392136892 |g_lik|= 12355.166353667988 |g_dc|= 576.6447645174388
f_dc (1e6): 17230.59107182263  perc: 376.0493562175377
NMSE:  0.2894810707094038
it no: 96 f_tot= 17230593160.268707 f_lik= 2088.4460774398985 f_dc (1e6)= 17230.59107182263 |g_lik|= 12741.494570199777 |g_dc|= 576.8061172646032
f_dc (1e6): 17220.04799795798  perc: 375.81925870533814
NMSE:  0.2922842927064605
it no: 98 f_tot= 17220050097.270535 f_lik= 2099.3125527304696 f_dc (1e6)= 17220.04799795798 |g_lik|= 12609.435182660738 |g_dc|= 576.6892632644498
f_dc (1e6): 17229.327759490272  perc: 376.021785033978
NMSE:  0.2900842753273901
it no: 100 f_tot= 17229329852.53141 f_lik= 2093.041136336554 f_dc (1e6)= 17229.327759490272 |g_lik|= 12385.419068698173 |g_dc|= 576.8224614120029
f_dc (1e6): 17247.949669146612  perc: 376.428199248593
NMSE:  0.29252790962042435
it no: 102 f_tot= 17247951753.54023 f_lik= 2084.3936184674217 f_dc (1e6)= 17247.949669146612 |g_lik|= 12282.60478657029 |g_dc|= 577.1249130108704
f_dc (1e6): 17198.85559413714  perc: 375.3567446928873
NMSE:  0.2931590211282556
it no: 104 f_tot= 17198857683.605907 f_lik= 2089.4687634631564 f_dc (1e6)= 17198.85559413714 |g_lik|= 12552.908245873263 |g_dc|= 576.3104841249165
f_dc (1e6): 17207.084476182765  perc: 375.53633608257024
NMSE:  0.2928943727026583
it no: 106 f_tot= 17207086572.46123 f_lik= 2096.278466473534 f_dc (1e6)= 17207.084476182765 |g_lik|= 12685.831526099004 |g_dc|= 576.4345959055444
f_dc (1e6): 17223.596492877346  perc: 375.8967028988894
NMSE:  0.2943525256631461
it no: 108 f_tot= 17223598616.76469 f_lik= 2123.8873431541806 f_dc (1e6)= 17223.596492877346 |g_lik|= 12514.083732202153 |g_dc|= 576.7018470685098
f_dc (1e6): 17206.501531567235  perc: 375.52361359693595
NMSE:  0.29605724506362974
it no: 110 f_tot= 17206503639.082523 f_lik= 2107.5152886749447 f_dc (1e6)= 17206.501531567235 |g_lik|= 12952.749625161683 |g_dc|= 576.4434421484827
f_dc (1e6): 17204.859122694157  perc: 375.48776881385265
NMSE:  0.29270275963135756
it no: 112 f_tot= 17204861212.93057 f_lik= 2090.2364129380953 f_dc (1e6)= 17204.859122694157 |g_lik|= 12198.76301748595 |g_dc|= 576.340228070538
f_dc (1e6): 17224.360936360285  perc: 375.9133865099405
NMSE:  0.29692277783483767
it no: 114 f_tot= 17224363031.34444 f_lik= 2094.984158414205 f_dc (1e6)= 17224.360936360285 |g_lik|= 12962.997844843032 |g_dc|= 576.6220868634126
f_dc (1e6): 17241.026274687363  perc: 376.27709949708776
NMSE:  0.29664555518893637
it no: 116 f_tot= 17241028334.63872 f_lik= 2059.9513596367838 f_dc (1e6)= 17241.026274687363 |g_lik|= 12056.62274072717 |g_dc|= 577.0084862060066
f_dc (1e6): 17232.802714768914  perc: 376.0976242602686
NMSE:  0.29627779997791737
it no: 118 f_tot= 17232804805.054707 f_lik= 2090.2857920846486 f_dc (1e6)= 17232.802714768914 |g_lik|= 13063.180678259692 |g_dc|= 576.84763549789
f_dc (1e6): 17242.198857998537  perc: 376.30269056343263
NMSE:  0.29803360889504377
it no: 120 f_tot= 17242200961.86891 f_lik= 2103.870373201143 f_dc (1e6)= 17242.198857998537 |g_lik|= 12130.90647925388 |g_dc|= 577.0092790041629
f_dc (1e6): 17210.417019804696  perc: 375.6090672430028
NMSE:  0.29471926681218774
it no: 122 f_tot= 17210419103.549683 f_lik= 2083.7449892670766 f_dc (1e6)= 17210.417019804696 |g_lik|= 12822.047343403521 |g_dc|= 576.46157549165
f_dc (1e6): 17229.87637847763  perc: 376.03375837929997
NMSE:  0.29876296632835203
it no: 124 f_tot= 17229878465.9593 f_lik= 2087.4816695694694 f_dc (1e6)= 17229.87637847763 |g_lik|= 12300.293564456031 |g_dc|= 576.7902615504441
f_dc (1e6): 17220.44299808284  perc: 375.82787939293036
NMSE:  0.29532295377850154
it no: 126 f_tot= 17220445095.77804 f_lik= 2097.695202207565 f_dc (1e6)= 17220.44299808284 |g_lik|= 13050.18138046377 |g_dc|= 576.5941586269475
f_dc (1e6): 17207.533760618742  perc: 375.54614149912294
NMSE:  0.2983280153767058
it no: 128 f_tot= 17207535847.70054 f_lik= 2087.081794558792 f_dc (1e6)= 17207.533760618742 |g_lik|= 12505.179599999341 |g_dc|= 576.3699580427042
f_dc (1e6): 17225.21578852737  perc: 375.9320432470051
NMSE:  0.29793959270486975
it no: 130 f_tot= 17225217891.650352 f_lik= 2103.1229829915364 f_dc (1e6)= 17225.21578852737 |g_lik|= 12827.917840025277 |g_dc|= 576.6920273511405
f_dc (1e6): 17202.707121016658  perc: 375.44080241310473
NMSE:  0.29831172518335314
it no: 132 f_tot= 17202709223.448326 f_lik= 2102.431668726603 f_dc (1e6)= 17202.707121016658 |g_lik|= 12616.009654659785 |g_dc|= 576.2677988291401
f_dc (1e6): 17212.611515501005  perc: 375.65696105525683
NMSE:  0.30004562181623373
it no: 134 f_tot= 17212613623.00923 f_lik= 2107.5082299768355 f_dc (1e6)= 17212.611515501005 |g_lik|= 12723.418448292148 |g_dc|= 576.4700670046583
f_dc (1e6): 17222.649379583356  perc: 375.8760326071399
NMSE:  0.29688951610137365
it no: 136 f_tot= 17222651458.4712 f_lik= 2078.887842784155 f_dc (1e6)= 17222.649379583356 |g_lik|= 12619.096848993871 |g_dc|= 576.657504829109
f_dc (1e6): 17218.418008867113  perc: 375.7836849780233
NMSE:  0.29647456301949277
it no: 138 f_tot= 17218420100.520943 f_lik= 2091.6538302031017 f_dc (1e6)= 17218.418008867113 |g_lik|= 12731.533438856797 |g_dc|= 576.5894999844011
f_dc (1e6): 17195.25654774611  perc: 375.27819723779976
NMSE:  0.2974141196575142
it no: 140 f_tot= 17195258652.638187 f_lik= 2104.8920799968355 f_dc (1e6)= 17195.25654774611 |g_lik|= 12573.368213832011 |g_dc|= 576.2162216055518
f_dc (1e6): 17237.747549917167  perc: 376.20554290718866
NMSE:  0.30015151614104346
it no: 142 f_tot= 17237749627.752174 f_lik= 2077.8350062036516 f_dc (1e6)= 17237.747549917167 |g_lik|= 12466.482166351638 |g_dc|= 576.9498569125982
f_dc (1e6): 17218.302916389774  perc: 375.78117314010507
NMSE:  0.2984362601124165
it no: 144 f_tot= 17218304997.63332 f_lik= 2081.2435463800884 f_dc (1e6)= 17218.302916389774 |g_lik|= 12894.414254007426 |g_dc|= 576.5877357431748
f_dc (1e6): 17193.4480752184  perc: 375.23872819538866
NMSE:  0.29945989834858594
it no: 146 f_tot= 17193450152.346664 f_lik= 2077.1282668931144 f_dc (1e6)= 17193.4480752184 |g_lik|= 12386.15096818138 |g_dc|= 576.1777575844249
f_dc (1e6): 17226.035795866715  perc: 375.9499395124767
NMSE:  0.3006233187898933
it no: 148 f_tot= 17226037910.544792 f_lik= 2114.678076726823 f_dc (1e6)= 17226.035795866715 |g_lik|= 12942.412610392565 |g_dc|= 576.695385681832
f_dc (1e6): 17229.11556695903  perc: 376.01715403412226
NMSE:  0.2991977459176635
it no: 150 f_tot= 17229117667.24376 f_lik= 2100.2847294053577 f_dc (1e6)= 17229.11556695903 |g_lik|= 12336.401919360429 |g_dc|= 576.7993966489847
f_dc (1e6): 17198.95017375357  perc: 375.35880884748997
NMSE:  0.2997739264438407
it no: 152 f_tot= 17198952299.5397 f_lik= 2125.786131526402 f_dc (1e6)= 17198.95017375357 |g_lik|= 12578.213588692384 |g_dc|= 576.2426637734353
f_dc (1e6): 17225.843056390375  perc: 375.9457330661805
NMSE:  0.29906613517616176
it no: 154 f_tot= 17225845139.721794 f_lik= 2083.3314225814456 f_dc (1e6)= 17225.843056390375 |g_lik|= 12704.615267428742 |g_dc|= 576.7233959524297
f_dc (1e6): 17227.6141244081  perc: 375.98438577316585
NMSE:  0.3001801962391224
it no: 156 f_tot= 17227616215.201614 f_lik= 2090.7935160309926 f_dc (1e6)= 17227.6141244081 |g_lik|= 12390.455129312888 |g_dc|= 576.7622455585953
f_dc (1e6): 17194.091142315825  perc: 375.2527628252504
NMSE:  0.29904109473414503
it no: 158 f_tot= 17194093251.600964 f_lik= 2109.285138609069 f_dc (1e6)= 17194.091142315825 |g_lik|= 12608.740024658739 |g_dc|= 576.185830307998
f_dc (1e6): 17232.537176449652  perc: 376.0918290142673
NMSE:  0.29958200262688467
it no: 160 f_tot= 17232539265.382164 f_lik= 2088.9325092311133 f_dc (1e6)= 17232.537176449652 |g_lik|= 12319.124312411228 |g_dc|= 576.8230014737622
f_dc (1e6): 17202.408738235983  perc: 375.43429035254275
NMSE:  0.29927253278905397
it no: 162 f_tot= 17202410824.63021 f_lik= 2086.3942260356175 f_dc (1e6)= 17202.408738235983 |g_lik|= 12822.752904196823 |g_dc|= 576.3020162004009
f_dc (1e6): 17203.669662515164  perc: 375.4618094179914
NMSE:  0.30075692963049955
it no: 164 f_tot= 17203671737.343792 f_lik= 2074.828627459435 f_dc (1e6)= 17203.669662515164 |g_lik|= 12317.784044106616 |g_dc|= 576.3174162906719
f_dc (1e6): 17214.287672855  perc: 375.69354238269136
NMSE:  0.29983797748582763
it no: 166 f_tot= 17214289777.40034 f_lik= 2104.545340997946 f_dc (1e6)= 17214.287672855 |g_lik|= 12650.812613708758 |g_dc|= 576.5283258589966
f_dc (1e6): 17191.886456562945  perc: 375.20464661991673
NMSE:  0.3010312108319699
it no: 168 f_tot= 17191888535.990597 f_lik= 2079.4276485552105 f_dc (1e6)= 17191.886456562945 |g_lik|= 12789.479944667431 |g_dc|= 576.1369940509744
f_dc (1e6): 17224.350071804587  perc: 375.9131493962421
NMSE:  0.30307471764685
it no: 170 f_tot= 17224352170.581085 f_lik= 2098.7764975175405 f_dc (1e6)= 17224.350071804587 |g_lik|= 12075.657532401186 |g_dc|= 576.6642505774986
f_dc (1e6): 17213.738902433357  perc: 375.681565732389
NMSE:  0.3003789077716845
it no: 172 f_tot= 17213740992.42439 f_lik= 2089.9910308924177 f_dc (1e6)= 17213.738902433357 |g_lik|= 12902.095986282626 |g_dc|= 576.4767102958812
f_dc (1e6): 17214.598263456744  perc: 375.70032087307203
NMSE:  0.30236279728602833
it no: 174 f_tot= 17214600387.894337 f_lik= 2124.4375916012696 f_dc (1e6)= 17214.598263456744 |g_lik|= 12331.754771226186 |g_dc|= 576.5126566229948
f_dc (1e6): 17191.61426630122  perc: 375.1987061984731
NMSE:  0.3008110548346096
it no: 176 f_tot= 17191616362.73362 f_lik= 2096.432399765026 f_dc (1e6)= 17191.61426630122 |g_lik|= 12790.603297848878 |g_dc|= 576.1642326069851
f_dc (1e6): 17183.38389244793  perc: 375.0190822508059
NMSE:  0.30492361595683953
it no: 178 f_tot= 17183385974.723835 f_lik= 2082.2759017688886 f_dc (1e6)= 17183.38389244793 |g_lik|= 12370.172212355543 |g_dc|= 575.9909692540391
f_dc (1e6): 17214.220116361816  perc: 375.6920679947459
NMSE:  0.30347523058189413
it no: 180 f_tot= 17214222189.803516 f_lik= 2073.441698513939 f_dc (1e6)= 17214.220116361816 |g_lik|= 12766.838105159066 |g_dc|= 576.4982968339338
f_dc (1e6): 17180.483895410383  perc: 374.95579121137166
NMSE:  0.3032631631579725
it no: 182 f_tot= 17180485986.008736 f_lik= 2090.5983500762213 f_dc (1e6)= 17180.483895410383 |g_lik|= 12421.953471017678 |g_dc|= 575.9003326868252
f_dc (1e6): 17223.692784824478  perc: 375.8988044242855
NMSE:  0.30446251608569563
it no: 184 f_tot= 17223694891.42837 f_lik= 2106.6038921796708 f_dc (1e6)= 17223.692784824478 |g_lik|= 12480.352211932242 |g_dc|= 576.5878274242126
f_dc (1e6): 17223.49327328234  perc: 375.89445018091305
NMSE:  0.30184611378465553
it no: 186 f_tot= 17223495355.63636 f_lik= 2082.3540191178095 f_dc (1e6)= 17223.49327328234 |g_lik|= 12748.593151284758 |g_dc|= 576.6260100944994
f_dc (1e6): 17203.146682308816  perc: 375.4503956267238
NMSE:  0.30207590178877847
it no: 188 f_tot= 17203148783.546345 f_lik= 2101.2375302555447 f_dc (1e6)= 17203.146682308816 |g_lik|= 12549.329988169373 |g_dc|= 576.3086102230221
f_dc (1e6): 17205.453989003287  perc: 375.50075148471126
NMSE:  0.3029725375446086
it no: 190 f_tot= 17205456080.42374 f_lik= 2091.420453950337 f_dc (1e6)= 17205.453989003287 |g_lik|= 12430.792899545948 |g_dc|= 576.3474058630695
f_dc (1e6): 17220.56061829241  perc: 375.8304463973878
NMSE:  0.30377270119317684
it no: 192 f_tot= 17220562697.62199 f_lik= 2079.3295821791603 f_dc (1e6)= 17220.56061829241 |g_lik|= 12608.022672616495 |g_dc|= 576.6245363124328
f_dc (1e6): 17191.72903095509  perc: 375.20121088180196
NMSE:  0.30460552584169337
it no: 194 f_tot= 17191731118.154926 f_lik= 2087.1998322891054 f_dc (1e6)= 17191.72903095509 |g_lik|= 12746.857368731564 |g_dc|= 576.152440290566
f_dc (1e6): 17213.76635268727  perc: 375.68216482096756
NMSE:  0.30426357374267377
it no: 196 f_tot= 17213768461.76034 f_lik= 2109.0730703459467 f_dc (1e6)= 17213.76635268727 |g_lik|= 12118.399496704642 |g_dc|= 576.4463670227656
f_dc (1e6): 17219.21555480605  perc: 375.8010910342428
NMSE:  0.30560617441870813
it no: 198 f_tot= 17219217649.382244 f_lik= 2094.576194684165 f_dc (1e6)= 17219.21555480605 |g_lik|= 13006.707072681169 |g_dc|= 576.5662395886133
f_dc (1e6): 17202.92686602943  perc: 375.4455982422345
NMSE:  0.30348453976208495
('<<RECONSTRUCTION DONE>>', '     Subject: ', 'file_brain_AXFLAIR_200_6002462.h5', '     NMSE = ', 1.0, '      RMS = ', 0.4802239692764242, '     SSIM = ', 0.02196435917163059)
