('Under sample factor: ', 4)
FLAIR20201020-125121/jonatank_lat60_ns50_ps28_modalityFLAIR_step100000.ckpt
Read from existing sensmap pattern file
Creating new undersampling file
xxxxxxxxxxxxxxxxxxx contRec is 
xxxxxxxxxxxxxxxxxxx parfact is 25
---- Defining VAE
>>> lat_dim value: 60
>>> mode is: MRIunproc
2020-10-27 12:14:51.354014: I tensorflow/core/platform/cpu_feature_guard.cc:141] Your CPU supports instructions that this TensorFlow binary was not compiled to use: AVX2 FMA
2020-10-27 12:14:51.724820: I tensorflow/core/common_runtime/gpu/gpu_device.cc:1432] Found device 0 with properties: 
name: GeForce GTX 1080 Ti major: 6 minor: 1 memoryClockRate(GHz): 1.582
pciBusID: 0000:87:00.0
totalMemory: 10.92GiB freeMemory: 10.77GiB
2020-10-27 12:14:51.724869: I tensorflow/core/common_runtime/gpu/gpu_device.cc:1511] Adding visible gpu devices: 0
2020-10-27 12:15:01.391948: I tensorflow/core/common_runtime/gpu/gpu_device.cc:982] Device interconnect StreamExecutor with strength 1 edge matrix:
2020-10-27 12:15:01.392017: I tensorflow/core/common_runtime/gpu/gpu_device.cc:988]      0 
2020-10-27 12:15:01.392029: I tensorflow/core/common_runtime/gpu/gpu_device.cc:1001] 0:   N 
2020-10-27 12:15:01.392381: I tensorflow/core/common_runtime/gpu/gpu_device.cc:1115] Created TensorFlow device (/job:localhost/replica:0/task:0/device:GPU:0 with 10419 MB memory) -> physical GPU (device: 0, name: GeForce GTX 1080 Ti, pci bus id: 0000:87:00.0, compute capability: 6.1)
Initialized parameters
KCT-info: loaded the new model, trained fastmri
KCT-INFO: the gradients: 
Tensor("gradients_2/AddN_3:0", shape=(1250, 784), dtype=float32)
Tensor("gradients_3/Reshape_2_grad/Reshape:0", shape=(1250, 784), dtype=float32)
Tensor("gradients_4/Reshape_2_grad/Reshape:0", shape=(1250, 784), dtype=float32)
_____DIRECT APPROX_____
KCT-INFO: there will be in total 1035 patches.
contRec is 
it no: 0 f_tot= 61700773.53840088 f_lik= 2034.9019303022112 f_dc (1e6)= 61.69873863647058 |g_lik|= 19861.357435259382 |g_dc|= 11.713036782819504
f_dc (1e6): 52.188309023324145  perc: 1.172492513405104
NMSE:  0.21059863905279072
it no: 2 f_tot= 52190288.83833544 f_lik= 1979.8150112896874 f_dc (1e6)= 52.188309023324145 |g_lik|= 8221.0738157718 |g_dc|= 6.91900418896032
f_dc (1e6): 48.500026231588166  perc: 1.0896294346512283
NMSE:  0.20291579498083853
it no: 4 f_tot= 48502009.82084743 f_lik= 1983.5892592675345 f_dc (1e6)= 48.500026231588166 |g_lik|= 7926.691158091261 |g_dc|= 4.503343786692361
f_dc (1e6): 47.04538999128873  perc: 1.0569487417259873
NMSE:  0.19829939492840307
it no: 6 f_tot= 47047363.78045946 f_lik= 1973.7891707365854 f_dc (1e6)= 47.04538999128873 |g_lik|= 7958.524710882896 |g_dc|= 3.4370551861078913
f_dc (1e6): 46.283410553259486  perc: 1.0398296741957742
NMSE:  0.19515963461437597
it no: 8 f_tot= 46285405.357874714 f_lik= 1994.8046152305603 f_dc (1e6)= 46.283410553259486 |g_lik|= 7935.836962778989 |g_dc|= 2.882074743174888
f_dc (1e6): 45.80823191906944  perc: 1.029154038185631
NMSE:  0.1927582638907068
it no: 10 f_tot= 45810201.93632815 f_lik= 1970.0172587094987 f_dc (1e6)= 45.80823191906944 |g_lik|= 8292.578005016287 |g_dc|= 2.544990003790215
f_dc (1e6): 45.46938960899258  perc: 1.0215414123078226
NMSE:  0.19090890922156037
it no: 12 f_tot= 45471373.63690665 f_lik= 1984.0279140781222 f_dc (1e6)= 45.46938960899258 |g_lik|= 8802.266647103686 |g_dc|= 2.304191344378374
f_dc (1e6): 45.24005801804406  perc: 1.0163891171193686
NMSE:  0.1893607662964949
it no: 14 f_tot= 45242034.6117566 f_lik= 1976.5937125396729 f_dc (1e6)= 45.24005801804406 |g_lik|= 8743.736882430587 |g_dc|= 2.1591798989373574
f_dc (1e6): 45.05810749614962  perc: 1.0123013122311888
NMSE:  0.18808625026281445
it no: 16 f_tot= 45060083.95506631 f_lik= 1976.4589166952314 f_dc (1e6)= 45.05810749614962 |g_lik|= 8829.753491551966 |g_dc|= 2.0363668724116626
f_dc (1e6): 44.89915002629429  perc: 1.0087300824511265
NMSE:  0.18697297694795595
it no: 18 f_tot= 44901138.106079064 f_lik= 1988.0797847711472 f_dc (1e6)= 44.89915002629429 |g_lik|= 9068.757514203953 |g_dc|= 1.9315313829819571
f_dc (1e6): 44.780475705673915  perc: 1.0060638770295514
NMSE:  0.18603032454316148
it no: 20 f_tot= 44782452.597588055 f_lik= 1976.891914135161 f_dc (1e6)= 44.780475705673915 |g_lik|= 9554.856847823457 |g_dc|= 1.847861078509614
f_dc (1e6): 44.69979127263866  perc: 1.0042511742336073
NMSE:  0.1852494813513998
it no: 22 f_tot= 44701769.84323181 f_lik= 1978.5705931490943 f_dc (1e6)= 44.69979127263866 |g_lik|= 9314.77012922233 |g_dc|= 1.8251207085045646
f_dc (1e6): 44.60702464503835  perc: 1.0021670259178113
NMSE:  0.18450015106942003
it no: 24 f_tot= 44609000.316349626 f_lik= 1975.6713112731206 f_dc (1e6)= 44.60702464503835 |g_lik|= 9512.527636710816 |g_dc|= 1.7535087098959308
f_dc (1e6): 44.53347347093055  perc: 1.0005145830123514
NMSE:  0.18389330661597608
it no: 26 f_tot= 44535440.50171078 f_lik= 1967.0307802291143 f_dc (1e6)= 44.53347347093055 |g_lik|= 10121.490325749026 |g_dc|= 1.706053181221771
f_dc (1e6): 44.491416391124844  perc: 0.9995697045111942
NMSE:  0.1833214577136953
it no: 28 f_tot= 44493391.82443364 f_lik= 1975.4333087930224 f_dc (1e6)= 44.491416391124844 |g_lik|= 9537.52279366018 |g_dc|= 1.7037259893881769
f_dc (1e6): 44.41950545386189  perc: 0.9979541121084
NMSE:  0.18272613670533086
it no: 30 f_tot= 44421466.49993201 f_lik= 1961.0460701274872 f_dc (1e6)= 44.41950545386189 |g_lik|= 9738.481282569954 |g_dc|= 1.6388658626611918
f_dc (1e6): 44.38125695723478  perc: 0.9970947994235565
NMSE:  0.1824359728860494
it no: 32 f_tot= 44383229.420225516 f_lik= 1972.462990729014 f_dc (1e6)= 44.38125695723478 |g_lik|= 10177.119518913134 |g_dc|= 1.62543288273761
f_dc (1e6): 44.34839542524803  perc: 0.9963565133791424
NMSE:  0.18190153675796017
it no: 34 f_tot= 44350392.095645376 f_lik= 1996.670397352037 f_dc (1e6)= 44.34839542524803 |g_lik|= 9587.971149468845 |g_dc|= 1.6192220393122956
f_dc (1e6): 44.3013775158826  perc: 0.9953001820329344
NMSE:  0.18154404490387913
it no: 36 f_tot= 44303339.88169698 f_lik= 1962.3658143801915 f_dc (1e6)= 44.3013775158826 |g_lik|= 10158.30384100939 |g_dc|= 1.574481689866689
f_dc (1e6): 44.27577920404219  perc: 0.9947250756623623
NMSE:  0.1812293994637591
it no: 38 f_tot= 44277749.94612105 f_lik= 1970.7420788600332 f_dc (1e6)= 44.27577920404219 |g_lik|= 9697.308104819138 |g_dc|= 1.575926859228041
f_dc (1e6): 44.23062647513438  perc: 0.993710648531172
NMSE:  0.18079112139805517
it no: 40 f_tot= 44232584.60422989 f_lik= 1958.1290955116635 f_dc (1e6)= 44.23062647513438 |g_lik|= 9656.119132093563 |g_dc|= 1.5296106937525928
f_dc (1e6): 44.201717245211576  perc: 0.9930611571740628
NMSE:  0.18064677321266728
it no: 42 f_tot= 44203676.5758023 f_lik= 1959.330590714046 f_dc (1e6)= 44.201717245211576 |g_lik|= 10419.900200693455 |g_dc|= 1.505855819449095
f_dc (1e6): 44.19726237960706  perc: 0.9929610716057184
NMSE:  0.18040536397370305
it no: 44 f_tot= 44199232.94158827 f_lik= 1970.561981212071 f_dc (1e6)= 44.19726237960706 |g_lik|= 9855.059864587054 |g_dc|= 1.5319981685288004
f_dc (1e6): 44.15986052345203  perc: 0.9921207800318023
NMSE:  0.1800912843041937
it no: 46 f_tot= 44161829.25897112 f_lik= 1968.7355190876551 f_dc (1e6)= 44.15986052345203 |g_lik|= 9916.159754740556 |g_dc|= 1.4948464611411214
f_dc (1e6): 44.144088949222485  perc: 0.9917664467902234
NMSE:  0.17997643903693133
it no: 48 f_tot= 44146054.55080268 f_lik= 1965.6015801961082 f_dc (1e6)= 44.144088949222485 |g_lik|= 10257.9560383196 |g_dc|= 1.494789074554352
f_dc (1e6): 44.13294137850808  perc: 0.991515999066396
NMSE:  0.17978569944764766
it no: 50 f_tot= 44134896.780399844 f_lik= 1955.4018917683193 f_dc (1e6)= 44.13294137850808 |g_lik|= 10278.757369402922 |g_dc|= 1.4959217302513894
f_dc (1e6): 44.105459019702884  perc: 0.9908985646150249
NMSE:  0.17960114074268618
it no: 52 f_tot= 44107424.764213555 f_lik= 1965.744510675158 f_dc (1e6)= 44.105459019702884 |g_lik|= 9767.192749873308 |g_dc|= 1.4721305693396094
f_dc (1e6): 44.08089184502035  perc: 0.9903466243638489
NMSE:  0.17951092337375618
it no: 54 f_tot= 44082852.96765482 f_lik= 1961.122634466262 f_dc (1e6)= 44.08089184502035 |g_lik|= 10290.388801520896 |g_dc|= 1.4469864034310957
f_dc (1e6): 44.079832761036734  perc: 0.9903228303750208
NMSE:  0.17941651172178089
it no: 56 f_tot= 44081819.74070823 f_lik= 1986.9796714982533 f_dc (1e6)= 44.079832761036734 |g_lik|= 10033.049666806812 |g_dc|= 1.4654213168532497
f_dc (1e6): 44.05943811331977  perc: 0.9898646325102273
NMSE:  0.17921969380113115
it no: 58 f_tot= 44061399.42578694 f_lik= 1961.3124671690805 f_dc (1e6)= 44.05943811331977 |g_lik|= 9984.786686953505 |g_dc|= 1.4454709153759147
f_dc (1e6): 44.04028695430695  perc: 0.9894343715765855
NMSE:  0.1791863375519437
it no: 60 f_tot= 44042254.39307275 f_lik= 1967.4387657955715 f_dc (1e6)= 44.04028695430695 |g_lik|= 10255.313038822811 |g_dc|= 1.4286639487846706
f_dc (1e6): 44.03329126276711  perc: 0.9892772023540132
NMSE:  0.17905171166609413
it no: 62 f_tot= 44035243.23410106 f_lik= 1951.9713339524042 f_dc (1e6)= 44.03329126276711 |g_lik|= 9837.37862792328 |g_dc|= 1.4365844181348761
f_dc (1e6): 44.01462551323414  perc: 0.988857846908434
NMSE:  0.17897711752871637
it no: 64 f_tot= 44016596.607072696 f_lik= 1971.0938385600136 f_dc (1e6)= 44.01462551323414 |g_lik|= 10093.601780913361 |g_dc|= 1.4133075745204489
f_dc (1e6): 44.009418755255545  perc: 0.9887408688943297
NMSE:  0.1789610218140973
it no: 66 f_tot= 44011370.28322763 f_lik= 1951.5279720869519 f_dc (1e6)= 44.009418755255545 |g_lik|= 10111.84283915306 |g_dc|= 1.419456960432138
f_dc (1e6): 43.99599463383923  perc: 0.9884392748753966
NMSE:  0.17891123905135026
it no: 68 f_tot= 43997960.29721074 f_lik= 1965.6633715055102 f_dc (1e6)= 43.99599463383923 |g_lik|= 10239.204966439482 |g_dc|= 1.4079436200914817
f_dc (1e6): 43.99681440356213  perc: 0.9884576922926457
NMSE:  0.17890711375938842
it no: 70 f_tot= 43998772.91665725 f_lik= 1958.5130951145718 f_dc (1e6)= 43.99681440356213 |g_lik|= 10160.550554220006 |g_dc|= 1.422547600538851
f_dc (1e6): 43.98504073818674  perc: 0.9881931783667047
NMSE:  0.17886517333187052
it no: 72 f_tot= 43987017.391501345 f_lik= 1976.6533146086194 f_dc (1e6)= 43.98504073818674 |g_lik|= 10076.430257280694 |g_dc|= 1.4105135665439712
f_dc (1e6): 43.973286762166474  perc: 0.9879291067931202
NMSE:  0.17886689686304935
it no: 74 f_tot= 43975234.72240084 f_lik= 1947.9602343659174 f_dc (1e6)= 43.973286762166474 |g_lik|= 10490.572420002956 |g_dc|= 1.399969591217458
f_dc (1e6): 43.97709614191004  perc: 0.9880146905055193
NMSE:  0.17892447766096573
it no: 76 f_tot= 43979048.565198876 f_lik= 1952.4232888403394 f_dc (1e6)= 43.97709614191004 |g_lik|= 10002.121736012468 |g_dc|= 1.4140512617526146
f_dc (1e6): 43.9565125306108  perc: 0.9875522472763966
NMSE:  0.1789259153924474
it no: 78 f_tot= 43958479.20050801 f_lik= 1966.6698972102574 f_dc (1e6)= 43.9565125306108 |g_lik|= 10225.735333445113 |g_dc|= 1.3844879445231764
f_dc (1e6): 43.955041331543676  perc: 0.9875191944734947
NMSE:  0.17894754143342195
it no: 80 f_tot= 43957007.742526 f_lik= 1966.410982326326 f_dc (1e6)= 43.955041331543676 |g_lik|= 10015.656702507451 |g_dc|= 1.3994535394045633
f_dc (1e6): 43.93474834752784  perc: 0.9870632806437788
NMSE:  0.17887684990216351
it no: 82 f_tot= 43936696.39229634 f_lik= 1948.0447685005552 f_dc (1e6)= 43.93474834752784 |g_lik|= 10195.937634640852 |g_dc|= 1.3682814854194045
f_dc (1e6): 43.937288253270545  perc: 0.9871203436244311
NMSE:  0.1790014438087315
it no: 84 f_tot= 43939232.998296425 f_lik= 1944.7450258781796 f_dc (1e6)= 43.937288253270545 |g_lik|= 10495.094995777948 |g_dc|= 1.3767196182941694
f_dc (1e6): 43.93786674962155  perc: 0.987133340455585
NMSE:  0.1790105385555043
it no: 86 f_tot= 43939831.683802985 f_lik= 1964.9341814386278 f_dc (1e6)= 43.93786674962155 |g_lik|= 10250.20786596819 |g_dc|= 1.390172056097483
f_dc (1e6): 43.92073809285685  perc: 0.9867485182186294
NMSE:  0.1790546297268929
it no: 88 f_tot= 43922674.40901501 f_lik= 1936.316158152989 f_dc (1e6)= 43.92073809285685 |g_lik|= 10176.84771452678 |g_dc|= 1.3598013631010795
f_dc (1e6): 43.92164317187878  perc: 0.9867688522435691
NMSE:  0.17903627038734843
it no: 90 f_tot= 43923606.79364256 f_lik= 1963.6217637797765 f_dc (1e6)= 43.92164317187878 |g_lik|= 9724.392222069304 |g_dc|= 1.3748822482875804
f_dc (1e6): 43.903246029717174  perc: 0.9863555314854108
NMSE:  0.1790935462174254
it no: 92 f_tot= 43905162.96400608 f_lik= 1916.9342889054617 f_dc (1e6)= 43.903246029717174 |g_lik|= 10219.378255295222 |g_dc|= 1.3441600506069737
f_dc (1e6): 43.908114100738665  perc: 0.9864649003638865
NMSE:  0.17920903019284015
it no: 94 f_tot= 43910056.28083871 f_lik= 1942.18010004861 f_dc (1e6)= 43.908114100738665 |g_lik|= 10341.037938059906 |g_dc|= 1.3681722099818179
f_dc (1e6): 43.90803041395608  perc: 0.9864630202085817
NMSE:  0.17921833677520715
it no: 96 f_tot= 43909992.140926376 f_lik= 1961.7269702979497 f_dc (1e6)= 43.90803041395608 |g_lik|= 10220.440165907277 |g_dc|= 1.3759980383344246
f_dc (1e6): 43.904828389485644  perc: 0.9863910816884498
NMSE:  0.17929662226218646
it no: 98 f_tot= 43906790.841101006 f_lik= 1962.4516153662546 f_dc (1e6)= 43.904828389485644 |g_lik|= 10096.577771172402 |g_dc|= 1.3662638313306052
f_dc (1e6): 43.889556018933185  perc: 0.9860479638432882
NMSE:  0.1793343476313791
it no: 100 f_tot= 43891484.58395734 f_lik= 1928.5650241497585 f_dc (1e6)= 43.889556018933185 |g_lik|= 10210.951995216526 |g_dc|= 1.3444097699144204
f_dc (1e6): 43.890794931050316  perc: 0.9860757979542087
NMSE:  0.17944449722610203
it no: 102 f_tot= 43892762.56994815 f_lik= 1967.638897836776 f_dc (1e6)= 43.890794931050316 |g_lik|= 10406.136845041445 |g_dc|= 1.3520120129187536
f_dc (1e6): 43.89082934037806  perc: 0.9860765710139213
NMSE:  0.17957212767935465
it no: 104 f_tot= 43892778.135985576 f_lik= 1948.7956075138138 f_dc (1e6)= 43.89082934037806 |g_lik|= 10205.88189577105 |g_dc|= 1.3558992636046234
f_dc (1e6): 43.88511920690001  perc: 0.9859482838768429
NMSE:  0.17964936273462892
it no: 106 f_tot= 43887055.101286955 f_lik= 1935.894386949085 f_dc (1e6)= 43.88511920690001 |g_lik|= 10423.166130939615 |g_dc|= 1.3556494514287967
f_dc (1e6): 43.89799471898413  perc: 0.9862375525235457
NMSE:  0.1797908342654986
it no: 108 f_tot= 43899935.4959655 f_lik= 1940.776981375558 f_dc (1e6)= 43.89799471898413 |g_lik|= 10190.628012470648 |g_dc|= 1.3780889109046803
f_dc (1e6): 43.876393090361155  perc: 0.9857522379327536
NMSE:  0.17987741039590197
it no: 110 f_tot= 43878341.536357485 f_lik= 1948.4459963317145 f_dc (1e6)= 43.876393090361155 |g_lik|= 10237.16311281885 |g_dc|= 1.3429558802789494
f_dc (1e6): 43.87546253005958  perc: 0.9857313314307554
NMSE:  0.1799190279629058
it no: 112 f_tot= 43877435.046323396 f_lik= 1972.5162638182867 f_dc (1e6)= 43.87546253005958 |g_lik|= 10344.066912055465 |g_dc|= 1.343080602256289
f_dc (1e6): 43.87780671247354  perc: 0.9857839971787337
NMSE:  0.18009174130386504
it no: 114 f_tot= 43879756.67376413 f_lik= 1949.961290592012 f_dc (1e6)= 43.87780671247354 |g_lik|= 10392.083563362316 |g_dc|= 1.3573421557029632
f_dc (1e6): 43.87368977681185  perc: 0.9856915037385009
NMSE:  0.18016626922823145
it no: 116 f_tot= 43875661.321625225 f_lik= 1971.5448133686612 f_dc (1e6)= 43.87368977681185 |g_lik|= 10235.743583663327 |g_dc|= 1.3558175594499804
f_dc (1e6): 43.866273253254526  perc: 0.9855248798622114
NMSE:  0.18024155195575667
it no: 118 f_tot= 43868234.06214986 f_lik= 1960.8088953345164 f_dc (1e6)= 43.866273253254526 |g_lik|= 10312.0363889457 |g_dc|= 1.346514556049909
f_dc (1e6): 43.86577513591164  perc: 0.985513688872002
NMSE:  0.18036359138198196
it no: 120 f_tot= 43867722.63644519 f_lik= 1947.5005335417247 f_dc (1e6)= 43.86577513591164 |g_lik|= 10518.110023967038 |g_dc|= 1.3491851176207297
f_dc (1e6): 43.86889634930088  perc: 0.9855838118439876
NMSE:  0.18049074796824835
it no: 122 f_tot= 43870870.08737369 f_lik= 1973.7380728058588 f_dc (1e6)= 43.86889634930088 |g_lik|= 9895.33913828663 |g_dc|= 1.3593501539175172
f_dc (1e6): 43.84537306041493  perc: 0.9850553241304438
NMSE:  0.18061693347191293
it no: 124 f_tot= 43847343.76898087 f_lik= 1970.7085659417653 f_dc (1e6)= 43.84537306041493 |g_lik|= 10308.725668885025 |g_dc|= 1.316983792996997
f_dc (1e6): 43.85533629487886  perc: 0.985279163876105
NMSE:  0.18075755804688984
it no: 126 f_tot= 43857267.32123371 f_lik= 1931.0263548460462 f_dc (1e6)= 43.85533629487886 |g_lik|= 10322.5637917484 |g_dc|= 1.33918054613836
f_dc (1e6): 43.851004331322244  perc: 0.9851818394957306
NMSE:  0.18084002201140661
it no: 128 f_tot= 43852971.59300507 f_lik= 1967.2616828246344 f_dc (1e6)= 43.851004331322244 |g_lik|= 10079.7492819813 |g_dc|= 1.3429095700325449
f_dc (1e6): 43.83756346020149  perc: 0.9848798691683209
NMSE:  0.18100667658873149
it no: 130 f_tot= 43839521.29061966 f_lik= 1957.8304181671142 f_dc (1e6)= 43.83756346020149 |g_lik|= 10212.09301358404 |g_dc|= 1.3153442771540769
f_dc (1e6): 43.843148959234526  perc: 0.9850053561964012
NMSE:  0.1811363939931046
it no: 132 f_tot= 43845091.634760305 f_lik= 1942.6755257742745 f_dc (1e6)= 43.843148959234526 |g_lik|= 10251.756751691611 |g_dc|= 1.3260123664341203
f_dc (1e6): 43.840998100746525  perc: 0.9849570337747369
NMSE:  0.1812446634867881
it no: 134 f_tot= 43842952.39712597 f_lik= 1954.2963794399443 f_dc (1e6)= 43.840998100746525 |g_lik|= 10210.548343147504 |g_dc|= 1.3299527727027165
f_dc (1e6): 43.83966614423698  perc: 0.984927109275077
NMSE:  0.18145029190277182
it no: 136 f_tot= 43841601.45864775 f_lik= 1935.3144107672572 f_dc (1e6)= 43.83966614423698 |g_lik|= 10345.157479193935 |g_dc|= 1.326159360623213
f_dc (1e6): 43.83929448767822  perc: 0.9849187594254484
NMSE:  0.1815439384739881
it no: 138 f_tot= 43841248.613585874 f_lik= 1954.1259076618012 f_dc (1e6)= 43.83929448767822 |g_lik|= 10324.538243732213 |g_dc|= 1.3283383695006121
f_dc (1e6): 43.82862815948608  perc: 0.984679123572422
NMSE:  0.18165055158230475
it no: 140 f_tot= 43830577.185177125 f_lik= 1949.025691044217 f_dc (1e6)= 43.82862815948608 |g_lik|= 10518.161759279796 |g_dc|= 1.3168675634946585
f_dc (1e6): 43.83917577220244  perc: 0.9849160922954115
NMSE:  0.18185106904272474
it no: 142 f_tot= 43841120.48073236 f_lik= 1944.708529920124 f_dc (1e6)= 43.83917577220244 |g_lik|= 10222.987288162427 |g_dc|= 1.335158970267421
f_dc (1e6): 43.839410595103985  perc: 0.9849213679615366
NMSE:  0.18196148996650158
it no: 144 f_tot= 43841361.2804705 f_lik= 1950.6853665142967 f_dc (1e6)= 43.839410595103985 |g_lik|= 10326.907689285512 |g_dc|= 1.3369794097059238
f_dc (1e6): 43.839514469139495  perc: 0.9849237016552554
NMSE:  0.1821706177388213
it no: 146 f_tot= 43841453.28847613 f_lik= 1938.8193366368612 f_dc (1e6)= 43.839514469139495 |g_lik|= 10235.750313496981 |g_dc|= 1.3345164823023
f_dc (1e6): 43.81948675158476  perc: 0.9844737474541523
NMSE:  0.1822176080752146
it no: 148 f_tot= 43821420.38820083 f_lik= 1933.6366160678863 f_dc (1e6)= 43.81948675158476 |g_lik|= 10448.862456288574 |g_dc|= 1.3063749467914132
f_dc (1e6): 43.83315445828876  perc: 0.9847808140000082
NMSE:  0.18239548381089224
it no: 150 f_tot= 43835089.71260104 f_lik= 1935.2543122845605 f_dc (1e6)= 43.83315445828876 |g_lik|= 10219.488186861643 |g_dc|= 1.3308284968976989
f_dc (1e6): 43.8236933958995  perc: 0.984568256340489
NMSE:  0.18252380132677365
it no: 152 f_tot= 43825652.754852355 f_lik= 1959.358952856972 f_dc (1e6)= 43.8236933958995 |g_lik|= 10083.8931293454 |g_dc|= 1.3112920830851962
f_dc (1e6): 43.81647700806924  perc: 0.9844061288283478
NMSE:  0.18265572675063335
it no: 154 f_tot= 43818440.78532358 f_lik= 1963.7772543416704 f_dc (1e6)= 43.81647700806924 |g_lik|= 10495.379415794234 |g_dc|= 1.3028498895619849
f_dc (1e6): 43.82080046287884  perc: 0.9845032620463267
NMSE:  0.1828519476874799
it no: 156 f_tot= 43822752.719852485 f_lik= 1952.2569736408052 f_dc (1e6)= 43.82080046287884 |g_lik|= 10307.136772805326 |g_dc|= 1.3193280142596981
f_dc (1e6): 43.817843077653144  perc: 0.9844368197319219
NMSE:  0.18295374195130806
it no: 158 f_tot= 43819792.3690626 f_lik= 1949.2914094578653 f_dc (1e6)= 43.817843077653144 |g_lik|= 10078.428023861752 |g_dc|= 1.315352646274116
f_dc (1e6): 43.81014308037547  perc: 0.9842638271722801
NMSE:  0.1830520802060415
it no: 160 f_tot= 43812089.35422523 f_lik= 1946.2738497639555 f_dc (1e6)= 43.81014308037547 |g_lik|= 10444.84170520258 |g_dc|= 1.2979129020515394
f_dc (1e6): 43.81507840389639  perc: 0.9843747069840196
NMSE:  0.18321016698303033
it no: 162 f_tot= 43817025.195269205 f_lik= 1946.7913728105455 f_dc (1e6)= 43.81507840389639 |g_lik|= 10346.221970754275 |g_dc|= 1.3151659846381336
f_dc (1e6): 43.80564065442035  perc: 0.9841626730857935
NMSE:  0.1834173621337979
it no: 164 f_tot= 43807582.75245567 f_lik= 1942.098035311472 f_dc (1e6)= 43.80564065442035 |g_lik|= 10294.23193085479 |g_dc|= 1.3005876637205829
f_dc (1e6): 43.80872474231577  perc: 0.9842319619751201
NMSE:  0.18352221865281734
it no: 166 f_tot= 43810750.613709375 f_lik= 2025.8713936028025 f_dc (1e6)= 43.80872474231577 |g_lik|= 10286.864101352565 |g_dc|= 1.3106520241261548
f_dc (1e6): 43.79970619490711  perc: 0.9840293461112161
NMSE:  0.1837170049492683
it no: 168 f_tot= 43801641.74559229 f_lik= 1935.5506851795742 f_dc (1e6)= 43.79970619490711 |g_lik|= 10442.058857161383 |g_dc|= 1.3005149048611921
f_dc (1e6): 43.80880232660813  perc: 0.9842337050283758
NMSE:  0.18387173726292408
it no: 170 f_tot= 43810729.023188986 f_lik= 1926.6965808550517 f_dc (1e6)= 43.80880232660813 |g_lik|= 10437.117220370452 |g_dc|= 1.3184580533220638
f_dc (1e6): 43.8035558975901  perc: 0.9841158357419231
NMSE:  0.18395200882437784
it no: 172 f_tot= 43805494.21543036 f_lik= 1938.3178402582805 f_dc (1e6)= 43.8035558975901 |g_lik|= 10085.34719699716 |g_dc|= 1.30714868950109
f_dc (1e6): 43.798169495305544  perc: 0.9839948217357017
NMSE:  0.18411037322380464
it no: 174 f_tot= 43800103.51987568 f_lik= 1934.024570138341 f_dc (1e6)= 43.798169495305544 |g_lik|= 10458.274501081787 |g_dc|= 1.2929019200810687
f_dc (1e6): 43.80199068424234  perc: 0.9840806707602158
NMSE:  0.18427163535234026
it no: 176 f_tot= 43803953.418380916 f_lik= 1962.7341385814123 f_dc (1e6)= 43.80199068424234 |g_lik|= 10224.810602566198 |g_dc|= 1.3028587077865976
f_dc (1e6): 43.7965442286376  perc: 0.9839583075616248
NMSE:  0.18438703355677202
it no: 178 f_tot= 43798489.65963472 f_lik= 1945.430997116452 f_dc (1e6)= 43.7965442286376 |g_lik|= 10479.126938297695 |g_dc|= 1.2986916219292872
f_dc (1e6): 43.799931695692955  perc: 0.9840344123413379
NMSE:  0.18458611372920514
it no: 180 f_tot= 43801881.82596848 f_lik= 1950.1302755283175 f_dc (1e6)= 43.799931695692955 |g_lik|= 10508.073464571678 |g_dc|= 1.3117231291920806
f_dc (1e6): 43.7975824132181  perc: 0.9839816320124637
NMSE:  0.18465963205866306
it no: 182 f_tot= 43799519.090058826 f_lik= 1936.6768407217662 f_dc (1e6)= 43.7975824132181 |g_lik|= 10095.885418151876 |g_dc|= 1.3084375510078077
f_dc (1e6): 43.78828274964876  perc: 0.9837727004314967
NMSE:  0.18478619255127615
it no: 184 f_tot= 43790215.15972932 f_lik= 1932.4100805573237 f_dc (1e6)= 43.78828274964876 |g_lik|= 10072.08040972409 |g_dc|= 1.2899136142117085
f_dc (1e6): 43.7837789218828  perc: 0.9836715148511228
NMSE:  0.18494618988263206
it no: 186 f_tot= 43785709.718121365 f_lik= 1930.7962385645367 f_dc (1e6)= 43.7837789218828 |g_lik|= 10586.84179026193 |g_dc|= 1.28146664664511
f_dc (1e6): 43.79941964582372  perc: 0.9840229083349922
NMSE:  0.1851347685402151
it no: 188 f_tot= 43801334.49733453 f_lik= 1914.8515108122144 f_dc (1e6)= 43.79941964582372 |g_lik|= 10111.68884141269 |g_dc|= 1.3161897644866987
f_dc (1e6): 43.78241574986674  perc: 0.9836408890459717
NMSE:  0.18524926619285453
it no: 190 f_tot= 43784340.4227968 f_lik= 1924.6729300508046 f_dc (1e6)= 43.78241574986674 |g_lik|= 10239.837010636595 |g_dc|= 1.2800018954614416
f_dc (1e6): 43.78253111720526  perc: 0.9836434809548347
NMSE:  0.18553726629850073
it no: 192 f_tot= 43784479.74194371 f_lik= 1948.6247384461903 f_dc (1e6)= 43.78253111720526 |g_lik|= 10418.983297850307 |g_dc|= 1.2833316896330351
f_dc (1e6): 43.78684956751558  perc: 0.9837405017388594
NMSE:  0.18554995124591211
it no: 194 f_tot= 43788799.620812304 f_lik= 1950.053296720414 f_dc (1e6)= 43.78684956751558 |g_lik|= 10150.504818681635 |g_dc|= 1.30369411226334
f_dc (1e6): 43.77598789459519  perc: 0.9834964771590149
NMSE:  0.18573105211738256
it no: 196 f_tot= 43777904.02672074 f_lik= 1916.1321255460239 f_dc (1e6)= 43.77598789459519 |g_lik|= 10210.765009263687 |g_dc|= 1.2731533730949605
f_dc (1e6): 43.779562324610815  perc: 0.9835767823559343
NMSE:  0.18592082864779955
it no: 198 f_tot= 43781533.35697045 f_lik= 1971.032359640939 f_dc (1e6)= 43.779562324610815 |g_lik|= 10612.753274590426 |g_dc|= 1.28722414026169
f_dc (1e6): 43.78643729805339  perc: 0.9837312394564254
NMSE:  0.1860614834098563
it no: 200 f_tot= 43788350.62477613 f_lik= 1913.3267227436247 f_dc (1e6)= 43.78643729805339 |g_lik|= 10203.591453248107 |g_dc|= 1.3028009934459912
f_dc (1e6): 43.78650216600948  perc: 0.9837326968171695
NMSE:  0.1862743793501805
it no: 202 f_tot= 43788426.501357004 f_lik= 1924.335347526187 f_dc (1e6)= 43.78650216600948 |g_lik|= 10452.950478191218 |g_dc|= 1.2914386687526875
f_dc (1e6): 43.784038073812056  perc: 0.9836773371071523
NMSE:  0.18639545948818906
it no: 204 f_tot= 43785986.45839852 f_lik= 1948.384586468197 f_dc (1e6)= 43.784038073812056 |g_lik|= 9945.016345310947 |g_dc|= 1.296173623170009
f_dc (1e6): 43.76282091032381  perc: 0.98320066013081
NMSE:  0.18645520286129988
it no: 206 f_tot= 43764759.12978888 f_lik= 1938.2194650686356 f_dc (1e6)= 43.76282091032381 |g_lik|= 10421.896230545106 |g_dc|= 1.2519359543729836
f_dc (1e6): 43.774710727198794  perc: 0.9834677835830269
NMSE:  0.18673079743164486
it no: 208 f_tot= 43776663.190082386 f_lik= 1952.462883595058 f_dc (1e6)= 43.774710727198794 |g_lik|= 10310.7799186853 |g_dc|= 1.2768097565988643
f_dc (1e6): 43.775408334917444  perc: 0.9834834564385517
NMSE:  0.18680140585362578
it no: 210 f_tot= 43777320.1630539 f_lik= 1911.828136458624 f_dc (1e6)= 43.775408334917444 |g_lik|= 10200.807708207327 |g_dc|= 1.2797804991014583
f_dc (1e6): 43.76965562752583  perc: 0.9833542128114884
NMSE:  0.18692019114307717
it no: 212 f_tot= 43771611.212620184 f_lik= 1955.5850943519956 f_dc (1e6)= 43.76965562752583 |g_lik|= 10377.50717270279 |g_dc|= 1.2739027966076224
f_dc (1e6): 43.76868078039211  perc: 0.9833323113360931
NMSE:  0.18710575232970894
it no: 214 f_tot= 43770623.11507429 f_lik= 1942.3346821848552 f_dc (1e6)= 43.76868078039211 |g_lik|= 10230.401151310414 |g_dc|= 1.274070076422796
f_dc (1e6): 43.76322518469103  perc: 0.9832097427908503
NMSE:  0.18719971473040256
it no: 216 f_tot= 43765166.12031591 f_lik= 1940.9356248746599 f_dc (1e6)= 43.76322518469103 |g_lik|= 10194.538156559498 |g_dc|= 1.2642460518866507
f_dc (1e6): 43.76159801160897  perc: 0.9831731857861791
NMSE:  0.1872828828924584
it no: 218 f_tot= 43763535.16591261 f_lik= 1937.1543036497208 f_dc (1e6)= 43.76159801160897 |g_lik|= 10347.04618146018 |g_dc|= 1.2708381834132871
f_dc (1e6): 43.770322451039625  perc: 0.983369194051393
NMSE:  0.1875989690865419
it no: 220 f_tot= 43772240.87528288 f_lik= 1918.42424325794 f_dc (1e6)= 43.770322451039625 |g_lik|= 10486.637960743328 |g_dc|= 1.2806822993863902
f_dc (1e6): 43.77710420920182  perc: 0.9835215569238774
NMSE:  0.18766945664911758
it no: 222 f_tot= 43779041.16205 f_lik= 1936.9528481783186 f_dc (1e6)= 43.77710420920182 |g_lik|= 10126.197824998786 |g_dc|= 1.3022104256812093
f_dc (1e6): 43.75431168709121  perc: 0.9830094870362638
NMSE:  0.18780911509881276
it no: 224 f_tot= 43756243.774270676 f_lik= 1932.0871794700622 f_dc (1e6)= 43.75431168709121 |g_lik|= 10428.065645984465 |g_dc|= 1.2499453425566012
f_dc (1e6): 43.7638239909032  perc: 0.9832231959150054
NMSE:  0.18797248465708158
it no: 226 f_tot= 43765764.72839791 f_lik= 1940.7374947161902 f_dc (1e6)= 43.7638239909032 |g_lik|= 10028.39486172939 |g_dc|= 1.283656924228248
f_dc (1e6): 43.74677202978152  perc: 0.982840096766399
NMSE:  0.1880885021143295
it no: 228 f_tot= 43748717.71783639 f_lik= 1945.688054864066 f_dc (1e6)= 43.74677202978152 |g_lik|= 10358.555749656876 |g_dc|= 1.2449849587944906
f_dc (1e6): 43.76019266435571  perc: 0.9831416124479351
NMSE:  0.18827620886932503
it no: 230 f_tot= 43762128.64882563 f_lik= 1935.9844699226107 f_dc (1e6)= 43.76019266435571 |g_lik|= 10420.103840739399 |g_dc|= 1.2735596417475346
f_dc (1e6): 43.7497171136542  perc: 0.9829062627115442
NMSE:  0.18843716269787056
it no: 232 f_tot= 43751656.4978038 f_lik= 1939.3841496004377 f_dc (1e6)= 43.7497171136542 |g_lik|= 10176.741301826087 |g_dc|= 1.2540120844966698
f_dc (1e6): 43.75378659098501  perc: 0.9829976899256685
NMSE:  0.1885632750028056
it no: 234 f_tot= 43755724.51865991 f_lik= 1937.9276749075027 f_dc (1e6)= 43.75378659098501 |g_lik|= 10376.440977593962 |g_dc|= 1.2585734643323996
f_dc (1e6): 43.753350415204835  perc: 0.9829878905501694
NMSE:  0.18875150493673223
it no: 236 f_tot= 43755294.34988456 f_lik= 1943.934679725823 f_dc (1e6)= 43.753350415204835 |g_lik|= 10450.699962663268 |g_dc|= 1.2677506661282547
f_dc (1e6): 43.76250824596723  perc: 0.9831936356338651
NMSE:  0.18888847802167139
it no: 238 f_tot= 43764467.70566442 f_lik= 1959.459697189331 f_dc (1e6)= 43.76250824596723 |g_lik|= 10214.549234972881 |g_dc|= 1.2787345206985608
f_dc (1e6): 43.75189634726383  perc: 0.9829552226249824
NMSE:  0.1890297602829006
it no: 240 f_tot= 43753838.568615764 f_lik= 1942.2213519373395 f_dc (1e6)= 43.75189634726383 |g_lik|= 10330.359692621701 |g_dc|= 1.2626443677932568
f_dc (1e6): 43.751103339521144  perc: 0.9829374064577455
NMSE:  0.18918259824419248
it no: 242 f_tot= 43753041.32787131 f_lik= 1937.9883501615977 f_dc (1e6)= 43.751103339521144 |g_lik|= 10044.302149273066 |g_dc|= 1.259349861544436
f_dc (1e6): 43.74685967211033  perc: 0.9828420657892764
NMSE:  0.1892890044769777
it no: 244 f_tot= 43748795.82843944 f_lik= 1936.1563291059222 f_dc (1e6)= 43.74685967211033 |g_lik|= 10249.177583363376 |g_dc|= 1.2524443034908863
f_dc (1e6): 43.75026268627186  perc: 0.9829185198592024
NMSE:  0.1895171310321681
it no: 246 f_tot= 43752198.53272384 f_lik= 1935.8464519755046 f_dc (1e6)= 43.75026268627186 |g_lik|= 10396.044674848357 |g_dc|= 1.2582844685477355
f_dc (1e6): 43.75328765920119  perc: 0.9829864806377614
NMSE:  0.18962745155091634
it no: 248 f_tot= 43755232.4202532 f_lik= 1944.7610520117623 f_dc (1e6)= 43.75328765920119 |g_lik|= 10161.371371644605 |g_dc|= 1.2637503312899192
f_dc (1e6): 43.74570197475318  perc: 0.9828160562957814
NMSE:  0.18978275377840212
it no: 250 f_tot= 43747637.2732243 f_lik= 1935.2984711201987 f_dc (1e6)= 43.74570197475318 |g_lik|= 10318.686263330974 |g_dc|= 1.24862533071921
f_dc (1e6): 43.75314564845867  perc: 0.9829832901428872
NMSE:  0.18997665669028238
it no: 252 f_tot= 43755090.40693302 f_lik= 1944.7584743536086 f_dc (1e6)= 43.75314564845867 |g_lik|= 10267.48059051481 |g_dc|= 1.267514916041233
f_dc (1e6): 43.75484064562559  perc: 0.9830213709223884
NMSE:  0.1900675134113928
it no: 254 f_tot= 43756753.36502977 f_lik= 1912.7194041733514 f_dc (1e6)= 43.75484064562559 |g_lik|= 10185.057791211922 |g_dc|= 1.2702562698124416
f_dc (1e6): 43.74630057254256  perc: 0.9828295047373905
NMSE:  0.19027515427123753
it no: 256 f_tot= 43748247.1777407 f_lik= 1946.6051981444587 f_dc (1e6)= 43.74630057254256 |g_lik|= 10410.905673552978 |g_dc|= 1.2578194264078373
f_dc (1e6): 43.746169189315616  perc: 0.9828265530063831
NMSE:  0.1904452005308034
it no: 258 f_tot= 43748108.615835436 f_lik= 1939.4265198208036 f_dc (1e6)= 43.746169189315616 |g_lik|= 9993.877336457947 |g_dc|= 1.265188495557289
f_dc (1e6): 43.73540867789938  perc: 0.9825848011789707
NMSE:  0.19054751111088855
it no: 260 f_tot= 43737335.65492814 f_lik= 1926.9770287652243 f_dc (1e6)= 43.73540867789938 |g_lik|= 10156.281553330466 |g_dc|= 1.2376650770315687
f_dc (1e6): 43.73924540107347  perc: 0.9826709992045788
NMSE:  0.19075445833521684
it no: 262 f_tot= 43741158.973675795 f_lik= 1913.5726023260752 f_dc (1e6)= 43.73924540107347 |g_lik|= 10478.977577344884 |g_dc|= 1.2533461066421863
f_dc (1e6): 43.75364316060481  perc: 0.9829944675363992
NMSE:  0.1909293604154577
it no: 264 f_tot= 43755575.290840045 f_lik= 1932.1302352310363 f_dc (1e6)= 43.75364316060481 |g_lik|= 10276.741613981181 |g_dc|= 1.2841281274395064
f_dc (1e6): 43.734260713288705  perc: 0.982559010346946
NMSE:  0.19101855287860797
it no: 266 f_tot= 43736203.53074726 f_lik= 1942.817458556039 f_dc (1e6)= 43.734260713288705 |g_lik|= 10252.66645993908 |g_dc|= 1.2372306408943499
f_dc (1e6): 43.741396761631364  perc: 0.9827193329060335
NMSE:  0.19111222150634866
it no: 268 f_tot= 43743340.4575685 f_lik= 1943.695937131246 f_dc (1e6)= 43.741396761631364 |g_lik|= 10091.558480548707 |g_dc|= 1.2607253064579853
f_dc (1e6): 43.732362760638  perc: 0.9825163698530234
NMSE:  0.19133142134069647
it no: 270 f_tot= 43734306.28387428 f_lik= 1943.5232362828935 f_dc (1e6)= 43.732362760638 |g_lik|= 10269.48265755768 |g_dc|= 1.2379710870708727
f_dc (1e6): 43.74041377600802  perc: 0.9826972485866576
NMSE:  0.19150268497574555
it no: 272 f_tot= 43742356.84102812 f_lik= 1943.0650200981186 f_dc (1e6)= 43.74041377600802 |g_lik|= 10222.94096833025 |g_dc|= 1.2597711477192464
f_dc (1e6): 43.73782069301098  perc: 0.9826389908952788
NMSE:  0.1916899440622898
it no: 274 f_tot= 43739755.38386117 f_lik= 1934.690850190662 f_dc (1e6)= 43.73782069301098 |g_lik|= 10276.152141510573 |g_dc|= 1.2539510853307014
f_dc (1e6): 43.73437435031934  perc: 0.9825615633817188
NMSE:  0.19188313603267645
it no: 276 f_tot= 43736300.94126313 f_lik= 1926.5909437878927 f_dc (1e6)= 43.73437435031934 |g_lik|= 10177.315692597014 |g_dc|= 1.2454146063094294
f_dc (1e6): 43.73277166361842  perc: 0.9825255565021451
NMSE:  0.19200136914606666
it no: 278 f_tot= 43734699.24642994 f_lik= 1927.5828115172612 f_dc (1e6)= 43.73277166361842 |g_lik|= 10334.407311220097 |g_dc|= 1.248545029025332
f_dc (1e6): 43.734533257615865  perc: 0.982565133484276
NMSE:  0.19220026815785413
it no: 280 f_tot= 43736458.58668761 f_lik= 1925.3290717451914 f_dc (1e6)= 43.734533257615865 |g_lik|= 10204.767254069135 |g_dc|= 1.250588391990523
f_dc (1e6): 43.73689898340007  perc: 0.9826182832379787
NMSE:  0.19233072852645336
it no: 282 f_tot= 43738844.864168115 f_lik= 1945.8807680475145 f_dc (1e6)= 43.73689898340007 |g_lik|= 10179.063058358488 |g_dc|= 1.2543081398891893
f_dc (1e6): 43.72851708862753  perc: 0.9824299707777194
NMSE:  0.19243069504606428
it no: 284 f_tot= 43730469.808304235 f_lik= 1952.7196767094022 f_dc (1e6)= 43.72851708862753 |g_lik|= 10083.09114366116 |g_dc|= 1.2280574193946079
f_dc (1e6): 43.724638939935296  perc: 0.9823428420626372
NMSE:  0.19261630805356472
it no: 286 f_tot= 43726549.424884886 f_lik= 1910.4849495860508 f_dc (1e6)= 43.724638939935296 |g_lik|= 10207.281556804786 |g_dc|= 1.2352445584837013
f_dc (1e6): 43.72728338505688  perc: 0.9824022536849947
NMSE:  0.1926999935984918
it no: 288 f_tot= 43729241.89258965 f_lik= 1958.507532777332 f_dc (1e6)= 43.72728338505688 |g_lik|= 10509.084603684254 |g_dc|= 1.240115380040644
f_dc (1e6): 43.73269902304435  perc: 0.9825239245173027
NMSE:  0.19293352485466525
it no: 290 f_tot= 43734623.58795232 f_lik= 1924.5649079731531 f_dc (1e6)= 43.73269902304435 |g_lik|= 10249.777011616052 |g_dc|= 1.2586051020413935
f_dc (1e6): 43.72560974840382  perc: 0.9823646528030615
NMSE:  0.19310407842848112
it no: 292 f_tot= 43727524.180928074 f_lik= 1914.4325242578984 f_dc (1e6)= 43.72560974840382 |g_lik|= 10307.033289642734 |g_dc|= 1.2355866903287231
f_dc (1e6): 43.728344457846646  perc: 0.9824260923554837
NMSE:  0.19325476259438243
it no: 294 f_tot= 43730256.919739224 f_lik= 1912.4618925784882 f_dc (1e6)= 43.728344457846646 |g_lik|= 10084.867592026223 |g_dc|= 1.2462428334791347
f_dc (1e6): 43.719347307546784  perc: 0.9822239572113108
NMSE:  0.19339305631075132
it no: 296 f_tot= 43721285.76615074 f_lik= 1938.4586039593107 f_dc (1e6)= 43.719347307546784 |g_lik|= 10274.25799076167 |g_dc|= 1.228870060612615
f_dc (1e6): 43.721790236444676  perc: 0.9822788414544901
NMSE:  0.19353716318598177
it no: 298 f_tot= 43723705.78998994 f_lik= 1915.5535452651977 f_dc (1e6)= 43.721790236444676 |g_lik|= 10269.365369266212 |g_dc|= 1.235902377143065
f_dc (1e6): 43.72268922474005  perc: 0.9822990386416703
NMSE:  0.19364535117236034
it no: 300 f_tot= 43724610.18552412 f_lik= 1920.960784069243 f_dc (1e6)= 43.72268922474005 |g_lik|= 10101.420217642983 |g_dc|= 1.23841435416067
f_dc (1e6): 43.7213147987025  perc: 0.9822681599972112
NMSE:  0.19383307578252404
it no: 302 f_tot= 43723243.171503365 f_lik= 1928.3728008669898 f_dc (1e6)= 43.7213147987025 |g_lik|= 10344.324593881907 |g_dc|= 1.235676235665681
f_dc (1e6): 43.721746121737304  perc: 0.9822778503481466
NMSE:  0.19390565599138668
it no: 304 f_tot= 43723677.07360797 f_lik= 1930.9518706657773 f_dc (1e6)= 43.721746121737304 |g_lik|= 10088.993698838143 |g_dc|= 1.2420094368188723
f_dc (1e6): 43.71708319069572  perc: 0.9821730902622366
NMSE:  0.19412266544132437
it no: 306 f_tot= 43719012.593408525 f_lik= 1929.4027128083364 f_dc (1e6)= 43.71708319069572 |g_lik|= 10363.2855420656 |g_dc|= 1.22703071976952
f_dc (1e6): 43.72242243462996  perc: 0.982293044781885
NMSE:  0.19430783625847725
it no: 308 f_tot= 43724351.493249804 f_lik= 1929.0586198407127 f_dc (1e6)= 43.72242243462996 |g_lik|= 10504.488286934196 |g_dc|= 1.246782762178326
f_dc (1e6): 43.724916610503556  perc: 0.982349080369043
NMSE:  0.19438113137005242
it no: 310 f_tot= 43726827.786200404 f_lik= 1911.17569684619 f_dc (1e6)= 43.724916610503556 |g_lik|= 10003.499433036966 |g_dc|= 1.2464446564214096
f_dc (1e6): 43.709866598151  perc: 0.9820109581508631
NMSE:  0.1945507663061657
it no: 312 f_tot= 43711780.184429236 f_lik= 1913.5862782287597 f_dc (1e6)= 43.709866598151 |g_lik|= 10448.796354231687 |g_dc|= 1.2160887725162235
f_dc (1e6): 43.72411334900358  perc: 0.9823310338350077
NMSE:  0.1948189566347026
it no: 314 f_tot= 43726043.61829984 f_lik= 1930.269296262179 f_dc (1e6)= 43.72411334900358 |g_lik|= 10199.712030190078 |g_dc|= 1.2453441598957091
f_dc (1e6): 43.71985947999001  perc: 0.982235463971474
NMSE:  0.194892545042142
it no: 316 f_tot= 43721785.35906517 f_lik= 1925.8790751538959 f_dc (1e6)= 43.71985947999001 |g_lik|= 9800.71802586131 |g_dc|= 1.2352166735666068
f_dc (1e6): 43.70358159773959  perc: 0.9818697557232113
NMSE:  0.1950742271689968
it no: 318 f_tot= 43705489.76257561 f_lik= 1908.1648360170636 f_dc (1e6)= 43.70358159773959 |g_lik|= 10330.0027090605 |g_dc|= 1.200103539784237
f_dc (1e6): 43.71508416884413  perc: 0.9821281790896199
NMSE:  0.19516346591013484
it no: 320 f_tot= 43716993.43052891 f_lik= 1909.2616847814832 f_dc (1e6)= 43.71508416884413 |g_lik|= 10269.787396689084 |g_dc|= 1.2328966098738496
f_dc (1e6): 43.70879493169245  perc: 0.9819868814769289
NMSE:  0.19532661282481553
it no: 322 f_tot= 43710729.75711132 f_lik= 1934.8254188664755 f_dc (1e6)= 43.70879493169245 |g_lik|= 10038.358408821603 |g_dc|= 1.2202424883067482
f_dc (1e6): 43.70394840787376  perc: 0.9818779966902823
NMSE:  0.19554699530312736
it no: 324 f_tot= 43705870.52989074 f_lik= 1922.1220169812157 f_dc (1e6)= 43.70394840787376 |g_lik|= 10415.806662026034 |g_dc|= 1.2102208063751498
f_dc (1e6): 43.716105171793465  perc: 0.9821511175280686
NMSE:  0.19573332072687752
it no: 326 f_tot= 43718031.845110536 f_lik= 1926.6733170668283 f_dc (1e6)= 43.716105171793465 |g_lik|= 10152.381583157701 |g_dc|= 1.2442910609285114
f_dc (1e6): 43.71222694896246  perc: 0.982063987147342
NMSE:  0.19587938432260477
it no: 328 f_tot= 43714125.32802536 f_lik= 1898.3790629039208 f_dc (1e6)= 43.71222694896246 |g_lik|= 10069.76104710693 |g_dc|= 1.2239345237607415
f_dc (1e6): 43.706534177544455  perc: 0.9819360900762727
NMSE:  0.196012767212226
it no: 330 f_tot= 43708456.27610333 f_lik= 1922.0985588829858 f_dc (1e6)= 43.706534177544455 |g_lik|= 10272.110162174366 |g_dc|= 1.210596764811352
f_dc (1e6): 43.709539023255104  perc: 0.982003598665181
NMSE:  0.19616362841171037
it no: 332 f_tot= 43711477.23642986 f_lik= 1938.213174763634 f_dc (1e6)= 43.709539023255104 |g_lik|= 10301.138612319783 |g_dc|= 1.2307713835678304
f_dc (1e6): 43.71091425737104  perc: 0.9820344954643931
NMSE:  0.19627696456677082
it no: 334 f_tot= 43712824.47083405 f_lik= 1910.2134630091275 f_dc (1e6)= 43.71091425737104 |g_lik|= 10028.474170868893 |g_dc|= 1.2260614413732132
f_dc (1e6): 43.70497424659737  perc: 0.9819010437720119
NMSE:  0.19646253005484862
it no: 336 f_tot= 43706931.103094555 f_lik= 1956.8564971941994 f_dc (1e6)= 43.70497424659737 |g_lik|= 10139.317316557313 |g_dc|= 1.217172378014619
f_dc (1e6): 43.70940772060804  perc: 0.9820006487445274
NMSE:  0.19665332955491177
it no: 338 f_tot= 43711328.227506004 f_lik= 1920.5068979627745 f_dc (1e6)= 43.70940772060804 |g_lik|= 10643.647649709887 |g_dc|= 1.2282179973314074
f_dc (1e6): 43.71203022050448  perc: 0.9820595673328572
NMSE:  0.19687279676461883
it no: 340 f_tot= 43713944.778601885 f_lik= 1914.558097407023 f_dc (1e6)= 43.71203022050448 |g_lik|= 9956.871935603043 |g_dc|= 1.2402100585352296
f_dc (1e6): 43.69871985187026  perc: 0.9817605289492356
NMSE:  0.19692234101153994
it no: 342 f_tot= 43700659.03795682 f_lik= 1939.186086556571 f_dc (1e6)= 43.69871985187026 |g_lik|= 10102.505445482835 |g_dc|= 1.2093423753461878
f_dc (1e6): 43.70453337635365  perc: 0.9818911389279998
NMSE:  0.19713600571588608
it no: 344 f_tot= 43706456.558029264 f_lik= 1923.1816756148564 f_dc (1e6)= 43.70453337635365 |g_lik|= 10304.190164219473 |g_dc|= 1.2174766188236121
f_dc (1e6): 43.70738628253996  perc: 0.9819552339563211
NMSE:  0.19722907004545906
it no: 346 f_tot= 43709304.79497689 f_lik= 1918.5124369303385 f_dc (1e6)= 43.70738628253996 |g_lik|= 10015.554454364741 |g_dc|= 1.2321393905018019
f_dc (1e6): 43.69891782056641  perc: 0.981764976627623
NMSE:  0.19738032457590451
it no: 348 f_tot= 43700832.57181574 f_lik= 1914.7512493260701 f_dc (1e6)= 43.69891782056641 |g_lik|= 10062.356929112555 |g_dc|= 1.2095209162376677
f_dc (1e6): 43.69746573338266  perc: 0.9817323532032657
NMSE:  0.19750248658659875
it no: 350 f_tot= 43699342.390537344 f_lik= 1876.6571546867915 f_dc (1e6)= 43.69746573338266 |g_lik|= 10441.071131483117 |g_dc|= 1.212412411168164
f_dc (1e6): 43.70800535903555  perc: 0.9819691424843016
NMSE:  0.1977349345634193
it no: 352 f_tot= 43709893.771751046 f_lik= 1888.4127154958817 f_dc (1e6)= 43.70800535903555 |g_lik|= 10313.20098849971 |g_dc|= 1.237158058303478
f_dc (1e6): 43.69851556118812  perc: 0.9817559392374811
NMSE:  0.1979098365147177
it no: 354 f_tot= 43700450.65219797 f_lik= 1935.0910098557245 f_dc (1e6)= 43.69851556118812 |g_lik|= 10182.543779574125 |g_dc|= 1.2189719511985941
f_dc (1e6): 43.70065778689725  perc: 0.981804067710179
NMSE:  0.1981203973283962
it no: 356 f_tot= 43702579.84718044 f_lik= 1922.0602831904093 f_dc (1e6)= 43.70065778689725 |g_lik|= 10139.961072880942 |g_dc|= 1.2166769351278173
f_dc (1e6): 43.69729145906892  perc: 0.9817284378564773
NMSE:  0.1982566754880711
it no: 358 f_tot= 43699229.36121235 f_lik= 1937.902143428439 f_dc (1e6)= 43.69729145906892 |g_lik|= 10257.797865622837 |g_dc|= 1.2149788605517844
f_dc (1e6): 43.69608832274857  perc: 0.9817014075051473
NMSE:  0.1984036664008056
it no: 360 f_tot= 43697992.75664163 f_lik= 1904.433893056597 f_dc (1e6)= 43.69608832274857 |g_lik|= 10338.48068231136 |g_dc|= 1.2154675207199315
f_dc (1e6): 43.69196330025356  perc: 0.9816087323814742
NMSE:  0.1985633862369599
it no: 362 f_tot= 43693875.993561216 f_lik= 1912.6933076495216 f_dc (1e6)= 43.69196330025356 |g_lik|= 10028.86452958708 |g_dc|= 1.211212556288077
f_dc (1e6): 43.68626405426524  perc: 0.981480689848991
NMSE:  0.1986914474747251
it no: 364 f_tot= 43688162.96555486 f_lik= 1898.9112896283468 f_dc (1e6)= 43.68626405426524 |g_lik|= 10251.350986449352 |g_dc|= 1.1934503044523828
f_dc (1e6): 43.695951331012715  perc: 0.9816983297701584
NMSE:  0.19890654712393513
it no: 366 f_tot= 43697897.41114302 f_lik= 1946.0801303027924 f_dc (1e6)= 43.695951331012715 |g_lik|= 10425.087071826281 |g_dc|= 1.216793080607106
f_dc (1e6): 43.701115053666165  perc: 0.9818143409279402
NMSE:  0.19904633279233852
it no: 368 f_tot= 43703039.56610748 f_lik= 1924.5124413117908 f_dc (1e6)= 43.701115053666165 |g_lik|= 10193.831071297074 |g_dc|= 1.230031922434455
f_dc (1e6): 43.69825536192533  perc: 0.9817500934514549
NMSE:  0.19927947768161325
it no: 370 f_tot= 43700204.374413066 f_lik= 1949.012487742106 f_dc (1e6)= 43.69825536192533 |g_lik|= 10226.11876387784 |g_dc|= 1.217534340404497
f_dc (1e6): 43.694970028974645  perc: 0.981676283275176
NMSE:  0.1993764567667822
it no: 372 f_tot= 43696895.60683065 f_lik= 1925.577856005714 f_dc (1e6)= 43.694970028974645 |g_lik|= 10119.295635563794 |g_dc|= 1.213378797295981
f_dc (1e6): 43.68976564300519  perc: 0.9815593585519905
NMSE:  0.1995516546396186
it no: 374 f_tot= 43691654.039696254 f_lik= 1888.3966910707384 f_dc (1e6)= 43.68976564300519 |g_lik|= 10320.413318216442 |g_dc|= 1.1985189009604444
f_dc (1e6): 43.702353897773044  perc: 0.9818421735109033
NMSE:  0.19975568049343276
it no: 376 f_tot= 43704264.01699363 f_lik= 1910.1192205846878 f_dc (1e6)= 43.702353897773044 |g_lik|= 10200.881862286791 |g_dc|= 1.221522996027059
f_dc (1e6): 43.6887344772261  perc: 0.9815361917895743
NMSE:  0.19993330273914717
it no: 378 f_tot= 43690670.544790715 f_lik= 1936.0675646167567 f_dc (1e6)= 43.6887344772261 |g_lik|= 10042.52407775403 |g_dc|= 1.2067561916537979
f_dc (1e6): 43.6855600498904  perc: 0.9814648732825156
NMSE:  0.20010577964091678
it no: 380 f_tot= 43687524.023026496 f_lik= 1963.9731360944113 f_dc (1e6)= 43.6855600498904 |g_lik|= 10281.638080873281 |g_dc|= 1.191628085303491
f_dc (1e6): 43.68407205789611  perc: 0.9814314432000706
NMSE:  0.20020792109027238
it no: 382 f_tot= 43686024.07846545 f_lik= 1952.0205693381174 f_dc (1e6)= 43.68407205789611 |g_lik|= 10200.22855869914 |g_dc|= 1.202864908696983
f_dc (1e6): 43.68936618011873  perc: 0.9815503839894398
NMSE:  0.20042261007993203
it no: 384 f_tot= 43691314.536530256 f_lik= 1948.3564115233648 f_dc (1e6)= 43.68936618011873 |g_lik|= 10462.205597419115 |g_dc|= 1.2047338788516364
f_dc (1e6): 43.69220007743494  perc: 0.9816140519535719
NMSE:  0.20057023200143653
it no: 386 f_tot= 43694119.3843454 f_lik= 1919.3069104585193 f_dc (1e6)= 43.69220007743494 |g_lik|= 9942.469935443192 |g_dc|= 1.2193899005996642
f_dc (1e6): 43.68825255672826  perc: 0.9815253646869846
NMSE:  0.2006915518060469
it no: 388 f_tot= 43690188.866300784 f_lik= 1936.3095725286576 f_dc (1e6)= 43.68825255672826 |g_lik|= 10208.509966419184 |g_dc|= 1.2036863909761335
f_dc (1e6): 43.68514161046768  perc: 0.9814554723822061
NMSE:  0.20091631543645835
it no: 390 f_tot= 43687109.84420316 f_lik= 1968.2337354787192 f_dc (1e6)= 43.68514161046768 |g_lik|= 10322.660889639916 |g_dc|= 1.2037833128247404
f_dc (1e6): 43.69382448306454  perc: 0.9816505467830668
NMSE:  0.20106052076333614
it no: 392 f_tot= 43695743.08832637 f_lik= 1918.6052618353708 f_dc (1e6)= 43.69382448306454 |g_lik|= 9807.938675944335 |g_dc|= 1.2199155621417663
f_dc (1e6): 43.67873649299793  perc: 0.981311571335759
NMSE:  0.20120754582084815
it no: 394 f_tot= 43680655.17663161 f_lik= 1918.6836336771646 f_dc (1e6)= 43.67873649299793 |g_lik|= 10265.689809463202 |g_dc|= 1.1851994192270847
f_dc (1e6): 43.689312871889  perc: 0.9815491863361447
NMSE:  0.20142918995008874
it no: 396 f_tot= 43691262.40096057 f_lik= 1949.5290715662638 f_dc (1e6)= 43.689312871889 |g_lik|= 10256.30687940784 |g_dc|= 1.2163948866763516
f_dc (1e6): 43.69139228350419  perc: 0.981595903591345
NMSE:  0.20158426333893537
it no: 398 f_tot= 43693333.56743342 f_lik= 1941.2839292181106 f_dc (1e6)= 43.69139228350419 |g_lik|= 9988.742529874691 |g_dc|= 1.2197140526348702
f_dc (1e6): 43.68629555440392  perc: 0.9814813975491916
NMSE:  0.20171224414124234
it no: 400 f_tot= 43688213.548891924 f_lik= 1917.9944880076816 f_dc (1e6)= 43.68629555440392 |g_lik|= 10493.92333493306 |g_dc|= 1.203628290612466
f_dc (1e6): 43.69772833426051  perc: 0.9817382529453547
NMSE:  0.20200288329257793
it no: 402 f_tot= 43699650.93548393 f_lik= 1922.601223424446 f_dc (1e6)= 43.69772833426051 |g_lik|= 10210.435271344857 |g_dc|= 1.229120137834101
f_dc (1e6): 43.68876621278508  perc: 0.9815369047788626
NMSE:  0.20213033086103027
it no: 404 f_tot= 43690684.56382104 f_lik= 1918.351035959153 f_dc (1e6)= 43.68876621278508 |g_lik|= 9911.227468635016 |g_dc|= 1.2065510252631555
f_dc (1e6): 43.6742189087095  perc: 0.9812100766934532
NMSE:  0.20230877267648603
it no: 406 f_tot= 43676140.44365403 f_lik= 1921.5349445379347 f_dc (1e6)= 43.6742189087095 |g_lik|= 10224.316320505939 |g_dc|= 1.17923996579699
f_dc (1e6): 43.6809508623419  perc: 0.981361320628777
NMSE:  0.20242865069931582
it no: 408 f_tot= 43682863.870634615 f_lik= 1913.0082927095323 f_dc (1e6)= 43.6809508623419 |g_lik|= 10337.960262281798 |g_dc|= 1.1971227252812024
f_dc (1e6): 43.69054960905745  perc: 0.9815769715834193
NMSE:  0.2026795280464526
it no: 410 f_tot= 43692464.29407831 f_lik= 1914.6850208609444 f_dc (1e6)= 43.69054960905745 |g_lik|= 9981.804625219595 |g_dc|= 1.2213685039294542
f_dc (1e6): 43.68501609252568  perc: 0.9814526524240572
NMSE:  0.20278736361406466
it no: 412 f_tot= 43686919.70975136 f_lik= 1903.617225683374 f_dc (1e6)= 43.68501609252568 |g_lik|= 9989.436465353798 |g_dc|= 1.2012985853896603
f_dc (1e6): 43.66925505616975  perc: 0.9810985559323975
NMSE:  0.20295377284704044
it no: 414 f_tot= 43671171.87924874 f_lik= 1916.8230789856684 f_dc (1e6)= 43.66925505616975 |g_lik|= 10019.444134357766 |g_dc|= 1.1779017889987813
f_dc (1e6): 43.67897775464554  perc: 0.9813169916584497
NMSE:  0.20320448809733688
it no: 416 f_tot= 43680895.59471002 f_lik= 1917.8400644901822 f_dc (1e6)= 43.67897775464554 |g_lik|= 10299.094809170809 |g_dc|= 1.195396400056828
f_dc (1e6): 43.67890175252457  perc: 0.9813152841511649
NMSE:  0.20337629115282174
it no: 418 f_tot= 43680821.56997508 f_lik= 1919.8174505061195 f_dc (1e6)= 43.67890175252457 |g_lik|= 10163.493974955185 |g_dc|= 1.1957483121919352
f_dc (1e6): 43.67992285601063  perc: 0.9813382248483291
NMSE:  0.20349451726422305
it no: 420 f_tot= 43681813.73525857 f_lik= 1890.8792479417439 f_dc (1e6)= 43.67992285601063 |g_lik|= 10139.260977120846 |g_dc|= 1.2055769068685305
f_dc (1e6): 43.67888958400162  perc: 0.9813150107661419
NMSE:  0.20368640775066288
it no: 422 f_tot= 43680800.839418195 f_lik= 1911.2554165776571 f_dc (1e6)= 43.67888958400162 |g_lik|= 10452.51072967727 |g_dc|= 1.1961589799136056
f_dc (1e6): 43.68586830580457  perc: 0.9814717987368623
NMSE:  0.2038775995778524
it no: 424 f_tot= 43687800.24653631 f_lik= 1931.9407317388625 f_dc (1e6)= 43.68586830580457 |g_lik|= 10224.68894822627 |g_dc|= 1.2210830498013323
f_dc (1e6): 43.680138091674  perc: 0.9813430604563158
NMSE:  0.20410168173209736
it no: 426 f_tot= 43682051.163500346 f_lik= 1913.071826345353 f_dc (1e6)= 43.680138091674 |g_lik|= 10477.8331963913 |g_dc|= 1.1980849378704033
f_dc (1e6): 43.68937495610077  perc: 0.9815505811556908
NMSE:  0.20425115359609736
it no: 428 f_tot= 43691287.24222769 f_lik= 1912.2861269178845 f_dc (1e6)= 43.68937495610077 |g_lik|= 10120.783563588899 |g_dc|= 1.2250030878006706
f_dc (1e6): 43.6786536261553  perc: 0.9813097096016961
NMSE:  0.2043777668726525
it no: 430 f_tot= 43680564.89315862 f_lik= 1911.267003322783 f_dc (1e6)= 43.6786536261553 |g_lik|= 9916.356421304534 |g_dc|= 1.2005181906528872
f_dc (1e6): 43.67610569172  perc: 0.9812524662438261
NMSE:  0.20457243078541817
it no: 432 f_tot= 43678030.668650046 f_lik= 1924.976930054256 f_dc (1e6)= 43.67610569172 |g_lik|= 10214.141201461773 |g_dc|= 1.1898127417530158
f_dc (1e6): 43.67966551395188  perc: 0.9813324432538895
NMSE:  0.2047686727466155
it no: 434 f_tot= 43681582.31338492 f_lik= 1916.7994330388024 f_dc (1e6)= 43.67966551395188 |g_lik|= 10496.32230140523 |g_dc|= 1.202716560700949
f_dc (1e6): 43.68476368169856  perc: 0.9814469816174987
NMSE:  0.20496430774343216
it no: 436 f_tot= 43686685.37296215 f_lik= 1921.6912635889507 f_dc (1e6)= 43.68476368169856 |g_lik|= 10108.299703185978 |g_dc|= 1.2140096289424884
f_dc (1e6): 43.675778585768434  perc: 0.981245117293717
NMSE:  0.2050606561190059
it no: 438 f_tot= 43677686.900794365 f_lik= 1908.3150259344918 f_dc (1e6)= 43.675778585768434 |g_lik|= 9988.581230451098 |g_dc|= 1.1941301660537245
f_dc (1e6): 43.67650978732281  perc: 0.9812615448876425
NMSE:  0.20528577673778417
it no: 440 f_tot= 43678415.46618936 f_lik= 1905.6788665601186 f_dc (1e6)= 43.67650978732281 |g_lik|= 10107.52075691034 |g_dc|= 1.1923570794518805
f_dc (1e6): 43.67507608302027  perc: 0.9812293344636486
NMSE:  0.20541127834970246
it no: 442 f_tot= 43677009.497893766 f_lik= 1933.4148734928597 f_dc (1e6)= 43.67507608302027 |g_lik|= 10370.232501866474 |g_dc|= 1.1886190236883625
f_dc (1e6): 43.68071261632448  perc: 0.9813559680569652
NMSE:  0.20563151685364556
it no: 444 f_tot= 43682615.50809952 f_lik= 1902.8917750444866 f_dc (1e6)= 43.68071261632448 |g_lik|= 10277.159958380194 |g_dc|= 1.2083680611591163
f_dc (1e6): 43.684377656016274  perc: 0.9814383089428914
NMSE:  0.20574744559785427
it no: 446 f_tot= 43686294.46127744 f_lik= 1916.8052611639387 f_dc (1e6)= 43.684377656016274 |g_lik|= 10188.714525836414 |g_dc|= 1.2138132760997682
f_dc (1e6): 43.67460345811708  perc: 0.9812187162012255
NMSE:  0.20602538390215372
it no: 448 f_tot= 43676501.32549033 f_lik= 1897.867373252142 f_dc (1e6)= 43.67460345811708 |g_lik|= 10322.9870227563 |g_dc|= 1.1942370229505093
f_dc (1e6): 43.67818264438299  perc: 0.9812991282547945
NMSE:  0.2061302977809863
it no: 450 f_tot= 43680122.38379108 f_lik= 1939.739408093407 f_dc (1e6)= 43.67818264438299 |g_lik|= 10197.979797230073 |g_dc|= 1.2013836155407034
f_dc (1e6): 43.671782153357725  perc: 0.9811553311487052
NMSE:  0.2063477440122356
it no: 452 f_tot= 43673699.928977184 f_lik= 1917.7756194602875 f_dc (1e6)= 43.671782153357725 |g_lik|= 10150.27973123658 |g_dc|= 1.1917446741419264
f_dc (1e6): 43.67459871877868  perc: 0.981218609724528
NMSE:  0.2065294411338232
it no: 454 f_tot= 43676533.412065305 f_lik= 1934.693286617824 f_dc (1e6)= 43.67459871877868 |g_lik|= 10461.43205611409 |g_dc|= 1.1950149731288375
f_dc (1e6): 43.678329550037546  perc: 0.9813024287215727
NMSE:  0.2067097565921629
it no: 456 f_tot= 43680227.07687528 f_lik= 1897.526837728591 f_dc (1e6)= 43.678329550037546 |g_lik|= 10162.025451948732 |g_dc|= 1.2044186686466412
f_dc (1e6): 43.67131882986246  perc: 0.9811449218570526
NMSE:  0.206836068528224
it no: 458 f_tot= 43673244.97447104 f_lik= 1926.1446085829962 f_dc (1e6)= 43.67131882986246 |g_lik|= 9824.728545161306 |g_dc|= 1.196405837048637
f_dc (1e6): 43.657882060707124  perc: 0.9808430436867531
NMSE:  0.2070103940351921
it no: 460 f_tot= 43659780.59561969 f_lik= 1898.5349125707717 f_dc (1e6)= 43.657882060707124 |g_lik|= 10321.519463694744 |g_dc|= 1.1648061567541892
f_dc (1e6): 43.67538981692627  perc: 0.981236382989705
NMSE:  0.2072343637450587
it no: 462 f_tot= 43677298.87715583 f_lik= 1909.0602295593987 f_dc (1e6)= 43.67538981692627 |g_lik|= 10464.996857323076 |g_dc|= 1.2048793569080807
f_dc (1e6): 43.67331395649263  perc: 0.9811897455173885
NMSE:  0.2074423509340684
it no: 464 f_tot= 43675234.35117324 f_lik= 1920.3946806081135 f_dc (1e6)= 43.67331395649263 |g_lik|= 10156.165112741854 |g_dc|= 1.1972936352347747
f_dc (1e6): 43.67164503270898  perc: 0.9811522505174854
NMSE:  0.20760474381472796
it no: 466 f_tot= 43673559.54448368 f_lik= 1914.511774698439 f_dc (1e6)= 43.67164503270898 |g_lik|= 10369.240354710586 |g_dc|= 1.1956844974352139
f_dc (1e6): 43.67965681466332  perc: 0.9813322478106782
NMSE:  0.20784382246648786
it no: 468 f_tot= 43681580.134656504 f_lik= 1923.3199931834993 f_dc (1e6)= 43.67965681466332 |g_lik|= 10121.20610514081 |g_dc|= 1.211126017749442
f_dc (1e6): 43.6707768096011  perc: 0.9811327445186706
NMSE:  0.20798156875996973
it no: 470 f_tot= 43672675.88209835 f_lik= 1899.072497246152 f_dc (1e6)= 43.6707768096011 |g_lik|= 10246.753503849388 |g_dc|= 1.1951927833364786
f_dc (1e6): 43.67071965837416  perc: 0.9811314605263939
NMSE:  0.20814698851695748
it no: 472 f_tot= 43672638.77116899 f_lik= 1919.112794828869 f_dc (1e6)= 43.67071965837416 |g_lik|= 10481.214944466981 |g_dc|= 1.191051172567916
f_dc (1e6): 43.674810335422265  perc: 0.981223364025538
NMSE:  0.20830497328864742
it no: 474 f_tot= 43676716.935819425 f_lik= 1906.6003971590314 f_dc (1e6)= 43.674810335422265 |g_lik|= 9888.187817763059 |g_dc|= 1.2140750356451158
f_dc (1e6): 43.662418300693446  perc: 0.9809449574586785
NMSE:  0.20847867592947722
it no: 476 f_tot= 43664352.05627576 f_lik= 1933.7555823162625 f_dc (1e6)= 43.662418300693446 |g_lik|= 10106.394623422348 |g_dc|= 1.17726296504534
f_dc (1e6): 43.668831119267125  perc: 0.981089031522548
NMSE:  0.20872268445675607
it no: 478 f_tot= 43670746.61706602 f_lik= 1915.497798893338 f_dc (1e6)= 43.668831119267125 |g_lik|= 10426.287858062406 |g_dc|= 1.1869496358761258
f_dc (1e6): 43.67792069077416  perc: 0.9812932430546228
NMSE:  0.2088820473140973
it no: 480 f_tot= 43679827.60566757 f_lik= 1906.9148934082757 f_dc (1e6)= 43.67792069077416 |g_lik|= 9870.603126601965 |g_dc|= 1.2143091547846347
f_dc (1e6): 43.656359214886855  perc: 0.9808088305582432
NMSE:  0.20903163439199132
it no: 482 f_tot= 43658279.93844533 f_lik= 1920.7235584781283 f_dc (1e6)= 43.656359214886855 |g_lik|= 10098.166466416182 |g_dc|= 1.1622678256065255
f_dc (1e6): 43.65993119153258  perc: 0.980889080636346
NMSE:  0.2092029194836107
it no: 484 f_tot= 43661853.66937727 f_lik= 1922.4778446833293 f_dc (1e6)= 43.65993119153258 |g_lik|= 9971.55832832427 |g_dc|= 1.1769072509828702
f_dc (1e6): 43.65303642483783  perc: 0.9807341788492874
NMSE:  0.20944783913886886
it no: 486 f_tot= 43654936.87669763 f_lik= 1900.4518598029726 f_dc (1e6)= 43.65303642483783 |g_lik|= 10097.916862713313 |g_dc|= 1.1677515757734642
f_dc (1e6): 43.661036201126755  perc: 0.980913906416308
NMSE:  0.20961276077568888
it no: 488 f_tot= 43662954.36031486 f_lik= 1918.1591881070817 f_dc (1e6)= 43.661036201126755 |g_lik|= 9859.648396905834 |g_dc|= 1.1783580656916612
f_dc (1e6): 43.654620370004615  perc: 0.9807697646707952
NMSE:  0.2097953490161542
it no: 490 f_tot= 43656504.93898205 f_lik= 1884.568977428618 f_dc (1e6)= 43.654620370004615 |g_lik|= 10363.463812566835 |g_dc|= 1.1684040798936486
f_dc (1e6): 43.66412836956697  perc: 0.9809833768477932
NMSE:  0.2099797158915225
it no: 492 f_tot= 43666049.68551514 f_lik= 1921.3159481702533 f_dc (1e6)= 43.66412836956697 |g_lik|= 10143.616794453594 |g_dc|= 1.190006772280958
f_dc (1e6): 43.66217697590763  perc: 0.9809395357174883
NMSE:  0.2102070727789035
it no: 494 f_tot= 43664098.35519195 f_lik= 1921.3792843325932 f_dc (1e6)= 43.66217697590763 |g_lik|= 10291.05776166444 |g_dc|= 1.1861930054820833
f_dc (1e6): 43.66568142980724  perc: 0.9810182687908102
NMSE:  0.21036935319531183
it no: 496 f_tot= 43667600.2511147 f_lik= 1918.82130746024 f_dc (1e6)= 43.66568142980724 |g_lik|= 9886.005138671457 |g_dc|= 1.1950968610260688
f_dc (1e6): 43.65427659397043  perc: 0.980762041201039
NMSE:  0.21054177268282226
it no: 498 f_tot= 43656190.471770585 f_lik= 1913.8778001530966 f_dc (1e6)= 43.65427659397043 |g_lik|= 9853.756664426932 |g_dc|= 1.1678860902245687
f_dc (1e6): 43.64890453623507  perc: 0.9806413494676957
NMSE:  0.210772904646413
it no: 500 f_tot= 43650813.314569324 f_lik= 1908.7783342543103 f_dc (1e6)= 43.64890453623507 |g_lik|= 10536.921575168588 |g_dc|= 1.1579344479732894
f_dc (1e6): 43.66661769942017  perc: 0.9810393035614748
NMSE:  0.21091893418074842
it no: 502 f_tot= 43668535.11628424 f_lik= 1917.4168640645346 f_dc (1e6)= 43.66661769942017 |g_lik|= 10115.183656195697 |g_dc|= 1.2081309415915022
f_dc (1e6): 43.65633071805232  perc: 0.9808081903319976
NMSE:  0.21111756814506008
it no: 504 f_tot= 43658260.37527131 f_lik= 1929.6572189930507 f_dc (1e6)= 43.65633071805232 |g_lik|= 9933.693750017543 |g_dc|= 1.183545856547526
f_dc (1e6): 43.65557776161605  perc: 0.9807912739804052
NMSE:  0.21122305787505463
it no: 506 f_tot= 43657504.434018284 f_lik= 1926.6724022329422 f_dc (1e6)= 43.65557776161605 |g_lik|= 10144.317934923944 |g_dc|= 1.1692246049121682
f_dc (1e6): 43.66434598626378  perc: 0.9809882659494442
NMSE:  0.21146426190334508
it no: 508 f_tot= 43666245.65860613 f_lik= 1899.6723423426492 f_dc (1e6)= 43.66434598626378 |g_lik|= 10042.965285252056 |g_dc|= 1.1915540788898458
f_dc (1e6): 43.65676195613303  perc: 0.9808178787743057
NMSE:  0.21163283515214346
it no: 510 f_tot= 43658661.24429806 f_lik= 1899.2881650352479 f_dc (1e6)= 43.65676195613303 |g_lik|= 10429.791405291933 |g_dc|= 1.178704065158867
f_dc (1e6): 43.672720823413094  perc: 0.9811764198490881
NMSE:  0.21185428116407773
it no: 512 f_tot= 43674617.02606436 f_lik= 1896.2026512645539 f_dc (1e6)= 43.672720823413094 |g_lik|= 10020.214588627472 |g_dc|= 1.219845776476535
f_dc (1e6): 43.6608539515125  perc: 0.9809098118918391
NMSE:  0.21201104323896494
it no: 514 f_tot= 43662764.449668474 f_lik= 1910.498155976704 f_dc (1e6)= 43.6608539515125 |g_lik|= 10198.800141926715 |g_dc|= 1.1819402197649325
f_dc (1e6): 43.65822930402096  perc: 0.9808508450544049
NMSE:  0.21220419352649114
it no: 516 f_tot= 43660135.22913412 f_lik= 1905.9251131586802 f_dc (1e6)= 43.65822930402096 |g_lik|= 10142.981533888444 |g_dc|= 1.1851540225609989
f_dc (1e6): 43.65341482541243  perc: 0.9807426802138476
NMSE:  0.21238743926130133
it no: 518 f_tot= 43655304.52732348 f_lik= 1889.7019110470726 f_dc (1e6)= 43.65341482541243 |g_lik|= 10241.892165721249 |g_dc|= 1.1629476045387013
f_dc (1e6): 43.65114750662215  perc: 0.9806917413281689
NMSE:  0.21255255282302493
it no: 520 f_tot= 43653063.08269313 f_lik= 1915.5760709780739 f_dc (1e6)= 43.65114750662215 |g_lik|= 10015.578361337572 |g_dc|= 1.173897760766017
f_dc (1e6): 43.6509670585135  perc: 0.9806876872773592
NMSE:  0.21269812044589792
it no: 522 f_tot= 43652883.7435738 f_lik= 1916.6850602997201 f_dc (1e6)= 43.6509670585135 |g_lik|= 9955.05349651389 |g_dc|= 1.167711285329938
f_dc (1e6): 43.64887153406425  perc: 0.9806406080219783
NMSE:  0.2129105041332226
it no: 524 f_tot= 43650783.00850969 f_lik= 1911.4744454363415 f_dc (1e6)= 43.64887153406425 |g_lik|= 10563.702619512225 |g_dc|= 1.1618076545733382
f_dc (1e6): 43.6700443698683  perc: 0.9811162891071177
NMSE:  0.21314013585894623
it no: 526 f_tot= 43671957.02714591 f_lik= 1912.657277608599 f_dc (1e6)= 43.6700443698683 |g_lik|= 9924.367735922066 |g_dc|= 1.2126780379134197
f_dc (1e6): 43.64686627464741  perc: 0.9805955567126395
NMSE:  0.21318391605746345
it no: 528 f_tot= 43648777.470325164 f_lik= 1911.195677760442 f_dc (1e6)= 43.64686627464741 |g_lik|= 9950.923395709837 |g_dc|= 1.154290069492495
f_dc (1e6): 43.65016241345809  perc: 0.9806696096595733
NMSE:  0.21344302168478266
it no: 530 f_tot= 43652085.183570355 f_lik= 1922.7701122619992 f_dc (1e6)= 43.65016241345809 |g_lik|= 10521.023176161418 |g_dc|= 1.170563823073892
f_dc (1e6): 43.66101437783444  perc: 0.9809134161216934
NMSE:  0.21357017797337244
it no: 532 f_tot= 43662949.2486459 f_lik= 1934.8708114660353 f_dc (1e6)= 43.66101437783444 |g_lik|= 10039.043254363467 |g_dc|= 1.1924307998123556
f_dc (1e6): 43.6507905380124  perc: 0.9806837214664358
NMSE:  0.2137716603029178
it no: 534 f_tot= 43652681.406377405 f_lik= 1890.8683650025866 f_dc (1e6)= 43.6507905380124 |g_lik|= 10217.891673029511 |g_dc|= 1.174089268768458
f_dc (1e6): 43.65532690348865  perc: 0.9807856380576899
NMSE:  0.21398874277893096
it no: 536 f_tot= 43657267.07292857 f_lik= 1940.1694399184273 f_dc (1e6)= 43.65532690348865 |g_lik|= 10229.4176289824 |g_dc|= 1.1811508833012767
f_dc (1e6): 43.65800038502233  perc: 0.9808457020287522
NMSE:  0.2141174029746257
it no: 538 f_tot= 43659934.94456202 f_lik= 1934.5595396795727 f_dc (1e6)= 43.65800038502233 |g_lik|= 9939.035799556148 |g_dc|= 1.1893845580205007
f_dc (1e6): 43.65260720061773  perc: 0.9807245356515282
NMSE:  0.21434795215290386
it no: 540 f_tot= 43654520.22930334 f_lik= 1913.0286856060936 f_dc (1e6)= 43.65260720061773 |g_lik|= 10363.575385737004 |g_dc|= 1.1682680827111727
f_dc (1e6): 43.66140663576118  perc: 0.9809222288134827
NMSE:  0.2145228376684688
it no: 542 f_tot= 43663345.85140119 f_lik= 1939.2156400062925 f_dc (1e6)= 43.66140663576118 |g_lik|= 10133.417427937338 |g_dc|= 1.1962959896960341
f_dc (1e6): 43.65223701770913  perc: 0.9807162189097705
NMSE:  0.21467005707537445
it no: 544 f_tot= 43654140.72447394 f_lik= 1903.7067648024786 f_dc (1e6)= 43.65223701770913 |g_lik|= 9970.914478131319 |g_dc|= 1.1786523607030324
f_dc (1e6): 43.645786000286336  perc: 0.9805712866486254
NMSE:  0.21481242467396416
it no: 546 f_tot= 43647689.45707985 f_lik= 1903.4567935153416 f_dc (1e6)= 43.645786000286336 |g_lik|= 10121.03109812702 |g_dc|= 1.1601226978725203
f_dc (1e6): 43.65375787492267  perc: 0.9807503873610997
NMSE:  0.2150336941767772
it no: 548 f_tot= 43655666.94465787 f_lik= 1909.069735198248 f_dc (1e6)= 43.65375787492267 |g_lik|= 9996.376655001732 |g_dc|= 1.1786976387180894
f_dc (1e6): 43.638152307348115  perc: 0.9803997837203414
NMSE:  0.21517428834479166
it no: 550 f_tot= 43640077.53910283 f_lik= 1925.2317547126042 f_dc (1e6)= 43.638152307348115 |g_lik|= 10102.827164499857 |g_dc|= 1.1554552105422058
f_dc (1e6): 43.64223301071754  perc: 0.9804914631450942
NMSE:  0.21542344654406428
it no: 552 f_tot= 43644140.66157373 f_lik= 1907.6508561924525 f_dc (1e6)= 43.64223301071754 |g_lik|= 9988.875085255291 |g_dc|= 1.1647141192327544
f_dc (1e6): 43.64072893707224  perc: 0.9804576717630445
NMSE:  0.21559196963137167
it no: 554 f_tot= 43642624.307239264 f_lik= 1895.3701670222695 f_dc (1e6)= 43.64072893707224 |g_lik|= 10282.598543671009 |g_dc|= 1.158861981338895
f_dc (1e6): 43.653729423639355  perc: 0.9807497481582341
NMSE:  0.21576189053749661
it no: 556 f_tot= 43655640.09265205 f_lik= 1910.66901269636 f_dc (1e6)= 43.653729423639355 |g_lik|= 10247.045196558287 |g_dc|= 1.1858405728728183
f_dc (1e6): 43.6472333899591  perc: 0.9806038045360039
NMSE:  0.21597195580667372
it no: 558 f_tot= 43649155.898391224 f_lik= 1922.5084321289048 f_dc (1e6)= 43.6472333899591 |g_lik|= 9923.613308493084 |g_dc|= 1.1812634785950995
f_dc (1e6): 43.64126954124294  perc: 0.9804698172867209
NMSE:  0.21613191069448956
it no: 560 f_tot= 43643182.53997699 f_lik= 1912.9987340509324 f_dc (1e6)= 43.64126954124294 |g_lik|= 10138.0239091007 |g_dc|= 1.1568304744148001
f_dc (1e6): 43.64688461926776  perc: 0.9805959688534125
NMSE:  0.21632278742917208
it no: 562 f_tot= 43648804.78283673 f_lik= 1920.1635689671834 f_dc (1e6)= 43.64688461926776 |g_lik|= 10399.743791177556 |g_dc|= 1.1815687002568946
f_dc (1e6): 43.64964146843206  perc: 0.9806579058095283
NMSE:  0.21653878564353418
it no: 564 f_tot= 43651554.898781314 f_lik= 1913.4303492550623 f_dc (1e6)= 43.64964146843206 |g_lik|= 10088.836242489728 |g_dc|= 1.1817097986479974
f_dc (1e6): 43.649315913747984  perc: 0.9806505917110848
NMSE:  0.21670416208028165
it no: 566 f_tot= 43651219.79664119 f_lik= 1903.8828932135445 f_dc (1e6)= 43.649315913747984 |g_lik|= 10047.47378749923 |g_dc|= 1.179497304417328
f_dc (1e6): 43.647772403614226  perc: 0.9806159143262441
NMSE:  0.21685612180003852
it no: 568 f_tot= 43649695.728457496 f_lik= 1923.3248432713463 f_dc (1e6)= 43.647772403614226 |g_lik|= 10222.450406885084 |g_dc|= 1.172024226093799
f_dc (1e6): 43.64557359693384  perc: 0.9805665146729612
NMSE:  0.21705552966220154
it no: 570 f_tot= 43647474.5568094 f_lik= 1900.9598755645752 f_dc (1e6)= 43.64557359693384 |g_lik|= 9874.085069007177 |g_dc|= 1.1771094239136763
f_dc (1e6): 43.63712120857633  perc: 0.9803766184633493
NMSE:  0.21719566572572582
it no: 572 f_tot= 43639006.94775361 f_lik= 1885.7391772824242 f_dc (1e6)= 43.63712120857633 |g_lik|= 10300.031181824172 |g_dc|= 1.153892285123161
f_dc (1e6): 43.651674810898804  perc: 0.9807035880487894
NMSE:  0.2174502820681633
it no: 574 f_tot= 43653572.53986418 f_lik= 1897.7289653796242 f_dc (1e6)= 43.651674810898804 |g_lik|= 9975.189747067006 |g_dc|= 1.1912198778359053
f_dc (1e6): 43.6465333130015  perc: 0.9805880762051392
NMSE:  0.2175614262113841
it no: 576 f_tot= 43648454.07987869 f_lik= 1920.7668771889096 f_dc (1e6)= 43.6465333130015 |g_lik|= 10059.848246787242 |g_dc|= 1.1741763105595566
f_dc (1e6): 43.6480951321728  perc: 0.9806231649313294
NMSE:  0.21777565181837896
it no: 578 f_tot= 43650007.44119297 f_lik= 1912.3090201713926 f_dc (1e6)= 43.6480951321728 |g_lik|= 10356.123209368821 |g_dc|= 1.182367625679109
f_dc (1e6): 43.645601375432605  perc: 0.9805671387606629
NMSE:  0.21798360906255393
it no: 580 f_tot= 43647521.17187433 f_lik= 1919.7964417266846 f_dc (1e6)= 43.645601375432605 |g_lik|= 10179.802127671932 |g_dc|= 1.1723346978521798
f_dc (1e6): 43.655379404107265  perc: 0.9807868175667298
NMSE:  0.21820619004340036
it no: 582 f_tot= 43657297.73105538 f_lik= 1918.3269481104896 f_dc (1e6)= 43.655379404107265 |g_lik|= 10059.473569576954 |g_dc|= 1.1848851114115122
f_dc (1e6): 43.64567985225231  perc: 0.9805689018659501
NMSE:  0.2183839468539891
it no: 584 f_tot= 43647598.78030944 f_lik= 1918.928057131086 f_dc (1e6)= 43.64567985225231 |g_lik|= 10449.433787726615 |g_dc|= 1.1694289401597129
f_dc (1e6): 43.65701589110619  perc: 0.9808235838232043
NMSE:  0.21859483919045
it no: 586 f_tot= 43658912.96852329 f_lik= 1897.0774171011788 f_dc (1e6)= 43.65701589110619 |g_lik|= 9997.45614738533 |g_dc|= 1.1981276430186465
f_dc (1e6): 43.642985348348454  perc: 0.98050836559425
NMSE:  0.2187387115341699
it no: 588 f_tot= 43644923.26020071 f_lik= 1937.9118522535052 f_dc (1e6)= 43.642985348348454 |g_lik|= 10035.838147875145 |g_dc|= 1.165590894314242
f_dc (1e6): 43.636470397337675  perc: 0.9803619969644114
NMSE:  0.2189110538840084
it no: 590 f_tot= 43638362.69532396 f_lik= 1892.2979862803504 f_dc (1e6)= 43.636470397337675 |g_lik|= 9855.766060976806 |g_dc|= 1.1625175873940101
f_dc (1e6): 43.62990295459812  perc: 0.980214449025257
NMSE:  0.2190954733154271
it no: 592 f_tot= 43631806.48195997 f_lik= 1903.527361846027 f_dc (1e6)= 43.62990295459812 |g_lik|= 10179.635944982305 |g_dc|= 1.1441500271199234
f_dc (1e6): 43.643070991974064  perc: 0.9805102897131136
NMSE:  0.2193246442766018
it no: 594 f_tot= 43644975.74675389 f_lik= 1904.754779826573 f_dc (1e6)= 43.643070991974064 |g_lik|= 9965.697875493703 |g_dc|= 1.1743575135333502
f_dc (1e6): 43.64761592396808  perc: 0.9806123987646742
NMSE:  0.21955817078278117
it no: 596 f_tot= 43649536.08944583 f_lik= 1920.1654777445112 f_dc (1e6)= 43.64761592396808 |g_lik|= 10001.504924514958 |g_dc|= 1.1792044445668428
f_dc (1e6): 43.64547931908677  perc: 0.9805643965727211
NMSE:  0.21970608947987058
it no: 598 f_tot= 43647379.00605213 f_lik= 1899.6869653597332 f_dc (1e6)= 43.64547931908677 |g_lik|= 9943.66406614927 |g_dc|= 1.1774316846050317
f_dc (1e6): 43.63858285184832  perc: 0.9804094565802715
NMSE:  0.21995527485798938
('<<RECONSTRUCTION DONE>>', '     Subject: ', 'file_brain_AXFLAIR_200_6002462.h5', '     NMSE = ', 1.0, '      RMS = ', 0.4802239692764242, '     SSIM = ', 0.02196435917163059)
