('Under sample factor: ', 4)
FLAIR20201020-125121/jonatank_lat60_ns50_ps28_modalityFLAIR_step100000.ckpt
Read from existing sensmap pattern file
Read from existing u.s. pattern file
xxxxxxxxxxxxxxxxxxx contRec is 
xxxxxxxxxxxxxxxxxxx parfact is 25
---- Defining VAE
>>> lat_dim value: 60
>>> mode is: MRIunproc
2020-10-27 12:05:20.216270: I tensorflow/core/platform/cpu_feature_guard.cc:141] Your CPU supports instructions that this TensorFlow binary was not compiled to use: AVX2 FMA
2020-10-27 12:05:20.372240: I tensorflow/core/common_runtime/gpu/gpu_device.cc:1432] Found device 0 with properties: 
name: GeForce GTX TITAN X major: 5 minor: 2 memoryClockRate(GHz): 1.076
pciBusID: 0000:84:00.0
totalMemory: 11.93GiB freeMemory: 11.82GiB
2020-10-27 12:05:20.372286: I tensorflow/core/common_runtime/gpu/gpu_device.cc:1511] Adding visible gpu devices: 0
2020-10-27 12:05:20.848567: I tensorflow/core/common_runtime/gpu/gpu_device.cc:982] Device interconnect StreamExecutor with strength 1 edge matrix:
2020-10-27 12:05:20.848616: I tensorflow/core/common_runtime/gpu/gpu_device.cc:988]      0 
2020-10-27 12:05:20.848624: I tensorflow/core/common_runtime/gpu/gpu_device.cc:1001] 0:   N 
2020-10-27 12:05:20.848800: I tensorflow/core/common_runtime/gpu/gpu_device.cc:1115] Created TensorFlow device (/job:localhost/replica:0/task:0/device:GPU:0 with 11435 MB memory) -> physical GPU (device: 0, name: GeForce GTX TITAN X, pci bus id: 0000:84:00.0, compute capability: 5.2)
Initialized parameters
KCT-info: loaded the new model, trained fastmri
KCT-INFO: the gradients: 
Tensor("gradients_2/AddN_3:0", shape=(1250, 784), dtype=float32)
Tensor("gradients_3/Reshape_2_grad/Reshape:0", shape=(1250, 784), dtype=float32)
Tensor("gradients_4/Reshape_2_grad/Reshape:0", shape=(1250, 784), dtype=float32)
_____DIRECT APPROX_____
KCT-INFO: there will be in total 1035 patches.
contRec is 
it no: 0 f_tot= 108931797.3760428 f_lik= 2045.8807255853926 f_dc (1e6)= 108.9297514953172 |g_lik|= 15511.896283835269 |g_dc|= 12.56357233721149
f_dc (1e6): 97.16474925970819  perc: 2.1205738824539764
NMSE:  0.1642819655929194
it no: 2 f_tot= 97166779.5486275 f_lik= 2030.2889193198794 f_dc (1e6)= 97.16474925970819 |g_lik|= 8945.595005596468 |g_dc|= 7.346570011773294
f_dc (1e6): 92.8376552904531  perc: 2.026137139416639
NMSE:  0.15627351238952794
it no: 4 f_tot= 92839684.21846549 f_lik= 2028.9280123865037 f_dc (1e6)= 92.8376552904531 |g_lik|= 9346.280467094366 |g_dc|= 4.9306885114973396
f_dc (1e6): 91.01140297974031  perc: 1.9862800617997598
NMSE:  0.1517468743047632
it no: 6 f_tot= 91013452.57730845 f_lik= 2049.597568143436 f_dc (1e6)= 91.01140297974031 |g_lik|= 9957.337444565823 |g_dc|= 3.84402427252997
f_dc (1e6): 90.0124606272184  perc: 1.9644786257957096
NMSE:  0.14897655252661005
it no: 8 f_tot= 90014528.54203679 f_lik= 2067.914818384988 f_dc (1e6)= 90.0124606272184 |g_lik|= 10907.634639674643 |g_dc|= 3.2536586497539
f_dc (1e6): 89.4285300134724  perc: 1.9517346212250253
NMSE:  0.14684907693907545
it no: 10 f_tot= 89430557.59572124 f_lik= 2027.5822488548642 f_dc (1e6)= 89.4285300134724 |g_lik|= 10845.951429081286 |g_dc|= 2.9371488931111633
f_dc (1e6): 88.99422288706283  perc: 1.9422560772443676
NMSE:  0.1453935176030467
it no: 12 f_tot= 88996245.83464053 f_lik= 2022.9475776963006 f_dc (1e6)= 88.99422288706283 |g_lik|= 11497.838419060981 |g_dc|= 2.6888969021612055
f_dc (1e6): 88.71653558336895  perc: 1.9361956855057094
NMSE:  0.14406518906615168
it no: 14 f_tot= 88718600.56499091 f_lik= 2064.981621945699 f_dc (1e6)= 88.71653558336895 |g_lik|= 11272.721116434968 |g_dc|= 2.5610231103902144
f_dc (1e6): 88.47927500055545  perc: 1.9310175874909103
NMSE:  0.1430438840108394
it no: 16 f_tot= 88481349.47207044 f_lik= 2074.4715149943036 f_dc (1e6)= 88.47927500055545 |g_lik|= 11738.198343625618 |g_dc|= 2.4156126563491402
f_dc (1e6): 88.33442537003899  perc: 1.9278563140280902
NMSE:  0.1423955690839068
it no: 18 f_tot= 88336479.2160584 f_lik= 2053.846019417899 f_dc (1e6)= 88.33442537003899 |g_lik|= 11559.88729204898 |g_dc|= 2.374196227690851
f_dc (1e6): 88.19469241659979  perc: 1.9248067095795744
NMSE:  0.14155723269374948
it no: 20 f_tot= 88196738.80112094 f_lik= 2046.3845211356027 f_dc (1e6)= 88.19469241659979 |g_lik|= 11495.767244086424 |g_dc|= 2.281284366987756
f_dc (1e6): 88.07703252548497  perc: 1.9222388390914453
NMSE:  0.14098641355986924
it no: 22 f_tot= 88079040.0477574 f_lik= 2007.5222724405924 f_dc (1e6)= 88.07703252548497 |g_lik|= 11879.499894668783 |g_dc|= 2.2174723477519858
f_dc (1e6): 88.00988627161264  perc: 1.9207734044214533
NMSE:  0.1405180483906532
it no: 24 f_tot= 88011926.52323352 f_lik= 2040.2516208807626 f_dc (1e6)= 88.00988627161264 |g_lik|= 11611.595504660885 |g_dc|= 2.209099573935678
f_dc (1e6): 87.92200238524764  perc: 1.9188553809043434
NMSE:  0.1400564687234382
it no: 26 f_tot= 87924032.75296302 f_lik= 2030.3677153896151 f_dc (1e6)= 87.92200238524764 |g_lik|= 11750.662133320398 |g_dc|= 2.150540749136887
f_dc (1e6): 87.87294742174666  perc: 1.9177847799384842
NMSE:  0.13967324753947563
it no: 28 f_tot= 87874968.46929729 f_lik= 2021.0475506310236 f_dc (1e6)= 87.87294742174666 |g_lik|= 11782.353460111568 |g_dc|= 2.1327825881795355
f_dc (1e6): 87.82941052727767  perc: 1.9168346081731324
NMSE:  0.13939348323492023
it no: 30 f_tot= 87831461.34186947 f_lik= 2050.8145917892457 f_dc (1e6)= 87.82941052727767 |g_lik|= 11613.544888323944 |g_dc|= 2.1098577172323663
f_dc (1e6): 87.76302230986967  perc: 1.915385717284094
NMSE:  0.13899288333977258
it no: 32 f_tot= 87765051.4898918 f_lik= 2029.180022131375 f_dc (1e6)= 87.76302230986967 |g_lik|= 11662.526122536025 |g_dc|= 2.0649080944888025
f_dc (1e6): 87.73821354960707  perc: 1.9148442780330306
NMSE:  0.13878035614444134
it no: 34 f_tot= 87740224.71784057 f_lik= 2011.16823350316 f_dc (1e6)= 87.73821354960707 |g_lik|= 11880.503370739953 |g_dc|= 2.060523814924101
f_dc (1e6): 87.71916119291299  perc: 1.9144284695190124
NMSE:  0.13859692992796352
it no: 36 f_tot= 87721236.38993624 f_lik= 2075.197023239136 f_dc (1e6)= 87.71916119291299 |g_lik|= 11294.297670399257 |g_dc|= 2.0636041033190895
f_dc (1e6): 87.66960521705818  perc: 1.9133469341996923
NMSE:  0.13834612886867723
it no: 38 f_tot= 87671656.06690645 f_lik= 2050.849848269508 f_dc (1e6)= 87.66960521705818 |g_lik|= 11724.77514823614 |g_dc|= 2.013264445172427
f_dc (1e6): 87.662476031368  perc: 1.9131913431536294
NMSE:  0.13805862792561258
it no: 40 f_tot= 87664507.50917196 f_lik= 2031.4778039659773 f_dc (1e6)= 87.662476031368 |g_lik|= 11122.611599497039 |g_dc|= 2.03934668327047
f_dc (1e6): 87.6143848254232  perc: 1.9121417757325303
NMSE:  0.1378770507216828
it no: 42 f_tot= 87616421.16979307 f_lik= 2036.3443698701403 f_dc (1e6)= 87.6143848254232 |g_lik|= 11698.983810234782 |g_dc|= 1.9817359612688927
f_dc (1e6): 87.61899056651245  perc: 1.912242293814835
NMSE:  0.13771623596481167
it no: 44 f_tot= 87621042.65909661 f_lik= 2052.0925841613043 f_dc (1e6)= 87.61899056651245 |g_lik|= 11144.949986446192 |g_dc|= 2.0122530481499314
f_dc (1e6): 87.57185193846902  perc: 1.9112135159479111
NMSE:  0.13752726803023277
it no: 46 f_tot= 87573888.45429888 f_lik= 2036.5158298546219 f_dc (1e6)= 87.57185193846902 |g_lik|= 11397.234762993863 |g_dc|= 1.9496707945382243
f_dc (1e6): 87.56855933652777  perc: 1.911141656495433
NMSE:  0.13742081168481513
it no: 48 f_tot= 87570601.2602172 f_lik= 2041.923689445087 f_dc (1e6)= 87.56855933652777 |g_lik|= 11373.218547272432 |g_dc|= 1.977322425936683
f_dc (1e6): 87.5595668208142  perc: 1.9109453991685212
NMSE:  0.13735545158380563
it no: 50 f_tot= 87561604.83580366 f_lik= 2038.0149894678025 f_dc (1e6)= 87.5595668208142 |g_lik|= 11188.058510447743 |g_dc|= 1.96951496928611
f_dc (1e6): 87.52975493101862  perc: 1.9102947690236516
NMSE:  0.1371742787946765
it no: 52 f_tot= 87531761.47876692 f_lik= 2006.5477483031864 f_dc (1e6)= 87.52975493101862 |g_lik|= 11887.172817246317 |g_dc|= 1.9384137299955235
f_dc (1e6): 87.55628659146622  perc: 1.9108738097419364
NMSE:  0.13722158224118525
it no: 54 f_tot= 87558325.6735924 f_lik= 2039.0821261850992 f_dc (1e6)= 87.55628659146622 |g_lik|= 11384.15552471581 |g_dc|= 1.99751989893031
f_dc (1e6): 87.52471003956921  perc: 1.9101846666961206
NMSE:  0.13706023390340916
it no: 56 f_tot= 87526738.24075326 f_lik= 2028.2011840478579 f_dc (1e6)= 87.52471003956921 |g_lik|= 11277.184053492478 |g_dc|= 1.9563991405282806
slurmstepd: error: *** JOB 122204 ON biwirender11 CANCELLED AT 2020-10-27T12:14:30 ***
