('Under sample factor: ', 4)
FLAIR20201020-125121/jonatank_lat60_ns50_ps28_modalityFLAIR_step100000.ckpt
Read from existing sensmap pattern file
Read from existing u.s. pattern file
xxxxxxxxxxxxxxxxxxx contRec is 
xxxxxxxxxxxxxxxxxxx parfact is 25
---- Defining VAE
>>> lat_dim value: 60
>>> mode is: MRIunproc
2020-10-27 11:57:33.718083: I tensorflow/core/platform/cpu_feature_guard.cc:141] Your CPU supports instructions that this TensorFlow binary was not compiled to use: AVX2 FMA
2020-10-27 11:57:33.877629: I tensorflow/core/common_runtime/gpu/gpu_device.cc:1432] Found device 0 with properties: 
name: GeForce GTX TITAN X major: 5 minor: 2 memoryClockRate(GHz): 1.076
pciBusID: 0000:84:00.0
totalMemory: 11.93GiB freeMemory: 11.82GiB
2020-10-27 11:57:33.877663: I tensorflow/core/common_runtime/gpu/gpu_device.cc:1511] Adding visible gpu devices: 0
2020-10-27 11:57:40.128730: I tensorflow/core/common_runtime/gpu/gpu_device.cc:982] Device interconnect StreamExecutor with strength 1 edge matrix:
2020-10-27 11:57:40.128785: I tensorflow/core/common_runtime/gpu/gpu_device.cc:988]      0 
2020-10-27 11:57:40.128798: I tensorflow/core/common_runtime/gpu/gpu_device.cc:1001] 0:   N 
2020-10-27 11:57:40.129031: I tensorflow/core/common_runtime/gpu/gpu_device.cc:1115] Created TensorFlow device (/job:localhost/replica:0/task:0/device:GPU:0 with 11435 MB memory) -> physical GPU (device: 0, name: GeForce GTX TITAN X, pci bus id: 0000:84:00.0, compute capability: 5.2)
Initialized parameters
KCT-info: loaded the new model, trained fastmri
KCT-INFO: the gradients: 
Tensor("gradients_2/AddN_3:0", shape=(1250, 784), dtype=float32)
Tensor("gradients_3/Reshape_2_grad/Reshape:0", shape=(1250, 784), dtype=float32)
Tensor("gradients_4/Reshape_2_grad/Reshape:0", shape=(1250, 784), dtype=float32)
_____DIRECT APPROX_____
KCT-INFO: there will be in total 1035 patches.
contRec is 
it no: 0 f_tot= 17416853429.051704 f_lik= 2042.8510830960954 f_dc (1e6)= 17416.851386200622 |g_lik|= 17788.313813922134 |g_dc|= 580.2882789850963
f_dc (1e6): 17318.023932054126  perc: 377.9575363063845
NMSE:  0.21437071873167168
it no: 2 f_tot= 17318025973.036457 f_lik= 2040.9823314298903 f_dc (1e6)= 17318.023932054126 |g_lik|= 10395.199224052612 |g_dc|= 578.9323048977183
f_dc (1e6): 17329.435176338233  perc: 378.206581220096
NMSE:  0.20381199021754148
it no: 4 f_tot= 17329437231.074413 f_lik= 2054.7361805415935 f_dc (1e6)= 17329.435176338233 |g_lik|= 13370.366234082021 |g_dc|= 578.9151099032593
f_dc (1e6): 17327.654974456775  perc: 378.16772917093124
NMSE:  0.22078581167488495
it no: 6 f_tot= 17327657029.1953 f_lik= 2054.7385252071563 f_dc (1e6)= 17327.654974456775 |g_lik|= 12626.707250568836 |g_dc|= 578.9108669218747
f_dc (1e6): 17308.05655524623  perc: 377.74000310533734
NMSE:  0.22225482726084406
it no: 8 f_tot= 17308058637.002636 f_lik= 2081.7564074852353 f_dc (1e6)= 17308.05655524623 |g_lik|= 12993.57243174586 |g_dc|= 578.544709883561
f_dc (1e6): 17290.591820716705  perc: 377.35884368086016
NMSE:  0.23334594873407472
it no: 10 f_tot= 17290593884.690075 f_lik= 2063.9733693299977 f_dc (1e6)= 17290.591820716705 |g_lik|= 12863.622364979856 |g_dc|= 578.2372056994028
f_dc (1e6): 17305.58811554403  perc: 377.68613059701744
NMSE:  0.2333510018669528
it no: 12 f_tot= 17305590186.677227 f_lik= 2071.1331980094456 f_dc (1e6)= 17305.58811554403 |g_lik|= 12646.337692256657 |g_dc|= 578.3997804833281
f_dc (1e6): 17292.64669418558  perc: 377.4036903052074
NMSE:  0.24256504755954494
it no: 14 f_tot= 17292648764.742657 f_lik= 2070.557074114936 f_dc (1e6)= 17292.64669418558 |g_lik|= 12845.644437578425 |g_dc|= 578.1989730188521
f_dc (1e6): 17288.68002164705  perc: 377.3171195864073
NMSE:  0.24519900425331778
it no: 16 f_tot= 17288682085.34188 f_lik= 2063.694829308646 f_dc (1e6)= 17288.68002164705 |g_lik|= 12802.45183412342 |g_dc|= 578.110275804365
f_dc (1e6): 17300.050286525067  perc: 377.5652701443061
NMSE:  0.24913608195148929
it no: 18 f_tot= 17300052360.81079 f_lik= 2074.2857256453376 f_dc (1e6)= 17300.050286525067 |g_lik|= 12682.719809771494 |g_dc|= 578.2647512851862
f_dc (1e6): 17278.393334183125  perc: 377.09261758399214
NMSE:  0.25083913256815565
it no: 20 f_tot= 17278395393.954628 f_lik= 2059.7715015801928 f_dc (1e6)= 17278.393334183125 |g_lik|= 12564.767918577967 |g_dc|= 577.8823264987558
f_dc (1e6): 17287.252284764974  perc: 377.2859599161954
NMSE:  0.25712736062272185
it no: 22 f_tot= 17287254367.60645 f_lik= 2082.8414754204523 f_dc (1e6)= 17287.252284764974 |g_lik|= 12548.014770439644 |g_dc|= 578.0519528818128
f_dc (1e6): 17289.501517856912  perc: 377.3350483457612
NMSE:  0.25611013583252956
it no: 24 f_tot= 17289503586.75732 f_lik= 2068.9004109300886 f_dc (1e6)= 17289.501517856912 |g_lik|= 12702.454427321407 |g_dc|= 578.0526201764053
f_dc (1e6): 17291.33166993692  perc: 377.3749905339658
NMSE:  0.26188690907141654
it no: 26 f_tot= 17291333768.134514 f_lik= 2098.1975932316554 f_dc (1e6)= 17291.33166993692 |g_lik|= 12663.89004970675 |g_dc|= 578.0740258924071
f_dc (1e6): 17285.983551870606  perc: 377.25827043147893
NMSE:  0.262203550161801
it no: 28 f_tot= 17285985648.60957 f_lik= 2096.738962839615 f_dc (1e6)= 17285.983551870606 |g_lik|= 13061.593909850206 |g_dc|= 577.9432754326845
f_dc (1e6): 17295.611782579166  perc: 377.46840193215564
NMSE:  0.2621306739224237
it no: 30 f_tot= 17295613865.79116 f_lik= 2083.211993290129 f_dc (1e6)= 17295.611782579166 |g_lik|= 12554.704596874226 |g_dc|= 578.1657101435934
f_dc (1e6): 17282.635174419625  perc: 377.18519370534887
NMSE:  0.2642770616584166
it no: 32 f_tot= 17282637270.395535 f_lik= 2095.9759093384514 f_dc (1e6)= 17282.635174419625 |g_lik|= 12560.372182189622 |g_dc|= 577.8967525064345
f_dc (1e6): 17277.26228142005  perc: 377.06793290186897
NMSE:  0.265622584148926
it no: 34 f_tot= 17277264362.75598 f_lik= 2081.335930156708 f_dc (1e6)= 17277.26228142005 |g_lik|= 12737.472238788803 |g_dc|= 577.7934056078641
f_dc (1e6): 17290.345715035226  perc: 377.35347254282453
NMSE:  0.2681806469043173
slurmstepd: error: *** JOB 122201 ON biwirender11 CANCELLED AT 2020-10-27T12:03:38 ***
