('Under sample factor: ', 4)
FLAIR20201020-125121/jonatank_lat60_ns50_ps28_modalityFLAIR_step100000.ckpt
Read from existing sensmap pattern file
Read from existing u.s. pattern file
xxxxxxxxxxxxxxxxxxx contRec is 
xxxxxxxxxxxxxxxxxxx parfact is 25
---- Defining VAE
>>> lat_dim value: 60
>>> mode is: MRIunproc
2020-10-27 12:09:57.335620: I tensorflow/core/platform/cpu_feature_guard.cc:141] Your CPU supports instructions that this TensorFlow binary was not compiled to use: AVX2 FMA
2020-10-27 12:09:57.535989: I tensorflow/core/common_runtime/gpu/gpu_device.cc:1432] Found device 0 with properties: 
name: GeForce RTX 2080 Ti major: 7 minor: 5 memoryClockRate(GHz): 1.545
pciBusID: 0000:05:00.0
totalMemory: 10.73GiB freeMemory: 10.57GiB
2020-10-27 12:09:57.536026: I tensorflow/core/common_runtime/gpu/gpu_device.cc:1511] Adding visible gpu devices: 0
2020-10-27 12:10:05.313055: I tensorflow/core/common_runtime/gpu/gpu_device.cc:982] Device interconnect StreamExecutor with strength 1 edge matrix:
2020-10-27 12:10:05.313610: I tensorflow/core/common_runtime/gpu/gpu_device.cc:988]      0 
2020-10-27 12:10:05.313632: I tensorflow/core/common_runtime/gpu/gpu_device.cc:1001] 0:   N 
2020-10-27 12:10:05.313901: I tensorflow/core/common_runtime/gpu/gpu_device.cc:1115] Created TensorFlow device (/job:localhost/replica:0/task:0/device:GPU:0 with 10203 MB memory) -> physical GPU (device: 0, name: GeForce RTX 2080 Ti, pci bus id: 0000:05:00.0, compute capability: 7.5)
Initialized parameters
KCT-info: loaded the new model, trained fastmri
KCT-INFO: the gradients: 
Tensor("gradients_2/AddN_3:0", shape=(1250, 784), dtype=float32)
Tensor("gradients_3/Reshape_2_grad/Reshape:0", shape=(1250, 784), dtype=float32)
Tensor("gradients_4/Reshape_2_grad/Reshape:0", shape=(1250, 784), dtype=float32)
_____DIRECT APPROX_____
KCT-INFO: there will be in total 1035 patches.
contRec is 
it no: 0 f_tot= 108931803.49407852 f_lik= 2051.998761649359 f_dc (1e6)= 108.92975149531686 |g_lik|= 15532.684359090996 |g_dc|= 12.563572337211482
f_dc (1e6): 97.1700881049994  perc: 2.120690400182627
NMSE:  0.16428070924722
it no: 2 f_tot= 97172137.03613098 f_lik= 2048.9311315808977 f_dc (1e6)= 97.1700881049994 |g_lik|= 8874.04085242622 |g_dc|= 7.34939012631342
f_dc (1e6): 92.83733622422807  perc: 2.0261301759498753
NMSE:  0.15625061254535574
it no: 4 f_tot= 92839386.02207555 f_lik= 2049.7978474762326 f_dc (1e6)= 92.83733622422807 |g_lik|= 9270.080451686015 |g_dc|= 4.929390853939065
f_dc (1e6): 91.0094719381292  perc: 1.9862379177461171
NMSE:  0.15173392918641973
it no: 6 f_tot= 91011494.23608455 f_lik= 2022.2979553472428 f_dc (1e6)= 91.0094719381292 |g_lik|= 9948.566378841526 |g_dc|= 3.8441090902598476
f_dc (1e6): 90.01084036793404  perc: 1.9644432644167535
NMSE:  0.14900266368555096
it no: 8 f_tot= 90012892.65012604 f_lik= 2052.282192010425 f_dc (1e6)= 90.01084036793404 |g_lik|= 10945.693374626522 |g_dc|= 3.25351217363015
f_dc (1e6): 89.42790319357556  perc: 1.951720941182511
NMSE:  0.14683321377379308
it no: 10 f_tot= 89429943.69157192 f_lik= 2040.4979963611422 f_dc (1e6)= 89.42790319357556 |g_lik|= 10882.45864630593 |g_dc|= 2.942275167130112
f_dc (1e6): 89.00241525159922  perc: 1.942434871657004
NMSE:  0.14535434007950798
it no: 12 f_tot= 89004445.91034727 f_lik= 2030.6587480481467 f_dc (1e6)= 89.00241525159922 |g_lik|= 11569.926803248738 |g_dc|= 2.6921739906252933
f_dc (1e6): 88.7203234412508  perc: 1.9362783536807149
NMSE:  0.1441323538628548
it no: 14 f_tot= 88722361.1852482 f_lik= 2037.7439973976498 f_dc (1e6)= 88.7203234412508 |g_lik|= 11476.79246698487 |g_dc|= 2.5656129345237737
f_dc (1e6): 88.49986409488352  perc: 1.931466934564099
NMSE:  0.14306048410622213
it no: 16 f_tot= 88501924.35820127 f_lik= 2060.2633177493867 f_dc (1e6)= 88.49986409488352 |g_lik|= 11694.30835953635 |g_dc|= 2.4437201395013646
f_dc (1e6): 88.33642521764136  perc: 1.9278999597394029
NMSE:  0.1422996122640578
it no: 18 f_tot= 88338483.1019915 f_lik= 2057.884350142706 f_dc (1e6)= 88.33642521764136 |g_lik|= 11750.002038688632 |g_dc|= 2.3676323667082264
f_dc (1e6): 88.20342429059083  perc: 1.9249972785263665
NMSE:  0.14163265549333606
it no: 20 f_tot= 88205463.38029529 f_lik= 2039.0897044499716 f_dc (1e6)= 88.20342429059083 |g_lik|= 11632.998510882402 |g_dc|= 2.2957387480603404
f_dc (1e6): 88.09280383383843  perc: 1.9225830403047734
NMSE:  0.141104558903066
it no: 22 f_tot= 88094853.73495102 f_lik= 2049.9011125909715 f_dc (1e6)= 88.09280383383843 |g_lik|= 11686.20129704029 |g_dc|= 2.2358356677636735
f_dc (1e6): 88.00249049983982  perc: 1.9206119952624723
NMSE:  0.14049292073486674
it no: 24 f_tot= 88004515.69997808 f_lik= 2025.2001382541657 f_dc (1e6)= 88.00249049983982 |g_lik|= 11491.834036474973 |g_dc|= 2.1901641445504056
f_dc (1e6): 87.92438766929432  perc: 1.9189074385805234
NMSE:  0.13999445036874628
it no: 26 f_tot= 87926436.0135561 f_lik= 2048.344261776152 f_dc (1e6)= 87.92438766929432 |g_lik|= 11451.859728814401 |g_dc|= 2.142184525261981
f_dc (1e6): 87.85775853236564  perc: 1.9174532897389123
NMSE:  0.1397054546280896
it no: 28 f_tot= 87859800.92167696 f_lik= 2042.389311333611 f_dc (1e6)= 87.85775853236564 |g_lik|= 11657.176509486766 |g_dc|= 2.103800962365628
f_dc (1e6): 87.81946247848042  perc: 1.9166174967966287
NMSE:  0.13930522043108956
it no: 30 f_tot= 87821489.77491997 f_lik= 2027.2964395523072 f_dc (1e6)= 87.81946247848042 |g_lik|= 11548.11344552507 |g_dc|= 2.096407048241638
f_dc (1e6): 87.77172466449737  perc: 1.91557564198499
NMSE:  0.13913390805326242
it no: 32 f_tot= 87773755.92730242 f_lik= 2031.2628050386338 f_dc (1e6)= 87.77172466449737 |g_lik|= 11674.775914126772 |g_dc|= 2.0661426089536477
f_dc (1e6): 87.7327036045601  perc: 1.914724026134601
NMSE:  0.1387310628311575
it no: 34 f_tot= 87734758.1135652 f_lik= 2054.5090050940853 f_dc (1e6)= 87.7327036045601 |g_lik|= 11245.10481862744 |g_dc|= 2.0540585907574758
f_dc (1e6): 87.68843014953332  perc: 1.9137577792896172
NMSE:  0.13847366971215488
it no: 36 f_tot= 87690458.11784334 f_lik= 2027.9683100237164 f_dc (1e6)= 87.68843014953332 |g_lik|= 11533.4227010868 |g_dc|= 2.0144051553429065
f_dc (1e6): 87.66690137566474  perc: 1.9132879241627863
NMSE:  0.1383683207449877
it no: 38 f_tot= 87668958.45792405 f_lik= 2057.082259309022 f_dc (1e6)= 87.66690137566474 |g_lik|= 11520.343225365792 |g_dc|= 2.0210966823170287
f_dc (1e6): 87.64596825283824  perc: 1.9128310688332317
NMSE:  0.13807315129862635
it no: 40 f_tot= 87647989.34112631 f_lik= 2021.088288065933 f_dc (1e6)= 87.64596825283824 |g_lik|= 11365.537617583163 |g_dc|= 2.0095571689977523
f_dc (1e6): 87.6138324588898  perc: 1.9121297205988341
NMSE:  0.13794055593575
it no: 42 f_tot= 87615865.6481572 f_lik= 2033.1892673964728 f_dc (1e6)= 87.6138324588898 |g_lik|= 11506.645479103654 |g_dc|= 1.9831799655732845
f_dc (1e6): 87.60113583842522  perc: 1.9118526229686983
NMSE:  0.13767394955180068
it no: 44 f_tot= 87603171.15520328 f_lik= 2035.3167780667259 f_dc (1e6)= 87.60113583842522 |g_lik|= 11484.235247467477 |g_dc|= 1.983800828190388
f_dc (1e6): 87.57741829221327  perc: 1.911334998939036
NMSE:  0.13757845632712729
it no: 46 f_tot= 87579430.42013381 f_lik= 2012.1279205540247 f_dc (1e6)= 87.57741829221327 |g_lik|= 11355.19454495752 |g_dc|= 1.974720899825168
f_dc (1e6): 87.5601041617131  perc: 1.910957126375006
NMSE:  0.13742159768348763
it no: 48 f_tot= 87562145.63569558 f_lik= 2041.4739824821836 f_dc (1e6)= 87.5601041617131 |g_lik|= 11460.198148253838 |g_dc|= 1.9616482645633109
f_dc (1e6): 87.55139753106512  perc: 1.9107671083520408
NMSE:  0.1373045348950095
it no: 50 f_tot= 87553437.11410724 f_lik= 2039.583042112078 f_dc (1e6)= 87.55139753106512 |g_lik|= 11346.711992267308 |g_dc|= 1.9652978708792699
f_dc (1e6): 87.54033244738952  perc: 1.9105256182269856
NMSE:  0.13717160298934816
it no: 52 f_tot= 87542385.29924342 f_lik= 2052.851853906541 f_dc (1e6)= 87.54033244738952 |g_lik|= 11459.971132529043 |g_dc|= 1.9562869283145763
f_dc (1e6): 87.52786834428294  perc: 1.9102535951762663
NMSE:  0.1371056352266876
it no: 54 f_tot= 87529929.80026424 f_lik= 2061.455981303624 f_dc (1e6)= 87.52786834428294 |g_lik|= 11442.661489423317 |g_dc|= 1.9536561406957547
f_dc (1e6): 87.5239254947405  perc: 1.9101675443828887
NMSE:  0.13700808504348996
it no: 56 f_tot= 87525955.99087593 f_lik= 2030.4961354355585 f_dc (1e6)= 87.5239254947405 |g_lik|= 11151.351529771542 |g_dc|= 1.962068344975222
f_dc (1e6): 87.49803020355326  perc: 1.9096023921173955
NMSE:  0.1370085144506162
it no: 58 f_tot= 87500070.98166636 f_lik= 2040.7781130981446 f_dc (1e6)= 87.49803020355326 |g_lik|= 11562.692703062734 |g_dc|= 1.9272244114147972
f_dc (1e6): 87.5005921530878  perc: 1.9096583054327951
NMSE:  0.1367978432089754
it no: 60 f_tot= 87502626.43120581 f_lik= 2034.2781180163793 f_dc (1e6)= 87.5005921530878 |g_lik|= 11143.654742967043 |g_dc|= 1.954811639749753
f_dc (1e6): 87.47248382783424  perc: 1.9090448547640457
NMSE:  0.13682116873209665
it no: 62 f_tot= 87474522.44949166 f_lik= 2038.6216574350992 f_dc (1e6)= 87.47248382783424 |g_lik|= 11423.116578545156 |g_dc|= 1.9101669227033196
f_dc (1e6): 87.47383188277598  perc: 1.9090742754142649
NMSE:  0.13670829804318893
it no: 64 f_tot= 87475880.08126189 f_lik= 2048.198485913958 f_dc (1e6)= 87.47383188277598 |g_lik|= 11409.198727391895 |g_dc|= 1.9263311856257659
f_dc (1e6): 87.4710029875829  perc: 1.9090125361383616
NMSE:  0.1366316516621365
it no: 66 f_tot= 87473048.74191518 f_lik= 2045.7543322753907 f_dc (1e6)= 87.4710029875829 |g_lik|= 11084.771989951663 |g_dc|= 1.9321737318739203
f_dc (1e6): 87.45136502689792  perc: 1.9085839470991213
NMSE:  0.13660411944305237
it no: 68 f_tot= 87453385.91459575 f_lik= 2020.8876978342873 f_dc (1e6)= 87.45136502689792 |g_lik|= 11316.916617483157 |g_dc|= 1.896622853884255
f_dc (1e6): 87.46269941981816  perc: 1.9088313147688085
NMSE:  0.1365935537742829
it no: 70 f_tot= 87464699.28044705 f_lik= 1999.8606288873582 f_dc (1e6)= 87.46269941981816 |g_lik|= 11524.012822900351 |g_dc|= 1.9266048941660467
f_dc (1e6): 87.45770046906044  perc: 1.9087222150747605
NMSE:  0.13643020131508563
it no: 72 f_tot= 87459734.58259007 f_lik= 2034.113529642196 f_dc (1e6)= 87.45770046906044 |g_lik|= 10914.905938336122 |g_dc|= 1.926759269934972
f_dc (1e6): 87.42440091561964  perc: 1.9079954683496163
NMSE:  0.1364416663064579
it no: 74 f_tot= 87426426.52957772 f_lik= 2025.613958071754 f_dc (1e6)= 87.42440091561964 |g_lik|= 11305.200928920429 |g_dc|= 1.8735170958393543
f_dc (1e6): 87.4361462550991  perc: 1.9082518047301502
NMSE:  0.13647583143110595
it no: 76 f_tot= 87438164.05274467 f_lik= 2017.7976455652147 f_dc (1e6)= 87.4361462550991 |g_lik|= 11371.566202187152 |g_dc|= 1.901000022901592
f_dc (1e6): 87.43873780910496  perc: 1.9083083641488865
NMSE:  0.13642445708021086
it no: 78 f_tot= 87440773.55853102 f_lik= 2035.7494260588146 f_dc (1e6)= 87.43873780910496 |g_lik|= 11290.621419343925 |g_dc|= 1.913124801737369
f_dc (1e6): 87.43092070480729  perc: 1.9081377596103442
NMSE:  0.1363701465713723
it no: 80 f_tot= 87432956.14855547 f_lik= 2035.4437481725784 f_dc (1e6)= 87.43092070480729 |g_lik|= 10960.705864221905 |g_dc|= 1.9102009164513678
f_dc (1e6): 87.40604586574045  perc: 1.9075948782211851
NMSE:  0.136395504690603
it no: 82 f_tot= 87408101.43930396 f_lik= 2055.5735635230653 f_dc (1e6)= 87.40604586574045 |g_lik|= 11601.190810869406 |g_dc|= 1.8679162788267554
f_dc (1e6): 87.44423447801783  perc: 1.908428326302095
NMSE:  0.1363900007750659
it no: 84 f_tot= 87446289.05288438 f_lik= 2054.5748665509905 f_dc (1e6)= 87.44423447801783 |g_lik|= 11247.894319834191 |g_dc|= 1.935982801499894
f_dc (1e6): 87.42117293751647  perc: 1.9079250192812984
NMSE:  0.1364017196657627
it no: 86 f_tot= 87423203.75486386 f_lik= 2030.817347379412 f_dc (1e6)= 87.42117293751647 |g_lik|= 11404.747898026377 |g_dc|= 1.9040000358188374
f_dc (1e6): 87.4240004331379  perc: 1.9079867280122245
NMSE:  0.1363867852480691
it no: 88 f_tot= 87426037.48404555 f_lik= 2037.050907640003 f_dc (1e6)= 87.4240004331379 |g_lik|= 11237.653272603171 |g_dc|= 1.9126882603591797
f_dc (1e6): 87.40634691534072  perc: 1.907601448483801
NMSE:  0.13625975364320234
it no: 90 f_tot= 87408373.79796453 f_lik= 2026.882623806908 f_dc (1e6)= 87.40634691534072 |g_lik|= 11146.859941534887 |g_dc|= 1.885663029683089
f_dc (1e6): 87.4039763179537  perc: 1.9075497113369135
NMSE:  0.13631225174881034
it no: 92 f_tot= 87406025.07382718 f_lik= 2048.7558734712147 f_dc (1e6)= 87.4039763179537 |g_lik|= 11258.592504382013 |g_dc|= 1.8825746440682858
f_dc (1e6): 87.41561750795563  perc: 1.9078037747052323
NMSE:  0.13629448498670843
it no: 94 f_tot= 87417650.86615877 f_lik= 2033.3582031358992 f_dc (1e6)= 87.41561750795563 |g_lik|= 11193.763192684924 |g_dc|= 1.9079688272560298
f_dc (1e6): 87.39756897958775  perc: 1.9074098742612415
NMSE:  0.136303830079361
it no: 96 f_tot= 87399627.36281486 f_lik= 2058.3832271103634 f_dc (1e6)= 87.39756897958775 |g_lik|= 11161.893646864082 |g_dc|= 1.884335295502665
f_dc (1e6): 87.38889607082307  perc: 1.9072205922021468
NMSE:  0.13628108356778298
it no: 98 f_tot= 87390902.7801439 f_lik= 2006.709320838565 f_dc (1e6)= 87.38889607082307 |g_lik|= 11271.271674511398 |g_dc|= 1.8715777316269344
f_dc (1e6): 87.4005292294761  perc: 1.9074744802901422
NMSE:  0.1362813546218646
it no: 100 f_tot= 87402575.16740164 f_lik= 2045.9379255312965 f_dc (1e6)= 87.4005292294761 |g_lik|= 11129.403588668614 |g_dc|= 1.8917302457871246
f_dc (1e6): 87.38365093585114  perc: 1.907106119656124
NMSE:  0.1363236536996141
it no: 102 f_tot= 87385683.60034537 f_lik= 2032.6644942383539 f_dc (1e6)= 87.38365093585114 |g_lik|= 11307.269277836025 |g_dc|= 1.8737964301178482
f_dc (1e6): 87.38519031039225  perc: 1.9071397157645078
NMSE:  0.1363198356545831
it no: 104 f_tot= 87387211.72086628 f_lik= 2021.410474026998 f_dc (1e6)= 87.38519031039225 |g_lik|= 10978.906344394796 |g_dc|= 1.8782971467330265
f_dc (1e6): 87.37200187871814  perc: 1.9068518845914568
NMSE:  0.1363689907482727
it no: 106 f_tot= 87374025.72393258 f_lik= 2023.845214440482 f_dc (1e6)= 87.37200187871814 |g_lik|= 11422.536165529966 |g_dc|= 1.8591094700882416
f_dc (1e6): 87.39838258822842  perc: 1.9074276308781946
NMSE:  0.1363902867110207
it no: 108 f_tot= 87400428.96568531 f_lik= 2046.3774568827946 f_dc (1e6)= 87.39838258822842 |g_lik|= 11281.09561568344 |g_dc|= 1.9093488326305055
f_dc (1e6): 87.37134392086648  perc: 1.9068375249780511
NMSE:  0.13635676139466138
it no: 110 f_tot= 87373363.90472728 f_lik= 2019.983860807873 f_dc (1e6)= 87.37134392086648 |g_lik|= 11228.188943908495 |g_dc|= 1.870468576731056
f_dc (1e6): 87.3752282234231  perc: 1.9069222980116451
NMSE:  0.13634067049819815
it no: 112 f_tot= 87377259.13177091 f_lik= 2030.9083478092011 f_dc (1e6)= 87.3752282234231 |g_lik|= 11139.27002785107 |g_dc|= 1.8796463502527363
f_dc (1e6): 87.36656194011493  perc: 1.9067331605499498
NMSE:  0.13636765143027474
it no: 114 f_tot= 87368612.03112665 f_lik= 2050.0910117231097 f_dc (1e6)= 87.36656194011493 |g_lik|= 11395.395145677034 |g_dc|= 1.8601983218368128
f_dc (1e6): 87.37986566853587  perc: 1.9070235080190028
NMSE:  0.13638633161773628
it no: 116 f_tot= 87381895.25784461 f_lik= 2029.589308744158 f_dc (1e6)= 87.37986566853587 |g_lik|= 11150.709680664108 |g_dc|= 1.8975137646886484
f_dc (1e6): 87.36360828038413  perc: 1.9066686983480654
NMSE:  0.13635135138611224
it no: 118 f_tot= 87365647.86133118 f_lik= 2039.5809470585414 f_dc (1e6)= 87.36360828038413 |g_lik|= 11175.750910292647 |g_dc|= 1.8553893300032211
f_dc (1e6): 87.36641395623876  perc: 1.9067299308730843
NMSE:  0.13644914390557586
it no: 120 f_tot= 87368421.6822808 f_lik= 2007.7260420308794 f_dc (1e6)= 87.36641395623876 |g_lik|= 11124.0391267591 |g_dc|= 1.8635775734761024
f_dc (1e6): 87.36022820377947  perc: 1.9065949298031648
NMSE:  0.13638288589334258
it no: 122 f_tot= 87362261.4384098 f_lik= 2033.234630338124 f_dc (1e6)= 87.36022820377947 |g_lik|= 11237.840302673372 |g_dc|= 1.856648018967418
f_dc (1e6): 87.36366872050296  perc: 1.906670017424566
NMSE:  0.13643203986656852
it no: 124 f_tot= 87365694.83089042 f_lik= 2026.1103874642508 f_dc (1e6)= 87.36366872050296 |g_lik|= 11239.573915124658 |g_dc|= 1.870772926541016
f_dc (1e6): 87.35797177100918  perc: 1.9065456842440847
NMSE:  0.1364758745344006
it no: 126 f_tot= 87359992.04484391 f_lik= 2020.2738347389584 f_dc (1e6)= 87.35797177100918 |g_lik|= 11054.102106161732 |g_dc|= 1.8651063581604013
f_dc (1e6): 87.34894314408206  perc: 1.9063486388073192
NMSE:  0.1364778467821879
it no: 128 f_tot= 87350977.77345426 f_lik= 2034.6293722107298 f_dc (1e6)= 87.34894314408206 |g_lik|= 11072.712111025721 |g_dc|= 1.8473957565600163
f_dc (1e6): 87.3427401610055  perc: 1.906213261687472
NMSE:  0.13655831330270166
it no: 130 f_tot= 87344779.85212065 f_lik= 2039.6911151595343 f_dc (1e6)= 87.3427401610055 |g_lik|= 11345.799537956636 |g_dc|= 1.8435545382637941
f_dc (1e6): 87.36857700509155  perc: 1.9067771383731154
NMSE:  0.1365719254252168
it no: 132 f_tot= 87370612.75995964 f_lik= 2035.7548680950347 f_dc (1e6)= 87.36857700509155 |g_lik|= 11233.559839526259 |g_dc|= 1.8897614982664728
f_dc (1e6): 87.3564482467461  perc: 1.9065124340603896
NMSE:  0.13662160623317676
it no: 134 f_tot= 87358450.36449856 f_lik= 2002.1177524693808 f_dc (1e6)= 87.3564482467461 |g_lik|= 11032.310483379239 |g_dc|= 1.8750783456237972
f_dc (1e6): 87.34588351679183  perc: 1.9062818639144583
NMSE:  0.13658273511962432
it no: 136 f_tot= 87347923.30087028 f_lik= 2039.7840784545172 f_dc (1e6)= 87.34588351679183 |g_lik|= 11437.466111881142 |g_dc|= 1.8496031519006337
f_dc (1e6): 87.35926890276741  perc: 1.9065739935203352
NMSE:  0.13675030098493057
it no: 138 f_tot= 87361274.19963041 f_lik= 2005.2968630109515 f_dc (1e6)= 87.35926890276741 |g_lik|= 11052.302970248396 |g_dc|= 1.8741503712456598
f_dc (1e6): 87.34392231068591  perc: 1.906239061535221
NMSE:  0.1366636509221196
it no: 140 f_tot= 87345942.39435777 f_lik= 2020.0836718581972 f_dc (1e6)= 87.34392231068591 |g_lik|= 10927.06749932789 |g_dc|= 1.8475447121012067
f_dc (1e6): 87.32444611563506  perc: 1.9058140029530795
NMSE:  0.13662016147972905
it no: 142 f_tot= 87326453.94367842 f_lik= 2007.8280433691116 f_dc (1e6)= 87.32444611563506 |g_lik|= 11071.800956920151 |g_dc|= 1.8239624684076725
f_dc (1e6): 87.3416881726835  perc: 1.906190302548718
NMSE:  0.13677903171950137
it no: 144 f_tot= 87343715.74710485 f_lik= 2027.5744213503883 f_dc (1e6)= 87.3416881726835 |g_lik|= 11416.620161602686 |g_dc|= 1.8543230567520936
f_dc (1e6): 87.34697576761123  perc: 1.9063057017628375
NMSE:  0.1367421625444323
it no: 146 f_tot= 87349030.9175474 f_lik= 2055.1499361855645 f_dc (1e6)= 87.34697576761123 |g_lik|= 11097.017082099459 |g_dc|= 1.8680872281045147
f_dc (1e6): 87.33759728899857  perc: 1.9061010209814362
NMSE:  0.13676449502018062
it no: 148 f_tot= 87339619.66398714 f_lik= 2022.374988579523 f_dc (1e6)= 87.33759728899857 |g_lik|= 11202.362045493583 |g_dc|= 1.8521387623723797
f_dc (1e6): 87.34759451259069  perc: 1.9063192055741824
NMSE:  0.1367965990458317
it no: 150 f_tot= 87349617.66746095 f_lik= 2023.1548702494304 f_dc (1e6)= 87.34759451259069 |g_lik|= 11048.73523440938 |g_dc|= 1.865488633558301
f_dc (1e6): 87.33717031492796  perc: 1.9060917024778687
NMSE:  0.13681898232405645
it no: 152 f_tot= 87339200.15835887 f_lik= 2029.8434309026172 f_dc (1e6)= 87.33717031492796 |g_lik|= 11055.642325494284 |g_dc|= 1.8472042790817043
f_dc (1e6): 87.33485511227069  perc: 1.9060411742942938
NMSE:  0.13686831859480378
it no: 154 f_tot= 87336858.06947334 f_lik= 2002.9572026534308 f_dc (1e6)= 87.33485511227069 |g_lik|= 11452.324071301744 |g_dc|= 1.846222699988315
f_dc (1e6): 87.3540613042259  perc: 1.9064603401888378
NMSE:  0.13693602916970274
it no: 156 f_tot= 87356096.440123 f_lik= 2035.1358971078055 f_dc (1e6)= 87.3540613042259 |g_lik|= 10923.927800501924 |g_dc|= 1.8830878561820177
f_dc (1e6): 87.32880385905759  perc: 1.9059091086056819
NMSE:  0.13691161194835993
it no: 158 f_tot= 87330822.28818221 f_lik= 2018.4291246287028 f_dc (1e6)= 87.32880385905759 |g_lik|= 11103.514480919472 |g_dc|= 1.8331956552263104
f_dc (1e6): 87.33129113886595  perc: 1.90596339229025
NMSE:  0.13694560452384238
it no: 160 f_tot= 87333291.81620659 f_lik= 2000.677340634664 f_dc (1e6)= 87.33129113886595 |g_lik|= 11627.183734738552 |g_dc|= 1.839045782962902
f_dc (1e6): 87.36131407187247  perc: 1.9066186283516136
NMSE:  0.13706938520211767
it no: 162 f_tot= 87363348.89673164 f_lik= 2034.8248591777256 f_dc (1e6)= 87.36131407187247 |g_lik|= 11143.308060752277 |g_dc|= 1.9081725591731113
f_dc (1e6): 87.33639600646808  perc: 1.906074803568444
NMSE:  0.137037154929811
it no: 164 f_tot= 87338408.1230188 f_lik= 2012.1165507246199 f_dc (1e6)= 87.33639600646808 |g_lik|= 11085.945406389561 |g_dc|= 1.8468797867301363
f_dc (1e6): 87.334171981746  perc: 1.9060262652994169
NMSE:  0.13709033082711355
it no: 166 f_tot= 87336173.20930785 f_lik= 2001.2275618453252 f_dc (1e6)= 87.334171981746 |g_lik|= 11218.669848336624 |g_dc|= 1.8475019596960611
f_dc (1e6): 87.3276922788344  perc: 1.9058848489023685
NMSE:  0.13709744917987532
it no: 168 f_tot= 87329738.45767982 f_lik= 2046.1788454255604 f_dc (1e6)= 87.3276922788344 |g_lik|= 10748.517586107768 |g_dc|= 1.843253898928452
f_dc (1e6): 87.30093322469187  perc: 1.9053008454261473
NMSE:  0.1370980118011114
it no: 170 f_tot= 87302937.43391739 f_lik= 2004.209225521996 f_dc (1e6)= 87.30093322469187 |g_lik|= 11297.316154427439 |g_dc|= 1.7969823439272796
f_dc (1e6): 87.33169337762126  perc: 1.9059721709574675
NMSE:  0.1371999714041915
it no: 172 f_tot= 87333719.87790343 f_lik= 2026.5002821713401 f_dc (1e6)= 87.33169337762126 |g_lik|= 11287.050335996155 |g_dc|= 1.8572633991912024
f_dc (1e6): 87.3354677653618  perc: 1.9060545451531077
NMSE:  0.13718887935920882
it no: 174 f_tot= 87337468.41799256 f_lik= 2000.6526307678223 f_dc (1e6)= 87.3354677653618 |g_lik|= 11143.211508152792 |g_dc|= 1.8635336073951747
f_dc (1e6): 87.3167827942636  perc: 1.9056467546528786
NMSE:  0.13716509143077507
it no: 176 f_tot= 87318820.97438067 f_lik= 2038.180117065793 f_dc (1e6)= 87.3167827942636 |g_lik|= 11019.741066020631 |g_dc|= 1.8309607803924155
f_dc (1e6): 87.31670533322719  perc: 1.9056450641030447
NMSE:  0.13733087684134307
it no: 178 f_tot= 87318721.92538662 f_lik= 2016.5921594383603 f_dc (1e6)= 87.31670533322719 |g_lik|= 11381.442543819305 |g_dc|= 1.8303284039255412
f_dc (1e6): 87.33535718133162  perc: 1.9060521317098782
NMSE:  0.13736066876836464
it no: 180 f_tot= 87337393.59896848 f_lik= 2036.4176368586222 f_dc (1e6)= 87.33535718133162 |g_lik|= 10937.661854320972 |g_dc|= 1.8619767169239252
f_dc (1e6): 87.31312326334044  perc: 1.9055668871519913
NMSE:  0.13734290827917636
it no: 182 f_tot= 87315131.36543845 f_lik= 2008.1020980035692 f_dc (1e6)= 87.31312326334044 |g_lik|= 11224.907074981307 |g_dc|= 1.8252031186087425
f_dc (1e6): 87.3249805132356  perc: 1.90582566592348
NMSE:  0.13740866506278823
it no: 184 f_tot= 87327005.1031866 f_lik= 2024.5899510156542 f_dc (1e6)= 87.3249805132356 |g_lik|= 11178.982286945129 |g_dc|= 1.8480797953026944
f_dc (1e6): 87.3198557996784  perc: 1.905713821516869
NMSE:  0.13740993804017254
it no: 186 f_tot= 87321896.09693682 f_lik= 2040.2972584279378 f_dc (1e6)= 87.3198557996784 |g_lik|= 11318.380245001646 |g_dc|= 1.8443528404291762
f_dc (1e6): 87.32757733389971  perc: 1.9058823402844973
NMSE:  0.13747773094260657
it no: 188 f_tot= 87329609.84540729 f_lik= 2032.5115075865247 f_dc (1e6)= 87.32757733389971 |g_lik|= 11045.963721694583 |g_dc|= 1.8521103601235733
f_dc (1e6): 87.31619748720553  perc: 1.9056339806080733
NMSE:  0.1374865312948295
it no: 190 f_tot= 87318215.45752616 f_lik= 2017.970320630414 f_dc (1e6)= 87.31619748720553 |g_lik|= 11214.114974059914 |g_dc|= 1.8362331998797612
f_dc (1e6): 87.31722792706942  perc: 1.9056564694621017
NMSE:  0.13758145731391225
it no: 192 f_tot= 87319252.95065513 f_lik= 2025.0235857064383 f_dc (1e6)= 87.31722792706942 |g_lik|= 11166.877165110745 |g_dc|= 1.8394756327783928
f_dc (1e6): 87.31683262035563  perc: 1.9056478420833531
NMSE:  0.13753458120240286
it no: 194 f_tot= 87318822.92542365 f_lik= 1990.305068025135 f_dc (1e6)= 87.31683262035563 |g_lik|= 11169.529368587542 |g_dc|= 1.8402750348362569
f_dc (1e6): 87.31383420106665  perc: 1.9055824030256572
NMSE:  0.13758499276732558
it no: 196 f_tot= 87315860.3071512 f_lik= 2026.106084547497 f_dc (1e6)= 87.31383420106665 |g_lik|= 10928.932894835092 |g_dc|= 1.835926129013078
f_dc (1e6): 87.3097542596052  perc: 1.9054933602671358
NMSE:  0.13761967707221465
it no: 198 f_tot= 87311754.03923832 f_lik= 1999.7796331242153 f_dc (1e6)= 87.3097542596052 |g_lik|= 11107.375987903788 |g_dc|= 1.8265729379511018
f_dc (1e6): 87.30561344429184  perc: 1.9054029889660984
NMSE:  0.13776436393735575
it no: 200 f_tot= 87307619.78017895 f_lik= 2006.3358871169316 f_dc (1e6)= 87.30561344429184 |g_lik|= 11029.212658496217 |g_dc|= 1.8283981948159818
f_dc (1e6): 87.30372897229799  perc: 1.9053618612719212
NMSE:  0.13777345616380698
it no: 202 f_tot= 87305732.97099413 f_lik= 2003.9986961292086 f_dc (1e6)= 87.30372897229799 |g_lik|= 11366.06352231229 |g_dc|= 1.8225396823647482
f_dc (1e6): 87.31314850896715  perc: 1.9055674381256424
NMSE:  0.13779958963780392
it no: 204 f_tot= 87315164.79948217 f_lik= 2016.2905150168283 f_dc (1e6)= 87.31314850896715 |g_lik|= 10911.044226961849 |g_dc|= 1.846121768719642
f_dc (1e6): 87.2962341098475  perc: 1.9051982895065827
NMSE:  0.13784840166933068
it no: 206 f_tot= 87298241.64235328 f_lik= 2007.532505774725 f_dc (1e6)= 87.2962341098475 |g_lik|= 11072.435244420833 |g_dc|= 1.8065036487809425
f_dc (1e6): 87.29607050376141  perc: 1.9051947188825051
NMSE:  0.1378473164228483
it no: 208 f_tot= 87298079.86166589 f_lik= 2009.3579044814337 f_dc (1e6)= 87.29607050376141 |g_lik|= 11164.49549284608 |g_dc|= 1.8121102842980745
f_dc (1e6): 87.29826002503391  perc: 1.905242504130354
NMSE:  0.13785307678356962
it no: 210 f_tot= 87300273.53779079 f_lik= 2013.5127568817138 f_dc (1e6)= 87.29826002503391 |g_lik|= 11082.906141897023 |g_dc|= 1.8209991498227383
f_dc (1e6): 87.29809609783892  perc: 1.9052389264982295
NMSE:  0.1378902035921249
it no: 212 f_tot= 87300100.28150766 f_lik= 2004.183668728783 f_dc (1e6)= 87.29809609783892 |g_lik|= 11140.97019399654 |g_dc|= 1.818008614606431
f_dc (1e6): 87.30664500436484  perc: 1.9054255022681512
NMSE:  0.1381090159224206
it no: 214 f_tot= 87308685.64845583 f_lik= 2040.6440910026006 f_dc (1e6)= 87.30664500436484 |g_lik|= 11120.362534796453 |g_dc|= 1.8325063196093856
f_dc (1e6): 87.30192004668731  perc: 1.9053223823411924
NMSE:  0.13803784079189452
it no: 216 f_tot= 87303909.2917635 f_lik= 1989.2450761722382 f_dc (1e6)= 87.30192004668731 |g_lik|= 10869.010010722744 |g_dc|= 1.827470359314612
f_dc (1e6): 87.29698376407234  perc: 1.9052146503491945
NMSE:  0.1380204521653895
it no: 218 f_tot= 87298994.94381517 f_lik= 2011.1797428349087 f_dc (1e6)= 87.29698376407234 |g_lik|= 10946.592500766017 |g_dc|= 1.8139285429791483
f_dc (1e6): 87.29520700043352  perc: 1.9051758733380202
NMSE:  0.13812944536762706
it no: 220 f_tot= 87297211.08098213 f_lik= 2004.080548613412 f_dc (1e6)= 87.29520700043352 |g_lik|= 11188.871825846418 |g_dc|= 1.814838501230288
f_dc (1e6): 87.30515317645931  perc: 1.9053929438422028
NMSE:  0.13819913373630666
it no: 222 f_tot= 87307153.62647834 f_lik= 2000.450019037156 f_dc (1e6)= 87.30515317645931 |g_lik|= 11078.960220026795 |g_dc|= 1.8354622547673394
f_dc (1e6): 87.29737515522972  perc: 1.9052231922728085
NMSE:  0.13820793131981857
it no: 224 f_tot= 87299390.99182113 f_lik= 2015.8365914117721 f_dc (1e6)= 87.29737515522972 |g_lik|= 10784.355430813037 |g_dc|= 1.8222962070529494
f_dc (1e6): 87.28641746745508  perc: 1.9049840460115972
NMSE:  0.13825437547269234
it no: 226 f_tot= 87288427.18115589 f_lik= 2009.7137008158365 f_dc (1e6)= 87.28641746745508 |g_lik|= 11197.760045677145 |g_dc|= 1.7933719650473083
f_dc (1e6): 87.30173781010214  perc: 1.9053184051154402
NMSE:  0.13832184799286582
it no: 228 f_tot= 87303724.11464752 f_lik= 1986.3045453852699 f_dc (1e6)= 87.30173781010214 |g_lik|= 10904.712021104931 |g_dc|= 1.8290641420213354
f_dc (1e6): 87.28628445207201  perc: 1.9049811430148886
NMSE:  0.1383474516059024
it no: 230 f_tot= 87288264.6504267 f_lik= 1980.198354692005 f_dc (1e6)= 87.28628445207201 |g_lik|= 10902.783776707167 |g_dc|= 1.7954344893891292
f_dc (1e6): 87.28556875511812  perc: 1.9049655232733698
NMSE:  0.1383942831001371
it no: 232 f_tot= 87287584.97468346 f_lik= 2016.219565348171 f_dc (1e6)= 87.28556875511812 |g_lik|= 11087.908732862088 |g_dc|= 1.8020477889712654
f_dc (1e6): 87.29335926540166  perc: 1.9051355474103553
NMSE:  0.13847831670796334
it no: 234 f_tot= 87295365.16152899 f_lik= 2005.896127330235 f_dc (1e6)= 87.29335926540166 |g_lik|= 11163.083710803468 |g_dc|= 1.8108408270607297
f_dc (1e6): 87.29334234312033  perc: 1.9051351780897108
NMSE:  0.138562351838272
it no: 236 f_tot= 87295333.3679719 f_lik= 1991.0248515537808 f_dc (1e6)= 87.29334234312033 |g_lik|= 10945.253733028238 |g_dc|= 1.8184912248227103
f_dc (1e6): 87.28678758404169  perc: 1.9049921236279448
NMSE:  0.13851748721116863
it no: 238 f_tot= 87288808.5654871 f_lik= 2020.9814454160419 f_dc (1e6)= 87.28678758404169 |g_lik|= 10915.72088619042 |g_dc|= 1.7996252057274058
f_dc (1e6): 87.28131989484021  perc: 1.9048727939429881
NMSE:  0.13859552499379077
it no: 240 f_tot= 87283342.40017673 f_lik= 2022.5053365253266 f_dc (1e6)= 87.28131989484021 |g_lik|= 10814.485799713973 |g_dc|= 1.7975120329146268
f_dc (1e6): 87.27908182127797  perc: 1.904823949064787
NMSE:  0.13858569062244544
it no: 242 f_tot= 87281091.9526904 f_lik= 2010.1314124152773 f_dc (1e6)= 87.27908182127797 |g_lik|= 11153.96767038978 |g_dc|= 1.7893528855664007
f_dc (1e6): 87.29271671853826  perc: 1.9051215241343502
NMSE:  0.13870834466854945
it no: 244 f_tot= 87294738.84885879 f_lik= 2022.1303205399286 f_dc (1e6)= 87.29271671853826 |g_lik|= 11030.410851164994 |g_dc|= 1.8217214650394025
f_dc (1e6): 87.29125086295136  perc: 1.9050895325417543
NMSE:  0.13886414185193813
it no: 246 f_tot= 87293238.95245038 f_lik= 1988.0894990208035 f_dc (1e6)= 87.29125086295136 |g_lik|= 10950.709127876216 |g_dc|= 1.8108012743594966
f_dc (1e6): 87.27950229982547  perc: 1.9048331258066886
NMSE:  0.13879147623005958
it no: 248 f_tot= 87281527.25628953 f_lik= 2024.9564640626454 f_dc (1e6)= 87.27950229982547 |g_lik|= 10725.418014576133 |g_dc|= 1.7991642989412964
f_dc (1e6): 87.27253276065318  perc: 1.9046810189690335
NMSE:  0.138821665179992
it no: 250 f_tot= 87274558.05489494 f_lik= 2025.2942417517163 f_dc (1e6)= 87.27253276065318 |g_lik|= 10971.650393368573 |g_dc|= 1.7868356455109868
f_dc (1e6): 87.27985656947772  perc: 1.9048408575713223
NMSE:  0.13893932560480193
it no: 252 f_tot= 87281865.62741467 f_lik= 2009.057936949957 f_dc (1e6)= 87.27985656947772 |g_lik|= 11011.743594898411 |g_dc|= 1.8011243285596854
f_dc (1e6): 87.28131697243018  perc: 1.904872730162796
NMSE:  0.13893983828504614
it no: 254 f_tot= 87283332.15323657 f_lik= 2015.1808064015706 f_dc (1e6)= 87.28131697243018 |g_lik|= 11091.823764078508 |g_dc|= 1.7984288853530137
f_dc (1e6): 87.2851247116784  perc: 1.9049558322390379
NMSE:  0.13907469454227417
it no: 256 f_tot= 87287155.79388778 f_lik= 2031.0822093763807 f_dc (1e6)= 87.2851247116784 |g_lik|= 11194.445730614027 |g_dc|= 1.8074882600222273
f_dc (1e6): 87.29053006213107  perc: 1.905073801410808
NMSE:  0.13909904483609103
it no: 258 f_tot= 87292550.25748338 f_lik= 2020.1953523109073 f_dc (1e6)= 87.29053006213107 |g_lik|= 11047.963175815548 |g_dc|= 1.8172380506185615
f_dc (1e6): 87.27914281990365  perc: 1.9048252803304306
NMSE:  0.1391614830705481
it no: 260 f_tot= 87281145.53952155 f_lik= 2002.7196178835914 f_dc (1e6)= 87.27914281990365 |g_lik|= 11037.93472929037 |g_dc|= 1.8000149446191127
f_dc (1e6): 87.27853218308464  perc: 1.9048119534757848
NMSE:  0.13919118745909054
it no: 262 f_tot= 87280551.99874535 f_lik= 2019.8156607091994 f_dc (1e6)= 87.27853218308464 |g_lik|= 11191.554967308297 |g_dc|= 1.7948783166152338
f_dc (1e6): 87.27980195912663  perc: 1.9048396657266964
NMSE:  0.1393007552944797
it no: 264 f_tot= 87281843.4067261 f_lik= 2041.447599473113 f_dc (1e6)= 87.27980195912663 |g_lik|= 11168.593698579138 |g_dc|= 1.8027898384297254
f_dc (1e6): 87.28147397396557  perc: 1.9048761566457335
NMSE:  0.13931216608658975
it no: 266 f_tot= 87283467.25526033 f_lik= 1993.2812947572982 f_dc (1e6)= 87.28147397396557 |g_lik|= 10769.85526267779 |g_dc|= 1.8013681368333112
f_dc (1e6): 87.26280237837624  perc: 1.9044686580595471
NMSE:  0.13928189769395077
it no: 268 f_tot= 87264826.02735399 f_lik= 2023.6489777610416 f_dc (1e6)= 87.26280237837624 |g_lik|= 11076.440205841347 |g_dc|= 1.7672017602569803
f_dc (1e6): 87.27621945616326  perc: 1.904761479323954
NMSE:  0.13938618823263912
it no: 270 f_tot= 87278230.36220588 f_lik= 2010.9060426212493 f_dc (1e6)= 87.27621945616326 |g_lik|= 10867.33101175184 |g_dc|= 1.7960591773020338
f_dc (1e6): 87.2656829248925  perc: 1.904531524600717
NMSE:  0.139405228052098
it no: 272 f_tot= 87267711.28370187 f_lik= 2028.3588093639555 f_dc (1e6)= 87.2656829248925 |g_lik|= 11101.492275483808 |g_dc|= 1.777740107827513
f_dc (1e6): 87.27375787260796  perc: 1.9047077564477402
NMSE:  0.1394887118004108
it no: 274 f_tot= 87275762.51026818 f_lik= 2004.6376602245512 f_dc (1e6)= 87.27375787260796 |g_lik|= 10678.575610469794 |g_dc|= 1.7936242666294502
f_dc (1e6): 87.26115603536631  perc: 1.9044327274158208
NMSE:  0.13951899980181448
it no: 276 f_tot= 87263145.2388162 f_lik= 1989.2034498923165 f_dc (1e6)= 87.26115603536631 |g_lik|= 11210.556935883344 |g_dc|= 1.7624949753416501
f_dc (1e6): 87.27756625295311  perc: 1.9047908725156135
NMSE:  0.1396310404023506
it no: 278 f_tot= 87279571.02215229 f_lik= 2004.7691991751535 f_dc (1e6)= 87.27756625295311 |g_lik|= 10948.226240342254 |g_dc|= 1.8005038386684526
f_dc (1e6): 87.2763778086361  perc: 1.904764935290451
NMSE:  0.13968754089408636
it no: 280 f_tot= 87278421.35037662 f_lik= 2043.5417405205114 f_dc (1e6)= 87.2763778086361 |g_lik|= 10814.652542726206 |g_dc|= 1.7925850231023865
f_dc (1e6): 87.26567559152211  perc: 1.9045313645534383
NMSE:  0.13972517065553178
it no: 282 f_tot= 87267670.29497214 f_lik= 1994.7034500312805 f_dc (1e6)= 87.26567559152211 |g_lik|= 10872.374027854408 |g_dc|= 1.7796038960249927
f_dc (1e6): 87.2604213276832  perc: 1.904416692774288
NMSE:  0.1397710419925992
it no: 284 f_tot= 87262438.94091046 f_lik= 2017.613227252052 f_dc (1e6)= 87.2604213276832 |g_lik|= 11065.853892892948 |g_dc|= 1.7763624977998898
f_dc (1e6): 87.26794945289303  perc: 1.904580990483338
NMSE:  0.13986360634805498
it no: 286 f_tot= 87269923.93371597 f_lik= 1974.4808229282924 f_dc (1e6)= 87.26794945289303 |g_lik|= 11101.131388525797 |g_dc|= 1.7925989891941725
f_dc (1e6): 87.27375215903572  perc: 1.9047076317517762
NMSE:  0.13986598068496944
it no: 288 f_tot= 87275771.09200455 f_lik= 2018.932968829927 f_dc (1e6)= 87.27375215903572 |g_lik|= 11244.1987836105 |g_dc|= 1.792080563322377
f_dc (1e6): 87.28543789615077  perc: 1.904962667339396
NMSE:  0.13998258843363234
it no: 290 f_tot= 87287447.58551143 f_lik= 2009.689360659236 f_dc (1e6)= 87.28543789615077 |g_lik|= 10787.950988237015 |g_dc|= 1.8199428380761133
f_dc (1e6): 87.26814061501233  perc: 1.9045851625045762
NMSE:  0.14002907539425843
it no: 292 f_tot= 87270139.25776492 f_lik= 1998.6427525910876 f_dc (1e6)= 87.26814061501233 |g_lik|= 11053.086694187663 |g_dc|= 1.780629321883436
f_dc (1e6): 87.27084679398311  perc: 1.9046442235579972
NMSE:  0.1400478783933908
it no: 294 f_tot= 87272846.63144161 f_lik= 1999.8374584888277 f_dc (1e6)= 87.27084679398311 |g_lik|= 10948.661753006356 |g_dc|= 1.7930980105037295
f_dc (1e6): 87.26853849601645  perc: 1.9045938460659713
NMSE:  0.14011409424525442
it no: 296 f_tot= 87270579.22952566 f_lik= 2040.733509214492 f_dc (1e6)= 87.26853849601645 |g_lik|= 11049.505415834015 |g_dc|= 1.7804442517558052
f_dc (1e6): 87.2696174463308  perc: 1.9046173936372304
NMSE:  0.14018463124159053
it no: 298 f_tot= 87271630.07581118 f_lik= 2012.6294803705669 f_dc (1e6)= 87.2696174463308 |g_lik|= 11104.479638557967 |g_dc|= 1.7868740932333491
f_dc (1e6): 87.269231336934  perc: 1.9046089669854986
NMSE:  0.14018064132719674
it no: 300 f_tot= 87271269.80990827 f_lik= 2038.4729742649624 f_dc (1e6)= 87.269231336934 |g_lik|= 10692.374773134012 |g_dc|= 1.7907349427560053
f_dc (1e6): 87.25257972663519  perc: 1.9042455536059604
NMSE:  0.14033840877951018
it no: 302 f_tot= 87254595.1181867 f_lik= 2015.3915515027727 f_dc (1e6)= 87.25257972663519 |g_lik|= 11073.24321486095 |g_dc|= 1.7566708630551668
f_dc (1e6): 87.27007940810569  perc: 1.9046274757306025
NMSE:  0.14038429920465245
it no: 304 f_tot= 87272084.9105239 f_lik= 2005.5024182128907 f_dc (1e6)= 87.27007940810569 |g_lik|= 10918.889805353867 |g_dc|= 1.7942301632673574
f_dc (1e6): 87.26131648227225  perc: 1.904436229092312
NMSE:  0.1404543217655891
it no: 306 f_tot= 87263349.25289348 f_lik= 2032.770621218 f_dc (1e6)= 87.26131648227225 |g_lik|= 10775.83812305267 |g_dc|= 1.7720860928188795
f_dc (1e6): 87.25965834596269  perc: 1.904400041065498
NMSE:  0.1404992458180483
it no: 308 f_tot= 87261698.93983006 f_lik= 2040.5938673800513 f_dc (1e6)= 87.25965834596269 |g_lik|= 11079.687697415195 |g_dc|= 1.7739162959841248
f_dc (1e6): 87.26257669963306  perc: 1.9044637327296077
NMSE:  0.14051121722232782
it no: 310 f_tot= 87264567.79908088 f_lik= 1991.0994478207542 f_dc (1e6)= 87.26257669963306 |g_lik|= 10775.297659169546 |g_dc|= 1.782805538432574
f_dc (1e6): 87.2525375283921  perc: 1.9042446326496167
NMSE:  0.14059393280288265
it no: 312 f_tot= 87254539.30625421 f_lik= 2001.7778621201287 f_dc (1e6)= 87.2525375283921 |g_lik|= 11171.267120511946 |g_dc|= 1.765690653279121
f_dc (1e6): 87.26968830709151  perc: 1.9046189401392246
NMSE:  0.14076707456329024
it no: 314 f_tot= 87271701.58605944 f_lik= 2013.2789679227556 f_dc (1e6)= 87.26968830709151 |g_lik|= 10932.26649378374 |g_dc|= 1.79508071398465
f_dc (1e6): 87.26932933168985  perc: 1.9046111056738755
NMSE:  0.14076925656888983
it no: 316 f_tot= 87271317.6885082 f_lik= 1988.356818342663 f_dc (1e6)= 87.26932933168985 |g_lik|= 10827.205934280637 |g_dc|= 1.7917946153710984
f_dc (1e6): 87.25115140664437  perc: 1.9042143812096812
NMSE:  0.1407520616959236
it no: 318 f_tot= 87253143.45977639 f_lik= 1992.0531320117768 f_dc (1e6)= 87.25115140664437 |g_lik|= 11144.99303019674 |g_dc|= 1.7575947024867118
f_dc (1e6): 87.27259541508336  perc: 1.9046823863718136
NMSE:  0.14090246806461654
it no: 320 f_tot= 87274584.47480741 f_lik= 1989.0597240484328 f_dc (1e6)= 87.27259541508336 |g_lik|= 10878.848580368327 |g_dc|= 1.7913601016980294
f_dc (1e6): 87.25717500419323  perc: 1.904345843326733
NMSE:  0.1408642390831988
it no: 322 f_tot= 87259182.50363462 f_lik= 2007.4994413829986 f_dc (1e6)= 87.25717500419323 |g_lik|= 10692.715265633427 |g_dc|= 1.763590581999823
f_dc (1e6): 87.24253869302899  perc: 1.9040264128807447
NMSE:  0.1409822599346466
it no: 324 f_tot= 87244527.22959219 f_lik= 1988.536563201632 f_dc (1e6)= 87.24253869302899 |g_lik|= 11003.03844564591 |g_dc|= 1.7399640274333992
f_dc (1e6): 87.25602747946381  perc: 1.9043207991518731
NMSE:  0.1411090648145163
it no: 326 f_tot= 87258007.0923805 f_lik= 1979.6129166811988 f_dc (1e6)= 87.25602747946381 |g_lik|= 10975.497482175899 |g_dc|= 1.769290656393512
f_dc (1e6): 87.25338918823567  perc: 1.9042632197157574
NMSE:  0.1411007324674989
it no: 328 f_tot= 87255400.1190882 f_lik= 2010.9308525303431 f_dc (1e6)= 87.25338918823567 |g_lik|= 11036.822093915805 |g_dc|= 1.766749058226771
f_dc (1e6): 87.25825676327767  perc: 1.9043694521980474
NMSE:  0.14124084099157957
it no: 330 f_tot= 87260281.968915 f_lik= 2025.2056373355501 f_dc (1e6)= 87.25825676327767 |g_lik|= 10967.940026532924 |g_dc|= 1.7732118330417916
f_dc (1e6): 87.2549386404138  perc: 1.9042970357637181
NMSE:  0.14134284674858744
it no: 332 f_tot= 87256947.92290631 f_lik= 2009.282492511386 f_dc (1e6)= 87.2549386404138 |g_lik|= 11177.949365693914 |g_dc|= 1.7731771696764949
f_dc (1e6): 87.26472319085771  perc: 1.9045105788673746
NMSE:  0.141269207701975
it no: 334 f_tot= 87266730.82448976 f_lik= 2007.6336320443381 f_dc (1e6)= 87.26472319085771 |g_lik|= 10972.113909622303 |g_dc|= 1.79051717744614
f_dc (1e6): 87.26016722825727  perc: 1.9044111471766274
NMSE:  0.1413885546532211
it no: 336 f_tot= 87262175.82856634 f_lik= 2008.600309068589 f_dc (1e6)= 87.26016722825727 |g_lik|= 10792.133797438019 |g_dc|= 1.7704446941902963
f_dc (1e6): 87.24929351082545  perc: 1.9041738335277292
NMSE:  0.1414570480173915
it no: 338 f_tot= 87251293.01699445 f_lik= 1999.5061689903623 f_dc (1e6)= 87.24929351082545 |g_lik|= 10848.056828891504 |g_dc|= 1.7565515462951127
f_dc (1e6): 87.249157382415  perc: 1.9041708625906963
NMSE:  0.14151318008431643
it no: 340 f_tot= 87251176.17120011 f_lik= 2018.7887850933982 f_dc (1e6)= 87.249157382415 |g_lik|= 11036.577506941881 |g_dc|= 1.7568623384902553
f_dc (1e6): 87.25254075154378  perc: 1.9042447029933507
NMSE:  0.14156267643756607
it no: 342 f_tot= 87254522.51354967 f_lik= 1981.7620058913458 f_dc (1e6)= 87.25254075154378 |g_lik|= 10910.332832304637 |g_dc|= 1.7705138742089803
f_dc (1e6): 87.24845854940416  perc: 1.9041556108966171
NMSE:  0.14164268529767024
it no: 344 f_tot= 87250454.81864125 f_lik= 1996.2692370914278 f_dc (1e6)= 87.24845854940416 |g_lik|= 10877.856790953478 |g_dc|= 1.7597277130999645
f_dc (1e6): 87.24639201206007  perc: 1.9041105097138076
NMSE:  0.14171451089659193
it no: 346 f_tot= 87248389.81358442 f_lik= 1997.8015243457612 f_dc (1e6)= 87.24639201206007 |g_lik|= 10981.74837071785 |g_dc|= 1.7599010875710093
f_dc (1e6): 87.25345971512395  perc: 1.9042647589311463
NMSE:  0.1418004604334643
it no: 348 f_tot= 87255496.2496785 f_lik= 2036.5345545596167 f_dc (1e6)= 87.25345971512395 |g_lik|= 11033.714013062865 |g_dc|= 1.7659309792440347
f_dc (1e6): 87.25677758783631  perc: 1.9043371699060392
NMSE:  0.14188609360896315
it no: 350 f_tot= 87258761.40627703 f_lik= 1983.8184407188778 f_dc (1e6)= 87.25677758783631 |g_lik|= 10611.557565743477 |g_dc|= 1.779929814143352
f_dc (1e6): 87.2309125861953  perc: 1.9037726786953126
NMSE:  0.14194963746709705
it no: 352 f_tot= 87232899.77693796 f_lik= 1987.1907426538353 f_dc (1e6)= 87.2309125861953 |g_lik|= 10990.98085103655 |g_dc|= 1.7252970144082882
f_dc (1e6): 87.24648459080922  perc: 1.904112530200445
NMSE:  0.14197662928808727
it no: 354 f_tot= 87248455.40082037 f_lik= 1970.810011164177 f_dc (1e6)= 87.24648459080922 |g_lik|= 10829.628806639172 |g_dc|= 1.759930576153767
f_dc (1e6): 87.24340145143648  perc: 1.9040452421677008
NMSE:  0.14208289790150685
it no: 356 f_tot= 87245403.95653772 f_lik= 2002.5051012384324 f_dc (1e6)= 87.24340145143648 |g_lik|= 10883.521237351184 |g_dc|= 1.7532489171695709
f_dc (1e6): 87.24260560721406  perc: 1.9040278732506253
NMSE:  0.142104053311533
it no: 358 f_tot= 87244605.9434786 f_lik= 2000.3362645339967 f_dc (1e6)= 87.24260560721406 |g_lik|= 11185.386442528577 |g_dc|= 1.7520000781051484
f_dc (1e6): 87.26706076717362  perc: 1.9045615953452795
NMSE:  0.142171272882992
it no: 360 f_tot= 87269056.99825183 f_lik= 1996.2310782094228 f_dc (1e6)= 87.26706076717362 |g_lik|= 10871.664147527845 |g_dc|= 1.7896413572517251
f_dc (1e6): 87.2594720684082  perc: 1.9043959756475357
NMSE:  0.14231541305596068
it no: 362 f_tot= 87261479.44922496 f_lik= 2007.380816763015 f_dc (1e6)= 87.2594720684082 |g_lik|= 10675.03598919934 |g_dc|= 1.7717156272139265
f_dc (1e6): 87.23511493312867  perc: 1.9038643928943384
NMSE:  0.14239373847396972
it no: 364 f_tot= 87237099.59365241 f_lik= 1984.660523748852 f_dc (1e6)= 87.23511493312867 |g_lik|= 10953.558560158588 |g_dc|= 1.7302517599209069
f_dc (1e6): 87.2461914045351  perc: 1.9041061315511374
NMSE:  0.14237226236823708
it no: 366 f_tot= 87248181.29454303 f_lik= 1989.8900079327539 f_dc (1e6)= 87.2461914045351 |g_lik|= 10733.44397254292 |g_dc|= 1.7642348053605144
f_dc (1e6): 87.22605691479991  perc: 1.9036667060043804
NMSE:  0.14246066604589092
it no: 368 f_tot= 87228023.82472654 f_lik= 1966.9099266288395 f_dc (1e6)= 87.22605691479991 |g_lik|= 10957.375295240048 |g_dc|= 1.7289842210765756
f_dc (1e6): 87.24255544089874  perc: 1.9040267783949407
NMSE:  0.1425800722153896
it no: 370 f_tot= 87244560.26190722 f_lik= 2004.8210084697178 f_dc (1e6)= 87.24255544089874 |g_lik|= 10911.320824713732 |g_dc|= 1.7540696703549592
f_dc (1e6): 87.234710583939  perc: 1.903855568167907
NMSE:  0.14267003791149735
it no: 372 f_tot= 87236688.30744155 f_lik= 1977.7235025528498 f_dc (1e6)= 87.234710583939 |g_lik|= 11172.61896462578 |g_dc|= 1.743629515461224
f_dc (1e6): 87.24935715178765  perc: 1.9041752224610957
NMSE:  0.1427683897059037
it no: 374 f_tot= 87251360.28988037 f_lik= 2003.138092713129 f_dc (1e6)= 87.24935715178765 |g_lik|= 10990.2044911667 |g_dc|= 1.7740452470558132
f_dc (1e6): 87.24704038743235  perc: 1.9041246601942128
NMSE:  0.14283970165447393
it no: 376 f_tot= 87249034.99443345 f_lik= 1994.6070011029924 f_dc (1e6)= 87.24704038743235 |g_lik|= 11132.336221786696 |g_dc|= 1.76636970528833
f_dc (1e6): 87.2621122576261  perc: 1.9044535965063643
NMSE:  0.14294656674700718
it no: 378 f_tot= 87264094.27332869 f_lik= 1982.0157025936671 f_dc (1e6)= 87.2621122576261 |g_lik|= 10750.329740342811 |g_dc|= 1.790200827980633
f_dc (1e6): 87.24162032061197  perc: 1.904006369844801
NMSE:  0.14292160711499702
it no: 380 f_tot= 87243619.94847105 f_lik= 1999.6278590901693 f_dc (1e6)= 87.24162032061197 |g_lik|= 10779.830241623216 |g_dc|= 1.7467587227110888
f_dc (1e6): 87.23307530899473  perc: 1.903819879079386
NMSE:  0.14299815123500667
it no: 382 f_tot= 87235067.30159934 f_lik= 1991.992604609898 f_dc (1e6)= 87.23307530899473 |g_lik|= 10705.285033551885 |g_dc|= 1.7357078080095107
f_dc (1e6): 87.22736140557393  perc: 1.9036951758876082
NMSE:  0.1431192168630003
it no: 384 f_tot= 87229345.31784858 f_lik= 1983.9122746494838 f_dc (1e6)= 87.22736140557393 |g_lik|= 11156.574801022478 |g_dc|= 1.7308920600306554
f_dc (1e6): 87.24332054763222  perc: 1.9040434764811156
NMSE:  0.14312661758293657
it no: 386 f_tot= 87245314.40067208 f_lik= 1993.8530398545947 f_dc (1e6)= 87.24332054763222 |g_lik|= 10534.304261563013 |g_dc|= 1.7631884229442534
f_dc (1e6): 87.21853857349285  perc: 1.9035026218242983
NMSE:  0.1431496090359095
it no: 388 f_tot= 87220517.47113556 f_lik= 1978.897642695109 f_dc (1e6)= 87.21853857349285 |g_lik|= 11043.635681762229 |g_dc|= 1.7094531801271209
f_dc (1e6): 87.241267433006  perc: 1.9039986682426628
NMSE:  0.14334844250666717
it no: 390 f_tot= 87243250.2810891 f_lik= 1982.8480830982753 f_dc (1e6)= 87.241267433006 |g_lik|= 10721.74951781196 |g_dc|= 1.7514179160755594
f_dc (1e6): 87.22799511912041  perc: 1.9037090063807225
NMSE:  0.14332847030031937
it no: 392 f_tot= 87229975.8360934 f_lik= 1980.7169729977563 f_dc (1e6)= 87.22799511912041 |g_lik|= 10933.538311694216 |g_dc|= 1.727437977072154
f_dc (1e6): 87.23494778588089  perc: 1.903860744986112
NMSE:  0.14345120253195934
it no: 394 f_tot= 87236956.15299727 f_lik= 2008.3671163722447 f_dc (1e6)= 87.23494778588089 |g_lik|= 10755.223364580661 |g_dc|= 1.746904149969351
f_dc (1e6): 87.22107924815603  perc: 1.9035580708258715
NMSE:  0.1434690940357382
it no: 396 f_tot= 87223078.26263638 f_lik= 1999.0144803492228 f_dc (1e6)= 87.22107924815603 |g_lik|= 10860.113379026696 |g_dc|= 1.7222336016237982
f_dc (1e6): 87.23028290586227  perc: 1.9037589362251404
NMSE:  0.14359907432000052
it no: 398 f_tot= 87232257.82990947 f_lik= 1974.9240471976143 f_dc (1e6)= 87.23028290586227 |g_lik|= 10789.094502963177 |g_dc|= 1.739543382067136
f_dc (1e6): 87.22362275698569  perc: 1.903613581681764
NMSE:  0.14365147998637467
it no: 400 f_tot= 87225608.42267731 f_lik= 1985.6656916212469 f_dc (1e6)= 87.22362275698569 |g_lik|= 11070.69128153137 |g_dc|= 1.72467303493189
f_dc (1e6): 87.24280411751919  perc: 1.9040322056424817
NMSE:  0.14383019567269476
it no: 402 f_tot= 87244789.3017718 f_lik= 1985.1842526172456 f_dc (1e6)= 87.24280411751919 |g_lik|= 10791.241720698947 |g_dc|= 1.7660520748514668
f_dc (1e6): 87.2189389106191  perc: 1.9035113589893766
NMSE:  0.14378489038285208
it no: 404 f_tot= 87220933.73500183 f_lik= 1994.824382732028 f_dc (1e6)= 87.2189389106191 |g_lik|= 10794.500715883063 |g_dc|= 1.7248010229827582
f_dc (1e6): 87.22092441262208  perc: 1.9035546916148727
NMSE:  0.14392713871902288
it no: 406 f_tot= 87222897.62656868 f_lik= 1973.2139466004144 f_dc (1e6)= 87.22092441262208 |g_lik|= 10970.102776813505 |g_dc|= 1.725240117238375
f_dc (1e6): 87.224594048771  perc: 1.903634779657448
NMSE:  0.1439702864292222
it no: 408 f_tot= 87226595.9741514 f_lik= 2001.9253804066068 f_dc (1e6)= 87.224594048771 |g_lik|= 10832.734906427973 |g_dc|= 1.7349402895893236
f_dc (1e6): 87.22454435640032  perc: 1.9036336951453772
NMSE:  0.14403750906205848
it no: 410 f_tot= 87226520.04288028 f_lik= 1975.6864799646537 f_dc (1e6)= 87.22454435640032 |g_lik|= 10636.396266566413 |g_dc|= 1.728421135772449
f_dc (1e6): 87.20959862576665  perc: 1.9033075117684077
NMSE:  0.1441572217183866
it no: 412 f_tot= 87211577.34992675 f_lik= 1978.7241601062956 f_dc (1e6)= 87.20959862576665 |g_lik|= 11162.338504359283 |g_dc|= 1.7003393703583156
f_dc (1e6): 87.24284473017363  perc: 1.904033091994116
NMSE:  0.14421996528001785
it no: 414 f_tot= 87244831.88531709 f_lik= 1987.1551434544156 f_dc (1e6)= 87.24284473017363 |g_lik|= 10496.959024721618 |g_dc|= 1.7653824025512457
f_dc (1e6): 87.20970473088055  perc: 1.9033098274614446
NMSE:  0.14424634836160025
it no: 416 f_tot= 87211676.65041924 f_lik= 1971.9195386941092 f_dc (1e6)= 87.20970473088055 |g_lik|= 10870.853622521812 |g_dc|= 1.6975627758529745
f_dc (1e6): 87.22053013186806  perc: 1.903546086627203
NMSE:  0.14445969049274765
it no: 418 f_tot= 87222537.76500626 f_lik= 2007.6331381979444 f_dc (1e6)= 87.22053013186806 |g_lik|= 11106.27875939461 |g_dc|= 1.7257225126408817
f_dc (1e6): 87.2420923485413  perc: 1.9040166716271485
NMSE:  0.14451303699473833
it no: 420 f_tot= 87244063.4712714 f_lik= 1971.1227300916398 f_dc (1e6)= 87.2420923485413 |g_lik|= 10695.15641235599 |g_dc|= 1.76449952140225
f_dc (1e6): 87.21742082844557  perc: 1.9034782275766666
NMSE:  0.14449243801479972
it no: 422 f_tot= 87219416.30530375 f_lik= 1995.4768581778378 f_dc (1e6)= 87.21742082844557 |g_lik|= 10805.360714480092 |g_dc|= 1.713759063670932
f_dc (1e6): 87.22612030050374  perc: 1.9036680893668554
NMSE:  0.1447142373554629
it no: 424 f_tot= 87228087.40893285 f_lik= 1967.108429114932 f_dc (1e6)= 87.22612030050374 |g_lik|= 11005.946283401841 |g_dc|= 1.7270610468614054
f_dc (1e6): 87.22931289215263  perc: 1.9037377661428423
NMSE:  0.1446602166030359
it no: 426 f_tot= 87231303.41610034 f_lik= 1990.5239477066766 f_dc (1e6)= 87.22931289215263 |g_lik|= 10887.405084963772 |g_dc|= 1.741972157019481
f_dc (1e6): 87.2276413542495  perc: 1.9037012856326991
NMSE:  0.14475929632359172
it no: 428 f_tot= 87229608.80221985 f_lik= 1967.447970353081 f_dc (1e6)= 87.2276413542495 |g_lik|= 10575.49670197432 |g_dc|= 1.7380629024486483
f_dc (1e6): 87.21946376794372  perc: 1.9035228137478475
NMSE:  0.14486280251775852
it no: 430 f_tot= 87221472.25111003 f_lik= 2008.4831663004557 f_dc (1e6)= 87.21946376794372 |g_lik|= 10823.538236256536 |g_dc|= 1.7165795518689007
f_dc (1e6): 87.216149011758  perc: 1.903450470789648
NMSE:  0.14487721903208145
it no: 432 f_tot= 87218135.86324959 f_lik= 1986.851491584778 f_dc (1e6)= 87.216149011758 |g_lik|= 10606.057154472484 |g_dc|= 1.7161765639219015
f_dc (1e6): 87.20640815536623  perc: 1.9032378812876476
NMSE:  0.14492973773579373
it no: 434 f_tot= 87208394.39949907 f_lik= 1986.2441328393845 f_dc (1e6)= 87.20640815536623 |g_lik|= 11016.81476847231 |g_dc|= 1.696469272229622
f_dc (1e6): 87.2267798676881  perc: 1.9036824841031719
NMSE:  0.14512183035169374
it no: 436 f_tot= 87228771.97058974 f_lik= 1992.1029016476587 f_dc (1e6)= 87.2267798676881 |g_lik|= 10587.780591160415 |g_dc|= 1.746295691095355
f_dc (1e6): 87.20920958231908  perc: 1.90329902108243
NMSE:  0.1450934770432615
it no: 438 f_tot= 87211197.71980333 f_lik= 1988.1374842471168 f_dc (1e6)= 87.20920958231908 |g_lik|= 10725.524276714463 |g_dc|= 1.7109348996042841
f_dc (1e6): 87.21192359316576  perc: 1.903358253062773
NMSE:  0.14525378466827343
it no: 440 f_tot= 87213903.51542182 f_lik= 1979.922256054197 f_dc (1e6)= 87.21192359316576 |g_lik|= 10689.966708841319 |g_dc|= 1.7094663177320526
f_dc (1e6): 87.21123533476543  perc: 1.9033432321544779
NMSE:  0.1452556304736197
it no: 442 f_tot= 87213220.48289354 f_lik= 1985.1481281135195 f_dc (1e6)= 87.21123533476543 |g_lik|= 10835.693152930118 |g_dc|= 1.7113468895441852
f_dc (1e6): 87.21282986109438  perc: 1.9033780319240838
NMSE:  0.14539520965045993
it no: 444 f_tot= 87214801.03277764 f_lik= 1971.1716832624163 f_dc (1e6)= 87.21282986109438 |g_lik|= 10874.206784598644 |g_dc|= 1.7201118646724947
f_dc (1e6): 87.20922213984362  perc: 1.9032992951443584
NMSE:  0.14542339917391045
it no: 446 f_tot= 87211195.3666217 f_lik= 1973.2267780957902 f_dc (1e6)= 87.20922213984362 |g_lik|= 10829.366864122147 |g_dc|= 1.7107423429269883
f_dc (1e6): 87.21362895698937  perc: 1.903395471807348
NMSE:  0.14549379857467157
it no: 448 f_tot= 87215615.09453344 f_lik= 1986.137544079735 f_dc (1e6)= 87.21362895698937 |g_lik|= 10899.38094879972 |g_dc|= 1.7206344169800523
f_dc (1e6): 87.20452637447477  perc: 1.903196812325484
NMSE:  0.14564164801155108
it no: 450 f_tot= 87206502.99076359 f_lik= 1976.616288829985 f_dc (1e6)= 87.20452637447477 |g_lik|= 11124.246794563966 |g_dc|= 1.7101088397771413
f_dc (1e6): 87.22775287815267  perc: 1.9037037195882043
NMSE:  0.14571132377330204
it no: 452 f_tot= 87229752.54176518 f_lik= 1999.6636125146774 f_dc (1e6)= 87.22775287815267 |g_lik|= 10809.897214824963 |g_dc|= 1.7446797456913101
f_dc (1e6): 87.20833731163286  perc: 1.9032799841945696
NMSE:  0.14574567261937663
it no: 454 f_tot= 87210319.88453758 f_lik= 1982.5729047230311 f_dc (1e6)= 87.20833731163286 |g_lik|= 10607.937870844133 |g_dc|= 1.7119825885442566
f_dc (1e6): 87.1984897861601  perc: 1.9030650666912212
NMSE:  0.14577105695924222
it no: 456 f_tot= 87200503.10732965 f_lik= 2013.321169559842 f_dc (1e6)= 87.1984897861601 |g_lik|= 10527.577280143074 |g_dc|= 1.6899592031137083
f_dc (1e6): 87.1974455783818  perc: 1.9030422773590885
NMSE:  0.1459675509373765
it no: 458 f_tot= 87199419.5079759 f_lik= 1973.9295940944128 f_dc (1e6)= 87.1974455783818 |g_lik|= 11122.296806008424 |g_dc|= 1.6892652185714554
f_dc (1e6): 87.22050156056244  perc: 1.9035454630722106
NMSE:  0.14599508288580065
it no: 460 f_tot= 87222475.80356082 f_lik= 1974.242998373849 f_dc (1e6)= 87.22050156056244 |g_lik|= 10619.21141458326 |g_dc|= 1.7423187971173972
f_dc (1e6): 87.20429545208988  perc: 1.9031917725555885
NMSE:  0.1460717971133011
it no: 462 f_tot= 87206261.46481809 f_lik= 1966.0127282169888 f_dc (1e6)= 87.20429545208988 |g_lik|= 10824.573654794067 |g_dc|= 1.699820388655473
f_dc (1e6): 87.20292365349997  perc: 1.9031618337116771
NMSE:  0.14612378954326713
it no: 464 f_tot= 87204918.39083849 f_lik= 1994.7373385220483 f_dc (1e6)= 87.20292365349997 |g_lik|= 10985.941078310754 |g_dc|= 1.706500126643114
f_dc (1e6): 87.20730857026477  perc: 1.9032575324093948
NMSE:  0.1462893690797836
it no: 466 f_tot= 87209306.0692949 f_lik= 1997.499030133202 f_dc (1e6)= 87.20730857026477 |g_lik|= 10899.01790349357 |g_dc|= 1.7116422724492664
f_dc (1e6): 87.2039623752493  perc: 1.9031845033138692
NMSE:  0.14629205079058277
it no: 468 f_tot= 87205932.09714155 f_lik= 1969.7218922424317 f_dc (1e6)= 87.2039623752493 |g_lik|= 11006.076027858684 |g_dc|= 1.7114962983836057
f_dc (1e6): 87.21449192471887  perc: 1.903414305662656
NMSE:  0.14645910556081546
it no: 470 f_tot= 87216484.61298819 f_lik= 1992.688269311814 f_dc (1e6)= 87.21449192471887 |g_lik|= 10919.446838953281 |g_dc|= 1.726387398856795
f_dc (1e6): 87.206710450193  perc: 1.9032444787267326
NMSE:  0.14652324450278936
it no: 472 f_tot= 87208699.05281985 f_lik= 1988.6026268405005 f_dc (1e6)= 87.206710450193 |g_lik|= 10873.140027966587 |g_dc|= 1.7134602960804526
f_dc (1e6): 87.20839772839714  perc: 1.9032813027613684
NMSE:  0.1465930041016972
it no: 474 f_tot= 87210366.70285107 f_lik= 1968.97445392427 f_dc (1e6)= 87.20839772839714 |g_lik|= 10793.018816450249 |g_dc|= 1.7174199085506459
f_dc (1e6): 87.1997186112416  perc: 1.9030918852071315
NMSE:  0.14665588524421264
it no: 476 f_tot= 87201698.44049108 f_lik= 1979.8292494914645 f_dc (1e6)= 87.1997186112416 |g_lik|= 11075.40804114203 |g_dc|= 1.701974365225389
f_dc (1e6): 87.21080493893452  perc: 1.9033338389726386
NMSE:  0.14674098148355055
it no: 478 f_tot= 87212787.39220753 f_lik= 1982.4532730120704 f_dc (1e6)= 87.21080493893452 |g_lik|= 10749.744241808563 |g_dc|= 1.7276248902939686
f_dc (1e6): 87.19715908642559  perc: 1.9030360248100466
NMSE:  0.14685013400490315
it no: 480 f_tot= 87199133.75354922 f_lik= 1974.6671236328853 f_dc (1e6)= 87.19715908642559 |g_lik|= 10885.404945841678 |g_dc|= 1.685365558192002
f_dc (1e6): 87.19909559971657  perc: 1.9030782882804838
NMSE:  0.14693186303741462
it no: 482 f_tot= 87201109.55382186 f_lik= 2013.954105282738 f_dc (1e6)= 87.19909559971657 |g_lik|= 10866.369529124635 |g_dc|= 1.7026352985004791
f_dc (1e6): 87.19795339132723  perc: 1.903053360132187
NMSE:  0.14693362665797413
it no: 484 f_tot= 87199929.77090265 f_lik= 1976.3795754132952 f_dc (1e6)= 87.19795339132723 |g_lik|= 10733.743194657223 |g_dc|= 1.7057240605927804
f_dc (1e6): 87.19667039115824  perc: 1.9030253592710695
NMSE:  0.14710388990790613
it no: 486 f_tot= 87198627.24123484 f_lik= 1956.8500765991212 f_dc (1e6)= 87.19667039115824 |g_lik|= 10760.44340950753 |g_dc|= 1.6905402764699293
f_dc (1e6): 87.20285698128116  perc: 1.9031603786225946
NMSE:  0.14714766650880826
it no: 488 f_tot= 87204833.20966353 f_lik= 1976.2283823576427 f_dc (1e6)= 87.20285698128116 |g_lik|= 10854.985716355788 |g_dc|= 1.7051362744510998
f_dc (1e6): 87.1984200199975  perc: 1.9030635440783048
NMSE:  0.1472765587414139
it no: 490 f_tot= 87200395.70280363 f_lik= 1975.6828061349051 f_dc (1e6)= 87.1984200199975 |g_lik|= 10766.00209725009 |g_dc|= 1.695825429672148
f_dc (1e6): 87.19980529513705  perc: 1.9030937770414247
NMSE:  0.14731168662312646
it no: 492 f_tot= 87201755.95874241 f_lik= 1950.6636053664345 f_dc (1e6)= 87.19980529513705 |g_lik|= 10685.629078259544 |g_dc|= 1.6992654907623106
f_dc (1e6): 87.19573388695522  perc: 1.903004920517624
NMSE:  0.14739167638185255
it no: 494 f_tot= 87197704.53403836 f_lik= 1970.6470831357865 f_dc (1e6)= 87.19573388695522 |g_lik|= 10642.241488062647 |g_dc|= 1.6848655709336893
f_dc (1e6): 87.18886065506604  perc: 1.902854915540065
NMSE:  0.14753651353267752
it no: 496 f_tot= 87190862.87245485 f_lik= 2002.2173888142904 f_dc (1e6)= 87.18886065506604 |g_lik|= 10811.902304922573 |g_dc|= 1.6797961574006786
f_dc (1e6): 87.18475370335918  perc: 1.9027652832959387
NMSE:  0.1475581057077858
it no: 498 f_tot= 87186725.77641125 f_lik= 1972.0730520811535 f_dc (1e6)= 87.18475370335918 |g_lik|= 10690.003182049066 |g_dc|= 1.6806784295008947
f_dc (1e6): 87.19011263963228  perc: 1.9028822395005813
NMSE:  0.1477116691864975
it no: 500 f_tot= 87192101.59767917 f_lik= 1988.9580469040643 f_dc (1e6)= 87.19011263963228 |g_lik|= 10917.881175187358 |g_dc|= 1.6909915483758489
f_dc (1e6): 87.19990063545299  perc: 1.9030958577979282
NMSE:  0.1478045040546787
it no: 502 f_tot= 87201874.90694296 f_lik= 1974.2714899807884 f_dc (1e6)= 87.19990063545299 |g_lik|= 10704.064899101004 |g_dc|= 1.703167407922151
f_dc (1e6): 87.19007652561875  perc: 1.9028814513296197
NMSE:  0.14779977614123163
it no: 504 f_tot= 87192080.51896538 f_lik= 2003.9933466375442 f_dc (1e6)= 87.19007652561875 |g_lik|= 10773.50390526198 |g_dc|= 1.690330608389131
f_dc (1e6): 87.19580682820803  perc: 1.9030065124253563
NMSE:  0.14804413240317932
it no: 506 f_tot= 87197793.67259005 f_lik= 1986.8443820208595 f_dc (1e6)= 87.19580682820803 |g_lik|= 10849.96134652659 |g_dc|= 1.6970237204162055
f_dc (1e6): 87.19340075360086  perc: 1.9029540010052157
NMSE:  0.14803760059505366
it no: 508 f_tot= 87195378.28344734 f_lik= 1977.5298464820498 f_dc (1e6)= 87.19340075360086 |g_lik|= 10790.29972314671 |g_dc|= 1.698927541608889
f_dc (1e6): 87.19703408818687  perc: 1.9030332967836545
NMSE:  0.1482133174155334
it no: 510 f_tot= 87199031.92174639 f_lik= 1997.8335595121837 f_dc (1e6)= 87.19703408818687 |g_lik|= 11054.849750931646 |g_dc|= 1.6996636665910634
f_dc (1e6): 87.20974651352455  perc: 1.9033107393475381
NMSE:  0.1483002431722201
it no: 512 f_tot= 87211718.00565843 f_lik= 1971.4921338835218 f_dc (1e6)= 87.20974651352455 |g_lik|= 10855.651700335327 |g_dc|= 1.7250049591384293
f_dc (1e6): 87.19811730270519  perc: 1.9030569374191126
NMSE:  0.14839118107710383
it no: 514 f_tot= 87200103.7964612 f_lik= 1986.4937560063318 f_dc (1e6)= 87.19811730270519 |g_lik|= 10699.510645937922 |g_dc|= 1.7017491831629283
f_dc (1e6): 87.18929341531957  perc: 1.9028643603242892
NMSE:  0.14835773046341932
it no: 516 f_tot= 87191282.98388799 f_lik= 1989.5685684276762 f_dc (1e6)= 87.18929341531957 |g_lik|= 10965.767395125493 |g_dc|= 1.6866108841883287
f_dc (1e6): 87.20123178124423  perc: 1.9031249094140767
NMSE:  0.1485118930752185
it no: 518 f_tot= 87203199.30517226 f_lik= 1967.5239280246553 f_dc (1e6)= 87.20123178124423 |g_lik|= 10937.482357067942 |g_dc|= 1.709242894580975
f_dc (1e6): 87.20108650107456  perc: 1.903121738744304
NMSE:  0.14860369137748625
it no: 520 f_tot= 87203068.31864227 f_lik= 1981.8175677181425 f_dc (1e6)= 87.20108650107456 |g_lik|= 10606.427386620062 |g_dc|= 1.7059223669799748
f_dc (1e6): 87.17955920871874  perc: 1.9026519159507753
NMSE:  0.1486766044857957
it no: 522 f_tot= 87181531.51537853 f_lik= 1972.3066597820464 f_dc (1e6)= 87.17955920871874 |g_lik|= 10912.790605744607 |g_dc|= 1.664795223889354
f_dc (1e6): 87.20203832728672  perc: 1.903142511893224
NMSE:  0.14878816167074518
it no: 524 f_tot= 87204004.5304492 f_lik= 1966.2031624821254 f_dc (1e6)= 87.20203832728672 |g_lik|= 10825.133247517799 |g_dc|= 1.710875820467858
f_dc (1e6): 87.19275809471628  perc: 1.9029399752844032
NMSE:  0.1488679143944285
it no: 526 f_tot= 87194748.86555046 f_lik= 1990.770834173475 f_dc (1e6)= 87.19275809471628 |g_lik|= 10987.213833841972 |g_dc|= 1.695650832218677
f_dc (1e6): 87.19804437444472  perc: 1.903055345794932
NMSE:  0.148970480571573
it no: 528 f_tot= 87200020.06195693 f_lik= 1975.6875122033982 f_dc (1e6)= 87.19804437444472 |g_lik|= 10601.097254093222 |g_dc|= 1.708318482545228
f_dc (1e6): 87.19162354987613  perc: 1.9029152143893784
NMSE:  0.14901686684504467
it no: 530 f_tot= 87193610.29044789 f_lik= 1986.7405717722575 f_dc (1e6)= 87.19162354987613 |g_lik|= 10834.439602382176 |g_dc|= 1.686834594462756
f_dc (1e6): 87.18944250505136  perc: 1.9028676141359218
NMSE:  0.14911929411049835
it no: 532 f_tot= 87191418.45315264 f_lik= 1975.9481012834822 f_dc (1e6)= 87.18944250505136 |g_lik|= 10886.3483268101 |g_dc|= 1.6873190123678103
f_dc (1e6): 87.1978239174894  perc: 1.9030505344279984
NMSE:  0.14918498315127904
it no: 534 f_tot= 87199801.19378023 f_lik= 1977.27629082816 f_dc (1e6)= 87.1978239174894 |g_lik|= 10785.1777038284 |g_dc|= 1.7049766153682253
f_dc (1e6): 87.1843131008964  perc: 1.9027556673592723
NMSE:  0.1493218719159482
it no: 536 f_tot= 87186296.16854155 f_lik= 1983.0676451406025 f_dc (1e6)= 87.1843131008964 |g_lik|= 10721.35820354993 |g_dc|= 1.6791291903973362
f_dc (1e6): 87.18656441539198  perc: 1.9028048012144707
NMSE:  0.1494291341925316
it no: 538 f_tot= 87188535.5016726 f_lik= 1971.0862806120374 f_dc (1e6)= 87.18656441539198 |g_lik|= 10719.530816160028 |g_dc|= 1.6855822092796704
f_dc (1e6): 87.18534978162435  perc: 1.9027782924171548
NMSE:  0.14945342904819336
it no: 540 f_tot= 87187331.33446616 f_lik= 1981.5528418095907 f_dc (1e6)= 87.18534978162435 |g_lik|= 10626.92129731561 |g_dc|= 1.6836835331369358
f_dc (1e6): 87.18025850502775  perc: 1.902667177756114
NMSE:  0.14961832248145468
it no: 542 f_tot= 87182226.69934538 f_lik= 1968.1943176215036 f_dc (1e6)= 87.18025850502775 |g_lik|= 10815.775827745092 |g_dc|= 1.672083996961834
f_dc (1e6): 87.18625044778103  perc: 1.90279794902249
NMSE:  0.1497215922245777
it no: 544 f_tot= 87188226.64058286 f_lik= 1976.192801817031 f_dc (1e6)= 87.18625044778103 |g_lik|= 10525.324983347544 |g_dc|= 1.6905473231712118
f_dc (1e6): 87.17493153187307  perc: 1.9025509191311456
NMSE:  0.14975213284593547
it no: 546 f_tot= 87176906.53242764 f_lik= 1975.0005545588901 f_dc (1e6)= 87.17493153187307 |g_lik|= 11000.480560438493 |g_dc|= 1.6666168662861074
f_dc (1e6): 87.19443777531578  perc: 1.902976633504975
NMSE:  0.14997187594165418
it no: 548 f_tot= 87196402.71748872 f_lik= 1964.9421729460216 f_dc (1e6)= 87.19443777531578 |g_lik|= 10685.294423887884 |g_dc|= 1.7000524032564126
f_dc (1e6): 87.18102943413683  perc: 1.9026840029128338
NMSE:  0.14990627663202027
it no: 550 f_tot= 87183016.79486062 f_lik= 1987.3607237752278 f_dc (1e6)= 87.18102943413683 |g_lik|= 10806.429695918097 |g_dc|= 1.6773385552757143
f_dc (1e6): 87.18195326268216  perc: 1.9027041650261516
NMSE:  0.1501055402442161
it no: 552 f_tot= 87183920.9241612 f_lik= 1967.6614790344238 f_dc (1e6)= 87.18195326268216 |g_lik|= 11007.554885383208 |g_dc|= 1.6832752346676485
f_dc (1e6): 87.18958554674927  perc: 1.9028707359521255
NMSE:  0.15020124374552174
it no: 554 f_tot= 87191557.23410928 f_lik= 1971.68736001378 f_dc (1e6)= 87.18958554674927 |g_lik|= 10921.707462860932 |g_dc|= 1.6969988325733067
f_dc (1e6): 87.18612631827952  perc: 1.9027952399558687
NMSE:  0.15026308829613577
it no: 556 f_tot= 87188119.68953119 f_lik= 1993.3712516712008 f_dc (1e6)= 87.18612631827952 |g_lik|= 10851.9193770929 |g_dc|= 1.6886233079076705
f_dc (1e6): 87.18521077432912  perc: 1.9027752586498474
NMSE:  0.15037610723131903
it no: 558 f_tot= 87187161.47359297 f_lik= 1950.6992638397217 f_dc (1e6)= 87.18521077432912 |g_lik|= 10695.258723346727 |g_dc|= 1.683236441738837
f_dc (1e6): 87.17468743104823  perc: 1.9025455917481409
NMSE:  0.15045771445903466
it no: 560 f_tot= 87176678.75325967 f_lik= 1991.3222114417667 f_dc (1e6)= 87.17468743104823 |g_lik|= 10524.423095966458 |g_dc|= 1.672439831573442
f_dc (1e6): 87.169519404985  perc: 1.902432802066934
NMSE:  0.15051448386954328
it no: 562 f_tot= 87171504.6022974 f_lik= 1985.197312405904 f_dc (1e6)= 87.169519404985 |g_lik|= 10623.893716057966 |g_dc|= 1.65266316211517
f_dc (1e6): 87.17238280337163  perc: 1.9024952943584292
NMSE:  0.1506450971244247
it no: 564 f_tot= 87174382.90648925 f_lik= 2000.1031176103863 f_dc (1e6)= 87.17238280337163 |g_lik|= 10879.929375992117 |g_dc|= 1.663017909487544
f_dc (1e6): 87.17779526190981  perc: 1.9026134186607442
NMSE:  0.15072497613532704
it no: 566 f_tot= 87179798.32542257 f_lik= 2003.0635127548944 f_dc (1e6)= 87.17779526190981 |g_lik|= 10437.59264076808 |g_dc|= 1.6844644403817424
f_dc (1e6): 87.15856206338681  perc: 1.9021936633608576
NMSE:  0.15085493084130563
it no: 568 f_tot= 87160543.1691114 f_lik= 1981.1057245872134 f_dc (1e6)= 87.15856206338681 |g_lik|= 10986.79176636429 |g_dc|= 1.6417666703405338
f_dc (1e6): 87.18480204407368  perc: 1.902766338308764
NMSE:  0.1509860141480626
it no: 570 f_tot= 87186770.18438762 f_lik= 1968.140313953218 f_dc (1e6)= 87.18480204407368 |g_lik|= 10687.775456929554 |g_dc|= 1.6925596428265843
f_dc (1e6): 87.17485371739063  perc: 1.902549220867522
NMSE:  0.15103559482473933
it no: 572 f_tot= 87176811.57877296 f_lik= 1957.8613823336648 f_dc (1e6)= 87.17485371739063 |g_lik|= 10876.918675538052 |g_dc|= 1.6746780433962756
f_dc (1e6): 87.17344926320382  perc: 1.9025185693309272
NMSE:  0.15124181183417654
it no: 574 f_tot= 87175440.24542853 f_lik= 1990.9822247169132 f_dc (1e6)= 87.17344926320382 |g_lik|= 10478.023765113698 |g_dc|= 1.667052980047414
f_dc (1e6): 87.16622565278288  perc: 1.902360917510567
NMSE:  0.15124250750933818
it no: 576 f_tot= 87168202.22667898 f_lik= 1976.5738960938227 f_dc (1e6)= 87.16622565278288 |g_lik|= 10672.822124710969 |g_dc|= 1.6492511952541695
f_dc (1e6): 87.16576846716137  perc: 1.9023509396544431
NMSE:  0.15140779967316467
it no: 578 f_tot= 87167724.83602999 f_lik= 1956.3688686234611 f_dc (1e6)= 87.16576846716137 |g_lik|= 10667.035155268679 |g_dc|= 1.657188068290024
f_dc (1e6): 87.16635664293143  perc: 1.9023637763075067
NMSE:  0.15142660394513952
it no: 580 f_tot= 87168317.33590649 f_lik= 1960.692975060599 f_dc (1e6)= 87.16635664293143 |g_lik|= 10661.698645194072 |g_dc|= 1.656980522471283
f_dc (1e6): 87.16621395039624  perc: 1.9023606621116111
NMSE:  0.1515918900897762
it no: 582 f_tot= 87168173.00777562 f_lik= 1959.0573793738229 f_dc (1e6)= 87.16621395039624 |g_lik|= 10763.243711864985 |g_dc|= 1.6560358578578656
f_dc (1e6): 87.18000335266258  perc: 1.9026616091785615
NMSE:  0.1517346876956668
it no: 584 f_tot= 87181956.76317427 f_lik= 1953.41051168561 f_dc (1e6)= 87.18000335266258 |g_lik|= 10665.433969897716 |g_dc|= 1.683453372746603
f_dc (1e6): 87.17378185558105  perc: 1.9025258279994675
NMSE:  0.15180587289275616
it no: 586 f_tot= 87175729.76095492 f_lik= 1947.9053738548641 f_dc (1e6)= 87.17378185558105 |g_lik|= 10977.543856440663 |g_dc|= 1.6630963346425627
f_dc (1e6): 87.17803836633648  perc: 1.9026187242978383
NMSE:  0.15192325913292318
it no: 588 f_tot= 87179991.44307011 f_lik= 1953.076733632769 f_dc (1e6)= 87.17803836633648 |g_lik|= 10522.618094040685 |g_dc|= 1.6859017769790778
f_dc (1e6): 87.16348277130972  perc: 1.902301055442698
NMSE:  0.15197511662384006
it no: 590 f_tot= 87165461.89717937 f_lik= 1979.1258696492514 f_dc (1e6)= 87.16348277130972 |g_lik|= 10507.562230245432 |g_dc|= 1.651611188967495
f_dc (1e6): 87.15703861769163  perc: 1.9021604148918685
NMSE:  0.1520891239563691
it no: 592 f_tot= 87159028.46731254 f_lik= 1989.8496209199088 f_dc (1e6)= 87.15703861769163 |g_lik|= 10881.05514657305 |g_dc|= 1.6328459583223023
f_dc (1e6): 87.17616400685104  perc: 1.9025778173042889
NMSE:  0.15218029250604342
it no: 594 f_tot= 87178134.70884062 f_lik= 1970.701989597139 f_dc (1e6)= 87.17616400685104 |g_lik|= 10464.998784095053 |g_dc|= 1.6820996238032149
f_dc (1e6): 87.16062992412134  perc: 1.9022387934260263
NMSE:  0.1523358528157722
it no: 596 f_tot= 87162588.32781835 f_lik= 1958.4036970121804 f_dc (1e6)= 87.16062992412134 |g_lik|= 10909.52085429254 |g_dc|= 1.6514979782798893
f_dc (1e6): 87.16998930157999  perc: 1.9024430573339357
NMSE:  0.152434673917051
it no: 598 f_tot= 87171992.61209719 f_lik= 2003.3105172002884 f_dc (1e6)= 87.16998930157999 |g_lik|= 10764.16455911903 |g_dc|= 1.663733929906319
f_dc (1e6): 87.17511444786243  perc: 1.902554911184567
NMSE:  0.1525491975995597
('<<RECONSTRUCTION DONE>>', '     Subject: ', 'file_brain_AXFLAIR_200_6002462.h5', '     NMSE = ', 1.0, '      RMS = ', 0.4802239692764242, '     SSIM = ', 0.02196435917163059)
