('Under sample factor: ', 4)
FLAIR20201020-125121/jonatank_lat60_ns50_ps28_modalityFLAIR_step100000.ckpt
Read from existing sensmap pattern file
Creating new undersampling file
xxxxxxxxxxxxxxxxxxx contRec is 
xxxxxxxxxxxxxxxxxxx parfact is 25
---- Defining VAE
>>> lat_dim value: 60
>>> mode is: MRIunproc
2020-10-27 14:15:12.116738: I tensorflow/core/platform/cpu_feature_guard.cc:141] Your CPU supports instructions that this TensorFlow binary was not compiled to use: AVX2 FMA
2020-10-27 14:15:12.320168: I tensorflow/core/common_runtime/gpu/gpu_device.cc:1432] Found device 0 with properties: 
name: GeForce GTX TITAN X major: 5 minor: 2 memoryClockRate(GHz): 1.076
pciBusID: 0000:83:00.0
totalMemory: 11.93GiB freeMemory: 11.82GiB
2020-10-27 14:15:12.320232: I tensorflow/core/common_runtime/gpu/gpu_device.cc:1511] Adding visible gpu devices: 0
2020-10-27 14:15:37.376120: I tensorflow/core/common_runtime/gpu/gpu_device.cc:982] Device interconnect StreamExecutor with strength 1 edge matrix:
2020-10-27 14:15:37.381317: I tensorflow/core/common_runtime/gpu/gpu_device.cc:988]      0 
2020-10-27 14:15:37.381342: I tensorflow/core/common_runtime/gpu/gpu_device.cc:1001] 0:   N 
2020-10-27 14:15:37.381578: I tensorflow/core/common_runtime/gpu/gpu_device.cc:1115] Created TensorFlow device (/job:localhost/replica:0/task:0/device:GPU:0 with 11436 MB memory) -> physical GPU (device: 0, name: GeForce GTX TITAN X, pci bus id: 0000:83:00.0, compute capability: 5.2)
Initialized parameters
KCT-info: loaded the new model, trained fastmri
KCT-INFO: the gradients: 
Tensor("gradients_2/AddN_3:0", shape=(1250, 784), dtype=float32)
Tensor("gradients_3/Reshape_2_grad/Reshape:0", shape=(1250, 784), dtype=float32)
Tensor("gradients_4/Reshape_2_grad/Reshape:0", shape=(1250, 784), dtype=float32)
_____DIRECT APPROX_____
KCT-INFO: there will be in total 1035 patches.
contRec is 
it no: 0 f_tot= 120107682.10086928 f_lik= 2194.5347314789183 f_dc (1e6)= 120.10548756613781 |g_lik|= 16121.843581830555 |g_dc|= 13.189990624047828
f_dc (1e6): 107.70625742452417  perc: 2.305887188996957
NMSE:  0.15571911020212076
it no: 2 f_tot= 107708382.0770704 f_lik= 2124.6525462195987 f_dc (1e6)= 107.70625742452417 |g_lik|= 10083.893259884147 |g_dc|= 7.273917181119543
f_dc (1e6): 103.77008961018342  perc: 2.2216176288630822
NMSE:  0.15046129382899284
it no: 4 f_tot= 103772227.79886518 f_lik= 2138.1886817714144 f_dc (1e6)= 103.77008961018342 |g_lik|= 10439.216874925478 |g_dc|= 4.734949931020216
f_dc (1e6): 102.33644327481099  perc: 2.1909246422406077
NMSE:  0.14798631321874156
it no: 6 f_tot= 102338582.70021068 f_lik= 2139.425399689447 f_dc (1e6)= 102.33644327481099 |g_lik|= 10738.465496183782 |g_dc|= 3.6662140547022113
f_dc (1e6): 101.63040382029186  perc: 2.1758090178374214
NMSE:  0.14648334678548022
it no: 8 f_tot= 101632537.63701545 f_lik= 2133.816723589216 f_dc (1e6)= 101.63040382029186 |g_lik|= 10955.064293245385 |g_dc|= 3.122094266657196
f_dc (1e6): 101.24667295483702  perc: 2.167593709759382
NMSE:  0.14555435442740633
it no: 10 f_tot= 101248799.76877977 f_lik= 2126.8139427457536 f_dc (1e6)= 101.24667295483702 |g_lik|= 11210.734531757766 |g_dc|= 2.840272592529423
f_dc (1e6): 100.99824775387084  perc: 2.1622751655816375
NMSE:  0.1448183251915478
it no: 12 f_tot= 101000402.5176048 f_lik= 2154.763733960106 f_dc (1e6)= 100.99824775387084 |g_lik|= 11175.267980062512 |g_dc|= 2.674831628507064
f_dc (1e6): 100.81412959909876  perc: 2.158333373298601
NMSE:  0.14420607150644948
it no: 14 f_tot= 100816272.90608938 f_lik= 2143.306990625291 f_dc (1e6)= 100.81412959909876 |g_lik|= 11338.325400446765 |g_dc|= 2.5537715279693427
f_dc (1e6): 100.69983281736755  perc: 2.155886389334626
NMSE:  0.1438920634368172
it no: 16 f_tot= 100701973.70676462 f_lik= 2140.8893970743816 f_dc (1e6)= 100.69983281736755 |g_lik|= 11449.477243588668 |g_dc|= 2.4825347860604627
f_dc (1e6): 100.59923253795753  perc: 2.1537326342878162
NMSE:  0.1433805200570384
it no: 18 f_tot= 100601365.31087667 f_lik= 2132.7729191335043 f_dc (1e6)= 100.59923253795753 |g_lik|= 10925.400613918298 |g_dc|= 2.4276070781462487
f_dc (1e6): 100.48508045950466  perc: 2.1512887482815986
NMSE:  0.14309894815193142
it no: 20 f_tot= 100487213.888419 f_lik= 2133.4289143371584 f_dc (1e6)= 100.48508045950466 |g_lik|= 11212.571245547733 |g_dc|= 2.335463587481825
f_dc (1e6): 100.43197138738905  perc: 2.1501517342218843
NMSE:  0.14295604268879514
it no: 22 f_tot= 100434114.1249046 f_lik= 2142.737515556699 f_dc (1e6)= 100.43197138738905 |g_lik|= 11148.102354315492 |g_dc|= 2.3202404438513833
f_dc (1e6): 100.37811879731964  perc: 2.1489988021592104
NMSE:  0.14259300076310627
it no: 24 f_tot= 100380234.73847169 f_lik= 2115.9411520331246 f_dc (1e6)= 100.37811879731964 |g_lik|= 10803.49106601238 |g_dc|= 2.288810833246679
f_dc (1e6): 100.31635767979733  perc: 2.1476765561441855
NMSE:  0.14243535907952035
it no: 26 f_tot= 100318490.46524619 f_lik= 2132.7854488481794 f_dc (1e6)= 100.31635767979733 |g_lik|= 10899.188783325917 |g_dc|= 2.237497194201095
f_dc (1e6): 100.27601981515923  perc: 2.1468129613306184
NMSE:  0.14229570696838556
it no: 28 f_tot= 100278164.77887347 f_lik= 2144.9637142481124 f_dc (1e6)= 100.27601981515923 |g_lik|= 10811.15752111329 |g_dc|= 2.2259750670357694
f_dc (1e6): 100.23866684016679  perc: 2.146013270128217
NMSE:  0.14210985925313535
it no: 30 f_tot= 100240771.97019652 f_lik= 2105.1300297164917 f_dc (1e6)= 100.23866684016679 |g_lik|= 10508.004482912227 |g_dc|= 2.199994543048435
f_dc (1e6): 100.20033611637095  perc: 2.1451926462660635
NMSE:  0.14202430011028355
it no: 32 f_tot= 100202482.86901885 f_lik= 2146.7526479085286 f_dc (1e6)= 100.20033611637095 |g_lik|= 10701.03132584311 |g_dc|= 2.1677382640751297
f_dc (1e6): 100.17059711251767  perc: 2.1445559628491613
NMSE:  0.1418842961103467
it no: 34 f_tot= 100172720.12669857 f_lik= 2123.014180893671 f_dc (1e6)= 100.17059711251767 |g_lik|= 10606.608823358163 |g_dc|= 2.15094855344604
f_dc (1e6): 100.14967579750082  perc: 2.144108057653791
NMSE:  0.14176426105402695
it no: 36 f_tot= 100151824.07945196 f_lik= 2148.2819511486236 f_dc (1e6)= 100.14967579750082 |g_lik|= 10398.238918960093 |g_dc|= 2.1483541144366525
f_dc (1e6): 100.11626040627748  perc: 2.1433926663257505
NMSE:  0.14172052861872994
it no: 38 f_tot= 100118401.60222355 f_lik= 2141.195946063087 f_dc (1e6)= 100.11626040627748 |g_lik|= 10269.694441040767 |g_dc|= 2.111552055445306
f_dc (1e6): 100.08627654042088  perc: 2.1427507406492987
NMSE:  0.14162655810045352
it no: 40 f_tot= 100088408.81639732 f_lik= 2132.275976433527 f_dc (1e6)= 100.08627654042088 |g_lik|= 10511.729998396691 |g_dc|= 2.088796540772795
f_dc (1e6): 100.07940948761232  perc: 2.14260372366555
NMSE:  0.14156710564536962
it no: 42 f_tot= 100081547.15354052 f_lik= 2137.6659282030378 f_dc (1e6)= 100.07940948761232 |g_lik|= 10218.4623884394 |g_dc|= 2.098025922061824
f_dc (1e6): 100.05029576053488  perc: 2.1419804268219207
NMSE:  0.14155523177198231
it no: 44 f_tot= 100052428.70928834 f_lik= 2132.948753455026 f_dc (1e6)= 100.05029576053488 |g_lik|= 10352.909274245714 |g_dc|= 2.0692094488447266
f_dc (1e6): 100.048947275331  perc: 2.1419515570530647
NMSE:  0.14150639520602576
it no: 46 f_tot= 100051094.06719646 f_lik= 2146.791865450541 f_dc (1e6)= 100.048947275331 |g_lik|= 10590.142169952642 |g_dc|= 2.0807257084690503
f_dc (1e6): 100.04647857874136  perc: 2.1418987046378413
NMSE:  0.141473855964076
it no: 48 f_tot= 100048625.6769586 f_lik= 2147.098217246646 f_dc (1e6)= 100.04647857874136 |g_lik|= 10086.74253115306 |g_dc|= 2.0847457044686113
f_dc (1e6): 100.01314840143775  perc: 2.141185137657712
NMSE:  0.1414050506383953
it no: 50 f_tot= 100015268.3609061 f_lik= 2119.959468347459 f_dc (1e6)= 100.01314840143775 |g_lik|= 10043.69000789172 |g_dc|= 2.0456095504786247
f_dc (1e6): 99.99645095676368  perc: 2.1408276614563886
NMSE:  0.14142984565629707
it no: 52 f_tot= 99998582.6094155 f_lik= 2131.652651817685 f_dc (1e6)= 99.99645095676368 |g_lik|= 10405.517981604316 |g_dc|= 2.0356380546487998
f_dc (1e6): 100.00172538444905  perc: 2.1409405818708547
NMSE:  0.14143241004351612
it no: 54 f_tot= 100003858.97069116 f_lik= 2133.586242105166 f_dc (1e6)= 100.00172538444905 |g_lik|= 10217.292089890434 |g_dc|= 2.0523394029811493
f_dc (1e6): 99.98152069286846  perc: 2.1405080188927386
NMSE:  0.1413342818288255
it no: 56 f_tot= 99983629.95118618 f_lik= 2109.258317725772 f_dc (1e6)= 99.98152069286846 |g_lik|= 10036.357934529768 |g_dc|= 2.0350698615496015
f_dc (1e6): 99.96693277626892  perc: 2.1401957056548135
NMSE:  0.141393423922124
it no: 58 f_tot= 99969069.1391854 f_lik= 2136.3629164854688 f_dc (1e6)= 99.96693277626892 |g_lik|= 10065.373932362547 |g_dc|= 2.018714949019258
f_dc (1e6): 99.96022469993711  perc: 2.140052092204247
NMSE:  0.14136701057207787
it no: 60 f_tot= 99962387.0776743 f_lik= 2162.377737181527 f_dc (1e6)= 99.96022469993711 |g_lik|= 10453.754691986353 |g_dc|= 2.0111584629467854
f_dc (1e6): 99.97633648233574  perc: 2.14039702994058
NMSE:  0.14136353936569604
it no: 62 f_tot= 99978459.55129752 f_lik= 2123.0689617720104 f_dc (1e6)= 99.97633648233574 |g_lik|= 9925.551452317339 |g_dc|= 2.0442844112691922
f_dc (1e6): 99.9388925819472  perc: 2.139595392113061
NMSE:  0.14138380212374566
it no: 64 f_tot= 99941013.97557649 f_lik= 2121.3936292829967 f_dc (1e6)= 99.9388925819472 |g_lik|= 10245.485263244502 |g_dc|= 1.9934374144802507
f_dc (1e6): 99.94661688308788  perc: 2.139760761957582
NMSE:  0.14141790561378134
it no: 66 f_tot= 99948764.09926327 f_lik= 2147.216175376347 f_dc (1e6)= 99.94661688308788 |g_lik|= 10043.022667200412 |g_dc|= 2.0173693896525564
f_dc (1e6): 99.93165749086079  perc: 2.1394404957844135
NMSE:  0.14138104077104494
it no: 68 f_tot= 99933794.21660028 f_lik= 2136.7257394917806 f_dc (1e6)= 99.93165749086079 |g_lik|= 9998.710246906783 |g_dc|= 1.9996090466279766
f_dc (1e6): 99.92167632209873  perc: 2.139226808578768
NMSE:  0.14145420532199432
it no: 70 f_tot= 99923841.11625521 f_lik= 2164.7941564723424 f_dc (1e6)= 99.92167632209873 |g_lik|= 9853.668341389182 |g_dc|= 1.9882371526853644
f_dc (1e6): 99.90917010948722  perc: 2.13895906261736
NMSE:  0.1413650892407078
it no: 72 f_tot= 99911286.44214788 f_lik= 2116.33266066415 f_dc (1e6)= 99.90917010948722 |g_lik|= 10176.865021273892 |g_dc|= 1.9790776693839027
f_dc (1e6): 99.91562628941934  perc: 2.139097283208729
NMSE:  0.1414949915971606
it no: 74 f_tot= 99917743.44465518 f_lik= 2117.155235839571 f_dc (1e6)= 99.91562628941934 |g_lik|= 10117.251990150105 |g_dc|= 1.9967302166548424
f_dc (1e6): 99.9150550578476  perc: 2.1390850536911987
NMSE:  0.14138467075385847
it no: 76 f_tot= 99917162.9401849 f_lik= 2107.882337315877 f_dc (1e6)= 99.9150550578476 |g_lik|= 9916.70629368368 |g_dc|= 1.9936595784097806
f_dc (1e6): 99.89842668770413  perc: 2.138729056309017
NMSE:  0.1414954523523028
it no: 78 f_tot= 99900570.7368257 f_lik= 2144.049121569679 f_dc (1e6)= 99.89842668770413 |g_lik|= 9924.830960268573 |g_dc|= 1.9695802445176154
f_dc (1e6): 99.9038656014242  perc: 2.138845498210993
NMSE:  0.141526321141941
it no: 80 f_tot= 99906005.05545487 f_lik= 2139.45403066567 f_dc (1e6)= 99.9038656014242 |g_lik|= 10100.783825620185 |g_dc|= 1.985027286990826
f_dc (1e6): 99.89888166287622  perc: 2.1387387968890517
NMSE:  0.14151010727573668
it no: 82 f_tot= 99901016.4592222 f_lik= 2134.7963459814164 f_dc (1e6)= 99.89888166287622 |g_lik|= 9991.722767752659 |g_dc|= 1.9794172072438772
f_dc (1e6): 99.88586297655064  perc: 2.1384600793592297
NMSE:  0.14149072029512874
it no: 84 f_tot= 99887989.11232488 f_lik= 2126.1357742454893 f_dc (1e6)= 99.88586297655064 |g_lik|= 9865.98963626726 |g_dc|= 1.9671054995878785
f_dc (1e6): 99.87866922003953  perc: 2.138306067964011
NMSE:  0.14151113518420083
it no: 86 f_tot= 99880820.12403835 f_lik= 2150.903998817262 f_dc (1e6)= 99.87866922003953 |g_lik|= 9888.118095690783 |g_dc|= 1.9610493036925325
f_dc (1e6): 99.88200044856967  perc: 2.138377386356971
NMSE:  0.14158174119893446
it no: 88 f_tot= 99884143.58594929 f_lik= 2143.1373796090625 f_dc (1e6)= 99.88200044856967 |g_lik|= 10306.41619280883 |g_dc|= 1.966769749715505
f_dc (1e6): 99.89979324276156  perc: 2.138758312936026
NMSE:  0.14155165320410784
it no: 90 f_tot= 99901900.92482258 f_lik= 2107.6820610228037 f_dc (1e6)= 99.89979324276156 |g_lik|= 9785.035810878371 |g_dc|= 1.9990864115216866
f_dc (1e6): 99.87779031941325  perc: 2.138287251548484
NMSE:  0.14160940660546484
it no: 92 f_tot= 99879904.65152378 f_lik= 2114.33211054257 f_dc (1e6)= 99.87779031941325 |g_lik|= 9956.821059732145 |g_dc|= 1.9568346397002052
f_dc (1e6): 99.87469425903039  perc: 2.138220967878956
NMSE:  0.14163957573218502
it no: 94 f_tot= 99876815.59827933 f_lik= 2121.339248940604 f_dc (1e6)= 99.87469425903039 |g_lik|= 9915.246468426116 |g_dc|= 1.9624596039877138
f_dc (1e6): 99.8722579003206  perc: 2.1381688077865806
NMSE:  0.14169625304135589
it no: 96 f_tot= 99874387.43710561 f_lik= 2129.536785002209 f_dc (1e6)= 99.8722579003206 |g_lik|= 9858.97095679092 |g_dc|= 1.964113912386301
f_dc (1e6): 99.8592164204956  perc: 2.137889602269899
NMSE:  0.14167215356614263
it no: 98 f_tot= 99861324.31404568 f_lik= 2107.893550080799 f_dc (1e6)= 99.8592164204956 |g_lik|= 9888.854323409048 |g_dc|= 1.9460428721568168
f_dc (1e6): 99.86384154137855  perc: 2.1379886216513775
NMSE:  0.141693756260162
it no: 100 f_tot= 99865959.014014 f_lik= 2117.4726354689824 f_dc (1e6)= 99.86384154137855 |g_lik|= 10121.68969679444 |g_dc|= 1.959547096219421
f_dc (1e6): 99.86478446078833  perc: 2.1380088086473727
NMSE:  0.1417627758329411
it no: 102 f_tot= 99866945.05117533 f_lik= 2160.5903869955882 f_dc (1e6)= 99.86478446078833 |g_lik|= 9722.66624879178 |g_dc|= 1.9674889573941463
f_dc (1e6): 99.84082327227595  perc: 2.137495822689593
NMSE:  0.14176471596065743
it no: 104 f_tot= 99842965.52890335 f_lik= 2142.25662739345 f_dc (1e6)= 99.84082327227595 |g_lik|= 10061.243569215643 |g_dc|= 1.9285194880604783
f_dc (1e6): 99.85575663155694  perc: 2.13781553152247
NMSE:  0.14182326265662923
it no: 106 f_tot= 99857886.45420408 f_lik= 2129.8226471401395 f_dc (1e6)= 99.85575663155694 |g_lik|= 9800.497382333302 |g_dc|= 1.954519045304132
f_dc (1e6): 99.84378630769076  perc: 2.1375592584227334
NMSE:  0.14180848422468934
it no: 108 f_tot= 99845904.04017738 f_lik= 2117.7324865999676 f_dc (1e6)= 99.84378630769076 |g_lik|= 10102.050538278087 |g_dc|= 1.9404026131040364
f_dc (1e6): 99.85481755798199  perc: 2.1377954268620925
NMSE:  0.1417835435407808
it no: 110 f_tot= 99856935.64921449 f_lik= 2118.0912325037093 f_dc (1e6)= 99.85481755798199 |g_lik|= 9795.169491291286 |g_dc|= 1.9569897071867786
f_dc (1e6): 99.83101699447852  perc: 2.13728587973098
NMSE:  0.14185849907562526
it no: 112 f_tot= 99833137.88443811 f_lik= 2120.8899595931316 f_dc (1e6)= 99.83101699447852 |g_lik|= 9855.496740022336 |g_dc|= 1.9238485720585012
f_dc (1e6): 99.84704341399387  perc: 2.137628989930235
NMSE:  0.14198304013220608
it no: 114 f_tot= 99849178.89226933 f_lik= 2135.478275455293 f_dc (1e6)= 99.84704341399387 |g_lik|= 10046.399251729046 |g_dc|= 1.948820336560865
f_dc (1e6): 99.84010585187872  perc: 2.1374804634101725
NMSE:  0.1419674799332154
it no: 116 f_tot= 99842214.86194101 f_lik= 2109.010062299456 f_dc (1e6)= 99.84010585187872 |g_lik|= 9927.387091078897 |g_dc|= 1.942695514572189
f_dc (1e6): 99.83670641876449  perc: 2.137407684822787
NMSE:  0.14197381339333406
it no: 118 f_tot= 99838838.01306331 f_lik= 2131.5942988259453 f_dc (1e6)= 99.83670641876449 |g_lik|= 9911.919396607367 |g_dc|= 1.938467861387207
f_dc (1e6): 99.82583505243136  perc: 2.137174939344911
NMSE:  0.14198787761004147
it no: 120 f_tot= 99827959.73045927 f_lik= 2124.6780279086884 f_dc (1e6)= 99.82583505243136 |g_lik|= 9949.867668183035 |g_dc|= 1.927758446449868
f_dc (1e6): 99.83137758906007  perc: 2.1372935997135127
NMSE:  0.14202989191526727
it no: 122 f_tot= 99833505.92950478 f_lik= 2128.3404447083244 f_dc (1e6)= 99.83137758906007 |g_lik|= 9736.677915326483 |g_dc|= 1.9375900039605072
f_dc (1e6): 99.81883013599615  perc: 2.137024970833757
NMSE:  0.14210268015927616
it no: 124 f_tot= 99820963.90323648 f_lik= 2133.7672403371903 f_dc (1e6)= 99.81883013599615 |g_lik|= 9886.970417065675 |g_dc|= 1.912979194564014
f_dc (1e6): 99.8257574212789  perc: 2.13717327733674
NMSE:  0.1421646030279726
it no: 126 f_tot= 99827887.95933376 f_lik= 2130.538054874965 f_dc (1e6)= 99.8257574212789 |g_lik|= 10199.882533990241 |g_dc|= 1.9277437371641777
f_dc (1e6): 99.84437927103868  perc: 2.137571953196651
NMSE:  0.14222233542060603
it no: 128 f_tot= 99846502.33995338 f_lik= 2123.068914702279 f_dc (1e6)= 99.84437927103868 |g_lik|= 9704.460923793074 |g_dc|= 1.960147701587742
f_dc (1e6): 99.8154283408339  perc: 2.1369521416771993
NMSE:  0.14218492894680743
it no: 130 f_tot= 99817567.19526917 f_lik= 2138.8544352613176 f_dc (1e6)= 99.8154283408339 |g_lik|= 9733.694264272674 |g_dc|= 1.9169840301197347
f_dc (1e6): 99.81157223880258  perc: 2.136869586248331
NMSE:  0.1422973428800935
it no: 132 f_tot= 99813696.45000578 f_lik= 2124.211203199114 f_dc (1e6)= 99.81157223880258 |g_lik|= 9980.769952685449 |g_dc|= 1.9055347285525215
f_dc (1e6): 99.82584758920987  perc: 2.137175207745259
NMSE:  0.14229145909984203
it no: 134 f_tot= 99827949.31130625 f_lik= 2101.7220963782356 f_dc (1e6)= 99.82584758920987 |g_lik|= 9672.908002251876 |g_dc|= 1.942672026335685
f_dc (1e6): 99.80689109321044  perc: 2.1367693674318122
NMSE:  0.1423441869941929
it no: 136 f_tot= 99809066.23837645 f_lik= 2175.1451660065422 f_dc (1e6)= 99.80689109321044 |g_lik|= 9964.997114323001 |g_dc|= 1.9095116214663652
f_dc (1e6): 99.82094446960268  perc: 2.1370702366789653
NMSE:  0.14239786456173853
it no: 138 f_tot= 99823071.76253378 f_lik= 2127.2929311152866 f_dc (1e6)= 99.82094446960268 |g_lik|= 9789.014214389952 |g_dc|= 1.930598224859585
f_dc (1e6): 99.81424824754956  perc: 2.1369268770170837
NMSE:  0.14240436584512714
it no: 140 f_tot= 99816364.10419862 f_lik= 2115.8566490536646 f_dc (1e6)= 99.81424824754956 |g_lik|= 9667.161979553635 |g_dc|= 1.91762610553879
f_dc (1e6): 99.80550333474264  perc: 2.136739656860218
NMSE:  0.1424965028698676
it no: 142 f_tot= 99807614.53539887 f_lik= 2111.2006562423708 f_dc (1e6)= 99.80550333474264 |g_lik|= 9655.78081058212 |g_dc|= 1.9112825939513647
f_dc (1e6): 99.79814085032879  perc: 2.136582033163183
NMSE:  0.14258409985929607
it no: 144 f_tot= 99800279.0164395 f_lik= 2138.1661107072377 f_dc (1e6)= 99.79814085032879 |g_lik|= 9719.45614361036 |g_dc|= 1.900613004808755
f_dc (1e6): 99.80005936348921  perc: 2.136623106681327
NMSE:  0.1425711669109565
it no: 146 f_tot= 99802181.700315 f_lik= 2122.3368257940383 f_dc (1e6)= 99.80005936348921 |g_lik|= 10034.994858576521 |g_dc|= 1.901468764704316
f_dc (1e6): 99.81212890117904  perc: 2.1368815038534277
NMSE:  0.14261400340954009
it no: 148 f_tot= 99814249.95581505 f_lik= 2121.0546360161193 f_dc (1e6)= 99.81212890117904 |g_lik|= 9464.34923479774 |g_dc|= 1.9254705848429818
f_dc (1e6): 99.79313273497452  perc: 2.136474814239115
NMSE:  0.14260133950876935
it no: 150 f_tot= 99795254.80931309 f_lik= 2122.074338565781 f_dc (1e6)= 99.79313273497452 |g_lik|= 9811.955551175917 |g_dc|= 1.8949776618136782
f_dc (1e6): 99.79554773912528  perc: 2.136526517150959
NMSE:  0.14272290901741408
it no: 152 f_tot= 99797642.27315131 f_lik= 2094.5340260314942 f_dc (1e6)= 99.79554773912528 |g_lik|= 9739.731983163174 |g_dc|= 1.8979745971639728
f_dc (1e6): 99.79202553281253  perc: 2.1364511101076933
NMSE:  0.14266541258431262
it no: 154 f_tot= 99794157.0261279 f_lik= 2131.4933153706506 f_dc (1e6)= 99.79202553281253 |g_lik|= 9569.179369336203 |g_dc|= 1.8940814113068547
f_dc (1e6): 99.7852642451429  perc: 2.1363063574536567
NMSE:  0.14281952093002037
it no: 156 f_tot= 99787397.98599425 f_lik= 2133.74085135687 f_dc (1e6)= 99.7852642451429 |g_lik|= 9731.053375748277 |g_dc|= 1.8812445949581111
f_dc (1e6): 99.79332859036873  perc: 2.136479007314385
NMSE:  0.14276776010455625
it no: 158 f_tot= 99795473.36937545 f_lik= 2144.7790067227684 f_dc (1e6)= 99.79332859036873 |g_lik|= 9692.868961225622 |g_dc|= 1.8983903135976414
f_dc (1e6): 99.78710250633974  perc: 2.1363457128545886
NMSE:  0.14280276352904842
it no: 160 f_tot= 99789232.28542683 f_lik= 2129.7790870957147 f_dc (1e6)= 99.78710250633974 |g_lik|= 9529.130138532168 |g_dc|= 1.8913202778544476
f_dc (1e6): 99.77685740520735  perc: 2.136126375111211
NMSE:  0.14282795170998955
it no: 162 f_tot= 99778991.88523948 f_lik= 2134.4800321252005 f_dc (1e6)= 99.77685740520735 |g_lik|= 9728.762678479023 |g_dc|= 1.8743705978751877
f_dc (1e6): 99.7851712058035  perc: 2.13630436557105
NMSE:  0.1429632382216315
it no: 164 f_tot= 99787278.41163069 f_lik= 2107.205827193487 f_dc (1e6)= 99.7851712058035 |g_lik|= 9808.10819225039 |g_dc|= 1.88444201036578
f_dc (1e6): 99.78951234834524  perc: 2.1363973052498766
NMSE:  0.14300285123714004
it no: 166 f_tot= 99791627.1401621 f_lik= 2114.7918168603805 f_dc (1e6)= 99.78951234834524 |g_lik|= 9648.194909952786 |g_dc|= 1.9013761554861168
f_dc (1e6): 99.78290200269535  perc: 2.1362557841190397
NMSE:  0.14307120501419124
it no: 168 f_tot= 99785003.04336576 f_lik= 2101.04067040398 f_dc (1e6)= 99.78290200269535 |g_lik|= 9775.409941144058 |g_dc|= 1.8897891240957272
f_dc (1e6): 99.78549600239633  perc: 2.1363113191531387
NMSE:  0.1430874449389833
it no: 170 f_tot= 99787617.76835519 f_lik= 2121.7659588677543 f_dc (1e6)= 99.78549600239633 |g_lik|= 9463.080505172302 |g_dc|= 1.8898033147801387
f_dc (1e6): 99.76844436037717  perc: 2.1359462599279504
NMSE:  0.14313397433457503
it no: 172 f_tot= 99770551.87128334 f_lik= 2107.51090616317 f_dc (1e6)= 99.76844436037717 |g_lik|= 9844.042720146841 |g_dc|= 1.8655445396215644
f_dc (1e6): 99.78333908882222  perc: 2.1362651417118528
NMSE:  0.14323367038588466
it no: 174 f_tot= 99785453.95934342 f_lik= 2114.870521203904 f_dc (1e6)= 99.78333908882222 |g_lik|= 9955.140153858847 |g_dc|= 1.8975055025526797
f_dc (1e6): 99.78787912622624  perc: 2.136362339538032
NMSE:  0.14328006791658293
it no: 176 f_tot= 99789975.55354497 f_lik= 2096.42731871832 f_dc (1e6)= 99.78787912622624 |g_lik|= 9614.56641855352 |g_dc|= 1.9023113775338591
f_dc (1e6): 99.78180305814494  perc: 2.136232256775125
NMSE:  0.1433246760520826
it no: 178 f_tot= 99783920.16971701 f_lik= 2117.111572071257 f_dc (1e6)= 99.78180305814494 |g_lik|= 9521.016742374186 |g_dc|= 1.8873564342113007
f_dc (1e6): 99.77306099523285  perc: 2.136045097631762
NMSE:  0.1433543094948827
it no: 180 f_tot= 99775174.9881818 f_lik= 2113.9929489462716 f_dc (1e6)= 99.77306099523285 |g_lik|= 9655.734431091689 |g_dc|= 1.8760236411010873
f_dc (1e6): 99.76982209218545  perc: 2.1359757558384254
NMSE:  0.14344972926003205
it no: 182 f_tot= 99771932.63231327 f_lik= 2110.5401278205145 f_dc (1e6)= 99.76982209218545 |g_lik|= 9968.052337889576 |g_dc|= 1.8780755029071035
f_dc (1e6): 99.78107176665657  perc: 2.136216600529009
NMSE:  0.14355631502739108
it no: 184 f_tot= 99783189.02177307 f_lik= 2117.2551165081204 f_dc (1e6)= 99.78107176665657 |g_lik|= 9609.443925033154 |g_dc|= 1.896725506811411
f_dc (1e6): 99.77546457294338  perc: 2.13609655591453
NMSE:  0.14352224858879079
it no: 186 f_tot= 99777589.37122798 f_lik= 2124.7982845996676 f_dc (1e6)= 99.77546457294338 |g_lik|= 9914.770793284782 |g_dc|= 1.8814015895873353
f_dc (1e6): 99.78361367473423  perc: 2.136271020331646
NMSE:  0.14364390872057745
it no: 188 f_tot= 99785739.68697396 f_lik= 2126.0122397440955 f_dc (1e6)= 99.78361367473423 |g_lik|= 9772.745276985974 |g_dc|= 1.8970547571743057
f_dc (1e6): 99.77185847734961  perc: 2.1360193528825913
NMSE:  0.14360247953983893
it no: 190 f_tot= 99773969.83332801 f_lik= 2111.3559783971878 f_dc (1e6)= 99.77185847734961 |g_lik|= 9597.267917566965 |g_dc|= 1.8788786583390624
f_dc (1e6): 99.76667266990209  perc: 2.1359083297420254
NMSE:  0.14374714864892324
it no: 192 f_tot= 99768764.5853207 f_lik= 2091.9154186067126 f_dc (1e6)= 99.76667266990209 |g_lik|= 9794.87195814515 |g_dc|= 1.86813541141863
f_dc (1e6): 99.77709125631083  perc: 2.1361313816380045
NMSE:  0.14374031713539984
it no: 194 f_tot= 99779196.30484562 f_lik= 2105.0485348029365 f_dc (1e6)= 99.77709125631083 |g_lik|= 9529.156142383146 |g_dc|= 1.8875744683929037
f_dc (1e6): 99.76843014360654  perc: 2.1359459555605897
NMSE:  0.14388177349334905
it no: 196 f_tot= 99770558.76818524 f_lik= 2128.624578705288 f_dc (1e6)= 99.76843014360654 |g_lik|= 9861.352118082365 |g_dc|= 1.869918209806302
f_dc (1e6): 99.7724986008767  perc: 2.136033057310503
NMSE:  0.1439164887735319
it no: 198 f_tot= 99774618.12067086 f_lik= 2119.519794157119 f_dc (1e6)= 99.7724986008767 |g_lik|= 9900.42649503497 |g_dc|= 1.8880801838389474
f_dc (1e6): 99.77639085568401  perc: 2.1361163867354693
NMSE:  0.14395746442081733
it no: 200 f_tot= 99778517.79608954 f_lik= 2126.9404055274667 f_dc (1e6)= 99.77639085568401 |g_lik|= 9565.017836833713 |g_dc|= 1.8920265373648741
f_dc (1e6): 99.75444773281153  perc: 2.1356466056184926
NMSE:  0.14397110735505572
it no: 202 f_tot= 99756550.79672244 f_lik= 2103.0639109184626 f_dc (1e6)= 99.75444773281153 |g_lik|= 9763.982984550508 |g_dc|= 1.8574147494203141
f_dc (1e6): 99.76630376888187  perc: 2.1359004319266446
NMSE:  0.14409204245909799
it no: 204 f_tot= 99768443.91812547 f_lik= 2140.1492435927616 f_dc (1e6)= 99.76630376888187 |g_lik|= 9660.129001541722 |g_dc|= 1.8774369840226668
f_dc (1e6): 99.76546946356046  perc: 2.1358825702536244
NMSE:  0.14411907630148135
it no: 206 f_tot= 99767586.87717827 f_lik= 2117.413617804391 f_dc (1e6)= 99.76546946356046 |g_lik|= 9331.539710563382 |g_dc|= 1.873702398264081
f_dc (1e6): 99.74564824226523  perc: 2.1354582170048175
NMSE:  0.14423372501524112
it no: 208 f_tot= 99747746.79845063 f_lik= 2098.5561853944687 f_dc (1e6)= 99.74564824226523 |g_lik|= 9730.812926195407 |g_dc|= 1.843425812235411
f_dc (1e6): 99.75638984400122  perc: 2.135688184347705
NMSE:  0.14424007603654432
it no: 210 f_tot= 99758501.82464077 f_lik= 2111.980639546712 f_dc (1e6)= 99.75638984400122 |g_lik|= 9536.14216962787 |g_dc|= 1.8635885379022878
f_dc (1e6): 99.74977984887659  perc: 2.135546670721276
NMSE:  0.1443067267871864
it no: 212 f_tot= 99751881.00690593 f_lik= 2101.1580293446495 f_dc (1e6)= 99.74977984887659 |g_lik|= 9870.642982957941 |g_dc|= 1.8488109297899278
f_dc (1e6): 99.76717200001735  perc: 2.135919019918654
NMSE:  0.14439450084203861
it no: 214 f_tot= 99769271.78703573 f_lik= 2099.7870183800514 f_dc (1e6)= 99.76717200001735 |g_lik|= 9642.482713348 |g_dc|= 1.878139320314415
f_dc (1e6): 99.75751628403484  perc: 2.1357123003434215
NMSE:  0.14438826698440108
it no: 216 f_tot= 99759616.64029226 f_lik= 2100.3562574270795 f_dc (1e6)= 99.75751628403484 |g_lik|= 9542.575656708816 |g_dc|= 1.8628302153755414
f_dc (1e6): 99.75345408595594  perc: 2.1356253325967622
NMSE:  0.14450281089197795
it no: 218 f_tot= 99755565.57926466 f_lik= 2111.4933087189993 f_dc (1e6)= 99.75345408595594 |g_lik|= 9696.062583032144 |g_dc|= 1.8594571322537499
f_dc (1e6): 99.75197685262764  perc: 2.1355937064546207
NMSE:  0.14458952449802315
it no: 220 f_tot= 99754105.05962236 f_lik= 2128.2069947306313 f_dc (1e6)= 99.75197685262764 |g_lik|= 9722.93426461656 |g_dc|= 1.856744981422139
f_dc (1e6): 99.75034698121405  perc: 2.1355588124781497
NMSE:  0.1445416416087754
it no: 222 f_tot= 99752466.48661618 f_lik= 2119.5054021344868 f_dc (1e6)= 99.75034698121405 |g_lik|= 9513.029777431442 |g_dc|= 1.8592864550142791
f_dc (1e6): 99.7430359651913  perc: 2.1354022906697745
NMSE:  0.14468072404298665
it no: 224 f_tot= 99745132.06980607 f_lik= 2096.104614775067 f_dc (1e6)= 99.7430359651913 |g_lik|= 9535.6549943957 |g_dc|= 1.8459926020290425
f_dc (1e6): 99.74442228619459  perc: 2.1354319704666387
NMSE:  0.14480018196988956
it no: 226 f_tot= 99746520.17704117 f_lik= 2097.8908465869085 f_dc (1e6)= 99.74442228619459 |g_lik|= 9728.038805168466 |g_dc|= 1.845140041234471
f_dc (1e6): 99.75271383959449  perc: 2.135609484635443
NMSE:  0.14479592684468282
it no: 228 f_tot= 99754818.63544552 f_lik= 2104.7958510189965 f_dc (1e6)= 99.75271383959449 |g_lik|= 9507.201587306074 |g_dc|= 1.8661127464983966
f_dc (1e6): 99.74116968537949  perc: 2.135362335417294
NMSE:  0.14485943889819003
it no: 230 f_tot= 99743307.32992223 f_lik= 2137.644542743138 f_dc (1e6)= 99.74116968537949 |g_lik|= 9655.903158035559 |g_dc|= 1.8399779520282344
f_dc (1e6): 99.74620235834286  perc: 2.13547008009611
NMSE:  0.14489575422452788
it no: 232 f_tot= 99748323.48456053 f_lik= 2121.126217671349 f_dc (1e6)= 99.74620235834286 |g_lik|= 9494.310138178778 |g_dc|= 1.8494914700451397
f_dc (1e6): 99.73704927415326  perc: 2.1352741213832434
NMSE:  0.14499432186416905
it no: 234 f_tot= 99739152.99428238 f_lik= 2103.7201291111537 f_dc (1e6)= 99.73704927415326 |g_lik|= 9523.396871203366 |g_dc|= 1.8308437558299049
f_dc (1e6): 99.73823022953538  perc: 2.1352994045000413
NMSE:  0.1450202121035289
it no: 236 f_tot= 99740339.11319591 f_lik= 2108.8836605362667 f_dc (1e6)= 99.73823022953538 |g_lik|= 9468.044960332847 |g_dc|= 1.8447556229588986
f_dc (1e6): 99.72696179290524  perc: 2.135058158129712
NMSE:  0.14509136085681154
it no: 238 f_tot= 99729076.10325181 f_lik= 2114.3103465779623 f_dc (1e6)= 99.72696179290524 |g_lik|= 9590.762055671441 |g_dc|= 1.8242093373368526
f_dc (1e6): 99.73809061812284  perc: 2.1352964155542247
NMSE:  0.14523988507729674
it no: 240 f_tot= 99740196.6652554 f_lik= 2106.047132550194 f_dc (1e6)= 99.73809061812284 |g_lik|= 9582.23378104227 |g_dc|= 1.8383439717018457
f_dc (1e6): 99.73519869741789  perc: 2.135234502318498
NMSE:  0.14526430222129963
it no: 242 f_tot= 99737309.7419798 f_lik= 2111.0445619129 f_dc (1e6)= 99.73519869741789 |g_lik|= 9562.547758076835 |g_dc|= 1.839247349410464
f_dc (1e6): 99.73039794435097  perc: 2.1351317228211943
NMSE:  0.14532521572486465
it no: 244 f_tot= 99732491.5958031 f_lik= 2093.6514521217346 f_dc (1e6)= 99.73039794435097 |g_lik|= 9681.34959161561 |g_dc|= 1.8285210925290918
f_dc (1e6): 99.74627543932709  perc: 2.1354716446895634
NMSE:  0.14540130466408221
it no: 246 f_tot= 99748374.05433312 f_lik= 2098.6150060263135 f_dc (1e6)= 99.74627543932709 |g_lik|= 9460.746989137346 |g_dc|= 1.8488981205592847
f_dc (1e6): 99.73097005557179  perc: 2.1351439711711633
NMSE:  0.145485863058005
it no: 248 f_tot= 99733084.9731416 f_lik= 2114.917569796244 f_dc (1e6)= 99.73097005557179 |g_lik|= 9669.032064318542 |g_dc|= 1.8303862751893205
f_dc (1e6): 99.74261988555158  perc: 2.1353933828056095
NMSE:  0.14551453474491563
it no: 250 f_tot= 99744740.85155131 f_lik= 2120.965999730428 f_dc (1e6)= 99.74261988555158 |g_lik|= 9500.16572409069 |g_dc|= 1.8511614383943737
f_dc (1e6): 99.73123297713583  perc: 2.135149600068506
NMSE:  0.1456370633811044
it no: 252 f_tot= 99733344.92265378 f_lik= 2111.945517942792 f_dc (1e6)= 99.73123297713583 |g_lik|= 9859.03851219198 |g_dc|= 1.8327189537905395
f_dc (1e6): 99.74352151315847  perc: 2.135412685783893
NMSE:  0.14573043954914053
it no: 254 f_tot= 99745640.83613281 f_lik= 2119.3229743358065 f_dc (1e6)= 99.74352151315847 |g_lik|= 9654.65007013864 |g_dc|= 1.854519301285201
f_dc (1e6): 99.73322872063632  perc: 2.1351923270138142
NMSE:  0.1457835105661531
it no: 256 f_tot= 99735337.97035515 f_lik= 2109.2497188349566 f_dc (1e6)= 99.73322872063632 |g_lik|= 9592.90809314171 |g_dc|= 1.837279127445839
f_dc (1e6): 99.7309919388312  perc: 2.135144439670661
NMSE:  0.14582189566323156
it no: 258 f_tot= 99733095.89270435 f_lik= 2103.9538731502353 f_dc (1e6)= 99.7309919388312 |g_lik|= 9640.840819084631 |g_dc|= 1.833984555144476
f_dc (1e6): 99.73493787939562  perc: 2.1352289184559576
NMSE:  0.1459468097841739
it no: 260 f_tot= 99737024.37876959 f_lik= 2086.4993739682154 f_dc (1e6)= 99.73493787939562 |g_lik|= 9530.358450431051 |g_dc|= 1.8443647796375495
f_dc (1e6): 99.72215890320184  perc: 2.13495533288908
NMSE:  0.14600922725224638
it no: 262 f_tot= 99724269.0994784 f_lik= 2110.1962765412104 f_dc (1e6)= 99.72215890320184 |g_lik|= 9700.479860029433 |g_dc|= 1.8197302444340082
f_dc (1e6): 99.72725709509663  perc: 2.1350644802650853
NMSE:  0.1460766923575075
it no: 264 f_tot= 99729353.73914787 f_lik= 2096.644051239377 f_dc (1e6)= 99.72725709509663 |g_lik|= 9574.31438265201 |g_dc|= 1.8330210369934707
f_dc (1e6): 99.72450468958908  perc: 2.1350055539153026
NMSE:  0.14615700386116892
it no: 266 f_tot= 99726617.07242286 f_lik= 2112.3828337760197 f_dc (1e6)= 99.72450468958908 |g_lik|= 9677.717885578615 |g_dc|= 1.8283028775470684
f_dc (1e6): 99.7264653005873  perc: 2.1350475287075894
NMSE:  0.1462235190267619
it no: 268 f_tot= 99728558.36851045 f_lik= 2093.0679231643676 f_dc (1e6)= 99.7264653005873 |g_lik|= 9500.403267075822 |g_dc|= 1.830654638072378
f_dc (1e6): 99.7156616938717  perc: 2.1348162338978343
NMSE:  0.14631882030013788
it no: 270 f_tot= 99717768.23909086 f_lik= 2106.5452191625322 f_dc (1e6)= 99.7156616938717 |g_lik|= 9558.905107850987 |g_dc|= 1.8210428812560207
f_dc (1e6): 99.72994224305016  perc: 2.135121966695444
NMSE:  0.14640830431517884
it no: 272 f_tot= 99732029.29849707 f_lik= 2087.0554469081335 f_dc (1e6)= 99.72994224305016 |g_lik|= 9732.192726874444 |g_dc|= 1.8333521213835562
f_dc (1e6): 99.73316251397326  perc: 2.1351909095929527
NMSE:  0.14649987512057508
it no: 274 f_tot= 99735247.55374704 f_lik= 2085.03977379481 f_dc (1e6)= 99.73316251397326 |g_lik|= 9339.751326667121 |g_dc|= 1.8388019434802414
f_dc (1e6): 99.70975938654986  perc: 2.134689871185357
NMSE:  0.14653456086556851
it no: 276 f_tot= 99711866.66958384 f_lik= 2107.283033984956 f_dc (1e6)= 99.70975938654986 |g_lik|= 9663.006183474401 |g_dc|= 1.8025173308903413
f_dc (1e6): 99.72280862975225  perc: 2.134969242908468
NMSE:  0.14666707932150808
it no: 278 f_tot= 99724891.50429007 f_lik= 2082.874537823995 f_dc (1e6)= 99.72280862975225 |g_lik|= 9607.716747434091 |g_dc|= 1.8218571364714888
f_dc (1e6): 99.7193184903599  perc: 2.1348945223870692
NMSE:  0.14667474494452273
it no: 280 f_tot= 99721419.50926256 f_lik= 2101.018902662368 f_dc (1e6)= 99.7193184903599 |g_lik|= 9517.686831938354 |g_dc|= 1.8211544845976264
f_dc (1e6): 99.7185434492964  perc: 2.1348779295047056
NMSE:  0.146853847818442
it no: 282 f_tot= 99720650.18298301 f_lik= 2106.733686605181 f_dc (1e6)= 99.7185434492964 |g_lik|= 9484.667344215668 |g_dc|= 1.8150541255208155
f_dc (1e6): 99.70498361001694  perc: 2.1345876264115797
NMSE:  0.14686105477931405
it no: 284 f_tot= 99707091.92371017 f_lik= 2108.3136932264056 f_dc (1e6)= 99.70498361001694 |g_lik|= 9494.69484814669 |g_dc|= 1.8018382641601622
f_dc (1e6): 99.7124586873144  perc: 2.134747660613762
NMSE:  0.14692345376494145
it no: 286 f_tot= 99714575.00084051 f_lik= 2116.3135261226835 f_dc (1e6)= 99.7124586873144 |g_lik|= 9467.678160550264 |g_dc|= 1.8115514743772978
f_dc (1e6): 99.70951066353796  perc: 2.1346845462653334
NMSE:  0.14702801309093197
it no: 288 f_tot= 99711611.21124476 f_lik= 2100.5477068140394 f_dc (1e6)= 99.70951066353796 |g_lik|= 9640.47038437641 |g_dc|= 1.8109974789576546
f_dc (1e6): 99.71456948546044  perc: 2.1347928507681684
NMSE:  0.14710133774000733
it no: 290 f_tot= 99716664.31516838 f_lik= 2094.829707939511 f_dc (1e6)= 99.71456948546044 |g_lik|= 9531.283676115258 |g_dc|= 1.815982854578689
f_dc (1e6): 99.70660415563046  perc: 2.1346223207316566
NMSE:  0.14721960040902285
it no: 292 f_tot= 99708718.44322746 f_lik= 2114.2875969968522 f_dc (1e6)= 99.70660415563046 |g_lik|= 9536.050642212926 |g_dc|= 1.811099248082319
f_dc (1e6): 99.70334972013815  perc: 2.134552646403641
NMSE:  0.14724907962916908
it no: 294 f_tot= 99705433.11638865 f_lik= 2083.396250503177 f_dc (1e6)= 99.70334972013815 |g_lik|= 9282.371684919352 |g_dc|= 1.800453972793902
f_dc (1e6): 99.6992407407627  perc: 2.1344646771145
NMSE:  0.14739977997939277
it no: 296 f_tot= 99701336.74464832 f_lik= 2096.003885610671 f_dc (1e6)= 99.6992407407627 |g_lik|= 9458.759242714177 |g_dc|= 1.786011143837051
f_dc (1e6): 99.70051786777013  perc: 2.1344920191731287
NMSE:  0.1474514005828431
it no: 298 f_tot= 99702586.0890313 f_lik= 2068.221261159806 f_dc (1e6)= 99.70051786777013 |g_lik|= 9609.61773215738 |g_dc|= 1.7923826736495059
f_dc (1e6): 99.70634687927634  perc: 2.1346168126928187
NMSE:  0.14756075853320294
it no: 300 f_tot= 99708440.42583005 f_lik= 2093.5465537116643 f_dc (1e6)= 99.70634687927634 |g_lik|= 9249.574620389865 |g_dc|= 1.8108554148712763
f_dc (1e6): 99.68318684943077  perc: 2.134120978770123
NMSE:  0.1476113951693393
it no: 302 f_tot= 99685300.89300708 f_lik= 2114.0435763132004 f_dc (1e6)= 99.68318684943077 |g_lik|= 9557.150190915123 |g_dc|= 1.7713603985723447
f_dc (1e6): 99.70494356724114  perc: 2.134586769134334
NMSE:  0.14773927333749315
it no: 304 f_tot= 99707034.3136982 f_lik= 2090.7464570617676 f_dc (1e6)= 99.70494356724114 |g_lik|= 9499.532095614124 |g_dc|= 1.806527667552542
f_dc (1e6): 99.69575290168291  perc: 2.1343900058405767
NMSE:  0.14779730428686755
it no: 306 f_tot= 99697848.87392911 f_lik= 2095.972246204558 f_dc (1e6)= 99.69575290168291 |g_lik|= 9630.960657520372 |g_dc|= 1.792284759574404
f_dc (1e6): 99.70727213865645  perc: 2.134636621604595
NMSE:  0.14798884018826639
it no: 308 f_tot= 99709381.74729504 f_lik= 2109.6086385890417 f_dc (1e6)= 99.70727213865645 |g_lik|= 9424.386675585547 |g_dc|= 1.8111116196597314
f_dc (1e6): 99.69117534333584  perc: 2.1342920047271616
NMSE:  0.1480200164155923
it no: 310 f_tot= 99693288.37737952 f_lik= 2113.034043680827 f_dc (1e6)= 99.69117534333584 |g_lik|= 9647.45931404545 |g_dc|= 1.7832735294009445
f_dc (1e6): 99.71119169155506  perc: 2.134720535455393
NMSE:  0.1481605327931421
it no: 312 f_tot= 99713282.56569378 f_lik= 2090.8741387231007 f_dc (1e6)= 99.71119169155506 |g_lik|= 9427.576734244929 |g_dc|= 1.8134527127943019
f_dc (1e6): 99.69383723934502  perc: 2.1343489933557964
NMSE:  0.1481542846001144
it no: 314 f_tot= 99695941.91418794 f_lik= 2104.6748429180325 f_dc (1e6)= 99.69383723934502 |g_lik|= 9517.722458081036 |g_dc|= 1.7880468818971829
f_dc (1e6): 99.70069802823141  perc: 2.134495876235007
NMSE:  0.14829339117266885
it no: 316 f_tot= 99702789.10289055 f_lik= 2091.074659139769 f_dc (1e6)= 99.70069802823141 |g_lik|= 9436.175454212429 |g_dc|= 1.8013152146591298
f_dc (1e6): 99.69787542047459  perc: 2.1344354469227125
NMSE:  0.148375786643177
it no: 318 f_tot= 99699993.8105263 f_lik= 2118.390051710038 f_dc (1e6)= 99.69787542047459 |g_lik|= 9597.832495705185 |g_dc|= 1.7924827386157127
f_dc (1e6): 99.70667687566825  perc: 2.1346238775975954
NMSE:  0.14845629422629603
it no: 320 f_tot= 99708793.52708158 f_lik= 2116.651413317181 f_dc (1e6)= 99.70667687566825 |g_lik|= 9369.643151523936 |g_dc|= 1.8075792824229788
f_dc (1e6): 99.69468895722683  perc: 2.1343672278149564
NMSE:  0.14851803165569968
it no: 322 f_tot= 99696788.17121165 f_lik= 2099.2139848145985 f_dc (1e6)= 99.69468895722683 |g_lik|= 9697.532471006294 |g_dc|= 1.7865607904419871
f_dc (1e6): 99.69754228887875  perc: 2.134428314896241
NMSE:  0.14866205097275362
it no: 324 f_tot= 99699678.07752803 f_lik= 2135.78864928291 f_dc (1e6)= 99.69754228887875 |g_lik|= 9397.792666784888 |g_dc|= 1.7976352626689018
f_dc (1e6): 99.68747468954271  perc: 2.134212777295288
NMSE:  0.1487199010505391
it no: 326 f_tot= 99689562.23583281 f_lik= 2087.5462901051837 f_dc (1e6)= 99.68747468954271 |g_lik|= 9388.218646720525 |g_dc|= 1.7728423882349769
f_dc (1e6): 99.68232146937396  perc: 2.1341024518169602
NMSE:  0.14883280197761242
it no: 328 f_tot= 99684417.84645313 f_lik= 2096.377079169864 f_dc (1e6)= 99.68232146937396 |g_lik|= 9446.911791168292 |g_dc|= 1.7715203639137342
f_dc (1e6): 99.68273554536368  perc: 2.1341113167849093
NMSE:  0.14892066954299724
it no: 330 f_tot= 99684812.63097449 f_lik= 2077.0856108020603 f_dc (1e6)= 99.68273554536368 |g_lik|= 9658.80508405871 |g_dc|= 1.7718863146228085
f_dc (1e6): 99.70079203871565  perc: 2.1344978889088893
NMSE:  0.14903581466461738
it no: 332 f_tot= 99702880.51179302 f_lik= 2088.4730773707797 f_dc (1e6)= 99.70079203871565 |g_lik|= 9277.639181103787 |g_dc|= 1.8087630113486002
f_dc (1e6): 99.67744665212636  perc: 2.133998086676914
NMSE:  0.1490850800694328
it no: 334 f_tot= 99679537.20950238 f_lik= 2090.5573760314214 f_dc (1e6)= 99.67744665212636 |g_lik|= 9333.589627663945 |g_dc|= 1.7655928023895948
f_dc (1e6): 99.68381744354372  perc: 2.13413447918246
NMSE:  0.14928023013269437
it no: 336 f_tot= 99685900.35788584 f_lik= 2082.914342115493 f_dc (1e6)= 99.68381744354372 |g_lik|= 9553.507811742702 |g_dc|= 1.770170517124036
f_dc (1e6): 99.69003908171798  perc: 2.13426767846079
NMSE:  0.14931196921596754
it no: 338 f_tot= 99692133.90507121 f_lik= 2094.823353225163 f_dc (1e6)= 99.69003908171798 |g_lik|= 9438.148811324745 |g_dc|= 1.7921416860696997
f_dc (1e6): 99.68044697781946  perc: 2.1340623207589813
NMSE:  0.1494777199186363
it no: 340 f_tot= 99682538.01766647 f_lik= 2091.0398470224654 f_dc (1e6)= 99.68044697781946 |g_lik|= 9704.414953391728 |g_dc|= 1.7755480187686985
f_dc (1e6): 99.6877670546269  perc: 2.134219036550026
NMSE:  0.14956008823036496
it no: 342 f_tot= 99689848.36582668 f_lik= 2081.311199784052 f_dc (1e6)= 99.6877670546269 |g_lik|= 9377.160428612657 |g_dc|= 1.785528816476026
f_dc (1e6): 99.68291670463721  perc: 2.1341151952303963
NMSE:  0.14966261128249972
it no: 344 f_tot= 99685021.01561587 f_lik= 2104.3109786533173 f_dc (1e6)= 99.68291670463721 |g_lik|= 9585.708621208418 |g_dc|= 1.7766953697467605
f_dc (1e6): 99.69025230208975  perc: 2.134272243303497
NMSE:  0.14975610240770365
it no: 346 f_tot= 99692347.66356653 f_lik= 2095.3614767837526 f_dc (1e6)= 99.69025230208975 |g_lik|= 9620.970787690085 |g_dc|= 1.7864802093564478
f_dc (1e6): 99.68763065503302  perc: 2.1342161163661517
NMSE:  0.14983308031893658
it no: 348 f_tot= 99689723.39379281 f_lik= 2092.7387597822008 f_dc (1e6)= 99.68763065503302 |g_lik|= 9495.662792418527 |g_dc|= 1.7942541254613826
f_dc (1e6): 99.686767273769  perc: 2.134197632205217
NMSE:  0.14997157922932827
it no: 350 f_tot= 99688850.03527582 f_lik= 2082.7615068290347 f_dc (1e6)= 99.686767273769 |g_lik|= 9395.828937175822 |g_dc|= 1.7759043210384797
f_dc (1e6): 99.6836682953235  perc: 2.1341312860627797
NMSE:  0.15003327152740997
it no: 352 f_tot= 99685750.33173656 f_lik= 2082.0364130655926 f_dc (1e6)= 99.6836682953235 |g_lik|= 9449.466777255013 |g_dc|= 1.782317813039698
f_dc (1e6): 99.6818179131867  perc: 2.1340916711642026
NMSE:  0.15014990391857264
it no: 354 f_tot= 99683921.3608512 f_lik= 2103.4476644970123 f_dc (1e6)= 99.6818179131867 |g_lik|= 9143.560805531733 |g_dc|= 1.7678790460364875
f_dc (1e6): 99.66489874895954  perc: 2.1337294481608895
NMSE:  0.15023342810989265
it no: 356 f_tot= 99666986.1671872 f_lik= 2087.4182276580445 f_dc (1e6)= 99.66489874895954 |g_lik|= 9491.190047915086 |g_dc|= 1.749342849470468
f_dc (1e6): 99.67327494492059  perc: 2.1339087744453686
NMSE:  0.15037672416290535
it no: 358 f_tot= 99675384.51403949 f_lik= 2109.5691188884916 f_dc (1e6)= 99.67327494492059 |g_lik|= 9370.68990657516 |g_dc|= 1.7634617484031936
f_dc (1e6): 99.67659125889833  perc: 2.133979773532133
NMSE:  0.15048022580281292
it no: 360 f_tot= 99678686.81798533 f_lik= 2095.5590869939897 f_dc (1e6)= 99.67659125889833 |g_lik|= 9383.656575040417 |g_dc|= 1.7689177674953485
f_dc (1e6): 99.67195408623854  perc: 2.133880496133725
NMSE:  0.15057916110324737
it no: 362 f_tot= 99674032.3142295 f_lik= 2078.227990961983 f_dc (1e6)= 99.67195408623854 |g_lik|= 9347.606417570774 |g_dc|= 1.7611619610957765
f_dc (1e6): 99.67101323665528  perc: 2.133860353450721
NMSE:  0.15071070880885956
it no: 364 f_tot= 99673086.28150378 f_lik= 2073.0448485042934 f_dc (1e6)= 99.67101323665528 |g_lik|= 9520.706673922012 |g_dc|= 1.7596328687379408
f_dc (1e6): 99.67536211559185  perc: 2.1339534587583064
NMSE:  0.15080419804966033
it no: 366 f_tot= 99677463.14087561 f_lik= 2101.0252837544394 f_dc (1e6)= 99.67536211559185 |g_lik|= 9313.249189750859 |g_dc|= 1.7684716726818537
f_dc (1e6): 99.67693467001516  perc: 2.133987125633244
NMSE:  0.15094013275629914
it no: 368 f_tot= 99679025.37099345 f_lik= 2090.7009782918294 f_dc (1e6)= 99.67693467001516 |g_lik|= 9262.480872390415 |g_dc|= 1.7681563729374414
f_dc (1e6): 99.66891572884056  perc: 2.1338154478295026
NMSE:  0.1510460944567905
it no: 370 f_tot= 99671020.3486655 f_lik= 2104.619824941726 f_dc (1e6)= 99.66891572884056 |g_lik|= 9405.905614267147 |g_dc|= 1.7546657226359779
f_dc (1e6): 99.6687942181391  perc: 2.1338128464024684
NMSE:  0.15108527772794492
it no: 372 f_tot= 99670884.43946448 f_lik= 2090.221325378418 f_dc (1e6)= 99.6687942181391 |g_lik|= 9403.923206305586 |g_dc|= 1.7597926284349563
f_dc (1e6): 99.67127032614204  perc: 2.1338658574889093
NMSE:  0.15127657627748134
it no: 374 f_tot= 99673363.55027412 f_lik= 2093.224132076445 f_dc (1e6)= 99.67127032614204 |g_lik|= 9514.63874234401 |g_dc|= 1.76220653401097
f_dc (1e6): 99.67728328186948  perc: 2.133994589077133
NMSE:  0.15135272166070987
it no: 376 f_tot= 99679370.4174671 f_lik= 2087.135597628639 f_dc (1e6)= 99.67728328186948 |g_lik|= 9639.8095856098 |g_dc|= 1.7697420902303092
f_dc (1e6): 99.67874439270652  perc: 2.1340258700522723
NMSE:  0.15144064389299222
it no: 378 f_tot= 99680848.53915557 f_lik= 2104.1464490545363 f_dc (1e6)= 99.67874439270652 |g_lik|= 9361.217401580474 |g_dc|= 1.7723342180991872
f_dc (1e6): 99.67343653528626  perc: 2.133912233939394
NMSE:  0.15164635205473811
it no: 380 f_tot= 99675517.23493539 f_lik= 2080.699649122329 f_dc (1e6)= 99.67343653528626 |g_lik|= 9447.94826684775 |g_dc|= 1.758634184043527
f_dc (1e6): 99.67336097095811  perc: 2.13391061617994
NMSE:  0.1516436625724304
it no: 382 f_tot= 99675446.2832769 f_lik= 2085.3123187864394 f_dc (1e6)= 99.67336097095811 |g_lik|= 9354.740737371758 |g_dc|= 1.7643473228579722
f_dc (1e6): 99.669377585317  perc: 2.1338253357316326
NMSE:  0.15176229702292043
it no: 384 f_tot= 99671463.34704809 f_lik= 2085.761731087821 f_dc (1e6)= 99.669377585317 |g_lik|= 9464.688962092056 |g_dc|= 1.7574164550858264
f_dc (1e6): 99.66972650540639  perc: 2.1338328057745377
NMSE:  0.15192262545853338
it no: 386 f_tot= 99671790.35586405 f_lik= 2063.850457652864 f_dc (1e6)= 99.66972650540639 |g_lik|= 9410.225525377762 |g_dc|= 1.7634565130255608
f_dc (1e6): 99.66741696448864  perc: 2.133783360728892
NMSE:  0.15202330582825893
it no: 388 f_tot= 99669526.73680358 f_lik= 2109.7723149299622 f_dc (1e6)= 99.66741696448864 |g_lik|= 9347.961705512384 |g_dc|= 1.7626991179161038
f_dc (1e6): 99.65802889414604  perc: 2.133582371188915
NMSE:  0.15216113575409315
it no: 390 f_tot= 99660125.41060367 f_lik= 2096.516457635789 f_dc (1e6)= 99.65802889414604 |g_lik|= 9481.66842085359 |g_dc|= 1.7412421370125215
f_dc (1e6): 99.67127031936289  perc: 2.1338658573437743
NMSE:  0.1523040355579388
it no: 392 f_tot= 99673360.16090156 f_lik= 2089.8415386672245 f_dc (1e6)= 99.67127031936289 |g_lik|= 9388.699824319276 |g_dc|= 1.7654729559914153
f_dc (1e6): 99.66727456261167  perc: 2.13378031204192
NMSE:  0.15227958464917407
it no: 394 f_tot= 99669376.93583421 f_lik= 2102.3732225472586 f_dc (1e6)= 99.66727456261167 |g_lik|= 9413.016454576145 |g_dc|= 1.753417819425998
f_dc (1e6): 99.66489864006414  perc: 2.1337294458295437
NMSE:  0.15249654289251177
it no: 396 f_tot= 99666995.68846127 f_lik= 2097.0483971412978 f_dc (1e6)= 99.66489864006414 |g_lik|= 9316.700314011941 |g_dc|= 1.7523164064468972
f_dc (1e6): 99.65898825023221  perc: 2.1336029100783134
NMSE:  0.1525152969215979
it no: 398 f_tot= 99661071.89429426 f_lik= 2083.6440620458693 f_dc (1e6)= 99.65898825023221 |g_lik|= 9480.42542226508 |g_dc|= 1.7416896350668971
f_dc (1e6): 99.66931090857925  perc: 2.133823908246925
NMSE:  0.15272938878039977
it no: 400 f_tot= 99671417.10195324 f_lik= 2106.1933739980063 f_dc (1e6)= 99.66931090857925 |g_lik|= 9203.093968706586 |g_dc|= 1.760506826794297
f_dc (1e6): 99.65662750778779  perc: 2.133552368857318
NMSE:  0.1527508336796581
it no: 402 f_tot= 99658719.30754419 f_lik= 2091.7997563970657 f_dc (1e6)= 99.65662750778779 |g_lik|= 9356.844670407127 |g_dc|= 1.7404506865069456
f_dc (1e6): 99.66432678232887  perc: 2.1337172029064564
NMSE:  0.15291252695654226
it no: 404 f_tot= 99666405.16350803 f_lik= 2078.381179159255 f_dc (1e6)= 99.66432678232887 |g_lik|= 9431.249317523205 |g_dc|= 1.751739697653391
f_dc (1e6): 99.66548616211448  perc: 2.1337420241105227
NMSE:  0.15297206548718834
it no: 406 f_tot= 99667572.81766929 f_lik= 2086.6555548132033 f_dc (1e6)= 99.66548616211448 |g_lik|= 9227.828255367396 |g_dc|= 1.7537845213647647
f_dc (1e6): 99.65277927041178  perc: 2.1334699818031417
NMSE:  0.15318252816743566
it no: 408 f_tot= 99654857.89315513 f_lik= 2078.6227433349973 f_dc (1e6)= 99.65277927041178 |g_lik|= 9334.337574320982 |g_dc|= 1.7292611590250775
f_dc (1e6): 99.65798153002733  perc: 2.133581357168772
NMSE:  0.15323349614069645
it no: 410 f_tot= 99660057.04277796 f_lik= 2075.5127506292433 f_dc (1e6)= 99.65798153002733 |g_lik|= 9263.045714025176 |g_dc|= 1.7414101169113096
f_dc (1e6): 99.65249068550784  perc: 2.1334638034784197
NMSE:  0.15343108883324252
it no: 412 f_tot= 99654572.42375156 f_lik= 2081.7382437197084 f_dc (1e6)= 99.65249068550784 |g_lik|= 9370.264620643631 |g_dc|= 1.7314125435591965
f_dc (1e6): 99.66246015718247  perc: 2.1336772402606945
NMSE:  0.15353384868120862
it no: 414 f_tot= 99664525.68700422 f_lik= 2065.5298217591785 f_dc (1e6)= 99.66246015718247 |g_lik|= 9451.245867284506 |g_dc|= 1.747659161988583
f_dc (1e6): 99.65811344195473  perc: 2.133584181276031
NMSE:  0.15370118842154418
it no: 416 f_tot= 99660194.05979913 f_lik= 2080.617844409034 f_dc (1e6)= 99.65811344195473 |g_lik|= 9441.48475275128 |g_dc|= 1.7444171404011966
f_dc (1e6): 99.65747080615945  perc: 2.1335704230628787
NMSE:  0.15373254793391264
it no: 418 f_tot= 99659582.93341565 f_lik= 2112.127256204514 f_dc (1e6)= 99.65747080615945 |g_lik|= 9420.437593790504 |g_dc|= 1.7460463810490026
f_dc (1e6): 99.65202514950363  perc: 2.133453836801146
NMSE:  0.15383176057756218
it no: 420 f_tot= 99654125.56852512 f_lik= 2100.419021490188 f_dc (1e6)= 99.65202514950363 |g_lik|= 9277.286231728267 |g_dc|= 1.7325666100975967
f_dc (1e6): 99.64586886048471  perc: 2.1333220365852625
NMSE:  0.15397945166371693
it no: 422 f_tot= 99647951.69425887 f_lik= 2082.8337741701944 f_dc (1e6)= 99.64586886048471 |g_lik|= 9305.449170883077 |g_dc|= 1.7249670231818206
f_dc (1e6): 99.64830258490484  perc: 2.1333741402800355
NMSE:  0.15409096156339586
it no: 424 f_tot= 99650377.45978743 f_lik= 2074.8748825886137 f_dc (1e6)= 99.64830258490484 |g_lik|= 9411.073595832884 |g_dc|= 1.7317457323667862
f_dc (1e6): 99.65685289492762  perc: 2.133557194178805
NMSE:  0.15428451747614683
it no: 426 f_tot= 99658931.3563225 f_lik= 2078.461394874936 f_dc (1e6)= 99.65685289492762 |g_lik|= 9471.882828665206 |g_dc|= 1.7402400947115995
f_dc (1e6): 99.6519418144277  perc: 2.133452052677469
NMSE:  0.1543271275502826
it no: 428 f_tot= 99654024.02625787 f_lik= 2082.211830175491 f_dc (1e6)= 99.6519418144277 |g_lik|= 9193.732386317488 |g_dc|= 1.7381440925471319
f_dc (1e6): 99.63880702910474  perc: 2.133170849579983
NMSE:  0.15445794966368193
it no: 430 f_tot= 99640898.14557943 f_lik= 2091.1164746847608 f_dc (1e6)= 99.63880702910474 |g_lik|= 9422.565991215715 |g_dc|= 1.712760485687217
f_dc (1e6): 99.64705719798283  perc: 2.1333474777460517
NMSE:  0.15462519372957664
it no: 432 f_tot= 99649158.06787123 f_lik= 2100.8698883938223 f_dc (1e6)= 99.64705719798283 |g_lik|= 9525.875993606216 |g_dc|= 1.7330352725943352
f_dc (1e6): 99.6533958847478  perc: 2.1334831829219247
NMSE:  0.154698992855947
it no: 434 f_tot= 99655472.95098911 f_lik= 2077.0662413170226 f_dc (1e6)= 99.6533958847478 |g_lik|= 9243.804873026598 |g_dc|= 1.7405092638027453
f_dc (1e6): 99.63911002784388  perc: 2.1331773364910274
NMSE:  0.1548921015495416
it no: 436 f_tot= 99641204.82967876 f_lik= 2094.8018348761966 f_dc (1e6)= 99.63911002784388 |g_lik|= 9436.623416688619 |g_dc|= 1.7149649668383538
f_dc (1e6): 99.65378649423498  perc: 2.133491545494666
NMSE:  0.15496714400960676
it no: 438 f_tot= 99655866.18589596 f_lik= 2079.69166098413 f_dc (1e6)= 99.65378649423498 |g_lik|= 9406.94184454668 |g_dc|= 1.74168196985534
f_dc (1e6): 99.65100781351553  perc: 2.1334320566179144
NMSE:  0.1550787126964981
it no: 440 f_tot= 99653075.73589543 f_lik= 2067.922379889715 f_dc (1e6)= 99.65100781351553 |g_lik|= 9328.65890325621 |g_dc|= 1.7336867518001648
f_dc (1e6): 99.64805372422803  perc: 2.1333688124127397
NMSE:  0.15523145130688054
it no: 442 f_tot= 99650131.61600879 f_lik= 2077.8917807460966 f_dc (1e6)= 99.64805372422803 |g_lik|= 9234.111776552962 |g_dc|= 1.7285061796295011
f_dc (1e6): 99.64015195458747  perc: 2.1331996431386386
NMSE:  0.15533497869463211
it no: 444 f_tot= 99642217.98769504 f_lik= 2066.033107572283 f_dc (1e6)= 99.64015195458747 |g_lik|= 9455.0530856628 |g_dc|= 1.717289192124245
f_dc (1e6): 99.65592607605448  perc: 2.1335373518797858
NMSE:  0.15550394663807993
it no: 446 f_tot= 99658012.63831481 f_lik= 2086.5622603243874 f_dc (1e6)= 99.65592607605448 |g_lik|= 9286.417281282022 |g_dc|= 1.7432967359818874
f_dc (1e6): 99.65019078978094  perc: 2.1334145649270155
NMSE:  0.15562477268505812
it no: 448 f_tot= 99652272.71825822 f_lik= 2081.928477281843 f_dc (1e6)= 99.65019078978094 |g_lik|= 9052.46175437791 |g_dc|= 1.7326424535567968
f_dc (1e6): 99.6410864521636  perc: 2.1332196498312905
NMSE:  0.15574261603733827
it no: 450 f_tot= 99643176.50859664 f_lik= 2090.0564330309912 f_dc (1e6)= 99.6410864521636 |g_lik|= 9533.72058796782 |g_dc|= 1.7092678165789197
f_dc (1e6): 99.65613879071563  perc: 2.133541905895716
NMSE:  0.1559061022573848
it no: 452 f_tot= 99658236.88938695 f_lik= 2098.098671315511 f_dc (1e6)= 99.65613879071563 |g_lik|= 9490.301595387587 |g_dc|= 1.744396417913058
f_dc (1e6): 99.65021902214664  perc: 2.133415169354762
NMSE:  0.15595729056219598
it no: 454 f_tot= 99652304.86804226 f_lik= 2085.845895614624 f_dc (1e6)= 99.65021902214664 |g_lik|= 9194.761084866717 |g_dc|= 1.7386265838314043
f_dc (1e6): 99.63928955195463  perc: 2.1331811799292546
NMSE:  0.15611264287171314
it no: 456 f_tot= 99641378.54855864 f_lik= 2088.996604011172 f_dc (1e6)= 99.63928955195463 |g_lik|= 9419.903527577486 |g_dc|= 1.7156788690021307
f_dc (1e6): 99.65093106639245  perc: 2.1334304135359607
NMSE:  0.15623969667411158
it no: 458 f_tot= 99653029.14624189 f_lik= 2098.0798494320825 f_dc (1e6)= 99.65093106639245 |g_lik|= 9431.787327802165 |g_dc|= 1.7310199587087762
f_dc (1e6): 99.64685180293912  perc: 2.1333430804360787
NMSE:  0.15639520568909676
it no: 460 f_tot= 99648926.30041252 f_lik= 2074.4974733949844 f_dc (1e6)= 99.64685180293912 |g_lik|= 9240.206478812273 |g_dc|= 1.7340721674701554
f_dc (1e6): 99.63990746741749  perc: 2.13319440890391
NMSE:  0.1564936791715382
it no: 462 f_tot= 99641995.50704698 f_lik= 2088.039629487651 f_dc (1e6)= 99.63990746741749 |g_lik|= 9321.843138063914 |g_dc|= 1.7172008567255463
f_dc (1e6): 99.64254421536133  perc: 2.1332508591366977
NMSE:  0.15659320049931824
it no: 464 f_tot= 99644640.4666873 f_lik= 2096.251325986499 f_dc (1e6)= 99.64254421536133 |g_lik|= 9289.882164105366 |g_dc|= 1.7226822378465048
f_dc (1e6): 99.64278334183724  perc: 2.133255978604132
NMSE:  0.15673960244965235
it no: 466 f_tot= 99644861.13412054 f_lik= 2077.7922832906816 f_dc (1e6)= 99.64278334183724 |g_lik|= 9001.786736296868 |g_dc|= 1.7197951667931906
f_dc (1e6): 99.62814413593495  perc: 2.1329425673116558
NMSE:  0.15684276911760658
it no: 468 f_tot= 99630232.8005463 f_lik= 2088.664611356599 f_dc (1e6)= 99.62814413593495 |g_lik|= 9540.492735355414 |g_dc|= 1.6950964093520555
f_dc (1e6): 99.65868314542354  perc: 2.133596378078349
NMSE:  0.157004923472162
it no: 470 f_tot= 99660756.70232195 f_lik= 2073.5568984222414 f_dc (1e6)= 99.65868314542354 |g_lik|= 9237.010853728207 |g_dc|= 1.75331567608089
f_dc (1e6): 99.64407150845905  perc: 2.1332835570102673
NMSE:  0.15706646767905566
it no: 472 f_tot= 99646174.36171009 f_lik= 2102.8532510339646 f_dc (1e6)= 99.64407150845905 |g_lik|= 9094.911277240182 |g_dc|= 1.7249417807995513
f_dc (1e6): 99.62800789399627  perc: 2.132939650503028
NMSE:  0.15720472879087227
it no: 474 f_tot= 99630071.07549673 f_lik= 2063.1815004621235 f_dc (1e6)= 99.62800789399627 |g_lik|= 9318.455064507985 |g_dc|= 1.6965512652335517
f_dc (1e6): 99.63890965870189  perc: 2.133173046780767
NMSE:  0.15731706324732492
it no: 476 f_tot= 99640984.00444546 f_lik= 2074.345743569874 f_dc (1e6)= 99.63890965870189 |g_lik|= 9481.846833071617 |g_dc|= 1.7213121962318285
f_dc (1e6): 99.63903065089386  perc: 2.133175637107013
NMSE:  0.15745742090599313
it no: 478 f_tot= 99641096.98059973 f_lik= 2066.3297058795747 f_dc (1e6)= 99.63903065089386 |g_lik|= 9162.637735014494 |g_dc|= 1.7255075748192483
f_dc (1e6): 99.62858026519365  perc: 2.1329519044188436
NMSE:  0.15759252786222444
it no: 480 f_tot= 99630674.76178423 f_lik= 2094.496590580685 f_dc (1e6)= 99.62858026519365 |g_lik|= 9312.216810753127 |g_dc|= 1.704250374776745
f_dc (1e6): 99.6281532014919  perc: 2.1329427613964946
NMSE:  0.157649165062071
it no: 482 f_tot= 99630253.35104603 f_lik= 2100.1495541309173 f_dc (1e6)= 99.6281532014919 |g_lik|= 9210.88397862607 |g_dc|= 1.7004355713161088
f_dc (1e6): 99.62505701362964  perc: 2.1328764749977562
NMSE:  0.1578667606204364
it no: 484 f_tot= 99627116.89982313 f_lik= 2059.8861934798106 f_dc (1e6)= 99.62505701362964 |g_lik|= 9398.679059448114 |g_dc|= 1.6978559373277615
f_dc (1e6): 99.62529659366133  perc: 2.132881604175383
NMSE:  0.15797756077703434
it no: 486 f_tot= 99627368.45370188 f_lik= 2071.8600405456905 f_dc (1e6)= 99.62529659366133 |g_lik|= 9220.704701940085 |g_dc|= 1.7007457274292666
f_dc (1e6): 99.62201174251057  perc: 2.132811278677427
NMSE:  0.15806432402034118
it no: 488 f_tot= 99624098.42722638 f_lik= 2086.6847158050537 f_dc (1e6)= 99.62201174251057 |g_lik|= 9323.047453130202 |g_dc|= 1.6946461508942683
f_dc (1e6): 99.63237210168683  perc: 2.133033083984465
NMSE:  0.15827414282600893
it no: 490 f_tot= 99634436.50903031 f_lik= 2064.4073434956867 f_dc (1e6)= 99.63237210168683 |g_lik|= 9353.33468206407 |g_dc|= 1.714627084988823
f_dc (1e6): 99.6358947389926  perc: 2.1331085002548758
NMSE:  0.15841584995429203
it no: 492 f_tot= 99637976.50711754 f_lik= 2081.7681249427797 f_dc (1e6)= 99.6358947389926 |g_lik|= 9174.016394466364 |g_dc|= 1.7206648727434504
f_dc (1e6): 99.62417994008241  perc: 2.1328576976982316
NMSE:  0.1584655375930874
it no: 494 f_tot= 99626267.03790331 f_lik= 2087.097820895967 f_dc (1e6)= 99.62417994008241 |g_lik|= 9172.061119405096 |g_dc|= 1.6972497276418883
f_dc (1e6): 99.62056144465119  perc: 2.1327802291977207
NMSE:  0.15868423296144413
it no: 496 f_tot= 99622628.71750805 f_lik= 2067.272856863113 f_dc (1e6)= 99.62056144465119 |g_lik|= 9342.2527804411 |g_dc|= 1.6950501533498075
f_dc (1e6): 99.62663011174374  perc: 2.1329101535125896
NMSE:  0.15873679754693978
it no: 498 f_tot= 99628726.75824596 f_lik= 2096.646502230962 f_dc (1e6)= 99.62663011174374 |g_lik|= 9082.178011547054 |g_dc|= 1.7053693079668883
f_dc (1e6): 99.61667285011495  perc: 2.132696978135631
NMSE:  0.1589030286758411
it no: 500 f_tot= 99618759.7731189 f_lik= 2086.9230039469403 f_dc (1e6)= 99.61667285011495 |g_lik|= 9153.699174093817 |g_dc|= 1.6858323089159812
f_dc (1e6): 99.61536618361778  perc: 2.1326690036649905
NMSE:  0.15903889957443013
it no: 502 f_tot= 99617440.1708546 f_lik= 2073.987236818586 f_dc (1e6)= 99.61536618361778 |g_lik|= 9271.932121147858 |g_dc|= 1.6870131661991916
f_dc (1e6): 99.62233335762487  perc: 2.132818164147126
NMSE:  0.15915339297560777
it no: 504 f_tot= 99624387.15530795 f_lik= 2053.7976830773127 f_dc (1e6)= 99.62233335762487 |g_lik|= 9095.574390207988 |g_dc|= 1.696411557814258
f_dc (1e6): 99.6144309137594  perc: 2.13264898043852
NMSE:  0.15930641663037814
it no: 506 f_tot= 99616525.37813124 f_lik= 2094.4643718269895 f_dc (1e6)= 99.6144309137594 |g_lik|= 9536.165725497569 |g_dc|= 1.6832349986749113
f_dc (1e6): 99.63629938412586  perc: 2.133117163317275
NMSE:  0.15945526248328443
it no: 508 f_tot= 99638383.72044075 f_lik= 2084.336314890725 f_dc (1e6)= 99.63629938412586 |g_lik|= 9191.064406066795 |g_dc|= 1.7209031709849532
f_dc (1e6): 99.62077900015936  perc: 2.1327848868515207
NMSE:  0.15959886073990046
it no: 510 f_tot= 99622865.54665829 f_lik= 2086.5464989380607 f_dc (1e6)= 99.62077900015936 |g_lik|= 9006.535682890144 |g_dc|= 1.69657254515288
f_dc (1e6): 99.6128185653715  perc: 2.1326144616131444
NMSE:  0.159749518953712
it no: 512 f_tot= 99614924.44970287 f_lik= 2105.8843313707625 f_dc (1e6)= 99.6128185653715 |g_lik|= 9596.401686518519 |g_dc|= 1.6740333715049023
f_dc (1e6): 99.63492816329729  perc: 2.133087806800602
NMSE:  0.15988691139765868
it no: 514 f_tot= 99637018.49968146 f_lik= 2090.336384167671 f_dc (1e6)= 99.63492816329729 |g_lik|= 9180.096168378597 |g_dc|= 1.7177447997677733
f_dc (1e6): 99.61142223921554  perc: 2.132584567615603
NMSE:  0.15997047505978695
it no: 516 f_tot= 99613537.80406211 f_lik= 2115.564846576509 f_dc (1e6)= 99.61142223921554 |g_lik|= 9169.609631536328 |g_dc|= 1.678150808560912
f_dc (1e6): 99.61315449806702  perc: 2.132621653608461
NMSE:  0.16012944888507666
it no: 518 f_tot= 99615217.93940562 f_lik= 2063.441338591803 f_dc (1e6)= 99.61315449806702 |g_lik|= 9013.665083831476 |g_dc|= 1.679799584792791
f_dc (1e6): 99.60786442751981  perc: 2.1325083982953963
NMSE:  0.16024087358002448
it no: 520 f_tot= 99609928.20620847 f_lik= 2063.778688653991 f_dc (1e6)= 99.60786442751981 |g_lik|= 9226.92515772048 |g_dc|= 1.670524274507442
f_dc (1e6): 99.60716925759179  perc: 2.1324935153770816
NMSE:  0.16045160031619346
it no: 522 f_tot= 99609253.45508906 f_lik= 2084.197497264317 f_dc (1e6)= 99.60716925759179 |g_lik|= 9318.886407277872 |g_dc|= 1.6761752594551522
f_dc (1e6): 99.6207899478215  perc: 2.1327851212304187
NMSE:  0.1605203360256555
it no: 524 f_tot= 99622855.52208172 f_lik= 2065.574260197594 f_dc (1e6)= 99.6207899478215 |g_lik|= 9288.552796045198 |g_dc|= 1.6946216159278116
f_dc (1e6): 99.61438254076859  perc: 2.1326479448193973
NMSE:  0.1606431135956392
it no: 526 f_tot= 99616479.18847013 f_lik= 2096.64770152864 f_dc (1e6)= 99.61438254076859 |g_lik|= 9068.470893611611 |g_dc|= 1.6873108487571329
f_dc (1e6): 99.60833634624136  perc: 2.1325185016204977
NMSE:  0.16084225353391968
it no: 528 f_tot= 99610373.36381204 f_lik= 2037.0175706863404 f_dc (1e6)= 99.60833634624136 |g_lik|= 9591.521197241396 |g_dc|= 1.6744218806835902
f_dc (1e6): 99.62793497933157  perc: 2.1329380894703145
NMSE:  0.1610000278732474
it no: 530 f_tot= 99630005.5483015 f_lik= 2070.5689699291047 f_dc (1e6)= 99.62793497933157 |g_lik|= 9103.582347658887 |g_dc|= 1.7162341916279777
f_dc (1e6): 99.60956752486439  perc: 2.132544859968491
NMSE:  0.16104371871684742
it no: 532 f_tot= 99611642.27964862 f_lik= 2074.7547842334566 f_dc (1e6)= 99.60956752486439 |g_lik|= 9124.325209464072 |g_dc|= 1.6774621033595098
f_dc (1e6): 99.61063664891523  perc: 2.132567748884244
NMSE:  0.1612370871162295
it no: 534 f_tot= 99612704.0523102 f_lik= 2067.4033949661257 f_dc (1e6)= 99.61063664891523 |g_lik|= 9134.722457474107 |g_dc|= 1.6781999556756944
f_dc (1e6): 99.60916070020637  perc: 2.1325361502445666
NMSE:  0.16134533514456595
it no: 536 f_tot= 99611240.41294345 f_lik= 2079.7127370888848 f_dc (1e6)= 99.60916070020637 |g_lik|= 9406.21658230572 |g_dc|= 1.6733045766443368
f_dc (1e6): 99.61971342713818  perc: 2.1327620739598907
NMSE:  0.16156987027021627
it no: 538 f_tot= 99621790.18944854 f_lik= 2076.7623103586834 f_dc (1e6)= 99.61971342713818 |g_lik|= 9114.699061735208 |g_dc|= 1.7054313005079549
f_dc (1e6): 99.60545413365277  perc: 2.1324567962261884
NMSE:  0.16160017353123995
it no: 540 f_tot= 99607516.55380027 f_lik= 2062.4201474870956 f_dc (1e6)= 99.60545413365277 |g_lik|= 9199.742949533053 |g_dc|= 1.6784155049845855
f_dc (1e6): 99.60350143078244  perc: 2.1324149907392993
NMSE:  0.16184260865297176
it no: 542 f_tot= 99605552.89415051 f_lik= 2051.4633680761426 f_dc (1e6)= 99.60350143078244 |g_lik|= 9107.899236730953 |g_dc|= 1.672810892558476
f_dc (1e6): 99.6066610105753  perc: 2.1324826342981895
NMSE:  0.16194743044963017
it no: 544 f_tot= 99608727.95223553 f_lik= 2066.941660246168 f_dc (1e6)= 99.6066610105753 |g_lik|= 9235.92731881152 |g_dc|= 1.6781441650709001
f_dc (1e6): 99.60514878047715  perc: 2.132450258908927
NMSE:  0.16209674216974584
it no: 546 f_tot= 99607255.29625054 f_lik= 2106.5157733871824 f_dc (1e6)= 99.60514878047715 |g_lik|= 9162.576664208556 |g_dc|= 1.679749283289589
f_dc (1e6): 99.60334340829446  perc: 2.1324116076300976
NMSE:  0.16223628405552612
it no: 548 f_tot= 99605408.40481882 f_lik= 2064.9965243493943 f_dc (1e6)= 99.60334340829446 |g_lik|= 9288.872583652934 |g_dc|= 1.6762017186172793
f_dc (1e6): 99.60440326395624  perc: 2.1324342981185715
NMSE:  0.1623889917732961
it no: 550 f_tot= 99606494.63128465 f_lik= 2091.367328411284 f_dc (1e6)= 99.60440326395624 |g_lik|= 9265.141254290105 |g_dc|= 1.6805381586252996
f_dc (1e6): 99.60903603150554  perc: 2.1325334812078087
NMSE:  0.16253157882225597
it no: 552 f_tot= 99611124.10703881 f_lik= 2088.0755332737876 f_dc (1e6)= 99.60903603150554 |g_lik|= 9427.9301081158 |g_dc|= 1.686180787523295
f_dc (1e6): 99.6135318156357  perc: 2.132629731614035
NMSE:  0.16272123856247625
it no: 554 f_tot= 99615596.27459359 f_lik= 2064.4589578991845 f_dc (1e6)= 99.6135318156357 |g_lik|= 9110.480960228324 |g_dc|= 1.6914706045114705
f_dc (1e6): 99.60467236858054  perc: 2.1324400593892765
NMSE:  0.1627803650711577
it no: 556 f_tot= 99606749.11081213 f_lik= 2076.7422315879094 f_dc (1e6)= 99.60467236858054 |g_lik|= 9026.248677566466 |g_dc|= 1.6791105480727277
f_dc (1e6): 99.5935458159431  perc: 2.132201850618516
NMSE:  0.16300485440392729
it no: 558 f_tot= 99595668.66940026 f_lik= 2122.8534571547734 f_dc (1e6)= 99.5935458159431 |g_lik|= 9340.946960883985 |g_dc|= 1.6589765992443173
f_dc (1e6): 99.60501511835466  perc: 2.1324473973316773
NMSE:  0.16313255777344113
it no: 560 f_tot= 99607106.23204832 f_lik= 2091.1136936605544 f_dc (1e6)= 99.60501511835466 |g_lik|= 9263.896613165567 |g_dc|= 1.6799257252368813
f_dc (1e6): 99.60226176790692  perc: 2.1323884507516357
NMSE:  0.16327729514145672
it no: 562 f_tot= 99604335.38247184 f_lik= 2073.614564924694 f_dc (1e6)= 99.60226176790692 |g_lik|= 9122.603682897745 |g_dc|= 1.6752787710408819
f_dc (1e6): 99.59779458045699  perc: 2.132292812572778
NMSE:  0.16340717876428257
it no: 564 f_tot= 99599863.83426 f_lik= 2069.2538030188425 f_dc (1e6)= 99.59779458045699 |g_lik|= 9263.219629738836 |g_dc|= 1.6631734364963024
f_dc (1e6): 99.60284976850508  perc: 2.132401039277863
NMSE:  0.1635576796185785
it no: 566 f_tot= 99604906.37223728 f_lik= 2056.6037321976255 f_dc (1e6)= 99.60284976850508 |g_lik|= 8997.046417217416 |g_dc|= 1.6738832370557493
f_dc (1e6): 99.59780748666404  perc: 2.132293088882235
NMSE:  0.16376107195014145
it no: 568 f_tot= 99599878.33102646 f_lik= 2070.844362429664 f_dc (1e6)= 99.59780748666404 |g_lik|= 9103.68594466896 |g_dc|= 1.6662321498495067
f_dc (1e6): 99.59303858443911  perc: 2.1321909912807677
NMSE:  0.16383268975150292
it no: 570 f_tot= 99595097.11520922 f_lik= 2058.530770114717 f_dc (1e6)= 99.59303858443911 |g_lik|= 9145.004701451582 |g_dc|= 1.6590569325542996
f_dc (1e6): 99.59932797463749  perc: 2.132325641064651
NMSE:  0.16404574429427124
it no: 572 f_tot= 99601398.40711153 f_lik= 2070.4324740382604 f_dc (1e6)= 99.59932797463749 |g_lik|= 9285.768279116392 |g_dc|= 1.6712654860951
f_dc (1e6): 99.60954057128475  perc: 2.1325442829183223
NMSE:  0.16422432615922408
it no: 574 f_tot= 99611603.56985772 f_lik= 2062.9985729580835 f_dc (1e6)= 99.60954057128475 |g_lik|= 9394.342438133246 |g_dc|= 1.6819663135842002
f_dc (1e6): 99.60700184814868  perc: 2.1324899313022154
NMSE:  0.16432218661298806
it no: 576 f_tot= 99609080.60807441 f_lik= 2078.7599257188754 f_dc (1e6)= 99.60700184814868 |g_lik|= 8948.719634340932 |g_dc|= 1.6891646357956813
f_dc (1e6): 99.59126434852095  perc: 2.1321530065993595
NMSE:  0.16453681356403058
it no: 578 f_tot= 99593353.43564893 f_lik= 2089.087127990723 f_dc (1e6)= 99.59126434852095 |g_lik|= 9188.679998283116 |g_dc|= 1.6522527869219938
f_dc (1e6): 99.59755286798152  perc: 2.132287637741585
NMSE:  0.16463879617960434
it no: 580 f_tot= 99599625.10212499 f_lik= 2072.2341434618975 f_dc (1e6)= 99.59755286798152 |g_lik|= 9417.829720722804 |g_dc|= 1.6733252291172365
f_dc (1e6): 99.60140984691905  perc: 2.1323702119441705
NMSE:  0.16486407996352595
it no: 582 f_tot= 99603477.05489068 f_lik= 2067.2079716219223 f_dc (1e6)= 99.60140984691905 |g_lik|= 9146.98608651133 |g_dc|= 1.6828829586186482
f_dc (1e6): 99.60260072171299  perc: 2.132395707426018
NMSE:  0.16498918726303702
it no: 584 f_tot= 99604696.66912541 f_lik= 2095.947412410918 f_dc (1e6)= 99.60260072171299 |g_lik|= 9359.84448773598 |g_dc|= 1.677712853172893
f_dc (1e6): 99.61326336876543  perc: 2.1326239844252095
NMSE:  0.16520407729363545
it no: 586 f_tot= 99615356.81021656 f_lik= 2093.441451132638 f_dc (1e6)= 99.61326336876543 |g_lik|= 9192.227820807533 |g_dc|= 1.6932498748975966
f_dc (1e6): 99.59792637926901  perc: 2.132295634258347
NMSE:  0.16530549844130824
it no: 588 f_tot= 99599997.25145437 f_lik= 2070.8721853565035 f_dc (1e6)= 99.59792637926901 |g_lik|= 9332.157642018003 |g_dc|= 1.6653980970437778
f_dc (1e6): 99.60815479539984  perc: 2.132514614791918
NMSE:  0.1655308239541995
it no: 590 f_tot= 99610221.82814346 f_lik= 2067.0327436138336 f_dc (1e6)= 99.60815479539984 |g_lik|= 9260.826855085148 |g_dc|= 1.6873980961922754
f_dc (1e6): 99.59923298379843  perc: 2.132323607402317
NMSE:  0.16562627687528947
it no: 592 f_tot= 99601298.908662 f_lik= 2065.9248635755266 f_dc (1e6)= 99.59923298379843 |g_lik|= 9279.663450672415 |g_dc|= 1.6805326445409243
f_dc (1e6): 99.60170792533829  perc: 2.132376593515907
NMSE:  0.16578825565220287
it no: 594 f_tot= 99603793.06292847 f_lik= 2085.1375901839847 f_dc (1e6)= 99.60170792533829 |g_lik|= 9233.253001915598 |g_dc|= 1.679684044885556
f_dc (1e6): 99.59938918088453  perc: 2.132326951431424
NMSE:  0.16596792299285362
it no: 596 f_tot= 99601466.11602554 f_lik= 2076.935141008922 f_dc (1e6)= 99.59938918088453 |g_lik|= 9153.726199616294 |g_dc|= 1.6724002521160266
f_dc (1e6): 99.59012553898415  perc: 2.1321286257844987
NMSE:  0.16615312528909534
it no: 598 f_tot= 99592182.50096934 f_lik= 2056.9619851916177 f_dc (1e6)= 99.59012553898415 |g_lik|= 8955.483429815295 |g_dc|= 1.6562197235699752
f_dc (1e6): 99.57795871820984  perc: 2.131868145875298
NMSE:  0.16624100533745215
('<<RECONSTRUCTION DONE>>', '     Subject: ', 'file_brain_AXFLAIR_200_6002462.h5', '     NMSE = ', 1.0, '      RMS = ', 0.4823892099474173, '     SSIM = ', 0.021139163585674168)
