('Under sample factor: ', 4)
FLAIR20201020-125121/jonatank_lat60_ns50_ps28_modalityFLAIR_step100000.ckpt
Read from existing sensmap pattern file
Creating new undersampling file
xxxxxxxxxxxxxxxxxxx contRec is 
xxxxxxxxxxxxxxxxxxx parfact is 25
---- Defining VAE
>>> lat_dim value: 60
>>> mode is: MRIunproc
2020-10-27 16:50:16.981701: I tensorflow/core/platform/cpu_feature_guard.cc:141] Your CPU supports instructions that this TensorFlow binary was not compiled to use: AVX2 FMA
2020-10-27 16:50:17.320129: I tensorflow/core/common_runtime/gpu/gpu_device.cc:1432] Found device 0 with properties: 
name: TITAN Xp major: 6 minor: 1 memoryClockRate(GHz): 1.582
pciBusID: 0000:05:00.0
totalMemory: 11.91GiB freeMemory: 11.76GiB
2020-10-27 16:50:17.320185: I tensorflow/core/common_runtime/gpu/gpu_device.cc:1511] Adding visible gpu devices: 0
2020-10-27 16:50:27.833792: I tensorflow/core/common_runtime/gpu/gpu_device.cc:982] Device interconnect StreamExecutor with strength 1 edge matrix:
2020-10-27 16:50:27.836218: I tensorflow/core/common_runtime/gpu/gpu_device.cc:988]      0 
2020-10-27 16:50:27.836240: I tensorflow/core/common_runtime/gpu/gpu_device.cc:1001] 0:   N 
2020-10-27 16:50:27.836572: I tensorflow/core/common_runtime/gpu/gpu_device.cc:1115] Created TensorFlow device (/job:localhost/replica:0/task:0/device:GPU:0 with 11376 MB memory) -> physical GPU (device: 0, name: TITAN Xp, pci bus id: 0000:05:00.0, compute capability: 6.1)
Initialized parameters
KCT-info: loaded the new model, trained fastmri
KCT-INFO: the gradients: 
Tensor("gradients_2/AddN_3:0", shape=(1250, 784), dtype=float32)
Tensor("gradients_3/Reshape_2_grad/Reshape:0", shape=(1250, 784), dtype=float32)
Tensor("gradients_4/Reshape_2_grad/Reshape:0", shape=(1250, 784), dtype=float32)
_____DIRECT APPROX_____
KCT-INFO: there will be in total 1035 patches.
contRec is 
it no: 0 f_tot= 0 f_lik= 0 f_dc (1e6)= 0.0 |g_lik|= 16355.28299534738 |g_dc|= 14.165937826947184
NMSE:  0.15677466750840863
it no: 2 f_tot= 0 f_lik= 0 f_dc (1e6)= 0.0 |g_lik|= 11405.041066771608 |g_dc|= 7.687597164658296
NMSE:  0.1504371269558674
it no: 4 f_tot= 0 f_lik= 0 f_dc (1e6)= 0.0 |g_lik|= 9934.167972536416 |g_dc|= 4.954680004444368
NMSE:  0.14699376609597184
it no: 6 f_tot= 0 f_lik= 0 f_dc (1e6)= 0.0 |g_lik|= 8937.155845741752 |g_dc|= 3.5728619315722607
NMSE:  0.14480206132586806
it no: 8 f_tot= 0 f_lik= 0 f_dc (1e6)= 0.0 |g_lik|= 8269.21688221059 |g_dc|= 2.789494753344839
NMSE:  0.14322685424478684
it no: 10 f_tot= 0 f_lik= 0 f_dc (1e6)= 0.0 |g_lik|= 7854.497761028294 |g_dc|= 2.297158943036048
NMSE:  0.1420276816393382
it no: 12 f_tot= 0 f_lik= 0 f_dc (1e6)= 0.0 |g_lik|= 7537.408857243307 |g_dc|= 1.9613173642758552
NMSE:  0.1410808242946506
it no: 14 f_tot= 0 f_lik= 0 f_dc (1e6)= 0.0 |g_lik|= 7305.984964427905 |g_dc|= 1.7169569768348856
NMSE:  0.1402944945458215
it no: 16 f_tot= 0 f_lik= 0 f_dc (1e6)= 0.0 |g_lik|= 7095.0335329262025 |g_dc|= 1.531408465712346
NMSE:  0.13964455908023035
it no: 18 f_tot= 0 f_lik= 0 f_dc (1e6)= 0.0 |g_lik|= 7063.367399698776 |g_dc|= 1.386335000847061
NMSE:  0.13907633509816467
it no: 20 f_tot= 0 f_lik= 0 f_dc (1e6)= 0.0 |g_lik|= 6814.156610565566 |g_dc|= 1.270556849419755
NMSE:  0.13858491091605293
it no: 22 f_tot= 0 f_lik= 0 f_dc (1e6)= 0.0 |g_lik|= 6572.893483212681 |g_dc|= 1.1762075643950647
NMSE:  0.13814903821826177
it no: 24 f_tot= 0 f_lik= 0 f_dc (1e6)= 0.0 |g_lik|= 6548.820674040641 |g_dc|= 1.0995598043080832
NMSE:  0.13776062637927527
it no: 26 f_tot= 0 f_lik= 0 f_dc (1e6)= 0.0 |g_lik|= 6536.838852547772 |g_dc|= 1.035931481356457
NMSE:  0.1374165522887825
it no: 28 f_tot= 0 f_lik= 0 f_dc (1e6)= 0.0 |g_lik|= 6456.531008091186 |g_dc|= 0.9832327020493351
NMSE:  0.13709557772625175
it no: 30 f_tot= 0 f_lik= 0 f_dc (1e6)= 0.0 |g_lik|= 6536.003741475442 |g_dc|= 0.9385010291840468
NMSE:  0.13680723917212026
it no: 32 f_tot= 0 f_lik= 0 f_dc (1e6)= 0.0 |g_lik|= 6380.424793897475 |g_dc|= 0.9016889477034893
NMSE:  0.13654337423439328
it no: 34 f_tot= 0 f_lik= 0 f_dc (1e6)= 0.0 |g_lik|= 6314.660632631584 |g_dc|= 0.869655375981755
NMSE:  0.1362992269360183
it no: 36 f_tot= 0 f_lik= 0 f_dc (1e6)= 0.0 |g_lik|= 6338.070496767827 |g_dc|= 0.8430279888326758
NMSE:  0.1360735461794636
it no: 38 f_tot= 0 f_lik= 0 f_dc (1e6)= 0.0 |g_lik|= 6239.874426423251 |g_dc|= 0.8202784224952278
NMSE:  0.13586283700058102
it no: 40 f_tot= 0 f_lik= 0 f_dc (1e6)= 0.0 |g_lik|= 6104.843441477601 |g_dc|= 0.7994735073772062
NMSE:  0.13566847710164825
it no: 42 f_tot= 0 f_lik= 0 f_dc (1e6)= 0.0 |g_lik|= 6243.334011210608 |g_dc|= 0.7820327403853455
NMSE:  0.13548329821811897
it no: 44 f_tot= 0 f_lik= 0 f_dc (1e6)= 0.0 |g_lik|= 6048.122983585919 |g_dc|= 0.7677076814746079
NMSE:  0.135311908909016
it no: 46 f_tot= 0 f_lik= 0 f_dc (1e6)= 0.0 |g_lik|= 6074.143782920315 |g_dc|= 0.7540064176548861
NMSE:  0.13514816215701156
it no: 48 f_tot= 0 f_lik= 0 f_dc (1e6)= 0.0 |g_lik|= 6047.471672703194 |g_dc|= 0.7423866015372349
NMSE:  0.1349977231450864
it no: 50 f_tot= 0 f_lik= 0 f_dc (1e6)= 0.0 |g_lik|= 5868.766969172108 |g_dc|= 0.7328914651665691
NMSE:  0.1348532618292212
it no: 52 f_tot= 0 f_lik= 0 f_dc (1e6)= 0.0 |g_lik|= 5973.421452008561 |g_dc|= 0.7221797078033885
NMSE:  0.13471662436444948
it no: 54 f_tot= 0 f_lik= 0 f_dc (1e6)= 0.0 |g_lik|= 6040.311767107119 |g_dc|= 0.7143240871850101
NMSE:  0.13458745187060295
it no: 56 f_tot= 0 f_lik= 0 f_dc (1e6)= 0.0 |g_lik|= 5947.525654426698 |g_dc|= 0.7067720772592487
NMSE:  0.13446670534597327
it no: 58 f_tot= 0 f_lik= 0 f_dc (1e6)= 0.0 |g_lik|= 5980.180716556796 |g_dc|= 0.7003642464530568
NMSE:  0.13435165688869752
it no: 60 f_tot= 0 f_lik= 0 f_dc (1e6)= 0.0 |g_lik|= 5887.998196395515 |g_dc|= 0.6942812564114752
NMSE:  0.13424126910283335
it no: 62 f_tot= 0 f_lik= 0 f_dc (1e6)= 0.0 |g_lik|= 5959.09843737514 |g_dc|= 0.6886788744677095
NMSE:  0.13413971284630194
it no: 64 f_tot= 0 f_lik= 0 f_dc (1e6)= 0.0 |g_lik|= 5814.42047388475 |g_dc|= 0.6835138313173913
NMSE:  0.13404138798897158
it no: 66 f_tot= 0 f_lik= 0 f_dc (1e6)= 0.0 |g_lik|= 5885.258874689045 |g_dc|= 0.6780871592510632
NMSE:  0.1339448814588819
it no: 68 f_tot= 0 f_lik= 0 f_dc (1e6)= 0.0 |g_lik|= 5975.241150463686 |g_dc|= 0.6738575812490932
NMSE:  0.1338567781643149
it no: 70 f_tot= 0 f_lik= 0 f_dc (1e6)= 0.0 |g_lik|= 5710.949975414274 |g_dc|= 0.6690859327645632
NMSE:  0.13377149942220065
it no: 72 f_tot= 0 f_lik= 0 f_dc (1e6)= 0.0 |g_lik|= 5673.328364188879 |g_dc|= 0.6649669554783191
NMSE:  0.1336919573061681
it no: 74 f_tot= 0 f_lik= 0 f_dc (1e6)= 0.0 |g_lik|= 5718.062856622907 |g_dc|= 0.6609741139208163
NMSE:  0.13361592992255877
it no: 76 f_tot= 0 f_lik= 0 f_dc (1e6)= 0.0 |g_lik|= 5745.858738895169 |g_dc|= 0.6576565541355208
NMSE:  0.13354396850145311
it no: 78 f_tot= 0 f_lik= 0 f_dc (1e6)= 0.0 |g_lik|= 5815.446532938274 |g_dc|= 0.6545671572731554
NMSE:  0.1334757338650203
it no: 80 f_tot= 0 f_lik= 0 f_dc (1e6)= 0.0 |g_lik|= 5848.305274894764 |g_dc|= 0.6518844932101735
NMSE:  0.1334115408976257
it no: 82 f_tot= 0 f_lik= 0 f_dc (1e6)= 0.0 |g_lik|= 5558.46982882723 |g_dc|= 0.6491966374448535
NMSE:  0.1333470240452958
it no: 84 f_tot= 0 f_lik= 0 f_dc (1e6)= 0.0 |g_lik|= 5670.528555671309 |g_dc|= 0.644640732726964
NMSE:  0.13328622297607323
it no: 86 f_tot= 0 f_lik= 0 f_dc (1e6)= 0.0 |g_lik|= 5734.004885148646 |g_dc|= 0.6428189818633457
NMSE:  0.1332270090868608
it no: 88 f_tot= 0 f_lik= 0 f_dc (1e6)= 0.0 |g_lik|= 5572.776879631733 |g_dc|= 0.6400680241569441
NMSE:  0.133173015830653
it no: 90 f_tot= 0 f_lik= 0 f_dc (1e6)= 0.0 |g_lik|= 5608.274181801599 |g_dc|= 0.6380939687159275
NMSE:  0.13311997426461725
it no: 92 f_tot= 0 f_lik= 0 f_dc (1e6)= 0.0 |g_lik|= 5771.005933376093 |g_dc|= 0.6353874166216202
NMSE:  0.13306952244181772
it no: 94 f_tot= 0 f_lik= 0 f_dc (1e6)= 0.0 |g_lik|= 5614.493745338035 |g_dc|= 0.6344095384685137
NMSE:  0.13302293048045383
it no: 96 f_tot= 0 f_lik= 0 f_dc (1e6)= 0.0 |g_lik|= 5601.782048959641 |g_dc|= 0.632360986097339
NMSE:  0.1329786869076056
it no: 98 f_tot= 0 f_lik= 0 f_dc (1e6)= 0.0 |g_lik|= 5628.940433071757 |g_dc|= 0.629966371246273
NMSE:  0.13293441465529865
it no: 100 f_tot= 0 f_lik= 0 f_dc (1e6)= 0.0 |g_lik|= 5545.999062532404 |g_dc|= 0.6277982684591319
NMSE:  0.13289483751009712
it no: 102 f_tot= 0 f_lik= 0 f_dc (1e6)= 0.0 |g_lik|= 5505.5497311196705 |g_dc|= 0.6256779056796475
NMSE:  0.13285385806374814
it no: 104 f_tot= 0 f_lik= 0 f_dc (1e6)= 0.0 |g_lik|= 5461.228168413101 |g_dc|= 0.6238734698727003
NMSE:  0.13281478538063152
it no: 106 f_tot= 0 f_lik= 0 f_dc (1e6)= 0.0 |g_lik|= 5512.8918860277545 |g_dc|= 0.6217583663726073
NMSE:  0.13277920837271065
it no: 108 f_tot= 0 f_lik= 0 f_dc (1e6)= 0.0 |g_lik|= 5503.562089021311 |g_dc|= 0.6201090926648951
NMSE:  0.13274739495370666
it no: 110 f_tot= 0 f_lik= 0 f_dc (1e6)= 0.0 |g_lik|= 5601.82598124567 |g_dc|= 0.6186951351642137
NMSE:  0.13271061243260332
it no: 112 f_tot= 0 f_lik= 0 f_dc (1e6)= 0.0 |g_lik|= 5615.798229654933 |g_dc|= 0.6174862095261776
NMSE:  0.13268234634962414
it no: 114 f_tot= 0 f_lik= 0 f_dc (1e6)= 0.0 |g_lik|= 5532.359810554383 |g_dc|= 0.6165096988403183
NMSE:  0.13264926925348655
it no: 116 f_tot= 0 f_lik= 0 f_dc (1e6)= 0.0 |g_lik|= 5518.955166994668 |g_dc|= 0.614773041606111
NMSE:  0.13262206670835341
it no: 118 f_tot= 0 f_lik= 0 f_dc (1e6)= 0.0 |g_lik|= 5526.927119579699 |g_dc|= 0.6137360727594653
NMSE:  0.13259087202967082
it no: 120 f_tot= 0 f_lik= 0 f_dc (1e6)= 0.0 |g_lik|= 5495.526097276948 |g_dc|= 0.6115372850509417
NMSE:  0.13256481581971882
it no: 122 f_tot= 0 f_lik= 0 f_dc (1e6)= 0.0 |g_lik|= 5475.398726474446 |g_dc|= 0.6108537008442028
NMSE:  0.1325379068463369
it no: 124 f_tot= 0 f_lik= 0 f_dc (1e6)= 0.0 |g_lik|= 5429.9390707638395 |g_dc|= 0.6090021322998421
NMSE:  0.1325122810517402
it no: 126 f_tot= 0 f_lik= 0 f_dc (1e6)= 0.0 |g_lik|= 5503.33663881019 |g_dc|= 0.6077082184464108
NMSE:  0.13248661310741489
it no: 128 f_tot= 0 f_lik= 0 f_dc (1e6)= 0.0 |g_lik|= 5513.705911982473 |g_dc|= 0.6073953160810883
NMSE:  0.13246206320549525
it no: 130 f_tot= 0 f_lik= 0 f_dc (1e6)= 0.0 |g_lik|= 5387.121757104741 |g_dc|= 0.605500857813986
NMSE:  0.13244087533349172
it no: 132 f_tot= 0 f_lik= 0 f_dc (1e6)= 0.0 |g_lik|= 5448.31696074696 |g_dc|= 0.6044828862088338
NMSE:  0.13242060768434724
it no: 134 f_tot= 0 f_lik= 0 f_dc (1e6)= 0.0 |g_lik|= 5552.5769975895355 |g_dc|= 0.6032966290155213
NMSE:  0.13240331864293545
it no: 136 f_tot= 0 f_lik= 0 f_dc (1e6)= 0.0 |g_lik|= 5418.340667270276 |g_dc|= 0.6033913391045755
NMSE:  0.13238607843839406
it no: 138 f_tot= 0 f_lik= 0 f_dc (1e6)= 0.0 |g_lik|= 5335.4439434136775 |g_dc|= 0.6012328473488504
NMSE:  0.13236600343443933
it no: 140 f_tot= 0 f_lik= 0 f_dc (1e6)= 0.0 |g_lik|= 5405.809084374939 |g_dc|= 0.599866883961781
NMSE:  0.13234975814096323
it no: 142 f_tot= 0 f_lik= 0 f_dc (1e6)= 0.0 |g_lik|= 5466.582829406823 |g_dc|= 0.5993919792398433
NMSE:  0.13233352229884543
it no: 144 f_tot= 0 f_lik= 0 f_dc (1e6)= 0.0 |g_lik|= 5436.662273647432 |g_dc|= 0.5988554646697858
NMSE:  0.13232025375158774
it no: 146 f_tot= 0 f_lik= 0 f_dc (1e6)= 0.0 |g_lik|= 5404.262535707752 |g_dc|= 0.5975098265279161
NMSE:  0.13230581054966947
it no: 148 f_tot= 0 f_lik= 0 f_dc (1e6)= 0.0 |g_lik|= 5372.77073599965 |g_dc|= 0.5965760426752281
NMSE:  0.1322929639225442
it no: 150 f_tot= 0 f_lik= 0 f_dc (1e6)= 0.0 |g_lik|= 5425.201227349935 |g_dc|= 0.5957439315524203
NMSE:  0.13228056367581725
it no: 152 f_tot= 0 f_lik= 0 f_dc (1e6)= 0.0 |g_lik|= 5485.193818004617 |g_dc|= 0.5950514866807297
NMSE:  0.13226589739694508
it no: 154 f_tot= 0 f_lik= 0 f_dc (1e6)= 0.0 |g_lik|= 5384.164202696359 |g_dc|= 0.5941046969367595
NMSE:  0.13225389135707508
it no: 156 f_tot= 0 f_lik= 0 f_dc (1e6)= 0.0 |g_lik|= 5289.7877511226625 |g_dc|= 0.5934648064706577
NMSE:  0.13224167761092262
it no: 158 f_tot= 0 f_lik= 0 f_dc (1e6)= 0.0 |g_lik|= 5360.8512061224255 |g_dc|= 0.5919259048616116
NMSE:  0.13223029424837446
it no: 160 f_tot= 0 f_lik= 0 f_dc (1e6)= 0.0 |g_lik|= 5359.98913038271 |g_dc|= 0.59189694084031
NMSE:  0.13222225298496929
it no: 162 f_tot= 0 f_lik= 0 f_dc (1e6)= 0.0 |g_lik|= 5362.334957178033 |g_dc|= 0.5901222503624167
NMSE:  0.13221190709328995
it no: 164 f_tot= 0 f_lik= 0 f_dc (1e6)= 0.0 |g_lik|= 5401.453466263243 |g_dc|= 0.5900845555162779
NMSE:  0.13220428357064554
it no: 166 f_tot= 0 f_lik= 0 f_dc (1e6)= 0.0 |g_lik|= 5436.0465172910635 |g_dc|= 0.5887132453249078
NMSE:  0.13219680041468815
it no: 168 f_tot= 0 f_lik= 0 f_dc (1e6)= 0.0 |g_lik|= 5369.557807380089 |g_dc|= 0.5888305282354166
NMSE:  0.1321902447067137
it no: 170 f_tot= 0 f_lik= 0 f_dc (1e6)= 0.0 |g_lik|= 5317.962512618345 |g_dc|= 0.5879164020219979
NMSE:  0.1321806197451444
it no: 172 f_tot= 0 f_lik= 0 f_dc (1e6)= 0.0 |g_lik|= 5412.557708835876 |g_dc|= 0.5866791585640903
NMSE:  0.13217801931731718
it no: 174 f_tot= 0 f_lik= 0 f_dc (1e6)= 0.0 |g_lik|= 5446.697456074919 |g_dc|= 0.5864436042967659
NMSE:  0.13216988229755
it no: 176 f_tot= 0 f_lik= 0 f_dc (1e6)= 0.0 |g_lik|= 5514.32263419272 |g_dc|= 0.5853543763266232
NMSE:  0.13216910151095207
it no: 178 f_tot= 0 f_lik= 0 f_dc (1e6)= 0.0 |g_lik|= 5425.398308709758 |g_dc|= 0.585805803953868
NMSE:  0.1321615467550036
it no: 180 f_tot= 0 f_lik= 0 f_dc (1e6)= 0.0 |g_lik|= 5388.887565626215 |g_dc|= 0.5844391346638954
NMSE:  0.13215793073131007
it no: 182 f_tot= 0 f_lik= 0 f_dc (1e6)= 0.0 |g_lik|= 5333.043526867896 |g_dc|= 0.583546567924625
NMSE:  0.13215400150772943
it no: 184 f_tot= 0 f_lik= 0 f_dc (1e6)= 0.0 |g_lik|= 5397.717923369337 |g_dc|= 0.5832850060039053
NMSE:  0.13215137112269132
it no: 186 f_tot= 0 f_lik= 0 f_dc (1e6)= 0.0 |g_lik|= 5418.437808274797 |g_dc|= 0.5826691358143212
NMSE:  0.13215052472582828
it no: 188 f_tot= 0 f_lik= 0 f_dc (1e6)= 0.0 |g_lik|= 5328.257867322351 |g_dc|= 0.5823847284971372
NMSE:  0.13215021487839523
it no: 190 f_tot= 0 f_lik= 0 f_dc (1e6)= 0.0 |g_lik|= 5328.175163336121 |g_dc|= 0.5813512341604659
NMSE:  0.13214761864549207
it no: 192 f_tot= 0 f_lik= 0 f_dc (1e6)= 0.0 |g_lik|= 5344.733042199393 |g_dc|= 0.5810948299284535
NMSE:  0.13214786745234047
it no: 194 f_tot= 0 f_lik= 0 f_dc (1e6)= 0.0 |g_lik|= 5400.317117856072 |g_dc|= 0.5801703869626806
NMSE:  0.13214713125597558
it no: 196 f_tot= 0 f_lik= 0 f_dc (1e6)= 0.0 |g_lik|= 5378.326224845932 |g_dc|= 0.5798350377861898
NMSE:  0.1321481697155039
it no: 198 f_tot= 0 f_lik= 0 f_dc (1e6)= 0.0 |g_lik|= 5288.450687601558 |g_dc|= 0.580018031510225
NMSE:  0.13214736075668007
it no: 200 f_tot= 0 f_lik= 0 f_dc (1e6)= 0.0 |g_lik|= 5401.212430684431 |g_dc|= 0.5785432039349963
NMSE:  0.13214480751724353
it no: 202 f_tot= 0 f_lik= 0 f_dc (1e6)= 0.0 |g_lik|= 5383.312063550157 |g_dc|= 0.5785578986983325
NMSE:  0.13214675747508028
it no: 204 f_tot= 0 f_lik= 0 f_dc (1e6)= 0.0 |g_lik|= 5355.356336676415 |g_dc|= 0.5778454482715335
NMSE:  0.1321478700559587
it no: 206 f_tot= 0 f_lik= 0 f_dc (1e6)= 0.0 |g_lik|= 5373.88823426888 |g_dc|= 0.5779108255238786
NMSE:  0.13214770554312213
it no: 208 f_tot= 0 f_lik= 0 f_dc (1e6)= 0.0 |g_lik|= 5343.494753904317 |g_dc|= 0.5775322106928767
NMSE:  0.1321462349303648
it no: 210 f_tot= 0 f_lik= 0 f_dc (1e6)= 0.0 |g_lik|= 5333.21088651731 |g_dc|= 0.5764790414922863
NMSE:  0.13214820938315897
it no: 212 f_tot= 0 f_lik= 0 f_dc (1e6)= 0.0 |g_lik|= 5304.199451256912 |g_dc|= 0.5765788375992807
NMSE:  0.13214836134715316
it no: 214 f_tot= 0 f_lik= 0 f_dc (1e6)= 0.0 |g_lik|= 5308.355486180016 |g_dc|= 0.5757194161664275
NMSE:  0.13214733012509947
it no: 216 f_tot= 0 f_lik= 0 f_dc (1e6)= 0.0 |g_lik|= 5388.959871138156 |g_dc|= 0.5750167265540576
NMSE:  0.13215092864651654
it no: 218 f_tot= 0 f_lik= 0 f_dc (1e6)= 0.0 |g_lik|= 5326.7420584020965 |g_dc|= 0.5751352799821152
NMSE:  0.13215096928745895
it no: 220 f_tot= 0 f_lik= 0 f_dc (1e6)= 0.0 |g_lik|= 5274.221100059775 |g_dc|= 0.5746726289411457
NMSE:  0.1321539251535597
it no: 222 f_tot= 0 f_lik= 0 f_dc (1e6)= 0.0 |g_lik|= 5239.295425626205 |g_dc|= 0.5738042618297786
NMSE:  0.13215782317957214
it no: 224 f_tot= 0 f_lik= 0 f_dc (1e6)= 0.0 |g_lik|= 5292.87147054375 |g_dc|= 0.573297088509489
NMSE:  0.13215963950463155
it no: 226 f_tot= 0 f_lik= 0 f_dc (1e6)= 0.0 |g_lik|= 5390.0933004306435 |g_dc|= 0.5726746020076013
NMSE:  0.13216391702042432
it no: 228 f_tot= 0 f_lik= 0 f_dc (1e6)= 0.0 |g_lik|= 5353.375130992494 |g_dc|= 0.5728034839176326
NMSE:  0.13216842175173396
it no: 230 f_tot= 0 f_lik= 0 f_dc (1e6)= 0.0 |g_lik|= 5295.7760500625645 |g_dc|= 0.5728079425911171
NMSE:  0.13217391933322986
it no: 232 f_tot= 0 f_lik= 0 f_dc (1e6)= 0.0 |g_lik|= 5402.181496592997 |g_dc|= 0.5717823398718251
NMSE:  0.13217681724887712
it no: 234 f_tot= 0 f_lik= 0 f_dc (1e6)= 0.0 |g_lik|= 5490.976733506605 |g_dc|= 0.5714234200973324
NMSE:  0.13218352707967895
it no: 236 f_tot= 0 f_lik= 0 f_dc (1e6)= 0.0 |g_lik|= 5314.594226855876 |g_dc|= 0.57140477777815
NMSE:  0.13218567323014585
it no: 238 f_tot= 0 f_lik= 0 f_dc (1e6)= 0.0 |g_lik|= 5334.779554156353 |g_dc|= 0.5704522855108016
NMSE:  0.1321927714501546
it no: 240 f_tot= 0 f_lik= 0 f_dc (1e6)= 0.0 |g_lik|= 5269.469056175865 |g_dc|= 0.5704276298706257
NMSE:  0.13219821314939692
it no: 242 f_tot= 0 f_lik= 0 f_dc (1e6)= 0.0 |g_lik|= 5336.8538180541145 |g_dc|= 0.5696504106463973
NMSE:  0.13220251338654215
it no: 244 f_tot= 0 f_lik= 0 f_dc (1e6)= 0.0 |g_lik|= 5316.522557547684 |g_dc|= 0.5700036268994644
NMSE:  0.13221079440913472
it no: 246 f_tot= 0 f_lik= 0 f_dc (1e6)= 0.0 |g_lik|= 5370.172187668596 |g_dc|= 0.569040289365878
NMSE:  0.13221624227623993
it no: 248 f_tot= 0 f_lik= 0 f_dc (1e6)= 0.0 |g_lik|= 5397.454615999282 |g_dc|= 0.5693759450335588
NMSE:  0.13222436852932046
it no: 250 f_tot= 0 f_lik= 0 f_dc (1e6)= 0.0 |g_lik|= 5385.29034495648 |g_dc|= 0.5699919481865665
NMSE:  0.13222804805671418
it no: 252 f_tot= 0 f_lik= 0 f_dc (1e6)= 0.0 |g_lik|= 5222.790493827339 |g_dc|= 0.568578460559388
NMSE:  0.13223688553372315
it no: 254 f_tot= 0 f_lik= 0 f_dc (1e6)= 0.0 |g_lik|= 5264.54429614631 |g_dc|= 0.5677204680150445
NMSE:  0.13224339324771192
it no: 256 f_tot= 0 f_lik= 0 f_dc (1e6)= 0.0 |g_lik|= 5290.926170675415 |g_dc|= 0.5677903142681395
NMSE:  0.1322516528041104
it no: 258 f_tot= 0 f_lik= 0 f_dc (1e6)= 0.0 |g_lik|= 5208.77398588259 |g_dc|= 0.5671363263749934
NMSE:  0.13226091934400805
it no: 260 f_tot= 0 f_lik= 0 f_dc (1e6)= 0.0 |g_lik|= 5302.735628532164 |g_dc|= 0.5669298229903962
NMSE:  0.13226712747930836
it no: 262 f_tot= 0 f_lik= 0 f_dc (1e6)= 0.0 |g_lik|= 5344.001090191457 |g_dc|= 0.5668813434788372
NMSE:  0.132275004753656
it no: 264 f_tot= 0 f_lik= 0 f_dc (1e6)= 0.0 |g_lik|= 5248.546796938935 |g_dc|= 0.5663608494581234
NMSE:  0.13228391962131153
it no: 266 f_tot= 0 f_lik= 0 f_dc (1e6)= 0.0 |g_lik|= 5289.7767280423695 |g_dc|= 0.5660959846127164
NMSE:  0.13229151504613088
it no: 268 f_tot= 0 f_lik= 0 f_dc (1e6)= 0.0 |g_lik|= 5230.5953337366145 |g_dc|= 0.5665755501967645
NMSE:  0.13230004048339336
it no: 270 f_tot= 0 f_lik= 0 f_dc (1e6)= 0.0 |g_lik|= 5249.047988964794 |g_dc|= 0.5652179149976607
NMSE:  0.13230650981970818
it no: 272 f_tot= 0 f_lik= 0 f_dc (1e6)= 0.0 |g_lik|= 5246.963269119501 |g_dc|= 0.5651017815468465
NMSE:  0.13231701518113315
it no: 274 f_tot= 0 f_lik= 0 f_dc (1e6)= 0.0 |g_lik|= 5250.35255467174 |g_dc|= 0.564556773401155
NMSE:  0.13232298448814614
it no: 276 f_tot= 0 f_lik= 0 f_dc (1e6)= 0.0 |g_lik|= 5247.4265168308 |g_dc|= 0.564436866902079
NMSE:  0.13233294792126726
it no: 278 f_tot= 0 f_lik= 0 f_dc (1e6)= 0.0 |g_lik|= 5200.131189344338 |g_dc|= 0.5642288262366472
NMSE:  0.13233835905264532
it no: 280 f_tot= 0 f_lik= 0 f_dc (1e6)= 0.0 |g_lik|= 5219.921092567775 |g_dc|= 0.563353507304544
NMSE:  0.13234889122948473
it no: 282 f_tot= 0 f_lik= 0 f_dc (1e6)= 0.0 |g_lik|= 5221.950259668403 |g_dc|= 0.5633013344483498
NMSE:  0.13235740085493697
it no: 284 f_tot= 0 f_lik= 0 f_dc (1e6)= 0.0 |g_lik|= 5205.8256883916265 |g_dc|= 0.5627878132801953
NMSE:  0.13236856723641327
it no: 286 f_tot= 0 f_lik= 0 f_dc (1e6)= 0.0 |g_lik|= 5260.251059867415 |g_dc|= 0.5625177604724673
NMSE:  0.1323761203961172
it no: 288 f_tot= 0 f_lik= 0 f_dc (1e6)= 0.0 |g_lik|= 5274.213546306695 |g_dc|= 0.5626234445022825
NMSE:  0.1323889226453335
it no: 290 f_tot= 0 f_lik= 0 f_dc (1e6)= 0.0 |g_lik|= 5203.761859196776 |g_dc|= 0.5627094756010907
NMSE:  0.13239636904413526
it no: 292 f_tot= 0 f_lik= 0 f_dc (1e6)= 0.0 |g_lik|= 5224.830215276937 |g_dc|= 0.5622144917667017
NMSE:  0.13240760341580735
it no: 294 f_tot= 0 f_lik= 0 f_dc (1e6)= 0.0 |g_lik|= 5213.889547735153 |g_dc|= 0.5617454018567427
NMSE:  0.1324182781446405
it no: 296 f_tot= 0 f_lik= 0 f_dc (1e6)= 0.0 |g_lik|= 5242.86810295586 |g_dc|= 0.5617655647778852
NMSE:  0.1324278475321658
it no: 298 f_tot= 0 f_lik= 0 f_dc (1e6)= 0.0 |g_lik|= 5258.701348450887 |g_dc|= 0.5614460394654532
NMSE:  0.1324403329730167
it no: 300 f_tot= 0 f_lik= 0 f_dc (1e6)= 0.0 |g_lik|= 5282.68440854686 |g_dc|= 0.5612811515055472
NMSE:  0.1324514959647958
it no: 302 f_tot= 0 f_lik= 0 f_dc (1e6)= 0.0 |g_lik|= 5250.190747957597 |g_dc|= 0.5618113634136096
NMSE:  0.13246298524141112
it no: 304 f_tot= 0 f_lik= 0 f_dc (1e6)= 0.0 |g_lik|= 5228.44309299463 |g_dc|= 0.560879372382184
NMSE:  0.13247232537306644
it no: 306 f_tot= 0 f_lik= 0 f_dc (1e6)= 0.0 |g_lik|= 5273.848521851353 |g_dc|= 0.5607411671630163
NMSE:  0.1324844137645656
it no: 308 f_tot= 0 f_lik= 0 f_dc (1e6)= 0.0 |g_lik|= 5271.6716943036245 |g_dc|= 0.5607520941483035
NMSE:  0.1324970922729465
it no: 310 f_tot= 0 f_lik= 0 f_dc (1e6)= 0.0 |g_lik|= 5196.022506543896 |g_dc|= 0.5601045776628606
NMSE:  0.1325069585091499
it no: 312 f_tot= 0 f_lik= 0 f_dc (1e6)= 0.0 |g_lik|= 5182.531989572139 |g_dc|= 0.5599657085743095
NMSE:  0.13251879588833673
it no: 314 f_tot= 0 f_lik= 0 f_dc (1e6)= 0.0 |g_lik|= 5239.872726592526 |g_dc|= 0.5592820223397725
NMSE:  0.13253066299420008
it no: 316 f_tot= 0 f_lik= 0 f_dc (1e6)= 0.0 |g_lik|= 5251.046284460919 |g_dc|= 0.5597957140302979
NMSE:  0.1325423223222543
it no: 318 f_tot= 0 f_lik= 0 f_dc (1e6)= 0.0 |g_lik|= 5263.5617041688565 |g_dc|= 0.558971948209326
NMSE:  0.13255693657216597
it no: 320 f_tot= 0 f_lik= 0 f_dc (1e6)= 0.0 |g_lik|= 5282.093357713205 |g_dc|= 0.5589869677342182
NMSE:  0.13256940299971026
it no: 322 f_tot= 0 f_lik= 0 f_dc (1e6)= 0.0 |g_lik|= 5298.647252936997 |g_dc|= 0.5587590137511476
NMSE:  0.13258184580404955
it no: 324 f_tot= 0 f_lik= 0 f_dc (1e6)= 0.0 |g_lik|= 5288.568138227381 |g_dc|= 0.5587937932157239
NMSE:  0.13259427274225896
it no: 326 f_tot= 0 f_lik= 0 f_dc (1e6)= 0.0 |g_lik|= 5244.831714321088 |g_dc|= 0.5585767475918978
NMSE:  0.1326056231995887
it no: 328 f_tot= 0 f_lik= 0 f_dc (1e6)= 0.0 |g_lik|= 5190.036227260789 |g_dc|= 0.5579843280013019
NMSE:  0.1326168636560734
it no: 330 f_tot= 0 f_lik= 0 f_dc (1e6)= 0.0 |g_lik|= 5207.442582593867 |g_dc|= 0.5572525113664812
NMSE:  0.1326307643858217
it no: 332 f_tot= 0 f_lik= 0 f_dc (1e6)= 0.0 |g_lik|= 5229.752503680767 |g_dc|= 0.5576925573326074
NMSE:  0.13264218871014613
it no: 334 f_tot= 0 f_lik= 0 f_dc (1e6)= 0.0 |g_lik|= 5266.090223137194 |g_dc|= 0.5566859228743635
NMSE:  0.13265675527380102
it no: 336 f_tot= 0 f_lik= 0 f_dc (1e6)= 0.0 |g_lik|= 5208.925166638821 |g_dc|= 0.557165165810264
NMSE:  0.13266662139618207
it no: 338 f_tot= 0 f_lik= 0 f_dc (1e6)= 0.0 |g_lik|= 5214.064468708213 |g_dc|= 0.5567562868259972
NMSE:  0.1326804937893384
it no: 340 f_tot= 0 f_lik= 0 f_dc (1e6)= 0.0 |g_lik|= 5227.937345588414 |g_dc|= 0.5561279541770756
NMSE:  0.13269094618250002
it no: 342 f_tot= 0 f_lik= 0 f_dc (1e6)= 0.0 |g_lik|= 5252.890231296184 |g_dc|= 0.55592892850448
NMSE:  0.13270462364197583
it no: 344 f_tot= 0 f_lik= 0 f_dc (1e6)= 0.0 |g_lik|= 5123.9664053733195 |g_dc|= 0.5561656687129727
NMSE:  0.13271768032841735
it no: 346 f_tot= 0 f_lik= 0 f_dc (1e6)= 0.0 |g_lik|= 5161.216079050943 |g_dc|= 0.5550365154949026
NMSE:  0.1327303427893001
it no: 348 f_tot= 0 f_lik= 0 f_dc (1e6)= 0.0 |g_lik|= 5170.670756503847 |g_dc|= 0.5549799723288301
NMSE:  0.13274316968531244
it no: 350 f_tot= 0 f_lik= 0 f_dc (1e6)= 0.0 |g_lik|= 5186.354004175261 |g_dc|= 0.5541763377184861
NMSE:  0.13275524901412622
it no: 352 f_tot= 0 f_lik= 0 f_dc (1e6)= 0.0 |g_lik|= 5205.762600700715 |g_dc|= 0.5546502287637187
NMSE:  0.13277122807443584
it no: 354 f_tot= 0 f_lik= 0 f_dc (1e6)= 0.0 |g_lik|= 5263.640117705727 |g_dc|= 0.5536601115286979
NMSE:  0.13278215636773671
it no: 356 f_tot= 0 f_lik= 0 f_dc (1e6)= 0.0 |g_lik|= 5240.958746929799 |g_dc|= 0.5541330843356279
NMSE:  0.13279810749663787
it no: 358 f_tot= 0 f_lik= 0 f_dc (1e6)= 0.0 |g_lik|= 5171.48116770656 |g_dc|= 0.5540728926574261
NMSE:  0.13280973643880184
it no: 360 f_tot= 0 f_lik= 0 f_dc (1e6)= 0.0 |g_lik|= 5244.524830281058 |g_dc|= 0.5533360553789965
NMSE:  0.1328218268517069
it no: 362 f_tot= 0 f_lik= 0 f_dc (1e6)= 0.0 |g_lik|= 5151.5057776855365 |g_dc|= 0.5535504658738497
NMSE:  0.13283553864003458
it no: 364 f_tot= 0 f_lik= 0 f_dc (1e6)= 0.0 |g_lik|= 5183.687767038523 |g_dc|= 0.5530355424932533
NMSE:  0.13284927677672131
it no: 366 f_tot= 0 f_lik= 0 f_dc (1e6)= 0.0 |g_lik|= 5204.868232688664 |g_dc|= 0.5530281695423975
NMSE:  0.1328648887926984
it no: 368 f_tot= 0 f_lik= 0 f_dc (1e6)= 0.0 |g_lik|= 5209.0798017309935 |g_dc|= 0.5531775017048834
NMSE:  0.1328780932084029
it no: 370 f_tot= 0 f_lik= 0 f_dc (1e6)= 0.0 |g_lik|= 5196.677261329381 |g_dc|= 0.5524472325335507
NMSE:  0.13289324777971126
it no: 372 f_tot= 0 f_lik= 0 f_dc (1e6)= 0.0 |g_lik|= 5220.165209105779 |g_dc|= 0.552606846899387
NMSE:  0.1329064489047737
it no: 374 f_tot= 0 f_lik= 0 f_dc (1e6)= 0.0 |g_lik|= 5180.687009919799 |g_dc|= 0.5526225414193784
NMSE:  0.13292264533399678
it no: 376 f_tot= 0 f_lik= 0 f_dc (1e6)= 0.0 |g_lik|= 5174.98756553335 |g_dc|= 0.5522237374522361
NMSE:  0.13293480121639942
it no: 378 f_tot= 0 f_lik= 0 f_dc (1e6)= 0.0 |g_lik|= 5213.413007496588 |g_dc|= 0.551881341626418
NMSE:  0.1329493739827749
it no: 380 f_tot= 0 f_lik= 0 f_dc (1e6)= 0.0 |g_lik|= 5143.032828973803 |g_dc|= 0.5519660472022863
NMSE:  0.13296471667591864
it no: 382 f_tot= 0 f_lik= 0 f_dc (1e6)= 0.0 |g_lik|= 5185.783036690354 |g_dc|= 0.5513293474562033
NMSE:  0.13297803891726195
it no: 384 f_tot= 0 f_lik= 0 f_dc (1e6)= 0.0 |g_lik|= 5118.625326853226 |g_dc|= 0.5515072717612638
NMSE:  0.13299533995439897
it no: 386 f_tot= 0 f_lik= 0 f_dc (1e6)= 0.0 |g_lik|= 5134.327845598734 |g_dc|= 0.5509171023673787
NMSE:  0.13300765205259463
it no: 388 f_tot= 0 f_lik= 0 f_dc (1e6)= 0.0 |g_lik|= 5137.793409136142 |g_dc|= 0.5507518387496381
NMSE:  0.13302433892690374
it no: 390 f_tot= 0 f_lik= 0 f_dc (1e6)= 0.0 |g_lik|= 5198.915466410285 |g_dc|= 0.5503362724547987
NMSE:  0.133038866642242
it no: 392 f_tot= 0 f_lik= 0 f_dc (1e6)= 0.0 |g_lik|= 5193.875796292693 |g_dc|= 0.5509815461230824
NMSE:  0.13305317720737542
it no: 394 f_tot= 0 f_lik= 0 f_dc (1e6)= 0.0 |g_lik|= 5198.948635876412 |g_dc|= 0.5503552590043465
NMSE:  0.1330682316873784
it no: 396 f_tot= 0 f_lik= 0 f_dc (1e6)= 0.0 |g_lik|= 5224.775717538356 |g_dc|= 0.5508623701477066
NMSE:  0.13308318555427498
it no: 398 f_tot= 0 f_lik= 0 f_dc (1e6)= 0.0 |g_lik|= 5231.060800766214 |g_dc|= 0.5502010330469619
NMSE:  0.1330987722089799
it no: 400 f_tot= 0 f_lik= 0 f_dc (1e6)= 0.0 |g_lik|= 5220.334903786327 |g_dc|= 0.5505890407731006
NMSE:  0.13311213835666258
it no: 402 f_tot= 0 f_lik= 0 f_dc (1e6)= 0.0 |g_lik|= 5178.879524521922 |g_dc|= 0.549615316684732
NMSE:  0.13313022800133267
it no: 404 f_tot= 0 f_lik= 0 f_dc (1e6)= 0.0 |g_lik|= 5180.410911225798 |g_dc|= 0.550158670697173
NMSE:  0.13314454488382071
it no: 406 f_tot= 0 f_lik= 0 f_dc (1e6)= 0.0 |g_lik|= 5219.617262026415 |g_dc|= 0.5493200701190191
NMSE:  0.13316044852391312
it no: 408 f_tot= 0 f_lik= 0 f_dc (1e6)= 0.0 |g_lik|= 5199.836952188074 |g_dc|= 0.5493731306914226
NMSE:  0.13317804533571312
it no: 410 f_tot= 0 f_lik= 0 f_dc (1e6)= 0.0 |g_lik|= 5239.693736844091 |g_dc|= 0.5493642999512849
NMSE:  0.1331922891771317
it no: 412 f_tot= 0 f_lik= 0 f_dc (1e6)= 0.0 |g_lik|= 5171.710830401231 |g_dc|= 0.5494215148505659
NMSE:  0.13320939475048907
it no: 414 f_tot= 0 f_lik= 0 f_dc (1e6)= 0.0 |g_lik|= 5220.7892883387285 |g_dc|= 0.54904809655559
NMSE:  0.13322216975126527
it no: 416 f_tot= 0 f_lik= 0 f_dc (1e6)= 0.0 |g_lik|= 5205.831875511897 |g_dc|= 0.5486333765056509
NMSE:  0.13324005460914082
it no: 418 f_tot= 0 f_lik= 0 f_dc (1e6)= 0.0 |g_lik|= 5155.197630581114 |g_dc|= 0.5486899441244492
NMSE:  0.13325664897003733
it no: 420 f_tot= 0 f_lik= 0 f_dc (1e6)= 0.0 |g_lik|= 5182.650315380185 |g_dc|= 0.5483331118947826
NMSE:  0.13327437016426108
it no: 422 f_tot= 0 f_lik= 0 f_dc (1e6)= 0.0 |g_lik|= 5171.962183348221 |g_dc|= 0.5482857654405617
NMSE:  0.13328949011227104
it no: 424 f_tot= 0 f_lik= 0 f_dc (1e6)= 0.0 |g_lik|= 5142.949706728113 |g_dc|= 0.5481734702743587
NMSE:  0.13330533304522996
it no: 426 f_tot= 0 f_lik= 0 f_dc (1e6)= 0.0 |g_lik|= 5191.315439152457 |g_dc|= 0.5475698961489996
NMSE:  0.13332008286286678
it no: 428 f_tot= 0 f_lik= 0 f_dc (1e6)= 0.0 |g_lik|= 5211.249830187339 |g_dc|= 0.5477966353254384
NMSE:  0.13333660290821608
it no: 430 f_tot= 0 f_lik= 0 f_dc (1e6)= 0.0 |g_lik|= 5207.270985663143 |g_dc|= 0.5476615381716288
NMSE:  0.1333504694317475
it no: 432 f_tot= 0 f_lik= 0 f_dc (1e6)= 0.0 |g_lik|= 5236.977597296086 |g_dc|= 0.5473522952523487
NMSE:  0.13336936964874196
it no: 434 f_tot= 0 f_lik= 0 f_dc (1e6)= 0.0 |g_lik|= 5132.927854269789 |g_dc|= 0.5475661974518646
NMSE:  0.13338470698399554
it no: 436 f_tot= 0 f_lik= 0 f_dc (1e6)= 0.0 |g_lik|= 5181.263173491276 |g_dc|= 0.547193382061847
NMSE:  0.13339876597878575
it no: 438 f_tot= 0 f_lik= 0 f_dc (1e6)= 0.0 |g_lik|= 5173.634790999649 |g_dc|= 0.5467531041086591
NMSE:  0.13341759133758566
it no: 440 f_tot= 0 f_lik= 0 f_dc (1e6)= 0.0 |g_lik|= 5141.395501820902 |g_dc|= 0.54652425040532
NMSE:  0.13343450527169093
it no: 442 f_tot= 0 f_lik= 0 f_dc (1e6)= 0.0 |g_lik|= 5187.281170557862 |g_dc|= 0.5463641769806031
NMSE:  0.13344987096619396
it no: 444 f_tot= 0 f_lik= 0 f_dc (1e6)= 0.0 |g_lik|= 5192.281130875937 |g_dc|= 0.5459643662784708
NMSE:  0.13346461150045394
it no: 446 f_tot= 0 f_lik= 0 f_dc (1e6)= 0.0 |g_lik|= 5193.188530488428 |g_dc|= 0.5461697702193086
NMSE:  0.1334831130205925
it no: 448 f_tot= 0 f_lik= 0 f_dc (1e6)= 0.0 |g_lik|= 5188.685143946071 |g_dc|= 0.5461367502693484
NMSE:  0.13350002545151096
it no: 450 f_tot= 0 f_lik= 0 f_dc (1e6)= 0.0 |g_lik|= 5134.172893119791 |g_dc|= 0.5457321449361969
NMSE:  0.13351793801707362
it no: 452 f_tot= 0 f_lik= 0 f_dc (1e6)= 0.0 |g_lik|= 5160.711836508434 |g_dc|= 0.5452840349613246
NMSE:  0.13353186379921378
it no: 454 f_tot= 0 f_lik= 0 f_dc (1e6)= 0.0 |g_lik|= 5197.440926008408 |g_dc|= 0.5450978571532105
NMSE:  0.1335486046886815
it no: 456 f_tot= 0 f_lik= 0 f_dc (1e6)= 0.0 |g_lik|= 5144.979003984177 |g_dc|= 0.5447249526150251
NMSE:  0.13356662052177518
it no: 458 f_tot= 0 f_lik= 0 f_dc (1e6)= 0.0 |g_lik|= 5137.323946886351 |g_dc|= 0.5446966369757443
NMSE:  0.13358343486160512
it no: 460 f_tot= 0 f_lik= 0 f_dc (1e6)= 0.0 |g_lik|= 5119.311131964807 |g_dc|= 0.5443769254497304
NMSE:  0.13360194291182823
it no: 462 f_tot= 0 f_lik= 0 f_dc (1e6)= 0.0 |g_lik|= 5193.791172754294 |g_dc|= 0.5444749784898912
NMSE:  0.13361748079213406
it no: 464 f_tot= 0 f_lik= 0 f_dc (1e6)= 0.0 |g_lik|= 5182.327972894369 |g_dc|= 0.5441474285177116
NMSE:  0.13363708112369177
it no: 466 f_tot= 0 f_lik= 0 f_dc (1e6)= 0.0 |g_lik|= 5179.133026570518 |g_dc|= 0.5440223473886783
NMSE:  0.13365372189684846
it no: 468 f_tot= 0 f_lik= 0 f_dc (1e6)= 0.0 |g_lik|= 5169.302339856626 |g_dc|= 0.5435166238304799
NMSE:  0.13367174920113173
it no: 470 f_tot= 0 f_lik= 0 f_dc (1e6)= 0.0 |g_lik|= 5101.083361332798 |g_dc|= 0.5435700099724416
NMSE:  0.133691698655939
it no: 472 f_tot= 0 f_lik= 0 f_dc (1e6)= 0.0 |g_lik|= 5177.885548137346 |g_dc|= 0.5438706426071062
NMSE:  0.13370651997939811
it no: 474 f_tot= 0 f_lik= 0 f_dc (1e6)= 0.0 |g_lik|= 5154.346869597679 |g_dc|= 0.5431324726698552
NMSE:  0.13372719084559131
it no: 476 f_tot= 0 f_lik= 0 f_dc (1e6)= 0.0 |g_lik|= 5134.861975197495 |g_dc|= 0.5431077027512751
NMSE:  0.13374187319831887
it no: 478 f_tot= 0 f_lik= 0 f_dc (1e6)= 0.0 |g_lik|= 5168.778981731555 |g_dc|= 0.5429475699816776
NMSE:  0.13376344215813538
it no: 480 f_tot= 0 f_lik= 0 f_dc (1e6)= 0.0 |g_lik|= 5127.471402249839 |g_dc|= 0.5430273077122814
NMSE:  0.13377893490949852
it no: 482 f_tot= 0 f_lik= 0 f_dc (1e6)= 0.0 |g_lik|= 5153.706360973156 |g_dc|= 0.5429617150763164
NMSE:  0.13379757644606097
it no: 484 f_tot= 0 f_lik= 0 f_dc (1e6)= 0.0 |g_lik|= 5141.806876748546 |g_dc|= 0.5420747853228886
NMSE:  0.13381320344085723
it no: 486 f_tot= 0 f_lik= 0 f_dc (1e6)= 0.0 |g_lik|= 5173.463084562581 |g_dc|= 0.5421461025181799
NMSE:  0.13383297421121385
it no: 488 f_tot= 0 f_lik= 0 f_dc (1e6)= 0.0 |g_lik|= 5124.837963080004 |g_dc|= 0.5418525712954654
NMSE:  0.1338520540706247
it no: 490 f_tot= 0 f_lik= 0 f_dc (1e6)= 0.0 |g_lik|= 5072.630521160799 |g_dc|= 0.541809969492731
NMSE:  0.13386925116987183
it no: 492 f_tot= 0 f_lik= 0 f_dc (1e6)= 0.0 |g_lik|= 5123.394711719648 |g_dc|= 0.5411048519136098
NMSE:  0.13388720043104668
it no: 494 f_tot= 0 f_lik= 0 f_dc (1e6)= 0.0 |g_lik|= 5139.914784734265 |g_dc|= 0.5411178038970238
NMSE:  0.13390683504697076
it no: 496 f_tot= 0 f_lik= 0 f_dc (1e6)= 0.0 |g_lik|= 5133.369409503009 |g_dc|= 0.5408552444063051
NMSE:  0.13392493906271544
it no: 498 f_tot= 0 f_lik= 0 f_dc (1e6)= 0.0 |g_lik|= 5146.899131445169 |g_dc|= 0.5405679783630292
NMSE:  0.1339422395402387
it no: 500 f_tot= 0 f_lik= 0 f_dc (1e6)= 0.0 |g_lik|= 5120.085888785236 |g_dc|= 0.5404672711755626
NMSE:  0.13395953397957278
it no: 502 f_tot= 0 f_lik= 0 f_dc (1e6)= 0.0 |g_lik|= 5082.965136025736 |g_dc|= 0.5405635927790655
NMSE:  0.1339780668194691
it no: 504 f_tot= 0 f_lik= 0 f_dc (1e6)= 0.0 |g_lik|= 5116.634971180605 |g_dc|= 0.5401727722450168
NMSE:  0.1339994339693392
it no: 506 f_tot= 0 f_lik= 0 f_dc (1e6)= 0.0 |g_lik|= 5124.051081237541 |g_dc|= 0.5399911221693695
NMSE:  0.13401601759321183
it no: 508 f_tot= 0 f_lik= 0 f_dc (1e6)= 0.0 |g_lik|= 5130.179369198543 |g_dc|= 0.5398308408248579
NMSE:  0.1340375901959722
it no: 510 f_tot= 0 f_lik= 0 f_dc (1e6)= 0.0 |g_lik|= 5077.019952631156 |g_dc|= 0.5399222873380715
NMSE:  0.13405516006331045
it no: 512 f_tot= 0 f_lik= 0 f_dc (1e6)= 0.0 |g_lik|= 5103.438442621128 |g_dc|= 0.5396214332035288
NMSE:  0.13407419179988248
it no: 514 f_tot= 0 f_lik= 0 f_dc (1e6)= 0.0 |g_lik|= 5100.247176585656 |g_dc|= 0.5395280231351544
NMSE:  0.13409548491381604
it no: 516 f_tot= 0 f_lik= 0 f_dc (1e6)= 0.0 |g_lik|= 5056.430037201412 |g_dc|= 0.5396170158638419
NMSE:  0.13411223895220536
it no: 518 f_tot= 0 f_lik= 0 f_dc (1e6)= 0.0 |g_lik|= 5087.7332246386495 |g_dc|= 0.5388009361830118
NMSE:  0.13413125291270175
it no: 520 f_tot= 0 f_lik= 0 f_dc (1e6)= 0.0 |g_lik|= 5026.998155861113 |g_dc|= 0.538777529955759
NMSE:  0.13415116825530682
it no: 522 f_tot= 0 f_lik= 0 f_dc (1e6)= 0.0 |g_lik|= 5102.65712486045 |g_dc|= 0.5382060736417811
NMSE:  0.1341701252842806
it no: 524 f_tot= 0 f_lik= 0 f_dc (1e6)= 0.0 |g_lik|= 5088.744686293101 |g_dc|= 0.5391195035524183
NMSE:  0.13419007976306516
it no: 526 f_tot= 0 f_lik= 0 f_dc (1e6)= 0.0 |g_lik|= 5049.270690675755 |g_dc|= 0.5380240158476961
NMSE:  0.13420852959618035
it no: 528 f_tot= 0 f_lik= 0 f_dc (1e6)= 0.0 |g_lik|= 5063.4911218649895 |g_dc|= 0.5380827908417215
NMSE:  0.134227299912871
it no: 530 f_tot= 0 f_lik= 0 f_dc (1e6)= 0.0 |g_lik|= 5086.957682472669 |g_dc|= 0.5374467605779388
NMSE:  0.13424560894491525
it no: 532 f_tot= 0 f_lik= 0 f_dc (1e6)= 0.0 |g_lik|= 5119.982688683293 |g_dc|= 0.5377075941630263
NMSE:  0.1342666797350089
it no: 534 f_tot= 0 f_lik= 0 f_dc (1e6)= 0.0 |g_lik|= 5160.040072212606 |g_dc|= 0.5375065407087222
NMSE:  0.13428662404669747
it no: 536 f_tot= 0 f_lik= 0 f_dc (1e6)= 0.0 |g_lik|= 5057.966426393373 |g_dc|= 0.5378280146259956
NMSE:  0.13430710128862725
it no: 538 f_tot= 0 f_lik= 0 f_dc (1e6)= 0.0 |g_lik|= 5130.711914354709 |g_dc|= 0.5371658474894947
NMSE:  0.13432553411766307
it no: 540 f_tot= 0 f_lik= 0 f_dc (1e6)= 0.0 |g_lik|= 5156.417925264335 |g_dc|= 0.5374862991258865
NMSE:  0.1343441135220721
it no: 542 f_tot= 0 f_lik= 0 f_dc (1e6)= 0.0 |g_lik|= 5025.526278138085 |g_dc|= 0.5375158609261368
NMSE:  0.1343659657288764
it no: 544 f_tot= 0 f_lik= 0 f_dc (1e6)= 0.0 |g_lik|= 5076.848207857061 |g_dc|= 0.5366418929797414
NMSE:  0.1343849689538467
it no: 546 f_tot= 0 f_lik= 0 f_dc (1e6)= 0.0 |g_lik|= 5045.169940854744 |g_dc|= 0.536707060499417
NMSE:  0.13440755207432323
it no: 548 f_tot= 0 f_lik= 0 f_dc (1e6)= 0.0 |g_lik|= 5060.009963607836 |g_dc|= 0.5365833055438944
NMSE:  0.1344244772092678
it no: 550 f_tot= 0 f_lik= 0 f_dc (1e6)= 0.0 |g_lik|= 5110.287592286428 |g_dc|= 0.5359943610037331
NMSE:  0.13444689037719684
it no: 552 f_tot= 0 f_lik= 0 f_dc (1e6)= 0.0 |g_lik|= 5084.951545000413 |g_dc|= 0.5364076954505754
NMSE:  0.13446385448281836
it no: 554 f_tot= 0 f_lik= 0 f_dc (1e6)= 0.0 |g_lik|= 5063.276767621432 |g_dc|= 0.5358772946869019
NMSE:  0.13448693885703186
it no: 556 f_tot= 0 f_lik= 0 f_dc (1e6)= 0.0 |g_lik|= 4973.212148019093 |g_dc|= 0.5356009543346987
NMSE:  0.13450714871917402
it no: 558 f_tot= 0 f_lik= 0 f_dc (1e6)= 0.0 |g_lik|= 5063.113018043741 |g_dc|= 0.5349754979783896
NMSE:  0.13452972882938796
it no: 560 f_tot= 0 f_lik= 0 f_dc (1e6)= 0.0 |g_lik|= 5073.726861647184 |g_dc|= 0.5351791409965015
NMSE:  0.13455073571129533
it no: 562 f_tot= 0 f_lik= 0 f_dc (1e6)= 0.0 |g_lik|= 5129.614975443769 |g_dc|= 0.5343352836292381
NMSE:  0.134571117142249
it no: 564 f_tot= 0 f_lik= 0 f_dc (1e6)= 0.0 |g_lik|= 5126.892472928815 |g_dc|= 0.5351444698666126
NMSE:  0.13459047115046488
it no: 566 f_tot= 0 f_lik= 0 f_dc (1e6)= 0.0 |g_lik|= 5067.777360802933 |g_dc|= 0.5345403890759415
NMSE:  0.13461268078190475
it no: 568 f_tot= 0 f_lik= 0 f_dc (1e6)= 0.0 |g_lik|= 5062.192367823924 |g_dc|= 0.5348422504408619
NMSE:  0.13463018430588752
it no: 570 f_tot= 0 f_lik= 0 f_dc (1e6)= 0.0 |g_lik|= 5022.76391647302 |g_dc|= 0.5340700387998687
NMSE:  0.1346515628110973
it no: 572 f_tot= 0 f_lik= 0 f_dc (1e6)= 0.0 |g_lik|= 5022.753315135408 |g_dc|= 0.5340926993260098
NMSE:  0.13467214385632897
it no: 574 f_tot= 0 f_lik= 0 f_dc (1e6)= 0.0 |g_lik|= 5107.530910971682 |g_dc|= 0.5340143844971571
NMSE:  0.1346937697797382
it no: 576 f_tot= 0 f_lik= 0 f_dc (1e6)= 0.0 |g_lik|= 5082.883925902219 |g_dc|= 0.5342676136761995
NMSE:  0.13471578243825705
it no: 578 f_tot= 0 f_lik= 0 f_dc (1e6)= 0.0 |g_lik|= 5026.494199151837 |g_dc|= 0.5339140572105746
NMSE:  0.1347364245948562
it no: 580 f_tot= 0 f_lik= 0 f_dc (1e6)= 0.0 |g_lik|= 5095.113969436105 |g_dc|= 0.5334171984553291
NMSE:  0.13475895879880653
it no: 582 f_tot= 0 f_lik= 0 f_dc (1e6)= 0.0 |g_lik|= 5094.144708223515 |g_dc|= 0.5338071400262233
NMSE:  0.13477894789306316
it no: 584 f_tot= 0 f_lik= 0 f_dc (1e6)= 0.0 |g_lik|= 5082.404234343077 |g_dc|= 0.5336750684283179
NMSE:  0.1348014257701563
it no: 586 f_tot= 0 f_lik= 0 f_dc (1e6)= 0.0 |g_lik|= 5068.37019764161 |g_dc|= 0.5331361051433124
NMSE:  0.13482368837369682
it no: 588 f_tot= 0 f_lik= 0 f_dc (1e6)= 0.0 |g_lik|= 5032.396551959837 |g_dc|= 0.5330919767147977
NMSE:  0.13484255677766563
it no: 590 f_tot= 0 f_lik= 0 f_dc (1e6)= 0.0 |g_lik|= 5097.209653354534 |g_dc|= 0.5324814155038902
NMSE:  0.1348659469415033
it no: 592 f_tot= 0 f_lik= 0 f_dc (1e6)= 0.0 |g_lik|= 5081.187610949859 |g_dc|= 0.5332962523876335
NMSE:  0.13488779942690896
it no: 594 f_tot= 0 f_lik= 0 f_dc (1e6)= 0.0 |g_lik|= 5072.761003637057 |g_dc|= 0.5324700822020731
NMSE:  0.13491249603745312
it no: 596 f_tot= 0 f_lik= 0 f_dc (1e6)= 0.0 |g_lik|= 5021.560563398408 |g_dc|= 0.5328187410002098
NMSE:  0.1349326399045703
it no: 598 f_tot= 0 f_lik= 0 f_dc (1e6)= 0.0 |g_lik|= 5075.415559267147 |g_dc|= 0.5317926520479306
NMSE:  0.1349542138145674
('<<RECONSTRUCTION DONE>>', '     Subject: ', 'file_brain_AXFLAIR_200_6002462.h5', '     NMSE = ', 1.0, '      RMS = ', 0.4804610975864631, '     SSIM = ', 0.021683872692719895)
