('Under sample factor: ', 4)
FLAIR20201020-125121/jonatank_lat60_ns50_ps28_modalityFLAIR_step100000.ckpt
Read from existing sensmap pattern file
Read from existing u.s. pattern file
xxxxxxxxxxxxxxxxxxx contRec is 
xxxxxxxxxxxxxxxxxxx parfact is 25
---- Defining VAE
>>> lat_dim value: 60
>>> mode is: MRIunproc
2020-10-27 16:55:43.610174: I tensorflow/core/platform/cpu_feature_guard.cc:141] Your CPU supports instructions that this TensorFlow binary was not compiled to use: AVX2 FMA
2020-10-27 16:55:43.790421: I tensorflow/core/common_runtime/gpu/gpu_device.cc:1432] Found device 0 with properties: 
name: TITAN Xp major: 6 minor: 1 memoryClockRate(GHz): 1.582
pciBusID: 0000:84:00.0
totalMemory: 11.91GiB freeMemory: 11.76GiB
2020-10-27 16:55:43.790458: I tensorflow/core/common_runtime/gpu/gpu_device.cc:1511] Adding visible gpu devices: 0
2020-10-27 16:55:49.804691: I tensorflow/core/common_runtime/gpu/gpu_device.cc:982] Device interconnect StreamExecutor with strength 1 edge matrix:
2020-10-27 16:55:49.804739: I tensorflow/core/common_runtime/gpu/gpu_device.cc:988]      0 
2020-10-27 16:55:49.804749: I tensorflow/core/common_runtime/gpu/gpu_device.cc:1001] 0:   N 
2020-10-27 16:55:49.806434: I tensorflow/core/common_runtime/gpu/gpu_device.cc:1115] Created TensorFlow device (/job:localhost/replica:0/task:0/device:GPU:0 with 11376 MB memory) -> physical GPU (device: 0, name: TITAN Xp, pci bus id: 0000:84:00.0, compute capability: 6.1)
Initialized parameters
KCT-info: loaded the new model, trained fastmri
KCT-INFO: the gradients: 
Tensor("gradients_2/AddN_3:0", shape=(1250, 784), dtype=float32)
Tensor("gradients_3/Reshape_2_grad/Reshape:0", shape=(1250, 784), dtype=float32)
Tensor("gradients_4/Reshape_2_grad/Reshape:0", shape=(1250, 784), dtype=float32)
_____DIRECT APPROX_____
KCT-INFO: there will be in total 1035 patches.
contRec is 
it no: 0 f_tot= 0 f_lik= 0 f_dc (1e6)= 0.0 |g_lik|= 16343.038671236785 |g_dc|= 14.165937826947184
NMSE:  0.15677923155413614
it no: 2 f_tot= 0 f_lik= 0 f_dc (1e6)= 0.0 |g_lik|= 11343.531766919537 |g_dc|= 7.687668474357823
NMSE:  0.15043756984227322
it no: 4 f_tot= 0 f_lik= 0 f_dc (1e6)= 0.0 |g_lik|= 9995.100845956316 |g_dc|= 4.954750505396278
NMSE:  0.14699449801355954
it no: 6 f_tot= 0 f_lik= 0 f_dc (1e6)= 0.0 |g_lik|= 8851.986513760723 |g_dc|= 3.573322852472475
NMSE:  0.14480271626193442
it no: 8 f_tot= 0 f_lik= 0 f_dc (1e6)= 0.0 |g_lik|= 8348.538142800193 |g_dc|= 2.789498325092427
NMSE:  0.1432269159540022
it no: 10 f_tot= 0 f_lik= 0 f_dc (1e6)= 0.0 |g_lik|= 7985.9367349097165 |g_dc|= 2.2974445140932778
NMSE:  0.1420284924166349
it no: 12 f_tot= 0 f_lik= 0 f_dc (1e6)= 0.0 |g_lik|= 7585.226356169101 |g_dc|= 1.9615348812000866
NMSE:  0.14107773667278445
it no: 14 f_tot= 0 f_lik= 0 f_dc (1e6)= 0.0 |g_lik|= 7456.246754178021 |g_dc|= 1.7170413501751665
NMSE:  0.14029525143893204
it no: 16 f_tot= 0 f_lik= 0 f_dc (1e6)= 0.0 |g_lik|= 7201.104526418113 |g_dc|= 1.5318697084499846
NMSE:  0.13964494101631802
it no: 18 f_tot= 0 f_lik= 0 f_dc (1e6)= 0.0 |g_lik|= 7144.654537458189 |g_dc|= 1.3870929219019517
NMSE:  0.1390747917637481
it no: 20 f_tot= 0 f_lik= 0 f_dc (1e6)= 0.0 |g_lik|= 7000.874071826642 |g_dc|= 1.2711773422278538
NMSE:  0.13858543839176127
it no: 22 f_tot= 0 f_lik= 0 f_dc (1e6)= 0.0 |g_lik|= 6639.078521063391 |g_dc|= 1.1770182710588064
NMSE:  0.1381502207773895
it no: 24 f_tot= 0 f_lik= 0 f_dc (1e6)= 0.0 |g_lik|= 6685.187104604225 |g_dc|= 1.0992231929504523
NMSE:  0.13776231254744487
it no: 26 f_tot= 0 f_lik= 0 f_dc (1e6)= 0.0 |g_lik|= 6604.7160031774865 |g_dc|= 1.0367223334089426
NMSE:  0.13741290588315216
it no: 28 f_tot= 0 f_lik= 0 f_dc (1e6)= 0.0 |g_lik|= 6485.252708545036 |g_dc|= 0.9835353577099419
NMSE:  0.13709836173302176
it no: 30 f_tot= 0 f_lik= 0 f_dc (1e6)= 0.0 |g_lik|= 6354.863251997336 |g_dc|= 0.9391548014790106
slurmstepd: error: *** JOB 123198 ON bmicgpu02 CANCELLED AT 2020-10-27T16:57:17 ***
