('Under sample factor: ', 4)
FLAIR20201020-125121/jonatank_lat60_ns50_ps28_modalityFLAIR_step100000.ckpt
Read from existing sensmap pattern file
Read from existing u.s. pattern file
xxxxxxxxxxxxxxxxxxx contRec is 
xxxxxxxxxxxxxxxxxxx parfact is 25
---- Defining VAE
>>> lat_dim value: 60
>>> mode is: MRIunproc
2020-10-29 18:32:52.698669: I tensorflow/core/platform/cpu_feature_guard.cc:141] Your CPU supports instructions that this TensorFlow binary was not compiled to use: AVX2 FMA
2020-10-29 18:32:52.840988: I tensorflow/core/common_runtime/gpu/gpu_device.cc:1432] Found device 0 with properties: 
name: GeForce GTX TITAN X major: 5 minor: 2 memoryClockRate(GHz): 1.076
pciBusID: 0000:83:00.0
totalMemory: 11.93GiB freeMemory: 11.82GiB
2020-10-29 18:32:52.841030: I tensorflow/core/common_runtime/gpu/gpu_device.cc:1511] Adding visible gpu devices: 0
2020-10-29 18:32:53.293036: I tensorflow/core/common_runtime/gpu/gpu_device.cc:982] Device interconnect StreamExecutor with strength 1 edge matrix:
2020-10-29 18:32:53.293083: I tensorflow/core/common_runtime/gpu/gpu_device.cc:988]      0 
2020-10-29 18:32:53.293091: I tensorflow/core/common_runtime/gpu/gpu_device.cc:1001] 0:   N 
2020-10-29 18:32:53.293274: I tensorflow/core/common_runtime/gpu/gpu_device.cc:1115] Created TensorFlow device (/job:localhost/replica:0/task:0/device:GPU:0 with 11435 MB memory) -> physical GPU (device: 0, name: GeForce GTX TITAN X, pci bus id: 0000:83:00.0, compute capability: 5.2)
Initialized parameters
KCT-info: loaded the new model, trained fastmri
KCT-INFO: the gradients: 
Tensor("gradients_2/AddN_3:0", shape=(1250, 784), dtype=float32)
Tensor("gradients_3/Reshape_2_grad/Reshape:0", shape=(1250, 784), dtype=float32)
Tensor("gradients_4/Reshape_2_grad/Reshape:0", shape=(1250, 784), dtype=float32)
_____DIRECT APPROX_____
KCT-INFO: there will be in total 1035 patches.
contRec is 
/scratch_net/bmicdl03/jonatank/code/ddp/vaerecon.py:431: RuntimeWarning: invalid value encountered in true_divide
  recstmp_1 = recstmp - alpha * lambda_lik * g_lik * 1/g_lik_var
it no: 0 f_tot= 0 f_lik= 0 TV norm= nan f_dc (1e6)= 0.0 |g_lik|= 16142.22960468536 |g_dc|= 13.189990624047828 |g_tv|= nan
NMSE:  nan
it no: 2 f_tot= 0 f_lik= 0 TV norm= nan f_dc (1e6)= 0.0 |g_lik|= nan |g_dc|= nan |g_tv|= nan
NMSE:  nan
it no: 4 f_tot= 0 f_lik= 0 TV norm= nan f_dc (1e6)= 0.0 |g_lik|= nan |g_dc|= nan |g_tv|= nan
NMSE:  nan
it no: 6 f_tot= 0 f_lik= 0 TV norm= nan f_dc (1e6)= 0.0 |g_lik|= nan |g_dc|= nan |g_tv|= nan
NMSE:  nan
it no: 8 f_tot= 0 f_lik= 0 TV norm= nan f_dc (1e6)= 0.0 |g_lik|= nan |g_dc|= nan |g_tv|= nan
NMSE:  nan
it no: 10 f_tot= 0 f_lik= 0 TV norm= nan f_dc (1e6)= 0.0 |g_lik|= nan |g_dc|= nan |g_tv|= nan
NMSE:  nan
it no: 12 f_tot= 0 f_lik= 0 TV norm= nan f_dc (1e6)= 0.0 |g_lik|= nan |g_dc|= nan |g_tv|= nan
NMSE:  nan
it no: 14 f_tot= 0 f_lik= 0 TV norm= nan f_dc (1e6)= 0.0 |g_lik|= nan |g_dc|= nan |g_tv|= nan
NMSE:  nan
it no: 16 f_tot= 0 f_lik= 0 TV norm= nan f_dc (1e6)= 0.0 |g_lik|= nan |g_dc|= nan |g_tv|= nan
NMSE:  nan
it no: 18 f_tot= 0 f_lik= 0 TV norm= nan f_dc (1e6)= 0.0 |g_lik|= nan |g_dc|= nan |g_tv|= nan
NMSE:  nan
slurmstepd: error: *** JOB 131132 ON biwirender10 CANCELLED AT 2020-10-29T18:34:17 ***
