('Under sample factor: ', 4)
FLAIR20201020-125121/jonatank_lat60_ns50_ps28_modalityFLAIR_step100000.ckpt
Read from existing sensmap pattern file
Read from existing u.s. pattern file
xxxxxxxxxxxxxxxxxxx contRec is 
xxxxxxxxxxxxxxxxxxx parfact is 25
---- Defining VAE
>>> lat_dim value: 60
>>> mode is: MRIunproc
2020-11-03 09:12:18.463468: I tensorflow/core/platform/cpu_feature_guard.cc:141] Your CPU supports instructions that this TensorFlow binary was not compiled to use: AVX2 FMA
2020-11-03 09:12:18.815783: I tensorflow/core/common_runtime/gpu/gpu_device.cc:1432] Found device 0 with properties: 
name: GeForce GTX 1080 Ti major: 6 minor: 1 memoryClockRate(GHz): 1.582
pciBusID: 0000:87:00.0
totalMemory: 10.92GiB freeMemory: 10.77GiB
2020-11-03 09:12:18.815833: I tensorflow/core/common_runtime/gpu/gpu_device.cc:1511] Adding visible gpu devices: 0
2020-11-03 09:12:29.917638: I tensorflow/core/common_runtime/gpu/gpu_device.cc:982] Device interconnect StreamExecutor with strength 1 edge matrix:
2020-11-03 09:12:29.917686: I tensorflow/core/common_runtime/gpu/gpu_device.cc:988]      0 
2020-11-03 09:12:29.917696: I tensorflow/core/common_runtime/gpu/gpu_device.cc:1001] 0:   N 
2020-11-03 09:12:29.918073: I tensorflow/core/common_runtime/gpu/gpu_device.cc:1115] Created TensorFlow device (/job:localhost/replica:0/task:0/device:GPU:0 with 10419 MB memory) -> physical GPU (device: 0, name: GeForce GTX 1080 Ti, pci bus id: 0000:87:00.0, compute capability: 6.1)
Initialized parameters
KCT-info: loaded the new model, trained fastmri
KCT-INFO: the gradients: 
Tensor("gradients_2/AddN_3:0", shape=(1250, 784), dtype=float32)
Tensor("gradients_3/Reshape_2_grad/Reshape:0", shape=(1250, 784), dtype=float32)
Tensor("gradients_4/Reshape_2_grad/Reshape:0", shape=(1250, 784), dtype=float32)
_____DIRECT APPROX_____
KCT-INFO: there will be in total 1035 patches.
contRec is 
it no: 0 f_tot= 0 f_lik= 0 TV norm= 3223.151403154686 f_dc (1e6)= 0.0 |g_lik|= 0.07055590118393715 |g_dc|= 12.563572337211482 |g_tv|= 373.6102470121977
NMSE:  0.1653789576706954
it no: 2 f_tot= 0 f_lik= 0 TV norm= 3838.691667585082 f_dc (1e6)= 0.0 |g_lik|= 0.0957756216214203 |g_dc|= 6.934446449343478 |g_tv|= 392.22974158431884
NMSE:  0.15830354096951352
it no: 4 f_tot= 0 f_lik= 0 TV norm= 4153.017238346496 f_dc (1e6)= 0.0 |g_lik|= 0.11630652055912724 |g_dc|= 4.6027309588830585 |g_tv|= 401.58289985979775
NMSE:  0.15440277463292612
it no: 6 f_tot= 0 f_lik= 0 TV norm= 4342.833958410693 f_dc (1e6)= 0.0 |g_lik|= 0.12958358498955788 |g_dc|= 3.409174897844414 |g_tv|= 407.21115891093046
NMSE:  0.15188611270289765
it no: 8 f_tot= 0 f_lik= 0 TV norm= 4470.756719563971 f_dc (1e6)= 0.0 |g_lik|= 0.14246567343352615 |g_dc|= 2.7052225416214597 |g_tv|= 411.4229147109931
NMSE:  0.15010001032232947
it no: 10 f_tot= 0 f_lik= 0 TV norm= 4564.81650180843 f_dc (1e6)= 0.0 |g_lik|= 0.14892501633204652 |g_dc|= 2.239270187395372 |g_tv|= 414.5101653014674
NMSE:  0.14875506567092306
it no: 12 f_tot= 0 f_lik= 0 TV norm= 4639.009302041503 f_dc (1e6)= 0.0 |g_lik|= 0.15344124289552324 |g_dc|= 1.9043870044381905 |g_tv|= 417.08667744636045
NMSE:  0.1476995530317488
it no: 14 f_tot= 0 f_lik= 0 TV norm= 4700.595662649512 f_dc (1e6)= 0.0 |g_lik|= 0.15755351785575133 |g_dc|= 1.6504071649179695 |g_tv|= 419.2478993705977
NMSE:  0.14684753676044182
it no: 16 f_tot= 0 f_lik= 0 TV norm= 4753.7706076730365 f_dc (1e6)= 0.0 |g_lik|= 0.1624559687285066 |g_dc|= 1.4509254395480484 |g_tv|= 421.23775556482406
NMSE:  0.14614441532237366
it no: 18 f_tot= 0 f_lik= 0 TV norm= 4800.899390536592 f_dc (1e6)= 0.0 |g_lik|= 0.16764052870160345 |g_dc|= 1.290450251825189 |g_tv|= 423.0296306627799
NMSE:  0.1455556301325478
it no: 20 f_tot= 0 f_lik= 0 TV norm= 4843.576752039848 f_dc (1e6)= 0.0 |g_lik|= 0.17099170603318867 |g_dc|= 1.1590676921614975 |g_tv|= 424.7107310881286
NMSE:  0.14505606092040582
it no: 22 f_tot= 0 f_lik= 0 TV norm= 4882.769342379586 f_dc (1e6)= 0.0 |g_lik|= 0.17137261979916402 |g_dc|= 1.0500103683172997 |g_tv|= 426.2244593346372
NMSE:  0.14462722874508008
it no: 24 f_tot= 0 f_lik= 0 TV norm= 4919.151315344754 f_dc (1e6)= 0.0 |g_lik|= 0.17384257206488044 |g_dc|= 0.9584422924046813 |g_tv|= 427.6059064669502
NMSE:  0.14425536350616158
it no: 26 f_tot= 0 f_lik= 0 TV norm= 4953.266765476706 f_dc (1e6)= 0.0 |g_lik|= 0.17816609763970928 |g_dc|= 0.880790630666544 |g_tv|= 428.97444560026514
NMSE:  0.14392991470071292
it no: 28 f_tot= 0 f_lik= 0 TV norm= 4985.453529310871 f_dc (1e6)= 0.0 |g_lik|= 0.17868968839896635 |g_dc|= 0.8143519983063084 |g_tv|= 430.25997130350953
NMSE:  0.1436427502367014
it no: 30 f_tot= 0 f_lik= 0 TV norm= 5015.9281866405745 f_dc (1e6)= 0.0 |g_lik|= 0.18084633332735592 |g_dc|= 0.7570407432405952 |g_tv|= 431.4325233377641
NMSE:  0.14338764155464248
it no: 32 f_tot= 0 f_lik= 0 TV norm= 5044.910976044765 f_dc (1e6)= 0.0 |g_lik|= 0.1815846810189176 |g_dc|= 0.7072251989592059 |g_tv|= 432.5022821190386
NMSE:  0.14315967021448028
it no: 34 f_tot= 0 f_lik= 0 TV norm= 5072.616491942559 f_dc (1e6)= 0.0 |g_lik|= 0.18251591530206068 |g_dc|= 0.6636145772980266 |g_tv|= 433.4765496668507
NMSE:  0.14295480390562412
it no: 36 f_tot= 0 f_lik= 0 TV norm= 5099.197795581474 f_dc (1e6)= 0.0 |g_lik|= 0.18535661885520122 |g_dc|= 0.6251781054285033 |g_tv|= 434.42837140623436
NMSE:  0.14277021500527332
it no: 38 f_tot= 0 f_lik= 0 TV norm= 5124.814337615628 f_dc (1e6)= 0.0 |g_lik|= 0.18574675740395463 |g_dc|= 0.5910865153104369 |g_tv|= 435.29264924752215
NMSE:  0.142603391373205
it no: 40 f_tot= 0 f_lik= 0 TV norm= 5149.574156884278 f_dc (1e6)= 0.0 |g_lik|= 0.18859076861294205 |g_dc|= 0.5606674916598208 |g_tv|= 436.1167045601926
NMSE:  0.14245213627599684
it no: 42 f_tot= 0 f_lik= 0 TV norm= 5173.562862269536 f_dc (1e6)= 0.0 |g_lik|= 0.18693800184637596 |g_dc|= 0.5333731830103635 |g_tv|= 436.89984496565927
NMSE:  0.1423143951361713
it no: 44 f_tot= 0 f_lik= 0 TV norm= 5196.828864986489 f_dc (1e6)= 0.0 |g_lik|= 0.18922982771940294 |g_dc|= 0.5087536290166976 |g_tv|= 437.6582597647745
NMSE:  0.1421886794187195
it no: 46 f_tot= 0 f_lik= 0 TV norm= 5219.433949214412 f_dc (1e6)= 0.0 |g_lik|= 0.19076232163268733 |g_dc|= 0.4864378924522041 |g_tv|= 438.3609316019264
NMSE:  0.14207369569050163
it no: 48 f_tot= 0 f_lik= 0 TV norm= 5241.446763381425 f_dc (1e6)= 0.0 |g_lik|= 0.19396015894933716 |g_dc|= 0.4661180810430139 |g_tv|= 439.0704733280378
NMSE:  0.1419684161111711
it no: 50 f_tot= 0 f_lik= 0 TV norm= 5262.928853371747 f_dc (1e6)= 0.0 |g_lik|= 0.19500810632844162 |g_dc|= 0.4475374902347864 |g_tv|= 439.74084835874265
NMSE:  0.14187195601419703
it no: 52 f_tot= 0 f_lik= 0 TV norm= 5283.9260208989335 f_dc (1e6)= 0.0 |g_lik|= 0.1934216157037306 |g_dc|= 0.43048073086894534 |g_tv|= 440.38758086810765
NMSE:  0.1417835400042141
it no: 54 f_tot= 0 f_lik= 0 TV norm= 5304.479240450502 f_dc (1e6)= 0.0 |g_lik|= 0.1951948809391439 |g_dc|= 0.41476617424325496 |g_tv|= 441.0355340408926
NMSE:  0.1417025166854535
it no: 56 f_tot= 0 f_lik= 0 TV norm= 5324.624070412761 f_dc (1e6)= 0.0 |g_lik|= 0.1946985856695214 |g_dc|= 0.40023972254691603 |g_tv|= 441.6488746149247
NMSE:  0.1416282021647086
it no: 58 f_tot= 0 f_lik= 0 TV norm= 5344.3783475936025 f_dc (1e6)= 0.0 |g_lik|= 0.19682174680512965 |g_dc|= 0.3867701060295824 |g_tv|= 442.21466452377587
NMSE:  0.1415599240957445
it no: 60 f_tot= 0 f_lik= 0 TV norm= 5363.749212504738 f_dc (1e6)= 0.0 |g_lik|= 0.19864062556260148 |g_dc|= 0.37424483285900384 |g_tv|= 442.76108620270355
NMSE:  0.14149728463466546
it no: 62 f_tot= 0 f_lik= 0 TV norm= 5382.77225741423 f_dc (1e6)= 0.0 |g_lik|= 0.19739551157247576 |g_dc|= 0.36256672770783926 |g_tv|= 443.300825490973
NMSE:  0.1414399060404034
it no: 64 f_tot= 0 f_lik= 0 TV norm= 5401.477655826562 f_dc (1e6)= 0.0 |g_lik|= 0.19906616962466683 |g_dc|= 0.3516517901908334 |g_tv|= 443.8250384154099
NMSE:  0.14138744913786394
it no: 66 f_tot= 0 f_lik= 0 TV norm= 5419.887984505195 f_dc (1e6)= 0.0 |g_lik|= 0.19768369104253194 |g_dc|= 0.34142694728274864 |g_tv|= 444.32461061882316
NMSE:  0.1413395979084697
it no: 68 f_tot= 0 f_lik= 0 TV norm= 5438.028606827934 f_dc (1e6)= 0.0 |g_lik|= 0.19980073140110904 |g_dc|= 0.3318282092949933 |g_tv|= 444.8377576786966
NMSE:  0.1412960589147997
it no: 70 f_tot= 0 f_lik= 0 TV norm= 5455.916257790259 f_dc (1e6)= 0.0 |g_lik|= 0.20039710718903198 |g_dc|= 0.3227994520603001 |g_tv|= 445.3203164860123
NMSE:  0.141256531184771
it no: 72 f_tot= 0 f_lik= 0 TV norm= 5473.5557200399235 f_dc (1e6)= 0.0 |g_lik|= 0.2020878759052273 |g_dc|= 0.31429122547922717 |g_tv|= 445.7838300925457
NMSE:  0.1412207173988351
it no: 74 f_tot= 0 f_lik= 0 TV norm= 5490.9519302419385 f_dc (1e6)= 0.0 |g_lik|= 0.20237354345814948 |g_dc|= 0.30625972189332346 |g_tv|= 446.2397931536896
NMSE:  0.14118839659642843
it no: 76 f_tot= 0 f_lik= 0 TV norm= 5508.120475642971 f_dc (1e6)= 0.0 |g_lik|= 0.2009178935649703 |g_dc|= 0.2986658872260238 |g_tv|= 446.691732973105
NMSE:  0.14115938582693024
it no: 78 f_tot= 0 f_lik= 0 TV norm= 5525.073872667706 f_dc (1e6)= 0.0 |g_lik|= 0.20180695014436015 |g_dc|= 0.2914748546400392 |g_tv|= 447.12113081870706
NMSE:  0.14113353280296925
it no: 80 f_tot= 0 f_lik= 0 TV norm= 5541.830874574531 f_dc (1e6)= 0.0 |g_lik|= 0.2047436091340627 |g_dc|= 0.28465545144778714 |g_tv|= 447.52708497492574
NMSE:  0.14111067791147977
it no: 82 f_tot= 0 f_lik= 0 TV norm= 5558.399093665863 f_dc (1e6)= 0.0 |g_lik|= 0.20431529221680636 |g_dc|= 0.27817977059308946 |g_tv|= 447.9389943601459
NMSE:  0.1410906813764386
it no: 84 f_tot= 0 f_lik= 0 TV norm= 5574.784638535241 f_dc (1e6)= 0.0 |g_lik|= 0.20424472026008336 |g_dc|= 0.2720225862663313 |g_tv|= 448.33543935499426
NMSE:  0.14107339889336748
it no: 86 f_tot= 0 f_lik= 0 TV norm= 5590.997568003271 f_dc (1e6)= 0.0 |g_lik|= 0.20475320631572458 |g_dc|= 0.26616107008863765 |g_tv|= 448.7244934961728
NMSE:  0.14105868553286208
it no: 88 f_tot= 0 f_lik= 0 TV norm= 5607.045841029996 f_dc (1e6)= 0.0 |g_lik|= 0.20317090079768088 |g_dc|= 0.2605745425782146 |g_tv|= 449.10766513462795
NMSE:  0.14104640036725968
it no: 90 f_tot= 0 f_lik= 0 TV norm= 5622.935786586652 f_dc (1e6)= 0.0 |g_lik|= 0.20520737653625137 |g_dc|= 0.2552442125221105 |g_tv|= 449.48258482269904
NMSE:  0.14103639182096378
it no: 92 f_tot= 0 f_lik= 0 TV norm= 5638.670149686196 f_dc (1e6)= 0.0 |g_lik|= 0.2077569579164205 |g_dc|= 0.25015302839306686 |g_tv|= 449.8486209697199
NMSE:  0.1410285346275902
it no: 94 f_tot= 0 f_lik= 0 TV norm= 5654.252276848845 f_dc (1e6)= 0.0 |g_lik|= 0.20637319692009445 |g_dc|= 0.24528545244553163 |g_tv|= 450.1979689292942
NMSE:  0.14102273435784482
it no: 96 f_tot= 0 f_lik= 0 TV norm= 5669.6900431813265 f_dc (1e6)= 0.0 |g_lik|= 0.20630735489053453 |g_dc|= 0.24062728205531164 |g_tv|= 450.53460777351415
NMSE:  0.14101890167335313
('<<RECONSTRUCTION DONE>>', '     Subject: ', 'file_brain_AXFLAIR_200_6002462.h5', '     NMSE = ', 0.140494877781695, '      RMS = ', 0.06746900787133167, '     SSIM = ', 0.5764778725752685)
