>>> lat_dim value: 60
>>> mode is: jonatank
CAME HERE!! 1
CAME HERE!! 11
2020-09-30 09:44:02.137846: I tensorflow/core/platform/cpu_feature_guard.cc:142] Your CPU supports instructions that this TensorFlow binary was not compiled to use: AVX2 FMA
2020-09-30 09:44:02.153186: I tensorflow/core/platform/profile_utils/cpu_utils.cc:94] CPU Frequency: 2500035000 Hz
2020-09-30 09:44:02.153467: I tensorflow/compiler/xla/service/service.cc:168] XLA service 0x5584fcbec370 initialized for platform Host (this does not guarantee that XLA will be used). Devices:
2020-09-30 09:44:02.153499: I tensorflow/compiler/xla/service/service.cc:176]   StreamExecutor device (0): Host, Default Version
2020-09-30 09:44:02.207267: I tensorflow/stream_executor/platform/default/dso_loader.cc:44] Successfully opened dynamic library libcuda.so.1
2020-09-30 09:44:02.461740: I tensorflow/compiler/xla/service/service.cc:168] XLA service 0x5584fccb09d0 initialized for platform CUDA (this does not guarantee that XLA will be used). Devices:
2020-09-30 09:44:02.461777: I tensorflow/compiler/xla/service/service.cc:176]   StreamExecutor device (0): TITAN X (Pascal), Compute Capability 6.1
2020-09-30 09:44:02.464401: I tensorflow/core/common_runtime/gpu/gpu_device.cc:1618] Found device 0 with properties: 
name: TITAN X (Pascal) major: 6 minor: 1 memoryClockRate(GHz): 1.531
pciBusID: 0000:84:00.0
2020-09-30 09:44:02.466087: W tensorflow/stream_executor/platform/default/dso_loader.cc:55] Could not load dynamic library 'libcudart.so.10.0'; dlerror: libcudart.so.10.0: cannot open shared object file: No such file or directory; LD_LIBRARY_PATH: /usr/pack/slurm-19.05.x-sr/amd64-debian-linux9/lib
2020-09-30 09:44:02.467641: W tensorflow/stream_executor/platform/default/dso_loader.cc:55] Could not load dynamic library 'libcublas.so.10.0'; dlerror: libcublas.so.10.0: cannot open shared object file: No such file or directory; LD_LIBRARY_PATH: /usr/pack/slurm-19.05.x-sr/amd64-debian-linux9/lib
2020-09-30 09:44:02.469974: W tensorflow/stream_executor/platform/default/dso_loader.cc:55] Could not load dynamic library 'libcufft.so.10.0'; dlerror: libcufft.so.10.0: cannot open shared object file: No such file or directory; LD_LIBRARY_PATH: /usr/pack/slurm-19.05.x-sr/amd64-debian-linux9/lib
2020-09-30 09:44:02.473462: W tensorflow/stream_executor/platform/default/dso_loader.cc:55] Could not load dynamic library 'libcurand.so.10.0'; dlerror: libcurand.so.10.0: cannot open shared object file: No such file or directory; LD_LIBRARY_PATH: /usr/pack/slurm-19.05.x-sr/amd64-debian-linux9/lib
2020-09-30 09:44:02.474954: W tensorflow/stream_executor/platform/default/dso_loader.cc:55] Could not load dynamic library 'libcusolver.so.10.0'; dlerror: libcusolver.so.10.0: cannot open shared object file: No such file or directory; LD_LIBRARY_PATH: /usr/pack/slurm-19.05.x-sr/amd64-debian-linux9/lib
2020-09-30 09:44:02.476476: W tensorflow/stream_executor/platform/default/dso_loader.cc:55] Could not load dynamic library 'libcusparse.so.10.0'; dlerror: libcusparse.so.10.0: cannot open shared object file: No such file or directory; LD_LIBRARY_PATH: /usr/pack/slurm-19.05.x-sr/amd64-debian-linux9/lib
2020-09-30 09:44:02.478023: W tensorflow/stream_executor/platform/default/dso_loader.cc:55] Could not load dynamic library 'libcudnn.so.7'; dlerror: libcudnn.so.7: cannot open shared object file: No such file or directory; LD_LIBRARY_PATH: /usr/pack/slurm-19.05.x-sr/amd64-debian-linux9/lib
2020-09-30 09:44:02.478054: W tensorflow/core/common_runtime/gpu/gpu_device.cc:1641] Cannot dlopen some GPU libraries. Please make sure the missing libraries mentioned above are installed properly if you would like to use GPU. Follow the guide at https://www.tensorflow.org/install/gpu for how to download and setup the required libraries for your platform.
Skipping registering GPU devices...
2020-09-30 09:44:02.478080: I tensorflow/core/common_runtime/gpu/gpu_device.cc:1159] Device interconnect StreamExecutor with strength 1 edge matrix:
2020-09-30 09:44:02.478094: I tensorflow/core/common_runtime/gpu/gpu_device.cc:1165]      0 
2020-09-30 09:44:02.478119: I tensorflow/core/common_runtime/gpu/gpu_device.cc:1178] 0:   N 
2020-09-30 09:44:02.482921: I tensorflow/core/common_runtime/gpu/gpu_device.cc:1618] Found device 0 with properties: 
name: TITAN X (Pascal) major: 6 minor: 1 memoryClockRate(GHz): 1.531
pciBusID: 0000:84:00.0
2020-09-30 09:44:02.483111: W tensorflow/stream_executor/platform/default/dso_loader.cc:55] Could not load dynamic library 'libcudart.so.10.0'; dlerror: libcudart.so.10.0: cannot open shared object file: No such file or directory; LD_LIBRARY_PATH: /usr/pack/slurm-19.05.x-sr/amd64-debian-linux9/lib
2020-09-30 09:44:02.483261: W tensorflow/stream_executor/platform/default/dso_loader.cc:55] Could not load dynamic library 'libcublas.so.10.0'; dlerror: libcublas.so.10.0: cannot open shared object file: No such file or directory; LD_LIBRARY_PATH: /usr/pack/slurm-19.05.x-sr/amd64-debian-linux9/lib
2020-09-30 09:44:02.483402: W tensorflow/stream_executor/platform/default/dso_loader.cc:55] Could not load dynamic library 'libcufft.so.10.0'; dlerror: libcufft.so.10.0: cannot open shared object file: No such file or directory; LD_LIBRARY_PATH: /usr/pack/slurm-19.05.x-sr/amd64-debian-linux9/lib
2020-09-30 09:44:02.483539: W tensorflow/stream_executor/platform/default/dso_loader.cc:55] Could not load dynamic library 'libcurand.so.10.0'; dlerror: libcurand.so.10.0: cannot open shared object file: No such file or directory; LD_LIBRARY_PATH: /usr/pack/slurm-19.05.x-sr/amd64-debian-linux9/lib
2020-09-30 09:44:02.483676: W tensorflow/stream_executor/platform/default/dso_loader.cc:55] Could not load dynamic library 'libcusolver.so.10.0'; dlerror: libcusolver.so.10.0: cannot open shared object file: No such file or directory; LD_LIBRARY_PATH: /usr/pack/slurm-19.05.x-sr/amd64-debian-linux9/lib
2020-09-30 09:44:02.483813: W tensorflow/stream_executor/platform/default/dso_loader.cc:55] Could not load dynamic library 'libcusparse.so.10.0'; dlerror: libcusparse.so.10.0: cannot open shared object file: No such file or directory; LD_LIBRARY_PATH: /usr/pack/slurm-19.05.x-sr/amd64-debian-linux9/lib
2020-09-30 09:44:02.483951: W tensorflow/stream_executor/platform/default/dso_loader.cc:55] Could not load dynamic library 'libcudnn.so.7'; dlerror: libcudnn.so.7: cannot open shared object file: No such file or directory; LD_LIBRARY_PATH: /usr/pack/slurm-19.05.x-sr/amd64-debian-linux9/lib
2020-09-30 09:44:02.483972: W tensorflow/core/common_runtime/gpu/gpu_device.cc:1641] Cannot dlopen some GPU libraries. Please make sure the missing libraries mentioned above are installed properly if you would like to use GPU. Follow the guide at https://www.tensorflow.org/install/gpu for how to download and setup the required libraries for your platform.
Skipping registering GPU devices...
2020-09-30 09:44:02.483991: I tensorflow/core/common_runtime/gpu/gpu_device.cc:1159] Device interconnect StreamExecutor with strength 1 edge matrix:
2020-09-30 09:44:02.484004: I tensorflow/core/common_runtime/gpu/gpu_device.cc:1165]      0 
2020-09-30 09:44:02.484016: I tensorflow/core/common_runtime/gpu/gpu_device.cc:1178] 0:   N 
False
CAME HERE!! 12
WARNING:tensorflow:
The TensorFlow contrib module will not be included in TensorFlow 2.0.
For more information, please see:
  * https://github.com/tensorflow/community/blob/master/rfcs/20180907-contrib-sunset.md
  * https://github.com/tensorflow/addons
  * https://github.com/tensorflow/io (for I/O related ops)
If you depend on functionality not listed there, please file an issue.

WARNING:tensorflow:From /scratch_net/bmicdl03/jonatank/conda_envs/tf1/lib/python3.7/site-packages/tensorflow_core/contrib/layers/python/layers/layers.py:1634: flatten (from tensorflow.python.layers.core) is deprecated and will be removed in a future version.
Instructions for updating:
Use keras.layers.flatten instead.
WARNING:tensorflow:From /scratch_net/bmicdl03/jonatank/conda_envs/tf1/lib/python3.7/site-packages/tensorflow_core/python/layers/core.py:332: Layer.apply (from tensorflow.python.keras.engine.base_layer) is deprecated and will be removed in a future version.
Instructions for updating:
Please use `layer.__call__` method instead.
CAME HERE!! 2
WARNING:tensorflow:From /scratch_net/bmicdl03/jonatank/conda_envs/tf1/lib/python3.7/site-packages/tensorflow_core/python/ops/math_grad.py:1375: where (from tensorflow.python.ops.array_ops) is deprecated and will be removed in a future version.
Instructions for updating:
Use tf.where in 2.0, which has the same broadcast rule as np.where
CAME HERE!! 3
CAME HERE!! 31
CAME HERE!! 32
Initialized parameters
CAME HERE!! 33
CAME HERE!! 4
Step 0 | L2 Loss: -116.952 | KLD Loss: 0.017 | L2 Loss_1: 259.689 | L2 Loss_2: 376.641 | loss_tot: -57.481 | L2 Loss test: 144.207
Traceback (most recent call last):
  File "train_vae.py", line 306, in <module>
    batch = MRi.get_patch(batch_size, test=False)
  File "/scratch_net/bmicdl03/jonatank/code/ddp/dataloader.py", line 130, in get_patch
    with h5py.File(self.dirname + '/multicoil_train/' + file, 'r') as fdset:
  File "/scratch_net/bmicdl03/jonatank/conda_envs/tf1/lib/python3.7/site-packages/h5py/_hl/files.py", line 408, in __init__
    swmr=swmr)
  File "/scratch_net/bmicdl03/jonatank/conda_envs/tf1/lib/python3.7/site-packages/h5py/_hl/files.py", line 173, in make_fid
    fid = h5f.open(name, flags, fapl=fapl)
  File "h5py/_objects.pyx", line 54, in h5py._objects.with_phil.wrapper
  File "h5py/_objects.pyx", line 55, in h5py._objects.with_phil.wrapper
  File "h5py/h5f.pyx", line 88, in h5py.h5f.open
OSError: Unable to open file (truncated file: eof = 369178112, sblock->base_addr = 0, stored_eof = 372751856)
