>>> lat_dim value: 60
>>> mode is: jonatank
CAME HERE!! 1
CAME HERE!! 11
2020-10-02 11:55:37.348426: I tensorflow/core/platform/cpu_feature_guard.cc:141] Your CPU supports instructions that this TensorFlow binary was not compiled to use: AVX2 FMA
2020-10-02 11:55:37.685361: I tensorflow/core/common_runtime/gpu/gpu_device.cc:1432] Found device 0 with properties: 
name: GeForce GTX 1080 Ti major: 6 minor: 1 memoryClockRate(GHz): 1.582
pciBusID: 0000:87:00.0
totalMemory: 10.92GiB freeMemory: 10.77GiB
2020-10-02 11:55:37.685436: I tensorflow/core/common_runtime/gpu/gpu_device.cc:1511] Adding visible gpu devices: 0
2020-10-02 11:55:53.677665: I tensorflow/core/common_runtime/gpu/gpu_device.cc:982] Device interconnect StreamExecutor with strength 1 edge matrix:
2020-10-02 11:55:53.703281: I tensorflow/core/common_runtime/gpu/gpu_device.cc:988]      0 
2020-10-02 11:55:53.703300: I tensorflow/core/common_runtime/gpu/gpu_device.cc:1001] 0:   N 
2020-10-02 11:55:53.703591: I tensorflow/core/common_runtime/gpu/gpu_device.cc:1115] Created TensorFlow device (/job:localhost/replica:0/task:0/device:GPU:0 with 10419 MB memory) -> physical GPU (device: 0, name: GeForce GTX 1080 Ti, pci bus id: 0000:87:00.0, compute capability: 6.1)
2020-10-02 11:55:53.704661: I tensorflow/core/common_runtime/gpu/gpu_device.cc:1511] Adding visible gpu devices: 0
2020-10-02 11:55:53.704689: I tensorflow/core/common_runtime/gpu/gpu_device.cc:982] Device interconnect StreamExecutor with strength 1 edge matrix:
2020-10-02 11:55:53.704698: I tensorflow/core/common_runtime/gpu/gpu_device.cc:988]      0 
2020-10-02 11:55:53.704715: I tensorflow/core/common_runtime/gpu/gpu_device.cc:1001] 0:   N 
2020-10-02 11:55:53.704943: I tensorflow/core/common_runtime/gpu/gpu_device.cc:1115] Created TensorFlow device (/device:GPU:0 with 10419 MB memory) -> physical GPU (device: 0, name: GeForce GTX 1080 Ti, pci bus id: 0000:87:00.0, compute capability: 6.1)
True
CAME HERE!! 12
CAME HERE!! 2
CAME HERE!! 3
CAME HERE!! 31
CAME HERE!! 32
Initialized parameters
CAME HERE!! 33
CAME HERE!! 4
Step 0 | L2 Loss: -117.148 | KLD Loss: 0.003 | L2 Loss_1: 257.434 | L2 Loss_2: 374.582 | loss_tot: -58.387 | L2 Loss test: 148.243
slurmstepd: error: *** JOB 64647 ON biwirender17 CANCELLED AT 2020-10-02T12:40:04 ***
