>>> lat_dim value: 60
>>> mode is: jonatank
CAME HERE!! 1
CAME HERE!! 11
2020-10-02 12:17:44.713983: I tensorflow/core/platform/cpu_feature_guard.cc:141] Your CPU supports instructions that this TensorFlow binary was not compiled to use: AVX2 FMA
2020-10-02 12:17:44.831519: I tensorflow/core/common_runtime/gpu/gpu_device.cc:1432] Found device 0 with properties: 
name: GeForce GTX TITAN X major: 5 minor: 2 memoryClockRate(GHz): 1.076
pciBusID: 0000:87:00.0
totalMemory: 11.93GiB freeMemory: 11.82GiB
2020-10-02 12:17:44.831552: I tensorflow/core/common_runtime/gpu/gpu_device.cc:1511] Adding visible gpu devices: 0
2020-10-02 12:17:51.437294: I tensorflow/core/common_runtime/gpu/gpu_device.cc:982] Device interconnect StreamExecutor with strength 1 edge matrix:
2020-10-02 12:17:51.437920: I tensorflow/core/common_runtime/gpu/gpu_device.cc:988]      0 
2020-10-02 12:17:51.437951: I tensorflow/core/common_runtime/gpu/gpu_device.cc:1001] 0:   N 
2020-10-02 12:17:51.438287: I tensorflow/core/common_runtime/gpu/gpu_device.cc:1115] Created TensorFlow device (/job:localhost/replica:0/task:0/device:GPU:0 with 11436 MB memory) -> physical GPU (device: 0, name: GeForce GTX TITAN X, pci bus id: 0000:87:00.0, compute capability: 5.2)
2020-10-02 12:17:51.439320: I tensorflow/core/common_runtime/gpu/gpu_device.cc:1511] Adding visible gpu devices: 0
2020-10-02 12:17:51.439353: I tensorflow/core/common_runtime/gpu/gpu_device.cc:982] Device interconnect StreamExecutor with strength 1 edge matrix:
2020-10-02 12:17:51.439365: I tensorflow/core/common_runtime/gpu/gpu_device.cc:988]      0 
2020-10-02 12:17:51.439373: I tensorflow/core/common_runtime/gpu/gpu_device.cc:1001] 0:   N 
2020-10-02 12:17:51.439614: I tensorflow/core/common_runtime/gpu/gpu_device.cc:1115] Created TensorFlow device (/device:GPU:0 with 11436 MB memory) -> physical GPU (device: 0, name: GeForce GTX TITAN X, pci bus id: 0000:87:00.0, compute capability: 5.2)
True
CAME HERE!! 12
CAME HERE!! 2
CAME HERE!! 3
CAME HERE!! 31
CAME HERE!! 32
Initialized parameters
CAME HERE!! 33
CAME HERE!! 4
Step 0 | L2 Loss: -115.121 | KLD Loss: 0.004 | L2 Loss_1: 259.900 | L2 Loss_2: 375.021 | loss_tot: -58.717 | L2 Loss test: 146.720
Step 10 | L2 Loss: -1881.589 | KLD Loss: 0.004 | L2 Loss_1: 162.906 | L2 Loss_2: 2044.495 | loss_tot: -937.753 | L2 Loss test: 10.132
Step 20 | L2 Loss: -1308.211 | KLD Loss: 0.000 | L2 Loss_1: 388.744 | L2 Loss_2: 1696.955 | loss_tot: -661.212 | L2 Loss test: 33.147
Step 30 | L2 Loss: -2011.985 | KLD Loss: 0.000 | L2 Loss_1: 140.728 | L2 Loss_2: 2152.713 | loss_tot: -1009.957 | L2 Loss test: 7.197
Step 40 | L2 Loss: -797.237 | KLD Loss: 0.000 | L2 Loss_1: 2469.996 | L2 Loss_2: 3267.233 | loss_tot: -395.023 | L2 Loss test: 23.339
Step 50 | L2 Loss: -1073.816 | KLD Loss: 0.000 | L2 Loss_1: 5.787 | L2 Loss_2: 1079.602 | loss_tot: -536.206 | L2 Loss test: 1.386
Step 60 | L2 Loss: -855.592 | KLD Loss: 0.000 | L2 Loss_1: 4.313 | L2 Loss_2: 859.906 | loss_tot: -428.797 | L2 Loss test: 1.436
Step 70 | L2 Loss: -1165.186 | KLD Loss: 0.001 | L2 Loss_1: 18.394 | L2 Loss_2: 1183.580 | loss_tot: -579.276 | L2 Loss test: 3.604
Step 80 | L2 Loss: -2203.107 | KLD Loss: 0.001 | L2 Loss_1: 46.053 | L2 Loss_2: 2249.160 | loss_tot: -1094.592 | L2 Loss test: 2.458
Step 90 | L2 Loss: -3476.053 | KLD Loss: 0.001 | L2 Loss_1: 546.628 | L2 Loss_2: 4022.681 | loss_tot: -1725.908 | L2 Loss test: 3.099
Step 100 | L2 Loss: -3552.147 | KLD Loss: 0.001 | L2 Loss_1: 272.623 | L2 Loss_2: 3824.770 | loss_tot: -1766.870 | L2 Loss test: 1.749
Step 110 | L2 Loss: -2967.429 | KLD Loss: 0.001 | L2 Loss_1: 1348.314 | L2 Loss_2: 4315.744 | loss_tot: -1471.234 | L2 Loss test: 3.228
Step 120 | L2 Loss: -2497.551 | KLD Loss: 0.001 | L2 Loss_1: 67.233 | L2 Loss_2: 2564.784 | loss_tot: -1247.573 | L2 Loss test: 2.084
Step 130 | L2 Loss: -3142.031 | KLD Loss: 0.001 | L2 Loss_1: 125.469 | L2 Loss_2: 3267.500 | loss_tot: -1567.504 | L2 Loss test: 1.395
Step 140 | L2 Loss: -2017.009 | KLD Loss: 0.001 | L2 Loss_1: 2937.426 | L2 Loss_2: 4954.435 | loss_tot: -1059.125 | L2 Loss test: 2.708
Step 150 | L2 Loss: -1615.578 | KLD Loss: 0.001 | L2 Loss_1: 9.952 | L2 Loss_2: 1625.530 | loss_tot: -805.303 | L2 Loss test: 1.176
Step 160 | L2 Loss: -1194.954 | KLD Loss: 0.002 | L2 Loss_1: 4.095 | L2 Loss_2: 1199.049 | loss_tot: -600.921 | L2 Loss test: 0.796
Step 170 | L2 Loss: -1526.073 | KLD Loss: 0.002 | L2 Loss_1: 42.096 | L2 Loss_2: 1568.169 | loss_tot: -762.267 | L2 Loss test: 4.879
Step 180 | L2 Loss: -3185.396 | KLD Loss: 0.002 | L2 Loss_1: 129.791 | L2 Loss_2: 3315.187 | loss_tot: -1595.849 | L2 Loss test: 1.603
Step 190 | L2 Loss: -3927.500 | KLD Loss: 0.002 | L2 Loss_1: 218.343 | L2 Loss_2: 4145.843 | loss_tot: -1960.110 | L2 Loss test: 0.836
Step 200 | L2 Loss: -4474.250 | KLD Loss: 0.002 | L2 Loss_1: 548.214 | L2 Loss_2: 5022.463 | loss_tot: -2237.842 | L2 Loss test: 0.707
Step 210 | L2 Loss: -2199.573 | KLD Loss: 0.003 | L2 Loss_1: 82.637 | L2 Loss_2: 2282.210 | loss_tot: -1097.729 | L2 Loss test: 3.574
Step 220 | L2 Loss: -1356.606 | KLD Loss: 0.003 | L2 Loss_1: 2.466 | L2 Loss_2: 1359.072 | loss_tot: -680.182 | L2 Loss test: 0.403
Step 230 | L2 Loss: -1739.548 | KLD Loss: 0.003 | L2 Loss_1: 3.479 | L2 Loss_2: 1743.028 | loss_tot: -867.644 | L2 Loss test: 0.354
Step 240 | L2 Loss: -3649.097 | KLD Loss: 0.003 | L2 Loss_1: 134.872 | L2 Loss_2: 3783.969 | loss_tot: -1825.614 | L2 Loss test: 0.897
Step 250 | L2 Loss: -3847.427 | KLD Loss: 0.004 | L2 Loss_1: 333.264 | L2 Loss_2: 4180.691 | loss_tot: -1931.829 | L2 Loss test: 1.052
Step 260 | L2 Loss: -4658.774 | KLD Loss: 0.004 | L2 Loss_1: 234.655 | L2 Loss_2: 4893.429 | loss_tot: -2338.467 | L2 Loss test: 0.345
Step 270 | L2 Loss: -2162.147 | KLD Loss: 0.005 | L2 Loss_1: 3.272 | L2 Loss_2: 2165.419 | loss_tot: -1079.821 | L2 Loss test: 0.198
Step 280 | L2 Loss: -770.497 | KLD Loss: 0.007 | L2 Loss_1: 6.353 | L2 Loss_2: 776.850 | loss_tot: -384.959 | L2 Loss test: 2.258
Step 290 | L2 Loss: -678.014 | KLD Loss: 0.008 | L2 Loss_1: 5.802 | L2 Loss_2: 683.816 | loss_tot: -338.940 | L2 Loss test: 2.343
Step 300 | L2 Loss: -862.114 | KLD Loss: 0.009 | L2 Loss_1: 4.401 | L2 Loss_2: 866.514 | loss_tot: -431.121 | L2 Loss test: 1.392
Step 310 | L2 Loss: -1450.698 | KLD Loss: 0.009 | L2 Loss_1: 1.332 | L2 Loss_2: 1452.030 | loss_tot: -725.519 | L2 Loss test: 0.206
Step 320 | L2 Loss: -2755.309 | KLD Loss: 0.009 | L2 Loss_1: 14.028 | L2 Loss_2: 2769.337 | loss_tot: -1376.948 | L2 Loss test: 0.558
Step 330 | L2 Loss: -4710.245 | KLD Loss: 0.009 | L2 Loss_1: 474.122 | L2 Loss_2: 5184.366 | loss_tot: -2353.083 | L2 Loss test: 1.177
Step 340 | L2 Loss: -4290.140 | KLD Loss: 0.009 | L2 Loss_1: 784.813 | L2 Loss_2: 5074.953 | loss_tot: -2144.197 | L2 Loss test: 1.234
Step 350 | L2 Loss: -4526.205 | KLD Loss: 0.009 | L2 Loss_1: 210.908 | L2 Loss_2: 4737.113 | loss_tot: -2263.800 | L2 Loss test: 0.568
Step 360 | L2 Loss: -5099.902 | KLD Loss: 0.009 | L2 Loss_1: 59.646 | L2 Loss_2: 5159.548 | loss_tot: -2549.867 | L2 Loss test: 0.234
Step 370 | L2 Loss: -5943.769 | KLD Loss: 0.008 | L2 Loss_1: 91.225 | L2 Loss_2: 6034.995 | loss_tot: -2972.409 | L2 Loss test: 0.205
Step 380 | L2 Loss: -4054.939 | KLD Loss: 0.009 | L2 Loss_1: 1736.228 | L2 Loss_2: 5791.167 | loss_tot: -2027.781 | L2 Loss test: 0.844
Step 390 | L2 Loss: -3503.921 | KLD Loss: 0.009 | L2 Loss_1: 218.076 | L2 Loss_2: 3721.997 | loss_tot: -1751.192 | L2 Loss test: 1.416
Step 400 | L2 Loss: -2827.461 | KLD Loss: 0.009 | L2 Loss_1: 308.771 | L2 Loss_2: 3136.232 | loss_tot: -1413.566 | L2 Loss test: 4.362
Step 410 | L2 Loss: -2898.381 | KLD Loss: 0.009 | L2 Loss_1: 114.944 | L2 Loss_2: 3013.325 | loss_tot: -1449.265 | L2 Loss test: 1.922
Step 420 | L2 Loss: -3050.039 | KLD Loss: 0.009 | L2 Loss_1: 23.552 | L2 Loss_2: 3073.590 | loss_tot: -1524.934 | L2 Loss test: 0.382
Step 430 | L2 Loss: -3198.906 | KLD Loss: 0.009 | L2 Loss_1: 1.923 | L2 Loss_2: 3200.829 | loss_tot: -1599.525 | L2 Loss test: 0.066
Step 440 | L2 Loss: -3347.673 | KLD Loss: 0.009 | L2 Loss_1: 3.500 | L2 Loss_2: 3351.173 | loss_tot: -1673.880 | L2 Loss test: 0.085
Step 450 | L2 Loss: -3506.478 | KLD Loss: 0.010 | L2 Loss_1: 1.944 | L2 Loss_2: 3508.422 | loss_tot: -1753.025 | L2 Loss test: 0.061
Step 460 | L2 Loss: -3666.999 | KLD Loss: 0.010 | L2 Loss_1: 2.752 | L2 Loss_2: 3669.751 | loss_tot: -1833.436 | L2 Loss test: 0.061
Step 470 | L2 Loss: -3834.096 | KLD Loss: 0.010 | L2 Loss_1: 2.445 | L2 Loss_2: 3836.540 | loss_tot: -1917.180 | L2 Loss test: 0.059
Step 480 | L2 Loss: -4009.069 | KLD Loss: 0.010 | L2 Loss_1: 2.541 | L2 Loss_2: 4011.610 | loss_tot: -2004.557 | L2 Loss test: 0.061
Step 490 | L2 Loss: -4193.488 | KLD Loss: 0.010 | L2 Loss_1: 2.998 | L2 Loss_2: 4196.486 | loss_tot: -2096.717 | L2 Loss test: 0.063
Step 500 | L2 Loss: -4389.131 | KLD Loss: 0.010 | L2 Loss_1: 7.395 | L2 Loss_2: 4396.526 | loss_tot: -2194.558 | L2 Loss test: 0.076
Step 510 | L2 Loss: -4608.276 | KLD Loss: 0.010 | L2 Loss_1: 5.021 | L2 Loss_2: 4613.296 | loss_tot: -2304.186 | L2 Loss test: 0.065
Step 520 | L2 Loss: -4875.906 | KLD Loss: 0.010 | L2 Loss_1: 9.387 | L2 Loss_2: 4885.292 | loss_tot: -2438.010 | L2 Loss test: 0.082
Step 530 | L2 Loss: -5254.913 | KLD Loss: 0.010 | L2 Loss_1: 27.558 | L2 Loss_2: 5282.471 | loss_tot: -2627.435 | L2 Loss test: 0.224
Step 540 | L2 Loss: -5739.335 | KLD Loss: 0.010 | L2 Loss_1: 84.339 | L2 Loss_2: 5823.674 | loss_tot: -2869.620 | L2 Loss test: 0.420
Step 550 | L2 Loss: -6257.055 | KLD Loss: 0.010 | L2 Loss_1: 172.271 | L2 Loss_2: 6429.326 | loss_tot: -3128.639 | L2 Loss test: 0.541
Step 560 | L2 Loss: -5778.442 | KLD Loss: 0.010 | L2 Loss_1: 1174.689 | L2 Loss_2: 6953.131 | loss_tot: -2889.673 | L2 Loss test: 0.519
Step 570 | L2 Loss: -5230.579 | KLD Loss: 0.010 | L2 Loss_1: 1793.643 | L2 Loss_2: 7024.222 | loss_tot: -2614.906 | L2 Loss test: 0.442
Step 580 | L2 Loss: -6085.768 | KLD Loss: 0.010 | L2 Loss_1: 551.770 | L2 Loss_2: 6637.538 | loss_tot: -3043.010 | L2 Loss test: 0.211
Step 590 | L2 Loss: -6605.752 | KLD Loss: 0.010 | L2 Loss_1: 37.525 | L2 Loss_2: 6643.276 | loss_tot: -3302.906 | L2 Loss test: 0.131
Step 600 | L2 Loss: -6835.579 | KLD Loss: 0.010 | L2 Loss_1: 38.889 | L2 Loss_2: 6874.468 | loss_tot: -3417.894 | L2 Loss test: 0.116
Step 610 | L2 Loss: -7157.771 | KLD Loss: 0.010 | L2 Loss_1: 64.100 | L2 Loss_2: 7221.870 | loss_tot: -3579.043 | L2 Loss test: 0.112
Step 620 | L2 Loss: 20726.982 | KLD Loss: 0.010 | L2 Loss_1: 27453.297 | L2 Loss_2: 6726.313 | loss_tot: 10365.396 | L2 Loss test: 3.159
Step 630 | L2 Loss: -3181.183 | KLD Loss: 0.010 | L2 Loss_1: 780.568 | L2 Loss_2: 3961.751 | loss_tot: -1590.528 | L2 Loss test: 3.680
Step 640 | L2 Loss: -3107.883 | KLD Loss: 0.010 | L2 Loss_1: 2.131 | L2 Loss_2: 3110.013 | loss_tot: -1553.875 | L2 Loss test: 0.048
Step 650 | L2 Loss: -2877.182 | KLD Loss: 0.009 | L2 Loss_1: 9.774 | L2 Loss_2: 2886.956 | loss_tot: -1438.747 | L2 Loss test: 0.227
Step 660 | L2 Loss: -2838.020 | KLD Loss: 0.009 | L2 Loss_1: 16.106 | L2 Loss_2: 2854.127 | loss_tot: -1418.973 | L2 Loss test: 0.375
Step 670 | L2 Loss: -2864.396 | KLD Loss: 0.009 | L2 Loss_1: 15.717 | L2 Loss_2: 2880.113 | loss_tot: -1432.401 | L2 Loss test: 0.356
Step 680 | L2 Loss: -2912.222 | KLD Loss: 0.009 | L2 Loss_1: 12.736 | L2 Loss_2: 2924.959 | loss_tot: -1456.104 | L2 Loss test: 0.279
Step 690 | L2 Loss: -2967.039 | KLD Loss: 0.009 | L2 Loss_1: 9.262 | L2 Loss_2: 2976.301 | loss_tot: -1483.462 | L2 Loss test: 0.199
Step 700 | L2 Loss: -3023.638 | KLD Loss: 0.009 | L2 Loss_1: 6.237 | L2 Loss_2: 3029.875 | loss_tot: -1511.677 | L2 Loss test: 0.135
Step 710 | L2 Loss: -3081.164 | KLD Loss: 0.009 | L2 Loss_1: 3.967 | L2 Loss_2: 3085.130 | loss_tot: -1540.538 | L2 Loss test: 0.092
Step 720 | L2 Loss: -3139.148 | KLD Loss: 0.009 | L2 Loss_1: 2.427 | L2 Loss_2: 3141.575 | loss_tot: -1569.559 | L2 Loss test: 0.065
Step 730 | L2 Loss: -3197.781 | KLD Loss: 0.009 | L2 Loss_1: 1.517 | L2 Loss_2: 3199.299 | loss_tot: -1598.863 | L2 Loss test: 0.051
Step 740 | L2 Loss: -3257.305 | KLD Loss: 0.009 | L2 Loss_1: 1.062 | L2 Loss_2: 3258.367 | loss_tot: -1628.598 | L2 Loss test: 0.044
Step 750 | L2 Loss: -3317.988 | KLD Loss: 0.009 | L2 Loss_1: 0.896 | L2 Loss_2: 3318.884 | loss_tot: -1659.009 | L2 Loss test: 0.042
Step 760 | L2 Loss: -3380.107 | KLD Loss: 0.009 | L2 Loss_1: 0.896 | L2 Loss_2: 3381.002 | loss_tot: -1690.036 | L2 Loss test: 0.043
Step 770 | L2 Loss: -3443.722 | KLD Loss: 0.009 | L2 Loss_1: 0.967 | L2 Loss_2: 3444.690 | loss_tot: -1721.872 | L2 Loss test: 0.044
Step 780 | L2 Loss: -3509.133 | KLD Loss: 0.009 | L2 Loss_1: 1.063 | L2 Loss_2: 3510.196 | loss_tot: -1754.551 | L2 Loss test: 0.046
Step 790 | L2 Loss: -3576.465 | KLD Loss: 0.009 | L2 Loss_1: 1.163 | L2 Loss_2: 3577.629 | loss_tot: -1788.192 | L2 Loss test: 0.047
Step 800 | L2 Loss: -3645.848 | KLD Loss: 0.009 | L2 Loss_1: 1.270 | L2 Loss_2: 3647.118 | loss_tot: -1822.869 | L2 Loss test: 0.049
Step 810 | L2 Loss: -3717.491 | KLD Loss: 0.009 | L2 Loss_1: 1.392 | L2 Loss_2: 3718.883 | loss_tot: -1858.742 | L2 Loss test: 0.051
Step 820 | L2 Loss: -3791.722 | KLD Loss: 0.009 | L2 Loss_1: 1.533 | L2 Loss_2: 3793.255 | loss_tot: -1895.836 | L2 Loss test: 0.053
Step 830 | L2 Loss: -3868.685 | KLD Loss: 0.009 | L2 Loss_1: 1.691 | L2 Loss_2: 3870.375 | loss_tot: -1934.331 | L2 Loss test: 0.056
Step 840 | L2 Loss: -3948.912 | KLD Loss: 0.009 | L2 Loss_1: 1.872 | L2 Loss_2: 3950.783 | loss_tot: -1974.467 | L2 Loss test: 0.058
Step 850 | L2 Loss: -4032.885 | KLD Loss: 0.009 | L2 Loss_1: 2.077 | L2 Loss_2: 4034.962 | loss_tot: -2016.466 | L2 Loss test: 0.060
Step 860 | L2 Loss: -4121.222 | KLD Loss: 0.009 | L2 Loss_1: 2.329 | L2 Loss_2: 4123.551 | loss_tot: -2060.646 | L2 Loss test: 0.063
Step 870 | L2 Loss: -4214.669 | KLD Loss: 0.009 | L2 Loss_1: 2.623 | L2 Loss_2: 4217.292 | loss_tot: -2107.315 | L2 Loss test: 0.066
Step 880 | L2 Loss: -4314.066 | KLD Loss: 0.009 | L2 Loss_1: 2.987 | L2 Loss_2: 4317.053 | loss_tot: -2157.005 | L2 Loss test: 0.069
Step 890 | L2 Loss: -4420.539 | KLD Loss: 0.009 | L2 Loss_1: 3.442 | L2 Loss_2: 4423.980 | loss_tot: -2210.271 | L2 Loss test: 0.073
Step 900 | L2 Loss: -4535.347 | KLD Loss: 0.009 | L2 Loss_1: 4.037 | L2 Loss_2: 4539.384 | loss_tot: -2267.670 | L2 Loss test: 0.078
Step 910 | L2 Loss: -4659.717 | KLD Loss: 0.009 | L2 Loss_1: 4.803 | L2 Loss_2: 4664.520 | loss_tot: -2329.867 | L2 Loss test: 0.084
Step 920 | L2 Loss: -4795.341 | KLD Loss: 0.009 | L2 Loss_1: 5.846 | L2 Loss_2: 4801.187 | loss_tot: -2397.659 | L2 Loss test: 0.091
Step 930 | L2 Loss: -4943.768 | KLD Loss: 0.009 | L2 Loss_1: 7.275 | L2 Loss_2: 4951.043 | loss_tot: -2471.864 | L2 Loss test: 0.099
Step 940 | L2 Loss: -5106.730 | KLD Loss: 0.009 | L2 Loss_1: 9.294 | L2 Loss_2: 5116.024 | loss_tot: -2553.349 | L2 Loss test: 0.110
Step 950 | L2 Loss: -5286.083 | KLD Loss: 0.009 | L2 Loss_1: 12.213 | L2 Loss_2: 5298.296 | loss_tot: -2643.030 | L2 Loss test: 0.121
Step 960 | L2 Loss: -5485.491 | KLD Loss: 0.009 | L2 Loss_1: 15.026 | L2 Loss_2: 5500.517 | loss_tot: -2742.754 | L2 Loss test: 0.124
Step 970 | L2 Loss: -5701.326 | KLD Loss: 0.009 | L2 Loss_1: 22.806 | L2 Loss_2: 5724.132 | loss_tot: -2850.638 | L2 Loss test: 0.150
Step 980 | L2 Loss: -5942.653 | KLD Loss: 0.009 | L2 Loss_1: 29.954 | L2 Loss_2: 5972.608 | loss_tot: -2971.277 | L2 Loss test: 0.164
Step 990 | L2 Loss: -6211.872 | KLD Loss: 0.009 | L2 Loss_1: 37.757 | L2 Loss_2: 6249.629 | loss_tot: -3105.910 | L2 Loss test: 0.164
Step 1000 | L2 Loss: -6510.110 | KLD Loss: 0.009 | L2 Loss_1: 48.055 | L2 Loss_2: 6558.165 | loss_tot: -3254.931 | L2 Loss test: 0.165
Step 1010 | L2 Loss: -6858.672 | KLD Loss: 0.009 | L2 Loss_1: 51.752 | L2 Loss_2: 6910.424 | loss_tot: -3429.242 | L2 Loss test: 0.156
Step 1020 | L2 Loss: -7259.727 | KLD Loss: 0.009 | L2 Loss_1: 59.890 | L2 Loss_2: 7319.617 | loss_tot: -3629.764 | L2 Loss test: 0.148
Step 1030 | L2 Loss: -4053.430 | KLD Loss: 0.009 | L2 Loss_1: 3314.483 | L2 Loss_2: 7367.914 | loss_tot: -2026.873 | L2 Loss test: 0.319
Step 1040 | L2 Loss: -6304.928 | KLD Loss: 0.009 | L2 Loss_1: 771.555 | L2 Loss_2: 7076.482 | loss_tot: -3152.356 | L2 Loss test: 0.130
Step 1050 | L2 Loss: -6955.695 | KLD Loss: 0.009 | L2 Loss_1: 71.425 | L2 Loss_2: 7027.120 | loss_tot: -3477.834 | L2 Loss test: 0.089
Step 1060 | L2 Loss: -7024.068 | KLD Loss: 0.009 | L2 Loss_1: 94.348 | L2 Loss_2: 7118.416 | loss_tot: -3511.912 | L2 Loss test: 0.098
Step 1070 | L2 Loss: -7211.365 | KLD Loss: 0.009 | L2 Loss_1: 67.138 | L2 Loss_2: 7278.502 | loss_tot: -3605.684 | L2 Loss test: 0.083
Step 1080 | L2 Loss: -7413.199 | KLD Loss: 0.009 | L2 Loss_1: 60.017 | L2 Loss_2: 7473.216 | loss_tot: -3706.534 | L2 Loss test: 0.081
Step 1090 | L2 Loss: -7556.109 | KLD Loss: 0.009 | L2 Loss_1: 131.836 | L2 Loss_2: 7687.944 | loss_tot: -3778.100 | L2 Loss test: 0.077
Step 1100 | L2 Loss: -6474.284 | KLD Loss: 0.009 | L2 Loss_1: 112.408 | L2 Loss_2: 6586.692 | loss_tot: -3237.187 | L2 Loss test: 0.079
Step 1110 | L2 Loss: -4277.637 | KLD Loss: 0.009 | L2 Loss_1: 928.826 | L2 Loss_2: 5206.462 | loss_tot: -2138.806 | L2 Loss test: 0.905
Step 1120 | L2 Loss: -4747.714 | KLD Loss: 0.009 | L2 Loss_1: 8.576 | L2 Loss_2: 4756.290 | loss_tot: -2373.827 | L2 Loss test: 0.052
Step 1130 | L2 Loss: -4546.450 | KLD Loss: 0.009 | L2 Loss_1: 106.542 | L2 Loss_2: 4652.992 | loss_tot: -2273.206 | L2 Loss test: 0.203
Step 1140 | L2 Loss: -4667.084 | KLD Loss: 0.009 | L2 Loss_1: 1.836 | L2 Loss_2: 4668.920 | loss_tot: -2333.526 | L2 Loss test: 0.034
Step 1150 | L2 Loss: -4718.979 | KLD Loss: 0.009 | L2 Loss_1: 14.906 | L2 Loss_2: 4733.884 | loss_tot: -2359.468 | L2 Loss test: 0.069
Step 1160 | L2 Loss: -4816.130 | KLD Loss: 0.009 | L2 Loss_1: 2.239 | L2 Loss_2: 4818.369 | loss_tot: -2408.054 | L2 Loss test: 0.038
Step 1170 | L2 Loss: -4908.033 | KLD Loss: 0.009 | L2 Loss_1: 3.659 | L2 Loss_2: 4911.692 | loss_tot: -2454.023 | L2 Loss test: 0.040
Step 1180 | L2 Loss: -5006.965 | KLD Loss: 0.009 | L2 Loss_1: 3.054 | L2 Loss_2: 5010.019 | loss_tot: -2503.464 | L2 Loss test: 0.047
Step 1190 | L2 Loss: -5122.279 | KLD Loss: 0.009 | L2 Loss_1: 8.032 | L2 Loss_2: 5130.311 | loss_tot: -2561.134 | L2 Loss test: 0.052
Step 1200 | L2 Loss: -5325.487 | KLD Loss: 0.009 | L2 Loss_1: 6.011 | L2 Loss_2: 5331.499 | loss_tot: -2662.725 | L2 Loss test: 0.039
Step 1210 | L2 Loss: -5817.586 | KLD Loss: 0.009 | L2 Loss_1: 9.910 | L2 Loss_2: 5827.496 | loss_tot: -2908.787 | L2 Loss test: 0.058
Step 1220 | L2 Loss: -6469.721 | KLD Loss: 0.009 | L2 Loss_1: 66.672 | L2 Loss_2: 6536.393 | loss_tot: -3234.835 | L2 Loss test: 0.081
Step 1230 | L2 Loss: -7214.285 | KLD Loss: 0.009 | L2 Loss_1: 89.200 | L2 Loss_2: 7303.485 | loss_tot: -3607.162 | L2 Loss test: 0.092
Step 1240 | L2 Loss: -7115.915 | KLD Loss: 0.009 | L2 Loss_1: 655.012 | L2 Loss_2: 7770.927 | loss_tot: -3558.041 | L2 Loss test: 0.093
Step 1250 | L2 Loss: -6949.591 | KLD Loss: 0.009 | L2 Loss_1: 942.846 | L2 Loss_2: 7892.437 | loss_tot: -3475.054 | L2 Loss test: 0.081
Step 1260 | L2 Loss: -3718.796 | KLD Loss: 0.009 | L2 Loss_1: 4287.957 | L2 Loss_2: 8006.753 | loss_tot: -1859.155 | L2 Loss test: 0.154
Step 1270 | L2 Loss: -6418.558 | KLD Loss: 0.009 | L2 Loss_1: 935.960 | L2 Loss_2: 7354.518 | loss_tot: -3209.315 | L2 Loss test: 0.097
Step 1280 | L2 Loss: -6972.513 | KLD Loss: 0.009 | L2 Loss_1: 118.634 | L2 Loss_2: 7091.147 | loss_tot: -3486.276 | L2 Loss test: 0.049
Step 1290 | L2 Loss: -6996.511 | KLD Loss: 0.009 | L2 Loss_1: 129.310 | L2 Loss_2: 7125.820 | loss_tot: -3498.310 | L2 Loss test: 0.038
Step 1300 | L2 Loss: -7284.569 | KLD Loss: 0.009 | L2 Loss_1: 14.097 | L2 Loss_2: 7298.666 | loss_tot: -3642.301 | L2 Loss test: 0.036
Step 1310 | L2 Loss: -7504.438 | KLD Loss: 0.009 | L2 Loss_1: 32.218 | L2 Loss_2: 7536.657 | loss_tot: -3752.329 | L2 Loss test: 0.036
Step 1320 | L2 Loss: -7784.938 | KLD Loss: 0.009 | L2 Loss_1: 28.005 | L2 Loss_2: 7812.943 | loss_tot: -3892.364 | L2 Loss test: 0.038
Step 1330 | L2 Loss: -8012.049 | KLD Loss: 0.009 | L2 Loss_1: 103.311 | L2 Loss_2: 8115.360 | loss_tot: -4005.951 | L2 Loss test: 0.041
Step 1340 | L2 Loss: 3110.069 | KLD Loss: 0.009 | L2 Loss_1: 9398.561 | L2 Loss_2: 6288.492 | loss_tot: 1554.991 | L2 Loss test: 1.851
Step 1350 | L2 Loss: -4321.665 | KLD Loss: 0.009 | L2 Loss_1: 111.335 | L2 Loss_2: 4433.000 | loss_tot: -2160.830 | L2 Loss test: 0.277
Step 1360 | L2 Loss: -3863.396 | KLD Loss: 0.009 | L2 Loss_1: 45.835 | L2 Loss_2: 3909.231 | loss_tot: -1931.689 | L2 Loss test: 0.269
Step 1370 | L2 Loss: -3718.035 | KLD Loss: 0.009 | L2 Loss_1: 55.392 | L2 Loss_2: 3773.428 | loss_tot: -1859.011 | L2 Loss test: 0.379
Step 1380 | L2 Loss: -3716.449 | KLD Loss: 0.009 | L2 Loss_1: 44.923 | L2 Loss_2: 3761.373 | loss_tot: -1858.221 | L2 Loss test: 0.317
Step 1390 | L2 Loss: -3765.161 | KLD Loss: 0.009 | L2 Loss_1: 27.498 | L2 Loss_2: 3792.659 | loss_tot: -1882.574 | L2 Loss test: 0.195
Step 1400 | L2 Loss: -3826.976 | KLD Loss: 0.009 | L2 Loss_1: 13.917 | L2 Loss_2: 3840.893 | loss_tot: -1913.474 | L2 Loss test: 0.104
Step 1410 | L2 Loss: -3890.717 | KLD Loss: 0.009 | L2 Loss_1: 6.031 | L2 Loss_2: 3896.748 | loss_tot: -1945.353 | L2 Loss test: 0.053
Step 1420 | L2 Loss: -3954.903 | KLD Loss: 0.009 | L2 Loss_1: 2.595 | L2 Loss_2: 3957.499 | loss_tot: -1977.433 | L2 Loss test: 0.032
Step 1430 | L2 Loss: -4059.829 | KLD Loss: 0.009 | L2 Loss_1: 2.562 | L2 Loss_2: 4062.390 | loss_tot: -2029.891 | L2 Loss test: 0.031
Step 1440 | L2 Loss: -4270.213 | KLD Loss: 0.009 | L2 Loss_1: 3.625 | L2 Loss_2: 4273.838 | loss_tot: -2135.117 | L2 Loss test: 0.049
Step 1450 | L2 Loss: -4594.394 | KLD Loss: 0.009 | L2 Loss_1: 5.952 | L2 Loss_2: 4600.346 | loss_tot: -2297.191 | L2 Loss test: 0.098
Step 1460 | L2 Loss: -5013.940 | KLD Loss: 0.009 | L2 Loss_1: 15.191 | L2 Loss_2: 5029.131 | loss_tot: -2506.979 | L2 Loss test: 0.149
Step 1470 | L2 Loss: -5516.929 | KLD Loss: 0.009 | L2 Loss_1: 27.382 | L2 Loss_2: 5544.310 | loss_tot: -2758.440 | L2 Loss test: 0.170
Step 1480 | L2 Loss: -6070.029 | KLD Loss: 0.009 | L2 Loss_1: 59.335 | L2 Loss_2: 6129.363 | loss_tot: -3034.989 | L2 Loss test: 0.179
Step 1490 | L2 Loss: -6504.945 | KLD Loss: 0.009 | L2 Loss_1: 253.089 | L2 Loss_2: 6758.034 | loss_tot: -3252.487 | L2 Loss test: 0.197
Step 1500 | L2 Loss: -6873.078 | KLD Loss: 0.009 | L2 Loss_1: 482.499 | L2 Loss_2: 7355.576 | loss_tot: -3436.539 | L2 Loss test: 0.202
Step 1510 | L2 Loss: -7457.237 | KLD Loss: 0.009 | L2 Loss_1: 301.744 | L2 Loss_2: 7758.981 | loss_tot: -3728.512 | L2 Loss test: 0.186
Step 1520 | L2 Loss: -7474.433 | KLD Loss: 0.009 | L2 Loss_1: 511.863 | L2 Loss_2: 7986.296 | loss_tot: -3737.269 | L2 Loss test: 0.161
Step 1530 | L2 Loss: -7950.411 | KLD Loss: 0.009 | L2 Loss_1: 162.409 | L2 Loss_2: 8112.819 | loss_tot: -3975.272 | L2 Loss test: 0.138
Step 1540 | L2 Loss: -7614.125 | KLD Loss: 0.009 | L2 Loss_1: 654.091 | L2 Loss_2: 8268.216 | loss_tot: -3806.926 | L2 Loss test: 0.144
Step 1550 | L2 Loss: -7941.287 | KLD Loss: 0.009 | L2 Loss_1: 238.610 | L2 Loss_2: 8179.896 | loss_tot: -3970.622 | L2 Loss test: 0.107
Step 1560 | L2 Loss: -7648.883 | KLD Loss: 0.009 | L2 Loss_1: 368.927 | L2 Loss_2: 8017.811 | loss_tot: -3824.521 | L2 Loss test: 0.095
Step 1570 | L2 Loss: -8060.543 | KLD Loss: 0.009 | L2 Loss_1: 223.731 | L2 Loss_2: 8284.274 | loss_tot: -4030.233 | L2 Loss test: 0.095
Step 1580 | L2 Loss: 117165.211 | KLD Loss: 0.009 | L2 Loss_1: 125566.852 | L2 Loss_2: 8401.644 | loss_tot: 58579.953 | L2 Loss test: 1.616
Step 1590 | L2 Loss: -2020.197 | KLD Loss: 0.009 | L2 Loss_1: 3704.404 | L2 Loss_2: 5724.601 | loss_tot: -1009.997 | L2 Loss test: 1.775
Step 1600 | L2 Loss: -4488.012 | KLD Loss: 0.009 | L2 Loss_1: 310.362 | L2 Loss_2: 4798.374 | loss_tot: -2244.001 | L2 Loss test: 0.576
Step 1610 | L2 Loss: -4513.640 | KLD Loss: 0.009 | L2 Loss_1: 5.583 | L2 Loss_2: 4519.222 | loss_tot: -2256.806 | L2 Loss test: 0.061
Step 1620 | L2 Loss: -4449.672 | KLD Loss: 0.009 | L2 Loss_1: 9.421 | L2 Loss_2: 4459.094 | loss_tot: -2224.821 | L2 Loss test: 0.054
Step 1630 | L2 Loss: -4459.850 | KLD Loss: 0.009 | L2 Loss_1: 14.267 | L2 Loss_2: 4474.117 | loss_tot: -2229.926 | L2 Loss test: 0.063
Step 1640 | L2 Loss: -4506.655 | KLD Loss: 0.009 | L2 Loss_1: 9.021 | L2 Loss_2: 4515.676 | loss_tot: -2253.322 | L2 Loss test: 0.053
Step 1650 | L2 Loss: -4563.492 | KLD Loss: 0.009 | L2 Loss_1: 3.869 | L2 Loss_2: 4567.361 | loss_tot: -2281.740 | L2 Loss test: 0.046
Step 1660 | L2 Loss: -4621.308 | KLD Loss: 0.009 | L2 Loss_1: 2.034 | L2 Loss_2: 4623.341 | loss_tot: -2310.656 | L2 Loss test: 0.046
Step 1670 | L2 Loss: -4679.464 | KLD Loss: 0.009 | L2 Loss_1: 2.061 | L2 Loss_2: 4681.525 | loss_tot: -2339.707 | L2 Loss test: 0.048
Step 1680 | L2 Loss: -4738.689 | KLD Loss: 0.009 | L2 Loss_1: 2.342 | L2 Loss_2: 4741.032 | loss_tot: -2369.333 | L2 Loss test: 0.050
Step 1690 | L2 Loss: -4799.273 | KLD Loss: 0.009 | L2 Loss_1: 2.442 | L2 Loss_2: 4801.716 | loss_tot: -2399.618 | L2 Loss test: 0.050
Step 1700 | L2 Loss: -4861.003 | KLD Loss: 0.009 | L2 Loss_1: 2.511 | L2 Loss_2: 4863.514 | loss_tot: -2430.500 | L2 Loss test: 0.050
Step 1710 | L2 Loss: -4923.931 | KLD Loss: 0.009 | L2 Loss_1: 2.645 | L2 Loss_2: 4926.576 | loss_tot: -2461.958 | L2 Loss test: 0.051
Step 1720 | L2 Loss: -4987.947 | KLD Loss: 0.009 | L2 Loss_1: 2.831 | L2 Loss_2: 4990.778 | loss_tot: -2493.959 | L2 Loss test: 0.051
Step 1730 | L2 Loss: -5053.279 | KLD Loss: 0.009 | L2 Loss_1: 3.045 | L2 Loss_2: 5056.324 | loss_tot: -2526.621 | L2 Loss test: 0.052
Step 1740 | L2 Loss: -5119.743 | KLD Loss: 0.009 | L2 Loss_1: 3.268 | L2 Loss_2: 5123.010 | loss_tot: -2559.864 | L2 Loss test: 0.053
Step 1750 | L2 Loss: -5187.517 | KLD Loss: 0.009 | L2 Loss_1: 3.494 | L2 Loss_2: 5191.012 | loss_tot: -2593.746 | L2 Loss test: 0.053
Step 1760 | L2 Loss: -5256.559 | KLD Loss: 0.009 | L2 Loss_1: 3.750 | L2 Loss_2: 5260.309 | loss_tot: -2628.323 | L2 Loss test: 0.054
Step 1770 | L2 Loss: -5326.968 | KLD Loss: 0.009 | L2 Loss_1: 4.022 | L2 Loss_2: 5330.990 | loss_tot: -2663.479 | L2 Loss test: 0.054
Step 1780 | L2 Loss: -5398.790 | KLD Loss: 0.009 | L2 Loss_1: 4.341 | L2 Loss_2: 5403.130 | loss_tot: -2699.386 | L2 Loss test: 0.054
Step 1790 | L2 Loss: -5472.035 | KLD Loss: 0.009 | L2 Loss_1: 4.678 | L2 Loss_2: 5476.713 | loss_tot: -2735.982 | L2 Loss test: 0.055
Step 1800 | L2 Loss: -5546.652 | KLD Loss: 0.009 | L2 Loss_1: 5.100 | L2 Loss_2: 5551.752 | loss_tot: -2773.341 | L2 Loss test: 0.055
Step 1810 | L2 Loss: -5622.896 | KLD Loss: 0.009 | L2 Loss_1: 5.578 | L2 Loss_2: 5628.475 | loss_tot: -2811.433 | L2 Loss test: 0.056
Step 1820 | L2 Loss: -5700.502 | KLD Loss: 0.009 | L2 Loss_1: 6.142 | L2 Loss_2: 5706.644 | loss_tot: -2850.307 | L2 Loss test: 0.056
Step 1830 | L2 Loss: -5779.745 | KLD Loss: 0.009 | L2 Loss_1: 6.828 | L2 Loss_2: 5786.572 | loss_tot: -2889.947 | L2 Loss test: 0.057
Step 1840 | L2 Loss: -5860.733 | KLD Loss: 0.009 | L2 Loss_1: 7.629 | L2 Loss_2: 5868.361 | loss_tot: -2930.440 | L2 Loss test: 0.058
Step 1850 | L2 Loss: -5943.744 | KLD Loss: 0.009 | L2 Loss_1: 8.643 | L2 Loss_2: 5952.387 | loss_tot: -2971.831 | L2 Loss test: 0.058
Step 1860 | L2 Loss: -6029.073 | KLD Loss: 0.009 | L2 Loss_1: 10.058 | L2 Loss_2: 6039.131 | loss_tot: -3014.505 | L2 Loss test: 0.059
Step 1870 | L2 Loss: -6247.068 | KLD Loss: 0.009 | L2 Loss_1: 400.591 | L2 Loss_2: 6647.659 | loss_tot: -3120.804 | L2 Loss test: 0.096
Step 1880 | L2 Loss: -7273.959 | KLD Loss: 0.009 | L2 Loss_1: 360.372 | L2 Loss_2: 7634.331 | loss_tot: -3636.157 | L2 Loss test: 0.084
Step 1890 | L2 Loss: -6286.861 | KLD Loss: 0.010 | L2 Loss_1: 82.701 | L2 Loss_2: 6369.563 | loss_tot: -3144.066 | L2 Loss test: 0.062
Step 1900 | L2 Loss: -7411.787 | KLD Loss: 0.010 | L2 Loss_1: 172.646 | L2 Loss_2: 7584.433 | loss_tot: -3704.470 | L2 Loss test: 0.071
Step 1910 | L2 Loss: -5719.181 | KLD Loss: 0.011 | L2 Loss_1: 608.792 | L2 Loss_2: 6327.974 | loss_tot: -2859.631 | L2 Loss test: 0.144
Step 1920 | L2 Loss: -6147.804 | KLD Loss: 0.012 | L2 Loss_1: 182.555 | L2 Loss_2: 6330.359 | loss_tot: -3073.907 | L2 Loss test: 0.108
Step 1930 | L2 Loss: -6328.897 | KLD Loss: 0.012 | L2 Loss_1: 50.044 | L2 Loss_2: 6378.941 | loss_tot: -3164.452 | L2 Loss test: 0.059
Step 1940 | L2 Loss: -6439.825 | KLD Loss: 0.013 | L2 Loss_1: 14.766 | L2 Loss_2: 6454.590 | loss_tot: -3219.769 | L2 Loss test: 0.062
Step 1950 | L2 Loss: -6527.005 | KLD Loss: 0.013 | L2 Loss_1: 16.126 | L2 Loss_2: 6543.131 | loss_tot: -3263.421 | L2 Loss test: 0.063
Step 1960 | L2 Loss: -6619.139 | KLD Loss: 0.013 | L2 Loss_1: 20.413 | L2 Loss_2: 6639.552 | loss_tot: -3309.380 | L2 Loss test: 0.060
Step 1970 | L2 Loss: -6723.197 | KLD Loss: 0.013 | L2 Loss_1: 17.308 | L2 Loss_2: 6740.504 | loss_tot: -3361.514 | L2 Loss test: 0.063
Step 1980 | L2 Loss: -6824.996 | KLD Loss: 0.013 | L2 Loss_1: 19.634 | L2 Loss_2: 6844.630 | loss_tot: -3412.473 | L2 Loss test: 0.064
Step 1990 | L2 Loss: -6930.732 | KLD Loss: 0.013 | L2 Loss_1: 21.293 | L2 Loss_2: 6952.025 | loss_tot: -3465.483 | L2 Loss test: 0.064
Step 2000 | L2 Loss: -7037.638 | KLD Loss: 0.013 | L2 Loss_1: 24.548 | L2 Loss_2: 7062.185 | loss_tot: -3519.103 | L2 Loss test: 0.065
Step 2010 | L2 Loss: -7147.688 | KLD Loss: 0.013 | L2 Loss_1: 28.132 | L2 Loss_2: 7175.819 | loss_tot: -3573.863 | L2 Loss test: 0.065
Step 2020 | L2 Loss: -7259.882 | KLD Loss: 0.013 | L2 Loss_1: 32.956 | L2 Loss_2: 7292.837 | loss_tot: -3630.187 | L2 Loss test: 0.066
Step 2030 | L2 Loss: -7377.590 | KLD Loss: 0.013 | L2 Loss_1: 38.223 | L2 Loss_2: 7415.813 | loss_tot: -3688.384 | L2 Loss test: 0.066
Step 2040 | L2 Loss: -7504.804 | KLD Loss: 0.013 | L2 Loss_1: 52.891 | L2 Loss_2: 7557.694 | loss_tot: -3752.271 | L2 Loss test: 0.066
Step 2050 | L2 Loss: -7768.785 | KLD Loss: 0.013 | L2 Loss_1: 366.547 | L2 Loss_2: 8135.332 | loss_tot: -3885.104 | L2 Loss test: 0.072
Step 2060 | L2 Loss: -7664.589 | KLD Loss: 0.014 | L2 Loss_1: 91.588 | L2 Loss_2: 7756.177 | loss_tot: -3832.415 | L2 Loss test: 0.068
Step 2070 | L2 Loss: -7589.713 | KLD Loss: 0.014 | L2 Loss_1: 220.314 | L2 Loss_2: 7810.027 | loss_tot: -3795.015 | L2 Loss test: 0.075
Step 2080 | L2 Loss: -7835.978 | KLD Loss: 0.014 | L2 Loss_1: 116.560 | L2 Loss_2: 7952.538 | loss_tot: -3918.025 | L2 Loss test: 0.071
Step 2090 | L2 Loss: -8079.472 | KLD Loss: 0.014 | L2 Loss_1: 111.752 | L2 Loss_2: 8191.224 | loss_tot: -4039.934 | L2 Loss test: 0.067
Step 2100 | L2 Loss: -5934.713 | KLD Loss: 0.014 | L2 Loss_1: 2598.621 | L2 Loss_2: 8533.334 | loss_tot: -2967.573 | L2 Loss test: 0.081
Step 2110 | L2 Loss: -6853.418 | KLD Loss: 0.014 | L2 Loss_1: 1315.229 | L2 Loss_2: 8168.647 | loss_tot: -3426.829 | L2 Loss test: 0.099
Step 2120 | L2 Loss: -7759.945 | KLD Loss: 0.014 | L2 Loss_1: 219.486 | L2 Loss_2: 7979.431 | loss_tot: -3879.986 | L2 Loss test: 0.071
Step 2130 | L2 Loss: -7928.805 | KLD Loss: 0.014 | L2 Loss_1: 62.400 | L2 Loss_2: 7991.206 | loss_tot: -3964.348 | L2 Loss test: 0.064
Step 2140 | L2 Loss: -8036.042 | KLD Loss: 0.014 | L2 Loss_1: 61.415 | L2 Loss_2: 8097.456 | loss_tot: -4018.225 | L2 Loss test: 0.059
Step 2150 | L2 Loss: -8198.850 | KLD Loss: 0.014 | L2 Loss_1: 50.404 | L2 Loss_2: 8249.253 | loss_tot: -4099.491 | L2 Loss test: 0.062
Step 2160 | L2 Loss: -8374.705 | KLD Loss: 0.014 | L2 Loss_1: 52.651 | L2 Loss_2: 8427.356 | loss_tot: -4187.445 | L2 Loss test: 0.062
Step 2170 | L2 Loss: -8548.285 | KLD Loss: 0.014 | L2 Loss_1: 79.011 | L2 Loss_2: 8627.296 | loss_tot: -4274.066 | L2 Loss test: 0.061
Step 2180 | L2 Loss: 23719.641 | KLD Loss: 0.014 | L2 Loss_1: 31754.961 | L2 Loss_2: 8035.318 | loss_tot: 11859.654 | L2 Loss test: 0.721
Step 2190 | L2 Loss: -4913.079 | KLD Loss: 0.014 | L2 Loss_1: 958.456 | L2 Loss_2: 5871.535 | loss_tot: -2456.546 | L2 Loss test: 0.430
Step 2200 | L2 Loss: -4677.444 | KLD Loss: 0.014 | L2 Loss_1: 474.579 | L2 Loss_2: 5152.023 | loss_tot: -2338.732 | L2 Loss test: 0.538
Step 2210 | L2 Loss: -4902.073 | KLD Loss: 0.014 | L2 Loss_1: 17.110 | L2 Loss_2: 4919.184 | loss_tot: -2451.020 | L2 Loss test: 0.067
Step 2220 | L2 Loss: -4865.462 | KLD Loss: 0.014 | L2 Loss_1: 12.882 | L2 Loss_2: 4878.343 | loss_tot: -2432.697 | L2 Loss test: 0.044
Step 2230 | L2 Loss: -4888.566 | KLD Loss: 0.014 | L2 Loss_1: 18.047 | L2 Loss_2: 4906.613 | loss_tot: -2444.294 | L2 Loss test: 0.049
Step 2240 | L2 Loss: -4953.357 | KLD Loss: 0.014 | L2 Loss_1: 6.410 | L2 Loss_2: 4959.767 | loss_tot: -2476.652 | L2 Loss test: 0.039
Step 2250 | L2 Loss: -5019.831 | KLD Loss: 0.014 | L2 Loss_1: 2.586 | L2 Loss_2: 5022.417 | loss_tot: -2509.920 | L2 Loss test: 0.039
Step 2260 | L2 Loss: -5085.642 | KLD Loss: 0.014 | L2 Loss_1: 3.559 | L2 Loss_2: 5089.200 | loss_tot: -2542.794 | L2 Loss test: 0.042
Step 2270 | L2 Loss: -5154.588 | KLD Loss: 0.014 | L2 Loss_1: 3.415 | L2 Loss_2: 5158.003 | loss_tot: -2577.286 | L2 Loss test: 0.042
Step 2280 | L2 Loss: -5225.275 | KLD Loss: 0.014 | L2 Loss_1: 3.147 | L2 Loss_2: 5228.422 | loss_tot: -2612.634 | L2 Loss test: 0.041
Step 2290 | L2 Loss: -5297.213 | KLD Loss: 0.014 | L2 Loss_1: 3.275 | L2 Loss_2: 5300.489 | loss_tot: -2648.639 | L2 Loss test: 0.041
Step 2300 | L2 Loss: -5370.805 | KLD Loss: 0.014 | L2 Loss_1: 3.456 | L2 Loss_2: 5374.260 | loss_tot: -2685.379 | L2 Loss test: 0.041
Step 2310 | L2 Loss: -5445.746 | KLD Loss: 0.014 | L2 Loss_1: 3.683 | L2 Loss_2: 5449.429 | loss_tot: -2722.897 | L2 Loss test: 0.042
Step 2320 | L2 Loss: -5522.225 | KLD Loss: 0.014 | L2 Loss_1: 3.903 | L2 Loss_2: 5526.128 | loss_tot: -2761.060 | L2 Loss test: 0.043
Step 2330 | L2 Loss: -5600.095 | KLD Loss: 0.014 | L2 Loss_1: 4.155 | L2 Loss_2: 5604.250 | loss_tot: -2800.031 | L2 Loss test: 0.043
Step 2340 | L2 Loss: -5679.575 | KLD Loss: 0.014 | L2 Loss_1: 4.452 | L2 Loss_2: 5684.027 | loss_tot: -2839.780 | L2 Loss test: 0.043
Step 2350 | L2 Loss: -5760.726 | KLD Loss: 0.014 | L2 Loss_1: 4.782 | L2 Loss_2: 5765.507 | loss_tot: -2880.323 | L2 Loss test: 0.044
Step 2360 | L2 Loss: -5843.487 | KLD Loss: 0.014 | L2 Loss_1: 5.148 | L2 Loss_2: 5848.636 | loss_tot: -2921.727 | L2 Loss test: 0.044
Step 2370 | L2 Loss: -5927.848 | KLD Loss: 0.014 | L2 Loss_1: 5.576 | L2 Loss_2: 5933.424 | loss_tot: -2963.942 | L2 Loss test: 0.044
Step 2380 | L2 Loss: -6014.046 | KLD Loss: 0.014 | L2 Loss_1: 6.060 | L2 Loss_2: 6020.106 | loss_tot: -3007.041 | L2 Loss test: 0.045
Step 2390 | L2 Loss: -6102.144 | KLD Loss: 0.014 | L2 Loss_1: 6.601 | L2 Loss_2: 6108.744 | loss_tot: -3051.060 | L2 Loss test: 0.045
Step 2400 | L2 Loss: -6192.085 | KLD Loss: 0.014 | L2 Loss_1: 7.217 | L2 Loss_2: 6199.302 | loss_tot: -3096.053 | L2 Loss test: 0.046
Step 2410 | L2 Loss: -6283.692 | KLD Loss: 0.014 | L2 Loss_1: 7.937 | L2 Loss_2: 6291.630 | loss_tot: -3141.855 | L2 Loss test: 0.047
Step 2420 | L2 Loss: -6377.522 | KLD Loss: 0.014 | L2 Loss_1: 8.691 | L2 Loss_2: 6386.212 | loss_tot: -3188.705 | L2 Loss test: 0.047
Step 2430 | L2 Loss: -6473.263 | KLD Loss: 0.014 | L2 Loss_1: 9.616 | L2 Loss_2: 6482.879 | loss_tot: -3236.600 | L2 Loss test: 0.048
Step 2440 | L2 Loss: -6570.859 | KLD Loss: 0.014 | L2 Loss_1: 10.529 | L2 Loss_2: 6581.388 | loss_tot: -3285.499 | L2 Loss test: 0.048
Step 2450 | L2 Loss: -6670.931 | KLD Loss: 0.014 | L2 Loss_1: 11.651 | L2 Loss_2: 6682.582 | loss_tot: -3335.424 | L2 Loss test: 0.049
Step 2460 | L2 Loss: -6772.858 | KLD Loss: 0.014 | L2 Loss_1: 12.856 | L2 Loss_2: 6785.715 | loss_tot: -3386.426 | L2 Loss test: 0.049
Step 2470 | L2 Loss: -6877.126 | KLD Loss: 0.014 | L2 Loss_1: 14.104 | L2 Loss_2: 6891.230 | loss_tot: -3438.591 | L2 Loss test: 0.050
Step 2480 | L2 Loss: -6983.932 | KLD Loss: 0.014 | L2 Loss_1: 15.689 | L2 Loss_2: 6999.621 | loss_tot: -3491.969 | L2 Loss test: 0.051
Step 2490 | L2 Loss: -7092.837 | KLD Loss: 0.014 | L2 Loss_1: 17.266 | L2 Loss_2: 7110.104 | loss_tot: -3546.355 | L2 Loss test: 0.051
Step 2500 | L2 Loss: -7203.708 | KLD Loss: 0.014 | L2 Loss_1: 19.230 | L2 Loss_2: 7222.939 | loss_tot: -3602.020 | L2 Loss test: 0.051
Step 2510 | L2 Loss: -7317.610 | KLD Loss: 0.015 | L2 Loss_1: 20.755 | L2 Loss_2: 7338.366 | loss_tot: -3659.056 | L2 Loss test: 0.051
Step 2520 | L2 Loss: -7434.606 | KLD Loss: 0.015 | L2 Loss_1: 23.066 | L2 Loss_2: 7457.672 | loss_tot: -3717.474 | L2 Loss test: 0.052
Step 2530 | L2 Loss: -7553.145 | KLD Loss: 0.015 | L2 Loss_1: 25.545 | L2 Loss_2: 7578.689 | loss_tot: -3776.841 | L2 Loss test: 0.052
Step 2540 | L2 Loss: -7673.383 | KLD Loss: 0.015 | L2 Loss_1: 29.446 | L2 Loss_2: 7702.830 | loss_tot: -3837.049 | L2 Loss test: 0.052
Step 2550 | L2 Loss: -7797.860 | KLD Loss: 0.016 | L2 Loss_1: 32.030 | L2 Loss_2: 7829.890 | loss_tot: -3899.187 | L2 Loss test: 0.052
Step 2560 | L2 Loss: -7926.245 | KLD Loss: 0.016 | L2 Loss_1: 35.939 | L2 Loss_2: 7962.184 | loss_tot: -3963.207 | L2 Loss test: 0.052
Step 2570 | L2 Loss: -8057.840 | KLD Loss: 0.016 | L2 Loss_1: 43.463 | L2 Loss_2: 8101.304 | loss_tot: -4029.043 | L2 Loss test: 0.052
Step 2580 | L2 Loss: -8205.546 | KLD Loss: 0.017 | L2 Loss_1: 65.589 | L2 Loss_2: 8271.135 | loss_tot: -4103.473 | L2 Loss test: 0.053
Step 2590 | L2 Loss: -8075.932 | KLD Loss: 0.018 | L2 Loss_1: 542.894 | L2 Loss_2: 8618.827 | loss_tot: -4041.328 | L2 Loss test: 0.052
Step 2600 | L2 Loss: -8430.359 | KLD Loss: 0.017 | L2 Loss_1: 74.768 | L2 Loss_2: 8505.127 | loss_tot: -4215.373 | L2 Loss test: 0.051
Step 2610 | L2 Loss: -3944.366 | KLD Loss: 0.017 | L2 Loss_1: 4357.195 | L2 Loss_2: 8301.562 | loss_tot: -1972.017 | L2 Loss test: 0.086
slurmstepd: error: *** JOB 64768 ON biwirender11 CANCELLED AT 2020-10-04T12:17:30 DUE TO TIME LIMIT ***
