/scratch_net/bmicdl03/jonatank/logs/ddp/vae/20201006-101042
>>> lat_dim value: 60
>>> mode is: jonatank
CAME HERE!! 1
CAME HERE!! 11
2020-10-06 10:10:44.129902: I tensorflow/core/platform/cpu_feature_guard.cc:141] Your CPU supports instructions that this TensorFlow binary was not compiled to use: AVX2 FMA
2020-10-06 10:10:44.375909: I tensorflow/core/common_runtime/gpu/gpu_device.cc:1432] Found device 0 with properties: 
name: GeForce GTX 1080 Ti major: 6 minor: 1 memoryClockRate(GHz): 1.582
pciBusID: 0000:83:00.0
totalMemory: 10.92GiB freeMemory: 10.77GiB
2020-10-06 10:10:44.375945: I tensorflow/core/common_runtime/gpu/gpu_device.cc:1511] Adding visible gpu devices: 0
2020-10-06 10:10:44.898126: I tensorflow/core/common_runtime/gpu/gpu_device.cc:982] Device interconnect StreamExecutor with strength 1 edge matrix:
2020-10-06 10:10:44.898164: I tensorflow/core/common_runtime/gpu/gpu_device.cc:988]      0 
2020-10-06 10:10:44.898171: I tensorflow/core/common_runtime/gpu/gpu_device.cc:1001] 0:   N 
2020-10-06 10:10:44.898493: I tensorflow/core/common_runtime/gpu/gpu_device.cc:1115] Created TensorFlow device (/job:localhost/replica:0/task:0/device:GPU:0 with 10419 MB memory) -> physical GPU (device: 0, name: GeForce GTX 1080 Ti, pci bus id: 0000:83:00.0, compute capability: 6.1)
2020-10-06 10:10:44.899781: I tensorflow/core/common_runtime/gpu/gpu_device.cc:1511] Adding visible gpu devices: 0
2020-10-06 10:10:44.899830: I tensorflow/core/common_runtime/gpu/gpu_device.cc:982] Device interconnect StreamExecutor with strength 1 edge matrix:
2020-10-06 10:10:44.899847: I tensorflow/core/common_runtime/gpu/gpu_device.cc:988]      0 
2020-10-06 10:10:44.899859: I tensorflow/core/common_runtime/gpu/gpu_device.cc:1001] 0:   N 
2020-10-06 10:10:44.900268: I tensorflow/core/common_runtime/gpu/gpu_device.cc:1115] Created TensorFlow device (/device:GPU:0 with 10419 MB memory) -> physical GPU (device: 0, name: GeForce GTX 1080 Ti, pci bus id: 0000:83:00.0, compute capability: 6.1)
True
CAME HERE!! 12
CAME HERE!! 2
CAME HERE!! 3
CAME HERE!! 31
CAME HERE!! 32
Initialized parameters
CAME HERE!! 33
CAME HERE!! 4
file_brain_AXT2_207_2070748.h5
file_brain_AXT2_205_2050163.h5
file_brain_AXT2_205_6000045.h5
file_brain_AXT2_210_2100141.h5
file_brain_AXT2_200_2000082.h5
file_brain_AXT2_205_2050117.h5
file_brain_AXT2_202_2020088.h5
file_brain_AXT2_200_6002478.h5
file_brain_AXT2_207_2070410.h5
file_brain_AXT2_205_6000050.h5
file_brain_AXT2_205_2050122.h5
file_brain_AXT2_207_2070234.h5
file_brain_AXT2_203_2030153.h5
file_brain_AXT2_203_2030157.h5
file_brain_AXT2_201_2010308.h5
file_brain_AXT2_201_2010458.h5
file_brain_AXT2_207_2070045.h5
file_brain_AXT2_209_2090209.h5
file_brain_AXT2_207_2070358.h5
file_brain_AXT2_201_2010246.h5
file_brain_AXT2_210_6001575.h5
file_brain_AXT2_201_2010561.h5
file_brain_AXT2_207_2070434.h5
file_brain_AXT2_207_2070045.h5
file_brain_AXT2_202_2020231.h5
file_brain_AXT2_203_2030100.h5
file_brain_AXT2_200_2000179.h5
file_brain_AXT2_208_2080041.h5
file_brain_AXT2_210_6001621.h5
file_brain_AXT2_207_2070287.h5
file_brain_AXT2_208_2080564.h5
file_brain_AXT2_210_6001570.h5
file_brain_AXT2_201_2010615.h5
file_brain_AXT2_205_2050231.h5
file_brain_AXT2_203_2030167.h5
file_brain_AXT2_201_2010200.h5
file_brain_AXT2_200_2000501.h5
file_brain_AXT2_202_2020231.h5
file_brain_AXT2_209_6001410.h5
file_brain_AXT2_200_6002020.h5
file_brain_AXT2_210_2100230.h5
file_brain_AXT2_203_2030119.h5
file_brain_AXT2_201_2010066.h5
file_brain_AXT2_207_2070410.h5
file_brain_AXT2_209_6001180.h5
file_brain_AXT2_200_2000264.h5
file_brain_AXT2_207_2070507.h5
file_brain_AXT2_202_2020442.h5
file_brain_AXT2_208_2080452.h5
file_brain_AXT2_200_2000213.h5
file_brain_AXT2_200_2000019.h5
file_brain_AXT2_207_2070478.h5
file_brain_AXT2_207_2070107.h5
file_brain_AXT2_200_2000402.h5
file_brain_AXT2_205_6000067.h5
file_brain_AXT2_207_2070597.h5
file_brain_AXT2_207_2070258.h5
file_brain_AXT2_206_2060047.h5
file_brain_AXT2_207_2070446.h5
file_brain_AXT2_208_2080204.h5
file_brain_AXT2_202_2020142.h5
file_brain_AXT2_200_6002244.h5
file_brain_AXT2_205_2050048.h5
file_brain_AXT2_207_2070068.h5
file_brain_AXT2_205_6000106.h5
file_brain_AXT2_201_2010249.h5
file_brain_AXT2_210_2100073.h5
file_brain_AXT2_201_2010278.h5
file_brain_AXT2_200_6002208.h5
file_brain_AXT2_200_6002244.h5
file_brain_AXT2_200_6002478.h5
file_brain_AXT2_205_6000020.h5
file_brain_AXT2_210_2100189.h5
file_brain_AXT2_209_2090188.h5
file_brain_AXT2_203_2030337.h5
file_brain_AXT2_200_6002359.h5
file_brain_AXT2_200_6002357.h5
file_brain_AXT2_201_2010209.h5
file_brain_AXT2_210_2100192.h5
file_brain_AXT2_203_2030268.h5
file_brain_AXT2_200_6002555.h5
file_brain_AXT2_201_2010144.h5
file_brain_AXT2_200_6002269.h5
file_brain_AXT2_205_6000099.h5
file_brain_AXT2_200_6002578.h5
file_brain_AXT2_200_6002504.h5
file_brain_AXT2_208_2080279.h5
file_brain_AXT2_207_2070597.h5
file_brain_AXT2_210_2100028.h5
file_brain_AXT2_203_2030169.h5
file_brain_AXT2_209_2090275.h5
file_brain_AXT2_200_6002620.h5
file_brain_AXT2_205_2050190.h5
file_brain_AXT2_200_2000223.h5
file_brain_AXT2_209_6001098.h5
file_brain_AXT2_209_2090247.h5
file_brain_AXT2_202_2020343.h5
file_brain_AXT2_209_6001037.h5
file_brain_AXT2_202_2020054.h5
file_brain_AXT2_208_2080074.h5
file_brain_AXT2_207_2070041.h5
file_brain_AXT2_209_2090103.h5
file_brain_AXT2_202_2020013.h5
file_brain_AXT2_202_2020177.h5
file_brain_AXT2_200_2000133.h5
file_brain_AXT2_210_2100065.h5
file_brain_AXT2_207_2070115.h5
file_brain_AXT2_205_2050048.h5
file_brain_AXT2_200_2000572.h5
file_brain_AXT2_202_2020296.h5
file_brain_AXT2_203_2030237.h5
file_brain_AXT2_210_6001805.h5
file_brain_AXT2_208_2080631.h5
file_brain_AXT2_202_2020552.h5
file_brain_AXT2_207_2070046.h5
file_brain_AXT2_203_2030106.h5
file_brain_AXT2_208_2080292.h5
file_brain_AXT2_207_2070265.h5
file_brain_AXT2_207_2070232.h5
file_brain_AXT2_201_2010461.h5
file_brain_AXT2_201_2010131.h5
file_brain_AXT2_208_2080204.h5
file_brain_AXT2_202_2020200.h5
file_brain_AXT2_209_2090105.h5
file_brain_AXT2_209_2090060.h5
file_brain_AXT2_205_6000045.h5
file_brain_AXT2_208_2080672.h5
file_brain_AXT2_209_6001121.h5
file_brain_AXT2_202_2020200.h5
file_brain_AXT2_202_2020140.h5
file_brain_AXT2_201_2010010.h5
file_brain_AXT2_207_2070657.h5
file_brain_AXT2_203_2030114.h5
file_brain_AXT2_209_6001048.h5
file_brain_AXT2_210_2100273.h5
file_brain_AXT2_206_2060038.h5
file_brain_AXT2_209_6001472.h5
file_brain_AXT2_207_2070430.h5
file_brain_AXT2_200_2000464.h5
file_brain_AXT2_209_6001422.h5
file_brain_AXT2_201_2010372.h5
file_brain_AXT2_205_2050188.h5
file_brain_AXT2_209_2090042.h5
file_brain_AXT2_207_2070046.h5
file_brain_AXT2_201_2010192.h5
file_brain_AXT2_200_2000635.h5
file_brain_AXT2_200_6001966.h5
file_brain_AXT2_205_2050074.h5
file_brain_AXT2_208_2080472.h5
file_brain_AXT2_208_2080724.h5
file_brain_AXT2_200_2000487.h5
file_brain_AXT2_208_2080041.h5
file_brain_AXT2_200_2000019.h5
file_brain_AXT2_205_6000037.h5
file_brain_AXT2_201_2010574.h5
file_brain_AXT2_208_2080564.h5
file_brain_AXT2_203_2030186.h5
file_brain_AXT2_203_2030361.h5
file_brain_AXT2_203_2030268.h5
file_brain_AXT2_200_2000519.h5
file_brain_AXT2_203_2030268.h5
file_brain_AXT2_207_2070645.h5
file_brain_AXT2_200_2000577.h5
file_brain_AXT2_207_2070789.h5
file_brain_AXT2_210_6001578.h5
file_brain_AXT2_208_2080454.h5
file_brain_AXT2_210_2100054.h5
file_brain_AXT2_202_2020249.h5
file_brain_AXT2_209_6001410.h5
file_brain_AXT2_208_2080571.h5
file_brain_AXT2_209_6001107.h5
file_brain_AXT2_210_2100021.h5
file_brain_AXT2_200_2000270.h5
file_brain_AXT2_207_2070597.h5
file_brain_AXT2_209_2090235.h5
file_brain_AXT2_203_2030231.h5
file_brain_AXT2_201_2010540.h5
file_brain_AXT2_200_2000405.h5
file_brain_AXT2_208_2080387.h5
file_brain_AXT2_203_2030231.h5
file_brain_AXT2_208_2080108.h5
file_brain_AXT2_208_2080448.h5
file_brain_AXT2_205_6000026.h5
file_brain_AXT2_201_2010184.h5
file_brain_AXT2_209_6001180.h5
file_brain_AXT2_209_6001322.h5
file_brain_AXT2_201_2010310.h5
file_brain_AXT2_206_6000233.h5
file_brain_AXT2_205_2050200.h5
file_brain_AXT2_205_6000045.h5
file_brain_AXT2_207_2070328.h5
file_brain_AXT2_208_2080164.h5
file_brain_AXT2_209_6000974.h5
file_brain_AXT2_209_2090323.h5
file_brain_AXT2_207_2070358.h5
file_brain_AXT2_208_2080307.h5
file_brain_AXT2_202_2020445.h5
file_brain_AXT2_208_2080058.h5
file_brain_AXT2_208_2080592.h5
file_brain_AXT2_200_2000377.h5
file_brain_AXT2_207_2070609.h5
file_brain_AXT2_210_6001600.h5
file_brain_AXT2_200_2000350.h5
file_brain_AXT2_201_2010503.h5
file_brain_AXT2_210_2100318.h5
file_brain_AXT2_209_6001308.h5
file_brain_AXT2_200_6002657.h5
file_brain_AXT2_207_2070316.h5
file_brain_AXT2_208_2080541.h5
file_brain_AXT2_200_6002519.h5
file_brain_AXT2_209_2090275.h5
file_brain_AXT2_208_2080424.h5
file_brain_AXT2_209_2090112.h5
file_brain_AXT2_209_6001341.h5
file_brain_AXT2_207_2070066.h5
file_brain_AXT2_201_2010310.h5
file_brain_AXT2_200_2000405.h5
file_brain_AXT2_200_6002269.h5
file_brain_AXT2_200_2000464.h5
file_brain_AXT2_207_2070446.h5
file_brain_AXT2_201_2010258.h5
file_brain_AXT2_209_2090142.h5
file_brain_AXT2_200_2000641.h5
file_brain_AXT2_205_6000054.h5
file_brain_AXT2_210_6001817.h5
file_brain_AXT2_200_2000618.h5
file_brain_AXT2_203_2030100.h5
file_brain_AXT2_200_6002320.h5
file_brain_AXT2_200_6002266.h5
file_brain_AXT2_204_2040029.h5
file_brain_AXT2_207_2070108.h5
file_brain_AXT2_203_2030361.h5
file_brain_AXT2_200_6002577.h5
file_brain_AXT2_200_2000248.h5
file_brain_AXT2_205_2050024.h5
file_brain_AXT2_200_2000314.h5
file_brain_AXT2_209_6001069.h5
file_brain_AXT2_209_6001169.h5
file_brain_AXT2_207_2070110.h5
file_brain_AXT2_208_2080309.h5
file_brain_AXT2_205_2050048.h5
file_brain_AXT2_201_2010308.h5
file_brain_AXT2_209_6001075.h5
file_brain_AXT2_210_2100329.h5
file_brain_AXT2_210_2100286.h5
file_brain_AXT2_209_6001308.h5
file_brain_AXT2_201_2010270.h5
file_brain_AXT2_207_2070297.h5
file_brain_AXT2_200_6002148.h5
file_brain_AXT2_205_2050240.h5
file_brain_AXT2_200_6002278.h5
file_brain_AXT2_208_2080461.h5
file_brain_AXT2_207_2070316.h5
file_brain_AXT2_208_2080147.h5
file_brain_AXT2_208_2080452.h5
file_brain_AXT2_201_2010220.h5
file_brain_AXT2_209_6001164.h5
file_brain_AXT2_210_6001632.h5
file_brain_AXT2_208_2080441.h5
file_brain_AXT2_204_2040010.h5
file_brain_AXT2_205_2050074.h5
file_brain_AXT2_208_2080279.h5
file_brain_AXT2_201_2010304.h5
file_brain_AXT2_205_6000072.h5
file_brain_AXT2_209_2090382.h5
file_brain_AXT2_200_2000603.h5
file_brain_AXT2_209_6001306.h5
file_brain_AXT2_201_2010185.h5
file_brain_AXT2_210_2100021.h5
file_brain_AXT2_200_6002505.h5
file_brain_AXT2_207_2070373.h5
file_brain_AXT2_200_2000350.h5
file_brain_AXT2_210_2100123.h5
file_brain_AXT2_200_2000226.h5
file_brain_AXT2_207_2070419.h5
file_brain_AXT2_209_2090178.h5
file_brain_AXT2_202_2020249.h5
file_brain_AXT2_207_2070597.h5
file_brain_AXT2_200_2000603.h5
file_brain_AXT2_207_2070316.h5
file_brain_AXT2_207_2070831.h5
file_brain_AXT2_207_2070295.h5
file_brain_AXT2_209_2090419.h5
file_brain_AXT2_208_2080548.h5
file_brain_AXT2_208_2080441.h5
file_brain_AXT2_202_2020522.h5
file_brain_AXT2_208_2080404.h5
file_brain_AXT2_209_2090023.h5
file_brain_AXT2_207_2070554.h5
file_brain_AXT2_208_2080657.h5
file_brain_AXT2_202_2020152.h5
file_brain_AXT2_201_2010368.h5
file_brain_AXT2_207_2070706.h5
file_brain_AXT2_207_2070232.h5
file_brain_AXT2_208_2080622.h5
file_brain_AXT2_205_6000045.h5
file_brain_AXT2_207_2070494.h5
file_brain_AXT2_208_2080243.h5
file_brain_AXT2_203_2030141.h5
file_brain_AXT2_201_2010185.h5
file_brain_AXT2_210_6001679.h5
file_brain_AXT2_202_2020104.h5
file_brain_AXT2_200_2000433.h5
file_brain_AXT2_205_6000045.h5
file_brain_AXT2_205_6000106.h5
file_brain_AXT2_209_6001472.h5
file_brain_AXT2_200_6002540.h5
file_brain_AXT2_200_2000603.h5
file_brain_AXT2_207_2070723.h5
file_brain_AXT2_201_2010185.h5
file_brain_AXT2_208_2080290.h5
file_brain_AXT2_209_6001042.h5
file_brain_AXT2_200_2000632.h5
file_brain_AXT2_200_2000583.h5
file_brain_AXT2_207_2070091.h5
file_brain_AXT2_201_2010232.h5
file_brain_AXT2_207_2070115.h5
file_brain_AXT2_208_2080540.h5
file_brain_AXT2_201_2010185.h5
file_brain_AXT2_210_2100392.h5
file_brain_AXT2_207_2070494.h5
file_brain_AXT2_208_2080571.h5
file_brain_AXT2_207_2070243.h5
file_brain_AXT2_207_2070166.h5
file_brain_AXT2_201_2010615.h5
file_brain_AXT2_202_2020152.h5
file_brain_AXT2_208_2080268.h5
file_brain_AXT2_200_6002320.h5
file_brain_AXT2_207_2070337.h5
file_brain_AXT2_205_2050175.h5
file_brain_AXT2_210_6001500.h5
file_brain_AXT2_200_2000392.h5
file_brain_AXT2_210_6001842.h5
file_brain_AXT2_201_2010159.h5
file_brain_AXT2_210_6001599.h5
file_brain_AXT2_205_6000074.h5
file_brain_AXT2_200_2000510.h5
file_brain_AXT2_201_2010294.h5
file_brain_AXT2_207_2070831.h5
file_brain_AXT2_205_2050211.h5
file_brain_AXT2_200_2000638.h5
file_brain_AXT2_200_2000226.h5
file_brain_AXT2_210_2100329.h5
file_brain_AXT2_207_2070752.h5
file_brain_AXT2_200_2000213.h5
file_brain_AXT2_208_2080144.h5
file_brain_AXT2_210_2100130.h5
file_brain_AXT2_202_2020413.h5
file_brain_AXT2_203_2030215.h5
file_brain_AXT2_200_6002269.h5
file_brain_AXT2_201_2010084.h5
file_brain_AXT2_210_2100021.h5
file_brain_AXT2_207_2070122.h5
file_brain_AXT2_203_2030225.h5
file_brain_AXT2_202_2020317.h5
file_brain_AXT2_207_2070287.h5
file_brain_AXT2_205_2050048.h5
file_brain_AXT2_210_2100286.h5
file_brain_AXT2_205_2050106.h5
file_brain_AXT2_207_2070148.h5
file_brain_AXT2_201_2010159.h5
file_brain_AXT2_205_2050114.h5
file_brain_AXT2_203_2030313.h5
file_brain_AXT2_207_2070243.h5
file_brain_AXT2_209_6001276.h5
file_brain_AXT2_201_2010458.h5
file_brain_AXT2_210_6001801.h5
file_brain_AXT2_208_2080452.h5
file_brain_AXT2_210_2100218.h5
file_brain_AXT2_202_2020244.h5
file_brain_AXT2_200_6002058.h5
file_brain_AXT2_207_2070614.h5
file_brain_AXT2_210_6001817.h5
file_brain_AXT2_208_2080571.h5
file_brain_AXT2_203_2030331.h5
file_brain_AXT2_209_2090296.h5
file_brain_AXT2_200_2000402.h5
file_brain_AXT2_205_6000003.h5
file_brain_AXT2_201_2010117.h5
file_brain_AXT2_208_2080580.h5
file_brain_AXT2_200_6002575.h5
file_brain_AXT2_209_6001472.h5
file_brain_AXT2_202_2020436.h5
file_brain_AXT2_210_6001599.h5
file_brain_AXT2_200_6002208.h5
file_brain_AXT2_203_2030284.h5
file_brain_AXT2_210_2100019.h5
file_brain_AXT2_200_2000022.h5
file_brain_AXT2_210_6001851.h5
file_brain_AXT2_203_2030027.h5
file_brain_AXT2_200_2000510.h5
file_brain_AXT2_207_2070068.h5
file_brain_AXT2_210_2100189.h5
file_brain_AXT2_202_2020140.h5
file_brain_AXT2_205_2050163.h5
file_brain_AXT2_205_2050160.h5
file_brain_AXT2_200_2000641.h5
file_brain_AXT2_207_2070358.h5
file_brain_AXT2_207_2070340.h5
file_brain_AXT2_200_6001966.h5
file_brain_AXT2_208_2080577.h5
file_brain_AXT2_204_2040014.h5
file_brain_AXT2_200_6002459.h5
file_brain_AXT2_207_2070200.h5
file_brain_AXT2_200_2000250.h5
file_brain_AXT2_207_2070637.h5
file_brain_AXT2_209_6000976.h5
file_brain_AXT2_200_2000021.h5
file_brain_AXT2_200_2000226.h5
file_brain_AXT2_203_2030127.h5
file_brain_AXT2_200_2000022.h5
file_brain_AXT2_208_2080592.h5
file_brain_AXT2_205_2050240.h5
file_brain_AXT2_206_2060047.h5
file_brain_AXT2_200_2000337.h5
file_brain_AXT2_210_2100327.h5
file_brain_AXT2_201_2010278.h5
file_brain_AXT2_208_2080276.h5
file_brain_AXT2_202_2020043.h5
file_brain_AXT2_202_2020132.h5
file_brain_AXT2_210_6001793.h5
file_brain_AXT2_203_2030155.h5
file_brain_AXT2_200_6002172.h5
file_brain_AXT2_200_6002181.h5
file_brain_AXT2_205_6000150.h5
file_brain_AXT2_209_6001271.h5
file_brain_AXT2_204_2040061.h5
file_brain_AXT2_200_6002320.h5
file_brain_AXT2_201_2010615.h5
file_brain_AXT2_208_2080628.h5
file_brain_AXT2_200_6002419.h5
file_brain_AXT2_202_2020201.h5
file_brain_AXT2_205_2050006.h5
file_brain_AXT2_209_6000992.h5
file_brain_AXT2_208_2080441.h5
file_brain_AXT2_209_6001008.h5
file_brain_AXT2_207_2070122.h5
file_brain_AXT2_209_6000974.h5
file_brain_AXT2_200_6002636.h5
file_brain_AXT2_208_2080129.h5
file_brain_AXT2_203_2030059.h5
file_brain_AXT2_209_2090229.h5
file_brain_AXT2_207_2070243.h5
file_brain_AXT2_202_2020231.h5
file_brain_AXT2_210_6001556.h5
file_brain_AXT2_208_2080571.h5
file_brain_AXT2_207_2070609.h5
file_brain_AXT2_203_2030102.h5
file_brain_AXT2_209_6001157.h5
file_brain_AXT2_208_2080633.h5
file_brain_AXT2_205_2050106.h5
file_brain_AXT2_210_6001679.h5
file_brain_AXT2_203_2030225.h5
file_brain_AXT2_203_2030032.h5
file_brain_AXT2_203_2030127.h5
file_brain_AXT2_203_2030027.h5
file_brain_AXT2_201_2010464.h5
file_brain_AXT2_200_2000093.h5
file_brain_AXT2_207_2070432.h5
file_brain_AXT2_207_2070231.h5
file_brain_AXT2_208_2080602.h5
file_brain_AXT2_209_2090042.h5
file_brain_AXT2_207_2070564.h5
file_brain_AXT2_203_2030264.h5
file_brain_AXT2_200_2000442.h5
file_brain_AXT2_200_2000177.h5
file_brain_AXT2_209_6001464.h5
file_brain_AXT2_207_2070614.h5
file_brain_AXT2_207_2070148.h5
file_brain_AXT2_200_2000464.h5
file_brain_AXT2_208_2080404.h5
file_brain_AXT2_209_2090296.h5
file_brain_AXT2_208_2080191.h5
file_brain_AXT2_209_2090399.h5
file_brain_AXT2_210_2100103.h5
file_brain_AXT2_200_2000337.h5
file_brain_AXT2_201_2010064.h5
file_brain_AXT2_205_2050264.h5
file_brain_AXT2_210_2100248.h5
file_brain_AXT2_203_2030014.h5
file_brain_AXT2_200_6002001.h5
file_brain_AXT2_202_2020552.h5
file_brain_AXT2_202_2020343.h5
file_brain_AXT2_209_2090296.h5
file_brain_AXT2_207_2070443.h5
file_brain_AXT2_208_2080108.h5
file_brain_AXT2_205_6000011.h5
file_brain_AXT2_209_6001136.h5
file_brain_AXT2_210_2100123.h5
file_brain_AXT2_209_2090060.h5
file_brain_AXT2_209_6001361.h5
file_brain_AXT2_208_2080226.h5
file_brain_AXT2_208_2080424.h5
file_brain_AXT2_204_2040014.h5
file_brain_AXT2_207_2070756.h5
file_brain_AXT2_205_6000054.h5
file_brain_AXT2_208_2080191.h5
file_brain_AXT2_207_2070046.h5
file_brain_AXT2_200_6002577.h5
file_brain_AXT2_201_2010375.h5
file_brain_AXT2_210_2100273.h5
file_brain_AXT2_207_2070202.h5
file_brain_AXT2_207_2070378.h5
file_brain_AXT2_208_2080290.h5
file_brain_AXT2_205_2050238.h5
file_brain_AXT2_200_6002357.h5
file_brain_AXT2_200_2000371.h5
file_brain_AXT2_207_2070340.h5
file_brain_AXT2_209_2090114.h5
file_brain_AXT2_209_6001136.h5
file_brain_AXT2_201_2010549.h5
file_brain_AXT2_207_2070518.h5
file_brain_AXT2_203_2030231.h5
file_brain_AXT2_207_2070278.h5
file_brain_AXT2_207_2070430.h5
file_brain_AXT2_205_6000072.h5
file_brain_AXT2_210_6001842.h5
file_brain_AXT2_201_2010138.h5
file_brain_AXT2_203_2030321.h5
file_brain_AXT2_200_6002552.h5
file_brain_AXT2_206_6000206.h5
file_brain_AXT2_201_2010159.h5
file_brain_AXT2_209_6001164.h5
file_brain_AXT2_205_2050074.h5
file_brain_AXT2_210_2100273.h5
file_brain_AXT2_203_2030127.h5
file_brain_AXT2_209_2090293.h5
file_brain_AXT2_208_2080709.h5
file_brain_AXT2_210_6001556.h5
file_brain_AXT2_203_2030102.h5
file_brain_AXT2_205_2050211.h5
file_brain_AXT2_208_2080108.h5
file_brain_AXT2_207_2070146.h5
file_brain_AXT2_205_6000037.h5
file_brain_AXT2_208_2080349.h5
file_brain_AXT2_208_2080424.h5
file_brain_AXT2_202_2020227.h5
file_brain_AXT2_200_2000572.h5
file_brain_AXT2_200_2000185.h5
file_brain_AXT2_201_2010131.h5
file_brain_AXT2_203_2030106.h5
file_brain_AXT2_209_2090293.h5
file_brain_AXT2_207_2070463.h5
file_brain_AXT2_210_2100171.h5
file_brain_AXT2_208_2080349.h5
file_brain_AXT2_200_2000402.h5
file_brain_AXT2_209_2090235.h5
file_brain_AXT2_202_2020010.h5
file_brain_AXT2_208_2080575.h5
file_brain_AXT2_201_2010138.h5
file_brain_AXT2_207_2070789.h5
file_brain_AXT2_207_2070714.h5
file_brain_AXT2_205_6000052.h5
file_brain_AXT2_202_2020165.h5
file_brain_AXT2_201_2010074.h5
file_brain_AXT2_202_2020220.h5
file_brain_AXT2_203_2030359.h5
file_brain_AXT2_201_2010270.h5
file_brain_AXT2_209_6001322.h5
file_brain_AXT2_210_6001679.h5
file_brain_AXT2_210_6001542.h5
file_brain_AXT2_202_2020249.h5
file_brain_AXT2_202_2020249.h5
file_brain_AXT2_209_6001422.h5
file_brain_AXT2_203_2030286.h5
file_brain_AXT2_210_6001858.h5
file_brain_AXT2_209_6001181.h5
file_brain_AXT2_202_2020040.h5
file_brain_AXT2_208_2080697.h5
file_brain_AXT2_210_2100014.h5
file_brain_AXT2_208_2080670.h5
file_brain_AXT2_200_6002090.h5
file_brain_AXT2_207_2070720.h5
file_brain_AXT2_201_2010037.h5
file_brain_AXT2_208_2080612.h5
file_brain_AXT2_200_6002555.h5
file_brain_AXT2_208_2080129.h5
file_brain_AXT2_200_2000349.h5
file_brain_AXT2_208_2080387.h5
file_brain_AXT2_200_2000464.h5
file_brain_AXT2_209_6001164.h5
file_brain_AXT2_201_2010574.h5
file_brain_AXT2_200_2000572.h5
file_brain_AXT2_204_2040067.h5
file_brain_AXT2_202_2020442.h5
file_brain_AXT2_200_2000021.h5
file_brain_AXT2_201_2010198.h5
file_brain_AXT2_202_2020193.h5
file_brain_AXT2_200_2000084.h5
file_brain_AXT2_209_6001037.h5
file_brain_AXT2_210_2100228.h5
file_brain_AXT2_200_2000612.h5
file_brain_AXT2_202_2020220.h5
file_brain_AXT2_209_6001112.h5
file_brain_AXT2_209_2090161.h5
file_brain_AXT2_208_2080199.h5
file_brain_AXT2_207_2070156.h5
file_brain_AXT2_207_2070234.h5
file_brain_AXT2_208_2080266.h5
file_brain_AXT2_210_2100263.h5
file_brain_AXT2_202_2020552.h5
file_brain_AXT2_203_2030215.h5
file_brain_AXT2_208_2080292.h5
file_brain_AXT2_208_2080672.h5
file_brain_AXT2_209_6001464.h5
file_brain_AXT2_200_6002540.h5
file_brain_AXT2_210_2100263.h5
file_brain_AXT2_207_2070337.h5
file_brain_AXT2_206_2060045.h5
file_brain_AXT2_207_2070585.h5
file_brain_AXT2_200_2000396.h5
file_brain_AXT2_201_2010066.h5
file_brain_AXT2_202_2020177.h5
file_brain_AXT2_201_2010064.h5
file_brain_AXT2_207_2070759.h5
file_brain_AXT2_202_2020413.h5
file_brain_AXT2_207_2070316.h5
file_brain_AXT2_208_2080074.h5
file_brain_AXT2_207_2070108.h5
file_brain_AXT2_205_6000011.h5
file_brain_AXT2_203_2030063.h5
file_brain_AXT2_207_2070202.h5
file_brain_AXT2_209_6001085.h5
file_brain_AXT2_210_6001817.h5
file_brain_AXT2_208_2080144.h5
file_brain_AXT2_202_2020390.h5
file_brain_AXT2_208_2080724.h5
file_brain_AXT2_202_2020010.h5
file_brain_AXT2_208_2080358.h5
file_brain_AXT2_209_6001277.h5
file_brain_AXT2_210_6001599.h5
file_brain_AXT2_207_2070068.h5
file_brain_AXT2_209_6001085.h5
file_brain_AXT2_202_2020138.h5
file_brain_AXT2_200_6002002.h5
file_brain_AXT2_209_2090154.h5
file_brain_AXT2_208_2080539.h5
file_brain_AXT2_209_6001211.h5
file_brain_AXT2_201_2010185.h5
file_brain_AXT2_205_6000037.h5
file_brain_AXT2_202_2020104.h5
file_brain_AXT2_210_6001858.h5
file_brain_AXT2_209_6001280.h5
file_brain_AXT2_207_2070470.h5
file_brain_AXT2_210_6001599.h5
file_brain_AXT2_208_2080508.h5
file_brain_AXT2_207_2070819.h5
file_brain_AXT2_209_6001343.h5
file_brain_AXT2_200_6002504.h5
file_brain_AXT2_203_2030272.h5
file_brain_AXT2_203_2030395.h5
file_brain_AXT2_204_2040004.h5
file_brain_AXT2_205_2050183.h5
file_brain_AXT2_210_2100085.h5
file_brain_AXT2_200_2000179.h5
file_brain_AXT2_207_2070554.h5
file_brain_AXT2_200_6002173.h5
file_brain_AXT2_209_6001085.h5
file_brain_AXT2_208_2080571.h5
file_brain_AXT2_210_6001636.h5
file_brain_AXT2_201_2010082.h5
file_brain_AXT2_200_2000082.h5
file_brain_AXT2_210_2100021.h5
file_brain_AXT2_210_2100085.h5
file_brain_AXT2_209_2090039.h5
file_brain_AXT2_200_2000628.h5
file_brain_AXT2_207_2070518.h5
file_brain_AXT2_210_2100327.h5
file_brain_AXT2_210_6001894.h5
file_brain_AXT2_207_2070337.h5
file_brain_AXT2_208_2080729.h5
file_brain_AXT2_208_2080540.h5
file_brain_AXT2_207_2070265.h5
file_brain_AXT2_205_6000106.h5
file_brain_AXT2_210_2100027.h5
file_brain_AXT2_209_2090275.h5
file_brain_AXT2_207_2070115.h5
file_brain_AXT2_200_6002320.h5
file_brain_AXT2_208_2080540.h5
file_brain_AXT2_200_6002478.h5
file_brain_AXT2_201_2010417.h5
file_brain_AXT2_207_2070587.h5
file_brain_AXT2_207_2070258.h5
file_brain_AXT2_207_2070265.h5
file_brain_AXT2_206_6000233.h5
file_brain_AXT2_203_2030395.h5
file_brain_AXT2_200_6002359.h5
file_brain_AXT2_207_2070288.h5
file_brain_AXT2_209_6001322.h5
file_brain_AXT2_200_2000396.h5
file_brain_AXT2_208_2080387.h5
file_brain_AXT2_200_6002607.h5
file_brain_AXT2_201_2010574.h5
file_brain_AXT2_209_2090399.h5
file_brain_AXT2_207_2070434.h5
file_brain_AXT2_207_2070745.h5
file_brain_AXT2_203_2030306.h5
file_brain_AXT2_208_2080452.h5
file_brain_AXT2_204_2040085.h5
file_brain_AXT2_203_2030169.h5
file_brain_AXT2_205_2050155.h5
file_brain_AXT2_207_2070146.h5
file_brain_AXT2_210_6001793.h5
file_brain_AXT2_200_2000160.h5
file_brain_AXT2_207_2070044.h5
file_brain_AXT2_209_6001042.h5
file_brain_AXT2_210_2100386.h5
file_brain_AXT2_200_6001989.h5
file_brain_AXT2_205_2050010.h5
file_brain_AXT2_210_2100189.h5
file_brain_AXT2_200_6002379.h5
file_brain_AXT2_200_2000195.h5
file_brain_AXT2_201_2010082.h5
file_brain_AXT2_209_2090039.h5
file_brain_AXT2_207_2070714.h5
file_brain_AXT2_209_6001181.h5
file_brain_AXT2_207_2070441.h5
file_brain_AXT2_201_2010209.h5
file_brain_AXT2_201_2010184.h5
file_brain_AXT2_207_2070045.h5
file_brain_AXT2_208_2080544.h5
file_brain_AXT2_201_2010312.h5
file_brain_AXT2_207_2070041.h5
file_brain_AXT2_202_2020251.h5
file_brain_AXT2_202_2020413.h5
file_brain_AXT2_205_6000135.h5
file_brain_AXT2_207_2070337.h5
file_brain_AXT2_209_2090323.h5
file_brain_AXT2_207_2070036.h5
file_brain_AXT2_200_2000612.h5
file_brain_AXT2_201_2010144.h5
file_brain_AXT2_210_6001822.h5
file_brain_AXT2_207_2070328.h5
file_brain_AXT2_200_6002269.h5
file_brain_AXT2_200_6002098.h5
file_brain_AXT2_202_2020132.h5
file_brain_AXT2_200_6002098.h5
file_brain_AXT2_203_2030268.h5
file_brain_AXT2_209_2090235.h5
file_brain_AXT2_208_2080542.h5
file_brain_AXT2_200_6002148.h5
file_brain_AXT2_200_6002208.h5
file_brain_AXT2_205_2050157.h5
file_brain_AXT2_208_2080294.h5
file_brain_AXT2_205_6000052.h5
file_brain_AXT2_202_2020439.h5
file_brain_AXT2_209_2090039.h5
file_brain_AXT2_203_2030215.h5
file_brain_AXT2_205_2050238.h5
file_brain_AXT2_210_2100190.h5
file_brain_AXT2_210_2100039.h5
file_brain_AXT2_202_2020130.h5
file_brain_AXT2_204_2040018.h5
file_brain_AXT2_209_6001410.h5
file_brain_AXT2_209_6001160.h5
file_brain_AXT2_205_2050160.h5
file_brain_AXT2_200_6002459.h5
file_brain_AXT2_207_2070614.h5
file_brain_AXT2_203_2030313.h5
file_brain_AXT2_207_2070044.h5
file_brain_AXT2_209_2090018.h5
file_brain_AXT2_200_2000256.h5
file_brain_AXT2_201_2010198.h5
file_brain_AXT2_205_2050024.h5
file_brain_AXT2_209_2090042.h5
file_brain_AXT2_200_2000577.h5
file_brain_AXT2_209_6001160.h5
file_brain_AXT2_210_6001627.h5
file_brain_AXT2_200_2000350.h5
file_brain_AXT2_200_6002002.h5
file_brain_AXT2_208_2080472.h5
file_brain_AXT2_200_6002504.h5
file_brain_AXT2_209_6001271.h5
file_brain_AXT2_207_2070243.h5
file_brain_AXT2_208_2080366.h5
file_brain_AXT2_203_2030014.h5
file_brain_AXT2_200_2000349.h5
file_brain_AXT2_202_2020572.h5
file_brain_AXT2_200_2000531.h5
file_brain_AXT2_200_2000433.h5
file_brain_AXT2_200_6002172.h5
file_brain_AXT2_201_2010552.h5
file_brain_AXT2_208_2080628.h5
file_brain_AXT2_200_2000349.h5
file_brain_AXT2_209_6001271.h5
file_brain_AXT2_209_2090419.h5
file_brain_AXT2_200_2000084.h5
file_brain_AXT2_207_2070634.h5
file_brain_AXT2_200_2000389.h5
file_brain_AXT2_207_2070564.h5
file_brain_AXT2_205_6000072.h5
file_brain_AXT2_209_2090105.h5
file_brain_AXT2_200_2000392.h5
file_brain_AXT2_202_2020343.h5
file_brain_AXT2_200_6002208.h5
file_brain_AXT2_208_2080709.h5
file_brain_AXT2_209_2090060.h5
file_brain_AXT2_207_2070811.h5
file_brain_AXT2_209_6001469.h5
file_brain_AXT2_207_2070075.h5
file_brain_AXT2_200_2000487.h5
file_brain_AXT2_208_2080539.h5
file_brain_AXT2_201_2010225.h5
file_brain_AXT2_210_6001556.h5
file_brain_AXT2_209_2090034.h5
file_brain_AXT2_200_6002083.h5
file_brain_AXT2_207_2070507.h5
file_brain_AXT2_202_2020423.h5
file_brain_AXT2_201_2010304.h5
file_brain_AXT2_200_2000160.h5
file_brain_AXT2_200_2000510.h5
file_brain_AXT2_201_2010198.h5
file_brain_AXT2_201_2010375.h5
file_brain_AXT2_200_2000531.h5
file_brain_AXT2_209_2090399.h5
file_brain_AXT2_205_2050163.h5
file_brain_AXT2_207_2070232.h5
file_brain_AXT2_205_2050069.h5
file_brain_AXT2_205_6000067.h5
file_brain_AXT2_204_2040029.h5
file_brain_AXT2_205_2050048.h5
file_brain_AXT2_203_2030114.h5
file_brain_AXT2_207_2070036.h5
file_brain_AXT2_200_2000270.h5
file_brain_AXT2_200_6002459.h5
file_brain_AXT2_207_2070617.h5
file_brain_AXT2_210_6001813.h5
file_brain_AXT2_210_2100014.h5
file_brain_AXT2_208_2080717.h5
file_brain_AXT2_200_2000133.h5
file_brain_AXT2_200_2000433.h5
file_brain_AXT2_210_2100014.h5
file_brain_AXT2_209_6001322.h5
file_brain_AXT2_207_2070718.h5
file_brain_AXT2_203_2030375.h5
file_brain_AXT2_205_6000070.h5
file_brain_AXT2_207_2070269.h5
file_brain_AXT2_205_6000136.h5
file_brain_AXT2_208_2080268.h5
file_brain_AXT2_202_2020387.h5
file_brain_AXT2_210_2100395.h5
file_brain_AXT2_200_6002365.h5
file_brain_AXT2_209_6001048.h5
file_brain_AXT2_200_2000358.h5
file_brain_AXT2_203_2030311.h5
file_brain_AXT2_210_2100391.h5
file_brain_AXT2_201_2010220.h5
file_brain_AXT2_209_6001260.h5
file_brain_AXT2_209_6001237.h5
file_brain_AXT2_200_6002657.h5
file_brain_AXT2_205_6000099.h5
file_brain_AXT2_200_6002269.h5
file_brain_AXT2_205_2050091.h5
file_brain_AXT2_209_2090272.h5
file_brain_AXT2_207_2070148.h5
file_brain_AXT2_207_2070217.h5
file_brain_AXT2_202_2020445.h5
file_brain_AXT2_208_2080034.h5
file_brain_AXT2_207_2070585.h5
file_brain_AXT2_202_2020459.h5
file_brain_AXT2_201_2010225.h5
file_brain_AXT2_203_2030250.h5
file_brain_AXT2_208_2080555.h5
file_brain_AXT2_208_2080441.h5
file_brain_AXT2_200_6002105.h5
file_brain_AXT2_203_2030153.h5
file_brain_AXT2_209_6000976.h5
file_brain_AXT2_204_2040061.h5
file_brain_AXT2_209_6000999.h5
file_brain_AXT2_207_2070564.h5
file_brain_AXT2_209_6001037.h5
file_brain_AXT2_209_6001464.h5
file_brain_AXT2_208_2080384.h5
file_brain_AXT2_201_2010225.h5
file_brain_AXT2_208_2080229.h5
file_brain_AXT2_201_2010312.h5
file_brain_AXT2_201_2010232.h5
file_brain_AXT2_200_2000442.h5
file_brain_AXT2_200_2000349.h5
file_brain_AXT2_204_2040097.h5
file_brain_AXT2_201_2010503.h5
file_brain_AXT2_202_2020220.h5
file_brain_AXT2_205_2050240.h5
file_brain_AXT2_201_2010084.h5
file_brain_AXT2_207_2070235.h5
file_brain_AXT2_204_2040061.h5
file_brain_AXT2_208_2080688.h5
file_brain_AXT2_205_6000011.h5
file_brain_AXT2_202_2020220.h5
file_brain_AXT2_200_2000161.h5
file_brain_AXT2_209_2090371.h5
file_brain_AXT2_209_2090237.h5
file_brain_AXT2_205_2050190.h5
file_brain_AXT2_200_2000327.h5
file_brain_AXT2_208_2080605.h5
file_brain_AXT2_203_2030127.h5
file_brain_AXT2_203_2030141.h5
file_brain_AXT2_210_6001575.h5
file_brain_AXT2_207_2070187.h5
file_brain_AXT2_200_2000519.h5
file_brain_AXT2_208_2080612.h5
file_brain_AXT2_201_2010147.h5
file_brain_AXT2_200_6002173.h5
file_brain_AXT2_200_2000439.h5
file_brain_AXT2_201_2010010.h5
file_brain_AXT2_205_6000136.h5
file_brain_AXT2_207_2070419.h5
file_brain_AXT2_200_2000103.h5
file_brain_AXT2_200_2000264.h5
file_brain_AXT2_200_2000635.h5
file_brain_AXT2_210_6001888.h5
file_brain_AXT2_209_6001008.h5
file_brain_AXT2_207_2070068.h5
file_brain_AXT2_208_2080555.h5
file_brain_AXT2_209_2090365.h5
file_brain_AXT2_209_6001085.h5
file_brain_AXT2_209_2090039.h5
file_brain_AXT2_208_2080279.h5
file_brain_AXT2_209_6000992.h5
file_brain_AXT2_207_2070344.h5
file_brain_AXT2_201_2010200.h5
file_brain_AXT2_209_2090296.h5
file_brain_AXT2_210_6001745.h5
file_brain_AXT2_202_2020343.h5
file_brain_AXT2_201_2010375.h5
file_brain_AXT2_200_6002173.h5
file_brain_AXT2_200_6002379.h5
file_brain_AXT2_200_6002329.h5
file_brain_AXT2_208_2080268.h5
file_brain_AXT2_200_6002414.h5
file_brain_AXT2_207_2070232.h5
file_brain_AXT2_200_6002419.h5
file_brain_AXT2_209_2090152.h5
file_brain_AXT2_203_2030356.h5
file_brain_AXT2_200_2000270.h5
file_brain_AXT2_203_2030231.h5
file_brain_AXT2_207_2070046.h5
file_brain_AXT2_200_6002359.h5
file_brain_AXT2_207_2070180.h5
file_brain_AXT2_203_2030119.h5
file_brain_AXT2_200_2000160.h5
file_brain_AXT2_201_2010084.h5
file_brain_AXT2_200_6002578.h5
file_brain_AXT2_208_2080292.h5
file_brain_AXT2_208_2080366.h5
file_brain_AXT2_210_6001500.h5
file_brain_AXT2_208_2080241.h5
file_brain_AXT2_205_6000050.h5
file_brain_AXT2_200_6002526.h5
file_brain_AXT2_207_2070393.h5
file_brain_AXT2_203_2030027.h5
file_brain_AXT2_200_6002457.h5
file_brain_AXT2_200_2000638.h5
file_brain_AXT2_208_2080448.h5
file_brain_AXT2_210_2100327.h5
file_brain_AXT2_200_6002278.h5
file_brain_AXT2_207_2070672.h5
file_brain_AXT2_209_2090105.h5
file_brain_AXT2_210_6001842.h5
file_brain_AXT2_201_2010064.h5
file_brain_AXT2_210_6001636.h5
file_brain_AXT2_203_2030215.h5
file_brain_AXT2_200_2000556.h5
file_brain_AXT2_207_2070748.h5
file_brain_AXT2_200_6002559.h5
file_brain_AXT2_205_6000050.h5
file_brain_AXT2_209_2090296.h5
file_brain_AXT2_200_2000045.h5
file_brain_AXT2_200_2000226.h5
file_brain_AXT2_209_6001160.h5
file_brain_AXT2_206_6000222.h5
file_brain_AXT2_207_2070723.h5
file_brain_AXT2_207_2070148.h5
file_brain_AXT2_203_2030395.h5
file_brain_AXT2_209_2090293.h5
file_brain_AXT2_209_6001322.h5
file_brain_AXT2_208_2080544.h5
file_brain_AXT2_210_6001822.h5
file_brain_AXT2_203_2030167.h5
file_brain_AXT2_201_2010391.h5
file_brain_AXT2_209_6000974.h5
file_brain_AXT2_200_6002555.h5
file_brain_AXT2_209_2090058.h5
file_brain_AXT2_201_2010069.h5
file_brain_AXT2_205_6000106.h5
file_brain_AXT2_200_2000568.h5
file_brain_AXT2_209_2090253.h5
file_brain_AXT2_206_2060021.h5
file_brain_AXT2_208_2080129.h5
file_brain_AXT2_210_2100109.h5
file_brain_AXT2_209_6001303.h5
file_brain_AXT2_208_2080366.h5
file_brain_AXT2_200_2000590.h5
file_brain_AXT2_210_6001654.h5
file_brain_AXT2_205_2050157.h5
file_brain_AXT2_210_2100329.h5
file_brain_AXT2_209_6001180.h5
file_brain_AXT2_200_2000130.h5
file_brain_AXT2_207_2070316.h5
file_brain_AXT2_200_2000402.h5
file_brain_AXT2_210_2100327.h5
file_brain_AXT2_209_6001211.h5
file_brain_AXT2_201_2010200.h5
file_brain_AXT2_209_2090247.h5
file_brain_AXT2_209_2090060.h5
file_brain_AXT2_201_2010530.h5
file_brain_AXT2_210_2100218.h5
file_brain_AXT2_210_2100315.h5
file_brain_AXT2_210_2100189.h5
file_brain_AXT2_207_2070645.h5
file_brain_AXT2_202_2020387.h5
file_brain_AXT2_208_2080325.h5
file_brain_AXT2_202_2020276.h5
file_brain_AXT2_207_2070681.h5
file_brain_AXT2_208_2080424.h5
file_brain_AXT2_201_2010533.h5
file_brain_AXT2_208_2080541.h5
file_brain_AXT2_208_2080454.h5
file_brain_AXT2_207_2070068.h5
file_brain_AXT2_201_2010378.h5
file_brain_AXT2_206_2060047.h5
file_brain_AXT2_205_2050175.h5
file_brain_AXT2_204_2040006.h5
file_brain_AXT2_209_6001280.h5
Step 0 | L2 Loss: -115.542 | KLD Loss: 0.003 | L2 Loss_1: 260.246 | L2 Loss_2: 375.788 | loss_tot: -58.642 | L2 Loss test: 146.086
Step 10 | L2 Loss: -1922.769 | KLD Loss: 0.016 | L2 Loss_1: 157.842 | L2 Loss_2: 2080.611 | loss_tot: -957.005 | L2 Loss test: 9.397
