('Under sample factor: ', 4)
('Shape ksp_subj: ', (16, 16, 640, 320))
Read from existing u.s. pattern file
(640, 320, 16)
xxxxxxxxxxxxxxxxxxx contRec is 
xxxxxxxxxxxxxxxxxxx parfact is 25
---- Defining VAE
>>> lat_dim value: 60
>>> mode is: MRIunproc
2020-10-06 14:11:59.780439: I tensorflow/core/platform/cpu_feature_guard.cc:141] Your CPU supports instructions that this TensorFlow binary was not compiled to use: AVX2 FMA
2020-10-06 14:11:59.905963: I tensorflow/core/common_runtime/gpu/gpu_device.cc:1432] Found device 0 with properties: 
name: GeForce GTX TITAN X major: 5 minor: 2 memoryClockRate(GHz): 1.076
pciBusID: 0000:09:00.0
totalMemory: 11.93GiB freeMemory: 11.82GiB
2020-10-06 14:11:59.905994: I tensorflow/core/common_runtime/gpu/gpu_device.cc:1511] Adding visible gpu devices: 0
2020-10-06 14:12:05.862402: I tensorflow/core/common_runtime/gpu/gpu_device.cc:982] Device interconnect StreamExecutor with strength 1 edge matrix:
2020-10-06 14:12:05.862925: I tensorflow/core/common_runtime/gpu/gpu_device.cc:988]      0 
2020-10-06 14:12:05.862946: I tensorflow/core/common_runtime/gpu/gpu_device.cc:1001] 0:   N 
2020-10-06 14:12:05.863160: I tensorflow/core/common_runtime/gpu/gpu_device.cc:1115] Created TensorFlow device (/job:localhost/replica:0/task:0/device:GPU:0 with 11435 MB memory) -> physical GPU (device: 0, name: GeForce GTX TITAN X, pci bus id: 0000:09:00.0, compute capability: 5.2)
Initialized parameters
KCT-info: loaded the new model, trained fastmri
KCT-INFO: the gradients: 
Tensor("gradients_2/AddN_3:0", shape=(100, 784), dtype=float32)
Tensor("gradients_3/Reshape_2_grad/Reshape:0", shape=(100, 784), dtype=float32)
Tensor("gradients_4/Reshape_2_grad/Reshape:0", shape=(100, 784), dtype=float32)
KCT-WARNING: the selected patching scheme does not allow covering of all the image! Some pixels are not in any of the patches.
KCT-INFO: there will be in total 924 patches.
contRec is 
it no: 0 f_tot= 662.3477976289495 f_lik= 662.3446099384014 f_dc (1e6)= 3.187690548049666e-09 |g_lik|= 269.39094875539087 |g_dc|= 0.0002401404841348374
491.40695304232247
f_dc (1e6): 0.0017909412057738065  perc: 412529715.6999791
it no: 2 f_tot= 2452.656563846723 f_lik= 661.7153580729166 f_dc (1e6)= 0.0017909412057738065 |g_lik|= 292.3149481973917 |g_dc|= 0.1870275749257973
372.2813625643546
f_dc (1e6): 0.007170508402490189  perc: 1651672195.1380386
it no: 4 f_tot= 7832.42059042839 f_lik= 661.9121879382011 f_dc (1e6)= 0.007170508402490189 |g_lik|= 300.903882924764 |g_dc|= 0.3742311921277905
327.22902928759197
f_dc (1e6): 0.01780250210243456  perc: 4100671260.111234
it no: 6 f_tot= 18464.44726794938 f_lik= 661.9451655148238 f_dc (1e6)= 0.01780250210243456 |g_lik|= 302.9393266603438 |g_dc|= 0.5896652540564297
303.9855957578119
f_dc (1e6): 0.03378813837514724  perc: 7782841264.132191
it no: 8 f_tot= 34450.00787159155 f_lik= 661.8694964443109 f_dc (1e6)= 0.03378813837514724 |g_lik|= 303.2122913903945 |g_dc|= 0.8123574152801573
289.4199723273402
f_dc (1e6): 0.05516297089405483  perc: 12706371726.065895
it no: 10 f_tot= 55824.78731733208 f_lik= 661.8164232772436 f_dc (1e6)= 0.05516297089405483 |g_lik|= 304.8180638235597 |g_dc|= 1.0379796566957329
279.3662207780509
f_dc (1e6): 0.08210654865234908  perc: 18912620393.93714
it no: 12 f_tot= 82768.08856339425 f_lik= 661.5399110451723 f_dc (1e6)= 0.08210654865234908 |g_lik|= 305.349132977012 |g_dc|= 1.2663504731109902
271.88124114734916
f_dc (1e6): 0.11460194922357639  perc: 26397689315.232826
it no: 14 f_tot= 115263.93779009533 f_lik= 661.9885665189303 f_dc (1e6)= 0.11460194922357639 |g_lik|= 303.3348903571093 |g_dc|= 1.496101371268425
266.08582119659513
f_dc (1e6): 0.15235116125446596  perc: 35092933836.26816
it no: 16 f_tot= 153012.82020822947 f_lik= 661.6589537635216 f_dc (1e6)= 0.15235116125446596 |g_lik|= 305.55788891814404 |g_dc|= 1.7249952494308038
261.38152406146725
f_dc (1e6): 0.19590876329263798  perc: 45126096916.91558
it no: 18 f_tot= 196570.433295768 f_lik= 661.670003130008 f_dc (1e6)= 0.19590876329263798 |g_lik|= 305.9180528933658 |g_dc|= 1.956104042565692
257.5053629955982
f_dc (1e6): 0.24504832256433307  perc: 56445021486.08701
it no: 20 f_tot= 245709.86825049343 f_lik= 661.5456861603566 f_dc (1e6)= 0.24504832256433307 |g_lik|= 303.92747810204816 |g_dc|= 2.1877157133290352
254.25461619464653
f_dc (1e6): 0.2994300227571306  perc: 68971433435.00594
it no: 22 f_tot= 300091.2934913679 f_lik= 661.2707342372796 f_dc (1e6)= 0.2994300227571306 |g_lik|= 306.7564713420916 |g_dc|= 2.418314004470986
251.48251796061774
f_dc (1e6): 0.35989357728162275  perc: 82898754375.40602
it no: 24 f_tot= 360554.91698333295 f_lik= 661.3397017102363 f_dc (1e6)= 0.35989357728162275 |g_lik|= 305.4580967858301 |g_dc|= 2.6512584603377416
249.0410309473093
f_dc (1e6): 0.4256890125203506  perc: 98054233575.88675
it no: 26 f_tot= 426350.23712014774 f_lik= 661.2245997971755 f_dc (1e6)= 0.4256890125203506 |g_lik|= 306.23686820257234 |g_dc|= 2.8834421301642337
246.87968971889794
f_dc (1e6): 0.49722589290665203  perc: 114532211095.5751
it no: 28 f_tot= 497887.7173486342 f_lik= 661.8244419821715 f_dc (1e6)= 0.49722589290665203 |g_lik|= 304.4983191381901 |g_dc|= 3.1163188561248605
244.96177506705556
f_dc (1e6): 0.5739084521087806  perc: 132195456681.09
it no: 30 f_tot= 574569.887559314 f_lik= 661.4354505333533 f_dc (1e6)= 0.5739084521087806 |g_lik|= 304.56489975215703 |g_dc|= 3.3480067872461183
243.2407948584697
f_dc (1e6): 0.6561981407481643  perc: 151150261981.2324
it no: 32 f_tot= 656859.540177689 f_lik= 661.3994295247396 f_dc (1e6)= 0.6561981407481643 |g_lik|= 304.4493498093782 |g_dc|= 3.579995800091918
241.698553563279
f_dc (1e6): 0.7440009646453135  perc: 171374976150.05756
it no: 34 f_tot= 744661.8459023248 f_lik= 660.8812570112179 f_dc (1e6)= 0.7440009646453135 |g_lik|= 303.7535412374297 |g_dc|= 3.8119901407150993
240.29569440484735
f_dc (1e6): 0.8371724822605399  perc: 192836328175.03256
it no: 36 f_tot= 837833.8282793575 f_lik= 661.3460188176082 f_dc (1e6)= 0.8371724822605399 |g_lik|= 304.87353841094983 |g_dc|= 4.043640072549026
239.00485915786396
f_dc (1e6): 0.936248228176997  perc: 215657674383.33545
it no: 38 f_tot= 936909.3455337678 f_lik= 661.1173567708333 f_dc (1e6)= 0.936248228176997 |g_lik|= 305.29634384853324 |g_dc|= 4.276224760083209
237.8162597169791
f_dc (1e6): 1.0410505718043785  perc: 239798098916.4877
it no: 40 f_tot= 1041711.6993480109 f_lik= 661.1275436323117 f_dc (1e6)= 1.0410505718043785 |g_lik|= 304.88886279671345 |g_dc|= 4.509214895379835
236.70680273055729
f_dc (1e6): 1.151284033436373  perc: 265189540266.4694
it no: 42 f_tot= 1151944.920065229 f_lik= 660.8866288561699 f_dc (1e6)= 1.151284033436373 |g_lik|= 304.7405519895223 |g_dc|= 4.741942246612652
235.68941936031072
f_dc (1e6): 1.2670937258844492  perc: 291865424068.1741
it no: 44 f_tot= 1267754.9215256001 f_lik= 661.1956411508413 f_dc (1e6)= 1.2670937258844492 |g_lik|= 305.08159685375693 |g_dc|= 4.974728568056009
234.73635390144645
f_dc (1e6): 1.3885947988394154  perc: 319852274179.0342
it no: 46 f_tot= 1389255.7813093674 f_lik= 660.9824699519231 f_dc (1e6)= 1.3885947988394154 |g_lik|= 305.05514290695896 |g_dc|= 5.207781884543451
233.84648788260074
f_dc (1e6): 1.515755403976311  perc: 349142754579.0849
it no: 48 f_tot= 1516416.1553400555 f_lik= 660.7513637444912 f_dc (1e6)= 1.515755403976311 |g_lik|= 304.62607299714466 |g_dc|= 5.4410107265153504
233.01713019345001
f_dc (1e6): 1.648260419094142  perc: 379664279260.7186
it no: 50 f_tot= 1648921.4091843485 f_lik= 660.9900902068309 f_dc (1e6)= 1.648260419094142 |g_lik|= 304.0287282506743 |g_dc|= 5.673851099788499
232.23847475068783
f_dc (1e6): 1.7861136304835543  perc: 411417720367.2526
it no: 52 f_tot= 1786774.7156233403 f_lik= 661.0851397861578 f_dc (1e6)= 1.7861136304835543 |g_lik|= 303.9300823868911 |g_dc|= 5.906355207530067
231.50473454035603
f_dc (1e6): 1.92949472137545  perc: 444444466567.34924
it no: 54 f_tot= 1930155.8038818978 f_lik= 661.0825064478165 f_dc (1e6)= 1.92949472137545 |g_lik|= 303.91111717687517 |g_dc|= 6.138847104220536
230.8128166384822
f_dc (1e6): 2.0784154154445686  perc: 478747218320.51666
it no: 56 f_tot= 2079075.9827744842 f_lik= 660.5673299153646 f_dc (1e6)= 2.0784154154445686 |g_lik|= 304.34570102970696 |g_dc|= 6.371346096001303
230.15580171130955
f_dc (1e6): 2.2331115561535757  perc: 514380300378.61664
it no: 58 f_tot= 2233772.3133298703 f_lik= 660.7571762945713 f_dc (1e6)= 2.2331115561535757 |g_lik|= 303.4580918701584 |g_dc|= 6.604200184219982
229.5328615681537
f_dc (1e6): 2.3930253598535165  perc: 551215231511.0072
it no: 60 f_tot= 2393686.210367276 f_lik= 660.8505137595153 f_dc (1e6)= 2.3930253598535165 |g_lik|= 303.7285627282004 |g_dc|= 6.836576376503262
228.94407213080237
f_dc (1e6): 2.558578850238304  perc: 589349221672.9386
it no: 62 f_tot= 2559239.7507020463 f_lik= 660.9004637419872 f_dc (1e6)= 2.558578850238304 |g_lik|= 303.68126689090053 |g_dc|= 7.069104834477852
228.38317954137975
f_dc (1e6): 2.7296861991958545  perc: 628762501010.1222
it no: 64 f_tot= 2730346.9173787595 f_lik= 660.7181829051482 f_dc (1e6)= 2.7296861991958545 |g_lik|= 304.71384212685257 |g_dc|= 7.301656221033891
227.84684334230445
f_dc (1e6): 2.907055089864522  perc: 669618078963.0298
it no: 66 f_tot= 2907715.7595878295 f_lik= 660.6697233072916 f_dc (1e6)= 2.907055089864522 |g_lik|= 303.4991879832715 |g_dc|= 7.53514563336585
227.33400669541373
f_dc (1e6): 3.089354743885369  perc: 711609420835.6578
it no: 68 f_tot= 3090015.299048192 f_lik= 660.5551628230169 f_dc (1e6)= 3.089354743885369 |g_lik|= 302.5117415236698 |g_dc|= 7.767815641068342
226.847037010687
f_dc (1e6): 3.276689815908498  perc: 754760633032.4565
it no: 70 f_tot= 3277350.2818568903 f_lik= 660.4659483924279 f_dc (1e6)= 3.276689815908498 |g_lik|= 302.25730346828755 |g_dc|= 7.999865496311523
226.37748472450195
f_dc (1e6): 3.4694877815871936  perc: 799170181326.1442
it no: 72 f_tot= 3470148.6337534725 f_lik= 660.8521662785457 f_dc (1e6)= 3.4694877815871936 |g_lik|= 302.9288546043623 |g_dc|= 8.23185478651291
225.93157789670457
f_dc (1e6): 3.668199154453111  perc: 844941838089.891
it no: 74 f_tot= 3668859.6485392116 f_lik= 660.4940861002605 f_dc (1e6)= 3.668199154453111 |g_lik|= 300.8933721221861 |g_dc|= 8.46430828405494
225.50119479458002
f_dc (1e6): 3.871088653380211  perc: 891675894484.972
it no: 76 f_tot= 3871749.1249584234 f_lik= 660.4715782126402 f_dc (1e6)= 3.871088653380211 |g_lik|= 301.19317298944543 |g_dc|= 8.69524009176508
225.08955833453797
f_dc (1e6): 4.0798504099351005  perc: 939762580861.3722
it no: 78 f_tot= 4080510.886170265 f_lik= 660.476235163762 f_dc (1e6)= 4.0798504099351005 |g_lik|= 300.95087917225555 |g_dc|= 8.92662188687021
224.69487743026303
f_dc (1e6): 4.2939169545765425  perc: 989071184916.6658
it no: 80 f_tot= 4294577.365856215 f_lik= 660.411279672476 f_dc (1e6)= 4.2939169545765425 |g_lik|= 300.95840896483276 |g_dc|= 9.15781445057591
224.3116061240891
f_dc (1e6): 4.513509854540376  perc: 1039652742982.2048
it no: 82 f_tot= 4514170.6786810635 f_lik= 660.8241406876001 f_dc (1e6)= 4.513509854540376 |g_lik|= 301.391799937508 |g_dc|= 9.389062218272553
223.94262673213657
f_dc (1e6): 4.738889882342018  perc: 1091567322027.9712
it no: 84 f_tot= 4739550.623895565 f_lik= 660.7415535481771 f_dc (1e6)= 4.738889882342018 |g_lik|= 301.07082543625484 |g_dc|= 9.620625915531306
223.59014558914458
f_dc (1e6): 4.969527601984358  perc: 1144692970489.8018
