/scratch_net/bmicdl03/jonatank/logs/ddp/vae/20201006-143012
>>> lat_dim value: 60
>>> mode is: jonatank
CAME HERE!! 1
CAME HERE!! 11
2020-10-06 14:30:18.519454: I tensorflow/core/platform/cpu_feature_guard.cc:141] Your CPU supports instructions that this TensorFlow binary was not compiled to use: AVX2 FMA
2020-10-06 14:30:18.827835: I tensorflow/core/common_runtime/gpu/gpu_device.cc:1432] Found device 0 with properties: 
name: TITAN Xp major: 6 minor: 1 memoryClockRate(GHz): 1.582
pciBusID: 0000:08:00.0
totalMemory: 11.91GiB freeMemory: 11.76GiB
2020-10-06 14:30:18.827876: I tensorflow/core/common_runtime/gpu/gpu_device.cc:1511] Adding visible gpu devices: 0
2020-10-06 14:30:25.419678: I tensorflow/core/common_runtime/gpu/gpu_device.cc:982] Device interconnect StreamExecutor with strength 1 edge matrix:
2020-10-06 14:30:25.420199: I tensorflow/core/common_runtime/gpu/gpu_device.cc:988]      0 
2020-10-06 14:30:25.420225: I tensorflow/core/common_runtime/gpu/gpu_device.cc:1001] 0:   N 
2020-10-06 14:30:25.420511: I tensorflow/core/common_runtime/gpu/gpu_device.cc:1115] Created TensorFlow device (/job:localhost/replica:0/task:0/device:GPU:0 with 11376 MB memory) -> physical GPU (device: 0, name: TITAN Xp, pci bus id: 0000:08:00.0, compute capability: 6.1)
2020-10-06 14:30:25.421683: I tensorflow/core/common_runtime/gpu/gpu_device.cc:1511] Adding visible gpu devices: 0
2020-10-06 14:30:25.421723: I tensorflow/core/common_runtime/gpu/gpu_device.cc:982] Device interconnect StreamExecutor with strength 1 edge matrix:
2020-10-06 14:30:25.421735: I tensorflow/core/common_runtime/gpu/gpu_device.cc:988]      0 
2020-10-06 14:30:25.421745: I tensorflow/core/common_runtime/gpu/gpu_device.cc:1001] 0:   N 
2020-10-06 14:30:25.421948: I tensorflow/core/common_runtime/gpu/gpu_device.cc:1115] Created TensorFlow device (/device:GPU:0 with 11376 MB memory) -> physical GPU (device: 0, name: TITAN Xp, pci bus id: 0000:08:00.0, compute capability: 6.1)
True
CAME HERE!! 12
CAME HERE!! 2
CAME HERE!! 3
CAME HERE!! 31
CAME HERE!! 32
Initialized parameters
CAME HERE!! 33
CAME HERE!! 4
