/scratch_net/bmicdl03/jonatank/logs/ddp/vae/20201006-142950
>>> lat_dim value: 60
>>> mode is: jonatank
CAME HERE!! 1
CAME HERE!! 11
2020-10-06 14:29:59.295331: I tensorflow/core/platform/cpu_feature_guard.cc:141] Your CPU supports instructions that this TensorFlow binary was not compiled to use: AVX2 FMA
2020-10-06 14:29:59.796252: I tensorflow/core/common_runtime/gpu/gpu_device.cc:1432] Found device 0 with properties: 
name: GeForce GTX 1080 Ti major: 6 minor: 1 memoryClockRate(GHz): 1.582
pciBusID: 0000:88:00.0
totalMemory: 10.92GiB freeMemory: 10.77GiB
2020-10-06 14:29:59.796312: I tensorflow/core/common_runtime/gpu/gpu_device.cc:1511] Adding visible gpu devices: 0
2020-10-06 14:30:06.174698: I tensorflow/core/common_runtime/gpu/gpu_device.cc:982] Device interconnect StreamExecutor with strength 1 edge matrix:
2020-10-06 14:30:06.174748: I tensorflow/core/common_runtime/gpu/gpu_device.cc:988]      0 
2020-10-06 14:30:06.174760: I tensorflow/core/common_runtime/gpu/gpu_device.cc:1001] 0:   N 
2020-10-06 14:30:06.175041: I tensorflow/core/common_runtime/gpu/gpu_device.cc:1115] Created TensorFlow device (/job:localhost/replica:0/task:0/device:GPU:0 with 10419 MB memory) -> physical GPU (device: 0, name: GeForce GTX 1080 Ti, pci bus id: 0000:88:00.0, compute capability: 6.1)
2020-10-06 14:30:06.176296: I tensorflow/core/common_runtime/gpu/gpu_device.cc:1511] Adding visible gpu devices: 0
2020-10-06 14:30:06.176348: I tensorflow/core/common_runtime/gpu/gpu_device.cc:982] Device interconnect StreamExecutor with strength 1 edge matrix:
2020-10-06 14:30:06.176363: I tensorflow/core/common_runtime/gpu/gpu_device.cc:988]      0 
2020-10-06 14:30:06.176375: I tensorflow/core/common_runtime/gpu/gpu_device.cc:1001] 0:   N 
2020-10-06 14:30:06.176635: I tensorflow/core/common_runtime/gpu/gpu_device.cc:1115] Created TensorFlow device (/device:GPU:0 with 10419 MB memory) -> physical GPU (device: 0, name: GeForce GTX 1080 Ti, pci bus id: 0000:88:00.0, compute capability: 6.1)
True
CAME HERE!! 12
CAME HERE!! 2
CAME HERE!! 3
CAME HERE!! 31
CAME HERE!! 32
Initialized parameters
CAME HERE!! 33
CAME HERE!! 4
Step 0 | L2 Loss: -117.511 | KLD Loss: 0.004 | L2 Loss_1: 256.994 | L2 Loss_2: 374.505 | loss_tot: -58.500 | L2 Loss test: 147.166
