Modality:  T1_
/scratch_net/bmicdl03/jonatank/logs/ddp/vae/T1_20201007-104653
>>> lat_dim value: 60
>>> mode is: jonatank
CAME HERE!! 1
2020-10-07 10:46:54.462909: I tensorflow/core/common_runtime/gpu/gpu_device.cc:1432] Found device 0 with properties: 
name: GeForce GTX TITAN X major: 5 minor: 2 memoryClockRate(GHz): 1.076
pciBusID: 0000:09:00.0
totalMemory: 11.93GiB freeMemory: 11.82GiB
2020-10-07 10:46:54.462948: I tensorflow/core/common_runtime/gpu/gpu_device.cc:1511] Adding visible gpu devices: 0
2020-10-07 10:46:54.839548: I tensorflow/core/common_runtime/gpu/gpu_device.cc:982] Device interconnect StreamExecutor with strength 1 edge matrix:
2020-10-07 10:46:54.839614: I tensorflow/core/common_runtime/gpu/gpu_device.cc:988]      0 
2020-10-07 10:46:54.839623: I tensorflow/core/common_runtime/gpu/gpu_device.cc:1001] 0:   N 
2020-10-07 10:46:54.839889: I tensorflow/core/common_runtime/gpu/gpu_device.cc:1115] Created TensorFlow device (/job:localhost/replica:0/task:0/device:GPU:0 with 11436 MB memory) -> physical GPU (device: 0, name: GeForce GTX TITAN X, pci bus id: 0000:09:00.0, compute capability: 5.2)
2020-10-07 10:46:54.840641: I tensorflow/core/common_runtime/gpu/gpu_device.cc:1511] Adding visible gpu devices: 0
2020-10-07 10:46:54.840662: I tensorflow/core/common_runtime/gpu/gpu_device.cc:982] Device interconnect StreamExecutor with strength 1 edge matrix:
2020-10-07 10:46:54.840671: I tensorflow/core/common_runtime/gpu/gpu_device.cc:988]      0 
2020-10-07 10:46:54.840678: I tensorflow/core/common_runtime/gpu/gpu_device.cc:1001] 0:   N 
2020-10-07 10:46:54.840791: I tensorflow/core/common_runtime/gpu/gpu_device.cc:1115] Created TensorFlow device (/device:GPU:0 with 11436 MB memory) -> physical GPU (device: 0, name: GeForce GTX TITAN X, pci bus id: 0000:09:00.0, compute capability: 5.2)
True
CAME HERE!! 2
CAME HERE!! 3
Initialized parameters
CAME HERE!! 4
Step 0 | L2 Loss: -115.689 | KLD Loss: 0.004 | L2 Loss_1: 258.539 | L2 Loss_2: 374.228 | loss_tot: -58.995 | L2 Loss test: 147.327
Step 10 | L2 Loss: -1891.501 | KLD Loss: 0.009 | L2 Loss_1: 164.391 | L2 Loss_2: 2055.893 | loss_tot: -943.442 | L2 Loss test: 10.020
Step 20 | L2 Loss: -1272.333 | KLD Loss: 0.001 | L2 Loss_1: 322.665 | L2 Loss_2: 1594.998 | loss_tot: -639.310 | L2 Loss test: 32.938
Step 30 | L2 Loss: -1773.402 | KLD Loss: 0.000 | L2 Loss_1: 57.278 | L2 Loss_2: 1830.681 | loss_tot: -889.663 | L2 Loss test: 4.803
Step 40 | L2 Loss: 1767.371 | KLD Loss: 0.000 | L2 Loss_1: 5516.043 | L2 Loss_2: 3748.672 | loss_tot: 1031.583 | L2 Loss test: 27.990
Step 50 | L2 Loss: -1383.989 | KLD Loss: 0.000 | L2 Loss_1: 183.623 | L2 Loss_2: 1567.612 | loss_tot: -691.598 | L2 Loss test: 20.130
Step 60 | L2 Loss: -1283.271 | KLD Loss: 0.000 | L2 Loss_1: 43.688 | L2 Loss_2: 1326.958 | loss_tot: -642.689 | L2 Loss test: 6.844
Step 70 | L2 Loss: -1947.871 | KLD Loss: 0.001 | L2 Loss_1: 33.023 | L2 Loss_2: 1980.894 | loss_tot: -973.893 | L2 Loss test: 2.330
Step 80 | L2 Loss: -3264.205 | KLD Loss: 0.001 | L2 Loss_1: 1011.287 | L2 Loss_2: 4275.492 | loss_tot: -1626.698 | L2 Loss test: 3.204
Step 90 | L2 Loss: -2922.809 | KLD Loss: 0.001 | L2 Loss_1: 85.834 | L2 Loss_2: 3008.643 | loss_tot: -1455.750 | L2 Loss test: 1.511
Step 100 | L2 Loss: -3503.916 | KLD Loss: 0.001 | L2 Loss_1: 187.986 | L2 Loss_2: 3691.902 | loss_tot: -1758.052 | L2 Loss test: 1.277
Step 110 | L2 Loss: -2817.880 | KLD Loss: 0.001 | L2 Loss_1: 44.661 | L2 Loss_2: 2862.541 | loss_tot: -1413.379 | L2 Loss test: 0.980
Step 120 | L2 Loss: -1614.242 | KLD Loss: 0.001 | L2 Loss_1: 62.526 | L2 Loss_2: 1676.769 | loss_tot: -807.443 | L2 Loss test: 6.383
Step 130 | L2 Loss: -2082.223 | KLD Loss: 0.001 | L2 Loss_1: 20.357 | L2 Loss_2: 2102.581 | loss_tot: -1040.823 | L2 Loss test: 1.198
Step 140 | L2 Loss: -3219.516 | KLD Loss: 0.001 | L2 Loss_1: 206.164 | L2 Loss_2: 3425.680 | loss_tot: -1614.134 | L2 Loss test: 1.865
Step 150 | L2 Loss: -3667.587 | KLD Loss: 0.001 | L2 Loss_1: 181.908 | L2 Loss_2: 3849.495 | loss_tot: -1826.567 | L2 Loss test: 1.039
Step 160 | L2 Loss: -3721.419 | KLD Loss: 0.001 | L2 Loss_1: 291.412 | L2 Loss_2: 4012.831 | loss_tot: -1855.800 | L2 Loss test: 1.262
Step 170 | L2 Loss: -4294.589 | KLD Loss: 0.001 | L2 Loss_1: 1018.087 | L2 Loss_2: 5312.677 | loss_tot: -2133.354 | L2 Loss test: 0.708
Step 180 | L2 Loss: -1088.833 | KLD Loss: 0.002 | L2 Loss_1: 196.647 | L2 Loss_2: 1285.480 | loss_tot: -544.926 | L2 Loss test: 33.942
Step 190 | L2 Loss: -606.216 | KLD Loss: 0.003 | L2 Loss_1: 60.831 | L2 Loss_2: 667.047 | loss_tot: -304.867 | L2 Loss test: 24.269
Step 200 | L2 Loss: -546.529 | KLD Loss: 0.003 | L2 Loss_1: 33.683 | L2 Loss_2: 580.212 | loss_tot: -271.091 | L2 Loss test: 15.258
Step 210 | L2 Loss: -764.708 | KLD Loss: 0.003 | L2 Loss_1: 2.463 | L2 Loss_2: 767.171 | loss_tot: -381.595 | L2 Loss test: 0.862
Step 220 | L2 Loss: -2326.608 | KLD Loss: 0.003 | L2 Loss_1: 69.821 | L2 Loss_2: 2396.429 | loss_tot: -1164.522 | L2 Loss test: 2.518
Step 230 | L2 Loss: -4029.320 | KLD Loss: 0.003 | L2 Loss_1: 311.256 | L2 Loss_2: 4340.576 | loss_tot: -2007.693 | L2 Loss test: 0.829
Step 240 | L2 Loss: -4159.951 | KLD Loss: 0.003 | L2 Loss_1: 782.640 | L2 Loss_2: 4942.591 | loss_tot: -2095.877 | L2 Loss test: 0.766
Step 250 | L2 Loss: -4450.649 | KLD Loss: 0.003 | L2 Loss_1: 511.950 | L2 Loss_2: 4962.600 | loss_tot: -2233.003 | L2 Loss test: 0.604
Step 260 | L2 Loss: 3069.013 | KLD Loss: 0.003 | L2 Loss_1: 8502.920 | L2 Loss_2: 5433.907 | loss_tot: 1672.783 | L2 Loss test: 4.218
Step 270 | L2 Loss: -1874.577 | KLD Loss: 0.004 | L2 Loss_1: 121.032 | L2 Loss_2: 1995.609 | loss_tot: -940.529 | L2 Loss test: 8.141
Step 280 | L2 Loss: -1640.220 | KLD Loss: 0.004 | L2 Loss_1: 72.679 | L2 Loss_2: 1712.900 | loss_tot: -820.083 | L2 Loss test: 7.294
Step 290 | L2 Loss: -1884.276 | KLD Loss: 0.004 | L2 Loss_1: 78.486 | L2 Loss_2: 1962.762 | loss_tot: -943.021 | L2 Loss test: 5.444
Step 300 | L2 Loss: -2686.010 | KLD Loss: 0.004 | L2 Loss_1: 14.404 | L2 Loss_2: 2700.414 | loss_tot: -1346.017 | L2 Loss test: 0.428
Step 310 | L2 Loss: -4055.088 | KLD Loss: 0.005 | L2 Loss_1: 163.244 | L2 Loss_2: 4218.331 | loss_tot: -2032.476 | L2 Loss test: 0.468
Step 320 | L2 Loss: -2960.650 | KLD Loss: 0.005 | L2 Loss_1: 1958.761 | L2 Loss_2: 4919.410 | loss_tot: -1467.395 | L2 Loss test: 2.349
Step 330 | L2 Loss: -2445.992 | KLD Loss: 0.005 | L2 Loss_1: 252.753 | L2 Loss_2: 2698.745 | loss_tot: -1223.357 | L2 Loss test: 6.916
Step 340 | L2 Loss: -2401.742 | KLD Loss: 0.005 | L2 Loss_1: 146.521 | L2 Loss_2: 2548.264 | loss_tot: -1200.465 | L2 Loss test: 4.886
Step 350 | L2 Loss: -2764.765 | KLD Loss: 0.005 | L2 Loss_1: 33.295 | L2 Loss_2: 2798.060 | loss_tot: -1381.886 | L2 Loss test: 0.796
Step 360 | L2 Loss: -3399.298 | KLD Loss: 0.005 | L2 Loss_1: 35.279 | L2 Loss_2: 3434.578 | loss_tot: -1698.587 | L2 Loss test: 0.380
Step 370 | L2 Loss: -4532.481 | KLD Loss: 0.005 | L2 Loss_1: 58.651 | L2 Loss_2: 4591.132 | loss_tot: -2266.547 | L2 Loss test: 0.154
