Modality:  FLAIR
/scratch_net/bmicdl03/jonatank/logs/ddp/vae/FLAIR20201007-104712
>>> lat_dim value: 60
>>> mode is: jonatank
CAME HERE!! 1
2020-10-07 10:47:14.417304: I tensorflow/core/platform/cpu_feature_guard.cc:141] Your CPU supports instructions that this TensorFlow binary was not compiled to use: AVX2 FMA
2020-10-07 10:47:14.538294: I tensorflow/core/common_runtime/gpu/gpu_device.cc:1432] Found device 0 with properties: 
name: GeForce GTX TITAN X major: 5 minor: 2 memoryClockRate(GHz): 1.076
pciBusID: 0000:84:00.0
totalMemory: 11.93GiB freeMemory: 11.82GiB
2020-10-07 10:47:14.538332: I tensorflow/core/common_runtime/gpu/gpu_device.cc:1511] Adding visible gpu devices: 0
2020-10-07 10:47:14.978751: I tensorflow/core/common_runtime/gpu/gpu_device.cc:982] Device interconnect StreamExecutor with strength 1 edge matrix:
2020-10-07 10:47:14.978788: I tensorflow/core/common_runtime/gpu/gpu_device.cc:988]      0 
2020-10-07 10:47:14.978796: I tensorflow/core/common_runtime/gpu/gpu_device.cc:1001] 0:   N 
2020-10-07 10:47:14.978968: I tensorflow/core/common_runtime/gpu/gpu_device.cc:1115] Created TensorFlow device (/job:localhost/replica:0/task:0/device:GPU:0 with 11435 MB memory) -> physical GPU (device: 0, name: GeForce GTX TITAN X, pci bus id: 0000:84:00.0, compute capability: 5.2)
2020-10-07 10:47:14.979723: I tensorflow/core/common_runtime/gpu/gpu_device.cc:1511] Adding visible gpu devices: 0
2020-10-07 10:47:14.979747: I tensorflow/core/common_runtime/gpu/gpu_device.cc:982] Device interconnect StreamExecutor with strength 1 edge matrix:
2020-10-07 10:47:14.979755: I tensorflow/core/common_runtime/gpu/gpu_device.cc:988]      0 
2020-10-07 10:47:14.979760: I tensorflow/core/common_runtime/gpu/gpu_device.cc:1001] 0:   N 
2020-10-07 10:47:14.979882: I tensorflow/core/common_runtime/gpu/gpu_device.cc:1115] Created TensorFlow device (/device:GPU:0 with 11435 MB memory) -> physical GPU (device: 0, name: GeForce GTX TITAN X, pci bus id: 0000:84:00.0, compute capability: 5.2)
True
CAME HERE!! 2
CAME HERE!! 3
Initialized parameters
CAME HERE!! 4
Step 0 | L2 Loss: -119.179 | KLD Loss: 0.004 | L2 Loss_1: 256.604 | L2 Loss_2: 375.783 | loss_tot: -58.111 | L2 Loss test: 146.991
Step 10 | L2 Loss: -1904.018 | KLD Loss: 0.011 | L2 Loss_1: 162.191 | L2 Loss_2: 2066.209 | loss_tot: -945.613 | L2 Loss test: 10.048
Step 20 | L2 Loss: -1270.429 | KLD Loss: 0.001 | L2 Loss_1: 332.345 | L2 Loss_2: 1602.775 | loss_tot: -636.667 | L2 Loss test: 33.497
Step 30 | L2 Loss: -1772.196 | KLD Loss: 0.001 | L2 Loss_1: 59.684 | L2 Loss_2: 1831.880 | loss_tot: -880.689 | L2 Loss test: 5.033
Step 40 | L2 Loss: 2609.192 | KLD Loss: 0.001 | L2 Loss_1: 6407.430 | L2 Loss_2: 3798.238 | loss_tot: 1275.762 | L2 Loss test: 29.230
Step 50 | L2 Loss: -1447.409 | KLD Loss: 0.000 | L2 Loss_1: 80.360 | L2 Loss_2: 1527.769 | loss_tot: -723.881 | L2 Loss test: 9.535
Step 60 | L2 Loss: -1310.604 | KLD Loss: 0.000 | L2 Loss_1: 12.066 | L2 Loss_2: 1322.670 | loss_tot: -657.387 | L2 Loss test: 2.005
Step 70 | L2 Loss: -2089.276 | KLD Loss: 0.001 | L2 Loss_1: 30.939 | L2 Loss_2: 2120.215 | loss_tot: -1046.041 | L2 Loss test: 1.785
Step 80 | L2 Loss: -95.285 | KLD Loss: 0.001 | L2 Loss_1: 4451.023 | L2 Loss_2: 4546.309 | loss_tot: 5.913 | L2 Loss test: 7.566
Step 90 | L2 Loss: -983.031 | KLD Loss: 0.001 | L2 Loss_1: 184.497 | L2 Loss_2: 1167.528 | loss_tot: -489.033 | L2 Loss test: 37.694
Step 100 | L2 Loss: -608.714 | KLD Loss: 0.001 | L2 Loss_1: 47.352 | L2 Loss_2: 656.066 | loss_tot: -303.796 | L2 Loss test: 19.644
Step 110 | L2 Loss: -611.897 | KLD Loss: 0.001 | L2 Loss_1: 25.957 | L2 Loss_2: 637.854 | loss_tot: -307.410 | L2 Loss test: 11.050
