Modality:  FLAIR
/scratch_net/bmicdl03/jonatank/logs/ddp/vae/FLAIR20201014-142438
>>> lat_dim value: 180
>>> mode is: jonatank
28 PATCHES
CAME HERE!! 1
2020-10-14 14:24:40.071103: I tensorflow/core/platform/cpu_feature_guard.cc:141] Your CPU supports instructions that this TensorFlow binary was not compiled to use: AVX2 FMA
2020-10-14 14:24:40.374317: I tensorflow/core/common_runtime/gpu/gpu_device.cc:1432] Found device 0 with properties: 
name: GeForce GTX 1080 Ti major: 6 minor: 1 memoryClockRate(GHz): 1.582
pciBusID: 0000:88:00.0
totalMemory: 10.92GiB freeMemory: 10.77GiB
2020-10-14 14:24:40.374363: I tensorflow/core/common_runtime/gpu/gpu_device.cc:1511] Adding visible gpu devices: 0
2020-10-14 14:24:40.946366: I tensorflow/core/common_runtime/gpu/gpu_device.cc:982] Device interconnect StreamExecutor with strength 1 edge matrix:
2020-10-14 14:24:40.946426: I tensorflow/core/common_runtime/gpu/gpu_device.cc:988]      0 
2020-10-14 14:24:40.946435: I tensorflow/core/common_runtime/gpu/gpu_device.cc:1001] 0:   N 
2020-10-14 14:24:40.947155: I tensorflow/core/common_runtime/gpu/gpu_device.cc:1115] Created TensorFlow device (/job:localhost/replica:0/task:0/device:GPU:0 with 10419 MB memory) -> physical GPU (device: 0, name: GeForce GTX 1080 Ti, pci bus id: 0000:88:00.0, compute capability: 6.1)
2020-10-14 14:24:40.948424: I tensorflow/core/common_runtime/gpu/gpu_device.cc:1511] Adding visible gpu devices: 0
2020-10-14 14:24:40.948457: I tensorflow/core/common_runtime/gpu/gpu_device.cc:982] Device interconnect StreamExecutor with strength 1 edge matrix:
2020-10-14 14:24:40.948465: I tensorflow/core/common_runtime/gpu/gpu_device.cc:988]      0 
2020-10-14 14:24:40.948472: I tensorflow/core/common_runtime/gpu/gpu_device.cc:1001] 0:   N 
2020-10-14 14:24:40.948695: I tensorflow/core/common_runtime/gpu/gpu_device.cc:1115] Created TensorFlow device (/device:GPU:0 with 10419 MB memory) -> physical GPU (device: 0, name: GeForce GTX 1080 Ti, pci bus id: 0000:88:00.0, compute capability: 6.1)
True
CAME HERE!! 2
CAME HERE!! 3
Initialized parameters
CAME HERE!! 4
TIME TO TRAIN START:  6.08386588097
No Kl varmup
2020-10-14 14:24:49.057597: W tensorflow/core/common_runtime/bfc_allocator.cc:211] Allocator (GPU_0_bfc) ran out of memory trying to allocate 3.53GiB. The caller indicates that this is not a failure, but may mean that there could be performance gains if more memory were available.
Step 0 | L2 Loss: -110.556 | KLD Loss: 0.000 | L2 Loss_1: 108.513 | L2 Loss_2: 219.069 | loss_tot: -227211.109 | L2 Loss test: 70.724
/scratch_net/bmicdl03/jonatank/logs/ddp/vae/FLAIR20201014-142438/jonatank_lat180_ns0_ps28_modalityFLAIR_step0.ckpt
Step 500 | L2 Loss: -4042.151 | KLD Loss: 22.255 | L2 Loss_1: 635.685 | L2 Loss_2: 4677.836 | loss_tot: -8264144.000 | L2 Loss test: 1.171
Step 1000 | L2 Loss: 6149.291 | KLD Loss: 344.293 | L2 Loss_1: 10350.125 | L2 Loss_2: 4200.835 | loss_tot: 12573072.000 | L2 Loss test: 41.163
Step 1500 | L2 Loss: -4555.686 | KLD Loss: 416.792 | L2 Loss_1: 503.880 | L2 Loss_2: 5059.566 | loss_tot: -9296784.000 | L2 Loss test: 0.905
Step 2000 | L2 Loss: -6645.652 | KLD Loss: 342.123 | L2 Loss_1: 643.116 | L2 Loss_2: 7288.768 | loss_tot: -13587893.000 | L2 Loss test: 0.165
Step 2500 | L2 Loss: -1573.537 | KLD Loss: 358.098 | L2 Loss_1: 431.206 | L2 Loss_2: 2004.743 | loss_tot: -3193827.250 | L2 Loss test: 30.487
Step 3000 | L2 Loss: -1553.689 | KLD Loss: 593.503 | L2 Loss_1: 143.121 | L2 Loss_2: 1696.810 | loss_tot: -3133327.750 | L2 Loss test: 14.422
Step 3500 | L2 Loss: 17476.211 | KLD Loss: 653.473 | L2 Loss_1: 23739.582 | L2 Loss_2: 6263.374 | loss_tot: 35866984.000 | L2 Loss test: 4.427
Step 4000 | L2 Loss: -2939.637 | KLD Loss: 617.733 | L2 Loss_1: 141.062 | L2 Loss_2: 3080.699 | loss_tot: -5969735.500 | L2 Loss test: 2.432
Step 4500 | L2 Loss: -5693.019 | KLD Loss: 785.153 | L2 Loss_1: 1945.762 | L2 Loss_2: 7638.781 | loss_tot: -11596872.000 | L2 Loss test: 0.525
Step 5000 | L2 Loss: -2689.521 | KLD Loss: 572.110 | L2 Loss_1: 391.834 | L2 Loss_2: 3081.355 | loss_tot: -5461235.000 | L2 Loss test: 7.196
/scratch_net/bmicdl03/jonatank/logs/ddp/vae/FLAIR20201014-142438/jonatank_lat180_ns0_ps28_modalityFLAIR_step5000.ckpt
Step 5500 | L2 Loss: -1100.025 | KLD Loss: 633.013 | L2 Loss_1: 0.630 | L2 Loss_2: 1100.655 | loss_tot: -2201004.250 | L2 Loss test: 0.149
Step 6000 | L2 Loss: -3831.648 | KLD Loss: 614.675 | L2 Loss_1: 144.701 | L2 Loss_2: 3976.349 | loss_tot: -7797964.000 | L2 Loss test: 0.693
Step 6500 | L2 Loss: -1557.264 | KLD Loss: 511.905 | L2 Loss_1: 26.486 | L2 Loss_2: 1583.750 | loss_tot: -3146875.250 | L2 Loss test: 3.164
Step 7000 | L2 Loss: -3299.695 | KLD Loss: 504.183 | L2 Loss_1: 266.982 | L2 Loss_2: 3566.677 | loss_tot: -6717327.500 | L2 Loss test: 2.672
Step 7500 | L2 Loss: -3019.676 | KLD Loss: 567.535 | L2 Loss_1: 224.150 | L2 Loss_2: 3243.826 | loss_tot: -6136464.000 | L2 Loss test: 3.048
Step 8000 | L2 Loss: -3800.692 | KLD Loss: 494.736 | L2 Loss_1: 92.973 | L2 Loss_2: 3893.665 | loss_tot: -7743743.000 | L2 Loss test: 0.580
Step 8500 | L2 Loss: -3783.783 | KLD Loss: 648.409 | L2 Loss_1: 186.573 | L2 Loss_2: 3970.355 | loss_tot: -7695391.000 | L2 Loss test: 1.086
Step 9000 | L2 Loss: -3286.767 | KLD Loss: 520.600 | L2 Loss_1: 11.468 | L2 Loss_2: 3298.234 | loss_tot: -6689087.500 | L2 Loss test: 0.177
Step 9500 | L2 Loss: -3240.240 | KLD Loss: 487.873 | L2 Loss_1: 45.407 | L2 Loss_2: 3285.646 | loss_tot: -6597507.000 | L2 Loss test: 0.594
Step 10000 | L2 Loss: -6248.594 | KLD Loss: 653.872 | L2 Loss_1: 154.042 | L2 Loss_2: 6402.636 | loss_tot: -12742126.000 | L2 Loss test: 0.118
/scratch_net/bmicdl03/jonatank/logs/ddp/vae/FLAIR20201014-142438/jonatank_lat180_ns0_ps28_modalityFLAIR_step10000.ckpt
Step 10500 | L2 Loss: -8240.527 | KLD Loss: 608.079 | L2 Loss_1: 89.058 | L2 Loss_2: 8329.585 | loss_tot: -16828686.000 | L2 Loss test: 0.093
Step 11000 | L2 Loss: -5044.191 | KLD Loss: 693.005 | L2 Loss_1: 267.104 | L2 Loss_2: 5311.296 | loss_tot: -10273277.000 | L2 Loss test: 0.376
Step 11500 | L2 Loss: -2086.406 | KLD Loss: 489.797 | L2 Loss_1: 164.312 | L2 Loss_2: 2250.718 | loss_tot: -4233528.500 | L2 Loss test: 8.275
Step 12000 | L2 Loss: -2530.162 | KLD Loss: 626.622 | L2 Loss_1: 27.693 | L2 Loss_2: 2557.855 | loss_tot: -5129323.500 | L2 Loss test: 0.856
Step 12500 | L2 Loss: -5497.121 | KLD Loss: 678.849 | L2 Loss_1: 204.790 | L2 Loss_2: 5701.910 | loss_tot: -11203016.000 | L2 Loss test: 0.277
Step 13000 | L2 Loss: -3289.858 | KLD Loss: 535.919 | L2 Loss_1: 291.446 | L2 Loss_2: 3581.304 | loss_tot: -6692578.000 | L2 Loss test: 2.832
Step 13500 | L2 Loss: -1207.222 | KLD Loss: 640.040 | L2 Loss_1: 1.810 | L2 Loss_2: 1209.032 | loss_tot: -2419841.000 | L2 Loss test: 0.364
Step 14000 | L2 Loss: -6096.613 | KLD Loss: 582.578 | L2 Loss_1: 321.822 | L2 Loss_2: 6418.435 | loss_tot: -12437416.000 | L2 Loss test: 0.349
Step 14500 | L2 Loss: -2376.107 | KLD Loss: 704.356 | L2 Loss_1: 442.312 | L2 Loss_2: 2818.419 | loss_tot: -4808507.500 | L2 Loss test: 10.429
Step 15000 | L2 Loss: -1605.183 | KLD Loss: 608.663 | L2 Loss_1: 476.682 | L2 Loss_2: 2081.865 | loss_tot: -3237113.500 | L2 Loss test: 29.494
/scratch_net/bmicdl03/jonatank/logs/ddp/vae/FLAIR20201014-142438/jonatank_lat180_ns0_ps28_modalityFLAIR_step15000.ckpt
Step 15500 | L2 Loss: -3543.828 | KLD Loss: 656.217 | L2 Loss_1: 131.600 | L2 Loss_2: 3675.428 | loss_tot: -7204779.500 | L2 Loss test: 1.017
Step 16000 | L2 Loss: -6869.453 | KLD Loss: 734.233 | L2 Loss_1: 105.959 | L2 Loss_2: 6975.411 | loss_tot: -14008541.000 | L2 Loss test: 0.093
Step 16500 | L2 Loss: -3444.079 | KLD Loss: 642.360 | L2 Loss_1: 7.781 | L2 Loss_2: 3451.860 | loss_tot: -7000614.500 | L2 Loss test: 0.123
Step 17000 | L2 Loss: -6451.024 | KLD Loss: 754.697 | L2 Loss_1: 1941.255 | L2 Loss_2: 8392.279 | loss_tot: -13148126.000 | L2 Loss test: 0.130
Step 17500 | L2 Loss: -3621.441 | KLD Loss: 591.730 | L2 Loss_1: 208.171 | L2 Loss_2: 3829.612 | loss_tot: -7367211.000 | L2 Loss test: 1.370
Step 18000 | L2 Loss: -5260.210 | KLD Loss: 743.272 | L2 Loss_1: 365.919 | L2 Loss_2: 5626.129 | loss_tot: -10711914.000 | L2 Loss test: 0.428
Step 18500 | L2 Loss: -2695.981 | KLD Loss: 636.933 | L2 Loss_1: 461.500 | L2 Loss_2: 3157.480 | loss_tot: -5469507.000 | L2 Loss test: 6.907
