Modality:  FLAIR
/scratch_net/bmicdl03/jonatank/logs/ddp/vae/FLAIR20201016-113444
>>> lat_dim value: 60
>>> mode is: jonatank
CAME HERE!! 1
CAME HERE!! 11
2020-10-16 11:34:49.553258: I tensorflow/core/platform/cpu_feature_guard.cc:141] Your CPU supports instructions that this TensorFlow binary was not compiled to use: AVX2 FMA
2020-10-16 11:34:49.770742: I tensorflow/core/common_runtime/gpu/gpu_device.cc:1432] Found device 0 with properties: 
name: GeForce RTX 2080 Ti major: 7 minor: 5 memoryClockRate(GHz): 1.545
pciBusID: 0000:83:00.0
totalMemory: 10.73GiB freeMemory: 10.57GiB
2020-10-16 11:34:49.770781: I tensorflow/core/common_runtime/gpu/gpu_device.cc:1511] Adding visible gpu devices: 0
2020-10-16 11:34:58.077750: I tensorflow/core/common_runtime/gpu/gpu_device.cc:982] Device interconnect StreamExecutor with strength 1 edge matrix:
2020-10-16 11:34:58.078349: I tensorflow/core/common_runtime/gpu/gpu_device.cc:988]      0 
2020-10-16 11:34:58.078380: I tensorflow/core/common_runtime/gpu/gpu_device.cc:1001] 0:   N 
2020-10-16 11:34:58.078745: I tensorflow/core/common_runtime/gpu/gpu_device.cc:1115] Created TensorFlow device (/job:localhost/replica:0/task:0/device:GPU:0 with 10203 MB memory) -> physical GPU (device: 0, name: GeForce RTX 2080 Ti, pci bus id: 0000:83:00.0, compute capability: 7.5)
CAME HERE!! 12
CAME HERE!! 2
CAME HERE!! 3
CAME HERE!! 31
CAME HERE!! 32
Initialized parameters
CAME HERE!! 33
CAME HERE!! 4
TIME TO TRAIN START:  35.4574308395
Step 0 | L2 Loss: -174.079 | KLD Loss: 0.252 | L2 Loss_1: 210.744 | L2 Loss_2: 384.822 | loss_tot: -87.804 | L2 Loss test: 112.333
/scratch_net/bmicdl03/jonatank/logs/ddp/vae/FLAIR20201016-113444/jonatank_lat60_ns50_ps28_modalityFLAIR_step0.ckpt
Step 500 | L2 Loss: -3559.613 | KLD Loss: 27.213 | L2 Loss_1: 753.395 | L2 Loss_2: 4313.007 | loss_tot: -1752.768 | L2 Loss test: 2.241
Step 1000 | L2 Loss: -4962.911 | KLD Loss: 77.037 | L2 Loss_1: 360.345 | L2 Loss_2: 5323.256 | loss_tot: -2403.612 | L2 Loss test: 0.385
Step 1500 | L2 Loss: -5088.234 | KLD Loss: 63.636 | L2 Loss_1: 276.606 | L2 Loss_2: 5364.841 | loss_tot: -2484.610 | L2 Loss test: 0.367
Step 2000 | L2 Loss: -6120.990 | KLD Loss: 56.571 | L2 Loss_1: 650.234 | L2 Loss_2: 6771.225 | loss_tot: -3000.874 | L2 Loss test: 0.275
Step 2500 | L2 Loss: -6754.197 | KLD Loss: 64.594 | L2 Loss_1: 526.604 | L2 Loss_2: 7280.801 | loss_tot: -3315.249 | L2 Loss test: 0.160
Step 3000 | L2 Loss: -5282.710 | KLD Loss: 137.402 | L2 Loss_1: 88.473 | L2 Loss_2: 5371.183 | loss_tot: -2503.916 | L2 Loss test: 2.274
Step 3500 | L2 Loss: -5992.188 | KLD Loss: 88.672 | L2 Loss_1: 833.481 | L2 Loss_2: 6825.668 | loss_tot: -2906.300 | L2 Loss test: 0.778
Step 4000 | L2 Loss: -7095.833 | KLD Loss: 78.166 | L2 Loss_1: 807.374 | L2 Loss_2: 7903.208 | loss_tot: -3470.340 | L2 Loss test: 0.661
Step 4500 | L2 Loss: -6060.911 | KLD Loss: 84.419 | L2 Loss_1: 1039.713 | L2 Loss_2: 7100.624 | loss_tot: -2946.649 | L2 Loss test: 0.139
Step 5000 | L2 Loss: -6711.079 | KLD Loss: 54.674 | L2 Loss_1: 380.826 | L2 Loss_2: 7091.905 | loss_tot: -3301.353 | L2 Loss test: 0.091
/scratch_net/bmicdl03/jonatank/logs/ddp/vae/FLAIR20201016-113444/jonatank_lat60_ns50_ps28_modalityFLAIR_step5000.ckpt
Step 5500 | L2 Loss: -7030.726 | KLD Loss: 69.570 | L2 Loss_1: 558.966 | L2 Loss_2: 7589.691 | loss_tot: -3445.200 | L2 Loss test: 0.345
Step 6000 | L2 Loss: -6893.437 | KLD Loss: 50.745 | L2 Loss_1: 520.487 | L2 Loss_2: 7413.923 | loss_tot: -3400.311 | L2 Loss test: 0.235
Step 6500 | L2 Loss: -6785.222 | KLD Loss: 68.844 | L2 Loss_1: 853.299 | L2 Loss_2: 7638.521 | loss_tot: -3325.525 | L2 Loss test: 0.434
Step 7000 | L2 Loss: -6335.084 | KLD Loss: 66.544 | L2 Loss_1: 530.573 | L2 Loss_2: 6865.657 | loss_tot: -3102.381 | L2 Loss test: 0.150
Step 7500 | L2 Loss: -6756.535 | KLD Loss: 62.461 | L2 Loss_1: 682.730 | L2 Loss_2: 7439.265 | loss_tot: -3318.063 | L2 Loss test: 0.400
Step 8000 | L2 Loss: -6898.478 | KLD Loss: 59.935 | L2 Loss_1: 351.913 | L2 Loss_2: 7250.391 | loss_tot: -3391.409 | L2 Loss test: 0.099
Step 8500 | L2 Loss: -6636.979 | KLD Loss: 93.839 | L2 Loss_1: 721.030 | L2 Loss_2: 7358.009 | loss_tot: -3220.458 | L2 Loss test: 0.264
Step 9000 | L2 Loss: -7212.249 | KLD Loss: 70.265 | L2 Loss_1: 603.618 | L2 Loss_2: 7815.867 | loss_tot: -3532.641 | L2 Loss test: 0.042
Step 9500 | L2 Loss: -7435.150 | KLD Loss: 57.703 | L2 Loss_1: 727.256 | L2 Loss_2: 8162.406 | loss_tot: -3658.637 | L2 Loss test: 0.112
Step 10000 | L2 Loss: -6299.082 | KLD Loss: 90.494 | L2 Loss_1: 972.028 | L2 Loss_2: 7271.110 | loss_tot: -3064.034 | L2 Loss test: 0.086
/scratch_net/bmicdl03/jonatank/logs/ddp/vae/FLAIR20201016-113444/jonatank_lat60_ns50_ps28_modalityFLAIR_step10000.ckpt
Step 10500 | L2 Loss: -6703.724 | KLD Loss: 65.091 | L2 Loss_1: 690.097 | L2 Loss_2: 7393.820 | loss_tot: -3284.979 | L2 Loss test: 0.390
Step 11000 | L2 Loss: -7361.236 | KLD Loss: 65.844 | L2 Loss_1: 714.147 | L2 Loss_2: 8075.382 | loss_tot: -3619.261 | L2 Loss test: 0.111
Step 11500 | L2 Loss: -6445.961 | KLD Loss: 95.350 | L2 Loss_1: 779.592 | L2 Loss_2: 7225.553 | loss_tot: -3131.502 | L2 Loss test: 0.096
Step 12000 | L2 Loss: -6480.265 | KLD Loss: 86.139 | L2 Loss_1: 1148.377 | L2 Loss_2: 7628.642 | loss_tot: -3156.847 | L2 Loss test: 0.346
Step 12500 | L2 Loss: -6787.413 | KLD Loss: 83.670 | L2 Loss_1: 565.594 | L2 Loss_2: 7353.007 | loss_tot: -3308.917 | L2 Loss test: 0.046
Step 13000 | L2 Loss: -6255.479 | KLD Loss: 73.704 | L2 Loss_1: 1277.128 | L2 Loss_2: 7532.607 | loss_tot: -3049.344 | L2 Loss test: 0.046
Step 13500 | L2 Loss: -6826.822 | KLD Loss: 54.586 | L2 Loss_1: 724.488 | L2 Loss_2: 7551.310 | loss_tot: -3359.303 | L2 Loss test: 0.096
Step 14000 | L2 Loss: -7274.434 | KLD Loss: 63.547 | L2 Loss_1: 849.306 | L2 Loss_2: 8123.739 | loss_tot: -3579.512 | L2 Loss test: 0.074
Step 14500 | L2 Loss: -7700.137 | KLD Loss: 61.307 | L2 Loss_1: 566.974 | L2 Loss_2: 8267.111 | loss_tot: -3784.815 | L2 Loss test: 0.138
Step 15000 | L2 Loss: -6645.542 | KLD Loss: 95.851 | L2 Loss_1: 559.223 | L2 Loss_2: 7204.765 | loss_tot: -3222.029 | L2 Loss test: 0.056
/scratch_net/bmicdl03/jonatank/logs/ddp/vae/FLAIR20201016-113444/jonatank_lat60_ns50_ps28_modalityFLAIR_step15000.ckpt
Step 15500 | L2 Loss: -6948.917 | KLD Loss: 96.770 | L2 Loss_1: 701.247 | L2 Loss_2: 7650.164 | loss_tot: -3379.342 | L2 Loss test: 0.064
Step 16000 | L2 Loss: -7356.651 | KLD Loss: 65.088 | L2 Loss_1: 743.178 | L2 Loss_2: 8099.830 | loss_tot: -3613.942 | L2 Loss test: 0.051
Step 16500 | L2 Loss: -7140.198 | KLD Loss: 72.212 | L2 Loss_1: 857.335 | L2 Loss_2: 7997.533 | loss_tot: -3499.443 | L2 Loss test: 0.131
Step 17000 | L2 Loss: -7601.144 | KLD Loss: 62.023 | L2 Loss_1: 833.357 | L2 Loss_2: 8434.500 | loss_tot: -3741.696 | L2 Loss test: 0.036
Step 17500 | L2 Loss: -7164.037 | KLD Loss: 63.991 | L2 Loss_1: 474.846 | L2 Loss_2: 7638.883 | loss_tot: -3516.792 | L2 Loss test: 0.282
Step 18000 | L2 Loss: -7652.852 | KLD Loss: 62.516 | L2 Loss_1: 691.066 | L2 Loss_2: 8343.918 | loss_tot: -3767.396 | L2 Loss test: 0.379
Step 18500 | L2 Loss: -6650.147 | KLD Loss: 50.071 | L2 Loss_1: 441.189 | L2 Loss_2: 7091.337 | loss_tot: -3269.709 | L2 Loss test: 0.373
Step 19000 | L2 Loss: -7724.899 | KLD Loss: 60.085 | L2 Loss_1: 574.581 | L2 Loss_2: 8299.480 | loss_tot: -3800.852 | L2 Loss test: 0.136
Step 19500 | L2 Loss: -6634.736 | KLD Loss: 97.795 | L2 Loss_1: 696.006 | L2 Loss_2: 7330.741 | loss_tot: -3220.771 | L2 Loss test: 0.035
Step 20000 | L2 Loss: -7488.479 | KLD Loss: 72.499 | L2 Loss_1: 779.067 | L2 Loss_2: 8267.547 | loss_tot: -3670.831 | L2 Loss test: 0.070
/scratch_net/bmicdl03/jonatank/logs/ddp/vae/FLAIR20201016-113444/jonatank_lat60_ns50_ps28_modalityFLAIR_step20000.ckpt
Step 20500 | L2 Loss: -7676.254 | KLD Loss: 63.851 | L2 Loss_1: 606.342 | L2 Loss_2: 8282.596 | loss_tot: -3776.064 | L2 Loss test: 0.089
Step 21000 | L2 Loss: -7497.557 | KLD Loss: 72.068 | L2 Loss_1: 693.286 | L2 Loss_2: 8190.843 | loss_tot: -3679.335 | L2 Loss test: 0.038
Step 21500 | L2 Loss: -6559.213 | KLD Loss: 79.140 | L2 Loss_1: 1548.703 | L2 Loss_2: 8107.916 | loss_tot: -3204.578 | L2 Loss test: 0.052
Step 22000 | L2 Loss: -7486.035 | KLD Loss: 65.510 | L2 Loss_1: 540.555 | L2 Loss_2: 8026.590 | loss_tot: -3672.262 | L2 Loss test: 0.031
Step 22500 | L2 Loss: -7474.504 | KLD Loss: 92.759 | L2 Loss_1: 661.359 | L2 Loss_2: 8135.862 | loss_tot: -3643.433 | L2 Loss test: 0.074
Step 23000 | L2 Loss: -7431.979 | KLD Loss: 65.701 | L2 Loss_1: 779.581 | L2 Loss_2: 8211.561 | loss_tot: -3653.201 | L2 Loss test: 0.045
Step 23500 | L2 Loss: -7958.651 | KLD Loss: 49.221 | L2 Loss_1: 650.811 | L2 Loss_2: 8609.463 | loss_tot: -3929.652 | L2 Loss test: 0.073
Step 24000 | L2 Loss: -7631.739 | KLD Loss: 55.816 | L2 Loss_1: 1034.696 | L2 Loss_2: 8666.436 | loss_tot: -3763.149 | L2 Loss test: 0.041
Step 24500 | L2 Loss: -6876.961 | KLD Loss: 98.860 | L2 Loss_1: 831.780 | L2 Loss_2: 7708.741 | loss_tot: -3340.104 | L2 Loss test: 0.055
Step 25000 | L2 Loss: -7482.769 | KLD Loss: 72.381 | L2 Loss_1: 837.843 | L2 Loss_2: 8320.611 | loss_tot: -3671.333 | L2 Loss test: 0.259
/scratch_net/bmicdl03/jonatank/logs/ddp/vae/FLAIR20201016-113444/jonatank_lat60_ns50_ps28_modalityFLAIR_step25000.ckpt
Step 25500 | L2 Loss: -6487.303 | KLD Loss: 73.669 | L2 Loss_1: 1589.226 | L2 Loss_2: 8076.529 | loss_tot: -3176.659 | L2 Loss test: 0.070
Step 26000 | L2 Loss: -6727.462 | KLD Loss: 100.114 | L2 Loss_1: 885.260 | L2 Loss_2: 7612.722 | loss_tot: -3263.446 | L2 Loss test: 0.033
Step 26500 | L2 Loss: -7513.147 | KLD Loss: 66.841 | L2 Loss_1: 950.419 | L2 Loss_2: 8463.566 | loss_tot: -3690.731 | L2 Loss test: 0.060
Step 27000 | L2 Loss: -7363.167 | KLD Loss: 71.610 | L2 Loss_1: 1019.872 | L2 Loss_2: 8383.039 | loss_tot: -3607.359 | L2 Loss test: 0.065
Step 27500 | L2 Loss: -7751.134 | KLD Loss: 67.961 | L2 Loss_1: 814.274 | L2 Loss_2: 8565.408 | loss_tot: -3810.710 | L2 Loss test: 0.077
Step 28000 | L2 Loss: -6855.229 | KLD Loss: 88.424 | L2 Loss_1: 914.624 | L2 Loss_2: 7769.853 | loss_tot: -3337.642 | L2 Loss test: 0.051
Step 28500 | L2 Loss: -7494.309 | KLD Loss: 79.928 | L2 Loss_1: 623.166 | L2 Loss_2: 8117.475 | loss_tot: -3665.212 | L2 Loss test: 0.085
Step 29000 | L2 Loss: -6712.465 | KLD Loss: 103.820 | L2 Loss_1: 784.726 | L2 Loss_2: 7497.191 | loss_tot: -3254.554 | L2 Loss test: 0.070
Step 29500 | L2 Loss: -7011.052 | KLD Loss: 71.714 | L2 Loss_1: 665.669 | L2 Loss_2: 7676.721 | loss_tot: -3432.083 | L2 Loss test: 0.086
Step 30000 | L2 Loss: -7615.356 | KLD Loss: 87.837 | L2 Loss_1: 720.784 | L2 Loss_2: 8336.141 | loss_tot: -3717.889 | L2 Loss test: 0.120
/scratch_net/bmicdl03/jonatank/logs/ddp/vae/FLAIR20201016-113444/jonatank_lat60_ns50_ps28_modalityFLAIR_step30000.ckpt
Step 30500 | L2 Loss: -6342.352 | KLD Loss: 106.058 | L2 Loss_1: 739.638 | L2 Loss_2: 7081.989 | loss_tot: -3065.207 | L2 Loss test: 0.034
Step 31000 | L2 Loss: -7050.826 | KLD Loss: 80.222 | L2 Loss_1: 777.060 | L2 Loss_2: 7827.886 | loss_tot: -3445.829 | L2 Loss test: 0.059
Step 31500 | L2 Loss: -7876.284 | KLD Loss: 60.435 | L2 Loss_1: 782.468 | L2 Loss_2: 8658.752 | loss_tot: -3875.554 | L2 Loss test: 0.053
Step 32000 | L2 Loss: -6691.021 | KLD Loss: 96.066 | L2 Loss_1: 807.363 | L2 Loss_2: 7498.383 | loss_tot: -3249.321 | L2 Loss test: 0.147
Step 32500 | L2 Loss: -7739.882 | KLD Loss: 77.593 | L2 Loss_1: 779.058 | L2 Loss_2: 8518.939 | loss_tot: -3791.019 | L2 Loss test: 0.030
Step 33000 | L2 Loss: -7711.168 | KLD Loss: 76.426 | L2 Loss_1: 669.809 | L2 Loss_2: 8380.977 | loss_tot: -3776.989 | L2 Loss test: 0.127
Step 33500 | L2 Loss: -6455.134 | KLD Loss: 106.032 | L2 Loss_1: 950.248 | L2 Loss_2: 7405.382 | loss_tot: -3120.012 | L2 Loss test: 0.054
Step 34000 | L2 Loss: -7248.131 | KLD Loss: 98.618 | L2 Loss_1: 810.786 | L2 Loss_2: 8058.917 | loss_tot: -3525.802 | L2 Loss test: 0.054
Step 34500 | L2 Loss: -6721.331 | KLD Loss: 103.041 | L2 Loss_1: 730.444 | L2 Loss_2: 7451.774 | loss_tot: -3257.991 | L2 Loss test: 0.144
Step 35000 | L2 Loss: -7885.584 | KLD Loss: 69.028 | L2 Loss_1: 677.367 | L2 Loss_2: 8562.951 | loss_tot: -3869.639 | L2 Loss test: 0.072
/scratch_net/bmicdl03/jonatank/logs/ddp/vae/FLAIR20201016-113444/jonatank_lat60_ns50_ps28_modalityFLAIR_step35000.ckpt
Step 35500 | L2 Loss: -7334.858 | KLD Loss: 73.606 | L2 Loss_1: 847.846 | L2 Loss_2: 8182.704 | loss_tot: -3589.199 | L2 Loss test: 0.178
Step 36000 | L2 Loss: -6980.539 | KLD Loss: 85.316 | L2 Loss_1: 802.458 | L2 Loss_2: 7782.998 | loss_tot: -3401.807 | L2 Loss test: 0.068
Step 36500 | L2 Loss: -7256.207 | KLD Loss: 69.275 | L2 Loss_1: 841.645 | L2 Loss_2: 8097.852 | loss_tot: -3560.710 | L2 Loss test: 0.048
Step 37000 | L2 Loss: -7769.197 | KLD Loss: 55.679 | L2 Loss_1: 825.779 | L2 Loss_2: 8594.977 | loss_tot: -3827.149 | L2 Loss test: 0.060
Step 37500 | L2 Loss: -6770.282 | KLD Loss: 98.053 | L2 Loss_1: 892.778 | L2 Loss_2: 7663.061 | loss_tot: -3282.984 | L2 Loss test: 0.062
Step 38000 | L2 Loss: -7851.755 | KLD Loss: 51.978 | L2 Loss_1: 696.074 | L2 Loss_2: 8547.828 | loss_tot: -3871.328 | L2 Loss test: 0.056
Step 38500 | L2 Loss: -6345.984 | KLD Loss: 97.161 | L2 Loss_1: 1079.392 | L2 Loss_2: 7425.376 | loss_tot: -3077.056 | L2 Loss test: 0.090
Step 39000 | L2 Loss: -7983.765 | KLD Loss: 59.216 | L2 Loss_1: 452.998 | L2 Loss_2: 8436.764 | loss_tot: -3931.833 | L2 Loss test: 0.119
Step 39500 | L2 Loss: -7488.337 | KLD Loss: 68.530 | L2 Loss_1: 612.562 | L2 Loss_2: 8100.899 | loss_tot: -3678.584 | L2 Loss test: 0.049
Step 40000 | L2 Loss: -7969.393 | KLD Loss: 51.309 | L2 Loss_1: 573.412 | L2 Loss_2: 8542.805 | loss_tot: -3930.434 | L2 Loss test: 0.049
/scratch_net/bmicdl03/jonatank/logs/ddp/vae/FLAIR20201016-113444/jonatank_lat60_ns50_ps28_modalityFLAIR_step40000.ckpt
Step 40500 | L2 Loss: -7744.986 | KLD Loss: 66.880 | L2 Loss_1: 594.841 | L2 Loss_2: 8339.827 | loss_tot: -3805.958 | L2 Loss test: 0.041
Step 41000 | L2 Loss: -7796.054 | KLD Loss: 71.500 | L2 Loss_1: 673.391 | L2 Loss_2: 8469.445 | loss_tot: -3827.252 | L2 Loss test: 0.045
Step 41500 | L2 Loss: -7453.750 | KLD Loss: 61.423 | L2 Loss_1: 867.159 | L2 Loss_2: 8320.909 | loss_tot: -3661.088 | L2 Loss test: 0.068
Step 42000 | L2 Loss: -7489.495 | KLD Loss: 66.915 | L2 Loss_1: 635.346 | L2 Loss_2: 8124.841 | loss_tot: -3674.800 | L2 Loss test: 0.120
Step 42500 | L2 Loss: -7194.138 | KLD Loss: 82.783 | L2 Loss_1: 910.366 | L2 Loss_2: 8104.503 | loss_tot: -3513.833 | L2 Loss test: 0.046
Step 43000 | L2 Loss: -7667.610 | KLD Loss: 74.311 | L2 Loss_1: 759.020 | L2 Loss_2: 8426.629 | loss_tot: -3755.706 | L2 Loss test: 0.036
Step 43500 | L2 Loss: -7761.025 | KLD Loss: 69.355 | L2 Loss_1: 766.894 | L2 Loss_2: 8527.920 | loss_tot: -3809.283 | L2 Loss test: 0.135
Step 44000 | L2 Loss: -7579.082 | KLD Loss: 74.936 | L2 Loss_1: 839.178 | L2 Loss_2: 8418.260 | loss_tot: -3713.435 | L2 Loss test: 0.052
Step 44500 | L2 Loss: -6850.374 | KLD Loss: 86.630 | L2 Loss_1: 783.071 | L2 Loss_2: 7633.445 | loss_tot: -3337.170 | L2 Loss test: 0.104
Step 45000 | L2 Loss: -7413.399 | KLD Loss: 76.188 | L2 Loss_1: 724.010 | L2 Loss_2: 8137.409 | loss_tot: -3633.856 | L2 Loss test: 0.077
/scratch_net/bmicdl03/jonatank/logs/ddp/vae/FLAIR20201016-113444/jonatank_lat60_ns50_ps28_modalityFLAIR_step45000.ckpt
Step 45500 | L2 Loss: -7036.311 | KLD Loss: 86.507 | L2 Loss_1: 740.624 | L2 Loss_2: 7776.935 | loss_tot: -3431.265 | L2 Loss test: 0.094
Step 46000 | L2 Loss: -7291.927 | KLD Loss: 72.414 | L2 Loss_1: 807.281 | L2 Loss_2: 8099.208 | loss_tot: -3572.845 | L2 Loss test: 0.189
Step 46500 | L2 Loss: -7766.167 | KLD Loss: 73.714 | L2 Loss_1: 774.911 | L2 Loss_2: 8541.078 | loss_tot: -3811.490 | L2 Loss test: 0.041
Step 47000 | L2 Loss: -7527.174 | KLD Loss: 72.349 | L2 Loss_1: 691.177 | L2 Loss_2: 8218.352 | loss_tot: -3692.110 | L2 Loss test: 0.050
Step 47500 | L2 Loss: -6995.388 | KLD Loss: 83.025 | L2 Loss_1: 787.531 | L2 Loss_2: 7782.919 | loss_tot: -3411.591 | L2 Loss test: 0.049
Step 48000 | L2 Loss: -7587.062 | KLD Loss: 76.222 | L2 Loss_1: 690.844 | L2 Loss_2: 8277.906 | loss_tot: -3721.289 | L2 Loss test: 0.138
Step 48500 | L2 Loss: -7046.269 | KLD Loss: 86.208 | L2 Loss_1: 795.972 | L2 Loss_2: 7842.240 | loss_tot: -3437.873 | L2 Loss test: 0.109
Step 49000 | L2 Loss: -7512.440 | KLD Loss: 75.074 | L2 Loss_1: 855.969 | L2 Loss_2: 8368.410 | loss_tot: -3683.502 | L2 Loss test: 0.031
Step 49500 | L2 Loss: -6670.979 | KLD Loss: 97.694 | L2 Loss_1: 743.159 | L2 Loss_2: 7414.139 | loss_tot: -3240.631 | L2 Loss test: 0.038
Step 50000 | L2 Loss: -7648.482 | KLD Loss: 69.233 | L2 Loss_1: 669.396 | L2 Loss_2: 8317.878 | loss_tot: -3753.358 | L2 Loss test: 0.048
/scratch_net/bmicdl03/jonatank/logs/ddp/vae/FLAIR20201016-113444/jonatank_lat60_ns50_ps28_modalityFLAIR_step50000.ckpt
Step 50500 | L2 Loss: -7822.836 | KLD Loss: 69.555 | L2 Loss_1: 774.666 | L2 Loss_2: 8597.502 | loss_tot: -3842.757 | L2 Loss test: 0.030
Step 51000 | L2 Loss: -8080.855 | KLD Loss: 56.565 | L2 Loss_1: 797.268 | L2 Loss_2: 8878.124 | loss_tot: -3986.283 | L2 Loss test: 0.077
Step 51500 | L2 Loss: -6738.264 | KLD Loss: 92.645 | L2 Loss_1: 672.160 | L2 Loss_2: 7410.424 | loss_tot: -3276.989 | L2 Loss test: 0.147
Step 52000 | L2 Loss: -7761.463 | KLD Loss: 72.086 | L2 Loss_1: 732.372 | L2 Loss_2: 8493.835 | loss_tot: -3806.990 | L2 Loss test: 0.180
Step 52500 | L2 Loss: -7191.145 | KLD Loss: 91.228 | L2 Loss_1: 792.464 | L2 Loss_2: 7983.609 | loss_tot: -3504.666 | L2 Loss test: 0.049
Step 53000 | L2 Loss: -6388.818 | KLD Loss: 100.185 | L2 Loss_1: 893.770 | L2 Loss_2: 7282.588 | loss_tot: -3095.453 | L2 Loss test: 0.047
Step 53500 | L2 Loss: -6961.344 | KLD Loss: 80.367 | L2 Loss_1: 802.697 | L2 Loss_2: 7764.042 | loss_tot: -3402.729 | L2 Loss test: 0.086
Step 54000 | L2 Loss: -6829.471 | KLD Loss: 91.026 | L2 Loss_1: 745.828 | L2 Loss_2: 7575.299 | loss_tot: -3325.697 | L2 Loss test: 0.031
Step 54500 | L2 Loss: -7636.801 | KLD Loss: 68.560 | L2 Loss_1: 857.699 | L2 Loss_2: 8494.500 | loss_tot: -3751.115 | L2 Loss test: 0.133
Step 55000 | L2 Loss: -7641.101 | KLD Loss: 70.397 | L2 Loss_1: 784.740 | L2 Loss_2: 8425.841 | loss_tot: -3745.980 | L2 Loss test: 0.053
/scratch_net/bmicdl03/jonatank/logs/ddp/vae/FLAIR20201016-113444/jonatank_lat60_ns50_ps28_modalityFLAIR_step55000.ckpt
Step 55500 | L2 Loss: -7153.347 | KLD Loss: 82.714 | L2 Loss_1: 793.019 | L2 Loss_2: 7946.366 | loss_tot: -3496.924 | L2 Loss test: 0.032
Step 56000 | L2 Loss: -7486.611 | KLD Loss: 75.762 | L2 Loss_1: 956.138 | L2 Loss_2: 8442.749 | loss_tot: -3666.412 | L2 Loss test: 0.034
Step 56500 | L2 Loss: -7818.744 | KLD Loss: 64.566 | L2 Loss_1: 805.932 | L2 Loss_2: 8624.677 | loss_tot: -3843.793 | L2 Loss test: 0.107
Step 57000 | L2 Loss: -7235.753 | KLD Loss: 89.796 | L2 Loss_1: 709.507 | L2 Loss_2: 7945.260 | loss_tot: -3528.758 | L2 Loss test: 0.220
Step 57500 | L2 Loss: -7039.403 | KLD Loss: 73.619 | L2 Loss_1: 719.124 | L2 Loss_2: 7758.526 | loss_tot: -3447.547 | L2 Loss test: 0.021
Step 58000 | L2 Loss: -7743.785 | KLD Loss: 65.424 | L2 Loss_1: 857.773 | L2 Loss_2: 8601.559 | loss_tot: -3805.645 | L2 Loss test: 0.041
Step 58500 | L2 Loss: -7238.363 | KLD Loss: 77.801 | L2 Loss_1: 769.027 | L2 Loss_2: 8007.390 | loss_tot: -3542.470 | L2 Loss test: 0.262
Step 59000 | L2 Loss: -7974.449 | KLD Loss: 57.250 | L2 Loss_1: 864.837 | L2 Loss_2: 8839.287 | loss_tot: -3927.969 | L2 Loss test: 0.083
Step 59500 | L2 Loss: -7603.085 | KLD Loss: 75.399 | L2 Loss_1: 843.077 | L2 Loss_2: 8446.162 | loss_tot: -3729.203 | L2 Loss test: 0.047
Step 60000 | L2 Loss: -7735.169 | KLD Loss: 61.316 | L2 Loss_1: 657.728 | L2 Loss_2: 8392.896 | loss_tot: -3804.456 | L2 Loss test: 0.262
/scratch_net/bmicdl03/jonatank/logs/ddp/vae/FLAIR20201016-113444/jonatank_lat60_ns50_ps28_modalityFLAIR_step60000.ckpt
Step 60500 | L2 Loss: -6854.056 | KLD Loss: 83.055 | L2 Loss_1: 858.050 | L2 Loss_2: 7712.105 | loss_tot: -3342.720 | L2 Loss test: 0.059
Step 61000 | L2 Loss: -7561.333 | KLD Loss: 71.976 | L2 Loss_1: 712.383 | L2 Loss_2: 8273.716 | loss_tot: -3710.371 | L2 Loss test: 0.024
Step 61500 | L2 Loss: -7035.213 | KLD Loss: 83.514 | L2 Loss_1: 779.197 | L2 Loss_2: 7814.410 | loss_tot: -3434.401 | L2 Loss test: 0.062
Step 62000 | L2 Loss: -7180.173 | KLD Loss: 78.437 | L2 Loss_1: 789.313 | L2 Loss_2: 7969.485 | loss_tot: -3511.181 | L2 Loss test: 0.230
Step 62500 | L2 Loss: -7576.573 | KLD Loss: 80.750 | L2 Loss_1: 718.128 | L2 Loss_2: 8294.701 | loss_tot: -3710.799 | L2 Loss test: 0.033
Step 63000 | L2 Loss: -7222.524 | KLD Loss: 73.783 | L2 Loss_1: 770.837 | L2 Loss_2: 7993.361 | loss_tot: -3536.774 | L2 Loss test: 0.056
Step 63500 | L2 Loss: -7416.000 | KLD Loss: 64.577 | L2 Loss_1: 839.596 | L2 Loss_2: 8255.598 | loss_tot: -3648.583 | L2 Loss test: 0.133
Step 64000 | L2 Loss: -7528.809 | KLD Loss: 72.556 | L2 Loss_1: 729.049 | L2 Loss_2: 8257.858 | loss_tot: -3692.397 | L2 Loss test: 0.033
Step 64500 | L2 Loss: -7384.195 | KLD Loss: 80.847 | L2 Loss_1: 720.812 | L2 Loss_2: 8105.007 | loss_tot: -3610.235 | L2 Loss test: 0.039
Step 65000 | L2 Loss: -7825.218 | KLD Loss: 71.911 | L2 Loss_1: 707.020 | L2 Loss_2: 8532.238 | loss_tot: -3839.115 | L2 Loss test: 0.074
/scratch_net/bmicdl03/jonatank/logs/ddp/vae/FLAIR20201016-113444/jonatank_lat60_ns50_ps28_modalityFLAIR_step65000.ckpt
Step 65500 | L2 Loss: -7653.488 | KLD Loss: 80.133 | L2 Loss_1: 659.898 | L2 Loss_2: 8313.387 | loss_tot: -3746.134 | L2 Loss test: 0.046
Step 66000 | L2 Loss: -7927.448 | KLD Loss: 48.817 | L2 Loss_1: 675.686 | L2 Loss_2: 8603.135 | loss_tot: -3914.893 | L2 Loss test: 0.254
Step 66500 | L2 Loss: -7830.813 | KLD Loss: 67.979 | L2 Loss_1: 736.288 | L2 Loss_2: 8567.102 | loss_tot: -3850.200 | L2 Loss test: 0.044
Step 67000 | L2 Loss: -7144.534 | KLD Loss: 75.721 | L2 Loss_1: 773.302 | L2 Loss_2: 7917.836 | loss_tot: -3500.610 | L2 Loss test: 0.053
Step 67500 | L2 Loss: -7759.783 | KLD Loss: 62.791 | L2 Loss_1: 765.812 | L2 Loss_2: 8525.596 | loss_tot: -3817.669 | L2 Loss test: 0.156
Step 68000 | L2 Loss: -7864.435 | KLD Loss: 65.838 | L2 Loss_1: 720.175 | L2 Loss_2: 8584.609 | loss_tot: -3866.098 | L2 Loss test: 0.154
Step 68500 | L2 Loss: -6572.010 | KLD Loss: 97.273 | L2 Loss_1: 794.390 | L2 Loss_2: 7366.399 | loss_tot: -3188.217 | L2 Loss test: 0.058
Step 69000 | L2 Loss: -7275.812 | KLD Loss: 75.484 | L2 Loss_1: 853.897 | L2 Loss_2: 8129.709 | loss_tot: -3561.610 | L2 Loss test: 0.036
Step 69500 | L2 Loss: -7054.876 | KLD Loss: 55.054 | L2 Loss_1: 614.471 | L2 Loss_2: 7669.347 | loss_tot: -3472.348 | L2 Loss test: 0.066
Step 70000 | L2 Loss: -7221.512 | KLD Loss: 74.323 | L2 Loss_1: 869.590 | L2 Loss_2: 8091.102 | loss_tot: -3533.132 | L2 Loss test: 0.128
/scratch_net/bmicdl03/jonatank/logs/ddp/vae/FLAIR20201016-113444/jonatank_lat60_ns50_ps28_modalityFLAIR_step70000.ckpt
Step 70500 | L2 Loss: -7771.365 | KLD Loss: 63.968 | L2 Loss_1: 582.722 | L2 Loss_2: 8354.086 | loss_tot: -3822.577 | L2 Loss test: 0.250
Step 71000 | L2 Loss: -7840.580 | KLD Loss: 57.551 | L2 Loss_1: 763.672 | L2 Loss_2: 8604.252 | loss_tot: -3861.278 | L2 Loss test: 0.057
Step 71500 | L2 Loss: -7907.208 | KLD Loss: 60.136 | L2 Loss_1: 730.483 | L2 Loss_2: 8637.690 | loss_tot: -3892.543 | L2 Loss test: 0.203
Step 72000 | L2 Loss: -7895.174 | KLD Loss: 58.229 | L2 Loss_1: 748.136 | L2 Loss_2: 8643.311 | loss_tot: -3889.138 | L2 Loss test: 0.200
Step 72500 | L2 Loss: -7446.206 | KLD Loss: 77.870 | L2 Loss_1: 831.250 | L2 Loss_2: 8277.456 | loss_tot: -3642.001 | L2 Loss test: 0.191
Step 73000 | L2 Loss: -6820.382 | KLD Loss: 94.840 | L2 Loss_1: 939.799 | L2 Loss_2: 7760.182 | loss_tot: -3314.543 | L2 Loss test: 0.072
Step 73500 | L2 Loss: -7622.710 | KLD Loss: 70.900 | L2 Loss_1: 756.621 | L2 Loss_2: 8379.331 | loss_tot: -3743.325 | L2 Loss test: 0.058
Step 74000 | L2 Loss: -7442.416 | KLD Loss: 71.769 | L2 Loss_1: 803.009 | L2 Loss_2: 8245.425 | loss_tot: -3651.722 | L2 Loss test: 0.168
Step 74500 | L2 Loss: -7634.401 | KLD Loss: 71.246 | L2 Loss_1: 671.735 | L2 Loss_2: 8306.138 | loss_tot: -3747.851 | L2 Loss test: 0.116
Step 75000 | L2 Loss: -7504.061 | KLD Loss: 76.981 | L2 Loss_1: 770.996 | L2 Loss_2: 8275.058 | loss_tot: -3677.232 | L2 Loss test: 0.042
/scratch_net/bmicdl03/jonatank/logs/ddp/vae/FLAIR20201016-113444/jonatank_lat60_ns50_ps28_modalityFLAIR_step75000.ckpt
Step 75500 | L2 Loss: -7951.860 | KLD Loss: 54.592 | L2 Loss_1: 463.257 | L2 Loss_2: 8415.117 | loss_tot: -3921.597 | L2 Loss test: 0.232
Step 76000 | L2 Loss: -7460.876 | KLD Loss: 78.689 | L2 Loss_1: 853.560 | L2 Loss_2: 8314.437 | loss_tot: -3647.922 | L2 Loss test: 0.142
Step 76500 | L2 Loss: -7637.540 | KLD Loss: 69.767 | L2 Loss_1: 806.898 | L2 Loss_2: 8444.438 | loss_tot: -3749.996 | L2 Loss test: 0.036
Step 77000 | L2 Loss: -7671.036 | KLD Loss: 52.946 | L2 Loss_1: 865.789 | L2 Loss_2: 8536.825 | loss_tot: -3784.482 | L2 Loss test: 0.047
Step 77500 | L2 Loss: -7460.921 | KLD Loss: 81.468 | L2 Loss_1: 765.617 | L2 Loss_2: 8226.539 | loss_tot: -3648.115 | L2 Loss test: 0.040
Step 78000 | L2 Loss: -6987.781 | KLD Loss: 86.896 | L2 Loss_1: 802.033 | L2 Loss_2: 7789.813 | loss_tot: -3406.329 | L2 Loss test: 0.049
Step 78500 | L2 Loss: -7547.268 | KLD Loss: 69.784 | L2 Loss_1: 718.648 | L2 Loss_2: 8265.916 | loss_tot: -3704.333 | L2 Loss test: 0.035
Step 79000 | L2 Loss: -7087.666 | KLD Loss: 88.758 | L2 Loss_1: 815.046 | L2 Loss_2: 7902.712 | loss_tot: -3455.927 | L2 Loss test: 0.043
Step 79500 | L2 Loss: -6514.220 | KLD Loss: 94.273 | L2 Loss_1: 838.379 | L2 Loss_2: 7352.598 | loss_tot: -3161.305 | L2 Loss test: 0.152
Step 80000 | L2 Loss: -7510.245 | KLD Loss: 67.841 | L2 Loss_1: 781.601 | L2 Loss_2: 8291.847 | loss_tot: -3688.310 | L2 Loss test: 0.057
/scratch_net/bmicdl03/jonatank/logs/ddp/vae/FLAIR20201016-113444/jonatank_lat60_ns50_ps28_modalityFLAIR_step80000.ckpt
Step 80500 | L2 Loss: -7824.396 | KLD Loss: 55.897 | L2 Loss_1: 834.150 | L2 Loss_2: 8658.547 | loss_tot: -3853.623 | L2 Loss test: 0.071
Step 81000 | L2 Loss: -7664.901 | KLD Loss: 69.673 | L2 Loss_1: 816.453 | L2 Loss_2: 8481.354 | loss_tot: -3764.900 | L2 Loss test: 0.077
Step 81500 | L2 Loss: -7712.217 | KLD Loss: 74.400 | L2 Loss_1: 635.813 | L2 Loss_2: 8348.029 | loss_tot: -3782.688 | L2 Loss test: 0.116
Step 82000 | L2 Loss: -7602.763 | KLD Loss: 70.197 | L2 Loss_1: 801.712 | L2 Loss_2: 8404.475 | loss_tot: -3729.348 | L2 Loss test: 0.065
Step 82500 | L2 Loss: -7018.075 | KLD Loss: 96.354 | L2 Loss_1: 797.000 | L2 Loss_2: 7815.074 | loss_tot: -3414.733 | L2 Loss test: 0.037
Step 83000 | L2 Loss: -6725.461 | KLD Loss: 88.227 | L2 Loss_1: 781.262 | L2 Loss_2: 7506.723 | loss_tot: -3270.714 | L2 Loss test: 0.440
Step 83500 | L2 Loss: -7719.261 | KLD Loss: 69.385 | L2 Loss_1: 796.387 | L2 Loss_2: 8515.648 | loss_tot: -3790.139 | L2 Loss test: 0.142
Step 84000 | L2 Loss: -7275.327 | KLD Loss: 74.675 | L2 Loss_1: 1009.735 | L2 Loss_2: 8285.062 | loss_tot: -3560.204 | L2 Loss test: 0.103
Step 84500 | L2 Loss: -7832.437 | KLD Loss: 59.433 | L2 Loss_1: 767.017 | L2 Loss_2: 8599.453 | loss_tot: -3860.439 | L2 Loss test: 0.298
Step 85000 | L2 Loss: -6784.045 | KLD Loss: 92.140 | L2 Loss_1: 777.496 | L2 Loss_2: 7561.541 | loss_tot: -3302.180 | L2 Loss test: 0.236
/scratch_net/bmicdl03/jonatank/logs/ddp/vae/FLAIR20201016-113444/jonatank_lat60_ns50_ps28_modalityFLAIR_step85000.ckpt
Step 85500 | L2 Loss: -6646.721 | KLD Loss: 94.773 | L2 Loss_1: 780.432 | L2 Loss_2: 7427.152 | loss_tot: -3228.781 | L2 Loss test: 0.043
Step 86000 | L2 Loss: -6425.109 | KLD Loss: 84.389 | L2 Loss_1: 777.084 | L2 Loss_2: 7202.193 | loss_tot: -3126.126 | L2 Loss test: 0.188
Step 86500 | L2 Loss: -7458.934 | KLD Loss: 70.389 | L2 Loss_1: 871.596 | L2 Loss_2: 8330.529 | loss_tot: -3661.674 | L2 Loss test: 0.038
Step 87000 | L2 Loss: -6598.132 | KLD Loss: 99.961 | L2 Loss_1: 808.712 | L2 Loss_2: 7406.845 | loss_tot: -3197.219 | L2 Loss test: 0.097
Step 87500 | L2 Loss: -6634.765 | KLD Loss: 92.647 | L2 Loss_1: 826.355 | L2 Loss_2: 7461.120 | loss_tot: -3224.915 | L2 Loss test: 0.039
Step 88000 | L2 Loss: -7566.916 | KLD Loss: 67.275 | L2 Loss_1: 806.590 | L2 Loss_2: 8373.506 | loss_tot: -3717.461 | L2 Loss test: 0.128
Step 88500 | L2 Loss: -7540.010 | KLD Loss: 74.236 | L2 Loss_1: 798.409 | L2 Loss_2: 8338.419 | loss_tot: -3695.125 | L2 Loss test: 0.041
Step 89000 | L2 Loss: -7860.693 | KLD Loss: 63.064 | L2 Loss_1: 628.804 | L2 Loss_2: 8489.498 | loss_tot: -3868.967 | L2 Loss test: 0.038
Step 89500 | L2 Loss: -6829.386 | KLD Loss: 84.285 | L2 Loss_1: 773.836 | L2 Loss_2: 7603.222 | loss_tot: -3325.822 | L2 Loss test: 0.140
Step 90000 | L2 Loss: -7511.219 | KLD Loss: 72.642 | L2 Loss_1: 786.590 | L2 Loss_2: 8297.809 | loss_tot: -3683.777 | L2 Loss test: 0.102
/scratch_net/bmicdl03/jonatank/logs/ddp/vae/FLAIR20201016-113444/jonatank_lat60_ns50_ps28_modalityFLAIR_step90000.ckpt
Step 90500 | L2 Loss: -7602.336 | KLD Loss: 74.963 | L2 Loss_1: 755.384 | L2 Loss_2: 8357.721 | loss_tot: -3725.573 | L2 Loss test: 0.056
Step 91000 | L2 Loss: -6831.263 | KLD Loss: 92.363 | L2 Loss_1: 837.408 | L2 Loss_2: 7668.671 | loss_tot: -3320.078 | L2 Loss test: 0.031
Step 91500 | L2 Loss: -7768.996 | KLD Loss: 61.819 | L2 Loss_1: 764.185 | L2 Loss_2: 8533.181 | loss_tot: -3824.898 | L2 Loss test: 0.017
Step 92000 | L2 Loss: -6737.330 | KLD Loss: 100.685 | L2 Loss_1: 826.707 | L2 Loss_2: 7564.037 | loss_tot: -3264.878 | L2 Loss test: 0.057
Step 92500 | L2 Loss: -7536.732 | KLD Loss: 74.099 | L2 Loss_1: 786.971 | L2 Loss_2: 8323.703 | loss_tot: -3696.789 | L2 Loss test: 0.183
Step 93000 | L2 Loss: -8096.011 | KLD Loss: 48.051 | L2 Loss_1: 702.183 | L2 Loss_2: 8798.194 | loss_tot: -4001.751 | L2 Loss test: 0.083
Step 93500 | L2 Loss: -7216.392 | KLD Loss: 79.074 | L2 Loss_1: 823.353 | L2 Loss_2: 8039.745 | loss_tot: -3531.018 | L2 Loss test: 0.111
Step 94000 | L2 Loss: -7608.683 | KLD Loss: 73.533 | L2 Loss_1: 781.470 | L2 Loss_2: 8390.152 | loss_tot: -3730.855 | L2 Loss test: 0.066
Step 94500 | L2 Loss: -7572.018 | KLD Loss: 72.377 | L2 Loss_1: 722.581 | L2 Loss_2: 8294.599 | loss_tot: -3716.546 | L2 Loss test: 0.265
Step 95000 | L2 Loss: -6735.191 | KLD Loss: 94.493 | L2 Loss_1: 790.424 | L2 Loss_2: 7525.615 | loss_tot: -3272.245 | L2 Loss test: 0.118
/scratch_net/bmicdl03/jonatank/logs/ddp/vae/FLAIR20201016-113444/jonatank_lat60_ns50_ps28_modalityFLAIR_step95000.ckpt
Step 95500 | L2 Loss: -7832.500 | KLD Loss: 55.747 | L2 Loss_1: 852.758 | L2 Loss_2: 8685.258 | loss_tot: -3858.395 | L2 Loss test: 0.115
Step 96000 | L2 Loss: -6738.991 | KLD Loss: 94.378 | L2 Loss_1: 795.211 | L2 Loss_2: 7534.201 | loss_tot: -3272.909 | L2 Loss test: 0.050
Step 96500 | L2 Loss: -7617.761 | KLD Loss: 71.162 | L2 Loss_1: 736.616 | L2 Loss_2: 8354.376 | loss_tot: -3735.454 | L2 Loss test: 0.067
Step 97000 | L2 Loss: -7053.554 | KLD Loss: 77.999 | L2 Loss_1: 671.835 | L2 Loss_2: 7725.389 | loss_tot: -3448.161 | L2 Loss test: 0.153
Step 97500 | L2 Loss: -6273.761 | KLD Loss: 100.919 | L2 Loss_1: 667.803 | L2 Loss_2: 6941.564 | loss_tot: -3035.804 | L2 Loss test: 0.143
Step 98000 | L2 Loss: -6814.358 | KLD Loss: 88.072 | L2 Loss_1: 784.208 | L2 Loss_2: 7598.566 | loss_tot: -3319.555 | L2 Loss test: 0.075
Step 98500 | L2 Loss: -7697.600 | KLD Loss: 64.317 | L2 Loss_1: 737.045 | L2 Loss_2: 8434.645 | loss_tot: -3785.136 | L2 Loss test: 0.052
Step 99000 | L2 Loss: -8076.664 | KLD Loss: 57.018 | L2 Loss_1: 775.367 | L2 Loss_2: 8852.031 | loss_tot: -3982.348 | L2 Loss test: 0.054
Step 99500 | L2 Loss: -7882.174 | KLD Loss: 64.940 | L2 Loss_1: 762.159 | L2 Loss_2: 8644.333 | loss_tot: -3878.737 | L2 Loss test: 0.053
Step 100000 | L2 Loss: -6829.744 | KLD Loss: 101.816 | L2 Loss_1: 782.706 | L2 Loss_2: 7612.450 | loss_tot: -3314.295 | L2 Loss test: 0.035
/scratch_net/bmicdl03/jonatank/logs/ddp/vae/FLAIR20201016-113444/jonatank_lat60_ns50_ps28_modalityFLAIR_step100000.ckpt
elapsed time: 11545.356782
